2026-03-26 17:47:20,024:hal4000:INFO:  processed,3,core,start
2026-03-26 17:47:20,103:hal4000:INFO:message:
2026-03-26 17:47:20,103:hal4000:INFO:  sent,58,hal,change directory
2026-03-26 17:47:20,135:hal4000:INFO:message:
2026-03-26 17:47:20,135:hal4000:INFO:  handled by,58,hal,change directory
2026-03-26 17:47:20,135:hal4000:INFO:message:
2026-03-26 17:47:20,135:hal4000:INFO:  handled by,58,aotf,change directory
2026-03-26 17:47:20,135:hal4000:INFO:message:
2026-03-26 17:47:20,136:hal4000:INFO:  handled by,58,camera1,change directory
2026-03-26 17:47:20,136:hal4000:INFO:message:
2026-03-26 17:47:20,136:hal4000:INFO:  handled by,58,clemex_stage,change directory
2026-03-26 17:47:20,136:hal4000:INFO:message:
2026-03-26 17:47:20,136:hal4000:INFO:  handled by,58,coherentGenesis488,change directory
2026-03-26 17:47:20,137:hal4000:INFO:message:
2026-03-26 17:47:20,137:hal4000:INFO:  handled by,58,coherentGenesis560,change directory
2026-03-26 17:47:20,137:hal4000:INFO:message:
2026-03-26 17:47:20,137:hal4000:INFO:  handled by,58,display,change directory
2026-03-26 17:47:20,137:hal4000:INFO:message:
2026-03-26 17:47:20,137:hal4000:INFO:  handled by,58,feeds,change directory
2026-03-26 17:47:20,138:hal4000:INFO:message:
2026-03-26 17:47:20,138:hal4000:INFO:  handled by,58,film,change directory
2026-03-26 17:47:20,138:hal4000:INFO:message:
2026-03-26 17:47:20,138:hal4000:INFO:  handled by,58,focuslock,change directory
2026-03-26 17:47:20,139:hal4000:INFO:message:
2026-03-26 17:47:20,139:hal4000:INFO:  handled by,58,illumination,change directory
2026-03-26 17:47:20,139:hal4000:INFO:message:
2026-03-26 17:47:20,139:hal4000:INFO:  handled by,58,mosaic,change directory
2026-03-26 17:47:20,139:hal4000:INFO:message:
2026-03-26 17:47:20,139:hal4000:INFO:  handled by,58,mpb642,change directory
2026-03-26 17:47:20,139:hal4000:INFO:message:
2026-03-26 17:47:20,140:hal4000:INFO:  handled by,58,none_irlaser,change directory
2026-03-26 17:47:20,140:hal4000:INFO:message:
2026-03-26 17:47:20,140:hal4000:INFO:  handled by,58,obis405,change directory
2026-03-26 17:47:20,140:hal4000:INFO:message:
2026-03-26 17:47:20,140:hal4000:INFO:  handled by,58,pi_controller,change directory
2026-03-26 17:47:20,140:hal4000:INFO:message:
2026-03-26 17:47:20,141:hal4000:INFO:  handled by,58,progressions,change directory
2026-03-26 17:47:20,141:hal4000:INFO:message:
2026-03-26 17:47:20,141:hal4000:INFO:  handled by,58,scmos_cal,change directory
2026-03-26 17:47:20,141:hal4000:INFO:message:
2026-03-26 17:47:20,141:hal4000:INFO:  handled by,58,settings,change directory
2026-03-26 17:47:20,142:hal4000:INFO:message:
2026-03-26 17:47:20,142:hal4000:INFO:  handled by,58,spotcounter,change directory
2026-03-26 17:47:20,142:hal4000:INFO:message:
2026-03-26 17:47:20,142:hal4000:INFO:  handled by,58,stage,change directory
2026-03-26 17:47:20,142:hal4000:INFO:message:
2026-03-26 17:47:20,142:hal4000:INFO:  handled by,58,tcp_control,change directory
2026-03-26 17:47:20,142:hal4000:INFO:message:
2026-03-26 17:47:20,143:hal4000:INFO:  handled by,58,timing,change directory
2026-03-26 17:47:20,143:hal4000:INFO:message:
2026-03-26 17:47:20,143:hal4000:INFO:  handled by,58,uc480_camera,change directory
2026-03-26 17:47:20,143:hal4000:INFO:message:
2026-03-26 17:47:20,143:hal4000:INFO:  handled by,58,z_stage,change directory
2026-03-26 17:47:20,143:hal4000:INFO:message:
2026-03-26 17:47:20,144:hal4000:INFO:  processed,58,hal,change directory
2026-03-26 17:47:20,144:hal4000:INFO:message:
2026-03-26 17:47:20,144:hal4000:INFO:  sent,59,display,get functionality
2026-03-26 17:47:20,145:hal4000:INFO:message:
2026-03-26 17:47:20,145:hal4000:INFO:  handled by,59,hal,get functionality
2026-03-26 17:47:20,146:hal4000:INFO:message:
2026-03-26 17:47:20,146:hal4000:INFO:  handled by,59,aotf,get functionality
2026-03-26 17:47:20,146:hal4000:INFO:message:
2026-03-26 17:47:20,146:hal4000:INFO:  handled by,59,camera1,get functionality
2026-03-26 17:47:20,146:hal4000:INFO:message:
2026-03-26 17:47:20,146:hal4000:INFO:  handled by,59,clemex_stage,get functionality
2026-03-26 17:47:20,147:hal4000:INFO:message:
2026-03-26 17:47:20,147:hal4000:INFO:  handled by,59,coherentGenesis488,get functionality
2026-03-26 17:47:20,147:hal4000:INFO:message:
2026-03-26 17:47:20,147:hal4000:INFO:  handled by,59,coherentGenesis560,get functionality
2026-03-26 17:47:20,147:hal4000:INFO:message:
2026-03-26 17:47:20,147:hal4000:INFO:  handled by,59,display,get functionality
2026-03-26 17:47:20,148:hal4000:INFO:message:
2026-03-26 17:47:20,148:hal4000:INFO:  handled by,59,feeds,get functionality
2026-03-26 17:47:20,148:hal4000:INFO:message:
2026-03-26 17:47:20,148:hal4000:INFO:  handled by,59,film,get functionality
2026-03-26 17:47:20,148:hal4000:INFO:message:
2026-03-26 17:47:20,148:hal4000:INFO:  handled by,59,focuslock,get functionality
2026-03-26 17:47:20,148:hal4000:INFO:message:
2026-03-26 17:47:20,149:hal4000:INFO:  handled by,59,illumination,get functionality
2026-03-26 17:47:20,149:hal4000:INFO:message:
2026-03-26 17:47:20,149:hal4000:INFO:  handled by,59,mosaic,get functionality
2026-03-26 17:47:20,149:hal4000:INFO:message:
2026-03-26 17:47:20,149:hal4000:INFO:  handled by,59,mpb642,get functionality
2026-03-26 17:47:20,149:hal4000:INFO:message:
2026-03-26 17:47:20,149:hal4000:INFO:  handled by,59,none_irlaser,get functionality
2026-03-26 17:47:20,150:hal4000:INFO:message:
2026-03-26 17:47:20,150:hal4000:INFO:  handled by,59,obis405,get functionality
2026-03-26 17:47:20,150:hal4000:INFO:message:
2026-03-26 17:47:20,150:hal4000:INFO:  handled by,59,pi_controller,get functionality
2026-03-26 17:47:20,150:hal4000:INFO:message:
2026-03-26 17:47:20,150:hal4000:INFO:  handled by,59,progressions,get functionality
2026-03-26 17:47:20,151:hal4000:INFO:message:
2026-03-26 17:47:20,151:hal4000:INFO:  handled by,59,scmos_cal,get functionality
2026-03-26 17:47:20,151:hal4000:INFO:message:
2026-03-26 17:47:20,151:hal4000:INFO:  handled by,59,settings,get functionality
2026-03-26 17:47:20,151:hal4000:INFO:message:
2026-03-26 17:47:20,152:hal4000:INFO:  handled by,59,spotcounter,get functionality
2026-03-26 17:47:20,152:hal4000:INFO:message:
2026-03-26 17:47:20,152:hal4000:INFO:  handled by,59,stage,get functionality
2026-03-26 17:47:20,152:hal4000:INFO:message:
2026-03-26 17:47:20,152:hal4000:INFO:  handled by,59,tcp_control,get functionality
2026-03-26 17:47:20,152:hal4000:INFO:message:
2026-03-26 17:47:20,153:hal4000:INFO:  handled by,59,timing,get functionality
2026-03-26 17:47:20,153:hal4000:INFO:message:
2026-03-26 17:47:20,153:hal4000:INFO:  handled by,59,uc480_camera,get functionality
2026-03-26 17:47:20,153:hal4000:INFO:message:
2026-03-26 17:47:20,153:hal4000:INFO:  handled by,59,z_stage,get functionality
2026-03-26 17:47:20,153:hal4000:INFO:message:
2026-03-26 17:47:20,154:hal4000:INFO:  processed,59,display,get functionality
2026-03-26 17:47:20,157:hal4000:INFO:message:
2026-03-26 17:47:20,157:hal4000:INFO:  sent,60,film,start camera
2026-03-26 17:47:20,167:hal4000:INFO:message:
2026-03-26 17:47:20,167:hal4000:INFO:  handled by,60,hal,start camera
2026-03-26 17:47:20,167:hal4000:INFO:message:
2026-03-26 17:47:20,168:hal4000:INFO:  handled by,60,aotf,start camera
2026-03-26 17:47:20,168:hal4000:INFO:message:
2026-03-26 17:47:20,168:hal4000:INFO:  handled by,60,camera1,start camera
2026-03-26 17:47:20,168:hal4000:INFO:message:
2026-03-26 17:47:20,169:hal4000:INFO:  handled by,60,clemex_stage,start camera
2026-03-26 17:47:20,169:hal4000:INFO:message:
2026-03-26 17:47:20,169:hal4000:INFO:  handled by,60,coherentGenesis488,start camera
2026-03-26 17:47:20,169:hal4000:INFO:message:
2026-03-26 17:47:20,169:hal4000:INFO:  handled by,60,coherentGenesis560,start camera
2026-03-26 17:47:20,169:hal4000:INFO:message:
2026-03-26 17:47:20,170:hal4000:INFO:  handled by,60,display,start camera
2026-03-26 17:47:20,170:hal4000:INFO:message:
2026-03-26 17:47:20,170:hal4000:INFO:  handled by,60,feeds,start camera
2026-03-26 17:47:20,170:hal4000:INFO:message:
2026-03-26 17:47:20,170:hal4000:INFO:  handled by,60,film,start camera
2026-03-26 17:47:20,171:hal4000:INFO:message:
2026-03-26 17:47:20,171:hal4000:INFO:  handled by,60,focuslock,start camera
2026-03-26 17:47:20,171:hal4000:INFO:message:
2026-03-26 17:47:20,171:hal4000:INFO:  handled by,60,illumination,start camera
2026-03-26 17:47:20,172:hal4000:INFO:message:
2026-03-26 17:47:20,172:hal4000:INFO:  handled by,60,mosaic,start camera
2026-03-26 17:47:20,172:hal4000:INFO:message:
2026-03-26 17:47:20,172:hal4000:INFO:  handled by,60,mpb642,start camera
2026-03-26 17:47:20,172:hal4000:INFO:message:
2026-03-26 17:47:20,173:hal4000:INFO:  handled by,60,none_irlaser,start camera
2026-03-26 17:47:20,173:hal4000:INFO:message:
2026-03-26 17:47:20,173:hal4000:INFO:  handled by,60,obis405,start camera
2026-03-26 17:47:20,173:hal4000:INFO:message:
2026-03-26 17:47:20,173:hal4000:INFO:  handled by,60,pi_controller,start camera
2026-03-26 17:47:20,174:hal4000:INFO:message:
2026-03-26 17:47:20,174:hal4000:INFO:  handled by,60,progressions,start camera
2026-03-26 17:47:20,174:hal4000:INFO:message:
2026-03-26 17:47:20,174:hal4000:INFO:  handled by,60,scmos_cal,start camera
2026-03-26 17:47:20,174:hal4000:INFO:message:
2026-03-26 17:47:20,175:hal4000:INFO:  handled by,60,settings,start camera
2026-03-26 17:47:20,175:hal4000:INFO:message:
2026-03-26 17:47:20,175:hal4000:INFO:  handled by,60,spotcounter,start camera
2026-03-26 17:47:20,176:hal4000:INFO:message:
2026-03-26 17:47:20,176:hal4000:INFO:  handled by,60,stage,start camera
2026-03-26 17:47:20,176:hal4000:INFO:message:
2026-03-26 17:47:20,176:hal4000:INFO:  handled by,60,tcp_control,start camera
2026-03-26 17:47:20,176:hal4000:INFO:message:
2026-03-26 17:47:20,177:hal4000:INFO:  handled by,60,timing,start camera
2026-03-26 17:47:20,177:hal4000:INFO:message:
2026-03-26 17:47:20,177:hal4000:INFO:  handled by,60,uc480_camera,start camera
2026-03-26 17:47:20,177:hal4000:INFO:message:
2026-03-26 17:47:20,177:hal4000:INFO:  handled by,60,z_stage,start camera
2026-03-26 17:47:20,178:hal4000:INFO:message:
2026-03-26 17:47:20,178:hal4000:INFO:  processed,60,film,start camera
2026-03-26 17:47:20,181:hal4000:INFO:message:
2026-03-26 17:47:20,181:hal4000:INFO:  sent,62,film,start camera
2026-03-26 17:47:20,182:hal4000:INFO:message:
2026-03-26 17:47:20,182:hal4000:INFO:  handled by,62,hal,start camera
2026-03-26 17:47:20,183:hal4000:INFO:message:
2026-03-26 17:47:20,183:hal4000:INFO:  handled by,62,aotf,start camera
2026-03-26 17:47:20,183:hal4000:INFO:message:
2026-03-26 17:47:20,184:hal4000:INFO:  handled by,62,camera1,start camera
2026-03-26 17:47:20,184:hal4000:INFO:message:
2026-03-26 17:47:20,184:hal4000:INFO:  handled by,62,clemex_stage,start camera
2026-03-26 17:47:20,185:hal4000:INFO:message:
2026-03-26 17:47:20,185:hal4000:INFO:  handled by,62,coherentGenesis488,start camera
2026-03-26 17:47:20,185:hal4000:INFO:message:
2026-03-26 17:47:20,185:hal4000:INFO:  handled by,62,coherentGenesis560,start camera
2026-03-26 17:47:20,186:hal4000:INFO:message:
2026-03-26 17:47:20,186:hal4000:INFO:  handled by,62,display,start camera
2026-03-26 17:47:20,186:hal4000:INFO:message:
2026-03-26 17:47:20,186:hal4000:INFO:  handled by,62,feeds,start camera
2026-03-26 17:47:20,190:hal4000:INFO:message:
2026-03-26 17:47:20,190:hal4000:INFO:  handled by,62,film,start camera
2026-03-26 17:47:20,190:hal4000:INFO:message:
2026-03-26 17:47:20,191:hal4000:INFO:  handled by,62,focuslock,start camera
2026-03-26 17:47:20,191:hal4000:INFO:message:
2026-03-26 17:47:20,191:hal4000:INFO:  handled by,62,illumination,start camera
2026-03-26 17:47:20,191:hal4000:INFO:message:
2026-03-26 17:47:20,191:hal4000:INFO:  handled by,62,mosaic,start camera
2026-03-26 17:47:20,192:hal4000:INFO:message:
2026-03-26 17:47:20,192:hal4000:INFO:  handled by,62,mpb642,start camera
2026-03-26 17:47:20,192:hal4000:INFO:message:
2026-03-26 17:47:20,192:hal4000:INFO:  handled by,62,none_irlaser,start camera
2026-03-26 17:47:20,193:hal4000:INFO:message:
2026-03-26 17:47:20,193:hal4000:INFO:  handled by,62,obis405,start camera
2026-03-26 17:47:20,193:hal4000:INFO:message:
2026-03-26 17:47:20,193:hal4000:INFO:  handled by,62,pi_controller,start camera
2026-03-26 17:47:20,193:hal4000:INFO:message:
2026-03-26 17:47:20,194:hal4000:INFO:  handled by,62,progressions,start camera
2026-03-26 17:47:20,194:hal4000:INFO:message:
2026-03-26 17:47:20,194:hal4000:INFO:  handled by,62,scmos_cal,start camera
2026-03-26 17:47:20,194:hal4000:INFO:message:
2026-03-26 17:47:20,194:hal4000:INFO:  handled by,62,settings,start camera
2026-03-26 17:47:20,195:hal4000:INFO:message:
2026-03-26 17:47:20,195:hal4000:INFO:  handled by,62,spotcounter,start camera
2026-03-26 17:47:20,195:hal4000:INFO:message:
2026-03-26 17:47:20,195:hal4000:INFO:  handled by,62,stage,start camera
2026-03-26 17:47:20,195:hal4000:INFO:message:
2026-03-26 17:47:20,196:hal4000:INFO:  handled by,62,tcp_control,start camera
2026-03-26 17:47:20,196:hal4000:INFO:message:
2026-03-26 17:47:20,196:hal4000:INFO:  handled by,62,timing,start camera
2026-03-26 17:47:20,197:hal4000:INFO:message:
2026-03-26 17:47:20,197:hal4000:INFO:  handled by,62,uc480_camera,start camera
2026-03-26 17:47:20,197:hal4000:INFO:message:
2026-03-26 17:47:20,197:hal4000:INFO:  handled by,62,z_stage,start camera
2026-03-26 17:47:20,198:hal4000:INFO:message:
2026-03-26 17:47:20,198:hal4000:INFO:  sent,63,illumination,new shutters file
2026-03-26 17:47:20,198:hal4000:INFO:message:
2026-03-26 17:47:20,199:hal4000:INFO:  worker started 60000,62,film,start camera
2026-03-26 17:47:20,199:hal4000:INFO:message:
2026-03-26 17:47:20,199:hal4000:INFO:  handled by,63,hal,new shutters file
2026-03-26 17:47:20,199:hal4000:INFO:message:
2026-03-26 17:47:20,200:hal4000:INFO:  handled by,63,aotf,new shutters file
2026-03-26 17:47:20,200:hal4000:INFO:message:
2026-03-26 17:47:20,200:hal4000:INFO:  handled by,63,clemex_stage,new shutters file
2026-03-26 17:47:20,200:hal4000:INFO:message:
2026-03-26 17:47:20,200:hal4000:INFO:  handled by,63,coherentGenesis488,new shutters file
2026-03-26 17:47:20,201:hal4000:INFO:message:
2026-03-26 17:47:20,201:hal4000:INFO:  handled by,63,coherentGenesis560,new shutters file
2026-03-26 17:47:20,201:hal4000:INFO:message:
2026-03-26 17:47:20,201:hal4000:INFO:  handled by,63,display,new shutters file
2026-03-26 17:47:20,201:hal4000:INFO:message:
2026-03-26 17:47:20,202:hal4000:INFO:  handled by,63,feeds,new shutters file
2026-03-26 17:47:20,202:hal4000:INFO:message:
2026-03-26 17:47:20,202:hal4000:INFO:  handled by,63,film,new shutters file
2026-03-26 17:47:20,203:hal4000:INFO:message:
2026-03-26 17:47:20,203:hal4000:INFO:  handled by,63,focuslock,new shutters file
2026-03-26 17:47:20,204:hal4000:INFO:message:
2026-03-26 17:47:20,204:hal4000:INFO:  queued,65,illumination,configuration
2026-03-26 17:47:20,204:hal4000:INFO:message:
2026-03-26 17:47:20,204:hal4000:INFO:  handled by,63,illumination,new shutters file
2026-03-26 17:47:20,205:hal4000:INFO:message:
2026-03-26 17:47:20,205:hal4000:INFO:  handled by,63,mosaic,new shutters file
2026-03-26 17:47:20,205:hal4000:INFO:message:
2026-03-26 17:47:20,205:hal4000:INFO:  handled by,63,mpb642,new shutters file
2026-03-26 17:47:20,206:hal4000:INFO:message:
2026-03-26 17:47:20,206:hal4000:INFO:  handled by,63,none_irlaser,new shutters file
2026-03-26 17:47:20,206:hal4000:INFO:message:
2026-03-26 17:47:20,206:hal4000:INFO:  handled by,63,obis405,new shutters file
2026-03-26 17:47:20,207:hal4000:INFO:message:
2026-03-26 17:47:20,207:hal4000:INFO:  handled by,63,pi_controller,new shutters file
2026-03-26 17:47:20,207:hal4000:INFO:message:
2026-03-26 17:47:20,207:hal4000:INFO:  handled by,63,progressions,new shutters file
2026-03-26 17:47:20,207:hal4000:INFO:message:
2026-03-26 17:47:20,208:hal4000:INFO:  handled by,63,scmos_cal,new shutters file
2026-03-26 17:47:20,208:hal4000:INFO:message:
2026-03-26 17:47:20,208:hal4000:INFO:  handled by,63,settings,new shutters file
2026-03-26 17:47:20,208:hal4000:INFO:message:
2026-03-26 17:47:20,208:hal4000:INFO:  handled by,63,spotcounter,new shutters file
2026-03-26 17:47:20,209:hal4000:INFO:message:
2026-03-26 17:47:20,209:hal4000:INFO:  handled by,63,stage,new shutters file
2026-03-26 17:47:20,209:hal4000:INFO:message:
2026-03-26 17:47:20,210:hal4000:INFO:  handled by,63,tcp_control,new shutters file
2026-03-26 17:47:20,210:hal4000:INFO:message:
2026-03-26 17:47:20,210:hal4000:INFO:  handled by,63,timing,new shutters file
2026-03-26 17:47:20,210:hal4000:INFO:message:
2026-03-26 17:47:20,210:hal4000:INFO:  handled by,63,uc480_camera,new shutters file
2026-03-26 17:47:20,211:hal4000:INFO:message:
2026-03-26 17:47:20,211:hal4000:INFO:  handled by,63,z_stage,new shutters file
2026-03-26 17:47:20,211:hal4000:INFO:message:
2026-03-26 17:47:20,211:hal4000:INFO:  sent,64,spotcounter,get functionality
2026-03-26 17:47:20,212:hal4000:INFO:message:
2026-03-26 17:47:20,212:hal4000:INFO:  handled by,64,hal,get functionality
2026-03-26 17:47:20,212:hal4000:INFO:message:
2026-03-26 17:47:20,213:hal4000:INFO:  handled by,64,aotf,get functionality
2026-03-26 17:47:20,213:hal4000:INFO:message:
2026-03-26 17:47:20,213:hal4000:INFO:  handled by,64,clemex_stage,get functionality
2026-03-26 17:47:20,213:hal4000:INFO:message:
2026-03-26 17:47:20,214:hal4000:INFO:  handled by,64,coherentGenesis488,get functionality
2026-03-26 17:47:20,214:hal4000:INFO:message:
2026-03-26 17:47:20,214:hal4000:INFO:  handled by,64,coherentGenesis560,get functionality
2026-03-26 17:47:20,215:hal4000:INFO:message:
2026-03-26 17:47:20,215:hal4000:INFO:  handled by,64,display,get functionality
2026-03-26 17:47:20,215:hal4000:INFO:message:
2026-03-26 17:47:20,215:hal4000:INFO:  handled by,64,feeds,get functionality
2026-03-26 17:47:20,215:hal4000:INFO:message:
2026-03-26 17:47:20,216:hal4000:INFO:  handled by,64,film,get functionality
2026-03-26 17:47:20,216:hal4000:INFO:message:
2026-03-26 17:47:20,216:hal4000:INFO:  handled by,64,focuslock,get functionality
2026-03-26 17:47:20,216:hal4000:INFO:message:
2026-03-26 17:47:20,216:hal4000:INFO:  handled by,64,illumination,get functionality
2026-03-26 17:47:20,217:hal4000:INFO:message:
2026-03-26 17:47:20,217:hal4000:INFO:  handled by,64,mosaic,get functionality
2026-03-26 17:47:20,217:hal4000:INFO:message:
2026-03-26 17:47:20,217:hal4000:INFO:  handled by,64,mpb642,get functionality
2026-03-26 17:47:20,218:hal4000:INFO:message:
2026-03-26 17:47:20,218:hal4000:INFO:  handled by,64,none_irlaser,get functionality
2026-03-26 17:47:20,218:hal4000:INFO:message:
2026-03-26 17:47:20,218:hal4000:INFO:  handled by,64,obis405,get functionality
2026-03-26 17:47:20,219:hal4000:INFO:message:
2026-03-26 17:47:20,219:hal4000:INFO:  handled by,64,pi_controller,get functionality
2026-03-26 17:47:20,219:hal4000:INFO:message:
2026-03-26 17:47:20,219:hal4000:INFO:  handled by,64,progressions,get functionality
2026-03-26 17:47:20,219:hal4000:INFO:message:
2026-03-26 17:47:20,220:hal4000:INFO:  handled by,64,scmos_cal,get functionality
2026-03-26 17:47:20,220:hal4000:INFO:message:
2026-03-26 17:47:20,221:hal4000:INFO:  handled by,64,settings,get functionality
2026-03-26 17:47:20,221:hal4000:INFO:message:
2026-03-26 17:47:20,221:hal4000:INFO:  handled by,64,spotcounter,get functionality
2026-03-26 17:47:20,221:hal4000:INFO:message:
2026-03-26 17:47:20,221:hal4000:INFO:  handled by,64,stage,get functionality
2026-03-26 17:47:20,222:hal4000:INFO:message:
2026-03-26 17:47:20,222:hal4000:INFO:  handled by,64,tcp_control,get functionality
2026-03-26 17:47:20,222:hal4000:INFO:message:
2026-03-26 17:47:20,222:hal4000:INFO:  handled by,64,timing,get functionality
2026-03-26 17:47:20,223:hal4000:INFO:message:
2026-03-26 17:47:20,223:hal4000:INFO:  handled by,64,uc480_camera,get functionality
2026-03-26 17:47:20,223:hal4000:INFO:message:
2026-03-26 17:47:20,223:hal4000:INFO:  handled by,64,z_stage,get functionality
2026-03-26 17:47:20,224:hal4000:INFO:message:
2026-03-26 17:47:20,224:hal4000:INFO:  sent,65,illumination,configuration
2026-03-26 17:47:20,226:hal4000:INFO:message:
2026-03-26 17:47:20,227:hal4000:INFO:  handled by,65,hal,configuration
2026-03-26 17:47:20,227:hal4000:INFO:message:
2026-03-26 17:47:20,227:hal4000:INFO:  handled by,65,aotf,configuration
2026-03-26 17:47:20,227:hal4000:INFO:message:
2026-03-26 17:47:20,228:hal4000:INFO:  handled by,65,clemex_stage,configuration
2026-03-26 17:47:20,228:hal4000:INFO:message:
2026-03-26 17:47:20,228:hal4000:INFO:  handled by,65,coherentGenesis488,configuration
2026-03-26 17:47:20,228:hal4000:INFO:message:
2026-03-26 17:47:20,229:hal4000:INFO:  handled by,65,coherentGenesis560,configuration
2026-03-26 17:47:20,229:hal4000:INFO:message:
2026-03-26 17:47:20,229:hal4000:INFO:  handled by,65,display,configuration
2026-03-26 17:47:20,229:hal4000:INFO:message:
2026-03-26 17:47:20,230:hal4000:INFO:  handled by,65,feeds,configuration
2026-03-26 17:47:20,230:hal4000:INFO:message:
2026-03-26 17:47:20,230:hal4000:INFO:  handled by,65,film,configuration
2026-03-26 17:47:20,230:hal4000:INFO:message:
2026-03-26 17:47:20,230:hal4000:INFO:  handled by,65,focuslock,configuration
2026-03-26 17:47:20,231:hal4000:INFO:message:
2026-03-26 17:47:20,231:hal4000:INFO:  handled by,65,illumination,configuration
2026-03-26 17:47:20,231:hal4000:INFO:message:
2026-03-26 17:47:20,231:hal4000:INFO:  handled by,65,mosaic,configuration
2026-03-26 17:47:20,231:hal4000:INFO:message:
2026-03-26 17:47:20,232:hal4000:INFO:  handled by,65,mpb642,configuration
2026-03-26 17:47:20,232:hal4000:INFO:message:
2026-03-26 17:47:20,232:hal4000:INFO:  handled by,65,none_irlaser,configuration
2026-03-26 17:47:20,233:hal4000:INFO:message:
2026-03-26 17:47:20,233:hal4000:INFO:  handled by,65,obis405,configuration
2026-03-26 17:47:20,233:hal4000:INFO:message:
2026-03-26 17:47:20,234:hal4000:INFO:  handled by,65,pi_controller,configuration
2026-03-26 17:47:20,234:hal4000:INFO:message:
2026-03-26 17:47:20,234:hal4000:INFO:  handled by,65,progressions,configuration
2026-03-26 17:47:20,234:hal4000:INFO:message:
2026-03-26 17:47:20,234:hal4000:INFO:  handled by,65,scmos_cal,configuration
2026-03-26 17:47:20,234:hal4000:INFO:message:
2026-03-26 17:47:20,235:hal4000:INFO:  handled by,65,settings,configuration
2026-03-26 17:47:20,235:hal4000:INFO:message:
2026-03-26 17:47:20,235:hal4000:INFO:  handled by,65,spotcounter,configuration
2026-03-26 17:47:20,235:hal4000:INFO:message:
2026-03-26 17:47:20,235:hal4000:INFO:  handled by,65,stage,configuration
2026-03-26 17:47:20,235:hal4000:INFO:message:
2026-03-26 17:47:20,235:hal4000:INFO:  handled by,65,tcp_control,configuration
2026-03-26 17:47:20,236:hal4000:INFO:message:
2026-03-26 17:47:20,236:hal4000:INFO:  handled by,65,timing,configuration
2026-03-26 17:47:20,236:hal4000:INFO:message:
2026-03-26 17:47:20,236:hal4000:INFO:  handled by,65,uc480_camera,configuration
2026-03-26 17:47:20,236:hal4000:INFO:message:
2026-03-26 17:47:20,236:hal4000:INFO:  handled by,65,z_stage,configuration
2026-03-26 17:47:20,526:hal4000:INFO:message:
2026-03-26 17:47:20,526:hal4000:INFO:  handled by,62,camera1,start camera
2026-03-26 17:47:20,527:hal4000:INFO:message:
2026-03-26 17:47:20,527:hal4000:INFO:  processed,62,film,start camera
2026-03-26 17:47:20,527:hal4000:INFO:message:
2026-03-26 17:47:20,527:hal4000:INFO:  worker done,62,film,start camera
2026-03-26 17:47:20,528:hal4000:INFO:message:
2026-03-26 17:47:20,528:hal4000:INFO:  handled by,63,camera1,new shutters file
2026-03-26 17:47:20,529:hal4000:INFO:message:
2026-03-26 17:47:20,529:hal4000:INFO:  processed,63,illumination,new shutters file
2026-03-26 17:47:20,529:hal4000:INFO:message:
2026-03-26 17:47:20,529:hal4000:INFO:  handled by,64,camera1,get functionality
2026-03-26 17:47:20,530:hal4000:INFO:message:
2026-03-26 17:47:20,530:hal4000:INFO:  processed,64,spotcounter,get functionality
2026-03-26 17:47:20,532:hal4000:INFO:message:
2026-03-26 17:47:20,532:hal4000:INFO:  handled by,65,camera1,configuration
2026-03-26 17:47:20,532:hal4000:INFO:message:
2026-03-26 17:47:20,533:hal4000:INFO:  processed,65,illumination,configuration
2026-03-26 17:49:25,025:hal4000:INFO:message:
2026-03-26 17:49:25,025:hal4000:INFO:  queued,66,hal,close event
