2026-03-26 11:56:41,846:hal4000:INFO:message:
2026-03-26 11:56:41,848:hal4000:INFO:  handled by,58,scmos_cal,get functionality
2026-03-26 11:56:41,848:hal4000:INFO:message:
2026-03-26 11:56:41,848:hal4000:INFO:  handled by,58,settings,get functionality
2026-03-26 11:56:41,848:hal4000:INFO:message:
2026-03-26 11:56:41,848:hal4000:INFO:  handled by,58,spotcounter,get functionality
2026-03-26 11:56:41,849:hal4000:INFO:message:
2026-03-26 11:56:41,849:hal4000:INFO:  handled by,58,stage,get functionality
2026-03-26 11:56:41,849:hal4000:INFO:message:
2026-03-26 11:56:41,849:hal4000:INFO:  handled by,58,tcp_control,get functionality
2026-03-26 11:56:41,849:hal4000:INFO:message:
2026-03-26 11:56:41,850:hal4000:INFO:  handled by,58,timing,get functionality
2026-03-26 11:56:41,850:hal4000:INFO:message:
2026-03-26 11:56:41,850:hal4000:INFO:  handled by,58,uc480_camera,get functionality
2026-03-26 11:56:41,850:hal4000:INFO:message:
2026-03-26 11:56:41,850:hal4000:INFO:  handled by,58,z_stage,get functionality
2026-03-26 11:56:41,850:hal4000:INFO:message:
2026-03-26 11:56:41,851:hal4000:INFO:  processed,58,display,get functionality
2026-03-26 11:56:41,853:hal4000:INFO:message:
2026-03-26 11:56:41,853:hal4000:INFO:  sent,59,film,start camera
2026-03-26 11:56:41,856:hal4000:INFO:message:
2026-03-26 11:56:41,856:hal4000:INFO:  handled by,59,hal,start camera
2026-03-26 11:56:41,856:hal4000:INFO:message:
2026-03-26 11:56:41,856:hal4000:INFO:  handled by,59,aotf,start camera
2026-03-26 11:56:41,856:hal4000:INFO:message:
2026-03-26 11:56:41,856:hal4000:INFO:  handled by,59,camera1,start camera
2026-03-26 11:56:41,857:hal4000:INFO:message:
2026-03-26 11:56:41,857:hal4000:INFO:  handled by,59,clemex_stage,start camera
2026-03-26 11:56:41,857:hal4000:INFO:message:
2026-03-26 11:56:41,857:hal4000:INFO:  handled by,59,coherentGenesis488,start camera
2026-03-26 11:56:41,857:hal4000:INFO:message:
2026-03-26 11:56:41,857:hal4000:INFO:  handled by,59,coherentGenesis560,start camera
2026-03-26 11:56:41,858:hal4000:INFO:message:
2026-03-26 11:56:41,858:hal4000:INFO:  handled by,59,display,start camera
2026-03-26 11:56:41,858:hal4000:INFO:message:
2026-03-26 11:56:41,858:hal4000:INFO:  handled by,59,feeds,start camera
2026-03-26 11:56:41,858:hal4000:INFO:message:
2026-03-26 11:56:41,858:hal4000:INFO:  handled by,59,film,start camera
2026-03-26 11:56:41,859:hal4000:INFO:message:
2026-03-26 11:56:41,859:hal4000:INFO:  handled by,59,focuslock,start camera
2026-03-26 11:56:41,859:hal4000:INFO:message:
2026-03-26 11:56:41,859:hal4000:INFO:  handled by,59,illumination,start camera
2026-03-26 11:56:41,859:hal4000:INFO:message:
2026-03-26 11:56:41,859:hal4000:INFO:  handled by,59,mosaic,start camera
2026-03-26 11:56:41,860:hal4000:INFO:message:
2026-03-26 11:56:41,860:hal4000:INFO:  handled by,59,mpb641,start camera
2026-03-26 11:56:41,860:hal4000:INFO:message:
2026-03-26 11:56:41,860:hal4000:INFO:  handled by,59,none_irlaser,start camera
2026-03-26 11:56:41,860:hal4000:INFO:message:
2026-03-26 11:56:41,860:hal4000:INFO:  handled by,59,pi_controller,start camera
2026-03-26 11:56:41,861:hal4000:INFO:message:
2026-03-26 11:56:41,861:hal4000:INFO:  handled by,59,progressions,start camera
2026-03-26 11:56:41,861:hal4000:INFO:message:
2026-03-26 11:56:41,861:hal4000:INFO:  handled by,59,scmos_cal,start camera
2026-03-26 11:56:41,861:hal4000:INFO:message:
2026-03-26 11:56:41,861:hal4000:INFO:  handled by,59,settings,start camera
2026-03-26 11:56:41,861:hal4000:INFO:message:
2026-03-26 11:56:41,862:hal4000:INFO:  handled by,59,spotcounter,start camera
2026-03-26 11:56:41,862:hal4000:INFO:message:
2026-03-26 11:56:41,862:hal4000:INFO:  handled by,59,stage,start camera
2026-03-26 11:56:41,862:hal4000:INFO:message:
2026-03-26 11:56:41,862:hal4000:INFO:  handled by,59,tcp_control,start camera
2026-03-26 11:56:41,862:hal4000:INFO:message:
2026-03-26 11:56:41,863:hal4000:INFO:  handled by,59,timing,start camera
2026-03-26 11:56:41,863:hal4000:INFO:message:
2026-03-26 11:56:41,863:hal4000:INFO:  handled by,59,uc480_camera,start camera
2026-03-26 11:56:41,863:hal4000:INFO:message:
2026-03-26 11:56:41,863:hal4000:INFO:  handled by,59,z_stage,start camera
2026-03-26 11:56:41,863:hal4000:INFO:message:
2026-03-26 11:56:41,864:hal4000:INFO:  processed,59,film,start camera
2026-03-26 11:56:41,864:hal4000:INFO:message:
2026-03-26 11:56:41,865:hal4000:INFO:  sent,61,film,start camera
2026-03-26 11:56:41,865:hal4000:INFO:message:
2026-03-26 11:56:41,865:hal4000:INFO:  handled by,61,hal,start camera
2026-03-26 11:56:41,865:hal4000:INFO:message:
2026-03-26 11:56:41,865:hal4000:INFO:  handled by,61,aotf,start camera
2026-03-26 11:56:41,866:hal4000:INFO:message:
2026-03-26 11:56:41,866:hal4000:INFO:  handled by,61,camera1,start camera
2026-03-26 11:56:41,866:hal4000:INFO:message:
2026-03-26 11:56:41,866:hal4000:INFO:  handled by,61,clemex_stage,start camera
2026-03-26 11:56:41,867:hal4000:INFO:message:
2026-03-26 11:56:41,867:hal4000:INFO:  handled by,61,coherentGenesis488,start camera
2026-03-26 11:56:41,867:hal4000:INFO:message:
2026-03-26 11:56:41,867:hal4000:INFO:  handled by,61,coherentGenesis560,start camera
2026-03-26 11:56:41,867:hal4000:INFO:message:
2026-03-26 11:56:41,868:hal4000:INFO:  handled by,61,display,start camera
2026-03-26 11:56:41,871:hal4000:INFO:message:
2026-03-26 11:56:41,871:hal4000:INFO:  handled by,61,feeds,start camera
2026-03-26 11:56:41,871:hal4000:INFO:message:
2026-03-26 11:56:41,872:hal4000:INFO:  handled by,61,film,start camera
2026-03-26 11:56:41,872:hal4000:INFO:message:
2026-03-26 11:56:41,872:hal4000:INFO:  handled by,61,focuslock,start camera
2026-03-26 11:56:41,872:hal4000:INFO:message:
2026-03-26 11:56:41,872:hal4000:INFO:  handled by,61,illumination,start camera
2026-03-26 11:56:41,872:hal4000:INFO:message:
2026-03-26 11:56:41,873:hal4000:INFO:  handled by,61,mosaic,start camera
2026-03-26 11:56:41,873:hal4000:INFO:message:
2026-03-26 11:56:41,873:hal4000:INFO:  handled by,61,mpb641,start camera
2026-03-26 11:56:41,873:hal4000:INFO:message:
2026-03-26 11:56:41,873:hal4000:INFO:  handled by,61,none_irlaser,start camera
2026-03-26 11:56:41,873:hal4000:INFO:message:
2026-03-26 11:56:41,874:hal4000:INFO:  handled by,61,pi_controller,start camera
2026-03-26 11:56:41,874:hal4000:INFO:message:
2026-03-26 11:56:41,874:hal4000:INFO:  handled by,61,progressions,start camera
2026-03-26 11:56:41,874:hal4000:INFO:message:
2026-03-26 11:56:41,874:hal4000:INFO:  handled by,61,scmos_cal,start camera
2026-03-26 11:56:41,875:hal4000:INFO:message:
2026-03-26 11:56:41,875:hal4000:INFO:  handled by,61,settings,start camera
2026-03-26 11:56:41,875:hal4000:INFO:message:
2026-03-26 11:56:41,875:hal4000:INFO:  handled by,61,spotcounter,start camera
2026-03-26 11:56:41,876:hal4000:INFO:message:
2026-03-26 11:56:41,876:hal4000:INFO:  handled by,61,stage,start camera
2026-03-26 11:56:41,876:hal4000:INFO:message:
2026-03-26 11:56:41,876:hal4000:INFO:  handled by,61,tcp_control,start camera
2026-03-26 11:56:41,876:hal4000:INFO:message:
2026-03-26 11:56:41,876:hal4000:INFO:  handled by,61,timing,start camera
2026-03-26 11:56:41,877:hal4000:INFO:message:
2026-03-26 11:56:41,877:hal4000:INFO:  handled by,61,uc480_camera,start camera
2026-03-26 11:56:41,877:hal4000:INFO:message:
2026-03-26 11:56:41,877:hal4000:INFO:  handled by,61,z_stage,start camera
2026-03-26 11:56:41,877:hal4000:INFO:message:
2026-03-26 11:56:41,877:hal4000:INFO:  sent,62,illumination,new shutters file
2026-03-26 11:56:41,878:hal4000:INFO:message:
2026-03-26 11:56:41,878:hal4000:INFO:  worker started 60000,61,film,start camera
2026-03-26 11:56:41,885:hal4000:INFO:message:
2026-03-26 11:56:41,885:hal4000:INFO:  handled by,62,hal,new shutters file
2026-03-26 11:56:41,885:hal4000:INFO:message:
2026-03-26 11:56:41,885:hal4000:INFO:  handled by,62,aotf,new shutters file
2026-03-26 11:56:41,886:hal4000:INFO:message:
2026-03-26 11:56:41,886:hal4000:INFO:  handled by,62,clemex_stage,new shutters file
2026-03-26 11:56:41,886:hal4000:INFO:message:
2026-03-26 11:56:41,886:hal4000:INFO:  handled by,62,coherentGenesis488,new shutters file
2026-03-26 11:56:41,886:hal4000:INFO:message:
2026-03-26 11:56:41,886:hal4000:INFO:  handled by,62,coherentGenesis560,new shutters file
2026-03-26 11:56:41,887:hal4000:INFO:message:
2026-03-26 11:56:41,887:hal4000:INFO:  handled by,62,display,new shutters file
2026-03-26 11:56:41,887:hal4000:INFO:message:
2026-03-26 11:56:41,887:hal4000:INFO:  handled by,62,feeds,new shutters file
2026-03-26 11:56:41,887:hal4000:INFO:message:
2026-03-26 11:56:41,887:hal4000:INFO:  handled by,62,film,new shutters file
2026-03-26 11:56:41,888:hal4000:INFO:message:
2026-03-26 11:56:41,888:hal4000:INFO:  handled by,62,focuslock,new shutters file
2026-03-26 11:56:41,888:hal4000:INFO:message:
2026-03-26 11:56:41,889:hal4000:INFO:  queued,64,illumination,configuration
2026-03-26 11:56:41,889:hal4000:INFO:message:
2026-03-26 11:56:41,889:hal4000:INFO:  handled by,62,illumination,new shutters file
2026-03-26 11:56:41,889:hal4000:INFO:message:
2026-03-26 11:56:41,889:hal4000:INFO:  handled by,62,mosaic,new shutters file
2026-03-26 11:56:41,889:hal4000:INFO:message:
2026-03-26 11:56:41,889:hal4000:INFO:  handled by,62,mpb641,new shutters file
2026-03-26 11:56:41,890:hal4000:INFO:message:
2026-03-26 11:56:41,890:hal4000:INFO:  handled by,62,none_irlaser,new shutters file
2026-03-26 11:56:41,890:hal4000:INFO:message:
2026-03-26 11:56:41,890:hal4000:INFO:  handled by,62,pi_controller,new shutters file
2026-03-26 11:56:41,890:hal4000:INFO:message:
2026-03-26 11:56:41,890:hal4000:INFO:  handled by,62,progressions,new shutters file
2026-03-26 11:56:41,891:hal4000:INFO:message:
2026-03-26 11:56:41,891:hal4000:INFO:  handled by,62,scmos_cal,new shutters file
2026-03-26 11:56:41,891:hal4000:INFO:message:
2026-03-26 11:56:41,891:hal4000:INFO:  handled by,62,settings,new shutters file
2026-03-26 11:56:41,891:hal4000:INFO:message:
2026-03-26 11:56:41,891:hal4000:INFO:  handled by,62,spotcounter,new shutters file
2026-03-26 11:56:41,892:hal4000:INFO:message:
2026-03-26 11:56:41,892:hal4000:INFO:  handled by,62,stage,new shutters file
2026-03-26 11:56:41,892:hal4000:INFO:message:
2026-03-26 11:56:41,892:hal4000:INFO:  handled by,62,tcp_control,new shutters file
2026-03-26 11:56:41,892:hal4000:INFO:message:
2026-03-26 11:56:41,892:hal4000:INFO:  handled by,62,timing,new shutters file
2026-03-26 11:56:41,893:hal4000:INFO:message:
2026-03-26 11:56:41,893:hal4000:INFO:  handled by,62,uc480_camera,new shutters file
2026-03-26 11:56:41,893:hal4000:INFO:message:
2026-03-26 11:56:41,893:hal4000:INFO:  handled by,62,z_stage,new shutters file
2026-03-26 11:56:41,893:hal4000:INFO:message:
2026-03-26 11:56:41,893:hal4000:INFO:  sent,63,spotcounter,get functionality
2026-03-26 11:56:41,894:hal4000:INFO:message:
2026-03-26 11:56:41,894:hal4000:INFO:  handled by,63,hal,get functionality
2026-03-26 11:56:41,894:hal4000:INFO:message:
2026-03-26 11:56:41,894:hal4000:INFO:  handled by,63,aotf,get functionality
2026-03-26 11:56:41,895:hal4000:INFO:message:
2026-03-26 11:56:41,895:hal4000:INFO:  handled by,63,clemex_stage,get functionality
2026-03-26 11:56:41,895:hal4000:INFO:message:
2026-03-26 11:56:41,895:hal4000:INFO:  handled by,63,coherentGenesis488,get functionality
2026-03-26 11:56:41,895:hal4000:INFO:message:
2026-03-26 11:56:41,895:hal4000:INFO:  handled by,63,coherentGenesis560,get functionality
2026-03-26 11:56:41,896:hal4000:INFO:message:
2026-03-26 11:56:41,896:hal4000:INFO:  handled by,63,display,get functionality
2026-03-26 11:56:41,896:hal4000:INFO:message:
2026-03-26 11:56:41,896:hal4000:INFO:  handled by,63,feeds,get functionality
2026-03-26 11:56:41,896:hal4000:INFO:message:
2026-03-26 11:56:41,896:hal4000:INFO:  handled by,63,film,get functionality
2026-03-26 11:56:41,897:hal4000:INFO:message:
2026-03-26 11:56:41,897:hal4000:INFO:  handled by,63,focuslock,get functionality
2026-03-26 11:56:41,897:hal4000:INFO:message:
2026-03-26 11:56:41,897:hal4000:INFO:  handled by,63,illumination,get functionality
2026-03-26 11:56:41,897:hal4000:INFO:message:
2026-03-26 11:56:41,897:hal4000:INFO:  handled by,63,mosaic,get functionality
2026-03-26 11:56:41,898:hal4000:INFO:message:
2026-03-26 11:56:41,898:hal4000:INFO:  handled by,63,mpb641,get functionality
2026-03-26 11:56:41,898:hal4000:INFO:message:
2026-03-26 11:56:41,898:hal4000:INFO:  handled by,63,none_irlaser,get functionality
2026-03-26 11:56:41,898:hal4000:INFO:message:
2026-03-26 11:56:41,898:hal4000:INFO:  handled by,63,pi_controller,get functionality
2026-03-26 11:56:41,898:hal4000:INFO:message:
2026-03-26 11:56:41,899:hal4000:INFO:  handled by,63,progressions,get functionality
2026-03-26 11:56:41,899:hal4000:INFO:message:
2026-03-26 11:56:41,899:hal4000:INFO:  handled by,63,scmos_cal,get functionality
2026-03-26 11:56:41,899:hal4000:INFO:message:
2026-03-26 11:56:41,899:hal4000:INFO:  handled by,63,settings,get functionality
2026-03-26 11:56:41,899:hal4000:INFO:message:
2026-03-26 11:56:41,899:hal4000:INFO:  handled by,63,spotcounter,get functionality
2026-03-26 11:56:41,900:hal4000:INFO:message:
2026-03-26 11:56:41,900:hal4000:INFO:  handled by,63,stage,get functionality
2026-03-26 11:56:41,900:hal4000:INFO:message:
2026-03-26 11:56:41,900:hal4000:INFO:  handled by,63,tcp_control,get functionality
2026-03-26 11:56:41,900:hal4000:INFO:message:
2026-03-26 11:56:41,900:hal4000:INFO:  handled by,63,timing,get functionality
2026-03-26 11:56:41,901:hal4000:INFO:message:
2026-03-26 11:56:41,901:hal4000:INFO:  handled by,63,uc480_camera,get functionality
2026-03-26 11:56:41,901:hal4000:INFO:message:
2026-03-26 11:56:41,901:hal4000:INFO:  handled by,63,z_stage,get functionality
2026-03-26 11:56:41,901:hal4000:INFO:message:
2026-03-26 11:56:41,902:hal4000:INFO:  sent,64,illumination,configuration
2026-03-26 11:56:41,904:hal4000:INFO:message:
2026-03-26 11:56:41,904:hal4000:INFO:  handled by,64,hal,configuration
2026-03-26 11:56:41,904:hal4000:INFO:message:
2026-03-26 11:56:41,904:hal4000:INFO:  handled by,64,aotf,configuration
2026-03-26 11:56:41,904:hal4000:INFO:message:
2026-03-26 11:56:41,905:hal4000:INFO:  handled by,64,clemex_stage,configuration
2026-03-26 11:56:41,905:hal4000:INFO:message:
2026-03-26 11:56:41,905:hal4000:INFO:  handled by,64,coherentGenesis488,configuration
2026-03-26 11:56:41,905:hal4000:INFO:message:
2026-03-26 11:56:41,905:hal4000:INFO:  handled by,64,coherentGenesis560,configuration
2026-03-26 11:56:41,906:hal4000:INFO:message:
2026-03-26 11:56:41,906:hal4000:INFO:  handled by,64,display,configuration
2026-03-26 11:56:41,906:hal4000:INFO:message:
2026-03-26 11:56:41,906:hal4000:INFO:  handled by,64,feeds,configuration
2026-03-26 11:56:41,906:hal4000:INFO:message:
2026-03-26 11:56:41,906:hal4000:INFO:  handled by,64,film,configuration
2026-03-26 11:56:41,907:hal4000:INFO:message:
2026-03-26 11:56:41,907:hal4000:INFO:  handled by,64,focuslock,configuration
2026-03-26 11:56:41,907:hal4000:INFO:message:
2026-03-26 11:56:41,907:hal4000:INFO:  handled by,64,illumination,configuration
2026-03-26 11:56:41,907:hal4000:INFO:message:
2026-03-26 11:56:41,908:hal4000:INFO:  handled by,64,mosaic,configuration
2026-03-26 11:56:41,908:hal4000:INFO:message:
2026-03-26 11:56:41,908:hal4000:INFO:  handled by,64,mpb641,configuration
2026-03-26 11:56:41,908:hal4000:INFO:message:
2026-03-26 11:56:41,908:hal4000:INFO:  handled by,64,none_irlaser,configuration
2026-03-26 11:56:41,908:hal4000:INFO:message:
2026-03-26 11:56:41,908:hal4000:INFO:  handled by,64,pi_controller,configuration
2026-03-26 11:56:41,909:hal4000:INFO:message:
2026-03-26 11:56:41,909:hal4000:INFO:  handled by,64,progressions,configuration
2026-03-26 11:56:41,909:hal4000:INFO:message:
2026-03-26 11:56:41,909:hal4000:INFO:  handled by,64,scmos_cal,configuration
2026-03-26 11:56:41,909:hal4000:INFO:message:
2026-03-26 11:56:41,909:hal4000:INFO:  handled by,64,settings,configuration
2026-03-26 11:56:41,910:hal4000:INFO:message:
2026-03-26 11:56:41,910:hal4000:INFO:  handled by,64,spotcounter,configuration
2026-03-26 11:56:41,910:hal4000:INFO:message:
2026-03-26 11:56:41,910:hal4000:INFO:  handled by,64,stage,configuration
2026-03-26 11:56:41,910:hal4000:INFO:message:
2026-03-26 11:56:41,910:hal4000:INFO:  handled by,64,tcp_control,configuration
2026-03-26 11:56:41,911:hal4000:INFO:message:
2026-03-26 11:56:41,911:hal4000:INFO:  handled by,64,timing,configuration
2026-03-26 11:56:41,911:hal4000:INFO:message:
2026-03-26 11:56:41,911:hal4000:INFO:  handled by,64,uc480_camera,configuration
2026-03-26 11:56:41,911:hal4000:INFO:message:
2026-03-26 11:56:41,911:hal4000:INFO:  handled by,64,z_stage,configuration
2026-03-26 11:56:42,211:hal4000:INFO:message:
2026-03-26 11:56:42,211:hal4000:INFO:  handled by,61,camera1,start camera
2026-03-26 11:56:42,211:hal4000:INFO:message:
2026-03-26 11:56:42,211:hal4000:INFO:  processed,61,film,start camera
2026-03-26 11:56:42,211:hal4000:INFO:message:
2026-03-26 11:56:42,211:hal4000:INFO:  worker done,61,film,start camera
2026-03-26 11:56:42,212:hal4000:INFO:message:
2026-03-26 11:56:42,212:hal4000:INFO:  handled by,62,camera1,new shutters file
2026-03-26 11:56:42,212:hal4000:INFO:message:
2026-03-26 11:56:42,212:hal4000:INFO:  processed,62,illumination,new shutters file
2026-03-26 11:56:42,213:hal4000:INFO:message:
2026-03-26 11:56:42,213:hal4000:INFO:  handled by,63,camera1,get functionality
2026-03-26 11:56:42,213:hal4000:INFO:message:
2026-03-26 11:56:42,213:hal4000:INFO:  processed,63,spotcounter,get functionality
2026-03-26 11:56:42,214:hal4000:INFO:message:
2026-03-26 11:56:42,214:hal4000:INFO:  handled by,64,camera1,configuration
2026-03-26 11:56:42,214:hal4000:INFO:message:
2026-03-26 11:56:42,215:hal4000:INFO:  processed,64,illumination,configuration
2026-03-26 11:58:52,151:hal4000:INFO:message:
2026-03-26 11:58:52,151:hal4000:INFO:  queued,65,hal,close event
2026-03-26 11:58:52,571:hal4000:INFO:message:
2026-03-26 11:58:52,578:hal4000:INFO:  uc480: Call failed with error 1 is_CopyImageMem
