2026-03-26 17:13:19,996:hal4000:INFO:  processed,3,core,start
2026-03-26 17:13:20,075:hal4000:INFO:message:
2026-03-26 17:13:20,075:hal4000:INFO:  sent,58,hal,change directory
2026-03-26 17:13:20,103:hal4000:INFO:message:
2026-03-26 17:13:20,103:hal4000:INFO:  handled by,58,hal,change directory
2026-03-26 17:13:20,104:hal4000:INFO:message:
2026-03-26 17:13:20,104:hal4000:INFO:  handled by,58,aotf,change directory
2026-03-26 17:13:20,104:hal4000:INFO:message:
2026-03-26 17:13:20,104:hal4000:INFO:  handled by,58,camera1,change directory
2026-03-26 17:13:20,104:hal4000:INFO:message:
2026-03-26 17:13:20,105:hal4000:INFO:  handled by,58,clemex_stage,change directory
2026-03-26 17:13:20,105:hal4000:INFO:message:
2026-03-26 17:13:20,105:hal4000:INFO:  handled by,58,coherentGenesis488,change directory
2026-03-26 17:13:20,106:hal4000:INFO:message:
2026-03-26 17:13:20,106:hal4000:INFO:  handled by,58,coherentGenesis560,change directory
2026-03-26 17:13:20,106:hal4000:INFO:message:
2026-03-26 17:13:20,106:hal4000:INFO:  handled by,58,display,change directory
2026-03-26 17:13:20,106:hal4000:INFO:message:
2026-03-26 17:13:20,106:hal4000:INFO:  handled by,58,feeds,change directory
2026-03-26 17:13:20,107:hal4000:INFO:message:
2026-03-26 17:13:20,107:hal4000:INFO:  handled by,58,film,change directory
2026-03-26 17:13:20,108:hal4000:INFO:message:
2026-03-26 17:13:20,108:hal4000:INFO:  handled by,58,focuslock,change directory
2026-03-26 17:13:20,108:hal4000:INFO:message:
2026-03-26 17:13:20,108:hal4000:INFO:  handled by,58,illumination,change directory
2026-03-26 17:13:20,108:hal4000:INFO:message:
2026-03-26 17:13:20,108:hal4000:INFO:  handled by,58,mosaic,change directory
2026-03-26 17:13:20,109:hal4000:INFO:message:
2026-03-26 17:13:20,109:hal4000:INFO:  handled by,58,mpb642,change directory
2026-03-26 17:13:20,109:hal4000:INFO:message:
2026-03-26 17:13:20,109:hal4000:INFO:  handled by,58,none_irlaser,change directory
2026-03-26 17:13:20,109:hal4000:INFO:message:
2026-03-26 17:13:20,109:hal4000:INFO:  handled by,58,obis405,change directory
2026-03-26 17:13:20,110:hal4000:INFO:message:
2026-03-26 17:13:20,110:hal4000:INFO:  handled by,58,pi_controller,change directory
2026-03-26 17:13:20,110:hal4000:INFO:message:
2026-03-26 17:13:20,110:hal4000:INFO:  handled by,58,progressions,change directory
2026-03-26 17:13:20,111:hal4000:INFO:message:
2026-03-26 17:13:20,111:hal4000:INFO:  handled by,58,scmos_cal,change directory
2026-03-26 17:13:20,111:hal4000:INFO:message:
2026-03-26 17:13:20,111:hal4000:INFO:  handled by,58,settings,change directory
2026-03-26 17:13:20,112:hal4000:INFO:message:
2026-03-26 17:13:20,112:hal4000:INFO:  handled by,58,spotcounter,change directory
2026-03-26 17:13:20,112:hal4000:INFO:message:
2026-03-26 17:13:20,112:hal4000:INFO:  handled by,58,stage,change directory
2026-03-26 17:13:20,113:hal4000:INFO:message:
2026-03-26 17:13:20,113:hal4000:INFO:  handled by,58,tcp_control,change directory
2026-03-26 17:13:20,113:hal4000:INFO:message:
2026-03-26 17:13:20,113:hal4000:INFO:  handled by,58,timing,change directory
2026-03-26 17:13:20,114:hal4000:INFO:message:
2026-03-26 17:13:20,114:hal4000:INFO:  handled by,58,uc480_camera,change directory
2026-03-26 17:13:20,114:hal4000:INFO:message:
2026-03-26 17:13:20,114:hal4000:INFO:  handled by,58,z_stage,change directory
2026-03-26 17:13:20,114:hal4000:INFO:message:
2026-03-26 17:13:20,115:hal4000:INFO:  processed,58,hal,change directory
2026-03-26 17:13:20,115:hal4000:INFO:message:
2026-03-26 17:13:20,115:hal4000:INFO:  sent,59,display,get functionality
2026-03-26 17:13:20,124:hal4000:INFO:message:
2026-03-26 17:13:20,124:hal4000:INFO:  handled by,59,hal,get functionality
2026-03-26 17:13:20,124:hal4000:INFO:message:
2026-03-26 17:13:20,125:hal4000:INFO:  handled by,59,aotf,get functionality
2026-03-26 17:13:20,125:hal4000:INFO:message:
2026-03-26 17:13:20,125:hal4000:INFO:  handled by,59,camera1,get functionality
2026-03-26 17:13:20,125:hal4000:INFO:message:
2026-03-26 17:13:20,125:hal4000:INFO:  handled by,59,clemex_stage,get functionality
2026-03-26 17:13:20,126:hal4000:INFO:message:
2026-03-26 17:13:20,126:hal4000:INFO:  handled by,59,coherentGenesis488,get functionality
2026-03-26 17:13:20,126:hal4000:INFO:message:
2026-03-26 17:13:20,126:hal4000:INFO:  handled by,59,coherentGenesis560,get functionality
2026-03-26 17:13:20,127:hal4000:INFO:message:
2026-03-26 17:13:20,127:hal4000:INFO:  handled by,59,display,get functionality
2026-03-26 17:13:20,127:hal4000:INFO:message:
2026-03-26 17:13:20,127:hal4000:INFO:  handled by,59,feeds,get functionality
2026-03-26 17:13:20,127:hal4000:INFO:message:
2026-03-26 17:13:20,128:hal4000:INFO:  handled by,59,film,get functionality
2026-03-26 17:13:20,128:hal4000:INFO:message:
2026-03-26 17:13:20,128:hal4000:INFO:  handled by,59,focuslock,get functionality
2026-03-26 17:13:20,128:hal4000:INFO:message:
2026-03-26 17:13:20,129:hal4000:INFO:  handled by,59,illumination,get functionality
2026-03-26 17:13:20,129:hal4000:INFO:message:
2026-03-26 17:13:20,129:hal4000:INFO:  handled by,59,mosaic,get functionality
2026-03-26 17:13:20,129:hal4000:INFO:message:
2026-03-26 17:13:20,129:hal4000:INFO:  handled by,59,mpb642,get functionality
2026-03-26 17:13:20,130:hal4000:INFO:message:
2026-03-26 17:13:20,130:hal4000:INFO:  handled by,59,none_irlaser,get functionality
2026-03-26 17:13:20,130:hal4000:INFO:message:
2026-03-26 17:13:20,130:hal4000:INFO:  handled by,59,obis405,get functionality
2026-03-26 17:13:20,130:hal4000:INFO:message:
2026-03-26 17:13:20,131:hal4000:INFO:  handled by,59,pi_controller,get functionality
2026-03-26 17:13:20,131:hal4000:INFO:message:
2026-03-26 17:13:20,131:hal4000:INFO:  handled by,59,progressions,get functionality
2026-03-26 17:13:20,131:hal4000:INFO:message:
2026-03-26 17:13:20,132:hal4000:INFO:  handled by,59,scmos_cal,get functionality
2026-03-26 17:13:20,132:hal4000:INFO:message:
2026-03-26 17:13:20,132:hal4000:INFO:  handled by,59,settings,get functionality
2026-03-26 17:13:20,132:hal4000:INFO:message:
2026-03-26 17:13:20,132:hal4000:INFO:  handled by,59,spotcounter,get functionality
2026-03-26 17:13:20,133:hal4000:INFO:message:
2026-03-26 17:13:20,133:hal4000:INFO:  handled by,59,stage,get functionality
2026-03-26 17:13:20,133:hal4000:INFO:message:
2026-03-26 17:13:20,133:hal4000:INFO:  handled by,59,tcp_control,get functionality
2026-03-26 17:13:20,134:hal4000:INFO:message:
2026-03-26 17:13:20,134:hal4000:INFO:  handled by,59,timing,get functionality
2026-03-26 17:13:20,134:hal4000:INFO:message:
2026-03-26 17:13:20,135:hal4000:INFO:  handled by,59,uc480_camera,get functionality
2026-03-26 17:13:20,135:hal4000:INFO:message:
2026-03-26 17:13:20,135:hal4000:INFO:  handled by,59,z_stage,get functionality
2026-03-26 17:13:20,135:hal4000:INFO:message:
2026-03-26 17:13:20,136:hal4000:INFO:  processed,59,display,get functionality
2026-03-26 17:13:20,139:hal4000:INFO:message:
2026-03-26 17:13:20,139:hal4000:INFO:  sent,60,film,start camera
2026-03-26 17:13:20,143:hal4000:INFO:message:
2026-03-26 17:13:20,143:hal4000:INFO:  handled by,60,hal,start camera
2026-03-26 17:13:20,144:hal4000:INFO:message:
2026-03-26 17:13:20,144:hal4000:INFO:  handled by,60,aotf,start camera
2026-03-26 17:13:20,144:hal4000:INFO:message:
2026-03-26 17:13:20,144:hal4000:INFO:  handled by,60,camera1,start camera
2026-03-26 17:13:20,144:hal4000:INFO:message:
2026-03-26 17:13:20,145:hal4000:INFO:  handled by,60,clemex_stage,start camera
2026-03-26 17:13:20,145:hal4000:INFO:message:
2026-03-26 17:13:20,145:hal4000:INFO:  handled by,60,coherentGenesis488,start camera
2026-03-26 17:13:20,146:hal4000:INFO:message:
2026-03-26 17:13:20,146:hal4000:INFO:  handled by,60,coherentGenesis560,start camera
2026-03-26 17:13:20,146:hal4000:INFO:message:
2026-03-26 17:13:20,146:hal4000:INFO:  handled by,60,display,start camera
2026-03-26 17:13:20,146:hal4000:INFO:message:
2026-03-26 17:13:20,147:hal4000:INFO:  handled by,60,feeds,start camera
2026-03-26 17:13:20,147:hal4000:INFO:message:
2026-03-26 17:13:20,147:hal4000:INFO:  handled by,60,film,start camera
2026-03-26 17:13:20,147:hal4000:INFO:message:
2026-03-26 17:13:20,148:hal4000:INFO:  handled by,60,focuslock,start camera
2026-03-26 17:13:20,148:hal4000:INFO:message:
2026-03-26 17:13:20,148:hal4000:INFO:  handled by,60,illumination,start camera
2026-03-26 17:13:20,148:hal4000:INFO:message:
2026-03-26 17:13:20,148:hal4000:INFO:  handled by,60,mosaic,start camera
2026-03-26 17:13:20,149:hal4000:INFO:message:
2026-03-26 17:13:20,149:hal4000:INFO:  handled by,60,mpb642,start camera
2026-03-26 17:13:20,149:hal4000:INFO:message:
2026-03-26 17:13:20,149:hal4000:INFO:  handled by,60,none_irlaser,start camera
2026-03-26 17:13:20,150:hal4000:INFO:message:
2026-03-26 17:13:20,150:hal4000:INFO:  handled by,60,obis405,start camera
2026-03-26 17:13:20,150:hal4000:INFO:message:
2026-03-26 17:13:20,150:hal4000:INFO:  handled by,60,pi_controller,start camera
2026-03-26 17:13:20,151:hal4000:INFO:message:
2026-03-26 17:13:20,151:hal4000:INFO:  handled by,60,progressions,start camera
2026-03-26 17:13:20,151:hal4000:INFO:message:
2026-03-26 17:13:20,152:hal4000:INFO:  handled by,60,scmos_cal,start camera
2026-03-26 17:13:20,152:hal4000:INFO:message:
2026-03-26 17:13:20,152:hal4000:INFO:  handled by,60,settings,start camera
2026-03-26 17:13:20,152:hal4000:INFO:message:
2026-03-26 17:13:20,152:hal4000:INFO:  handled by,60,spotcounter,start camera
2026-03-26 17:13:20,153:hal4000:INFO:message:
2026-03-26 17:13:20,153:hal4000:INFO:  handled by,60,stage,start camera
2026-03-26 17:13:20,153:hal4000:INFO:message:
2026-03-26 17:13:20,154:hal4000:INFO:  handled by,60,tcp_control,start camera
2026-03-26 17:13:20,154:hal4000:INFO:message:
2026-03-26 17:13:20,154:hal4000:INFO:  handled by,60,timing,start camera
2026-03-26 17:13:20,154:hal4000:INFO:message:
2026-03-26 17:13:20,154:hal4000:INFO:  handled by,60,uc480_camera,start camera
2026-03-26 17:13:20,155:hal4000:INFO:message:
2026-03-26 17:13:20,155:hal4000:INFO:  handled by,60,z_stage,start camera
2026-03-26 17:13:20,155:hal4000:INFO:message:
2026-03-26 17:13:20,155:hal4000:INFO:  processed,60,film,start camera
2026-03-26 17:13:20,156:hal4000:INFO:message:
2026-03-26 17:13:20,156:hal4000:INFO:  sent,62,film,start camera
2026-03-26 17:13:20,157:hal4000:INFO:message:
2026-03-26 17:13:20,157:hal4000:INFO:  handled by,62,hal,start camera
2026-03-26 17:13:20,158:hal4000:INFO:message:
2026-03-26 17:13:20,158:hal4000:INFO:  handled by,62,aotf,start camera
2026-03-26 17:13:20,159:hal4000:INFO:message:
2026-03-26 17:13:20,159:hal4000:INFO:  handled by,62,camera1,start camera
2026-03-26 17:13:20,159:hal4000:INFO:message:
2026-03-26 17:13:20,160:hal4000:INFO:  handled by,62,clemex_stage,start camera
2026-03-26 17:13:20,160:hal4000:INFO:message:
2026-03-26 17:13:20,160:hal4000:INFO:  handled by,62,coherentGenesis488,start camera
2026-03-26 17:13:20,160:hal4000:INFO:message:
2026-03-26 17:13:20,161:hal4000:INFO:  handled by,62,coherentGenesis560,start camera
2026-03-26 17:13:20,164:hal4000:INFO:message:
2026-03-26 17:13:20,164:hal4000:INFO:  handled by,62,display,start camera
2026-03-26 17:13:20,165:hal4000:INFO:message:
2026-03-26 17:13:20,165:hal4000:INFO:  handled by,62,feeds,start camera
2026-03-26 17:13:20,165:hal4000:INFO:message:
2026-03-26 17:13:20,165:hal4000:INFO:  handled by,62,film,start camera
2026-03-26 17:13:20,166:hal4000:INFO:message:
2026-03-26 17:13:20,166:hal4000:INFO:  handled by,62,focuslock,start camera
2026-03-26 17:13:20,166:hal4000:INFO:message:
2026-03-26 17:13:20,166:hal4000:INFO:  handled by,62,illumination,start camera
2026-03-26 17:13:20,167:hal4000:INFO:message:
2026-03-26 17:13:20,167:hal4000:INFO:  handled by,62,mosaic,start camera
2026-03-26 17:13:20,167:hal4000:INFO:message:
2026-03-26 17:13:20,167:hal4000:INFO:  handled by,62,mpb642,start camera
2026-03-26 17:13:20,167:hal4000:INFO:message:
2026-03-26 17:13:20,168:hal4000:INFO:  handled by,62,none_irlaser,start camera
2026-03-26 17:13:20,168:hal4000:INFO:message:
2026-03-26 17:13:20,168:hal4000:INFO:  handled by,62,obis405,start camera
2026-03-26 17:13:20,169:hal4000:INFO:message:
2026-03-26 17:13:20,169:hal4000:INFO:  handled by,62,pi_controller,start camera
2026-03-26 17:13:20,169:hal4000:INFO:message:
2026-03-26 17:13:20,170:hal4000:INFO:  handled by,62,progressions,start camera
2026-03-26 17:13:20,170:hal4000:INFO:message:
2026-03-26 17:13:20,170:hal4000:INFO:  handled by,62,scmos_cal,start camera
2026-03-26 17:13:20,170:hal4000:INFO:message:
2026-03-26 17:13:20,170:hal4000:INFO:  handled by,62,settings,start camera
2026-03-26 17:13:20,171:hal4000:INFO:message:
2026-03-26 17:13:20,171:hal4000:INFO:  handled by,62,spotcounter,start camera
2026-03-26 17:13:20,171:hal4000:INFO:message:
2026-03-26 17:13:20,171:hal4000:INFO:  handled by,62,stage,start camera
2026-03-26 17:13:20,171:hal4000:INFO:message:
2026-03-26 17:13:20,172:hal4000:INFO:  handled by,62,tcp_control,start camera
2026-03-26 17:13:20,172:hal4000:INFO:message:
2026-03-26 17:13:20,172:hal4000:INFO:  handled by,62,timing,start camera
2026-03-26 17:13:20,172:hal4000:INFO:message:
2026-03-26 17:13:20,172:hal4000:INFO:  handled by,62,uc480_camera,start camera
2026-03-26 17:13:20,173:hal4000:INFO:message:
2026-03-26 17:13:20,173:hal4000:INFO:  handled by,62,z_stage,start camera
2026-03-26 17:13:20,173:hal4000:INFO:message:
2026-03-26 17:13:20,173:hal4000:INFO:  sent,63,illumination,new shutters file
2026-03-26 17:13:20,174:hal4000:INFO:message:
2026-03-26 17:13:20,174:hal4000:INFO:  worker started 60000,62,film,start camera
2026-03-26 17:13:20,174:hal4000:INFO:message:
2026-03-26 17:13:20,175:hal4000:INFO:  handled by,63,hal,new shutters file
2026-03-26 17:13:20,175:hal4000:INFO:message:
2026-03-26 17:13:20,175:hal4000:INFO:  handled by,63,aotf,new shutters file
2026-03-26 17:13:20,176:hal4000:INFO:message:
2026-03-26 17:13:20,176:hal4000:INFO:  handled by,63,clemex_stage,new shutters file
2026-03-26 17:13:20,176:hal4000:INFO:message:
2026-03-26 17:13:20,176:hal4000:INFO:  handled by,63,coherentGenesis488,new shutters file
2026-03-26 17:13:20,176:hal4000:INFO:message:
2026-03-26 17:13:20,177:hal4000:INFO:  handled by,63,coherentGenesis560,new shutters file
2026-03-26 17:13:20,177:hal4000:INFO:message:
2026-03-26 17:13:20,177:hal4000:INFO:  handled by,63,display,new shutters file
2026-03-26 17:13:20,177:hal4000:INFO:message:
2026-03-26 17:13:20,178:hal4000:INFO:  handled by,63,feeds,new shutters file
2026-03-26 17:13:20,178:hal4000:INFO:message:
2026-03-26 17:13:20,178:hal4000:INFO:  handled by,63,film,new shutters file
2026-03-26 17:13:20,178:hal4000:INFO:message:
2026-03-26 17:13:20,178:hal4000:INFO:  handled by,63,focuslock,new shutters file
2026-03-26 17:13:20,179:hal4000:INFO:message:
2026-03-26 17:13:20,180:hal4000:INFO:  queued,65,illumination,configuration
2026-03-26 17:13:20,180:hal4000:INFO:message:
2026-03-26 17:13:20,180:hal4000:INFO:  handled by,63,illumination,new shutters file
2026-03-26 17:13:20,180:hal4000:INFO:message:
2026-03-26 17:13:20,180:hal4000:INFO:  handled by,63,mosaic,new shutters file
2026-03-26 17:13:20,181:hal4000:INFO:message:
2026-03-26 17:13:20,181:hal4000:INFO:  handled by,63,mpb642,new shutters file
2026-03-26 17:13:20,181:hal4000:INFO:message:
2026-03-26 17:13:20,181:hal4000:INFO:  handled by,63,none_irlaser,new shutters file
2026-03-26 17:13:20,182:hal4000:INFO:message:
2026-03-26 17:13:20,182:hal4000:INFO:  handled by,63,obis405,new shutters file
2026-03-26 17:13:20,182:hal4000:INFO:message:
2026-03-26 17:13:20,182:hal4000:INFO:  handled by,63,pi_controller,new shutters file
2026-03-26 17:13:20,183:hal4000:INFO:message:
2026-03-26 17:13:20,183:hal4000:INFO:  handled by,63,progressions,new shutters file
2026-03-26 17:13:20,183:hal4000:INFO:message:
2026-03-26 17:13:20,184:hal4000:INFO:  handled by,63,scmos_cal,new shutters file
2026-03-26 17:13:20,184:hal4000:INFO:message:
2026-03-26 17:13:20,184:hal4000:INFO:  handled by,63,settings,new shutters file
2026-03-26 17:13:20,184:hal4000:INFO:message:
2026-03-26 17:13:20,185:hal4000:INFO:  handled by,63,spotcounter,new shutters file
2026-03-26 17:13:20,185:hal4000:INFO:message:
2026-03-26 17:13:20,185:hal4000:INFO:  handled by,63,stage,new shutters file
2026-03-26 17:13:20,185:hal4000:INFO:message:
2026-03-26 17:13:20,185:hal4000:INFO:  handled by,63,tcp_control,new shutters file
2026-03-26 17:13:20,186:hal4000:INFO:message:
2026-03-26 17:13:20,186:hal4000:INFO:  handled by,63,timing,new shutters file
2026-03-26 17:13:20,186:hal4000:INFO:message:
2026-03-26 17:13:20,186:hal4000:INFO:  handled by,63,uc480_camera,new shutters file
2026-03-26 17:13:20,186:hal4000:INFO:message:
2026-03-26 17:13:20,187:hal4000:INFO:  handled by,63,z_stage,new shutters file
2026-03-26 17:13:20,187:hal4000:INFO:message:
2026-03-26 17:13:20,187:hal4000:INFO:  sent,64,spotcounter,get functionality
2026-03-26 17:13:20,188:hal4000:INFO:message:
2026-03-26 17:13:20,188:hal4000:INFO:  handled by,64,hal,get functionality
2026-03-26 17:13:20,188:hal4000:INFO:message:
2026-03-26 17:13:20,188:hal4000:INFO:  handled by,64,aotf,get functionality
2026-03-26 17:13:20,189:hal4000:INFO:message:
2026-03-26 17:13:20,189:hal4000:INFO:  handled by,64,clemex_stage,get functionality
2026-03-26 17:13:20,189:hal4000:INFO:message:
2026-03-26 17:13:20,189:hal4000:INFO:  handled by,64,coherentGenesis488,get functionality
2026-03-26 17:13:20,190:hal4000:INFO:message:
2026-03-26 17:13:20,190:hal4000:INFO:  handled by,64,coherentGenesis560,get functionality
2026-03-26 17:13:20,191:hal4000:INFO:message:
2026-03-26 17:13:20,191:hal4000:INFO:  handled by,64,display,get functionality
2026-03-26 17:13:20,191:hal4000:INFO:message:
2026-03-26 17:13:20,191:hal4000:INFO:  handled by,64,feeds,get functionality
2026-03-26 17:13:20,192:hal4000:INFO:message:
2026-03-26 17:13:20,192:hal4000:INFO:  handled by,64,film,get functionality
2026-03-26 17:13:20,192:hal4000:INFO:message:
2026-03-26 17:13:20,192:hal4000:INFO:  handled by,64,focuslock,get functionality
2026-03-26 17:13:20,193:hal4000:INFO:message:
2026-03-26 17:13:20,193:hal4000:INFO:  handled by,64,illumination,get functionality
2026-03-26 17:13:20,193:hal4000:INFO:message:
2026-03-26 17:13:20,193:hal4000:INFO:  handled by,64,mosaic,get functionality
2026-03-26 17:13:20,193:hal4000:INFO:message:
2026-03-26 17:13:20,194:hal4000:INFO:  handled by,64,mpb642,get functionality
2026-03-26 17:13:20,194:hal4000:INFO:message:
2026-03-26 17:13:20,194:hal4000:INFO:  handled by,64,none_irlaser,get functionality
2026-03-26 17:13:20,194:hal4000:INFO:message:
2026-03-26 17:13:20,195:hal4000:INFO:  handled by,64,obis405,get functionality
2026-03-26 17:13:20,195:hal4000:INFO:message:
2026-03-26 17:13:20,196:hal4000:INFO:  handled by,64,pi_controller,get functionality
2026-03-26 17:13:20,196:hal4000:INFO:message:
2026-03-26 17:13:20,196:hal4000:INFO:  handled by,64,progressions,get functionality
2026-03-26 17:13:20,196:hal4000:INFO:message:
2026-03-26 17:13:20,197:hal4000:INFO:  handled by,64,scmos_cal,get functionality
2026-03-26 17:13:20,197:hal4000:INFO:message:
2026-03-26 17:13:20,197:hal4000:INFO:  handled by,64,settings,get functionality
2026-03-26 17:13:20,197:hal4000:INFO:message:
2026-03-26 17:13:20,198:hal4000:INFO:  handled by,64,spotcounter,get functionality
2026-03-26 17:13:20,198:hal4000:INFO:message:
2026-03-26 17:13:20,198:hal4000:INFO:  handled by,64,stage,get functionality
2026-03-26 17:13:20,198:hal4000:INFO:message:
2026-03-26 17:13:20,199:hal4000:INFO:  handled by,64,tcp_control,get functionality
2026-03-26 17:13:20,199:hal4000:INFO:message:
2026-03-26 17:13:20,199:hal4000:INFO:  handled by,64,timing,get functionality
2026-03-26 17:13:20,199:hal4000:INFO:message:
2026-03-26 17:13:20,200:hal4000:INFO:  handled by,64,uc480_camera,get functionality
2026-03-26 17:13:20,200:hal4000:INFO:message:
2026-03-26 17:13:20,200:hal4000:INFO:  handled by,64,z_stage,get functionality
2026-03-26 17:13:20,201:hal4000:INFO:message:
2026-03-26 17:13:20,202:hal4000:INFO:  sent,65,illumination,configuration
2026-03-26 17:13:20,204:hal4000:INFO:message:
2026-03-26 17:13:20,204:hal4000:INFO:  handled by,65,hal,configuration
2026-03-26 17:13:20,204:hal4000:INFO:message:
2026-03-26 17:13:20,204:hal4000:INFO:  handled by,65,aotf,configuration
2026-03-26 17:13:20,204:hal4000:INFO:message:
2026-03-26 17:13:20,204:hal4000:INFO:  handled by,65,clemex_stage,configuration
2026-03-26 17:13:20,205:hal4000:INFO:message:
2026-03-26 17:13:20,205:hal4000:INFO:  handled by,65,coherentGenesis488,configuration
2026-03-26 17:13:20,205:hal4000:INFO:message:
2026-03-26 17:13:20,205:hal4000:INFO:  handled by,65,coherentGenesis560,configuration
2026-03-26 17:13:20,206:hal4000:INFO:message:
2026-03-26 17:13:20,206:hal4000:INFO:  handled by,65,display,configuration
2026-03-26 17:13:20,206:hal4000:INFO:message:
2026-03-26 17:13:20,206:hal4000:INFO:  handled by,65,feeds,configuration
2026-03-26 17:13:20,206:hal4000:INFO:message:
2026-03-26 17:13:20,206:hal4000:INFO:  handled by,65,film,configuration
2026-03-26 17:13:20,207:hal4000:INFO:message:
2026-03-26 17:13:20,207:hal4000:INFO:  handled by,65,focuslock,configuration
2026-03-26 17:13:20,207:hal4000:INFO:message:
2026-03-26 17:13:20,208:hal4000:INFO:  handled by,65,illumination,configuration
2026-03-26 17:13:20,208:hal4000:INFO:message:
2026-03-26 17:13:20,208:hal4000:INFO:  handled by,65,mosaic,configuration
2026-03-26 17:13:20,208:hal4000:INFO:message:
2026-03-26 17:13:20,208:hal4000:INFO:  handled by,65,mpb642,configuration
2026-03-26 17:13:20,208:hal4000:INFO:message:
2026-03-26 17:13:20,209:hal4000:INFO:  handled by,65,none_irlaser,configuration
2026-03-26 17:13:20,209:hal4000:INFO:message:
2026-03-26 17:13:20,209:hal4000:INFO:  handled by,65,obis405,configuration
2026-03-26 17:13:20,209:hal4000:INFO:message:
2026-03-26 17:13:20,209:hal4000:INFO:  handled by,65,pi_controller,configuration
2026-03-26 17:13:20,209:hal4000:INFO:message:
2026-03-26 17:13:20,210:hal4000:INFO:  handled by,65,progressions,configuration
2026-03-26 17:13:20,210:hal4000:INFO:message:
2026-03-26 17:13:20,210:hal4000:INFO:  handled by,65,scmos_cal,configuration
2026-03-26 17:13:20,210:hal4000:INFO:message:
2026-03-26 17:13:20,211:hal4000:INFO:  handled by,65,settings,configuration
2026-03-26 17:13:20,211:hal4000:INFO:message:
2026-03-26 17:13:20,211:hal4000:INFO:  handled by,65,spotcounter,configuration
2026-03-26 17:13:20,211:hal4000:INFO:message:
2026-03-26 17:13:20,212:hal4000:INFO:  handled by,65,stage,configuration
2026-03-26 17:13:20,212:hal4000:INFO:message:
2026-03-26 17:13:20,212:hal4000:INFO:  handled by,65,tcp_control,configuration
2026-03-26 17:13:20,212:hal4000:INFO:message:
2026-03-26 17:13:20,212:hal4000:INFO:  handled by,65,timing,configuration
2026-03-26 17:13:20,213:hal4000:INFO:message:
2026-03-26 17:13:20,213:hal4000:INFO:  handled by,65,uc480_camera,configuration
2026-03-26 17:13:20,213:hal4000:INFO:message:
2026-03-26 17:13:20,213:hal4000:INFO:  handled by,65,z_stage,configuration
2026-03-26 17:13:20,510:hal4000:INFO:message:
2026-03-26 17:13:20,510:hal4000:INFO:  handled by,62,camera1,start camera
2026-03-26 17:13:20,510:hal4000:INFO:message:
2026-03-26 17:13:20,511:hal4000:INFO:  processed,62,film,start camera
2026-03-26 17:13:20,511:hal4000:INFO:message:
2026-03-26 17:13:20,511:hal4000:INFO:  worker done,62,film,start camera
2026-03-26 17:13:20,512:hal4000:INFO:message:
2026-03-26 17:13:20,512:hal4000:INFO:  handled by,63,camera1,new shutters file
2026-03-26 17:13:20,512:hal4000:INFO:message:
2026-03-26 17:13:20,512:hal4000:INFO:  processed,63,illumination,new shutters file
2026-03-26 17:13:20,513:hal4000:INFO:message:
2026-03-26 17:13:20,513:hal4000:INFO:  handled by,64,camera1,get functionality
2026-03-26 17:13:20,514:hal4000:INFO:message:
2026-03-26 17:13:20,514:hal4000:INFO:  processed,64,spotcounter,get functionality
2026-03-26 17:13:20,516:hal4000:INFO:message:
2026-03-26 17:13:20,516:hal4000:INFO:  handled by,65,camera1,configuration
2026-03-26 17:13:20,516:hal4000:INFO:message:
2026-03-26 17:13:20,516:hal4000:INFO:  processed,65,illumination,configuration
2026-03-26 17:13:24,981:hal4000:INFO:message:
2026-03-26 17:13:24,981:hal4000:INFO:  queued,66,hal,close event
2026-03-26 17:13:25,333:hal4000:INFO:message:
2026-03-26 17:13:25,333:hal4000:INFO:  uc480: Call failed with error 1 is_CopyImageMem
