2026-03-26 13:11:32,062:hal4000:INFO:message:
2026-03-26 13:11:32,063:hal4000:INFO:  handled by,57,scmos_cal,get functionality
2026-03-26 13:11:32,063:hal4000:INFO:message:
2026-03-26 13:11:32,063:hal4000:INFO:  handled by,57,settings,get functionality
2026-03-26 13:11:32,064:hal4000:INFO:message:
2026-03-26 13:11:32,064:hal4000:INFO:  handled by,57,spotcounter,get functionality
2026-03-26 13:11:32,064:hal4000:INFO:message:
2026-03-26 13:11:32,064:hal4000:INFO:  handled by,57,stage,get functionality
2026-03-26 13:11:32,064:hal4000:INFO:message:
2026-03-26 13:11:32,064:hal4000:INFO:  handled by,57,tcp_control,get functionality
2026-03-26 13:11:32,065:hal4000:INFO:message:
2026-03-26 13:11:32,065:hal4000:INFO:  handled by,57,timing,get functionality
2026-03-26 13:11:32,065:hal4000:INFO:message:
2026-03-26 13:11:32,065:hal4000:INFO:  handled by,57,uc480_camera,get functionality
2026-03-26 13:11:32,065:hal4000:INFO:message:
2026-03-26 13:11:32,066:hal4000:INFO:  handled by,57,z_stage,get functionality
2026-03-26 13:11:32,066:hal4000:INFO:message:
2026-03-26 13:11:32,066:hal4000:INFO:  processed,57,scmos_cal,get functionality
2026-03-26 13:11:32,068:hal4000:INFO:message:
2026-03-26 13:11:32,068:hal4000:INFO:  sent,3,core,start
2026-03-26 13:11:32,092:hal4000:INFO:message:
2026-03-26 13:11:32,093:hal4000:INFO:  queued,58,hal,change directory
2026-03-26 13:11:32,093:hal4000:INFO:message:
2026-03-26 13:11:32,093:hal4000:INFO:  handled by,3,hal,start
2026-03-26 13:11:32,093:hal4000:INFO:message:
2026-03-26 13:11:32,093:hal4000:INFO:  handled by,3,aotf,start
2026-03-26 13:11:32,094:hal4000:INFO:message:
2026-03-26 13:11:32,094:hal4000:INFO:  handled by,3,camera1,start
2026-03-26 13:11:32,094:hal4000:INFO:message:
2026-03-26 13:11:32,094:hal4000:INFO:  handled by,3,clemex_stage,start
2026-03-26 13:11:32,094:hal4000:INFO:message:
2026-03-26 13:11:32,095:hal4000:INFO:  handled by,3,coherentGenesis488,start
2026-03-26 13:11:32,095:hal4000:INFO:message:
2026-03-26 13:11:32,095:hal4000:INFO:  handled by,3,coherentGenesis560,start
2026-03-26 13:11:32,095:hal4000:INFO:message:
2026-03-26 13:11:32,095:hal4000:INFO:  queued,59,display,get functionality
2026-03-26 13:11:32,096:hal4000:INFO:message:
2026-03-26 13:11:32,096:hal4000:INFO:  handled by,3,display,start
2026-03-26 13:11:32,096:hal4000:INFO:message:
2026-03-26 13:11:32,096:hal4000:INFO:  handled by,3,feeds,start
2026-03-26 13:11:32,096:hal4000:INFO:message:
2026-03-26 13:11:32,097:hal4000:INFO:  queued,60,film,start camera
2026-03-26 13:11:32,097:hal4000:INFO:message:
2026-03-26 13:11:32,097:hal4000:INFO:  queued,61,film,sync
2026-03-26 13:11:32,097:hal4000:INFO:message:
2026-03-26 13:11:32,097:hal4000:INFO:  queued,62,film,start camera
2026-03-26 13:11:32,097:hal4000:INFO:message:
2026-03-26 13:11:32,098:hal4000:INFO:  handled by,3,film,start
2026-03-26 13:11:32,109:hal4000:INFO:message:
2026-03-26 13:11:32,109:hal4000:INFO:  handled by,3,focuslock,start
2026-03-26 13:11:32,120:hal4000:INFO:message:
2026-03-26 13:11:32,121:hal4000:INFO:  queued,63,illumination,new shutters file
2026-03-26 13:11:32,127:hal4000:INFO:message:
2026-03-26 13:11:32,128:hal4000:INFO:  handled by,3,illumination,start
2026-03-26 13:11:32,128:hal4000:INFO:message:
2026-03-26 13:11:32,128:hal4000:INFO:  handled by,3,mosaic,start
2026-03-26 13:11:32,129:hal4000:INFO:message:
2026-03-26 13:11:32,129:hal4000:INFO:  handled by,3,mpb642,start
2026-03-26 13:11:32,129:hal4000:INFO:message:
2026-03-26 13:11:32,129:hal4000:INFO:  handled by,3,none_irlaser,start
2026-03-26 13:11:32,129:hal4000:INFO:message:
2026-03-26 13:11:32,130:hal4000:INFO:  handled by,3,obis405,start
2026-03-26 13:11:32,130:hal4000:INFO:message:
2026-03-26 13:11:32,130:hal4000:INFO:  handled by,3,pi_controller,start
2026-03-26 13:11:32,130:hal4000:INFO:message:
2026-03-26 13:11:32,131:hal4000:INFO:  handled by,3,progressions,start
2026-03-26 13:11:32,131:hal4000:INFO:message:
2026-03-26 13:11:32,131:hal4000:INFO:  handled by,3,scmos_cal,start
2026-03-26 13:11:32,131:hal4000:INFO:message:
2026-03-26 13:11:32,133:hal4000:INFO:  handled by,3,settings,start
2026-03-26 13:11:32,133:hal4000:INFO:message:
2026-03-26 13:11:32,134:hal4000:INFO:  queued,64,spotcounter,get functionality
2026-03-26 13:11:32,134:hal4000:INFO:message:
2026-03-26 13:11:32,134:hal4000:INFO:  handled by,3,spotcounter,start
2026-03-26 13:11:32,141:hal4000:INFO:message:
2026-03-26 13:11:32,142:hal4000:INFO:  handled by,3,stage,start
2026-03-26 13:11:32,142:hal4000:INFO:message:
2026-03-26 13:11:32,142:hal4000:INFO:  handled by,3,tcp_control,start
2026-03-26 13:11:32,142:hal4000:INFO:message:
2026-03-26 13:11:32,142:hal4000:INFO:  handled by,3,timing,start
2026-03-26 13:11:32,143:hal4000:INFO:message:
2026-03-26 13:11:32,143:hal4000:INFO:  handled by,3,uc480_camera,start
2026-03-26 13:11:32,150:hal4000:INFO:message:
2026-03-26 13:11:32,151:hal4000:INFO:  handled by,3,z_stage,start
2026-03-26 13:11:32,151:hal4000:INFO:message:
2026-03-26 13:11:32,151:hal4000:INFO:  processed,3,core,start
2026-03-26 13:11:32,213:hal4000:INFO:message:
2026-03-26 13:11:32,213:hal4000:INFO:  sent,58,hal,change directory
2026-03-26 13:11:32,239:hal4000:INFO:message:
2026-03-26 13:11:32,239:hal4000:INFO:  handled by,58,hal,change directory
2026-03-26 13:11:32,240:hal4000:INFO:message:
2026-03-26 13:11:32,240:hal4000:INFO:  handled by,58,aotf,change directory
2026-03-26 13:11:32,240:hal4000:INFO:message:
2026-03-26 13:11:32,240:hal4000:INFO:  handled by,58,camera1,change directory
2026-03-26 13:11:32,240:hal4000:INFO:message:
2026-03-26 13:11:32,240:hal4000:INFO:  handled by,58,clemex_stage,change directory
2026-03-26 13:11:32,241:hal4000:INFO:message:
2026-03-26 13:11:32,241:hal4000:INFO:  handled by,58,coherentGenesis488,change directory
2026-03-26 13:11:32,241:hal4000:INFO:message:
2026-03-26 13:11:32,241:hal4000:INFO:  handled by,58,coherentGenesis560,change directory
2026-03-26 13:11:32,241:hal4000:INFO:message:
2026-03-26 13:11:32,241:hal4000:INFO:  handled by,58,display,change directory
2026-03-26 13:11:32,242:hal4000:INFO:message:
2026-03-26 13:11:32,242:hal4000:INFO:  handled by,58,feeds,change directory
2026-03-26 13:11:32,242:hal4000:INFO:message:
2026-03-26 13:11:32,242:hal4000:INFO:  handled by,58,film,change directory
2026-03-26 13:11:32,242:hal4000:INFO:message:
2026-03-26 13:11:32,243:hal4000:INFO:  handled by,58,focuslock,change directory
2026-03-26 13:11:32,243:hal4000:INFO:message:
2026-03-26 13:11:32,243:hal4000:INFO:  handled by,58,illumination,change directory
2026-03-26 13:11:32,243:hal4000:INFO:message:
2026-03-26 13:11:32,243:hal4000:INFO:  handled by,58,mosaic,change directory
2026-03-26 13:11:32,243:hal4000:INFO:message:
2026-03-26 13:11:32,244:hal4000:INFO:  handled by,58,mpb642,change directory
2026-03-26 13:11:32,244:hal4000:INFO:message:
2026-03-26 13:11:32,244:hal4000:INFO:  handled by,58,none_irlaser,change directory
2026-03-26 13:11:32,244:hal4000:INFO:message:
2026-03-26 13:11:32,244:hal4000:INFO:  handled by,58,obis405,change directory
2026-03-26 13:11:32,244:hal4000:INFO:message:
2026-03-26 13:11:32,245:hal4000:INFO:  handled by,58,pi_controller,change directory
2026-03-26 13:11:32,245:hal4000:INFO:message:
2026-03-26 13:11:32,245:hal4000:INFO:  handled by,58,progressions,change directory
2026-03-26 13:11:32,245:hal4000:INFO:message:
2026-03-26 13:11:32,245:hal4000:INFO:  handled by,58,scmos_cal,change directory
2026-03-26 13:11:32,246:hal4000:INFO:message:
2026-03-26 13:11:32,246:hal4000:INFO:  handled by,58,settings,change directory
2026-03-26 13:11:32,246:hal4000:INFO:message:
2026-03-26 13:11:32,246:hal4000:INFO:  handled by,58,spotcounter,change directory
2026-03-26 13:11:32,246:hal4000:INFO:message:
2026-03-26 13:11:32,246:hal4000:INFO:  handled by,58,stage,change directory
2026-03-26 13:11:32,247:hal4000:INFO:message:
2026-03-26 13:11:32,247:hal4000:INFO:  handled by,58,tcp_control,change directory
2026-03-26 13:11:32,247:hal4000:INFO:message:
2026-03-26 13:11:32,247:hal4000:INFO:  handled by,58,timing,change directory
2026-03-26 13:11:32,247:hal4000:INFO:message:
2026-03-26 13:11:32,247:hal4000:INFO:  handled by,58,uc480_camera,change directory
2026-03-26 13:11:32,248:hal4000:INFO:message:
2026-03-26 13:11:32,248:hal4000:INFO:  handled by,58,z_stage,change directory
2026-03-26 13:11:32,248:hal4000:INFO:message:
2026-03-26 13:11:32,248:hal4000:INFO:  processed,58,hal,change directory
2026-03-26 13:11:32,248:hal4000:INFO:message:
2026-03-26 13:11:32,249:hal4000:INFO:  sent,59,display,get functionality
2026-03-26 13:11:32,250:hal4000:INFO:message:
2026-03-26 13:11:32,251:hal4000:INFO:  handled by,59,hal,get functionality
2026-03-26 13:11:32,251:hal4000:INFO:message:
2026-03-26 13:11:32,251:hal4000:INFO:  handled by,59,aotf,get functionality
2026-03-26 13:11:32,251:hal4000:INFO:message:
2026-03-26 13:11:32,251:hal4000:INFO:  handled by,59,camera1,get functionality
2026-03-26 13:11:32,251:hal4000:INFO:message:
2026-03-26 13:11:32,252:hal4000:INFO:  handled by,59,clemex_stage,get functionality
2026-03-26 13:11:32,252:hal4000:INFO:message:
2026-03-26 13:11:32,252:hal4000:INFO:  handled by,59,coherentGenesis488,get functionality
2026-03-26 13:11:32,252:hal4000:INFO:message:
2026-03-26 13:11:32,252:hal4000:INFO:  handled by,59,coherentGenesis560,get functionality
2026-03-26 13:11:32,252:hal4000:INFO:message:
2026-03-26 13:11:32,253:hal4000:INFO:  handled by,59,display,get functionality
2026-03-26 13:11:32,253:hal4000:INFO:message:
2026-03-26 13:11:32,253:hal4000:INFO:  handled by,59,feeds,get functionality
2026-03-26 13:11:32,253:hal4000:INFO:message:
2026-03-26 13:11:32,253:hal4000:INFO:  handled by,59,film,get functionality
2026-03-26 13:11:32,253:hal4000:INFO:message:
2026-03-26 13:11:32,254:hal4000:INFO:  handled by,59,focuslock,get functionality
2026-03-26 13:11:32,254:hal4000:INFO:message:
2026-03-26 13:11:32,254:hal4000:INFO:  handled by,59,illumination,get functionality
2026-03-26 13:11:32,254:hal4000:INFO:message:
2026-03-26 13:11:32,254:hal4000:INFO:  handled by,59,mosaic,get functionality
2026-03-26 13:11:32,254:hal4000:INFO:message:
2026-03-26 13:11:32,255:hal4000:INFO:  handled by,59,mpb642,get functionality
2026-03-26 13:11:32,255:hal4000:INFO:message:
2026-03-26 13:11:32,255:hal4000:INFO:  handled by,59,none_irlaser,get functionality
2026-03-26 13:11:32,255:hal4000:INFO:message:
2026-03-26 13:11:32,255:hal4000:INFO:  handled by,59,obis405,get functionality
2026-03-26 13:11:32,255:hal4000:INFO:message:
2026-03-26 13:11:32,255:hal4000:INFO:  handled by,59,pi_controller,get functionality
2026-03-26 13:11:32,256:hal4000:INFO:message:
2026-03-26 13:11:32,256:hal4000:INFO:  handled by,59,progressions,get functionality
2026-03-26 13:11:32,256:hal4000:INFO:message:
2026-03-26 13:11:32,256:hal4000:INFO:  handled by,59,scmos_cal,get functionality
2026-03-26 13:11:32,256:hal4000:INFO:message:
2026-03-26 13:11:32,256:hal4000:INFO:  handled by,59,settings,get functionality
2026-03-26 13:11:32,257:hal4000:INFO:message:
2026-03-26 13:11:32,257:hal4000:INFO:  handled by,59,spotcounter,get functionality
2026-03-26 13:11:32,257:hal4000:INFO:message:
2026-03-26 13:11:32,257:hal4000:INFO:  handled by,59,stage,get functionality
2026-03-26 13:11:32,257:hal4000:INFO:message:
2026-03-26 13:11:32,257:hal4000:INFO:  handled by,59,tcp_control,get functionality
2026-03-26 13:11:32,258:hal4000:INFO:message:
2026-03-26 13:11:32,258:hal4000:INFO:  handled by,59,timing,get functionality
2026-03-26 13:11:32,258:hal4000:INFO:message:
2026-03-26 13:11:32,258:hal4000:INFO:  handled by,59,uc480_camera,get functionality
2026-03-26 13:11:32,258:hal4000:INFO:message:
2026-03-26 13:11:32,258:hal4000:INFO:  handled by,59,z_stage,get functionality
2026-03-26 13:11:32,259:hal4000:INFO:message:
2026-03-26 13:11:32,259:hal4000:INFO:  processed,59,display,get functionality
2026-03-26 13:11:32,260:hal4000:INFO:message:
2026-03-26 13:11:32,261:hal4000:INFO:  sent,60,film,start camera
2026-03-26 13:11:32,261:hal4000:INFO:message:
2026-03-26 13:11:32,261:hal4000:INFO:  handled by,60,hal,start camera
2026-03-26 13:11:32,262:hal4000:INFO:message:
2026-03-26 13:11:32,262:hal4000:INFO:  handled by,60,aotf,start camera
2026-03-26 13:11:32,262:hal4000:INFO:message:
2026-03-26 13:11:32,262:hal4000:INFO:  handled by,60,camera1,start camera
2026-03-26 13:11:32,262:hal4000:INFO:message:
2026-03-26 13:11:32,262:hal4000:INFO:  handled by,60,clemex_stage,start camera
2026-03-26 13:11:32,263:hal4000:INFO:message:
2026-03-26 13:11:32,263:hal4000:INFO:  handled by,60,coherentGenesis488,start camera
2026-03-26 13:11:32,263:hal4000:INFO:message:
2026-03-26 13:11:32,263:hal4000:INFO:  handled by,60,coherentGenesis560,start camera
2026-03-26 13:11:32,263:hal4000:INFO:message:
2026-03-26 13:11:32,263:hal4000:INFO:  handled by,60,display,start camera
2026-03-26 13:11:32,263:hal4000:INFO:message:
2026-03-26 13:11:32,264:hal4000:INFO:  handled by,60,feeds,start camera
2026-03-26 13:11:32,264:hal4000:INFO:message:
2026-03-26 13:11:32,264:hal4000:INFO:  handled by,60,film,start camera
2026-03-26 13:11:32,264:hal4000:INFO:message:
2026-03-26 13:11:32,264:hal4000:INFO:  handled by,60,focuslock,start camera
2026-03-26 13:11:32,264:hal4000:INFO:message:
2026-03-26 13:11:32,265:hal4000:INFO:  handled by,60,illumination,start camera
2026-03-26 13:11:32,265:hal4000:INFO:message:
2026-03-26 13:11:32,265:hal4000:INFO:  handled by,60,mosaic,start camera
2026-03-26 13:11:32,265:hal4000:INFO:message:
2026-03-26 13:11:32,265:hal4000:INFO:  handled by,60,mpb642,start camera
2026-03-26 13:11:32,265:hal4000:INFO:message:
2026-03-26 13:11:32,265:hal4000:INFO:  handled by,60,none_irlaser,start camera
2026-03-26 13:11:32,266:hal4000:INFO:message:
2026-03-26 13:11:32,266:hal4000:INFO:  handled by,60,obis405,start camera
2026-03-26 13:11:32,266:hal4000:INFO:message:
2026-03-26 13:11:32,266:hal4000:INFO:  handled by,60,pi_controller,start camera
2026-03-26 13:11:32,266:hal4000:INFO:message:
2026-03-26 13:11:32,266:hal4000:INFO:  handled by,60,progressions,start camera
2026-03-26 13:11:32,267:hal4000:INFO:message:
2026-03-26 13:11:32,267:hal4000:INFO:  handled by,60,scmos_cal,start camera
2026-03-26 13:11:32,267:hal4000:INFO:message:
2026-03-26 13:11:32,267:hal4000:INFO:  handled by,60,settings,start camera
2026-03-26 13:11:32,267:hal4000:INFO:message:
2026-03-26 13:11:32,267:hal4000:INFO:  handled by,60,spotcounter,start camera
2026-03-26 13:11:32,267:hal4000:INFO:message:
2026-03-26 13:11:32,268:hal4000:INFO:  handled by,60,stage,start camera
2026-03-26 13:11:32,268:hal4000:INFO:message:
2026-03-26 13:11:32,268:hal4000:INFO:  handled by,60,tcp_control,start camera
2026-03-26 13:11:32,268:hal4000:INFO:message:
2026-03-26 13:11:32,268:hal4000:INFO:  handled by,60,timing,start camera
2026-03-26 13:11:32,268:hal4000:INFO:message:
2026-03-26 13:11:32,269:hal4000:INFO:  handled by,60,uc480_camera,start camera
2026-03-26 13:11:32,269:hal4000:INFO:message:
2026-03-26 13:11:32,269:hal4000:INFO:  handled by,60,z_stage,start camera
2026-03-26 13:11:32,269:hal4000:INFO:message:
2026-03-26 13:11:32,269:hal4000:INFO:  processed,60,film,start camera
2026-03-26 13:11:32,270:hal4000:INFO:message:
2026-03-26 13:11:32,271:hal4000:INFO:  sent,62,film,start camera
2026-03-26 13:11:32,271:hal4000:INFO:message:
2026-03-26 13:11:32,271:hal4000:INFO:  handled by,62,hal,start camera
2026-03-26 13:11:32,272:hal4000:INFO:message:
2026-03-26 13:11:32,272:hal4000:INFO:  handled by,62,aotf,start camera
2026-03-26 13:11:32,272:hal4000:INFO:message:
2026-03-26 13:11:32,272:hal4000:INFO:  handled by,62,camera1,start camera
2026-03-26 13:11:32,272:hal4000:INFO:message:
2026-03-26 13:11:32,273:hal4000:INFO:  handled by,62,clemex_stage,start camera
2026-03-26 13:11:32,273:hal4000:INFO:message:
2026-03-26 13:11:32,273:hal4000:INFO:  handled by,62,coherentGenesis488,start camera
2026-03-26 13:11:32,273:hal4000:INFO:message:
2026-03-26 13:11:32,273:hal4000:INFO:  handled by,62,coherentGenesis560,start camera
2026-03-26 13:11:32,274:hal4000:INFO:message:
2026-03-26 13:11:32,277:hal4000:INFO:  handled by,62,display,start camera
2026-03-26 13:11:32,277:hal4000:INFO:message:
2026-03-26 13:11:32,277:hal4000:INFO:  handled by,62,feeds,start camera
2026-03-26 13:11:32,278:hal4000:INFO:message:
2026-03-26 13:11:32,278:hal4000:INFO:  handled by,62,film,start camera
2026-03-26 13:11:32,278:hal4000:INFO:message:
2026-03-26 13:11:32,278:hal4000:INFO:  handled by,62,focuslock,start camera
2026-03-26 13:11:32,279:hal4000:INFO:message:
2026-03-26 13:11:32,279:hal4000:INFO:  handled by,62,illumination,start camera
2026-03-26 13:11:32,279:hal4000:INFO:message:
2026-03-26 13:11:32,279:hal4000:INFO:  handled by,62,mosaic,start camera
2026-03-26 13:11:32,279:hal4000:INFO:message:
2026-03-26 13:11:32,279:hal4000:INFO:  handled by,62,mpb642,start camera
2026-03-26 13:11:32,280:hal4000:INFO:message:
2026-03-26 13:11:32,280:hal4000:INFO:  handled by,62,none_irlaser,start camera
2026-03-26 13:11:32,280:hal4000:INFO:message:
2026-03-26 13:11:32,280:hal4000:INFO:  handled by,62,obis405,start camera
2026-03-26 13:11:32,280:hal4000:INFO:message:
2026-03-26 13:11:32,280:hal4000:INFO:  handled by,62,pi_controller,start camera
2026-03-26 13:11:32,281:hal4000:INFO:message:
2026-03-26 13:11:32,281:hal4000:INFO:  handled by,62,progressions,start camera
2026-03-26 13:11:32,281:hal4000:INFO:message:
2026-03-26 13:11:32,281:hal4000:INFO:  handled by,62,scmos_cal,start camera
2026-03-26 13:11:32,281:hal4000:INFO:message:
2026-03-26 13:11:32,281:hal4000:INFO:  handled by,62,settings,start camera
2026-03-26 13:11:32,282:hal4000:INFO:message:
2026-03-26 13:11:32,282:hal4000:INFO:  handled by,62,spotcounter,start camera
2026-03-26 13:11:32,282:hal4000:INFO:message:
2026-03-26 13:11:32,282:hal4000:INFO:  handled by,62,stage,start camera
2026-03-26 13:11:32,282:hal4000:INFO:message:
2026-03-26 13:11:32,282:hal4000:INFO:  handled by,62,tcp_control,start camera
2026-03-26 13:11:32,283:hal4000:INFO:message:
2026-03-26 13:11:32,283:hal4000:INFO:  handled by,62,timing,start camera
2026-03-26 13:11:32,283:hal4000:INFO:message:
2026-03-26 13:11:32,283:hal4000:INFO:  handled by,62,uc480_camera,start camera
2026-03-26 13:11:32,283:hal4000:INFO:message:
2026-03-26 13:11:32,283:hal4000:INFO:  handled by,62,z_stage,start camera
2026-03-26 13:11:32,284:hal4000:INFO:message:
2026-03-26 13:11:32,284:hal4000:INFO:  sent,63,illumination,new shutters file
2026-03-26 13:11:32,284:hal4000:INFO:message:
2026-03-26 13:11:32,284:hal4000:INFO:  worker started 60000,62,film,start camera
2026-03-26 13:11:32,291:hal4000:INFO:message:
2026-03-26 13:11:32,291:hal4000:INFO:  handled by,63,hal,new shutters file
2026-03-26 13:11:32,292:hal4000:INFO:message:
2026-03-26 13:11:32,292:hal4000:INFO:  handled by,63,aotf,new shutters file
2026-03-26 13:11:32,292:hal4000:INFO:message:
2026-03-26 13:11:32,292:hal4000:INFO:  handled by,63,clemex_stage,new shutters file
2026-03-26 13:11:32,292:hal4000:INFO:message:
2026-03-26 13:11:32,292:hal4000:INFO:  handled by,63,coherentGenesis488,new shutters file
2026-03-26 13:11:32,293:hal4000:INFO:message:
2026-03-26 13:11:32,293:hal4000:INFO:  handled by,63,coherentGenesis560,new shutters file
2026-03-26 13:11:32,293:hal4000:INFO:message:
2026-03-26 13:11:32,293:hal4000:INFO:  handled by,63,display,new shutters file
2026-03-26 13:11:32,293:hal4000:INFO:message:
2026-03-26 13:11:32,293:hal4000:INFO:  handled by,63,feeds,new shutters file
2026-03-26 13:11:32,294:hal4000:INFO:message:
2026-03-26 13:11:32,294:hal4000:INFO:  handled by,63,film,new shutters file
2026-03-26 13:11:32,294:hal4000:INFO:message:
2026-03-26 13:11:32,294:hal4000:INFO:  handled by,63,focuslock,new shutters file
2026-03-26 13:11:32,295:hal4000:INFO:message:
2026-03-26 13:11:32,296:hal4000:INFO:  queued,65,illumination,configuration
2026-03-26 13:11:32,296:hal4000:INFO:message:
2026-03-26 13:11:32,296:hal4000:INFO:  handled by,63,illumination,new shutters file
2026-03-26 13:11:32,296:hal4000:INFO:message:
2026-03-26 13:11:32,296:hal4000:INFO:  handled by,63,mosaic,new shutters file
2026-03-26 13:11:32,296:hal4000:INFO:message:
2026-03-26 13:11:32,296:hal4000:INFO:  handled by,63,mpb642,new shutters file
2026-03-26 13:11:32,297:hal4000:INFO:message:
2026-03-26 13:11:32,297:hal4000:INFO:  handled by,63,none_irlaser,new shutters file
2026-03-26 13:11:32,297:hal4000:INFO:message:
2026-03-26 13:11:32,297:hal4000:INFO:  handled by,63,obis405,new shutters file
2026-03-26 13:11:32,297:hal4000:INFO:message:
2026-03-26 13:11:32,297:hal4000:INFO:  handled by,63,pi_controller,new shutters file
2026-03-26 13:11:32,298:hal4000:INFO:message:
2026-03-26 13:11:32,298:hal4000:INFO:  handled by,63,progressions,new shutters file
2026-03-26 13:11:32,298:hal4000:INFO:message:
2026-03-26 13:11:32,298:hal4000:INFO:  handled by,63,scmos_cal,new shutters file
2026-03-26 13:11:32,298:hal4000:INFO:message:
2026-03-26 13:11:32,298:hal4000:INFO:  handled by,63,settings,new shutters file
2026-03-26 13:11:32,299:hal4000:INFO:message:
2026-03-26 13:11:32,299:hal4000:INFO:  handled by,63,spotcounter,new shutters file
2026-03-26 13:11:32,299:hal4000:INFO:message:
2026-03-26 13:11:32,299:hal4000:INFO:  handled by,63,stage,new shutters file
2026-03-26 13:11:32,299:hal4000:INFO:message:
2026-03-26 13:11:32,299:hal4000:INFO:  handled by,63,tcp_control,new shutters file
2026-03-26 13:11:32,299:hal4000:INFO:message:
2026-03-26 13:11:32,300:hal4000:INFO:  handled by,63,timing,new shutters file
2026-03-26 13:11:32,300:hal4000:INFO:message:
2026-03-26 13:11:32,300:hal4000:INFO:  handled by,63,uc480_camera,new shutters file
2026-03-26 13:11:32,300:hal4000:INFO:message:
2026-03-26 13:11:32,300:hal4000:INFO:  handled by,63,z_stage,new shutters file
2026-03-26 13:11:32,300:hal4000:INFO:message:
2026-03-26 13:11:32,301:hal4000:INFO:  sent,64,spotcounter,get functionality
2026-03-26 13:11:32,301:hal4000:INFO:message:
2026-03-26 13:11:32,301:hal4000:INFO:  handled by,64,hal,get functionality
2026-03-26 13:11:32,302:hal4000:INFO:message:
2026-03-26 13:11:32,302:hal4000:INFO:  handled by,64,aotf,get functionality
2026-03-26 13:11:32,302:hal4000:INFO:message:
2026-03-26 13:11:32,302:hal4000:INFO:  handled by,64,clemex_stage,get functionality
2026-03-26 13:11:32,302:hal4000:INFO:message:
2026-03-26 13:11:32,302:hal4000:INFO:  handled by,64,coherentGenesis488,get functionality
2026-03-26 13:11:32,302:hal4000:INFO:message:
2026-03-26 13:11:32,303:hal4000:INFO:  handled by,64,coherentGenesis560,get functionality
2026-03-26 13:11:32,303:hal4000:INFO:message:
2026-03-26 13:11:32,303:hal4000:INFO:  handled by,64,display,get functionality
2026-03-26 13:11:32,303:hal4000:INFO:message:
2026-03-26 13:11:32,303:hal4000:INFO:  handled by,64,feeds,get functionality
2026-03-26 13:11:32,303:hal4000:INFO:message:
2026-03-26 13:11:32,304:hal4000:INFO:  handled by,64,film,get functionality
2026-03-26 13:11:32,304:hal4000:INFO:message:
2026-03-26 13:11:32,304:hal4000:INFO:  handled by,64,focuslock,get functionality
2026-03-26 13:11:32,304:hal4000:INFO:message:
2026-03-26 13:11:32,304:hal4000:INFO:  handled by,64,illumination,get functionality
2026-03-26 13:11:32,304:hal4000:INFO:message:
2026-03-26 13:11:32,304:hal4000:INFO:  handled by,64,mosaic,get functionality
2026-03-26 13:11:32,305:hal4000:INFO:message:
2026-03-26 13:11:32,305:hal4000:INFO:  handled by,64,mpb642,get functionality
2026-03-26 13:11:32,305:hal4000:INFO:message:
2026-03-26 13:11:32,305:hal4000:INFO:  handled by,64,none_irlaser,get functionality
2026-03-26 13:11:32,305:hal4000:INFO:message:
2026-03-26 13:11:32,305:hal4000:INFO:  handled by,64,obis405,get functionality
2026-03-26 13:11:32,306:hal4000:INFO:message:
2026-03-26 13:11:32,306:hal4000:INFO:  handled by,64,pi_controller,get functionality
2026-03-26 13:11:32,306:hal4000:INFO:message:
2026-03-26 13:11:32,306:hal4000:INFO:  handled by,64,progressions,get functionality
2026-03-26 13:11:32,306:hal4000:INFO:message:
2026-03-26 13:11:32,306:hal4000:INFO:  handled by,64,scmos_cal,get functionality
2026-03-26 13:11:32,306:hal4000:INFO:message:
2026-03-26 13:11:32,307:hal4000:INFO:  handled by,64,settings,get functionality
2026-03-26 13:11:32,307:hal4000:INFO:message:
2026-03-26 13:11:32,307:hal4000:INFO:  handled by,64,spotcounter,get functionality
2026-03-26 13:11:32,307:hal4000:INFO:message:
2026-03-26 13:11:32,307:hal4000:INFO:  handled by,64,stage,get functionality
2026-03-26 13:11:32,307:hal4000:INFO:message:
2026-03-26 13:11:32,308:hal4000:INFO:  handled by,64,tcp_control,get functionality
2026-03-26 13:11:32,308:hal4000:INFO:message:
2026-03-26 13:11:32,308:hal4000:INFO:  handled by,64,timing,get functionality
2026-03-26 13:11:32,308:hal4000:INFO:message:
2026-03-26 13:11:32,308:hal4000:INFO:  handled by,64,uc480_camera,get functionality
2026-03-26 13:11:32,308:hal4000:INFO:message:
2026-03-26 13:11:32,309:hal4000:INFO:  handled by,64,z_stage,get functionality
2026-03-26 13:11:32,309:hal4000:INFO:message:
2026-03-26 13:11:32,309:hal4000:INFO:  sent,65,illumination,configuration
2026-03-26 13:11:32,311:hal4000:INFO:message:
2026-03-26 13:11:32,311:hal4000:INFO:  handled by,65,hal,configuration
2026-03-26 13:11:32,312:hal4000:INFO:message:
2026-03-26 13:11:32,312:hal4000:INFO:  handled by,65,aotf,configuration
2026-03-26 13:11:32,312:hal4000:INFO:message:
2026-03-26 13:11:32,312:hal4000:INFO:  handled by,65,clemex_stage,configuration
2026-03-26 13:11:32,312:hal4000:INFO:message:
2026-03-26 13:11:32,312:hal4000:INFO:  handled by,65,coherentGenesis488,configuration
2026-03-26 13:11:32,313:hal4000:INFO:message:
2026-03-26 13:11:32,313:hal4000:INFO:  handled by,65,coherentGenesis560,configuration
2026-03-26 13:11:32,313:hal4000:INFO:message:
2026-03-26 13:11:32,313:hal4000:INFO:  handled by,65,display,configuration
2026-03-26 13:11:32,314:hal4000:INFO:message:
2026-03-26 13:11:32,314:hal4000:INFO:  handled by,65,feeds,configuration
2026-03-26 13:11:32,314:hal4000:INFO:message:
2026-03-26 13:11:32,314:hal4000:INFO:  handled by,65,film,configuration
2026-03-26 13:11:32,314:hal4000:INFO:message:
2026-03-26 13:11:32,314:hal4000:INFO:  handled by,65,focuslock,configuration
2026-03-26 13:11:32,315:hal4000:INFO:message:
2026-03-26 13:11:32,315:hal4000:INFO:  handled by,65,illumination,configuration
2026-03-26 13:11:32,315:hal4000:INFO:message:
2026-03-26 13:11:32,315:hal4000:INFO:  handled by,65,mosaic,configuration
2026-03-26 13:11:32,315:hal4000:INFO:message:
2026-03-26 13:11:32,315:hal4000:INFO:  handled by,65,mpb642,configuration
2026-03-26 13:11:32,316:hal4000:INFO:message:
2026-03-26 13:11:32,316:hal4000:INFO:  handled by,65,none_irlaser,configuration
2026-03-26 13:11:32,316:hal4000:INFO:message:
2026-03-26 13:11:32,316:hal4000:INFO:  handled by,65,obis405,configuration
2026-03-26 13:11:32,316:hal4000:INFO:message:
2026-03-26 13:11:32,316:hal4000:INFO:  handled by,65,pi_controller,configuration
2026-03-26 13:11:32,317:hal4000:INFO:message:
2026-03-26 13:11:32,317:hal4000:INFO:  handled by,65,progressions,configuration
2026-03-26 13:11:32,317:hal4000:INFO:message:
2026-03-26 13:11:32,317:hal4000:INFO:  handled by,65,scmos_cal,configuration
2026-03-26 13:11:32,317:hal4000:INFO:message:
2026-03-26 13:11:32,317:hal4000:INFO:  handled by,65,settings,configuration
2026-03-26 13:11:32,317:hal4000:INFO:message:
2026-03-26 13:11:32,318:hal4000:INFO:  handled by,65,spotcounter,configuration
2026-03-26 13:11:32,318:hal4000:INFO:message:
2026-03-26 13:11:32,318:hal4000:INFO:  handled by,65,stage,configuration
2026-03-26 13:11:32,318:hal4000:INFO:message:
2026-03-26 13:11:32,318:hal4000:INFO:  handled by,65,tcp_control,configuration
2026-03-26 13:11:32,318:hal4000:INFO:message:
2026-03-26 13:11:32,318:hal4000:INFO:  handled by,65,timing,configuration
2026-03-26 13:11:32,319:hal4000:INFO:message:
2026-03-26 13:11:32,319:hal4000:INFO:  handled by,65,uc480_camera,configuration
2026-03-26 13:11:32,319:hal4000:INFO:message:
2026-03-26 13:11:32,319:hal4000:INFO:  handled by,65,z_stage,configuration
2026-03-26 13:11:32,612:hal4000:INFO:message:
2026-03-26 13:11:32,612:hal4000:INFO:  handled by,62,camera1,start camera
2026-03-26 13:11:32,612:hal4000:INFO:message:
2026-03-26 13:11:32,612:hal4000:INFO:  processed,62,film,start camera
2026-03-26 13:11:32,612:hal4000:INFO:message:
2026-03-26 13:11:32,613:hal4000:INFO:  worker done,62,film,start camera
2026-03-26 13:11:32,613:hal4000:INFO:message:
2026-03-26 13:11:32,613:hal4000:INFO:  handled by,63,camera1,new shutters file
2026-03-26 13:11:32,613:hal4000:INFO:message:
2026-03-26 13:11:32,613:hal4000:INFO:  processed,63,illumination,new shutters file
2026-03-26 13:11:32,614:hal4000:INFO:message:
2026-03-26 13:11:32,614:hal4000:INFO:  handled by,64,camera1,get functionality
2026-03-26 13:11:32,614:hal4000:INFO:message:
2026-03-26 13:11:32,614:hal4000:INFO:  processed,64,spotcounter,get functionality
2026-03-26 13:11:32,615:hal4000:INFO:message:
2026-03-26 13:11:32,615:hal4000:INFO:  handled by,65,camera1,configuration
2026-03-26 13:11:32,616:hal4000:INFO:message:
2026-03-26 13:11:32,616:hal4000:INFO:  processed,65,illumination,configuration
2026-03-26 13:11:38,199:hal4000:INFO:message:
2026-03-26 13:11:38,199:hal4000:INFO:  queued,66,hal,close event
2026-03-26 13:11:38,552:hal4000:INFO:message:
2026-03-26 13:11:38,559:hal4000:INFO:  uc480: Call failed with error 1 is_CopyImageMem
