2026-03-26 17:13:47,322:hal4000:INFO:  processed,3,core,start
2026-03-26 17:13:47,400:hal4000:INFO:message:
2026-03-26 17:13:47,400:hal4000:INFO:  sent,58,hal,change directory
2026-03-26 17:13:47,427:hal4000:INFO:message:
2026-03-26 17:13:47,427:hal4000:INFO:  handled by,58,hal,change directory
2026-03-26 17:13:47,428:hal4000:INFO:message:
2026-03-26 17:13:47,428:hal4000:INFO:  handled by,58,aotf,change directory
2026-03-26 17:13:47,428:hal4000:INFO:message:
2026-03-26 17:13:47,428:hal4000:INFO:  handled by,58,camera1,change directory
2026-03-26 17:13:47,429:hal4000:INFO:message:
2026-03-26 17:13:47,429:hal4000:INFO:  handled by,58,clemex_stage,change directory
2026-03-26 17:13:47,429:hal4000:INFO:message:
2026-03-26 17:13:47,430:hal4000:INFO:  handled by,58,coherentGenesis488,change directory
2026-03-26 17:13:47,430:hal4000:INFO:message:
2026-03-26 17:13:47,430:hal4000:INFO:  handled by,58,coherentGenesis560,change directory
2026-03-26 17:13:47,430:hal4000:INFO:message:
2026-03-26 17:13:47,431:hal4000:INFO:  handled by,58,display,change directory
2026-03-26 17:13:47,431:hal4000:INFO:message:
2026-03-26 17:13:47,431:hal4000:INFO:  handled by,58,feeds,change directory
2026-03-26 17:13:47,432:hal4000:INFO:message:
2026-03-26 17:13:47,432:hal4000:INFO:  handled by,58,film,change directory
2026-03-26 17:13:47,432:hal4000:INFO:message:
2026-03-26 17:13:47,432:hal4000:INFO:  handled by,58,focuslock,change directory
2026-03-26 17:13:47,433:hal4000:INFO:message:
2026-03-26 17:13:47,433:hal4000:INFO:  handled by,58,illumination,change directory
2026-03-26 17:13:47,433:hal4000:INFO:message:
2026-03-26 17:13:47,434:hal4000:INFO:  handled by,58,mosaic,change directory
2026-03-26 17:13:47,434:hal4000:INFO:message:
2026-03-26 17:13:47,434:hal4000:INFO:  handled by,58,mpb642,change directory
2026-03-26 17:13:47,435:hal4000:INFO:message:
2026-03-26 17:13:47,435:hal4000:INFO:  handled by,58,none_irlaser,change directory
2026-03-26 17:13:47,435:hal4000:INFO:message:
2026-03-26 17:13:47,435:hal4000:INFO:  handled by,58,obis405,change directory
2026-03-26 17:13:47,436:hal4000:INFO:message:
2026-03-26 17:13:47,436:hal4000:INFO:  handled by,58,pi_controller,change directory
2026-03-26 17:13:47,436:hal4000:INFO:message:
2026-03-26 17:13:47,436:hal4000:INFO:  handled by,58,progressions,change directory
2026-03-26 17:13:47,437:hal4000:INFO:message:
2026-03-26 17:13:47,437:hal4000:INFO:  handled by,58,scmos_cal,change directory
2026-03-26 17:13:47,437:hal4000:INFO:message:
2026-03-26 17:13:47,437:hal4000:INFO:  handled by,58,settings,change directory
2026-03-26 17:13:47,438:hal4000:INFO:message:
2026-03-26 17:13:47,438:hal4000:INFO:  handled by,58,spotcounter,change directory
2026-03-26 17:13:47,438:hal4000:INFO:message:
2026-03-26 17:13:47,438:hal4000:INFO:  handled by,58,stage,change directory
2026-03-26 17:13:47,439:hal4000:INFO:message:
2026-03-26 17:13:47,439:hal4000:INFO:  handled by,58,tcp_control,change directory
2026-03-26 17:13:47,439:hal4000:INFO:message:
2026-03-26 17:13:47,439:hal4000:INFO:  handled by,58,timing,change directory
2026-03-26 17:13:47,439:hal4000:INFO:message:
2026-03-26 17:13:47,440:hal4000:INFO:  handled by,58,uc480_camera,change directory
2026-03-26 17:13:47,440:hal4000:INFO:message:
2026-03-26 17:13:47,440:hal4000:INFO:  handled by,58,z_stage,change directory
2026-03-26 17:13:47,440:hal4000:INFO:message:
2026-03-26 17:13:47,440:hal4000:INFO:  processed,58,hal,change directory
2026-03-26 17:13:47,441:hal4000:INFO:message:
2026-03-26 17:13:47,441:hal4000:INFO:  sent,59,display,get functionality
2026-03-26 17:13:47,451:hal4000:INFO:message:
2026-03-26 17:13:47,451:hal4000:INFO:  handled by,59,hal,get functionality
2026-03-26 17:13:47,452:hal4000:INFO:message:
2026-03-26 17:13:47,452:hal4000:INFO:  handled by,59,aotf,get functionality
2026-03-26 17:13:47,453:hal4000:INFO:message:
2026-03-26 17:13:47,453:hal4000:INFO:  handled by,59,camera1,get functionality
2026-03-26 17:13:47,453:hal4000:INFO:message:
2026-03-26 17:13:47,453:hal4000:INFO:  handled by,59,clemex_stage,get functionality
2026-03-26 17:13:47,454:hal4000:INFO:message:
2026-03-26 17:13:47,454:hal4000:INFO:  handled by,59,coherentGenesis488,get functionality
2026-03-26 17:13:47,454:hal4000:INFO:message:
2026-03-26 17:13:47,454:hal4000:INFO:  handled by,59,coherentGenesis560,get functionality
2026-03-26 17:13:47,455:hal4000:INFO:message:
2026-03-26 17:13:47,455:hal4000:INFO:  handled by,59,display,get functionality
2026-03-26 17:13:47,455:hal4000:INFO:message:
2026-03-26 17:13:47,455:hal4000:INFO:  handled by,59,feeds,get functionality
2026-03-26 17:13:47,455:hal4000:INFO:message:
2026-03-26 17:13:47,456:hal4000:INFO:  handled by,59,film,get functionality
2026-03-26 17:13:47,456:hal4000:INFO:message:
2026-03-26 17:13:47,456:hal4000:INFO:  handled by,59,focuslock,get functionality
2026-03-26 17:13:47,456:hal4000:INFO:message:
2026-03-26 17:13:47,457:hal4000:INFO:  handled by,59,illumination,get functionality
2026-03-26 17:13:47,457:hal4000:INFO:message:
2026-03-26 17:13:47,457:hal4000:INFO:  handled by,59,mosaic,get functionality
2026-03-26 17:13:47,457:hal4000:INFO:message:
2026-03-26 17:13:47,457:hal4000:INFO:  handled by,59,mpb642,get functionality
2026-03-26 17:13:47,458:hal4000:INFO:message:
2026-03-26 17:13:47,458:hal4000:INFO:  handled by,59,none_irlaser,get functionality
2026-03-26 17:13:47,459:hal4000:INFO:message:
2026-03-26 17:13:47,459:hal4000:INFO:  handled by,59,obis405,get functionality
2026-03-26 17:13:47,459:hal4000:INFO:message:
2026-03-26 17:13:47,459:hal4000:INFO:  handled by,59,pi_controller,get functionality
2026-03-26 17:13:47,459:hal4000:INFO:message:
2026-03-26 17:13:47,460:hal4000:INFO:  handled by,59,progressions,get functionality
2026-03-26 17:13:47,460:hal4000:INFO:message:
2026-03-26 17:13:47,460:hal4000:INFO:  handled by,59,scmos_cal,get functionality
2026-03-26 17:13:47,460:hal4000:INFO:message:
2026-03-26 17:13:47,461:hal4000:INFO:  handled by,59,settings,get functionality
2026-03-26 17:13:47,461:hal4000:INFO:message:
2026-03-26 17:13:47,461:hal4000:INFO:  handled by,59,spotcounter,get functionality
2026-03-26 17:13:47,461:hal4000:INFO:message:
2026-03-26 17:13:47,461:hal4000:INFO:  handled by,59,stage,get functionality
2026-03-26 17:13:47,462:hal4000:INFO:message:
2026-03-26 17:13:47,462:hal4000:INFO:  handled by,59,tcp_control,get functionality
2026-03-26 17:13:47,462:hal4000:INFO:message:
2026-03-26 17:13:47,462:hal4000:INFO:  handled by,59,timing,get functionality
2026-03-26 17:13:47,463:hal4000:INFO:message:
2026-03-26 17:13:47,463:hal4000:INFO:  handled by,59,uc480_camera,get functionality
2026-03-26 17:13:47,463:hal4000:INFO:message:
2026-03-26 17:13:47,463:hal4000:INFO:  handled by,59,z_stage,get functionality
2026-03-26 17:13:47,464:hal4000:INFO:message:
2026-03-26 17:13:47,464:hal4000:INFO:  processed,59,display,get functionality
2026-03-26 17:13:47,467:hal4000:INFO:message:
2026-03-26 17:13:47,467:hal4000:INFO:  sent,60,film,start camera
2026-03-26 17:13:47,470:hal4000:INFO:message:
2026-03-26 17:13:47,471:hal4000:INFO:  handled by,60,hal,start camera
2026-03-26 17:13:47,471:hal4000:INFO:message:
2026-03-26 17:13:47,471:hal4000:INFO:  handled by,60,aotf,start camera
2026-03-26 17:13:47,471:hal4000:INFO:message:
2026-03-26 17:13:47,471:hal4000:INFO:  handled by,60,camera1,start camera
2026-03-26 17:13:47,472:hal4000:INFO:message:
2026-03-26 17:13:47,472:hal4000:INFO:  handled by,60,clemex_stage,start camera
2026-03-26 17:13:47,472:hal4000:INFO:message:
2026-03-26 17:13:47,472:hal4000:INFO:  handled by,60,coherentGenesis488,start camera
2026-03-26 17:13:47,473:hal4000:INFO:message:
2026-03-26 17:13:47,473:hal4000:INFO:  handled by,60,coherentGenesis560,start camera
2026-03-26 17:13:47,473:hal4000:INFO:message:
2026-03-26 17:13:47,473:hal4000:INFO:  handled by,60,display,start camera
2026-03-26 17:13:47,473:hal4000:INFO:message:
2026-03-26 17:13:47,474:hal4000:INFO:  handled by,60,feeds,start camera
2026-03-26 17:13:47,474:hal4000:INFO:message:
2026-03-26 17:13:47,474:hal4000:INFO:  handled by,60,film,start camera
2026-03-26 17:13:47,475:hal4000:INFO:message:
2026-03-26 17:13:47,475:hal4000:INFO:  handled by,60,focuslock,start camera
2026-03-26 17:13:47,475:hal4000:INFO:message:
2026-03-26 17:13:47,476:hal4000:INFO:  handled by,60,illumination,start camera
2026-03-26 17:13:47,476:hal4000:INFO:message:
2026-03-26 17:13:47,476:hal4000:INFO:  handled by,60,mosaic,start camera
2026-03-26 17:13:47,476:hal4000:INFO:message:
2026-03-26 17:13:47,477:hal4000:INFO:  handled by,60,mpb642,start camera
2026-03-26 17:13:47,477:hal4000:INFO:message:
2026-03-26 17:13:47,477:hal4000:INFO:  handled by,60,none_irlaser,start camera
2026-03-26 17:13:47,477:hal4000:INFO:message:
2026-03-26 17:13:47,477:hal4000:INFO:  handled by,60,obis405,start camera
2026-03-26 17:13:47,478:hal4000:INFO:message:
2026-03-26 17:13:47,478:hal4000:INFO:  handled by,60,pi_controller,start camera
2026-03-26 17:13:47,478:hal4000:INFO:message:
2026-03-26 17:13:47,478:hal4000:INFO:  handled by,60,progressions,start camera
2026-03-26 17:13:47,479:hal4000:INFO:message:
2026-03-26 17:13:47,479:hal4000:INFO:  handled by,60,scmos_cal,start camera
2026-03-26 17:13:47,479:hal4000:INFO:message:
2026-03-26 17:13:47,479:hal4000:INFO:  handled by,60,settings,start camera
2026-03-26 17:13:47,479:hal4000:INFO:message:
2026-03-26 17:13:47,480:hal4000:INFO:  handled by,60,spotcounter,start camera
2026-03-26 17:13:47,480:hal4000:INFO:message:
2026-03-26 17:13:47,480:hal4000:INFO:  handled by,60,stage,start camera
2026-03-26 17:13:47,480:hal4000:INFO:message:
2026-03-26 17:13:47,480:hal4000:INFO:  handled by,60,tcp_control,start camera
2026-03-26 17:13:47,481:hal4000:INFO:message:
2026-03-26 17:13:47,481:hal4000:INFO:  handled by,60,timing,start camera
2026-03-26 17:13:47,481:hal4000:INFO:message:
2026-03-26 17:13:47,482:hal4000:INFO:  handled by,60,uc480_camera,start camera
2026-03-26 17:13:47,482:hal4000:INFO:message:
2026-03-26 17:13:47,482:hal4000:INFO:  handled by,60,z_stage,start camera
2026-03-26 17:13:47,483:hal4000:INFO:message:
2026-03-26 17:13:47,483:hal4000:INFO:  processed,60,film,start camera
2026-03-26 17:13:47,485:hal4000:INFO:message:
2026-03-26 17:13:47,485:hal4000:INFO:  sent,62,film,start camera
2026-03-26 17:13:47,486:hal4000:INFO:message:
2026-03-26 17:13:47,486:hal4000:INFO:  handled by,62,hal,start camera
2026-03-26 17:13:47,486:hal4000:INFO:message:
2026-03-26 17:13:47,487:hal4000:INFO:  handled by,62,aotf,start camera
2026-03-26 17:13:47,487:hal4000:INFO:message:
2026-03-26 17:13:47,487:hal4000:INFO:  handled by,62,camera1,start camera
2026-03-26 17:13:47,488:hal4000:INFO:message:
2026-03-26 17:13:47,488:hal4000:INFO:  handled by,62,clemex_stage,start camera
2026-03-26 17:13:47,488:hal4000:INFO:message:
2026-03-26 17:13:47,489:hal4000:INFO:  handled by,62,coherentGenesis488,start camera
2026-03-26 17:13:47,489:hal4000:INFO:message:
2026-03-26 17:13:47,489:hal4000:INFO:  handled by,62,coherentGenesis560,start camera
2026-03-26 17:13:47,493:hal4000:INFO:message:
2026-03-26 17:13:47,493:hal4000:INFO:  handled by,62,display,start camera
2026-03-26 17:13:47,493:hal4000:INFO:message:
2026-03-26 17:13:47,493:hal4000:INFO:  handled by,62,feeds,start camera
2026-03-26 17:13:47,494:hal4000:INFO:message:
2026-03-26 17:13:47,494:hal4000:INFO:  handled by,62,film,start camera
2026-03-26 17:13:47,495:hal4000:INFO:message:
2026-03-26 17:13:47,495:hal4000:INFO:  handled by,62,focuslock,start camera
2026-03-26 17:13:47,495:hal4000:INFO:message:
2026-03-26 17:13:47,495:hal4000:INFO:  handled by,62,illumination,start camera
2026-03-26 17:13:47,496:hal4000:INFO:message:
2026-03-26 17:13:47,496:hal4000:INFO:  handled by,62,mosaic,start camera
2026-03-26 17:13:47,496:hal4000:INFO:message:
2026-03-26 17:13:47,496:hal4000:INFO:  handled by,62,mpb642,start camera
2026-03-26 17:13:47,497:hal4000:INFO:message:
2026-03-26 17:13:47,497:hal4000:INFO:  handled by,62,none_irlaser,start camera
2026-03-26 17:13:47,497:hal4000:INFO:message:
2026-03-26 17:13:47,497:hal4000:INFO:  handled by,62,obis405,start camera
2026-03-26 17:13:47,497:hal4000:INFO:message:
2026-03-26 17:13:47,498:hal4000:INFO:  handled by,62,pi_controller,start camera
2026-03-26 17:13:47,498:hal4000:INFO:message:
2026-03-26 17:13:47,498:hal4000:INFO:  handled by,62,progressions,start camera
2026-03-26 17:13:47,498:hal4000:INFO:message:
2026-03-26 17:13:47,499:hal4000:INFO:  handled by,62,scmos_cal,start camera
2026-03-26 17:13:47,499:hal4000:INFO:message:
2026-03-26 17:13:47,499:hal4000:INFO:  handled by,62,settings,start camera
2026-03-26 17:13:47,499:hal4000:INFO:message:
2026-03-26 17:13:47,499:hal4000:INFO:  handled by,62,spotcounter,start camera
2026-03-26 17:13:47,500:hal4000:INFO:message:
2026-03-26 17:13:47,500:hal4000:INFO:  handled by,62,stage,start camera
2026-03-26 17:13:47,501:hal4000:INFO:message:
2026-03-26 17:13:47,501:hal4000:INFO:  handled by,62,tcp_control,start camera
2026-03-26 17:13:47,501:hal4000:INFO:message:
2026-03-26 17:13:47,501:hal4000:INFO:  handled by,62,timing,start camera
2026-03-26 17:13:47,502:hal4000:INFO:message:
2026-03-26 17:13:47,502:hal4000:INFO:  handled by,62,uc480_camera,start camera
2026-03-26 17:13:47,502:hal4000:INFO:message:
2026-03-26 17:13:47,502:hal4000:INFO:  handled by,62,z_stage,start camera
2026-03-26 17:13:47,502:hal4000:INFO:message:
2026-03-26 17:13:47,503:hal4000:INFO:  sent,63,illumination,new shutters file
2026-03-26 17:13:47,503:hal4000:INFO:message:
2026-03-26 17:13:47,503:hal4000:INFO:  worker started 60000,62,film,start camera
2026-03-26 17:13:47,511:hal4000:INFO:message:
2026-03-26 17:13:47,511:hal4000:INFO:  handled by,63,hal,new shutters file
2026-03-26 17:13:47,511:hal4000:INFO:message:
2026-03-26 17:13:47,511:hal4000:INFO:  handled by,63,aotf,new shutters file
2026-03-26 17:13:47,512:hal4000:INFO:message:
2026-03-26 17:13:47,512:hal4000:INFO:  handled by,63,clemex_stage,new shutters file
2026-03-26 17:13:47,512:hal4000:INFO:message:
2026-03-26 17:13:47,512:hal4000:INFO:  handled by,63,coherentGenesis488,new shutters file
2026-03-26 17:13:47,513:hal4000:INFO:message:
2026-03-26 17:13:47,513:hal4000:INFO:  handled by,63,coherentGenesis560,new shutters file
2026-03-26 17:13:47,513:hal4000:INFO:message:
2026-03-26 17:13:47,513:hal4000:INFO:  handled by,63,display,new shutters file
2026-03-26 17:13:47,513:hal4000:INFO:message:
2026-03-26 17:13:47,513:hal4000:INFO:  handled by,63,feeds,new shutters file
2026-03-26 17:13:47,514:hal4000:INFO:message:
2026-03-26 17:13:47,514:hal4000:INFO:  handled by,63,film,new shutters file
2026-03-26 17:13:47,514:hal4000:INFO:message:
2026-03-26 17:13:47,514:hal4000:INFO:  handled by,63,focuslock,new shutters file
2026-03-26 17:13:47,515:hal4000:INFO:message:
2026-03-26 17:13:47,515:hal4000:INFO:  queued,65,illumination,configuration
2026-03-26 17:13:47,515:hal4000:INFO:message:
2026-03-26 17:13:47,516:hal4000:INFO:  handled by,63,illumination,new shutters file
2026-03-26 17:13:47,516:hal4000:INFO:message:
2026-03-26 17:13:47,516:hal4000:INFO:  handled by,63,mosaic,new shutters file
2026-03-26 17:13:47,516:hal4000:INFO:message:
2026-03-26 17:13:47,516:hal4000:INFO:  handled by,63,mpb642,new shutters file
2026-03-26 17:13:47,517:hal4000:INFO:message:
2026-03-26 17:13:47,517:hal4000:INFO:  handled by,63,none_irlaser,new shutters file
2026-03-26 17:13:47,517:hal4000:INFO:message:
2026-03-26 17:13:47,517:hal4000:INFO:  handled by,63,obis405,new shutters file
2026-03-26 17:13:47,518:hal4000:INFO:message:
2026-03-26 17:13:47,518:hal4000:INFO:  handled by,63,pi_controller,new shutters file
2026-03-26 17:13:47,518:hal4000:INFO:message:
2026-03-26 17:13:47,518:hal4000:INFO:  handled by,63,progressions,new shutters file
2026-03-26 17:13:47,519:hal4000:INFO:message:
2026-03-26 17:13:47,519:hal4000:INFO:  handled by,63,scmos_cal,new shutters file
2026-03-26 17:13:47,519:hal4000:INFO:message:
2026-03-26 17:13:47,519:hal4000:INFO:  handled by,63,settings,new shutters file
2026-03-26 17:13:47,519:hal4000:INFO:message:
2026-03-26 17:13:47,520:hal4000:INFO:  handled by,63,spotcounter,new shutters file
2026-03-26 17:13:47,520:hal4000:INFO:message:
2026-03-26 17:13:47,520:hal4000:INFO:  handled by,63,stage,new shutters file
2026-03-26 17:13:47,521:hal4000:INFO:message:
2026-03-26 17:13:47,521:hal4000:INFO:  handled by,63,tcp_control,new shutters file
2026-03-26 17:13:47,521:hal4000:INFO:message:
2026-03-26 17:13:47,521:hal4000:INFO:  handled by,63,timing,new shutters file
2026-03-26 17:13:47,522:hal4000:INFO:message:
2026-03-26 17:13:47,522:hal4000:INFO:  handled by,63,uc480_camera,new shutters file
2026-03-26 17:13:47,522:hal4000:INFO:message:
2026-03-26 17:13:47,522:hal4000:INFO:  handled by,63,z_stage,new shutters file
2026-03-26 17:13:47,523:hal4000:INFO:message:
2026-03-26 17:13:47,523:hal4000:INFO:  sent,64,spotcounter,get functionality
2026-03-26 17:13:47,524:hal4000:INFO:message:
2026-03-26 17:13:47,525:hal4000:INFO:  handled by,64,hal,get functionality
2026-03-26 17:13:47,525:hal4000:INFO:message:
2026-03-26 17:13:47,525:hal4000:INFO:  handled by,64,aotf,get functionality
2026-03-26 17:13:47,526:hal4000:INFO:message:
2026-03-26 17:13:47,526:hal4000:INFO:  handled by,64,clemex_stage,get functionality
2026-03-26 17:13:47,526:hal4000:INFO:message:
2026-03-26 17:13:47,526:hal4000:INFO:  handled by,64,coherentGenesis488,get functionality
2026-03-26 17:13:47,526:hal4000:INFO:message:
2026-03-26 17:13:47,527:hal4000:INFO:  handled by,64,coherentGenesis560,get functionality
2026-03-26 17:13:47,527:hal4000:INFO:message:
2026-03-26 17:13:47,527:hal4000:INFO:  handled by,64,display,get functionality
2026-03-26 17:13:47,527:hal4000:INFO:message:
2026-03-26 17:13:47,527:hal4000:INFO:  handled by,64,feeds,get functionality
2026-03-26 17:13:47,528:hal4000:INFO:message:
2026-03-26 17:13:47,528:hal4000:INFO:  handled by,64,film,get functionality
2026-03-26 17:13:47,528:hal4000:INFO:message:
2026-03-26 17:13:47,528:hal4000:INFO:  handled by,64,focuslock,get functionality
2026-03-26 17:13:47,529:hal4000:INFO:message:
2026-03-26 17:13:47,529:hal4000:INFO:  handled by,64,illumination,get functionality
2026-03-26 17:13:47,529:hal4000:INFO:message:
2026-03-26 17:13:47,529:hal4000:INFO:  handled by,64,mosaic,get functionality
2026-03-26 17:13:47,530:hal4000:INFO:message:
2026-03-26 17:13:47,530:hal4000:INFO:  handled by,64,mpb642,get functionality
2026-03-26 17:13:47,530:hal4000:INFO:message:
2026-03-26 17:13:47,530:hal4000:INFO:  handled by,64,none_irlaser,get functionality
2026-03-26 17:13:47,531:hal4000:INFO:message:
2026-03-26 17:13:47,531:hal4000:INFO:  handled by,64,obis405,get functionality
2026-03-26 17:13:47,531:hal4000:INFO:message:
2026-03-26 17:13:47,531:hal4000:INFO:  handled by,64,pi_controller,get functionality
2026-03-26 17:13:47,532:hal4000:INFO:message:
2026-03-26 17:13:47,532:hal4000:INFO:  handled by,64,progressions,get functionality
2026-03-26 17:13:47,532:hal4000:INFO:message:
2026-03-26 17:13:47,532:hal4000:INFO:  handled by,64,scmos_cal,get functionality
2026-03-26 17:13:47,533:hal4000:INFO:message:
2026-03-26 17:13:47,533:hal4000:INFO:  handled by,64,settings,get functionality
2026-03-26 17:13:47,533:hal4000:INFO:message:
2026-03-26 17:13:47,534:hal4000:INFO:  handled by,64,spotcounter,get functionality
2026-03-26 17:13:47,534:hal4000:INFO:message:
2026-03-26 17:13:47,534:hal4000:INFO:  handled by,64,stage,get functionality
2026-03-26 17:13:47,534:hal4000:INFO:message:
2026-03-26 17:13:47,535:hal4000:INFO:  handled by,64,tcp_control,get functionality
2026-03-26 17:13:47,535:hal4000:INFO:message:
2026-03-26 17:13:47,535:hal4000:INFO:  handled by,64,timing,get functionality
2026-03-26 17:13:47,535:hal4000:INFO:message:
2026-03-26 17:13:47,536:hal4000:INFO:  handled by,64,uc480_camera,get functionality
2026-03-26 17:13:47,536:hal4000:INFO:message:
2026-03-26 17:13:47,536:hal4000:INFO:  handled by,64,z_stage,get functionality
2026-03-26 17:13:47,537:hal4000:INFO:message:
2026-03-26 17:13:47,537:hal4000:INFO:  sent,65,illumination,configuration
2026-03-26 17:13:47,539:hal4000:INFO:message:
2026-03-26 17:13:47,540:hal4000:INFO:  handled by,65,hal,configuration
2026-03-26 17:13:47,540:hal4000:INFO:message:
2026-03-26 17:13:47,540:hal4000:INFO:  handled by,65,aotf,configuration
2026-03-26 17:13:47,540:hal4000:INFO:message:
2026-03-26 17:13:47,541:hal4000:INFO:  handled by,65,clemex_stage,configuration
2026-03-26 17:13:47,541:hal4000:INFO:message:
2026-03-26 17:13:47,541:hal4000:INFO:  handled by,65,coherentGenesis488,configuration
2026-03-26 17:13:47,541:hal4000:INFO:message:
2026-03-26 17:13:47,542:hal4000:INFO:  handled by,65,coherentGenesis560,configuration
2026-03-26 17:13:47,542:hal4000:INFO:message:
2026-03-26 17:13:47,542:hal4000:INFO:  handled by,65,display,configuration
2026-03-26 17:13:47,543:hal4000:INFO:message:
2026-03-26 17:13:47,543:hal4000:INFO:  handled by,65,feeds,configuration
2026-03-26 17:13:47,543:hal4000:INFO:message:
2026-03-26 17:13:47,543:hal4000:INFO:  handled by,65,film,configuration
2026-03-26 17:13:47,544:hal4000:INFO:message:
2026-03-26 17:13:47,544:hal4000:INFO:  handled by,65,focuslock,configuration
2026-03-26 17:13:47,544:hal4000:INFO:message:
2026-03-26 17:13:47,544:hal4000:INFO:  handled by,65,illumination,configuration
2026-03-26 17:13:47,544:hal4000:INFO:message:
2026-03-26 17:13:47,545:hal4000:INFO:  handled by,65,mosaic,configuration
2026-03-26 17:13:47,545:hal4000:INFO:message:
2026-03-26 17:13:47,545:hal4000:INFO:  handled by,65,mpb642,configuration
2026-03-26 17:13:47,546:hal4000:INFO:message:
2026-03-26 17:13:47,546:hal4000:INFO:  handled by,65,none_irlaser,configuration
2026-03-26 17:13:47,546:hal4000:INFO:message:
2026-03-26 17:13:47,546:hal4000:INFO:  handled by,65,obis405,configuration
2026-03-26 17:13:47,547:hal4000:INFO:message:
2026-03-26 17:13:47,547:hal4000:INFO:  handled by,65,pi_controller,configuration
2026-03-26 17:13:47,547:hal4000:INFO:message:
2026-03-26 17:13:47,548:hal4000:INFO:  handled by,65,progressions,configuration
2026-03-26 17:13:47,548:hal4000:INFO:message:
2026-03-26 17:13:47,548:hal4000:INFO:  handled by,65,scmos_cal,configuration
2026-03-26 17:13:47,548:hal4000:INFO:message:
2026-03-26 17:13:47,548:hal4000:INFO:  handled by,65,settings,configuration
2026-03-26 17:13:47,549:hal4000:INFO:message:
2026-03-26 17:13:47,549:hal4000:INFO:  handled by,65,spotcounter,configuration
2026-03-26 17:13:47,549:hal4000:INFO:message:
2026-03-26 17:13:47,550:hal4000:INFO:  handled by,65,stage,configuration
2026-03-26 17:13:47,550:hal4000:INFO:message:
2026-03-26 17:13:47,550:hal4000:INFO:  handled by,65,tcp_control,configuration
2026-03-26 17:13:47,550:hal4000:INFO:message:
2026-03-26 17:13:47,551:hal4000:INFO:  handled by,65,timing,configuration
2026-03-26 17:13:47,551:hal4000:INFO:message:
2026-03-26 17:13:47,551:hal4000:INFO:  handled by,65,uc480_camera,configuration
2026-03-26 17:13:47,551:hal4000:INFO:message:
2026-03-26 17:13:47,551:hal4000:INFO:  handled by,65,z_stage,configuration
2026-03-26 17:13:47,844:hal4000:INFO:message:
2026-03-26 17:13:47,844:hal4000:INFO:  handled by,62,camera1,start camera
2026-03-26 17:13:47,845:hal4000:INFO:message:
2026-03-26 17:13:47,845:hal4000:INFO:  processed,62,film,start camera
2026-03-26 17:13:47,845:hal4000:INFO:message:
2026-03-26 17:13:47,845:hal4000:INFO:  worker done,62,film,start camera
2026-03-26 17:13:47,847:hal4000:INFO:message:
2026-03-26 17:13:47,847:hal4000:INFO:  handled by,63,camera1,new shutters file
2026-03-26 17:13:47,847:hal4000:INFO:message:
2026-03-26 17:13:47,847:hal4000:INFO:  processed,63,illumination,new shutters file
2026-03-26 17:13:47,848:hal4000:INFO:message:
2026-03-26 17:13:47,848:hal4000:INFO:  handled by,64,camera1,get functionality
2026-03-26 17:13:47,848:hal4000:INFO:message:
2026-03-26 17:13:47,848:hal4000:INFO:  processed,64,spotcounter,get functionality
2026-03-26 17:13:47,849:hal4000:INFO:message:
2026-03-26 17:13:47,850:hal4000:INFO:  handled by,65,camera1,configuration
2026-03-26 17:13:47,850:hal4000:INFO:message:
2026-03-26 17:13:47,850:hal4000:INFO:  processed,65,illumination,configuration
2026-03-26 17:14:01,885:hal4000:INFO:message:
2026-03-26 17:14:01,886:hal4000:INFO:  queued,66,hal,close event
2026-03-26 17:14:02,262:hal4000:INFO:message:
2026-03-26 17:14:02,263:hal4000:INFO:  uc480: Call failed with error 1 is_CopyImageMem
