2026-03-26 16:40:22,540:hal4000:INFO:message:
2026-03-26 16:40:22,541:hal4000:INFO:  handled by,57,scmos_cal,get functionality
2026-03-26 16:40:22,541:hal4000:INFO:message:
2026-03-26 16:40:22,541:hal4000:INFO:  handled by,57,settings,get functionality
2026-03-26 16:40:22,541:hal4000:INFO:message:
2026-03-26 16:40:22,542:hal4000:INFO:  handled by,57,spotcounter,get functionality
2026-03-26 16:40:22,542:hal4000:INFO:message:
2026-03-26 16:40:22,542:hal4000:INFO:  handled by,57,stage,get functionality
2026-03-26 16:40:22,542:hal4000:INFO:message:
2026-03-26 16:40:22,542:hal4000:INFO:  handled by,57,tcp_control,get functionality
2026-03-26 16:40:22,543:hal4000:INFO:message:
2026-03-26 16:40:22,543:hal4000:INFO:  handled by,57,timing,get functionality
2026-03-26 16:40:22,543:hal4000:INFO:message:
2026-03-26 16:40:22,543:hal4000:INFO:  handled by,57,uc480_camera,get functionality
2026-03-26 16:40:22,543:hal4000:INFO:message:
2026-03-26 16:40:22,543:hal4000:INFO:  handled by,57,z_stage,get functionality
2026-03-26 16:40:22,543:hal4000:INFO:message:
2026-03-26 16:40:22,544:hal4000:INFO:  processed,57,scmos_cal,get functionality
2026-03-26 16:40:22,545:hal4000:INFO:message:
2026-03-26 16:40:22,546:hal4000:INFO:  sent,3,core,start
2026-03-26 16:40:22,571:hal4000:INFO:message:
2026-03-26 16:40:22,572:hal4000:INFO:  queued,58,hal,change directory
2026-03-26 16:40:22,572:hal4000:INFO:message:
2026-03-26 16:40:22,572:hal4000:INFO:  handled by,3,hal,start
2026-03-26 16:40:22,572:hal4000:INFO:message:
2026-03-26 16:40:22,573:hal4000:INFO:  handled by,3,aotf,start
2026-03-26 16:40:22,573:hal4000:INFO:message:
2026-03-26 16:40:22,573:hal4000:INFO:  handled by,3,camera1,start
2026-03-26 16:40:22,573:hal4000:INFO:message:
2026-03-26 16:40:22,573:hal4000:INFO:  handled by,3,clemex_stage,start
2026-03-26 16:40:22,574:hal4000:INFO:message:
2026-03-26 16:40:22,574:hal4000:INFO:  handled by,3,coherentGenesis488,start
2026-03-26 16:40:22,574:hal4000:INFO:message:
2026-03-26 16:40:22,574:hal4000:INFO:  handled by,3,coherentGenesis560,start
2026-03-26 16:40:22,575:hal4000:INFO:message:
2026-03-26 16:40:22,575:hal4000:INFO:  queued,59,display,get functionality
2026-03-26 16:40:22,575:hal4000:INFO:message:
2026-03-26 16:40:22,575:hal4000:INFO:  handled by,3,display,start
2026-03-26 16:40:22,575:hal4000:INFO:message:
2026-03-26 16:40:22,575:hal4000:INFO:  handled by,3,feeds,start
2026-03-26 16:40:22,576:hal4000:INFO:message:
2026-03-26 16:40:22,576:hal4000:INFO:  queued,60,film,start camera
2026-03-26 16:40:22,576:hal4000:INFO:message:
2026-03-26 16:40:22,576:hal4000:INFO:  queued,61,film,sync
2026-03-26 16:40:22,576:hal4000:INFO:message:
2026-03-26 16:40:22,576:hal4000:INFO:  queued,62,film,start camera
2026-03-26 16:40:22,577:hal4000:INFO:message:
2026-03-26 16:40:22,577:hal4000:INFO:  handled by,3,film,start
2026-03-26 16:40:22,586:hal4000:INFO:message:
2026-03-26 16:40:22,586:hal4000:INFO:  handled by,3,focuslock,start
2026-03-26 16:40:22,596:hal4000:INFO:message:
2026-03-26 16:40:22,596:hal4000:INFO:  queued,63,illumination,new shutters file
2026-03-26 16:40:22,603:hal4000:INFO:message:
2026-03-26 16:40:22,603:hal4000:INFO:  handled by,3,illumination,start
2026-03-26 16:40:22,604:hal4000:INFO:message:
2026-03-26 16:40:22,604:hal4000:INFO:  handled by,3,mosaic,start
2026-03-26 16:40:22,604:hal4000:INFO:message:
2026-03-26 16:40:22,604:hal4000:INFO:  handled by,3,mpb642,start
2026-03-26 16:40:22,605:hal4000:INFO:message:
2026-03-26 16:40:22,605:hal4000:INFO:  handled by,3,none_irlaser,start
2026-03-26 16:40:22,605:hal4000:INFO:message:
2026-03-26 16:40:22,605:hal4000:INFO:  handled by,3,obis405,start
2026-03-26 16:40:22,606:hal4000:INFO:message:
2026-03-26 16:40:22,606:hal4000:INFO:  handled by,3,pi_controller,start
2026-03-26 16:40:22,606:hal4000:INFO:message:
2026-03-26 16:40:22,606:hal4000:INFO:  handled by,3,progressions,start
2026-03-26 16:40:22,606:hal4000:INFO:message:
2026-03-26 16:40:22,607:hal4000:INFO:  handled by,3,scmos_cal,start
2026-03-26 16:40:22,607:hal4000:INFO:message:
2026-03-26 16:40:22,607:hal4000:INFO:  handled by,3,settings,start
2026-03-26 16:40:22,607:hal4000:INFO:message:
2026-03-26 16:40:22,608:hal4000:INFO:  queued,64,spotcounter,get functionality
2026-03-26 16:40:22,608:hal4000:INFO:message:
2026-03-26 16:40:22,608:hal4000:INFO:  handled by,3,spotcounter,start
2026-03-26 16:40:22,616:hal4000:INFO:message:
2026-03-26 16:40:22,616:hal4000:INFO:  handled by,3,stage,start
2026-03-26 16:40:22,616:hal4000:INFO:message:
2026-03-26 16:40:22,617:hal4000:INFO:  handled by,3,tcp_control,start
2026-03-26 16:40:22,617:hal4000:INFO:message:
2026-03-26 16:40:22,617:hal4000:INFO:  handled by,3,timing,start
2026-03-26 16:40:22,618:hal4000:INFO:message:
2026-03-26 16:40:22,618:hal4000:INFO:  handled by,3,uc480_camera,start
2026-03-26 16:40:22,624:hal4000:INFO:message:
2026-03-26 16:40:22,625:hal4000:INFO:  handled by,3,z_stage,start
2026-03-26 16:40:22,625:hal4000:INFO:message:
2026-03-26 16:40:22,625:hal4000:INFO:  processed,3,core,start
2026-03-26 16:40:22,701:hal4000:INFO:message:
2026-03-26 16:40:22,702:hal4000:INFO:  sent,58,hal,change directory
2026-03-26 16:40:22,734:hal4000:INFO:message:
2026-03-26 16:40:22,734:hal4000:INFO:  handled by,58,hal,change directory
2026-03-26 16:40:22,735:hal4000:INFO:message:
2026-03-26 16:40:22,735:hal4000:INFO:  handled by,58,aotf,change directory
2026-03-26 16:40:22,735:hal4000:INFO:message:
2026-03-26 16:40:22,735:hal4000:INFO:  handled by,58,camera1,change directory
2026-03-26 16:40:22,735:hal4000:INFO:message:
2026-03-26 16:40:22,735:hal4000:INFO:  handled by,58,clemex_stage,change directory
2026-03-26 16:40:22,735:hal4000:INFO:message:
2026-03-26 16:40:22,736:hal4000:INFO:  handled by,58,coherentGenesis488,change directory
2026-03-26 16:40:22,736:hal4000:INFO:message:
2026-03-26 16:40:22,736:hal4000:INFO:  handled by,58,coherentGenesis560,change directory
2026-03-26 16:40:22,736:hal4000:INFO:message:
2026-03-26 16:40:22,736:hal4000:INFO:  handled by,58,display,change directory
2026-03-26 16:40:22,736:hal4000:INFO:message:
2026-03-26 16:40:22,737:hal4000:INFO:  handled by,58,feeds,change directory
2026-03-26 16:40:22,737:hal4000:INFO:message:
2026-03-26 16:40:22,737:hal4000:INFO:  handled by,58,film,change directory
2026-03-26 16:40:22,737:hal4000:INFO:message:
2026-03-26 16:40:22,737:hal4000:INFO:  handled by,58,focuslock,change directory
2026-03-26 16:40:22,738:hal4000:INFO:message:
2026-03-26 16:40:22,738:hal4000:INFO:  handled by,58,illumination,change directory
2026-03-26 16:40:22,738:hal4000:INFO:message:
2026-03-26 16:40:22,738:hal4000:INFO:  handled by,58,mosaic,change directory
2026-03-26 16:40:22,738:hal4000:INFO:message:
2026-03-26 16:40:22,738:hal4000:INFO:  handled by,58,mpb642,change directory
2026-03-26 16:40:22,739:hal4000:INFO:message:
2026-03-26 16:40:22,739:hal4000:INFO:  handled by,58,none_irlaser,change directory
2026-03-26 16:40:22,739:hal4000:INFO:message:
2026-03-26 16:40:22,739:hal4000:INFO:  handled by,58,obis405,change directory
2026-03-26 16:40:22,739:hal4000:INFO:message:
2026-03-26 16:40:22,739:hal4000:INFO:  handled by,58,pi_controller,change directory
2026-03-26 16:40:22,739:hal4000:INFO:message:
2026-03-26 16:40:22,740:hal4000:INFO:  handled by,58,progressions,change directory
2026-03-26 16:40:22,740:hal4000:INFO:message:
2026-03-26 16:40:22,740:hal4000:INFO:  handled by,58,scmos_cal,change directory
2026-03-26 16:40:22,740:hal4000:INFO:message:
2026-03-26 16:40:22,740:hal4000:INFO:  handled by,58,settings,change directory
2026-03-26 16:40:22,741:hal4000:INFO:message:
2026-03-26 16:40:22,741:hal4000:INFO:  handled by,58,spotcounter,change directory
2026-03-26 16:40:22,741:hal4000:INFO:message:
2026-03-26 16:40:22,741:hal4000:INFO:  handled by,58,stage,change directory
2026-03-26 16:40:22,741:hal4000:INFO:message:
2026-03-26 16:40:22,741:hal4000:INFO:  handled by,58,tcp_control,change directory
2026-03-26 16:40:22,741:hal4000:INFO:message:
2026-03-26 16:40:22,742:hal4000:INFO:  handled by,58,timing,change directory
2026-03-26 16:40:22,742:hal4000:INFO:message:
2026-03-26 16:40:22,742:hal4000:INFO:  handled by,58,uc480_camera,change directory
2026-03-26 16:40:22,742:hal4000:INFO:message:
2026-03-26 16:40:22,742:hal4000:INFO:  handled by,58,z_stage,change directory
2026-03-26 16:40:22,742:hal4000:INFO:message:
2026-03-26 16:40:22,743:hal4000:INFO:  processed,58,hal,change directory
2026-03-26 16:40:22,743:hal4000:INFO:message:
2026-03-26 16:40:22,743:hal4000:INFO:  sent,59,display,get functionality
2026-03-26 16:40:22,744:hal4000:INFO:message:
2026-03-26 16:40:22,744:hal4000:INFO:  handled by,59,hal,get functionality
2026-03-26 16:40:22,744:hal4000:INFO:message:
2026-03-26 16:40:22,744:hal4000:INFO:  handled by,59,aotf,get functionality
2026-03-26 16:40:22,744:hal4000:INFO:message:
2026-03-26 16:40:22,745:hal4000:INFO:  handled by,59,camera1,get functionality
2026-03-26 16:40:22,745:hal4000:INFO:message:
2026-03-26 16:40:22,745:hal4000:INFO:  handled by,59,clemex_stage,get functionality
2026-03-26 16:40:22,745:hal4000:INFO:message:
2026-03-26 16:40:22,745:hal4000:INFO:  handled by,59,coherentGenesis488,get functionality
2026-03-26 16:40:22,745:hal4000:INFO:message:
2026-03-26 16:40:22,746:hal4000:INFO:  handled by,59,coherentGenesis560,get functionality
2026-03-26 16:40:22,746:hal4000:INFO:message:
2026-03-26 16:40:22,746:hal4000:INFO:  handled by,59,display,get functionality
2026-03-26 16:40:22,746:hal4000:INFO:message:
2026-03-26 16:40:22,746:hal4000:INFO:  handled by,59,feeds,get functionality
2026-03-26 16:40:22,746:hal4000:INFO:message:
2026-03-26 16:40:22,746:hal4000:INFO:  handled by,59,film,get functionality
2026-03-26 16:40:22,747:hal4000:INFO:message:
2026-03-26 16:40:22,747:hal4000:INFO:  handled by,59,focuslock,get functionality
2026-03-26 16:40:22,747:hal4000:INFO:message:
2026-03-26 16:40:22,747:hal4000:INFO:  handled by,59,illumination,get functionality
2026-03-26 16:40:22,747:hal4000:INFO:message:
2026-03-26 16:40:22,747:hal4000:INFO:  handled by,59,mosaic,get functionality
2026-03-26 16:40:22,748:hal4000:INFO:message:
2026-03-26 16:40:22,748:hal4000:INFO:  handled by,59,mpb642,get functionality
2026-03-26 16:40:22,748:hal4000:INFO:message:
2026-03-26 16:40:22,748:hal4000:INFO:  handled by,59,none_irlaser,get functionality
2026-03-26 16:40:22,748:hal4000:INFO:message:
2026-03-26 16:40:22,748:hal4000:INFO:  handled by,59,obis405,get functionality
2026-03-26 16:40:22,748:hal4000:INFO:message:
2026-03-26 16:40:22,749:hal4000:INFO:  handled by,59,pi_controller,get functionality
2026-03-26 16:40:22,749:hal4000:INFO:message:
2026-03-26 16:40:22,749:hal4000:INFO:  handled by,59,progressions,get functionality
2026-03-26 16:40:22,749:hal4000:INFO:message:
2026-03-26 16:40:22,749:hal4000:INFO:  handled by,59,scmos_cal,get functionality
2026-03-26 16:40:22,749:hal4000:INFO:message:
2026-03-26 16:40:22,750:hal4000:INFO:  handled by,59,settings,get functionality
2026-03-26 16:40:22,750:hal4000:INFO:message:
2026-03-26 16:40:22,750:hal4000:INFO:  handled by,59,spotcounter,get functionality
2026-03-26 16:40:22,750:hal4000:INFO:message:
2026-03-26 16:40:22,750:hal4000:INFO:  handled by,59,stage,get functionality
2026-03-26 16:40:22,750:hal4000:INFO:message:
2026-03-26 16:40:22,750:hal4000:INFO:  handled by,59,tcp_control,get functionality
2026-03-26 16:40:22,751:hal4000:INFO:message:
2026-03-26 16:40:22,751:hal4000:INFO:  handled by,59,timing,get functionality
2026-03-26 16:40:22,751:hal4000:INFO:message:
2026-03-26 16:40:22,751:hal4000:INFO:  handled by,59,uc480_camera,get functionality
2026-03-26 16:40:22,751:hal4000:INFO:message:
2026-03-26 16:40:22,751:hal4000:INFO:  handled by,59,z_stage,get functionality
2026-03-26 16:40:22,751:hal4000:INFO:message:
2026-03-26 16:40:22,752:hal4000:INFO:  processed,59,display,get functionality
2026-03-26 16:40:22,753:hal4000:INFO:message:
2026-03-26 16:40:22,754:hal4000:INFO:  sent,60,film,start camera
2026-03-26 16:40:22,764:hal4000:INFO:message:
2026-03-26 16:40:22,764:hal4000:INFO:  handled by,60,hal,start camera
2026-03-26 16:40:22,765:hal4000:INFO:message:
2026-03-26 16:40:22,765:hal4000:INFO:  handled by,60,aotf,start camera
2026-03-26 16:40:22,765:hal4000:INFO:message:
2026-03-26 16:40:22,765:hal4000:INFO:  handled by,60,camera1,start camera
2026-03-26 16:40:22,765:hal4000:INFO:message:
2026-03-26 16:40:22,765:hal4000:INFO:  handled by,60,clemex_stage,start camera
2026-03-26 16:40:22,766:hal4000:INFO:message:
2026-03-26 16:40:22,766:hal4000:INFO:  handled by,60,coherentGenesis488,start camera
2026-03-26 16:40:22,766:hal4000:INFO:message:
2026-03-26 16:40:22,766:hal4000:INFO:  handled by,60,coherentGenesis560,start camera
2026-03-26 16:40:22,766:hal4000:INFO:message:
2026-03-26 16:40:22,766:hal4000:INFO:  handled by,60,display,start camera
2026-03-26 16:40:22,767:hal4000:INFO:message:
2026-03-26 16:40:22,767:hal4000:INFO:  handled by,60,feeds,start camera
2026-03-26 16:40:22,767:hal4000:INFO:message:
2026-03-26 16:40:22,767:hal4000:INFO:  handled by,60,film,start camera
2026-03-26 16:40:22,768:hal4000:INFO:message:
2026-03-26 16:40:22,768:hal4000:INFO:  handled by,60,focuslock,start camera
2026-03-26 16:40:22,768:hal4000:INFO:message:
2026-03-26 16:40:22,768:hal4000:INFO:  handled by,60,illumination,start camera
2026-03-26 16:40:22,769:hal4000:INFO:message:
2026-03-26 16:40:22,769:hal4000:INFO:  handled by,60,mosaic,start camera
2026-03-26 16:40:22,769:hal4000:INFO:message:
2026-03-26 16:40:22,769:hal4000:INFO:  handled by,60,mpb642,start camera
2026-03-26 16:40:22,769:hal4000:INFO:message:
2026-03-26 16:40:22,770:hal4000:INFO:  handled by,60,none_irlaser,start camera
2026-03-26 16:40:22,770:hal4000:INFO:message:
2026-03-26 16:40:22,770:hal4000:INFO:  handled by,60,obis405,start camera
2026-03-26 16:40:22,770:hal4000:INFO:message:
2026-03-26 16:40:22,770:hal4000:INFO:  handled by,60,pi_controller,start camera
2026-03-26 16:40:22,771:hal4000:INFO:message:
2026-03-26 16:40:22,771:hal4000:INFO:  handled by,60,progressions,start camera
2026-03-26 16:40:22,771:hal4000:INFO:message:
2026-03-26 16:40:22,771:hal4000:INFO:  handled by,60,scmos_cal,start camera
2026-03-26 16:40:22,772:hal4000:INFO:message:
2026-03-26 16:40:22,772:hal4000:INFO:  handled by,60,settings,start camera
2026-03-26 16:40:22,772:hal4000:INFO:message:
2026-03-26 16:40:22,772:hal4000:INFO:  handled by,60,spotcounter,start camera
2026-03-26 16:40:22,772:hal4000:INFO:message:
2026-03-26 16:40:22,773:hal4000:INFO:  handled by,60,stage,start camera
2026-03-26 16:40:22,773:hal4000:INFO:message:
2026-03-26 16:40:22,773:hal4000:INFO:  handled by,60,tcp_control,start camera
2026-03-26 16:40:22,773:hal4000:INFO:message:
2026-03-26 16:40:22,773:hal4000:INFO:  handled by,60,timing,start camera
2026-03-26 16:40:22,774:hal4000:INFO:message:
2026-03-26 16:40:22,774:hal4000:INFO:  handled by,60,uc480_camera,start camera
2026-03-26 16:40:22,774:hal4000:INFO:message:
2026-03-26 16:40:22,774:hal4000:INFO:  handled by,60,z_stage,start camera
2026-03-26 16:40:22,775:hal4000:INFO:message:
2026-03-26 16:40:22,775:hal4000:INFO:  processed,60,film,start camera
2026-03-26 16:40:22,776:hal4000:INFO:message:
2026-03-26 16:40:22,777:hal4000:INFO:  sent,62,film,start camera
2026-03-26 16:40:22,778:hal4000:INFO:message:
2026-03-26 16:40:22,778:hal4000:INFO:  handled by,62,hal,start camera
2026-03-26 16:40:22,778:hal4000:INFO:message:
2026-03-26 16:40:22,778:hal4000:INFO:  handled by,62,aotf,start camera
2026-03-26 16:40:22,779:hal4000:INFO:message:
2026-03-26 16:40:22,779:hal4000:INFO:  handled by,62,camera1,start camera
2026-03-26 16:40:22,780:hal4000:INFO:message:
2026-03-26 16:40:22,780:hal4000:INFO:  handled by,62,clemex_stage,start camera
2026-03-26 16:40:22,780:hal4000:INFO:message:
2026-03-26 16:40:22,780:hal4000:INFO:  handled by,62,coherentGenesis488,start camera
2026-03-26 16:40:22,781:hal4000:INFO:message:
2026-03-26 16:40:22,781:hal4000:INFO:  handled by,62,coherentGenesis560,start camera
2026-03-26 16:40:22,781:hal4000:INFO:message:
2026-03-26 16:40:22,781:hal4000:INFO:  handled by,62,display,start camera
2026-03-26 16:40:22,782:hal4000:INFO:message:
2026-03-26 16:40:22,782:hal4000:INFO:  handled by,62,feeds,start camera
2026-03-26 16:40:22,785:hal4000:INFO:message:
2026-03-26 16:40:22,785:hal4000:INFO:  handled by,62,film,start camera
2026-03-26 16:40:22,786:hal4000:INFO:message:
2026-03-26 16:40:22,786:hal4000:INFO:  handled by,62,focuslock,start camera
2026-03-26 16:40:22,787:hal4000:INFO:message:
2026-03-26 16:40:22,787:hal4000:INFO:  handled by,62,illumination,start camera
2026-03-26 16:40:22,787:hal4000:INFO:message:
2026-03-26 16:40:22,787:hal4000:INFO:  handled by,62,mosaic,start camera
2026-03-26 16:40:22,787:hal4000:INFO:message:
2026-03-26 16:40:22,788:hal4000:INFO:  handled by,62,mpb642,start camera
2026-03-26 16:40:22,788:hal4000:INFO:message:
2026-03-26 16:40:22,788:hal4000:INFO:  handled by,62,none_irlaser,start camera
2026-03-26 16:40:22,788:hal4000:INFO:message:
2026-03-26 16:40:22,788:hal4000:INFO:  handled by,62,obis405,start camera
2026-03-26 16:40:22,789:hal4000:INFO:message:
2026-03-26 16:40:22,789:hal4000:INFO:  handled by,62,pi_controller,start camera
2026-03-26 16:40:22,789:hal4000:INFO:message:
2026-03-26 16:40:22,789:hal4000:INFO:  handled by,62,progressions,start camera
2026-03-26 16:40:22,789:hal4000:INFO:message:
2026-03-26 16:40:22,790:hal4000:INFO:  handled by,62,scmos_cal,start camera
2026-03-26 16:40:22,790:hal4000:INFO:message:
2026-03-26 16:40:22,790:hal4000:INFO:  handled by,62,settings,start camera
2026-03-26 16:40:22,790:hal4000:INFO:message:
2026-03-26 16:40:22,790:hal4000:INFO:  handled by,62,spotcounter,start camera
2026-03-26 16:40:22,791:hal4000:INFO:message:
2026-03-26 16:40:22,791:hal4000:INFO:  handled by,62,stage,start camera
2026-03-26 16:40:22,791:hal4000:INFO:message:
2026-03-26 16:40:22,791:hal4000:INFO:  handled by,62,tcp_control,start camera
2026-03-26 16:40:22,792:hal4000:INFO:message:
2026-03-26 16:40:22,792:hal4000:INFO:  handled by,62,timing,start camera
2026-03-26 16:40:22,792:hal4000:INFO:message:
2026-03-26 16:40:22,792:hal4000:INFO:  handled by,62,uc480_camera,start camera
2026-03-26 16:40:22,793:hal4000:INFO:message:
2026-03-26 16:40:22,793:hal4000:INFO:  handled by,62,z_stage,start camera
2026-03-26 16:40:22,794:hal4000:INFO:message:
2026-03-26 16:40:22,794:hal4000:INFO:  sent,63,illumination,new shutters file
2026-03-26 16:40:22,794:hal4000:INFO:message:
2026-03-26 16:40:22,794:hal4000:INFO:  worker started 60000,62,film,start camera
2026-03-26 16:40:22,794:hal4000:INFO:message:
2026-03-26 16:40:22,795:hal4000:INFO:  handled by,63,hal,new shutters file
2026-03-26 16:40:22,795:hal4000:INFO:message:
2026-03-26 16:40:22,795:hal4000:INFO:  handled by,63,aotf,new shutters file
2026-03-26 16:40:22,795:hal4000:INFO:message:
2026-03-26 16:40:22,796:hal4000:INFO:  handled by,63,clemex_stage,new shutters file
2026-03-26 16:40:22,796:hal4000:INFO:message:
2026-03-26 16:40:22,796:hal4000:INFO:  handled by,63,coherentGenesis488,new shutters file
2026-03-26 16:40:22,796:hal4000:INFO:message:
2026-03-26 16:40:22,797:hal4000:INFO:  handled by,63,coherentGenesis560,new shutters file
2026-03-26 16:40:22,797:hal4000:INFO:message:
2026-03-26 16:40:22,797:hal4000:INFO:  handled by,63,display,new shutters file
2026-03-26 16:40:22,797:hal4000:INFO:message:
2026-03-26 16:40:22,798:hal4000:INFO:  handled by,63,feeds,new shutters file
2026-03-26 16:40:22,798:hal4000:INFO:message:
2026-03-26 16:40:22,798:hal4000:INFO:  handled by,63,film,new shutters file
2026-03-26 16:40:22,799:hal4000:INFO:message:
2026-03-26 16:40:22,799:hal4000:INFO:  handled by,63,focuslock,new shutters file
2026-03-26 16:40:22,800:hal4000:INFO:message:
2026-03-26 16:40:22,800:hal4000:INFO:  queued,65,illumination,configuration
2026-03-26 16:40:22,800:hal4000:INFO:message:
2026-03-26 16:40:22,800:hal4000:INFO:  handled by,63,illumination,new shutters file
2026-03-26 16:40:22,801:hal4000:INFO:message:
2026-03-26 16:40:22,801:hal4000:INFO:  handled by,63,mosaic,new shutters file
2026-03-26 16:40:22,801:hal4000:INFO:message:
2026-03-26 16:40:22,801:hal4000:INFO:  handled by,63,mpb642,new shutters file
2026-03-26 16:40:22,801:hal4000:INFO:message:
2026-03-26 16:40:22,802:hal4000:INFO:  handled by,63,none_irlaser,new shutters file
2026-03-26 16:40:22,802:hal4000:INFO:message:
2026-03-26 16:40:22,802:hal4000:INFO:  handled by,63,obis405,new shutters file
2026-03-26 16:40:22,802:hal4000:INFO:message:
2026-03-26 16:40:22,803:hal4000:INFO:  handled by,63,pi_controller,new shutters file
2026-03-26 16:40:22,803:hal4000:INFO:message:
2026-03-26 16:40:22,803:hal4000:INFO:  handled by,63,progressions,new shutters file
2026-03-26 16:40:22,803:hal4000:INFO:message:
2026-03-26 16:40:22,803:hal4000:INFO:  handled by,63,scmos_cal,new shutters file
2026-03-26 16:40:22,804:hal4000:INFO:message:
2026-03-26 16:40:22,804:hal4000:INFO:  handled by,63,settings,new shutters file
2026-03-26 16:40:22,804:hal4000:INFO:message:
2026-03-26 16:40:22,804:hal4000:INFO:  handled by,63,spotcounter,new shutters file
2026-03-26 16:40:22,805:hal4000:INFO:message:
2026-03-26 16:40:22,805:hal4000:INFO:  handled by,63,stage,new shutters file
2026-03-26 16:40:22,805:hal4000:INFO:message:
2026-03-26 16:40:22,806:hal4000:INFO:  handled by,63,tcp_control,new shutters file
2026-03-26 16:40:22,806:hal4000:INFO:message:
2026-03-26 16:40:22,806:hal4000:INFO:  handled by,63,timing,new shutters file
2026-03-26 16:40:22,806:hal4000:INFO:message:
2026-03-26 16:40:22,806:hal4000:INFO:  handled by,63,uc480_camera,new shutters file
2026-03-26 16:40:22,807:hal4000:INFO:message:
2026-03-26 16:40:22,807:hal4000:INFO:  handled by,63,z_stage,new shutters file
2026-03-26 16:40:22,807:hal4000:INFO:message:
2026-03-26 16:40:22,807:hal4000:INFO:  sent,64,spotcounter,get functionality
2026-03-26 16:40:22,808:hal4000:INFO:message:
2026-03-26 16:40:22,808:hal4000:INFO:  handled by,64,hal,get functionality
2026-03-26 16:40:22,808:hal4000:INFO:message:
2026-03-26 16:40:22,809:hal4000:INFO:  handled by,64,aotf,get functionality
2026-03-26 16:40:22,809:hal4000:INFO:message:
2026-03-26 16:40:22,809:hal4000:INFO:  handled by,64,clemex_stage,get functionality
2026-03-26 16:40:22,809:hal4000:INFO:message:
2026-03-26 16:40:22,809:hal4000:INFO:  handled by,64,coherentGenesis488,get functionality
2026-03-26 16:40:22,810:hal4000:INFO:message:
2026-03-26 16:40:22,810:hal4000:INFO:  handled by,64,coherentGenesis560,get functionality
2026-03-26 16:40:22,810:hal4000:INFO:message:
2026-03-26 16:40:22,810:hal4000:INFO:  handled by,64,display,get functionality
2026-03-26 16:40:22,811:hal4000:INFO:message:
2026-03-26 16:40:22,811:hal4000:INFO:  handled by,64,feeds,get functionality
2026-03-26 16:40:22,812:hal4000:INFO:message:
2026-03-26 16:40:22,812:hal4000:INFO:  handled by,64,film,get functionality
2026-03-26 16:40:22,812:hal4000:INFO:message:
2026-03-26 16:40:22,812:hal4000:INFO:  handled by,64,focuslock,get functionality
2026-03-26 16:40:22,813:hal4000:INFO:message:
2026-03-26 16:40:22,813:hal4000:INFO:  handled by,64,illumination,get functionality
2026-03-26 16:40:22,813:hal4000:INFO:message:
2026-03-26 16:40:22,813:hal4000:INFO:  handled by,64,mosaic,get functionality
2026-03-26 16:40:22,813:hal4000:INFO:message:
2026-03-26 16:40:22,814:hal4000:INFO:  handled by,64,mpb642,get functionality
2026-03-26 16:40:22,814:hal4000:INFO:message:
2026-03-26 16:40:22,814:hal4000:INFO:  handled by,64,none_irlaser,get functionality
2026-03-26 16:40:22,814:hal4000:INFO:message:
2026-03-26 16:40:22,815:hal4000:INFO:  handled by,64,obis405,get functionality
2026-03-26 16:40:22,815:hal4000:INFO:message:
2026-03-26 16:40:22,815:hal4000:INFO:  handled by,64,pi_controller,get functionality
2026-03-26 16:40:22,815:hal4000:INFO:message:
2026-03-26 16:40:22,815:hal4000:INFO:  handled by,64,progressions,get functionality
2026-03-26 16:40:22,816:hal4000:INFO:message:
2026-03-26 16:40:22,816:hal4000:INFO:  handled by,64,scmos_cal,get functionality
2026-03-26 16:40:22,816:hal4000:INFO:message:
2026-03-26 16:40:22,816:hal4000:INFO:  handled by,64,settings,get functionality
2026-03-26 16:40:22,816:hal4000:INFO:message:
2026-03-26 16:40:22,817:hal4000:INFO:  handled by,64,spotcounter,get functionality
2026-03-26 16:40:22,817:hal4000:INFO:message:
2026-03-26 16:40:22,817:hal4000:INFO:  handled by,64,stage,get functionality
2026-03-26 16:40:22,818:hal4000:INFO:message:
2026-03-26 16:40:22,818:hal4000:INFO:  handled by,64,tcp_control,get functionality
2026-03-26 16:40:22,818:hal4000:INFO:message:
2026-03-26 16:40:22,818:hal4000:INFO:  handled by,64,timing,get functionality
2026-03-26 16:40:22,819:hal4000:INFO:message:
2026-03-26 16:40:22,819:hal4000:INFO:  handled by,64,uc480_camera,get functionality
2026-03-26 16:40:22,819:hal4000:INFO:message:
2026-03-26 16:40:22,819:hal4000:INFO:  handled by,64,z_stage,get functionality
2026-03-26 16:40:22,820:hal4000:INFO:message:
2026-03-26 16:40:22,820:hal4000:INFO:  sent,65,illumination,configuration
2026-03-26 16:40:22,822:hal4000:INFO:message:
2026-03-26 16:40:22,822:hal4000:INFO:  handled by,65,hal,configuration
2026-03-26 16:40:22,823:hal4000:INFO:message:
2026-03-26 16:40:22,823:hal4000:INFO:  handled by,65,aotf,configuration
2026-03-26 16:40:22,823:hal4000:INFO:message:
2026-03-26 16:40:22,823:hal4000:INFO:  handled by,65,clemex_stage,configuration
2026-03-26 16:40:22,823:hal4000:INFO:message:
2026-03-26 16:40:22,824:hal4000:INFO:  handled by,65,coherentGenesis488,configuration
2026-03-26 16:40:22,824:hal4000:INFO:message:
2026-03-26 16:40:22,824:hal4000:INFO:  handled by,65,coherentGenesis560,configuration
2026-03-26 16:40:22,824:hal4000:INFO:message:
2026-03-26 16:40:22,824:hal4000:INFO:  handled by,65,display,configuration
2026-03-26 16:40:22,825:hal4000:INFO:message:
2026-03-26 16:40:22,825:hal4000:INFO:  handled by,65,feeds,configuration
2026-03-26 16:40:22,825:hal4000:INFO:message:
2026-03-26 16:40:22,825:hal4000:INFO:  handled by,65,film,configuration
2026-03-26 16:40:22,826:hal4000:INFO:message:
2026-03-26 16:40:22,826:hal4000:INFO:  handled by,65,focuslock,configuration
2026-03-26 16:40:22,826:hal4000:INFO:message:
2026-03-26 16:40:22,826:hal4000:INFO:  handled by,65,illumination,configuration
2026-03-26 16:40:22,827:hal4000:INFO:message:
2026-03-26 16:40:22,827:hal4000:INFO:  handled by,65,mosaic,configuration
2026-03-26 16:40:22,827:hal4000:INFO:message:
2026-03-26 16:40:22,827:hal4000:INFO:  handled by,65,mpb642,configuration
2026-03-26 16:40:22,827:hal4000:INFO:message:
2026-03-26 16:40:22,827:hal4000:INFO:  handled by,65,none_irlaser,configuration
2026-03-26 16:40:22,828:hal4000:INFO:message:
2026-03-26 16:40:22,828:hal4000:INFO:  handled by,65,obis405,configuration
2026-03-26 16:40:22,828:hal4000:INFO:message:
2026-03-26 16:40:22,828:hal4000:INFO:  handled by,65,pi_controller,configuration
2026-03-26 16:40:22,829:hal4000:INFO:message:
2026-03-26 16:40:22,829:hal4000:INFO:  handled by,65,progressions,configuration
2026-03-26 16:40:22,829:hal4000:INFO:message:
2026-03-26 16:40:22,830:hal4000:INFO:  handled by,65,scmos_cal,configuration
2026-03-26 16:40:22,830:hal4000:INFO:message:
2026-03-26 16:40:22,830:hal4000:INFO:  handled by,65,settings,configuration
2026-03-26 16:40:22,830:hal4000:INFO:message:
2026-03-26 16:40:22,830:hal4000:INFO:  handled by,65,spotcounter,configuration
2026-03-26 16:40:22,831:hal4000:INFO:message:
2026-03-26 16:40:22,831:hal4000:INFO:  handled by,65,stage,configuration
2026-03-26 16:40:22,831:hal4000:INFO:message:
2026-03-26 16:40:22,831:hal4000:INFO:  handled by,65,tcp_control,configuration
2026-03-26 16:40:22,832:hal4000:INFO:message:
2026-03-26 16:40:22,832:hal4000:INFO:  handled by,65,timing,configuration
2026-03-26 16:40:22,832:hal4000:INFO:message:
2026-03-26 16:40:22,832:hal4000:INFO:  handled by,65,uc480_camera,configuration
2026-03-26 16:40:22,832:hal4000:INFO:message:
2026-03-26 16:40:22,833:hal4000:INFO:  handled by,65,z_stage,configuration
2026-03-26 16:40:23,126:hal4000:INFO:message:
2026-03-26 16:40:23,126:hal4000:INFO:  handled by,62,camera1,start camera
2026-03-26 16:40:23,126:hal4000:INFO:message:
2026-03-26 16:40:23,126:hal4000:INFO:  processed,62,film,start camera
2026-03-26 16:40:23,127:hal4000:INFO:message:
2026-03-26 16:40:23,127:hal4000:INFO:  worker done,62,film,start camera
2026-03-26 16:40:23,127:hal4000:INFO:message:
2026-03-26 16:40:23,127:hal4000:INFO:  handled by,63,camera1,new shutters file
2026-03-26 16:40:23,128:hal4000:INFO:message:
2026-03-26 16:40:23,128:hal4000:INFO:  processed,63,illumination,new shutters file
2026-03-26 16:40:23,128:hal4000:INFO:message:
2026-03-26 16:40:23,128:hal4000:INFO:  handled by,64,camera1,get functionality
2026-03-26 16:40:23,129:hal4000:INFO:message:
2026-03-26 16:40:23,129:hal4000:INFO:  processed,64,spotcounter,get functionality
2026-03-26 16:40:23,131:hal4000:INFO:message:
2026-03-26 16:40:23,131:hal4000:INFO:  handled by,65,camera1,configuration
2026-03-26 16:40:23,131:hal4000:INFO:message:
2026-03-26 16:40:23,132:hal4000:INFO:  processed,65,illumination,configuration
2026-03-26 16:40:26,169:hal4000:INFO:message:
2026-03-26 16:40:26,169:hal4000:INFO:  queued,66,hal,close event
2026-03-26 16:40:26,582:hal4000:INFO:message:
2026-03-26 16:40:26,589:hal4000:INFO:  uc480: Call failed with error 1 is_CopyImageMem
