2026-03-26 18:59:25,030:hal4000:INFO:  handled by,51,stage,get functionality
2026-03-26 18:59:25,032:hal4000:INFO:message:
2026-03-26 18:59:25,032:hal4000:INFO:  handled by,51,tcp_control,get functionality
2026-03-26 18:59:25,032:hal4000:INFO:message:
2026-03-26 18:59:25,032:hal4000:INFO:  handled by,51,timing,get functionality
2026-03-26 18:59:25,032:hal4000:INFO:message:
2026-03-26 18:59:25,032:hal4000:INFO:  handled by,51,uc480_camera,get functionality
2026-03-26 18:59:25,033:hal4000:INFO:message:
2026-03-26 18:59:25,033:hal4000:INFO:  handled by,51,z_stage,get functionality
2026-03-26 18:59:25,033:hal4000:INFO:message:
2026-03-26 18:59:25,034:hal4000:INFO:  processed,51,focuslock,get functionality
2026-03-26 18:59:25,034:hal4000:INFO:message:
2026-03-26 18:59:25,034:hal4000:INFO:  sent,52,focuslock,get functionality
2026-03-26 18:59:25,035:hal4000:INFO:message:
2026-03-26 18:59:25,035:hal4000:INFO:  handled by,52,hal,get functionality
2026-03-26 18:59:25,035:hal4000:INFO:message:
2026-03-26 18:59:25,035:hal4000:INFO:  handled by,52,aotf,get functionality
2026-03-26 18:59:25,035:hal4000:INFO:message:
2026-03-26 18:59:25,035:hal4000:INFO:  handled by,52,camera1,get functionality
2026-03-26 18:59:25,035:hal4000:INFO:message:
2026-03-26 18:59:25,036:hal4000:INFO:  handled by,52,clemex_stage,get functionality
2026-03-26 18:59:25,036:hal4000:INFO:message:
2026-03-26 18:59:25,036:hal4000:INFO:  handled by,52,coherentGenesis488,get functionality
2026-03-26 18:59:25,036:hal4000:INFO:message:
2026-03-26 18:59:25,036:hal4000:INFO:  handled by,52,coherentGenesis560,get functionality
2026-03-26 18:59:25,036:hal4000:INFO:message:
2026-03-26 18:59:25,037:hal4000:INFO:  handled by,52,display,get functionality
2026-03-26 18:59:25,037:hal4000:INFO:message:
2026-03-26 18:59:25,037:hal4000:INFO:  handled by,52,feeds,get functionality
2026-03-26 18:59:25,037:hal4000:INFO:message:
2026-03-26 18:59:25,037:hal4000:INFO:  handled by,52,film,get functionality
2026-03-26 18:59:25,037:hal4000:INFO:message:
2026-03-26 18:59:25,038:hal4000:INFO:  handled by,52,focuslock,get functionality
2026-03-26 18:59:25,038:hal4000:INFO:message:
2026-03-26 18:59:25,038:hal4000:INFO:  handled by,52,illumination,get functionality
2026-03-26 18:59:25,038:hal4000:INFO:message:
2026-03-26 18:59:25,038:hal4000:INFO:  handled by,52,mosaic,get functionality
2026-03-26 18:59:25,038:hal4000:INFO:message:
2026-03-26 18:59:25,038:hal4000:INFO:  handled by,52,mpb642,get functionality
2026-03-26 18:59:25,039:hal4000:INFO:message:
2026-03-26 18:59:25,039:hal4000:INFO:  handled by,52,none_irlaser,get functionality
2026-03-26 18:59:25,039:hal4000:INFO:message:
2026-03-26 18:59:25,039:hal4000:INFO:  handled by,52,obis405,get functionality
2026-03-26 18:59:25,039:hal4000:INFO:message:
2026-03-26 18:59:25,039:hal4000:INFO:  handled by,52,pi_controller,get functionality
2026-03-26 18:59:25,040:hal4000:INFO:message:
2026-03-26 18:59:25,040:hal4000:INFO:  handled by,52,progressions,get functionality
2026-03-26 18:59:25,040:hal4000:INFO:message:
2026-03-26 18:59:25,040:hal4000:INFO:  handled by,52,scmos_cal,get functionality
2026-03-26 18:59:25,040:hal4000:INFO:message:
2026-03-26 18:59:25,040:hal4000:INFO:  handled by,52,settings,get functionality
2026-03-26 18:59:25,041:hal4000:INFO:message:
2026-03-26 18:59:25,041:hal4000:INFO:  handled by,52,spotcounter,get functionality
2026-03-26 18:59:25,041:hal4000:INFO:message:
2026-03-26 18:59:25,041:hal4000:INFO:  handled by,52,stage,get functionality
2026-03-26 18:59:25,041:hal4000:INFO:message:
2026-03-26 18:59:25,041:hal4000:INFO:  handled by,52,tcp_control,get functionality
2026-03-26 18:59:25,041:hal4000:INFO:message:
2026-03-26 18:59:25,042:hal4000:INFO:  handled by,52,timing,get functionality
2026-03-26 18:59:25,042:hal4000:INFO:message:
2026-03-26 18:59:25,042:hal4000:INFO:  handled by,52,uc480_camera,get functionality
2026-03-26 18:59:25,042:hal4000:INFO:message:
2026-03-26 18:59:25,042:hal4000:INFO:  handled by,52,z_stage,get functionality
2026-03-26 18:59:25,042:hal4000:INFO:message:
2026-03-26 18:59:25,042:hal4000:INFO:  processed,52,focuslock,get functionality
2026-03-26 18:59:25,043:hal4000:INFO:message:
2026-03-26 18:59:25,043:hal4000:INFO:  sent,53,focuslock,get functionality
2026-03-26 18:59:25,044:hal4000:INFO:message:
2026-03-26 18:59:25,044:hal4000:INFO:  handled by,53,hal,get functionality
2026-03-26 18:59:25,044:hal4000:INFO:message:
2026-03-26 18:59:25,044:hal4000:INFO:  handled by,53,aotf,get functionality
2026-03-26 18:59:25,045:hal4000:INFO:message:
2026-03-26 18:59:25,045:hal4000:INFO:  handled by,53,camera1,get functionality
2026-03-26 18:59:25,045:hal4000:INFO:message:
2026-03-26 18:59:25,045:hal4000:INFO:  handled by,53,clemex_stage,get functionality
2026-03-26 18:59:25,045:hal4000:INFO:message:
2026-03-26 18:59:25,045:hal4000:INFO:  handled by,53,coherentGenesis488,get functionality
2026-03-26 18:59:25,046:hal4000:INFO:message:
2026-03-26 18:59:25,046:hal4000:INFO:  handled by,53,coherentGenesis560,get functionality
2026-03-26 18:59:25,046:hal4000:INFO:message:
2026-03-26 18:59:25,046:hal4000:INFO:  handled by,53,display,get functionality
2026-03-26 18:59:25,046:hal4000:INFO:message:
2026-03-26 18:59:25,046:hal4000:INFO:  handled by,53,feeds,get functionality
2026-03-26 18:59:25,046:hal4000:INFO:message:
2026-03-26 18:59:25,047:hal4000:INFO:  handled by,53,film,get functionality
2026-03-26 18:59:25,047:hal4000:INFO:message:
2026-03-26 18:59:25,047:hal4000:INFO:  handled by,53,focuslock,get functionality
2026-03-26 18:59:25,047:hal4000:INFO:message:
2026-03-26 18:59:25,047:hal4000:INFO:  handled by,53,illumination,get functionality
2026-03-26 18:59:25,048:hal4000:INFO:message:
2026-03-26 18:59:25,048:hal4000:INFO:  handled by,53,mosaic,get functionality
2026-03-26 18:59:25,048:hal4000:INFO:message:
2026-03-26 18:59:25,048:hal4000:INFO:  handled by,53,mpb642,get functionality
2026-03-26 18:59:25,048:hal4000:INFO:message:
2026-03-26 18:59:25,048:hal4000:INFO:  handled by,53,none_irlaser,get functionality
2026-03-26 18:59:25,048:hal4000:INFO:message:
2026-03-26 18:59:25,049:hal4000:INFO:  handled by,53,obis405,get functionality
2026-03-26 18:59:25,049:hal4000:INFO:message:
2026-03-26 18:59:25,049:hal4000:INFO:  handled by,53,pi_controller,get functionality
2026-03-26 18:59:25,049:hal4000:INFO:message:
2026-03-26 18:59:25,049:hal4000:INFO:  handled by,53,progressions,get functionality
2026-03-26 18:59:25,049:hal4000:INFO:message:
2026-03-26 18:59:25,050:hal4000:INFO:  handled by,53,scmos_cal,get functionality
2026-03-26 18:59:25,050:hal4000:INFO:message:
2026-03-26 18:59:25,050:hal4000:INFO:  handled by,53,settings,get functionality
2026-03-26 18:59:25,050:hal4000:INFO:message:
2026-03-26 18:59:25,050:hal4000:INFO:  handled by,53,spotcounter,get functionality
2026-03-26 18:59:25,050:hal4000:INFO:message:
2026-03-26 18:59:25,050:hal4000:INFO:  handled by,53,stage,get functionality
2026-03-26 18:59:25,051:hal4000:INFO:message:
2026-03-26 18:59:25,051:hal4000:INFO:  handled by,53,tcp_control,get functionality
2026-03-26 18:59:25,051:hal4000:INFO:message:
2026-03-26 18:59:25,051:hal4000:INFO:  handled by,53,timing,get functionality
2026-03-26 18:59:25,051:hal4000:INFO:message:
2026-03-26 18:59:25,051:hal4000:INFO:  handled by,53,uc480_camera,get functionality
2026-03-26 18:59:25,051:hal4000:INFO:message:
2026-03-26 18:59:25,052:hal4000:INFO:  handled by,53,z_stage,get functionality
2026-03-26 18:59:25,052:hal4000:INFO:message:
2026-03-26 18:59:25,052:hal4000:INFO:  processed,53,focuslock,get functionality
2026-03-26 18:59:25,053:hal4000:INFO:message:
2026-03-26 18:59:25,053:hal4000:INFO:  sent,54,tcp_control,get parameters
2026-03-26 18:59:25,053:hal4000:INFO:message:
2026-03-26 18:59:25,053:hal4000:INFO:  handled by,54,hal,get parameters
2026-03-26 18:59:25,053:hal4000:INFO:message:
2026-03-26 18:59:25,054:hal4000:INFO:  handled by,54,aotf,get parameters
2026-03-26 18:59:25,054:hal4000:INFO:message:
2026-03-26 18:59:25,054:hal4000:INFO:  handled by,54,camera1,get parameters
2026-03-26 18:59:25,054:hal4000:INFO:message:
2026-03-26 18:59:25,054:hal4000:INFO:  handled by,54,clemex_stage,get parameters
2026-03-26 18:59:25,054:hal4000:INFO:message:
2026-03-26 18:59:25,055:hal4000:INFO:  handled by,54,coherentGenesis488,get parameters
2026-03-26 18:59:25,055:hal4000:INFO:message:
2026-03-26 18:59:25,055:hal4000:INFO:  handled by,54,coherentGenesis560,get parameters
2026-03-26 18:59:25,055:hal4000:INFO:message:
2026-03-26 18:59:25,055:hal4000:INFO:  handled by,54,display,get parameters
2026-03-26 18:59:25,055:hal4000:INFO:message:
2026-03-26 18:59:25,055:hal4000:INFO:  handled by,54,feeds,get parameters
2026-03-26 18:59:25,056:hal4000:INFO:message:
2026-03-26 18:59:25,056:hal4000:INFO:  handled by,54,film,get parameters
2026-03-26 18:59:25,056:hal4000:INFO:message:
2026-03-26 18:59:25,056:hal4000:INFO:  handled by,54,focuslock,get parameters
2026-03-26 18:59:25,056:hal4000:INFO:message:
2026-03-26 18:59:25,056:hal4000:INFO:  handled by,54,illumination,get parameters
2026-03-26 18:59:25,057:hal4000:INFO:message:
2026-03-26 18:59:25,057:hal4000:INFO:  handled by,54,mosaic,get parameters
2026-03-26 18:59:25,057:hal4000:INFO:message:
2026-03-26 18:59:25,057:hal4000:INFO:  handled by,54,mpb642,get parameters
2026-03-26 18:59:25,057:hal4000:INFO:message:
2026-03-26 18:59:25,057:hal4000:INFO:  handled by,54,none_irlaser,get parameters
2026-03-26 18:59:25,057:hal4000:INFO:message:
2026-03-26 18:59:25,058:hal4000:INFO:  handled by,54,obis405,get parameters
2026-03-26 18:59:25,058:hal4000:INFO:message:
2026-03-26 18:59:25,058:hal4000:INFO:  handled by,54,pi_controller,get parameters
2026-03-26 18:59:25,058:hal4000:INFO:message:
2026-03-26 18:59:25,058:hal4000:INFO:  handled by,54,progressions,get parameters
2026-03-26 18:59:25,058:hal4000:INFO:message:
2026-03-26 18:59:25,058:hal4000:INFO:  handled by,54,scmos_cal,get parameters
2026-03-26 18:59:25,060:hal4000:INFO:message:
2026-03-26 18:59:25,061:hal4000:INFO:  handled by,54,settings,get parameters
2026-03-26 18:59:25,061:hal4000:INFO:message:
2026-03-26 18:59:25,061:hal4000:INFO:  handled by,54,spotcounter,get parameters
2026-03-26 18:59:25,061:hal4000:INFO:message:
2026-03-26 18:59:25,061:hal4000:INFO:  handled by,54,stage,get parameters
2026-03-26 18:59:25,061:hal4000:INFO:message:
2026-03-26 18:59:25,062:hal4000:INFO:  handled by,54,tcp_control,get parameters
2026-03-26 18:59:25,062:hal4000:INFO:message:
2026-03-26 18:59:25,062:hal4000:INFO:  handled by,54,timing,get parameters
2026-03-26 18:59:25,062:hal4000:INFO:message:
2026-03-26 18:59:25,062:hal4000:INFO:  handled by,54,uc480_camera,get parameters
2026-03-26 18:59:25,062:hal4000:INFO:message:
2026-03-26 18:59:25,062:hal4000:INFO:  handled by,54,z_stage,get parameters
2026-03-26 18:59:25,063:hal4000:INFO:message:
2026-03-26 18:59:25,063:hal4000:INFO:  processed,54,tcp_control,get parameters
2026-03-26 18:59:25,063:hal4000:INFO:message:
2026-03-26 18:59:25,063:hal4000:INFO:  sent,2,core,configure3
2026-03-26 18:59:25,063:hal4000:INFO:message:
2026-03-26 18:59:25,064:hal4000:INFO:  handled by,2,hal,configure3
2026-03-26 18:59:25,064:hal4000:INFO:message:
2026-03-26 18:59:25,064:hal4000:INFO:  handled by,2,aotf,configure3
2026-03-26 18:59:25,064:hal4000:INFO:message:
2026-03-26 18:59:25,064:hal4000:INFO:  handled by,2,camera1,configure3
2026-03-26 18:59:25,064:hal4000:INFO:message:
2026-03-26 18:59:25,064:hal4000:INFO:  handled by,2,clemex_stage,configure3
2026-03-26 18:59:25,065:hal4000:INFO:message:
2026-03-26 18:59:25,065:hal4000:INFO:  handled by,2,coherentGenesis488,configure3
2026-03-26 18:59:25,065:hal4000:INFO:message:
2026-03-26 18:59:25,065:hal4000:INFO:  handled by,2,coherentGenesis560,configure3
2026-03-26 18:59:25,065:hal4000:INFO:message:
2026-03-26 18:59:25,065:hal4000:INFO:  handled by,2,display,configure3
2026-03-26 18:59:25,066:hal4000:INFO:message:
2026-03-26 18:59:25,066:hal4000:INFO:  handled by,2,feeds,configure3
2026-03-26 18:59:25,066:hal4000:INFO:message:
2026-03-26 18:59:25,066:hal4000:INFO:  handled by,2,film,configure3
2026-03-26 18:59:25,066:hal4000:INFO:message:
2026-03-26 18:59:25,066:hal4000:INFO:  handled by,2,focuslock,configure3
2026-03-26 18:59:25,066:hal4000:INFO:message:
2026-03-26 18:59:25,067:hal4000:INFO:  handled by,2,illumination,configure3
2026-03-26 18:59:25,067:hal4000:INFO:message:
2026-03-26 18:59:25,067:hal4000:INFO:  handled by,2,mosaic,configure3
2026-03-26 18:59:25,067:hal4000:INFO:message:
2026-03-26 18:59:25,067:hal4000:INFO:  handled by,2,mpb642,configure3
2026-03-26 18:59:25,067:hal4000:INFO:message:
2026-03-26 18:59:25,068:hal4000:INFO:  handled by,2,none_irlaser,configure3
2026-03-26 18:59:25,068:hal4000:INFO:message:
2026-03-26 18:59:25,068:hal4000:INFO:  handled by,2,obis405,configure3
2026-03-26 18:59:25,068:hal4000:INFO:message:
2026-03-26 18:59:25,068:hal4000:INFO:  handled by,2,pi_controller,configure3
2026-03-26 18:59:25,068:hal4000:INFO:message:
2026-03-26 18:59:25,068:hal4000:INFO:  handled by,2,progressions,configure3
2026-03-26 18:59:25,069:hal4000:INFO:message:
2026-03-26 18:59:25,069:hal4000:INFO:  handled by,2,scmos_cal,configure3
2026-03-26 18:59:25,069:hal4000:INFO:message:
2026-03-26 18:59:25,069:hal4000:INFO:  handled by,2,settings,configure3
2026-03-26 18:59:25,069:hal4000:INFO:message:
2026-03-26 18:59:25,069:hal4000:INFO:  handled by,2,spotcounter,configure3
2026-03-26 18:59:25,069:hal4000:INFO:message:
2026-03-26 18:59:25,070:hal4000:INFO:  handled by,2,stage,configure3
2026-03-26 18:59:25,070:hal4000:INFO:message:
2026-03-26 18:59:25,070:hal4000:INFO:  handled by,2,tcp_control,configure3
2026-03-26 18:59:25,070:hal4000:INFO:message:
2026-03-26 18:59:25,070:hal4000:INFO:  handled by,2,timing,configure3
2026-03-26 18:59:25,070:hal4000:INFO:message:
2026-03-26 18:59:25,070:hal4000:INFO:  handled by,2,uc480_camera,configure3
2026-03-26 18:59:25,071:hal4000:INFO:message:
2026-03-26 18:59:25,071:hal4000:INFO:  handled by,2,z_stage,configure3
2026-03-26 18:59:25,071:hal4000:INFO:message:
2026-03-26 18:59:25,071:hal4000:INFO:  queued,3,core,start
2026-03-26 18:59:25,071:hal4000:INFO:message:
2026-03-26 18:59:25,071:hal4000:INFO:  processed,2,core,configure3
2026-03-26 18:59:25,072:hal4000:INFO:message:
2026-03-26 18:59:25,072:hal4000:INFO:  sent,55,display,get functionality
2026-03-26 18:59:25,072:hal4000:INFO:message:
2026-03-26 18:59:25,072:hal4000:INFO:  handled by,55,hal,get functionality
2026-03-26 18:59:25,072:hal4000:INFO:message:
2026-03-26 18:59:25,072:hal4000:INFO:  handled by,55,aotf,get functionality
2026-03-26 18:59:25,073:hal4000:INFO:message:
2026-03-26 18:59:25,073:hal4000:INFO:  handled by,55,camera1,get functionality
2026-03-26 18:59:25,073:hal4000:INFO:message:
2026-03-26 18:59:25,073:hal4000:INFO:  handled by,55,clemex_stage,get functionality
2026-03-26 18:59:25,073:hal4000:INFO:message:
2026-03-26 18:59:25,073:hal4000:INFO:  handled by,55,coherentGenesis488,get functionality
2026-03-26 18:59:25,074:hal4000:INFO:message:
2026-03-26 18:59:25,074:hal4000:INFO:  handled by,55,coherentGenesis560,get functionality
2026-03-26 18:59:25,074:hal4000:INFO:message:
2026-03-26 18:59:25,074:hal4000:INFO:  handled by,55,display,get functionality
2026-03-26 18:59:25,074:hal4000:INFO:message:
2026-03-26 18:59:25,074:hal4000:INFO:  handled by,55,feeds,get functionality
2026-03-26 18:59:25,074:hal4000:INFO:message:
2026-03-26 18:59:25,075:hal4000:INFO:  handled by,55,film,get functionality
2026-03-26 18:59:25,075:hal4000:INFO:message:
2026-03-26 18:59:25,075:hal4000:INFO:  handled by,55,focuslock,get functionality
2026-03-26 18:59:25,075:hal4000:INFO:message:
2026-03-26 18:59:25,075:hal4000:INFO:  handled by,55,illumination,get functionality
2026-03-26 18:59:25,075:hal4000:INFO:message:
2026-03-26 18:59:25,075:hal4000:INFO:  handled by,55,mosaic,get functionality
2026-03-26 18:59:25,076:hal4000:INFO:message:
2026-03-26 18:59:25,076:hal4000:INFO:  handled by,55,mpb642,get functionality
2026-03-26 18:59:25,076:hal4000:INFO:message:
2026-03-26 18:59:25,076:hal4000:INFO:  handled by,55,none_irlaser,get functionality
2026-03-26 18:59:25,076:hal4000:INFO:message:
2026-03-26 18:59:25,076:hal4000:INFO:  handled by,55,obis405,get functionality
2026-03-26 18:59:25,077:hal4000:INFO:message:
2026-03-26 18:59:25,077:hal4000:INFO:  handled by,55,pi_controller,get functionality
2026-03-26 18:59:25,077:hal4000:INFO:message:
2026-03-26 18:59:25,077:hal4000:INFO:  handled by,55,progressions,get functionality
2026-03-26 18:59:25,077:hal4000:INFO:message:
2026-03-26 18:59:25,077:hal4000:INFO:  handled by,55,scmos_cal,get functionality
2026-03-26 18:59:25,077:hal4000:INFO:message:
2026-03-26 18:59:25,078:hal4000:INFO:  handled by,55,settings,get functionality
2026-03-26 18:59:25,078:hal4000:INFO:message:
2026-03-26 18:59:25,078:hal4000:INFO:  handled by,55,spotcounter,get functionality
2026-03-26 18:59:25,078:hal4000:INFO:message:
2026-03-26 18:59:25,078:hal4000:INFO:  handled by,55,stage,get functionality
2026-03-26 18:59:25,078:hal4000:INFO:message:
2026-03-26 18:59:25,078:hal4000:INFO:  handled by,55,tcp_control,get functionality
2026-03-26 18:59:25,079:hal4000:INFO:message:
2026-03-26 18:59:25,079:hal4000:INFO:  handled by,55,timing,get functionality
2026-03-26 18:59:25,079:hal4000:INFO:message:
2026-03-26 18:59:25,079:hal4000:INFO:  handled by,55,uc480_camera,get functionality
2026-03-26 18:59:25,079:hal4000:INFO:message:
2026-03-26 18:59:25,079:hal4000:INFO:  handled by,55,z_stage,get functionality
2026-03-26 18:59:25,080:hal4000:INFO:message:
2026-03-26 18:59:25,080:hal4000:INFO:  processed,55,display,get functionality
2026-03-26 18:59:25,083:hal4000:INFO:message:
2026-03-26 18:59:25,083:hal4000:INFO:  sent,56,film,get functionality
2026-03-26 18:59:25,083:hal4000:INFO:message:
2026-03-26 18:59:25,084:hal4000:INFO:  handled by,56,hal,get functionality
2026-03-26 18:59:25,084:hal4000:INFO:message:
2026-03-26 18:59:25,084:hal4000:INFO:  handled by,56,aotf,get functionality
2026-03-26 18:59:25,084:hal4000:INFO:message:
2026-03-26 18:59:25,084:hal4000:INFO:  handled by,56,camera1,get functionality
2026-03-26 18:59:25,084:hal4000:INFO:message:
2026-03-26 18:59:25,084:hal4000:INFO:  handled by,56,clemex_stage,get functionality
2026-03-26 18:59:25,085:hal4000:INFO:message:
2026-03-26 18:59:25,085:hal4000:INFO:  handled by,56,coherentGenesis488,get functionality
2026-03-26 18:59:25,085:hal4000:INFO:message:
2026-03-26 18:59:25,085:hal4000:INFO:  handled by,56,coherentGenesis560,get functionality
2026-03-26 18:59:25,085:hal4000:INFO:message:
2026-03-26 18:59:25,085:hal4000:INFO:  handled by,56,display,get functionality
2026-03-26 18:59:25,086:hal4000:INFO:message:
2026-03-26 18:59:25,086:hal4000:INFO:  handled by,56,feeds,get functionality
2026-03-26 18:59:25,086:hal4000:INFO:message:
2026-03-26 18:59:25,086:hal4000:INFO:  handled by,56,film,get functionality
2026-03-26 18:59:25,086:hal4000:INFO:message:
2026-03-26 18:59:25,086:hal4000:INFO:  handled by,56,focuslock,get functionality
2026-03-26 18:59:25,086:hal4000:INFO:message:
2026-03-26 18:59:25,087:hal4000:INFO:  handled by,56,illumination,get functionality
2026-03-26 18:59:25,087:hal4000:INFO:message:
2026-03-26 18:59:25,087:hal4000:INFO:  handled by,56,mosaic,get functionality
2026-03-26 18:59:25,087:hal4000:INFO:message:
2026-03-26 18:59:25,087:hal4000:INFO:  handled by,56,mpb642,get functionality
2026-03-26 18:59:25,087:hal4000:INFO:message:
2026-03-26 18:59:25,088:hal4000:INFO:  handled by,56,none_irlaser,get functionality
2026-03-26 18:59:25,088:hal4000:INFO:message:
2026-03-26 18:59:25,088:hal4000:INFO:  handled by,56,obis405,get functionality
2026-03-26 18:59:25,088:hal4000:INFO:message:
2026-03-26 18:59:25,088:hal4000:INFO:  handled by,56,pi_controller,get functionality
2026-03-26 18:59:25,088:hal4000:INFO:message:
2026-03-26 18:59:25,088:hal4000:INFO:  handled by,56,progressions,get functionality
2026-03-26 18:59:25,089:hal4000:INFO:message:
2026-03-26 18:59:25,089:hal4000:INFO:  handled by,56,scmos_cal,get functionality
2026-03-26 18:59:25,089:hal4000:INFO:message:
2026-03-26 18:59:25,089:hal4000:INFO:  handled by,56,settings,get functionality
2026-03-26 18:59:25,089:hal4000:INFO:message:
2026-03-26 18:59:25,089:hal4000:INFO:  handled by,56,spotcounter,get functionality
2026-03-26 18:59:25,090:hal4000:INFO:message:
2026-03-26 18:59:25,090:hal4000:INFO:  handled by,56,stage,get functionality
2026-03-26 18:59:25,090:hal4000:INFO:message:
2026-03-26 18:59:25,090:hal4000:INFO:  handled by,56,tcp_control,get functionality
2026-03-26 18:59:25,090:hal4000:INFO:message:
2026-03-26 18:59:25,090:hal4000:INFO:  handled by,56,timing,get functionality
2026-03-26 18:59:25,090:hal4000:INFO:message:
2026-03-26 18:59:25,091:hal4000:INFO:  handled by,56,uc480_camera,get functionality
2026-03-26 18:59:25,091:hal4000:INFO:message:
2026-03-26 18:59:25,091:hal4000:INFO:  handled by,56,z_stage,get functionality
2026-03-26 18:59:25,091:hal4000:INFO:message:
2026-03-26 18:59:25,091:hal4000:INFO:  processed,56,film,get functionality
2026-03-26 18:59:25,091:hal4000:INFO:message:
2026-03-26 18:59:25,092:hal4000:INFO:  sent,57,scmos_cal,get functionality
2026-03-26 18:59:25,092:hal4000:INFO:message:
2026-03-26 18:59:25,092:hal4000:INFO:  handled by,57,hal,get functionality
2026-03-26 18:59:25,092:hal4000:INFO:message:
2026-03-26 18:59:25,092:hal4000:INFO:  handled by,57,aotf,get functionality
2026-03-26 18:59:25,092:hal4000:INFO:message:
2026-03-26 18:59:25,093:hal4000:INFO:  handled by,57,camera1,get functionality
2026-03-26 18:59:25,093:hal4000:INFO:message:
2026-03-26 18:59:25,093:hal4000:INFO:  handled by,57,clemex_stage,get functionality
2026-03-26 18:59:25,093:hal4000:INFO:message:
2026-03-26 18:59:25,093:hal4000:INFO:  handled by,57,coherentGenesis488,get functionality
2026-03-26 18:59:25,093:hal4000:INFO:message:
2026-03-26 18:59:25,094:hal4000:INFO:  handled by,57,coherentGenesis560,get functionality
2026-03-26 18:59:25,094:hal4000:INFO:message:
2026-03-26 18:59:25,094:hal4000:INFO:  handled by,57,display,get functionality
2026-03-26 18:59:25,094:hal4000:INFO:message:
2026-03-26 18:59:25,094:hal4000:INFO:  handled by,57,feeds,get functionality
2026-03-26 18:59:25,094:hal4000:INFO:message:
2026-03-26 18:59:25,094:hal4000:INFO:  handled by,57,film,get functionality
2026-03-26 18:59:25,095:hal4000:INFO:message:
2026-03-26 18:59:25,095:hal4000:INFO:  handled by,57,focuslock,get functionality
2026-03-26 18:59:25,095:hal4000:INFO:message:
2026-03-26 18:59:25,095:hal4000:INFO:  handled by,57,illumination,get functionality
2026-03-26 18:59:25,095:hal4000:INFO:message:
2026-03-26 18:59:25,095:hal4000:INFO:  handled by,57,mosaic,get functionality
2026-03-26 18:59:25,095:hal4000:INFO:message:
2026-03-26 18:59:25,096:hal4000:INFO:  handled by,57,mpb642,get functionality
2026-03-26 18:59:25,096:hal4000:INFO:message:
2026-03-26 18:59:25,096:hal4000:INFO:  handled by,57,none_irlaser,get functionality
2026-03-26 18:59:25,096:hal4000:INFO:message:
2026-03-26 18:59:25,096:hal4000:INFO:  handled by,57,obis405,get functionality
2026-03-26 18:59:25,096:hal4000:INFO:message:
2026-03-26 18:59:25,096:hal4000:INFO:  handled by,57,pi_controller,get functionality
2026-03-26 18:59:25,097:hal4000:INFO:message:
2026-03-26 18:59:25,097:hal4000:INFO:  handled by,57,progressions,get functionality
2026-03-26 18:59:25,097:hal4000:INFO:message:
2026-03-26 18:59:25,097:hal4000:INFO:  handled by,57,scmos_cal,get functionality
2026-03-26 18:59:25,097:hal4000:INFO:message:
2026-03-26 18:59:25,097:hal4000:INFO:  handled by,57,settings,get functionality
2026-03-26 18:59:25,098:hal4000:INFO:message:
2026-03-26 18:59:25,098:hal4000:INFO:  handled by,57,spotcounter,get functionality
2026-03-26 18:59:25,098:hal4000:INFO:message:
2026-03-26 18:59:25,098:hal4000:INFO:  handled by,57,stage,get functionality
2026-03-26 18:59:25,098:hal4000:INFO:message:
2026-03-26 18:59:25,098:hal4000:INFO:  handled by,57,tcp_control,get functionality
2026-03-26 18:59:25,098:hal4000:INFO:message:
2026-03-26 18:59:25,099:hal4000:INFO:  handled by,57,timing,get functionality
2026-03-26 18:59:25,099:hal4000:INFO:message:
2026-03-26 18:59:25,099:hal4000:INFO:  handled by,57,uc480_camera,get functionality
2026-03-26 18:59:25,099:hal4000:INFO:message:
2026-03-26 18:59:25,099:hal4000:INFO:  handled by,57,z_stage,get functionality
2026-03-26 18:59:25,099:hal4000:INFO:message:
2026-03-26 18:59:25,099:hal4000:INFO:  processed,57,scmos_cal,get functionality
2026-03-26 18:59:25,101:hal4000:INFO:message:
2026-03-26 18:59:25,101:hal4000:INFO:  sent,3,core,start
2026-03-26 18:59:25,128:hal4000:INFO:message:
2026-03-26 18:59:25,128:hal4000:INFO:  queued,58,hal,change directory
2026-03-26 18:59:25,128:hal4000:INFO:message:
2026-03-26 18:59:25,128:hal4000:INFO:  handled by,3,hal,start
2026-03-26 18:59:25,129:hal4000:INFO:message:
2026-03-26 18:59:25,129:hal4000:INFO:  handled by,3,aotf,start
2026-03-26 18:59:25,129:hal4000:INFO:message:
2026-03-26 18:59:25,129:hal4000:INFO:  handled by,3,camera1,start
2026-03-26 18:59:25,129:hal4000:INFO:message:
2026-03-26 18:59:25,130:hal4000:INFO:  handled by,3,clemex_stage,start
2026-03-26 18:59:25,130:hal4000:INFO:message:
2026-03-26 18:59:25,130:hal4000:INFO:  handled by,3,coherentGenesis488,start
2026-03-26 18:59:25,130:hal4000:INFO:message:
2026-03-26 18:59:25,130:hal4000:INFO:  handled by,3,coherentGenesis560,start
2026-03-26 18:59:25,131:hal4000:INFO:message:
2026-03-26 18:59:25,131:hal4000:INFO:  queued,59,display,get functionality
2026-03-26 18:59:25,131:hal4000:INFO:message:
2026-03-26 18:59:25,131:hal4000:INFO:  handled by,3,display,start
2026-03-26 18:59:25,131:hal4000:INFO:message:
2026-03-26 18:59:25,131:hal4000:INFO:  handled by,3,feeds,start
2026-03-26 18:59:25,132:hal4000:INFO:message:
2026-03-26 18:59:25,132:hal4000:INFO:  queued,60,film,start camera
2026-03-26 18:59:25,132:hal4000:INFO:message:
2026-03-26 18:59:25,132:hal4000:INFO:  queued,61,film,sync
2026-03-26 18:59:25,133:hal4000:INFO:message:
2026-03-26 18:59:25,133:hal4000:INFO:  queued,62,film,start camera
2026-03-26 18:59:25,133:hal4000:INFO:message:
2026-03-26 18:59:25,133:hal4000:INFO:  handled by,3,film,start
2026-03-26 18:59:25,144:hal4000:INFO:message:
2026-03-26 18:59:25,144:hal4000:INFO:  handled by,3,focuslock,start
2026-03-26 18:59:25,153:hal4000:INFO:message:
2026-03-26 18:59:25,153:hal4000:INFO:  queued,63,illumination,new shutters file
2026-03-26 18:59:25,161:hal4000:INFO:message:
2026-03-26 18:59:25,161:hal4000:INFO:  handled by,3,illumination,start
2026-03-26 18:59:25,162:hal4000:INFO:message:
2026-03-26 18:59:25,162:hal4000:INFO:  handled by,3,mosaic,start
2026-03-26 18:59:25,162:hal4000:INFO:message:
2026-03-26 18:59:25,163:hal4000:INFO:  handled by,3,mpb642,start
2026-03-26 18:59:25,163:hal4000:INFO:message:
2026-03-26 18:59:25,163:hal4000:INFO:  handled by,3,none_irlaser,start
2026-03-26 18:59:25,163:hal4000:INFO:message:
2026-03-26 18:59:25,163:hal4000:INFO:  handled by,3,obis405,start
2026-03-26 18:59:25,164:hal4000:INFO:message:
2026-03-26 18:59:25,164:hal4000:INFO:  handled by,3,pi_controller,start
2026-03-26 18:59:25,164:hal4000:INFO:message:
2026-03-26 18:59:25,165:hal4000:INFO:  handled by,3,progressions,start
2026-03-26 18:59:25,165:hal4000:INFO:message:
2026-03-26 18:59:25,165:hal4000:INFO:  handled by,3,scmos_cal,start
2026-03-26 18:59:25,165:hal4000:INFO:message:
2026-03-26 18:59:25,165:hal4000:INFO:  handled by,3,settings,start
2026-03-26 18:59:25,166:hal4000:INFO:message:
2026-03-26 18:59:25,166:hal4000:INFO:  queued,64,spotcounter,get functionality
2026-03-26 18:59:25,166:hal4000:INFO:message:
2026-03-26 18:59:25,166:hal4000:INFO:  handled by,3,spotcounter,start
2026-03-26 18:59:25,175:hal4000:INFO:message:
2026-03-26 18:59:25,175:hal4000:INFO:  handled by,3,stage,start
2026-03-26 18:59:25,176:hal4000:INFO:message:
2026-03-26 18:59:25,176:hal4000:INFO:  handled by,3,tcp_control,start
2026-03-26 18:59:25,176:hal4000:INFO:message:
2026-03-26 18:59:25,176:hal4000:INFO:  handled by,3,timing,start
2026-03-26 18:59:25,176:hal4000:INFO:message:
2026-03-26 18:59:25,177:hal4000:INFO:  handled by,3,uc480_camera,start
2026-03-26 18:59:25,185:hal4000:INFO:message:
2026-03-26 18:59:25,185:hal4000:INFO:  handled by,3,z_stage,start
2026-03-26 18:59:25,186:hal4000:INFO:message:
2026-03-26 18:59:25,186:hal4000:INFO:  processed,3,core,start
2026-03-26 18:59:25,259:hal4000:INFO:message:
2026-03-26 18:59:25,260:hal4000:INFO:  sent,58,hal,change directory
2026-03-26 18:59:25,292:hal4000:INFO:message:
2026-03-26 18:59:25,292:hal4000:INFO:  handled by,58,hal,change directory
2026-03-26 18:59:25,292:hal4000:INFO:message:
2026-03-26 18:59:25,292:hal4000:INFO:  handled by,58,aotf,change directory
2026-03-26 18:59:25,292:hal4000:INFO:message:
2026-03-26 18:59:25,293:hal4000:INFO:  handled by,58,camera1,change directory
2026-03-26 18:59:25,293:hal4000:INFO:message:
2026-03-26 18:59:25,293:hal4000:INFO:  handled by,58,clemex_stage,change directory
2026-03-26 18:59:25,293:hal4000:INFO:message:
2026-03-26 18:59:25,293:hal4000:INFO:  handled by,58,coherentGenesis488,change directory
2026-03-26 18:59:25,293:hal4000:INFO:message:
2026-03-26 18:59:25,293:hal4000:INFO:  handled by,58,coherentGenesis560,change directory
2026-03-26 18:59:25,294:hal4000:INFO:message:
2026-03-26 18:59:25,294:hal4000:INFO:  handled by,58,display,change directory
2026-03-26 18:59:25,294:hal4000:INFO:message:
2026-03-26 18:59:25,294:hal4000:INFO:  handled by,58,feeds,change directory
2026-03-26 18:59:25,295:hal4000:INFO:message:
2026-03-26 18:59:25,295:hal4000:INFO:  handled by,58,film,change directory
2026-03-26 18:59:25,295:hal4000:INFO:message:
2026-03-26 18:59:25,295:hal4000:INFO:  handled by,58,focuslock,change directory
2026-03-26 18:59:25,295:hal4000:INFO:message:
2026-03-26 18:59:25,295:hal4000:INFO:  handled by,58,illumination,change directory
2026-03-26 18:59:25,296:hal4000:INFO:message:
2026-03-26 18:59:25,296:hal4000:INFO:  handled by,58,mosaic,change directory
2026-03-26 18:59:25,296:hal4000:INFO:message:
2026-03-26 18:59:25,296:hal4000:INFO:  handled by,58,mpb642,change directory
2026-03-26 18:59:25,296:hal4000:INFO:message:
2026-03-26 18:59:25,296:hal4000:INFO:  handled by,58,none_irlaser,change directory
2026-03-26 18:59:25,296:hal4000:INFO:message:
2026-03-26 18:59:25,297:hal4000:INFO:  handled by,58,obis405,change directory
2026-03-26 18:59:25,297:hal4000:INFO:message:
2026-03-26 18:59:25,297:hal4000:INFO:  handled by,58,pi_controller,change directory
2026-03-26 18:59:25,297:hal4000:INFO:message:
2026-03-26 18:59:25,297:hal4000:INFO:  handled by,58,progressions,change directory
2026-03-26 18:59:25,298:hal4000:INFO:message:
2026-03-26 18:59:25,298:hal4000:INFO:  handled by,58,scmos_cal,change directory
2026-03-26 18:59:25,298:hal4000:INFO:message:
2026-03-26 18:59:25,298:hal4000:INFO:  handled by,58,settings,change directory
2026-03-26 18:59:25,298:hal4000:INFO:message:
2026-03-26 18:59:25,298:hal4000:INFO:  handled by,58,spotcounter,change directory
2026-03-26 18:59:25,299:hal4000:INFO:message:
2026-03-26 18:59:25,299:hal4000:INFO:  handled by,58,stage,change directory
2026-03-26 18:59:25,299:hal4000:INFO:message:
2026-03-26 18:59:25,299:hal4000:INFO:  handled by,58,tcp_control,change directory
2026-03-26 18:59:25,299:hal4000:INFO:message:
2026-03-26 18:59:25,299:hal4000:INFO:  handled by,58,timing,change directory
2026-03-26 18:59:25,300:hal4000:INFO:message:
2026-03-26 18:59:25,300:hal4000:INFO:  handled by,58,uc480_camera,change directory
2026-03-26 18:59:25,300:hal4000:INFO:message:
2026-03-26 18:59:25,300:hal4000:INFO:  handled by,58,z_stage,change directory
2026-03-26 18:59:25,300:hal4000:INFO:message:
2026-03-26 18:59:25,300:hal4000:INFO:  processed,58,hal,change directory
2026-03-26 18:59:25,301:hal4000:INFO:message:
2026-03-26 18:59:25,301:hal4000:INFO:  sent,59,display,get functionality
2026-03-26 18:59:25,301:hal4000:INFO:message:
2026-03-26 18:59:25,302:hal4000:INFO:  handled by,59,hal,get functionality
2026-03-26 18:59:25,302:hal4000:INFO:message:
2026-03-26 18:59:25,302:hal4000:INFO:  handled by,59,aotf,get functionality
2026-03-26 18:59:25,302:hal4000:INFO:message:
2026-03-26 18:59:25,302:hal4000:INFO:  handled by,59,camera1,get functionality
2026-03-26 18:59:25,302:hal4000:INFO:message:
2026-03-26 18:59:25,302:hal4000:INFO:  handled by,59,clemex_stage,get functionality
2026-03-26 18:59:25,303:hal4000:INFO:message:
2026-03-26 18:59:25,303:hal4000:INFO:  handled by,59,coherentGenesis488,get functionality
2026-03-26 18:59:25,303:hal4000:INFO:message:
2026-03-26 18:59:25,303:hal4000:INFO:  handled by,59,coherentGenesis560,get functionality
2026-03-26 18:59:25,304:hal4000:INFO:message:
2026-03-26 18:59:25,304:hal4000:INFO:  handled by,59,display,get functionality
2026-03-26 18:59:25,304:hal4000:INFO:message:
2026-03-26 18:59:25,304:hal4000:INFO:  handled by,59,feeds,get functionality
2026-03-26 18:59:25,304:hal4000:INFO:message:
2026-03-26 18:59:25,304:hal4000:INFO:  handled by,59,film,get functionality
2026-03-26 18:59:25,305:hal4000:INFO:message:
2026-03-26 18:59:25,305:hal4000:INFO:  handled by,59,focuslock,get functionality
2026-03-26 18:59:25,305:hal4000:INFO:message:
2026-03-26 18:59:25,305:hal4000:INFO:  handled by,59,illumination,get functionality
2026-03-26 18:59:25,305:hal4000:INFO:message:
2026-03-26 18:59:25,305:hal4000:INFO:  handled by,59,mosaic,get functionality
2026-03-26 18:59:25,305:hal4000:INFO:message:
2026-03-26 18:59:25,306:hal4000:INFO:  handled by,59,mpb642,get functionality
2026-03-26 18:59:25,306:hal4000:INFO:message:
2026-03-26 18:59:25,306:hal4000:INFO:  handled by,59,none_irlaser,get functionality
2026-03-26 18:59:25,306:hal4000:INFO:message:
2026-03-26 18:59:25,306:hal4000:INFO:  handled by,59,obis405,get functionality
2026-03-26 18:59:25,307:hal4000:INFO:message:
2026-03-26 18:59:25,307:hal4000:INFO:  handled by,59,pi_controller,get functionality
2026-03-26 18:59:25,307:hal4000:INFO:message:
2026-03-26 18:59:25,307:hal4000:INFO:  handled by,59,progressions,get functionality
2026-03-26 18:59:25,308:hal4000:INFO:message:
2026-03-26 18:59:25,308:hal4000:INFO:  handled by,59,scmos_cal,get functionality
2026-03-26 18:59:25,308:hal4000:INFO:message:
2026-03-26 18:59:25,308:hal4000:INFO:  handled by,59,settings,get functionality
2026-03-26 18:59:25,308:hal4000:INFO:message:
2026-03-26 18:59:25,308:hal4000:INFO:  handled by,59,spotcounter,get functionality
2026-03-26 18:59:25,309:hal4000:INFO:message:
2026-03-26 18:59:25,309:hal4000:INFO:  handled by,59,stage,get functionality
2026-03-26 18:59:25,309:hal4000:INFO:message:
2026-03-26 18:59:25,309:hal4000:INFO:  handled by,59,tcp_control,get functionality
2026-03-26 18:59:25,309:hal4000:INFO:message:
2026-03-26 18:59:25,309:hal4000:INFO:  handled by,59,timing,get functionality
2026-03-26 18:59:25,310:hal4000:INFO:message:
2026-03-26 18:59:25,310:hal4000:INFO:  handled by,59,uc480_camera,get functionality
2026-03-26 18:59:25,310:hal4000:INFO:message:
2026-03-26 18:59:25,310:hal4000:INFO:  handled by,59,z_stage,get functionality
2026-03-26 18:59:25,311:hal4000:INFO:message:
2026-03-26 18:59:25,311:hal4000:INFO:  processed,59,display,get functionality
2026-03-26 18:59:25,314:hal4000:INFO:message:
2026-03-26 18:59:25,314:hal4000:INFO:  sent,60,film,start camera
2026-03-26 18:59:25,324:hal4000:INFO:message:
2026-03-26 18:59:25,324:hal4000:INFO:  handled by,60,hal,start camera
2026-03-26 18:59:25,324:hal4000:INFO:message:
2026-03-26 18:59:25,324:hal4000:INFO:  handled by,60,aotf,start camera
2026-03-26 18:59:25,325:hal4000:INFO:message:
2026-03-26 18:59:25,325:hal4000:INFO:  handled by,60,camera1,start camera
2026-03-26 18:59:25,325:hal4000:INFO:message:
2026-03-26 18:59:25,325:hal4000:INFO:  handled by,60,clemex_stage,start camera
2026-03-26 18:59:25,326:hal4000:INFO:message:
2026-03-26 18:59:25,326:hal4000:INFO:  handled by,60,coherentGenesis488,start camera
2026-03-26 18:59:25,326:hal4000:INFO:message:
2026-03-26 18:59:25,326:hal4000:INFO:  handled by,60,coherentGenesis560,start camera
2026-03-26 18:59:25,327:hal4000:INFO:message:
2026-03-26 18:59:25,327:hal4000:INFO:  handled by,60,display,start camera
2026-03-26 18:59:25,327:hal4000:INFO:message:
2026-03-26 18:59:25,327:hal4000:INFO:  handled by,60,feeds,start camera
2026-03-26 18:59:25,328:hal4000:INFO:message:
2026-03-26 18:59:25,328:hal4000:INFO:  handled by,60,film,start camera
2026-03-26 18:59:25,328:hal4000:INFO:message:
2026-03-26 18:59:25,328:hal4000:INFO:  handled by,60,focuslock,start camera
2026-03-26 18:59:25,328:hal4000:INFO:message:
2026-03-26 18:59:25,329:hal4000:INFO:  handled by,60,illumination,start camera
2026-03-26 18:59:25,329:hal4000:INFO:message:
2026-03-26 18:59:25,329:hal4000:INFO:  handled by,60,mosaic,start camera
2026-03-26 18:59:25,329:hal4000:INFO:message:
2026-03-26 18:59:25,329:hal4000:INFO:  handled by,60,mpb642,start camera
2026-03-26 18:59:25,330:hal4000:INFO:message:
2026-03-26 18:59:25,330:hal4000:INFO:  handled by,60,none_irlaser,start camera
2026-03-26 18:59:25,330:hal4000:INFO:message:
2026-03-26 18:59:25,330:hal4000:INFO:  handled by,60,obis405,start camera
2026-03-26 18:59:25,331:hal4000:INFO:message:
2026-03-26 18:59:25,331:hal4000:INFO:  handled by,60,pi_controller,start camera
2026-03-26 18:59:25,331:hal4000:INFO:message:
2026-03-26 18:59:25,331:hal4000:INFO:  handled by,60,progressions,start camera
2026-03-26 18:59:25,331:hal4000:INFO:message:
2026-03-26 18:59:25,332:hal4000:INFO:  handled by,60,scmos_cal,start camera
2026-03-26 18:59:25,332:hal4000:INFO:message:
2026-03-26 18:59:25,332:hal4000:INFO:  handled by,60,settings,start camera
2026-03-26 18:59:25,332:hal4000:INFO:message:
2026-03-26 18:59:25,332:hal4000:INFO:  handled by,60,spotcounter,start camera
2026-03-26 18:59:25,333:hal4000:INFO:message:
2026-03-26 18:59:25,333:hal4000:INFO:  handled by,60,stage,start camera
2026-03-26 18:59:25,334:hal4000:INFO:message:
2026-03-26 18:59:25,334:hal4000:INFO:  handled by,60,tcp_control,start camera
2026-03-26 18:59:25,334:hal4000:INFO:message:
2026-03-26 18:59:25,334:hal4000:INFO:  handled by,60,timing,start camera
2026-03-26 18:59:25,334:hal4000:INFO:message:
2026-03-26 18:59:25,335:hal4000:INFO:  handled by,60,uc480_camera,start camera
2026-03-26 18:59:25,335:hal4000:INFO:message:
2026-03-26 18:59:25,335:hal4000:INFO:  handled by,60,z_stage,start camera
2026-03-26 18:59:25,335:hal4000:INFO:message:
2026-03-26 18:59:25,335:hal4000:INFO:  processed,60,film,start camera
2026-03-26 18:59:25,337:hal4000:INFO:message:
2026-03-26 18:59:25,337:hal4000:INFO:  sent,62,film,start camera
2026-03-26 18:59:25,339:hal4000:INFO:message:
2026-03-26 18:59:25,339:hal4000:INFO:  handled by,62,hal,start camera
2026-03-26 18:59:25,339:hal4000:INFO:message:
2026-03-26 18:59:25,339:hal4000:INFO:  handled by,62,aotf,start camera
2026-03-26 18:59:25,340:hal4000:INFO:message:
2026-03-26 18:59:25,340:hal4000:INFO:  handled by,62,camera1,start camera
2026-03-26 18:59:25,340:hal4000:INFO:message:
2026-03-26 18:59:25,341:hal4000:INFO:  handled by,62,clemex_stage,start camera
2026-03-26 18:59:25,341:hal4000:INFO:message:
2026-03-26 18:59:25,341:hal4000:INFO:  handled by,62,coherentGenesis488,start camera
2026-03-26 18:59:25,341:hal4000:INFO:message:
2026-03-26 18:59:25,342:hal4000:INFO:  handled by,62,coherentGenesis560,start camera
2026-03-26 18:59:25,342:hal4000:INFO:message:
2026-03-26 18:59:25,342:hal4000:INFO:  handled by,62,display,start camera
2026-03-26 18:59:25,342:hal4000:INFO:message:
2026-03-26 18:59:25,343:hal4000:INFO:  handled by,62,feeds,start camera
2026-03-26 18:59:25,347:hal4000:INFO:message:
2026-03-26 18:59:25,347:hal4000:INFO:  handled by,62,film,start camera
2026-03-26 18:59:25,347:hal4000:INFO:message:
2026-03-26 18:59:25,347:hal4000:INFO:  handled by,62,focuslock,start camera
2026-03-26 18:59:25,347:hal4000:INFO:message:
2026-03-26 18:59:25,347:hal4000:INFO:  handled by,62,illumination,start camera
2026-03-26 18:59:25,348:hal4000:INFO:message:
2026-03-26 18:59:25,348:hal4000:INFO:  handled by,62,mosaic,start camera
2026-03-26 18:59:25,348:hal4000:INFO:message:
2026-03-26 18:59:25,348:hal4000:INFO:  handled by,62,mpb642,start camera
2026-03-26 18:59:25,349:hal4000:INFO:message:
2026-03-26 18:59:25,349:hal4000:INFO:  handled by,62,none_irlaser,start camera
2026-03-26 18:59:25,350:hal4000:INFO:message:
2026-03-26 18:59:25,350:hal4000:INFO:  handled by,62,obis405,start camera
2026-03-26 18:59:25,350:hal4000:INFO:message:
2026-03-26 18:59:25,350:hal4000:INFO:  handled by,62,pi_controller,start camera
2026-03-26 18:59:25,350:hal4000:INFO:message:
2026-03-26 18:59:25,351:hal4000:INFO:  handled by,62,progressions,start camera
2026-03-26 18:59:25,351:hal4000:INFO:message:
2026-03-26 18:59:25,351:hal4000:INFO:  handled by,62,scmos_cal,start camera
2026-03-26 18:59:25,351:hal4000:INFO:message:
2026-03-26 18:59:25,351:hal4000:INFO:  handled by,62,settings,start camera
2026-03-26 18:59:25,352:hal4000:INFO:message:
2026-03-26 18:59:25,352:hal4000:INFO:  handled by,62,spotcounter,start camera
2026-03-26 18:59:25,352:hal4000:INFO:message:
2026-03-26 18:59:25,352:hal4000:INFO:  handled by,62,stage,start camera
2026-03-26 18:59:25,353:hal4000:INFO:message:
2026-03-26 18:59:25,353:hal4000:INFO:  handled by,62,tcp_control,start camera
2026-03-26 18:59:25,353:hal4000:INFO:message:
2026-03-26 18:59:25,353:hal4000:INFO:  handled by,62,timing,start camera
2026-03-26 18:59:25,353:hal4000:INFO:message:
2026-03-26 18:59:25,354:hal4000:INFO:  handled by,62,uc480_camera,start camera
2026-03-26 18:59:25,354:hal4000:INFO:message:
2026-03-26 18:59:25,354:hal4000:INFO:  handled by,62,z_stage,start camera
2026-03-26 18:59:25,354:hal4000:INFO:message:
2026-03-26 18:59:25,355:hal4000:INFO:  sent,63,illumination,new shutters file
2026-03-26 18:59:25,355:hal4000:INFO:message:
2026-03-26 18:59:25,355:hal4000:INFO:  worker started 60000,62,film,start camera
2026-03-26 18:59:25,356:hal4000:INFO:message:
2026-03-26 18:59:25,356:hal4000:INFO:  handled by,63,hal,new shutters file
2026-03-26 18:59:25,356:hal4000:INFO:message:
2026-03-26 18:59:25,357:hal4000:INFO:  handled by,63,aotf,new shutters file
2026-03-26 18:59:25,357:hal4000:INFO:message:
2026-03-26 18:59:25,357:hal4000:INFO:  handled by,63,clemex_stage,new shutters file
2026-03-26 18:59:25,357:hal4000:INFO:message:
2026-03-26 18:59:25,357:hal4000:INFO:  handled by,63,coherentGenesis488,new shutters file
2026-03-26 18:59:25,358:hal4000:INFO:message:
2026-03-26 18:59:25,358:hal4000:INFO:  handled by,63,coherentGenesis560,new shutters file
2026-03-26 18:59:25,358:hal4000:INFO:message:
2026-03-26 18:59:25,358:hal4000:INFO:  handled by,63,display,new shutters file
2026-03-26 18:59:25,358:hal4000:INFO:message:
2026-03-26 18:59:25,359:hal4000:INFO:  handled by,63,feeds,new shutters file
2026-03-26 18:59:25,359:hal4000:INFO:message:
2026-03-26 18:59:25,359:hal4000:INFO:  handled by,63,film,new shutters file
2026-03-26 18:59:25,359:hal4000:INFO:message:
2026-03-26 18:59:25,360:hal4000:INFO:  handled by,63,focuslock,new shutters file
2026-03-26 18:59:25,361:hal4000:INFO:message:
2026-03-26 18:59:25,361:hal4000:INFO:  queued,65,illumination,configuration
2026-03-26 18:59:25,361:hal4000:INFO:message:
2026-03-26 18:59:25,361:hal4000:INFO:  handled by,63,illumination,new shutters file
2026-03-26 18:59:25,362:hal4000:INFO:message:
2026-03-26 18:59:25,362:hal4000:INFO:  handled by,63,mosaic,new shutters file
2026-03-26 18:59:25,362:hal4000:INFO:message:
2026-03-26 18:59:25,362:hal4000:INFO:  handled by,63,mpb642,new shutters file
2026-03-26 18:59:25,363:hal4000:INFO:message:
2026-03-26 18:59:25,363:hal4000:INFO:  handled by,63,none_irlaser,new shutters file
2026-03-26 18:59:25,363:hal4000:INFO:message:
2026-03-26 18:59:25,364:hal4000:INFO:  handled by,63,obis405,new shutters file
2026-03-26 18:59:25,364:hal4000:INFO:message:
2026-03-26 18:59:25,364:hal4000:INFO:  handled by,63,pi_controller,new shutters file
2026-03-26 18:59:25,365:hal4000:INFO:message:
2026-03-26 18:59:25,365:hal4000:INFO:  handled by,63,progressions,new shutters file
2026-03-26 18:59:25,365:hal4000:INFO:message:
2026-03-26 18:59:25,365:hal4000:INFO:  handled by,63,scmos_cal,new shutters file
2026-03-26 18:59:25,366:hal4000:INFO:message:
2026-03-26 18:59:25,366:hal4000:INFO:  handled by,63,settings,new shutters file
2026-03-26 18:59:25,366:hal4000:INFO:message:
2026-03-26 18:59:25,366:hal4000:INFO:  handled by,63,spotcounter,new shutters file
2026-03-26 18:59:25,367:hal4000:INFO:message:
2026-03-26 18:59:25,367:hal4000:INFO:  handled by,63,stage,new shutters file
2026-03-26 18:59:25,367:hal4000:INFO:message:
2026-03-26 18:59:25,367:hal4000:INFO:  handled by,63,tcp_control,new shutters file
2026-03-26 18:59:25,368:hal4000:INFO:message:
2026-03-26 18:59:25,368:hal4000:INFO:  handled by,63,timing,new shutters file
2026-03-26 18:59:25,368:hal4000:INFO:message:
2026-03-26 18:59:25,368:hal4000:INFO:  handled by,63,uc480_camera,new shutters file
2026-03-26 18:59:25,369:hal4000:INFO:message:
2026-03-26 18:59:25,369:hal4000:INFO:  handled by,63,z_stage,new shutters file
2026-03-26 18:59:25,370:hal4000:INFO:message:
2026-03-26 18:59:25,370:hal4000:INFO:  sent,64,spotcounter,get functionality
2026-03-26 18:59:25,370:hal4000:INFO:message:
2026-03-26 18:59:25,371:hal4000:INFO:  handled by,64,hal,get functionality
2026-03-26 18:59:25,371:hal4000:INFO:message:
2026-03-26 18:59:25,371:hal4000:INFO:  handled by,64,aotf,get functionality
2026-03-26 18:59:25,371:hal4000:INFO:message:
2026-03-26 18:59:25,372:hal4000:INFO:  handled by,64,clemex_stage,get functionality
2026-03-26 18:59:25,372:hal4000:INFO:message:
2026-03-26 18:59:25,372:hal4000:INFO:  handled by,64,coherentGenesis488,get functionality
2026-03-26 18:59:25,372:hal4000:INFO:message:
2026-03-26 18:59:25,372:hal4000:INFO:  handled by,64,coherentGenesis560,get functionality
2026-03-26 18:59:25,373:hal4000:INFO:message:
2026-03-26 18:59:25,373:hal4000:INFO:  handled by,64,display,get functionality
2026-03-26 18:59:25,373:hal4000:INFO:message:
2026-03-26 18:59:25,373:hal4000:INFO:  handled by,64,feeds,get functionality
2026-03-26 18:59:25,373:hal4000:INFO:message:
2026-03-26 18:59:25,374:hal4000:INFO:  handled by,64,film,get functionality
2026-03-26 18:59:25,374:hal4000:INFO:message:
2026-03-26 18:59:25,374:hal4000:INFO:  handled by,64,focuslock,get functionality
2026-03-26 18:59:25,374:hal4000:INFO:message:
2026-03-26 18:59:25,375:hal4000:INFO:  handled by,64,illumination,get functionality
2026-03-26 18:59:25,375:hal4000:INFO:message:
2026-03-26 18:59:25,375:hal4000:INFO:  handled by,64,mosaic,get functionality
2026-03-26 18:59:25,375:hal4000:INFO:message:
2026-03-26 18:59:25,375:hal4000:INFO:  handled by,64,mpb642,get functionality
2026-03-26 18:59:25,376:hal4000:INFO:message:
2026-03-26 18:59:25,376:hal4000:INFO:  handled by,64,none_irlaser,get functionality
2026-03-26 18:59:25,376:hal4000:INFO:message:
2026-03-26 18:59:25,376:hal4000:INFO:  handled by,64,obis405,get functionality
2026-03-26 18:59:25,377:hal4000:INFO:message:
2026-03-26 18:59:25,377:hal4000:INFO:  handled by,64,pi_controller,get functionality
2026-03-26 18:59:25,377:hal4000:INFO:message:
2026-03-26 18:59:25,377:hal4000:INFO:  handled by,64,progressions,get functionality
2026-03-26 18:59:25,377:hal4000:INFO:message:
2026-03-26 18:59:25,378:hal4000:INFO:  handled by,64,scmos_cal,get functionality
2026-03-26 18:59:25,378:hal4000:INFO:message:
2026-03-26 18:59:25,378:hal4000:INFO:  handled by,64,settings,get functionality
2026-03-26 18:59:25,378:hal4000:INFO:message:
2026-03-26 18:59:25,379:hal4000:INFO:  handled by,64,spotcounter,get functionality
2026-03-26 18:59:25,379:hal4000:INFO:message:
2026-03-26 18:59:25,379:hal4000:INFO:  handled by,64,stage,get functionality
2026-03-26 18:59:25,379:hal4000:INFO:message:
2026-03-26 18:59:25,379:hal4000:INFO:  handled by,64,tcp_control,get functionality
2026-03-26 18:59:25,380:hal4000:INFO:message:
2026-03-26 18:59:25,380:hal4000:INFO:  handled by,64,timing,get functionality
2026-03-26 18:59:25,380:hal4000:INFO:message:
2026-03-26 18:59:25,381:hal4000:INFO:  handled by,64,uc480_camera,get functionality
2026-03-26 18:59:25,381:hal4000:INFO:message:
2026-03-26 18:59:25,381:hal4000:INFO:  handled by,64,z_stage,get functionality
2026-03-26 18:59:25,382:hal4000:INFO:message:
2026-03-26 18:59:25,382:hal4000:INFO:  sent,65,illumination,configuration
2026-03-26 18:59:25,384:hal4000:INFO:message:
2026-03-26 18:59:25,384:hal4000:INFO:  handled by,65,hal,configuration
2026-03-26 18:59:25,385:hal4000:INFO:message:
2026-03-26 18:59:25,385:hal4000:INFO:  handled by,65,aotf,configuration
2026-03-26 18:59:25,385:hal4000:INFO:message:
2026-03-26 18:59:25,385:hal4000:INFO:  handled by,65,clemex_stage,configuration
2026-03-26 18:59:25,385:hal4000:INFO:message:
2026-03-26 18:59:25,385:hal4000:INFO:  handled by,65,coherentGenesis488,configuration
2026-03-26 18:59:25,386:hal4000:INFO:message:
2026-03-26 18:59:25,386:hal4000:INFO:  handled by,65,coherentGenesis560,configuration
2026-03-26 18:59:25,386:hal4000:INFO:message:
2026-03-26 18:59:25,386:hal4000:INFO:  handled by,65,display,configuration
2026-03-26 18:59:25,386:hal4000:INFO:message:
2026-03-26 18:59:25,386:hal4000:INFO:  handled by,65,feeds,configuration
2026-03-26 18:59:25,387:hal4000:INFO:message:
2026-03-26 18:59:25,387:hal4000:INFO:  handled by,65,film,configuration
2026-03-26 18:59:25,387:hal4000:INFO:message:
2026-03-26 18:59:25,387:hal4000:INFO:  handled by,65,focuslock,configuration
2026-03-26 18:59:25,388:hal4000:INFO:message:
2026-03-26 18:59:25,388:hal4000:INFO:  handled by,65,illumination,configuration
2026-03-26 18:59:25,388:hal4000:INFO:message:
2026-03-26 18:59:25,388:hal4000:INFO:  handled by,65,mosaic,configuration
2026-03-26 18:59:25,388:hal4000:INFO:message:
2026-03-26 18:59:25,389:hal4000:INFO:  handled by,65,mpb642,configuration
2026-03-26 18:59:25,389:hal4000:INFO:message:
2026-03-26 18:59:25,389:hal4000:INFO:  handled by,65,none_irlaser,configuration
2026-03-26 18:59:25,389:hal4000:INFO:message:
2026-03-26 18:59:25,389:hal4000:INFO:  handled by,65,obis405,configuration
2026-03-26 18:59:25,389:hal4000:INFO:message:
2026-03-26 18:59:25,390:hal4000:INFO:  handled by,65,pi_controller,configuration
2026-03-26 18:59:25,390:hal4000:INFO:message:
2026-03-26 18:59:25,390:hal4000:INFO:  handled by,65,progressions,configuration
2026-03-26 18:59:25,390:hal4000:INFO:message:
2026-03-26 18:59:25,390:hal4000:INFO:  handled by,65,scmos_cal,configuration
2026-03-26 18:59:25,390:hal4000:INFO:message:
2026-03-26 18:59:25,391:hal4000:INFO:  handled by,65,settings,configuration
2026-03-26 18:59:25,391:hal4000:INFO:message:
2026-03-26 18:59:25,391:hal4000:INFO:  handled by,65,spotcounter,configuration
2026-03-26 18:59:25,391:hal4000:INFO:message:
2026-03-26 18:59:25,391:hal4000:INFO:  handled by,65,stage,configuration
2026-03-26 18:59:25,392:hal4000:INFO:message:
2026-03-26 18:59:25,392:hal4000:INFO:  handled by,65,tcp_control,configuration
2026-03-26 18:59:25,392:hal4000:INFO:message:
2026-03-26 18:59:25,392:hal4000:INFO:  handled by,65,timing,configuration
2026-03-26 18:59:25,393:hal4000:INFO:message:
2026-03-26 18:59:25,393:hal4000:INFO:  handled by,65,uc480_camera,configuration
2026-03-26 18:59:25,393:hal4000:INFO:message:
2026-03-26 18:59:25,393:hal4000:INFO:  handled by,65,z_stage,configuration
2026-03-26 18:59:25,685:hal4000:INFO:message:
2026-03-26 18:59:25,685:hal4000:INFO:  handled by,62,camera1,start camera
2026-03-26 18:59:25,685:hal4000:INFO:message:
2026-03-26 18:59:25,685:hal4000:INFO:  processed,62,film,start camera
2026-03-26 18:59:25,686:hal4000:INFO:message:
2026-03-26 18:59:25,686:hal4000:INFO:  worker done,62,film,start camera
2026-03-26 18:59:25,687:hal4000:INFO:message:
2026-03-26 18:59:25,687:hal4000:INFO:  handled by,63,camera1,new shutters file
2026-03-26 18:59:25,687:hal4000:INFO:message:
2026-03-26 18:59:25,687:hal4000:INFO:  processed,63,illumination,new shutters file
2026-03-26 18:59:25,688:hal4000:INFO:message:
2026-03-26 18:59:25,688:hal4000:INFO:  handled by,64,camera1,get functionality
2026-03-26 18:59:25,688:hal4000:INFO:message:
2026-03-26 18:59:25,688:hal4000:INFO:  processed,64,spotcounter,get functionality
2026-03-26 18:59:25,690:hal4000:INFO:message:
2026-03-26 18:59:25,690:hal4000:INFO:  handled by,65,camera1,configuration
2026-03-26 18:59:25,691:hal4000:INFO:message:
2026-03-26 18:59:25,691:hal4000:INFO:  processed,65,illumination,configuration
2026-03-26 18:59:30,721:hal4000:INFO:message:
2026-03-26 18:59:30,722:hal4000:INFO:  queued,66,hal,new parameters file
2026-03-26 18:59:30,753:hal4000:INFO:message:
2026-03-26 18:59:30,753:hal4000:INFO:  sent,66,hal,new parameters file
2026-03-26 18:59:30,788:hal4000:INFO:message:
2026-03-26 18:59:30,789:hal4000:INFO:  handled by,66,hal,new parameters file
2026-03-26 18:59:30,789:hal4000:INFO:message:
2026-03-26 18:59:30,789:hal4000:INFO:  handled by,66,aotf,new parameters file
2026-03-26 18:59:30,789:hal4000:INFO:message:
2026-03-26 18:59:30,790:hal4000:INFO:  handled by,66,camera1,new parameters file
2026-03-26 18:59:30,790:hal4000:INFO:message:
2026-03-26 18:59:30,790:hal4000:INFO:  handled by,66,clemex_stage,new parameters file
2026-03-26 18:59:30,790:hal4000:INFO:message:
2026-03-26 18:59:30,791:hal4000:INFO:  handled by,66,coherentGenesis488,new parameters file
2026-03-26 18:59:30,791:hal4000:INFO:message:
2026-03-26 18:59:30,791:hal4000:INFO:  handled by,66,coherentGenesis560,new parameters file
2026-03-26 18:59:30,792:hal4000:INFO:message:
2026-03-26 18:59:30,792:hal4000:INFO:  handled by,66,display,new parameters file
2026-03-26 18:59:30,792:hal4000:INFO:message:
2026-03-26 18:59:30,792:hal4000:INFO:  handled by,66,feeds,new parameters file
2026-03-26 18:59:30,793:hal4000:INFO:message:
2026-03-26 18:59:30,793:hal4000:INFO:  handled by,66,film,new parameters file
2026-03-26 18:59:30,793:hal4000:INFO:message:
2026-03-26 18:59:30,793:hal4000:INFO:  handled by,66,focuslock,new parameters file
2026-03-26 18:59:30,794:hal4000:INFO:message:
2026-03-26 18:59:30,794:hal4000:INFO:  handled by,66,illumination,new parameters file
2026-03-26 18:59:30,794:hal4000:INFO:message:
2026-03-26 18:59:30,794:hal4000:INFO:  handled by,66,mosaic,new parameters file
2026-03-26 18:59:30,795:hal4000:INFO:message:
2026-03-26 18:59:30,795:hal4000:INFO:  handled by,66,mpb642,new parameters file
2026-03-26 18:59:30,795:hal4000:INFO:message:
2026-03-26 18:59:30,795:hal4000:INFO:  handled by,66,none_irlaser,new parameters file
2026-03-26 18:59:30,795:hal4000:INFO:message:
2026-03-26 18:59:30,796:hal4000:INFO:  handled by,66,obis405,new parameters file
2026-03-26 18:59:30,796:hal4000:INFO:message:
2026-03-26 18:59:30,796:hal4000:INFO:  handled by,66,pi_controller,new parameters file
2026-03-26 18:59:30,797:hal4000:INFO:message:
2026-03-26 18:59:30,797:hal4000:INFO:  handled by,66,progressions,new parameters file
2026-03-26 18:59:30,797:hal4000:INFO:message:
2026-03-26 18:59:30,797:hal4000:INFO:  handled by,66,scmos_cal,new parameters file
2026-03-26 18:59:30,802:hal4000:INFO:message:
2026-03-26 18:59:30,802:hal4000:INFO:  handled by,66,settings,new parameters file
2026-03-26 18:59:30,802:hal4000:INFO:message:
2026-03-26 18:59:30,802:hal4000:INFO:  handled by,66,spotcounter,new parameters file
2026-03-26 18:59:30,802:hal4000:INFO:message:
2026-03-26 18:59:30,803:hal4000:INFO:  handled by,66,stage,new parameters file
2026-03-26 18:59:30,803:hal4000:INFO:message:
2026-03-26 18:59:30,803:hal4000:INFO:  handled by,66,tcp_control,new parameters file
2026-03-26 18:59:30,803:hal4000:INFO:message:
2026-03-26 18:59:30,804:hal4000:INFO:  handled by,66,timing,new parameters file
2026-03-26 18:59:30,804:hal4000:INFO:message:
2026-03-26 18:59:30,804:hal4000:INFO:  handled by,66,uc480_camera,new parameters file
2026-03-26 18:59:30,804:hal4000:INFO:message:
2026-03-26 18:59:30,804:hal4000:INFO:  handled by,66,z_stage,new parameters file
2026-03-26 18:59:30,805:hal4000:INFO:message:
2026-03-26 18:59:30,805:hal4000:INFO:  processed,66,hal,new parameters file
2026-03-26 18:59:31,780:hal4000:INFO:message:
2026-03-26 18:59:31,780:hal4000:INFO:  queued,67,settings,changing parameters
2026-03-26 18:59:31,783:hal4000:INFO:message:
2026-03-26 18:59:31,783:hal4000:INFO:  queued,68,settings,new parameters
2026-03-26 18:59:31,784:hal4000:INFO:message:
2026-03-26 18:59:31,784:hal4000:INFO:  sent,67,settings,changing parameters
2026-03-26 18:59:31,786:hal4000:INFO:message:
2026-03-26 18:59:31,787:hal4000:INFO:  handled by,67,hal,changing parameters
2026-03-26 18:59:31,787:hal4000:INFO:message:
2026-03-26 18:59:31,787:hal4000:INFO:  handled by,67,aotf,changing parameters
2026-03-26 18:59:31,788:hal4000:INFO:message:
2026-03-26 18:59:31,788:hal4000:INFO:  handled by,67,camera1,changing parameters
2026-03-26 18:59:31,788:hal4000:INFO:message:
2026-03-26 18:59:31,788:hal4000:INFO:  handled by,67,clemex_stage,changing parameters
2026-03-26 18:59:31,789:hal4000:INFO:message:
2026-03-26 18:59:31,789:hal4000:INFO:  handled by,67,coherentGenesis488,changing parameters
2026-03-26 18:59:31,789:hal4000:INFO:message:
2026-03-26 18:59:31,789:hal4000:INFO:  handled by,67,coherentGenesis560,changing parameters
2026-03-26 18:59:31,790:hal4000:INFO:message:
2026-03-26 18:59:31,790:hal4000:INFO:  handled by,67,display,changing parameters
2026-03-26 18:59:31,790:hal4000:INFO:message:
2026-03-26 18:59:31,790:hal4000:INFO:  handled by,67,feeds,changing parameters
2026-03-26 18:59:31,791:hal4000:INFO:message:
2026-03-26 18:59:31,791:hal4000:INFO:  handled by,67,film,changing parameters
2026-03-26 18:59:31,791:hal4000:INFO:message:
2026-03-26 18:59:31,791:hal4000:INFO:  handled by,67,focuslock,changing parameters
2026-03-26 18:59:31,791:hal4000:INFO:message:
2026-03-26 18:59:31,792:hal4000:INFO:  handled by,67,illumination,changing parameters
2026-03-26 18:59:31,792:hal4000:INFO:message:
2026-03-26 18:59:31,792:hal4000:INFO:  handled by,67,mosaic,changing parameters
2026-03-26 18:59:31,792:hal4000:INFO:message:
2026-03-26 18:59:31,793:hal4000:INFO:  handled by,67,mpb642,changing parameters
2026-03-26 18:59:31,793:hal4000:INFO:message:
2026-03-26 18:59:31,793:hal4000:INFO:  handled by,67,none_irlaser,changing parameters
2026-03-26 18:59:31,793:hal4000:INFO:message:
2026-03-26 18:59:31,794:hal4000:INFO:  handled by,67,obis405,changing parameters
2026-03-26 18:59:31,794:hal4000:INFO:message:
2026-03-26 18:59:31,794:hal4000:INFO:  handled by,67,pi_controller,changing parameters
2026-03-26 18:59:31,795:hal4000:INFO:message:
2026-03-26 18:59:31,795:hal4000:INFO:  handled by,67,progressions,changing parameters
2026-03-26 18:59:31,795:hal4000:INFO:message:
2026-03-26 18:59:31,795:hal4000:INFO:  handled by,67,scmos_cal,changing parameters
2026-03-26 18:59:31,795:hal4000:INFO:message:
2026-03-26 18:59:31,796:hal4000:INFO:  handled by,67,settings,changing parameters
2026-03-26 18:59:31,796:hal4000:INFO:message:
2026-03-26 18:59:31,796:hal4000:INFO:  handled by,67,spotcounter,changing parameters
2026-03-26 18:59:31,796:hal4000:INFO:message:
2026-03-26 18:59:31,797:hal4000:INFO:  handled by,67,stage,changing parameters
2026-03-26 18:59:31,797:hal4000:INFO:message:
2026-03-26 18:59:31,797:hal4000:INFO:  handled by,67,tcp_control,changing parameters
2026-03-26 18:59:31,797:hal4000:INFO:message:
2026-03-26 18:59:31,797:hal4000:INFO:  handled by,67,timing,changing parameters
2026-03-26 18:59:31,798:hal4000:INFO:message:
2026-03-26 18:59:31,798:hal4000:INFO:  handled by,67,uc480_camera,changing parameters
2026-03-26 18:59:31,798:hal4000:INFO:message:
2026-03-26 18:59:31,798:hal4000:INFO:  handled by,67,z_stage,changing parameters
2026-03-26 18:59:31,798:hal4000:INFO:message:
2026-03-26 18:59:31,799:hal4000:INFO:  processed,67,settings,changing parameters
2026-03-26 18:59:31,799:hal4000:INFO:message:
2026-03-26 18:59:31,799:hal4000:INFO:  sent,68,settings,new parameters
2026-03-26 18:59:31,800:hal4000:INFO:message:
2026-03-26 18:59:31,800:hal4000:INFO:  handled by,68,hal,new parameters
2026-03-26 18:59:31,800:hal4000:INFO:message:
2026-03-26 18:59:31,800:hal4000:INFO:  handled by,68,aotf,new parameters
2026-03-26 18:59:31,801:hal4000:INFO:message:
2026-03-26 18:59:31,802:hal4000:INFO:  handled by,68,camera1,new parameters
2026-03-26 18:59:31,803:hal4000:INFO:message:
2026-03-26 18:59:31,803:hal4000:INFO:  handled by,68,clemex_stage,new parameters
2026-03-26 18:59:31,803:hal4000:INFO:message:
2026-03-26 18:59:31,803:hal4000:INFO:  handled by,68,coherentGenesis488,new parameters
2026-03-26 18:59:31,804:hal4000:INFO:message:
2026-03-26 18:59:31,804:hal4000:INFO:  handled by,68,coherentGenesis560,new parameters
2026-03-26 18:59:31,804:hal4000:INFO:message:
2026-03-26 18:59:31,804:hal4000:INFO:  handled by,68,display,new parameters
2026-03-26 18:59:31,805:hal4000:INFO:message:
2026-03-26 18:59:31,805:hal4000:INFO:  handled by,68,feeds,new parameters
2026-03-26 18:59:31,806:hal4000:INFO:message:
2026-03-26 18:59:31,806:hal4000:INFO:  handled by,68,film,new parameters
2026-03-26 18:59:31,809:hal4000:INFO:message:
2026-03-26 18:59:31,809:hal4000:INFO:  handled by,68,focuslock,new parameters
2026-03-26 18:59:31,812:hal4000:INFO:message:
2026-03-26 18:59:31,813:hal4000:INFO:  queued,69,illumination,new shutters file
2026-03-26 18:59:31,813:hal4000:INFO:message:
2026-03-26 18:59:31,813:hal4000:INFO:  handled by,68,illumination,new parameters
2026-03-26 18:59:31,814:hal4000:INFO:message:
2026-03-26 18:59:31,814:hal4000:INFO:  handled by,68,mosaic,new parameters
2026-03-26 18:59:31,814:hal4000:INFO:message:
2026-03-26 18:59:31,814:hal4000:INFO:  handled by,68,mpb642,new parameters
2026-03-26 18:59:31,815:hal4000:INFO:message:
2026-03-26 18:59:31,815:hal4000:INFO:  handled by,68,none_irlaser,new parameters
2026-03-26 18:59:31,815:hal4000:INFO:message:
2026-03-26 18:59:31,815:hal4000:INFO:  handled by,68,obis405,new parameters
2026-03-26 18:59:31,815:hal4000:INFO:message:
2026-03-26 18:59:31,816:hal4000:INFO:  handled by,68,pi_controller,new parameters
2026-03-26 18:59:31,816:hal4000:INFO:message:
2026-03-26 18:59:31,816:hal4000:INFO:  handled by,68,progressions,new parameters
2026-03-26 18:59:31,817:hal4000:INFO:message:
2026-03-26 18:59:31,817:hal4000:INFO:  handled by,68,scmos_cal,new parameters
2026-03-26 18:59:31,817:hal4000:INFO:message:
2026-03-26 18:59:31,817:hal4000:INFO:  handled by,68,settings,new parameters
2026-03-26 18:59:31,818:hal4000:INFO:message:
2026-03-26 18:59:31,818:hal4000:INFO:  handled by,68,spotcounter,new parameters
2026-03-26 18:59:31,818:hal4000:INFO:message:
2026-03-26 18:59:31,819:hal4000:INFO:  handled by,68,stage,new parameters
2026-03-26 18:59:31,819:hal4000:INFO:message:
2026-03-26 18:59:31,819:hal4000:INFO:  handled by,68,tcp_control,new parameters
2026-03-26 18:59:31,820:hal4000:INFO:message:
2026-03-26 18:59:31,820:hal4000:INFO:  handled by,68,timing,new parameters
2026-03-26 18:59:31,820:hal4000:INFO:message:
2026-03-26 18:59:31,820:hal4000:INFO:  handled by,68,uc480_camera,new parameters
2026-03-26 18:59:31,821:hal4000:INFO:message:
2026-03-26 18:59:31,821:hal4000:INFO:  handled by,68,z_stage,new parameters
2026-03-26 18:59:31,851:hal4000:INFO:message:
2026-03-26 18:59:31,851:hal4000:INFO:  worker started 60000,68,settings,new parameters
2026-03-26 18:59:31,853:hal4000:INFO:message:
2026-03-26 18:59:31,853:hal4000:INFO:  sent,69,illumination,new shutters file
2026-03-26 18:59:31,868:hal4000:INFO:message:
2026-03-26 18:59:31,868:hal4000:INFO:  handled by,69,hal,new shutters file
2026-03-26 18:59:31,868:hal4000:INFO:message:
2026-03-26 18:59:31,868:hal4000:INFO:  handled by,69,aotf,new shutters file
2026-03-26 18:59:31,869:hal4000:INFO:message:
2026-03-26 18:59:31,869:hal4000:INFO:  handled by,69,clemex_stage,new shutters file
2026-03-26 18:59:31,869:hal4000:INFO:message:
2026-03-26 18:59:31,869:hal4000:INFO:  handled by,69,coherentGenesis488,new shutters file
2026-03-26 18:59:31,869:hal4000:INFO:message:
2026-03-26 18:59:31,870:hal4000:INFO:  handled by,69,coherentGenesis560,new shutters file
2026-03-26 18:59:31,870:hal4000:INFO:message:
2026-03-26 18:59:31,870:hal4000:INFO:  handled by,69,display,new shutters file
2026-03-26 18:59:31,871:hal4000:INFO:message:
2026-03-26 18:59:31,871:hal4000:INFO:  handled by,69,feeds,new shutters file
2026-03-26 18:59:31,871:hal4000:INFO:message:
2026-03-26 18:59:31,871:hal4000:INFO:  handled by,69,film,new shutters file
2026-03-26 18:59:31,872:hal4000:INFO:message:
2026-03-26 18:59:31,872:hal4000:INFO:  handled by,69,focuslock,new shutters file
2026-03-26 18:59:31,873:hal4000:INFO:message:
2026-03-26 18:59:31,873:hal4000:INFO:  queued,70,illumination,configuration
2026-03-26 18:59:31,873:hal4000:INFO:message:
2026-03-26 18:59:31,873:hal4000:INFO:  handled by,69,illumination,new shutters file
2026-03-26 18:59:31,874:hal4000:INFO:message:
2026-03-26 18:59:31,874:hal4000:INFO:  handled by,69,mosaic,new shutters file
2026-03-26 18:59:31,874:hal4000:INFO:message:
2026-03-26 18:59:31,874:hal4000:INFO:  handled by,69,mpb642,new shutters file
2026-03-26 18:59:31,875:hal4000:INFO:message:
2026-03-26 18:59:31,875:hal4000:INFO:  handled by,69,none_irlaser,new shutters file
2026-03-26 18:59:31,875:hal4000:INFO:message:
2026-03-26 18:59:31,875:hal4000:INFO:  handled by,69,obis405,new shutters file
2026-03-26 18:59:31,875:hal4000:INFO:message:
2026-03-26 18:59:31,876:hal4000:INFO:  handled by,69,pi_controller,new shutters file
2026-03-26 18:59:31,876:hal4000:INFO:message:
2026-03-26 18:59:31,877:hal4000:INFO:  handled by,69,progressions,new shutters file
2026-03-26 18:59:31,877:hal4000:INFO:message:
2026-03-26 18:59:31,877:hal4000:INFO:  handled by,69,scmos_cal,new shutters file
2026-03-26 18:59:31,877:hal4000:INFO:message:
2026-03-26 18:59:31,878:hal4000:INFO:  handled by,69,settings,new shutters file
2026-03-26 18:59:31,878:hal4000:INFO:message:
2026-03-26 18:59:31,878:hal4000:INFO:  handled by,69,spotcounter,new shutters file
2026-03-26 18:59:31,878:hal4000:INFO:message:
2026-03-26 18:59:31,878:hal4000:INFO:  handled by,69,stage,new shutters file
2026-03-26 18:59:31,879:hal4000:INFO:message:
2026-03-26 18:59:31,879:hal4000:INFO:  handled by,69,tcp_control,new shutters file
2026-03-26 18:59:31,879:hal4000:INFO:message:
2026-03-26 18:59:31,879:hal4000:INFO:  handled by,69,timing,new shutters file
2026-03-26 18:59:31,880:hal4000:INFO:message:
2026-03-26 18:59:31,880:hal4000:INFO:  handled by,69,uc480_camera,new shutters file
2026-03-26 18:59:31,880:hal4000:INFO:message:
2026-03-26 18:59:31,880:hal4000:INFO:  handled by,69,z_stage,new shutters file
2026-03-26 18:59:31,883:hal4000:INFO:message:
2026-03-26 18:59:31,883:hal4000:INFO:  sent,70,illumination,configuration
2026-03-26 18:59:31,884:hal4000:INFO:message:
2026-03-26 18:59:31,885:hal4000:INFO:  handled by,70,hal,configuration
2026-03-26 18:59:31,885:hal4000:INFO:message:
2026-03-26 18:59:31,885:hal4000:INFO:  handled by,70,aotf,configuration
2026-03-26 18:59:31,885:hal4000:INFO:message:
2026-03-26 18:59:31,885:hal4000:INFO:  handled by,70,clemex_stage,configuration
2026-03-26 18:59:31,886:hal4000:INFO:message:
2026-03-26 18:59:31,886:hal4000:INFO:  handled by,70,coherentGenesis488,configuration
2026-03-26 18:59:31,887:hal4000:INFO:message:
2026-03-26 18:59:31,887:hal4000:INFO:  handled by,70,coherentGenesis560,configuration
2026-03-26 18:59:31,887:hal4000:INFO:message:
2026-03-26 18:59:31,887:hal4000:INFO:  handled by,70,display,configuration
2026-03-26 18:59:31,888:hal4000:INFO:message:
2026-03-26 18:59:31,888:hal4000:INFO:  handled by,70,feeds,configuration
2026-03-26 18:59:31,888:hal4000:INFO:message:
2026-03-26 18:59:31,888:hal4000:INFO:  handled by,70,film,configuration
2026-03-26 18:59:31,889:hal4000:INFO:message:
2026-03-26 18:59:31,889:hal4000:INFO:  handled by,70,focuslock,configuration
2026-03-26 18:59:31,889:hal4000:INFO:message:
2026-03-26 18:59:31,889:hal4000:INFO:  handled by,70,illumination,configuration
2026-03-26 18:59:31,890:hal4000:INFO:message:
2026-03-26 18:59:31,890:hal4000:INFO:  handled by,70,mosaic,configuration
2026-03-26 18:59:31,890:hal4000:INFO:message:
2026-03-26 18:59:31,890:hal4000:INFO:  handled by,70,mpb642,configuration
2026-03-26 18:59:31,891:hal4000:INFO:message:
2026-03-26 18:59:31,891:hal4000:INFO:  handled by,70,none_irlaser,configuration
2026-03-26 18:59:31,891:hal4000:INFO:message:
2026-03-26 18:59:31,892:hal4000:INFO:  handled by,70,obis405,configuration
2026-03-26 18:59:31,892:hal4000:INFO:message:
2026-03-26 18:59:31,892:hal4000:INFO:  handled by,70,pi_controller,configuration
2026-03-26 18:59:31,893:hal4000:INFO:message:
2026-03-26 18:59:31,893:hal4000:INFO:  handled by,70,progressions,configuration
2026-03-26 18:59:31,893:hal4000:INFO:message:
2026-03-26 18:59:31,893:hal4000:INFO:  handled by,70,scmos_cal,configuration
2026-03-26 18:59:31,894:hal4000:INFO:message:
2026-03-26 18:59:31,894:hal4000:INFO:  handled by,70,settings,configuration
2026-03-26 18:59:31,894:hal4000:INFO:message:
2026-03-26 18:59:31,894:hal4000:INFO:  handled by,70,spotcounter,configuration
2026-03-26 18:59:31,894:hal4000:INFO:message:
2026-03-26 18:59:31,894:hal4000:INFO:  handled by,70,stage,configuration
2026-03-26 18:59:31,894:hal4000:INFO:message:
2026-03-26 18:59:31,895:hal4000:INFO:  handled by,70,tcp_control,configuration
2026-03-26 18:59:31,895:hal4000:INFO:message:
2026-03-26 18:59:31,895:hal4000:INFO:  handled by,70,timing,configuration
2026-03-26 18:59:31,895:hal4000:INFO:message:
2026-03-26 18:59:31,895:hal4000:INFO:  handled by,70,uc480_camera,configuration
2026-03-26 18:59:31,895:hal4000:INFO:message:
2026-03-26 18:59:31,895:hal4000:INFO:  handled by,70,z_stage,configuration
2026-03-26 18:59:32,242:hal4000:INFO:message:
2026-03-26 18:59:32,242:hal4000:INFO:  handled by,68,camera1,new parameters
2026-03-26 18:59:32,242:hal4000:INFO:message:
2026-03-26 18:59:32,242:hal4000:INFO:  processed,68,settings,new parameters
2026-03-26 18:59:32,244:hal4000:INFO:message:
2026-03-26 18:59:32,245:hal4000:INFO:  
Got an exception from 'focuslock' of type 'Requested property software_z_scan not found'!

Traceback when the exception occurred:
Traceback (most recent call last):
  File "C:\Users\Light-saver\Documents\storm_control\Hal2\storm_control\hal4000\halLib\halModule.py", line 323, in nextMessage
    self.processMessage(message)
  File "C:\Users\Light-saver\Documents\storm_control\Hal2\storm_control\hal4000\focusLock\focusLock.py", line 295, in processMessage
    self.view.newParameters(p.get(self.module_name))
  File "C:\Users\Light-saver\Documents\storm_control\Hal2\storm_control\hal4000\focusLock\focusLock.py", line 166, in newParameters
    self.parameters.setv(attr, parameters.get(attr))
  File "C:\Users\Light-saver\Documents\storm_control\Hal2\storm_control\sc_library\parameters.py", line 848, in setv
    self.getp(pname).setv(value)
  File "C:\Users\Light-saver\Documents\storm_control\Hal2\storm_control\sc_library\parameters.py", line 772, in getp
    raise ParametersExceptionGet("Requested property " + pname + " not found")
storm_control.sc_library.parameters.ParametersExceptionGet: Requested property software_z_scan not found


2026-03-26 18:59:32,659:hal4000:INFO:message:
2026-03-26 18:59:32,659:hal4000:INFO:  worker done,68,settings,new parameters
2026-03-26 18:59:32,692:hal4000:INFO:message:
2026-03-26 18:59:32,699:hal4000:INFO:  uc480: Call failed with error 1 is_CopyImageMem
2026-03-26 18:59:32,754:hal4000:INFO:message:
2026-03-26 18:59:32,754:hal4000:INFO:  handled by,69,camera1,new shutters file
2026-03-26 18:59:32,755:hal4000:INFO:message:
2026-03-26 18:59:32,755:hal4000:INFO:  processed,69,illumination,new shutters file
2026-03-26 18:59:32,755:hal4000:INFO:message:
2026-03-26 18:59:32,755:hal4000:INFO:  handled by,70,camera1,configuration
2026-03-26 18:59:32,755:hal4000:INFO:message:
2026-03-26 18:59:32,755:hal4000:INFO:  processed,70,illumination,configuration
