2026-03-26 16:39:10,384:hal4000:INFO:message:
2026-03-26 16:39:10,385:hal4000:INFO:  handled by,57,scmos_cal,get functionality
2026-03-26 16:39:10,385:hal4000:INFO:message:
2026-03-26 16:39:10,385:hal4000:INFO:  handled by,57,settings,get functionality
2026-03-26 16:39:10,386:hal4000:INFO:message:
2026-03-26 16:39:10,386:hal4000:INFO:  handled by,57,spotcounter,get functionality
2026-03-26 16:39:10,386:hal4000:INFO:message:
2026-03-26 16:39:10,386:hal4000:INFO:  handled by,57,stage,get functionality
2026-03-26 16:39:10,386:hal4000:INFO:message:
2026-03-26 16:39:10,386:hal4000:INFO:  handled by,57,tcp_control,get functionality
2026-03-26 16:39:10,387:hal4000:INFO:message:
2026-03-26 16:39:10,387:hal4000:INFO:  handled by,57,timing,get functionality
2026-03-26 16:39:10,387:hal4000:INFO:message:
2026-03-26 16:39:10,387:hal4000:INFO:  handled by,57,uc480_camera,get functionality
2026-03-26 16:39:10,387:hal4000:INFO:message:
2026-03-26 16:39:10,387:hal4000:INFO:  handled by,57,z_stage,get functionality
2026-03-26 16:39:10,388:hal4000:INFO:message:
2026-03-26 16:39:10,388:hal4000:INFO:  processed,57,scmos_cal,get functionality
2026-03-26 16:39:10,389:hal4000:INFO:message:
2026-03-26 16:39:10,390:hal4000:INFO:  sent,3,core,start
2026-03-26 16:39:10,415:hal4000:INFO:message:
2026-03-26 16:39:10,416:hal4000:INFO:  queued,58,hal,change directory
2026-03-26 16:39:10,416:hal4000:INFO:message:
2026-03-26 16:39:10,416:hal4000:INFO:  handled by,3,hal,start
2026-03-26 16:39:10,416:hal4000:INFO:message:
2026-03-26 16:39:10,416:hal4000:INFO:  handled by,3,aotf,start
2026-03-26 16:39:10,417:hal4000:INFO:message:
2026-03-26 16:39:10,417:hal4000:INFO:  handled by,3,camera1,start
2026-03-26 16:39:10,417:hal4000:INFO:message:
2026-03-26 16:39:10,417:hal4000:INFO:  handled by,3,clemex_stage,start
2026-03-26 16:39:10,417:hal4000:INFO:message:
2026-03-26 16:39:10,418:hal4000:INFO:  handled by,3,coherentGenesis488,start
2026-03-26 16:39:10,418:hal4000:INFO:message:
2026-03-26 16:39:10,418:hal4000:INFO:  handled by,3,coherentGenesis560,start
2026-03-26 16:39:10,418:hal4000:INFO:message:
2026-03-26 16:39:10,418:hal4000:INFO:  queued,59,display,get functionality
2026-03-26 16:39:10,418:hal4000:INFO:message:
2026-03-26 16:39:10,419:hal4000:INFO:  handled by,3,display,start
2026-03-26 16:39:10,419:hal4000:INFO:message:
2026-03-26 16:39:10,419:hal4000:INFO:  handled by,3,feeds,start
2026-03-26 16:39:10,419:hal4000:INFO:message:
2026-03-26 16:39:10,419:hal4000:INFO:  queued,60,film,start camera
2026-03-26 16:39:10,420:hal4000:INFO:message:
2026-03-26 16:39:10,420:hal4000:INFO:  queued,61,film,sync
2026-03-26 16:39:10,420:hal4000:INFO:message:
2026-03-26 16:39:10,420:hal4000:INFO:  queued,62,film,start camera
2026-03-26 16:39:10,420:hal4000:INFO:message:
2026-03-26 16:39:10,420:hal4000:INFO:  handled by,3,film,start
2026-03-26 16:39:10,430:hal4000:INFO:message:
2026-03-26 16:39:10,431:hal4000:INFO:  handled by,3,focuslock,start
2026-03-26 16:39:10,439:hal4000:INFO:message:
2026-03-26 16:39:10,439:hal4000:INFO:  queued,63,illumination,new shutters file
2026-03-26 16:39:10,447:hal4000:INFO:message:
2026-03-26 16:39:10,447:hal4000:INFO:  handled by,3,illumination,start
2026-03-26 16:39:10,448:hal4000:INFO:message:
2026-03-26 16:39:10,448:hal4000:INFO:  handled by,3,mosaic,start
2026-03-26 16:39:10,448:hal4000:INFO:message:
2026-03-26 16:39:10,448:hal4000:INFO:  handled by,3,mpb642,start
2026-03-26 16:39:10,449:hal4000:INFO:message:
2026-03-26 16:39:10,449:hal4000:INFO:  handled by,3,none_irlaser,start
2026-03-26 16:39:10,449:hal4000:INFO:message:
2026-03-26 16:39:10,449:hal4000:INFO:  handled by,3,obis405,start
2026-03-26 16:39:10,450:hal4000:INFO:message:
2026-03-26 16:39:10,450:hal4000:INFO:  handled by,3,pi_controller,start
2026-03-26 16:39:10,450:hal4000:INFO:message:
2026-03-26 16:39:10,450:hal4000:INFO:  handled by,3,progressions,start
2026-03-26 16:39:10,450:hal4000:INFO:message:
2026-03-26 16:39:10,451:hal4000:INFO:  handled by,3,scmos_cal,start
2026-03-26 16:39:10,451:hal4000:INFO:message:
2026-03-26 16:39:10,451:hal4000:INFO:  handled by,3,settings,start
2026-03-26 16:39:10,451:hal4000:INFO:message:
2026-03-26 16:39:10,452:hal4000:INFO:  queued,64,spotcounter,get functionality
2026-03-26 16:39:10,452:hal4000:INFO:message:
2026-03-26 16:39:10,452:hal4000:INFO:  handled by,3,spotcounter,start
2026-03-26 16:39:10,459:hal4000:INFO:message:
2026-03-26 16:39:10,460:hal4000:INFO:  handled by,3,stage,start
2026-03-26 16:39:10,460:hal4000:INFO:message:
2026-03-26 16:39:10,460:hal4000:INFO:  handled by,3,tcp_control,start
2026-03-26 16:39:10,460:hal4000:INFO:message:
2026-03-26 16:39:10,461:hal4000:INFO:  handled by,3,timing,start
2026-03-26 16:39:10,461:hal4000:INFO:message:
2026-03-26 16:39:10,461:hal4000:INFO:  handled by,3,uc480_camera,start
2026-03-26 16:39:10,469:hal4000:INFO:message:
2026-03-26 16:39:10,469:hal4000:INFO:  handled by,3,z_stage,start
2026-03-26 16:39:10,469:hal4000:INFO:message:
2026-03-26 16:39:10,470:hal4000:INFO:  processed,3,core,start
2026-03-26 16:39:10,547:hal4000:INFO:message:
2026-03-26 16:39:10,547:hal4000:INFO:  sent,58,hal,change directory
2026-03-26 16:39:10,581:hal4000:INFO:message:
2026-03-26 16:39:10,581:hal4000:INFO:  handled by,58,hal,change directory
2026-03-26 16:39:10,581:hal4000:INFO:message:
2026-03-26 16:39:10,581:hal4000:INFO:  handled by,58,aotf,change directory
2026-03-26 16:39:10,582:hal4000:INFO:message:
2026-03-26 16:39:10,582:hal4000:INFO:  handled by,58,camera1,change directory
2026-03-26 16:39:10,582:hal4000:INFO:message:
2026-03-26 16:39:10,582:hal4000:INFO:  handled by,58,clemex_stage,change directory
2026-03-26 16:39:10,583:hal4000:INFO:message:
2026-03-26 16:39:10,583:hal4000:INFO:  handled by,58,coherentGenesis488,change directory
2026-03-26 16:39:10,583:hal4000:INFO:message:
2026-03-26 16:39:10,583:hal4000:INFO:  handled by,58,coherentGenesis560,change directory
2026-03-26 16:39:10,584:hal4000:INFO:message:
2026-03-26 16:39:10,584:hal4000:INFO:  handled by,58,display,change directory
2026-03-26 16:39:10,584:hal4000:INFO:message:
2026-03-26 16:39:10,584:hal4000:INFO:  handled by,58,feeds,change directory
2026-03-26 16:39:10,585:hal4000:INFO:message:
2026-03-26 16:39:10,585:hal4000:INFO:  handled by,58,film,change directory
2026-03-26 16:39:10,585:hal4000:INFO:message:
2026-03-26 16:39:10,585:hal4000:INFO:  handled by,58,focuslock,change directory
2026-03-26 16:39:10,586:hal4000:INFO:message:
2026-03-26 16:39:10,586:hal4000:INFO:  handled by,58,illumination,change directory
2026-03-26 16:39:10,586:hal4000:INFO:message:
2026-03-26 16:39:10,586:hal4000:INFO:  handled by,58,mosaic,change directory
2026-03-26 16:39:10,586:hal4000:INFO:message:
2026-03-26 16:39:10,587:hal4000:INFO:  handled by,58,mpb642,change directory
2026-03-26 16:39:10,587:hal4000:INFO:message:
2026-03-26 16:39:10,587:hal4000:INFO:  handled by,58,none_irlaser,change directory
2026-03-26 16:39:10,587:hal4000:INFO:message:
2026-03-26 16:39:10,588:hal4000:INFO:  handled by,58,obis405,change directory
2026-03-26 16:39:10,588:hal4000:INFO:message:
2026-03-26 16:39:10,588:hal4000:INFO:  handled by,58,pi_controller,change directory
2026-03-26 16:39:10,589:hal4000:INFO:message:
2026-03-26 16:39:10,589:hal4000:INFO:  handled by,58,progressions,change directory
2026-03-26 16:39:10,589:hal4000:INFO:message:
2026-03-26 16:39:10,589:hal4000:INFO:  handled by,58,scmos_cal,change directory
2026-03-26 16:39:10,590:hal4000:INFO:message:
2026-03-26 16:39:10,590:hal4000:INFO:  handled by,58,settings,change directory
2026-03-26 16:39:10,590:hal4000:INFO:message:
2026-03-26 16:39:10,590:hal4000:INFO:  handled by,58,spotcounter,change directory
2026-03-26 16:39:10,590:hal4000:INFO:message:
2026-03-26 16:39:10,591:hal4000:INFO:  handled by,58,stage,change directory
2026-03-26 16:39:10,591:hal4000:INFO:message:
2026-03-26 16:39:10,591:hal4000:INFO:  handled by,58,tcp_control,change directory
2026-03-26 16:39:10,591:hal4000:INFO:message:
2026-03-26 16:39:10,591:hal4000:INFO:  handled by,58,timing,change directory
2026-03-26 16:39:10,592:hal4000:INFO:message:
2026-03-26 16:39:10,592:hal4000:INFO:  handled by,58,uc480_camera,change directory
2026-03-26 16:39:10,592:hal4000:INFO:message:
2026-03-26 16:39:10,592:hal4000:INFO:  handled by,58,z_stage,change directory
2026-03-26 16:39:10,592:hal4000:INFO:message:
2026-03-26 16:39:10,593:hal4000:INFO:  processed,58,hal,change directory
2026-03-26 16:39:10,593:hal4000:INFO:message:
2026-03-26 16:39:10,593:hal4000:INFO:  sent,59,display,get functionality
2026-03-26 16:39:10,595:hal4000:INFO:message:
2026-03-26 16:39:10,595:hal4000:INFO:  handled by,59,hal,get functionality
2026-03-26 16:39:10,595:hal4000:INFO:message:
2026-03-26 16:39:10,595:hal4000:INFO:  handled by,59,aotf,get functionality
2026-03-26 16:39:10,596:hal4000:INFO:message:
2026-03-26 16:39:10,596:hal4000:INFO:  handled by,59,camera1,get functionality
2026-03-26 16:39:10,596:hal4000:INFO:message:
2026-03-26 16:39:10,596:hal4000:INFO:  handled by,59,clemex_stage,get functionality
2026-03-26 16:39:10,596:hal4000:INFO:message:
2026-03-26 16:39:10,597:hal4000:INFO:  handled by,59,coherentGenesis488,get functionality
2026-03-26 16:39:10,597:hal4000:INFO:message:
2026-03-26 16:39:10,597:hal4000:INFO:  handled by,59,coherentGenesis560,get functionality
2026-03-26 16:39:10,597:hal4000:INFO:message:
2026-03-26 16:39:10,597:hal4000:INFO:  handled by,59,display,get functionality
2026-03-26 16:39:10,598:hal4000:INFO:message:
2026-03-26 16:39:10,598:hal4000:INFO:  handled by,59,feeds,get functionality
2026-03-26 16:39:10,598:hal4000:INFO:message:
2026-03-26 16:39:10,598:hal4000:INFO:  handled by,59,film,get functionality
2026-03-26 16:39:10,599:hal4000:INFO:message:
2026-03-26 16:39:10,599:hal4000:INFO:  handled by,59,focuslock,get functionality
2026-03-26 16:39:10,599:hal4000:INFO:message:
2026-03-26 16:39:10,599:hal4000:INFO:  handled by,59,illumination,get functionality
2026-03-26 16:39:10,600:hal4000:INFO:message:
2026-03-26 16:39:10,600:hal4000:INFO:  handled by,59,mosaic,get functionality
2026-03-26 16:39:10,601:hal4000:INFO:message:
2026-03-26 16:39:10,601:hal4000:INFO:  handled by,59,mpb642,get functionality
2026-03-26 16:39:10,601:hal4000:INFO:message:
2026-03-26 16:39:10,601:hal4000:INFO:  handled by,59,none_irlaser,get functionality
2026-03-26 16:39:10,601:hal4000:INFO:message:
2026-03-26 16:39:10,601:hal4000:INFO:  handled by,59,obis405,get functionality
2026-03-26 16:39:10,602:hal4000:INFO:message:
2026-03-26 16:39:10,602:hal4000:INFO:  handled by,59,pi_controller,get functionality
2026-03-26 16:39:10,602:hal4000:INFO:message:
2026-03-26 16:39:10,602:hal4000:INFO:  handled by,59,progressions,get functionality
2026-03-26 16:39:10,603:hal4000:INFO:message:
2026-03-26 16:39:10,603:hal4000:INFO:  handled by,59,scmos_cal,get functionality
2026-03-26 16:39:10,603:hal4000:INFO:message:
2026-03-26 16:39:10,603:hal4000:INFO:  handled by,59,settings,get functionality
2026-03-26 16:39:10,604:hal4000:INFO:message:
2026-03-26 16:39:10,604:hal4000:INFO:  handled by,59,spotcounter,get functionality
2026-03-26 16:39:10,604:hal4000:INFO:message:
2026-03-26 16:39:10,604:hal4000:INFO:  handled by,59,stage,get functionality
2026-03-26 16:39:10,604:hal4000:INFO:message:
2026-03-26 16:39:10,605:hal4000:INFO:  handled by,59,tcp_control,get functionality
2026-03-26 16:39:10,605:hal4000:INFO:message:
2026-03-26 16:39:10,605:hal4000:INFO:  handled by,59,timing,get functionality
2026-03-26 16:39:10,605:hal4000:INFO:message:
2026-03-26 16:39:10,605:hal4000:INFO:  handled by,59,uc480_camera,get functionality
2026-03-26 16:39:10,606:hal4000:INFO:message:
2026-03-26 16:39:10,606:hal4000:INFO:  handled by,59,z_stage,get functionality
2026-03-26 16:39:10,606:hal4000:INFO:message:
2026-03-26 16:39:10,607:hal4000:INFO:  processed,59,display,get functionality
2026-03-26 16:39:10,609:hal4000:INFO:message:
2026-03-26 16:39:10,609:hal4000:INFO:  sent,60,film,start camera
2026-03-26 16:39:10,612:hal4000:INFO:message:
2026-03-26 16:39:10,612:hal4000:INFO:  handled by,60,hal,start camera
2026-03-26 16:39:10,613:hal4000:INFO:message:
2026-03-26 16:39:10,613:hal4000:INFO:  handled by,60,aotf,start camera
2026-03-26 16:39:10,613:hal4000:INFO:message:
2026-03-26 16:39:10,613:hal4000:INFO:  handled by,60,camera1,start camera
2026-03-26 16:39:10,613:hal4000:INFO:message:
2026-03-26 16:39:10,614:hal4000:INFO:  handled by,60,clemex_stage,start camera
2026-03-26 16:39:10,614:hal4000:INFO:message:
2026-03-26 16:39:10,614:hal4000:INFO:  handled by,60,coherentGenesis488,start camera
2026-03-26 16:39:10,614:hal4000:INFO:message:
2026-03-26 16:39:10,615:hal4000:INFO:  handled by,60,coherentGenesis560,start camera
2026-03-26 16:39:10,615:hal4000:INFO:message:
2026-03-26 16:39:10,615:hal4000:INFO:  handled by,60,display,start camera
2026-03-26 16:39:10,615:hal4000:INFO:message:
2026-03-26 16:39:10,615:hal4000:INFO:  handled by,60,feeds,start camera
2026-03-26 16:39:10,616:hal4000:INFO:message:
2026-03-26 16:39:10,616:hal4000:INFO:  handled by,60,film,start camera
2026-03-26 16:39:10,616:hal4000:INFO:message:
2026-03-26 16:39:10,616:hal4000:INFO:  handled by,60,focuslock,start camera
2026-03-26 16:39:10,616:hal4000:INFO:message:
2026-03-26 16:39:10,617:hal4000:INFO:  handled by,60,illumination,start camera
2026-03-26 16:39:10,617:hal4000:INFO:message:
2026-03-26 16:39:10,617:hal4000:INFO:  handled by,60,mosaic,start camera
2026-03-26 16:39:10,617:hal4000:INFO:message:
2026-03-26 16:39:10,617:hal4000:INFO:  handled by,60,mpb642,start camera
2026-03-26 16:39:10,618:hal4000:INFO:message:
2026-03-26 16:39:10,618:hal4000:INFO:  handled by,60,none_irlaser,start camera
2026-03-26 16:39:10,619:hal4000:INFO:message:
2026-03-26 16:39:10,619:hal4000:INFO:  handled by,60,obis405,start camera
2026-03-26 16:39:10,619:hal4000:INFO:message:
2026-03-26 16:39:10,619:hal4000:INFO:  handled by,60,pi_controller,start camera
2026-03-26 16:39:10,619:hal4000:INFO:message:
2026-03-26 16:39:10,619:hal4000:INFO:  handled by,60,progressions,start camera
2026-03-26 16:39:10,620:hal4000:INFO:message:
2026-03-26 16:39:10,620:hal4000:INFO:  handled by,60,scmos_cal,start camera
2026-03-26 16:39:10,620:hal4000:INFO:message:
2026-03-26 16:39:10,620:hal4000:INFO:  handled by,60,settings,start camera
2026-03-26 16:39:10,621:hal4000:INFO:message:
2026-03-26 16:39:10,621:hal4000:INFO:  handled by,60,spotcounter,start camera
2026-03-26 16:39:10,621:hal4000:INFO:message:
2026-03-26 16:39:10,621:hal4000:INFO:  handled by,60,stage,start camera
2026-03-26 16:39:10,621:hal4000:INFO:message:
2026-03-26 16:39:10,622:hal4000:INFO:  handled by,60,tcp_control,start camera
2026-03-26 16:39:10,622:hal4000:INFO:message:
2026-03-26 16:39:10,622:hal4000:INFO:  handled by,60,timing,start camera
2026-03-26 16:39:10,622:hal4000:INFO:message:
2026-03-26 16:39:10,622:hal4000:INFO:  handled by,60,uc480_camera,start camera
2026-03-26 16:39:10,622:hal4000:INFO:message:
2026-03-26 16:39:10,622:hal4000:INFO:  handled by,60,z_stage,start camera
2026-03-26 16:39:10,623:hal4000:INFO:message:
2026-03-26 16:39:10,623:hal4000:INFO:  processed,60,film,start camera
2026-03-26 16:39:10,630:hal4000:INFO:message:
2026-03-26 16:39:10,631:hal4000:INFO:  sent,62,film,start camera
2026-03-26 16:39:10,633:hal4000:INFO:message:
2026-03-26 16:39:10,633:hal4000:INFO:  handled by,62,hal,start camera
2026-03-26 16:39:10,633:hal4000:INFO:message:
2026-03-26 16:39:10,633:hal4000:INFO:  handled by,62,aotf,start camera
2026-03-26 16:39:10,634:hal4000:INFO:message:
2026-03-26 16:39:10,634:hal4000:INFO:  handled by,62,camera1,start camera
2026-03-26 16:39:10,634:hal4000:INFO:message:
2026-03-26 16:39:10,634:hal4000:INFO:  handled by,62,clemex_stage,start camera
2026-03-26 16:39:10,635:hal4000:INFO:message:
2026-03-26 16:39:10,635:hal4000:INFO:  handled by,62,coherentGenesis488,start camera
2026-03-26 16:39:10,635:hal4000:INFO:message:
2026-03-26 16:39:10,635:hal4000:INFO:  handled by,62,coherentGenesis560,start camera
2026-03-26 16:39:10,636:hal4000:INFO:message:
2026-03-26 16:39:10,636:hal4000:INFO:  handled by,62,display,start camera
2026-03-26 16:39:10,636:hal4000:INFO:message:
2026-03-26 16:39:10,636:hal4000:INFO:  handled by,62,feeds,start camera
2026-03-26 16:39:10,640:hal4000:INFO:message:
2026-03-26 16:39:10,640:hal4000:INFO:  handled by,62,film,start camera
2026-03-26 16:39:10,640:hal4000:INFO:message:
2026-03-26 16:39:10,641:hal4000:INFO:  handled by,62,focuslock,start camera
2026-03-26 16:39:10,641:hal4000:INFO:message:
2026-03-26 16:39:10,641:hal4000:INFO:  handled by,62,illumination,start camera
2026-03-26 16:39:10,641:hal4000:INFO:message:
2026-03-26 16:39:10,641:hal4000:INFO:  handled by,62,mosaic,start camera
2026-03-26 16:39:10,642:hal4000:INFO:message:
2026-03-26 16:39:10,642:hal4000:INFO:  handled by,62,mpb642,start camera
2026-03-26 16:39:10,642:hal4000:INFO:message:
2026-03-26 16:39:10,642:hal4000:INFO:  handled by,62,none_irlaser,start camera
2026-03-26 16:39:10,643:hal4000:INFO:message:
2026-03-26 16:39:10,643:hal4000:INFO:  handled by,62,obis405,start camera
2026-03-26 16:39:10,643:hal4000:INFO:message:
2026-03-26 16:39:10,643:hal4000:INFO:  handled by,62,pi_controller,start camera
2026-03-26 16:39:10,643:hal4000:INFO:message:
2026-03-26 16:39:10,644:hal4000:INFO:  handled by,62,progressions,start camera
2026-03-26 16:39:10,644:hal4000:INFO:message:
2026-03-26 16:39:10,644:hal4000:INFO:  handled by,62,scmos_cal,start camera
2026-03-26 16:39:10,644:hal4000:INFO:message:
2026-03-26 16:39:10,645:hal4000:INFO:  handled by,62,settings,start camera
2026-03-26 16:39:10,645:hal4000:INFO:message:
2026-03-26 16:39:10,645:hal4000:INFO:  handled by,62,spotcounter,start camera
2026-03-26 16:39:10,645:hal4000:INFO:message:
2026-03-26 16:39:10,645:hal4000:INFO:  handled by,62,stage,start camera
2026-03-26 16:39:10,646:hal4000:INFO:message:
2026-03-26 16:39:10,646:hal4000:INFO:  handled by,62,tcp_control,start camera
2026-03-26 16:39:10,646:hal4000:INFO:message:
2026-03-26 16:39:10,646:hal4000:INFO:  handled by,62,timing,start camera
2026-03-26 16:39:10,647:hal4000:INFO:message:
2026-03-26 16:39:10,647:hal4000:INFO:  handled by,62,uc480_camera,start camera
2026-03-26 16:39:10,647:hal4000:INFO:message:
2026-03-26 16:39:10,648:hal4000:INFO:  handled by,62,z_stage,start camera
2026-03-26 16:39:10,648:hal4000:INFO:message:
2026-03-26 16:39:10,648:hal4000:INFO:  sent,63,illumination,new shutters file
2026-03-26 16:39:10,649:hal4000:INFO:message:
2026-03-26 16:39:10,649:hal4000:INFO:  worker started 60000,62,film,start camera
2026-03-26 16:39:10,649:hal4000:INFO:message:
2026-03-26 16:39:10,649:hal4000:INFO:  handled by,63,hal,new shutters file
2026-03-26 16:39:10,650:hal4000:INFO:message:
2026-03-26 16:39:10,650:hal4000:INFO:  handled by,63,aotf,new shutters file
2026-03-26 16:39:10,650:hal4000:INFO:message:
2026-03-26 16:39:10,650:hal4000:INFO:  handled by,63,clemex_stage,new shutters file
2026-03-26 16:39:10,650:hal4000:INFO:message:
2026-03-26 16:39:10,651:hal4000:INFO:  handled by,63,coherentGenesis488,new shutters file
2026-03-26 16:39:10,651:hal4000:INFO:message:
2026-03-26 16:39:10,651:hal4000:INFO:  handled by,63,coherentGenesis560,new shutters file
2026-03-26 16:39:10,651:hal4000:INFO:message:
2026-03-26 16:39:10,651:hal4000:INFO:  handled by,63,display,new shutters file
2026-03-26 16:39:10,652:hal4000:INFO:message:
2026-03-26 16:39:10,652:hal4000:INFO:  handled by,63,feeds,new shutters file
2026-03-26 16:39:10,652:hal4000:INFO:message:
2026-03-26 16:39:10,652:hal4000:INFO:  handled by,63,film,new shutters file
2026-03-26 16:39:10,652:hal4000:INFO:message:
2026-03-26 16:39:10,653:hal4000:INFO:  handled by,63,focuslock,new shutters file
2026-03-26 16:39:10,654:hal4000:INFO:message:
2026-03-26 16:39:10,654:hal4000:INFO:  queued,65,illumination,configuration
2026-03-26 16:39:10,655:hal4000:INFO:message:
2026-03-26 16:39:10,655:hal4000:INFO:  handled by,63,illumination,new shutters file
2026-03-26 16:39:10,655:hal4000:INFO:message:
2026-03-26 16:39:10,655:hal4000:INFO:  handled by,63,mosaic,new shutters file
2026-03-26 16:39:10,656:hal4000:INFO:message:
2026-03-26 16:39:10,656:hal4000:INFO:  handled by,63,mpb642,new shutters file
2026-03-26 16:39:10,656:hal4000:INFO:message:
2026-03-26 16:39:10,656:hal4000:INFO:  handled by,63,none_irlaser,new shutters file
2026-03-26 16:39:10,656:hal4000:INFO:message:
2026-03-26 16:39:10,657:hal4000:INFO:  handled by,63,obis405,new shutters file
2026-03-26 16:39:10,657:hal4000:INFO:message:
2026-03-26 16:39:10,657:hal4000:INFO:  handled by,63,pi_controller,new shutters file
2026-03-26 16:39:10,657:hal4000:INFO:message:
2026-03-26 16:39:10,657:hal4000:INFO:  handled by,63,progressions,new shutters file
2026-03-26 16:39:10,658:hal4000:INFO:message:
2026-03-26 16:39:10,658:hal4000:INFO:  handled by,63,scmos_cal,new shutters file
2026-03-26 16:39:10,658:hal4000:INFO:message:
2026-03-26 16:39:10,658:hal4000:INFO:  handled by,63,settings,new shutters file
2026-03-26 16:39:10,659:hal4000:INFO:message:
2026-03-26 16:39:10,659:hal4000:INFO:  handled by,63,spotcounter,new shutters file
2026-03-26 16:39:10,659:hal4000:INFO:message:
2026-03-26 16:39:10,659:hal4000:INFO:  handled by,63,stage,new shutters file
2026-03-26 16:39:10,659:hal4000:INFO:message:
2026-03-26 16:39:10,660:hal4000:INFO:  handled by,63,tcp_control,new shutters file
2026-03-26 16:39:10,660:hal4000:INFO:message:
2026-03-26 16:39:10,661:hal4000:INFO:  handled by,63,timing,new shutters file
2026-03-26 16:39:10,661:hal4000:INFO:message:
2026-03-26 16:39:10,661:hal4000:INFO:  handled by,63,uc480_camera,new shutters file
2026-03-26 16:39:10,661:hal4000:INFO:message:
2026-03-26 16:39:10,662:hal4000:INFO:  handled by,63,z_stage,new shutters file
2026-03-26 16:39:10,662:hal4000:INFO:message:
2026-03-26 16:39:10,662:hal4000:INFO:  sent,64,spotcounter,get functionality
2026-03-26 16:39:10,663:hal4000:INFO:message:
2026-03-26 16:39:10,663:hal4000:INFO:  handled by,64,hal,get functionality
2026-03-26 16:39:10,664:hal4000:INFO:message:
2026-03-26 16:39:10,664:hal4000:INFO:  handled by,64,aotf,get functionality
2026-03-26 16:39:10,664:hal4000:INFO:message:
2026-03-26 16:39:10,664:hal4000:INFO:  handled by,64,clemex_stage,get functionality
2026-03-26 16:39:10,664:hal4000:INFO:message:
2026-03-26 16:39:10,665:hal4000:INFO:  handled by,64,coherentGenesis488,get functionality
2026-03-26 16:39:10,665:hal4000:INFO:message:
2026-03-26 16:39:10,665:hal4000:INFO:  handled by,64,coherentGenesis560,get functionality
2026-03-26 16:39:10,665:hal4000:INFO:message:
2026-03-26 16:39:10,666:hal4000:INFO:  handled by,64,display,get functionality
2026-03-26 16:39:10,666:hal4000:INFO:message:
2026-03-26 16:39:10,666:hal4000:INFO:  handled by,64,feeds,get functionality
2026-03-26 16:39:10,667:hal4000:INFO:message:
2026-03-26 16:39:10,667:hal4000:INFO:  handled by,64,film,get functionality
2026-03-26 16:39:10,667:hal4000:INFO:message:
2026-03-26 16:39:10,667:hal4000:INFO:  handled by,64,focuslock,get functionality
2026-03-26 16:39:10,668:hal4000:INFO:message:
2026-03-26 16:39:10,668:hal4000:INFO:  handled by,64,illumination,get functionality
2026-03-26 16:39:10,668:hal4000:INFO:message:
2026-03-26 16:39:10,668:hal4000:INFO:  handled by,64,mosaic,get functionality
2026-03-26 16:39:10,668:hal4000:INFO:message:
2026-03-26 16:39:10,669:hal4000:INFO:  handled by,64,mpb642,get functionality
2026-03-26 16:39:10,669:hal4000:INFO:message:
2026-03-26 16:39:10,669:hal4000:INFO:  handled by,64,none_irlaser,get functionality
2026-03-26 16:39:10,669:hal4000:INFO:message:
2026-03-26 16:39:10,669:hal4000:INFO:  handled by,64,obis405,get functionality
2026-03-26 16:39:10,670:hal4000:INFO:message:
2026-03-26 16:39:10,670:hal4000:INFO:  handled by,64,pi_controller,get functionality
2026-03-26 16:39:10,670:hal4000:INFO:message:
2026-03-26 16:39:10,670:hal4000:INFO:  handled by,64,progressions,get functionality
2026-03-26 16:39:10,671:hal4000:INFO:message:
2026-03-26 16:39:10,671:hal4000:INFO:  handled by,64,scmos_cal,get functionality
2026-03-26 16:39:10,671:hal4000:INFO:message:
2026-03-26 16:39:10,671:hal4000:INFO:  handled by,64,settings,get functionality
2026-03-26 16:39:10,672:hal4000:INFO:message:
2026-03-26 16:39:10,672:hal4000:INFO:  handled by,64,spotcounter,get functionality
2026-03-26 16:39:10,672:hal4000:INFO:message:
2026-03-26 16:39:10,672:hal4000:INFO:  handled by,64,stage,get functionality
2026-03-26 16:39:10,673:hal4000:INFO:message:
2026-03-26 16:39:10,673:hal4000:INFO:  handled by,64,tcp_control,get functionality
2026-03-26 16:39:10,673:hal4000:INFO:message:
2026-03-26 16:39:10,673:hal4000:INFO:  handled by,64,timing,get functionality
2026-03-26 16:39:10,673:hal4000:INFO:message:
2026-03-26 16:39:10,674:hal4000:INFO:  handled by,64,uc480_camera,get functionality
2026-03-26 16:39:10,674:hal4000:INFO:message:
2026-03-26 16:39:10,674:hal4000:INFO:  handled by,64,z_stage,get functionality
2026-03-26 16:39:10,674:hal4000:INFO:message:
2026-03-26 16:39:10,674:hal4000:INFO:  sent,65,illumination,configuration
2026-03-26 16:39:10,676:hal4000:INFO:message:
2026-03-26 16:39:10,676:hal4000:INFO:  handled by,65,hal,configuration
2026-03-26 16:39:10,676:hal4000:INFO:message:
2026-03-26 16:39:10,676:hal4000:INFO:  handled by,65,aotf,configuration
2026-03-26 16:39:10,677:hal4000:INFO:message:
2026-03-26 16:39:10,677:hal4000:INFO:  handled by,65,clemex_stage,configuration
2026-03-26 16:39:10,678:hal4000:INFO:message:
2026-03-26 16:39:10,678:hal4000:INFO:  handled by,65,coherentGenesis488,configuration
2026-03-26 16:39:10,678:hal4000:INFO:message:
2026-03-26 16:39:10,678:hal4000:INFO:  handled by,65,coherentGenesis560,configuration
2026-03-26 16:39:10,679:hal4000:INFO:message:
2026-03-26 16:39:10,679:hal4000:INFO:  handled by,65,display,configuration
2026-03-26 16:39:10,679:hal4000:INFO:message:
2026-03-26 16:39:10,680:hal4000:INFO:  handled by,65,feeds,configuration
2026-03-26 16:39:10,680:hal4000:INFO:message:
2026-03-26 16:39:10,680:hal4000:INFO:  handled by,65,film,configuration
2026-03-26 16:39:10,680:hal4000:INFO:message:
2026-03-26 16:39:10,680:hal4000:INFO:  handled by,65,focuslock,configuration
2026-03-26 16:39:10,681:hal4000:INFO:message:
2026-03-26 16:39:10,681:hal4000:INFO:  handled by,65,illumination,configuration
2026-03-26 16:39:10,681:hal4000:INFO:message:
2026-03-26 16:39:10,682:hal4000:INFO:  handled by,65,mosaic,configuration
2026-03-26 16:39:10,682:hal4000:INFO:message:
2026-03-26 16:39:10,682:hal4000:INFO:  handled by,65,mpb642,configuration
2026-03-26 16:39:10,682:hal4000:INFO:message:
2026-03-26 16:39:10,683:hal4000:INFO:  handled by,65,none_irlaser,configuration
2026-03-26 16:39:10,683:hal4000:INFO:message:
2026-03-26 16:39:10,683:hal4000:INFO:  handled by,65,obis405,configuration
2026-03-26 16:39:10,683:hal4000:INFO:message:
2026-03-26 16:39:10,684:hal4000:INFO:  handled by,65,pi_controller,configuration
2026-03-26 16:39:10,684:hal4000:INFO:message:
2026-03-26 16:39:10,684:hal4000:INFO:  handled by,65,progressions,configuration
2026-03-26 16:39:10,684:hal4000:INFO:message:
2026-03-26 16:39:10,685:hal4000:INFO:  handled by,65,scmos_cal,configuration
2026-03-26 16:39:10,685:hal4000:INFO:message:
2026-03-26 16:39:10,685:hal4000:INFO:  handled by,65,settings,configuration
2026-03-26 16:39:10,685:hal4000:INFO:message:
2026-03-26 16:39:10,686:hal4000:INFO:  handled by,65,spotcounter,configuration
2026-03-26 16:39:10,686:hal4000:INFO:message:
2026-03-26 16:39:10,686:hal4000:INFO:  handled by,65,stage,configuration
2026-03-26 16:39:10,686:hal4000:INFO:message:
2026-03-26 16:39:10,686:hal4000:INFO:  handled by,65,tcp_control,configuration
2026-03-26 16:39:10,687:hal4000:INFO:message:
2026-03-26 16:39:10,687:hal4000:INFO:  handled by,65,timing,configuration
2026-03-26 16:39:10,687:hal4000:INFO:message:
2026-03-26 16:39:10,687:hal4000:INFO:  handled by,65,uc480_camera,configuration
2026-03-26 16:39:10,687:hal4000:INFO:message:
2026-03-26 16:39:10,688:hal4000:INFO:  handled by,65,z_stage,configuration
2026-03-26 16:39:10,987:hal4000:INFO:message:
2026-03-26 16:39:10,987:hal4000:INFO:  handled by,62,camera1,start camera
2026-03-26 16:39:10,987:hal4000:INFO:message:
2026-03-26 16:39:10,987:hal4000:INFO:  processed,62,film,start camera
2026-03-26 16:39:10,988:hal4000:INFO:message:
2026-03-26 16:39:10,988:hal4000:INFO:  worker done,62,film,start camera
2026-03-26 16:39:10,988:hal4000:INFO:message:
2026-03-26 16:39:10,989:hal4000:INFO:  handled by,63,camera1,new shutters file
2026-03-26 16:39:10,989:hal4000:INFO:message:
2026-03-26 16:39:10,989:hal4000:INFO:  processed,63,illumination,new shutters file
2026-03-26 16:39:10,989:hal4000:INFO:message:
2026-03-26 16:39:10,989:hal4000:INFO:  handled by,64,camera1,get functionality
2026-03-26 16:39:10,990:hal4000:INFO:message:
2026-03-26 16:39:10,990:hal4000:INFO:  processed,64,spotcounter,get functionality
2026-03-26 16:39:10,992:hal4000:INFO:message:
2026-03-26 16:39:10,992:hal4000:INFO:  handled by,65,camera1,configuration
2026-03-26 16:39:10,992:hal4000:INFO:message:
2026-03-26 16:39:10,993:hal4000:INFO:  processed,65,illumination,configuration
2026-03-26 16:39:14,690:hal4000:INFO:message:
2026-03-26 16:39:14,690:hal4000:INFO:  queued,66,hal,close event
2026-03-26 16:39:15,110:hal4000:INFO:message:
2026-03-26 16:39:15,117:hal4000:INFO:  uc480: Call failed with error 1 is_CopyImageMem
