2026-03-26 11:00:08,227:hal4000:INFO:  handled by,62,coherentGenesis560,configuration
2026-03-26 11:00:08,229:hal4000:INFO:message:
2026-03-26 11:00:08,229:hal4000:INFO:  handled by,62,display,configuration
2026-03-26 11:00:08,229:hal4000:INFO:message:
2026-03-26 11:00:08,229:hal4000:INFO:  handled by,62,feeds,configuration
2026-03-26 11:00:08,229:hal4000:INFO:message:
2026-03-26 11:00:08,229:hal4000:INFO:  handled by,62,film,configuration
2026-03-26 11:00:08,230:hal4000:INFO:message:
2026-03-26 11:00:08,230:hal4000:INFO:  handled by,62,focuslock,configuration
2026-03-26 11:00:08,230:hal4000:INFO:message:
2026-03-26 11:00:08,230:hal4000:INFO:  handled by,62,illumination,configuration
2026-03-26 11:00:08,230:hal4000:INFO:message:
2026-03-26 11:00:08,231:hal4000:INFO:  handled by,62,mosaic,configuration
2026-03-26 11:00:08,231:hal4000:INFO:message:
2026-03-26 11:00:08,231:hal4000:INFO:  handled by,62,none_irlaser,configuration
2026-03-26 11:00:08,231:hal4000:INFO:message:
2026-03-26 11:00:08,231:hal4000:INFO:  handled by,62,pi_controller,configuration
2026-03-26 11:00:08,231:hal4000:INFO:message:
2026-03-26 11:00:08,232:hal4000:INFO:  handled by,62,progressions,configuration
2026-03-26 11:00:08,232:hal4000:INFO:message:
2026-03-26 11:00:08,232:hal4000:INFO:  handled by,62,scmos_cal,configuration
2026-03-26 11:00:08,232:hal4000:INFO:message:
2026-03-26 11:00:08,232:hal4000:INFO:  handled by,62,settings,configuration
2026-03-26 11:00:08,232:hal4000:INFO:message:
2026-03-26 11:00:08,233:hal4000:INFO:  handled by,62,spotcounter,configuration
2026-03-26 11:00:08,233:hal4000:INFO:message:
2026-03-26 11:00:08,233:hal4000:INFO:  handled by,62,stage,configuration
2026-03-26 11:00:08,233:hal4000:INFO:message:
2026-03-26 11:00:08,233:hal4000:INFO:  handled by,62,tcp_control,configuration
2026-03-26 11:00:08,233:hal4000:INFO:message:
2026-03-26 11:00:08,233:hal4000:INFO:  handled by,62,timing,configuration
2026-03-26 11:00:08,234:hal4000:INFO:message:
2026-03-26 11:00:08,234:hal4000:INFO:  handled by,62,uc480_camera,configuration
2026-03-26 11:00:08,234:hal4000:INFO:message:
2026-03-26 11:00:08,234:hal4000:INFO:  handled by,62,z_stage,configuration
2026-03-26 11:00:08,533:hal4000:INFO:message:
2026-03-26 11:00:08,533:hal4000:INFO:  handled by,59,camera1,start camera
2026-03-26 11:00:08,533:hal4000:INFO:message:
2026-03-26 11:00:08,533:hal4000:INFO:  processed,59,film,start camera
2026-03-26 11:00:08,533:hal4000:INFO:message:
2026-03-26 11:00:08,534:hal4000:INFO:  worker done,59,film,start camera
2026-03-26 11:00:08,534:hal4000:INFO:message:
2026-03-26 11:00:08,534:hal4000:INFO:  handled by,60,camera1,new shutters file
2026-03-26 11:00:08,534:hal4000:INFO:message:
2026-03-26 11:00:08,534:hal4000:INFO:  processed,60,illumination,new shutters file
2026-03-26 11:00:08,535:hal4000:INFO:message:
2026-03-26 11:00:08,535:hal4000:INFO:  handled by,61,camera1,get functionality
2026-03-26 11:00:08,535:hal4000:INFO:message:
2026-03-26 11:00:08,535:hal4000:INFO:  processed,61,spotcounter,get functionality
2026-03-26 11:00:08,536:hal4000:INFO:message:
2026-03-26 11:00:08,536:hal4000:INFO:  handled by,62,camera1,configuration
2026-03-26 11:00:08,536:hal4000:INFO:message:
2026-03-26 11:00:08,537:hal4000:INFO:  processed,62,illumination,configuration
2026-03-26 11:00:20,100:hal4000:INFO:message:
2026-03-26 11:00:20,100:hal4000:INFO:  queued,63,hal,close event
2026-03-26 11:00:20,454:hal4000:INFO:message:
2026-03-26 11:00:20,461:hal4000:INFO:  uc480: Call failed with error 1 is_CopyImageMem
