2026-03-26 19:18:13,373:hal4000:INFO:  handled by,118,mpb642,configuration
2026-03-26 19:18:13,377:hal4000:INFO:message:
2026-03-26 19:18:13,377:hal4000:INFO:  handled by,118,none_irlaser,configuration
2026-03-26 19:18:13,377:hal4000:INFO:message:
2026-03-26 19:18:13,378:hal4000:INFO:  handled by,118,obis405,configuration
2026-03-26 19:18:13,378:hal4000:INFO:message:
2026-03-26 19:18:13,378:hal4000:INFO:  handled by,118,pi_controller,configuration
2026-03-26 19:18:13,378:hal4000:INFO:message:
2026-03-26 19:18:13,379:hal4000:INFO:  handled by,118,progressions,configuration
2026-03-26 19:18:13,379:hal4000:INFO:message:
2026-03-26 19:18:13,379:hal4000:INFO:  handled by,118,scmos_cal,configuration
2026-03-26 19:18:13,379:hal4000:INFO:message:
2026-03-26 19:18:13,380:hal4000:INFO:  handled by,118,settings,configuration
2026-03-26 19:18:13,380:hal4000:INFO:message:
2026-03-26 19:18:13,380:hal4000:INFO:  handled by,118,spotcounter,configuration
2026-03-26 19:18:13,380:hal4000:INFO:message:
2026-03-26 19:18:13,381:hal4000:INFO:  handled by,118,stage,configuration
2026-03-26 19:18:13,381:hal4000:INFO:message:
2026-03-26 19:18:13,381:hal4000:INFO:  handled by,118,tcp_control,configuration
2026-03-26 19:18:13,382:hal4000:INFO:message:
2026-03-26 19:18:13,382:hal4000:INFO:  handled by,118,timing,configuration
2026-03-26 19:18:13,382:hal4000:INFO:message:
2026-03-26 19:18:13,382:hal4000:INFO:  handled by,118,uc480_camera,configuration
2026-03-26 19:18:13,383:hal4000:INFO:message:
2026-03-26 19:18:13,383:hal4000:INFO:  handled by,118,z_stage,configuration
2026-03-26 19:18:13,658:hal4000:INFO:message:
2026-03-26 19:18:13,658:hal4000:INFO:  handled by,116,camera1,new parameters
2026-03-26 19:18:13,658:hal4000:INFO:message:
2026-03-26 19:18:13,658:hal4000:INFO:  processed,116,settings,new parameters
2026-03-26 19:18:13,663:hal4000:INFO:message:
2026-03-26 19:18:13,663:hal4000:INFO:  queued,119,settings,updated parameters
2026-03-26 19:18:13,663:hal4000:INFO:message:
2026-03-26 19:18:13,664:hal4000:INFO:  worker done,116,settings,new parameters
2026-03-26 19:18:13,665:hal4000:INFO:message:
2026-03-26 19:18:13,665:hal4000:INFO:  sent,119,settings,updated parameters
2026-03-26 19:18:13,665:hal4000:INFO:message:
2026-03-26 19:18:13,665:hal4000:INFO:  handled by,117,camera1,new shutters file
2026-03-26 19:18:13,666:hal4000:INFO:message:
2026-03-26 19:18:13,666:hal4000:INFO:  processed,117,illumination,new shutters file
2026-03-26 19:18:13,667:hal4000:INFO:message:
2026-03-26 19:18:13,667:hal4000:INFO:  handled by,119,hal,updated parameters
2026-03-26 19:18:13,667:hal4000:INFO:message:
2026-03-26 19:18:13,667:hal4000:INFO:  handled by,119,aotf,updated parameters
2026-03-26 19:18:13,667:hal4000:INFO:message:
2026-03-26 19:18:13,668:hal4000:INFO:  handled by,119,clemex_stage,updated parameters
2026-03-26 19:18:13,668:hal4000:INFO:message:
2026-03-26 19:18:13,668:hal4000:INFO:  handled by,119,coherentGenesis488,updated parameters
2026-03-26 19:18:13,668:hal4000:INFO:message:
2026-03-26 19:18:13,669:hal4000:INFO:  handled by,119,coherentGenesis560,updated parameters
2026-03-26 19:18:13,669:hal4000:INFO:message:
2026-03-26 19:18:13,669:hal4000:INFO:  handled by,119,display,updated parameters
2026-03-26 19:18:13,669:hal4000:INFO:message:
2026-03-26 19:18:13,670:hal4000:INFO:  queued,120,feeds,configuration
2026-03-26 19:18:13,670:hal4000:INFO:message:
2026-03-26 19:18:13,670:hal4000:INFO:  queued,121,feeds,parameters changed
2026-03-26 19:18:13,670:hal4000:INFO:message:
2026-03-26 19:18:13,670:hal4000:INFO:  handled by,119,feeds,updated parameters
2026-03-26 19:18:13,671:hal4000:INFO:message:
2026-03-26 19:18:13,671:hal4000:INFO:  handled by,119,film,updated parameters
2026-03-26 19:18:13,671:hal4000:INFO:message:
2026-03-26 19:18:13,671:hal4000:INFO:  handled by,119,focuslock,updated parameters
2026-03-26 19:18:13,671:hal4000:INFO:message:
2026-03-26 19:18:13,672:hal4000:INFO:  handled by,119,illumination,updated parameters
2026-03-26 19:18:13,672:hal4000:INFO:message:
2026-03-26 19:18:13,672:hal4000:INFO:  handled by,119,mosaic,updated parameters
2026-03-26 19:18:13,673:hal4000:INFO:message:
2026-03-26 19:18:13,673:hal4000:INFO:  handled by,119,mpb642,updated parameters
2026-03-26 19:18:13,673:hal4000:INFO:message:
2026-03-26 19:18:13,674:hal4000:INFO:  handled by,119,none_irlaser,updated parameters
2026-03-26 19:18:13,674:hal4000:INFO:message:
2026-03-26 19:18:13,674:hal4000:INFO:  handled by,119,obis405,updated parameters
2026-03-26 19:18:13,674:hal4000:INFO:message:
2026-03-26 19:18:13,675:hal4000:INFO:  handled by,119,pi_controller,updated parameters
2026-03-26 19:18:13,675:hal4000:INFO:message:
2026-03-26 19:18:13,675:hal4000:INFO:  handled by,119,progressions,updated parameters
2026-03-26 19:18:13,676:hal4000:INFO:message:
2026-03-26 19:18:13,676:hal4000:INFO:  handled by,119,scmos_cal,updated parameters
2026-03-26 19:18:13,676:hal4000:INFO:message:
2026-03-26 19:18:13,676:hal4000:INFO:  handled by,119,settings,updated parameters
2026-03-26 19:18:13,677:hal4000:INFO:message:
2026-03-26 19:18:13,677:hal4000:INFO:  handled by,119,spotcounter,updated parameters
2026-03-26 19:18:13,677:hal4000:INFO:message:
2026-03-26 19:18:13,677:hal4000:INFO:  handled by,119,stage,updated parameters
2026-03-26 19:18:13,678:hal4000:INFO:message:
2026-03-26 19:18:13,678:hal4000:INFO:  handled by,119,tcp_control,updated parameters
2026-03-26 19:18:13,678:hal4000:INFO:message:
2026-03-26 19:18:13,678:hal4000:INFO:  handled by,119,timing,updated parameters
2026-03-26 19:18:13,678:hal4000:INFO:message:
2026-03-26 19:18:13,679:hal4000:INFO:  handled by,119,uc480_camera,updated parameters
2026-03-26 19:18:13,679:hal4000:INFO:message:
2026-03-26 19:18:13,679:hal4000:INFO:  handled by,119,z_stage,updated parameters
2026-03-26 19:18:13,680:hal4000:INFO:message:
2026-03-26 19:18:13,680:hal4000:INFO:  sent,120,feeds,configuration
2026-03-26 19:18:13,681:hal4000:INFO:message:
2026-03-26 19:18:13,681:hal4000:INFO:  handled by,118,camera1,configuration
2026-03-26 19:18:13,681:hal4000:INFO:message:
2026-03-26 19:18:13,681:hal4000:INFO:  processed,118,illumination,configuration
2026-03-26 19:18:13,682:hal4000:INFO:message:
2026-03-26 19:18:13,682:hal4000:INFO:  handled by,120,hal,configuration
2026-03-26 19:18:13,682:hal4000:INFO:message:
2026-03-26 19:18:13,682:hal4000:INFO:  handled by,120,aotf,configuration
2026-03-26 19:18:13,683:hal4000:INFO:message:
2026-03-26 19:18:13,683:hal4000:INFO:  handled by,120,clemex_stage,configuration
2026-03-26 19:18:13,683:hal4000:INFO:message:
2026-03-26 19:18:13,683:hal4000:INFO:  handled by,120,coherentGenesis488,configuration
2026-03-26 19:18:13,684:hal4000:INFO:message:
2026-03-26 19:18:13,684:hal4000:INFO:  handled by,120,coherentGenesis560,configuration
2026-03-26 19:18:13,684:hal4000:INFO:message:
2026-03-26 19:18:13,684:hal4000:INFO:  queued,122,display,get functionality
2026-03-26 19:18:13,685:hal4000:INFO:message:
2026-03-26 19:18:13,685:hal4000:INFO:  handled by,120,display,configuration
2026-03-26 19:18:13,686:hal4000:INFO:message:
2026-03-26 19:18:13,686:hal4000:INFO:  handled by,120,feeds,configuration
2026-03-26 19:18:13,686:hal4000:INFO:message:
2026-03-26 19:18:13,686:hal4000:INFO:  queued,123,film,get functionality
2026-03-26 19:18:13,687:hal4000:INFO:message:
2026-03-26 19:18:13,687:hal4000:INFO:  handled by,120,film,configuration
2026-03-26 19:18:13,687:hal4000:INFO:message:
2026-03-26 19:18:13,687:hal4000:INFO:  handled by,120,focuslock,configuration
2026-03-26 19:18:13,687:hal4000:INFO:message:
2026-03-26 19:18:13,687:hal4000:INFO:  handled by,120,illumination,configuration
2026-03-26 19:18:13,688:hal4000:INFO:message:
2026-03-26 19:18:13,688:hal4000:INFO:  handled by,120,mosaic,configuration
2026-03-26 19:18:13,688:hal4000:INFO:message:
2026-03-26 19:18:13,688:hal4000:INFO:  handled by,120,mpb642,configuration
2026-03-26 19:18:13,688:hal4000:INFO:message:
2026-03-26 19:18:13,688:hal4000:INFO:  handled by,120,none_irlaser,configuration
2026-03-26 19:18:13,689:hal4000:INFO:message:
2026-03-26 19:18:13,689:hal4000:INFO:  handled by,120,obis405,configuration
2026-03-26 19:18:13,689:hal4000:INFO:message:
2026-03-26 19:18:13,689:hal4000:INFO:  handled by,120,pi_controller,configuration
2026-03-26 19:18:13,689:hal4000:INFO:message:
2026-03-26 19:18:13,689:hal4000:INFO:  handled by,120,progressions,configuration
2026-03-26 19:18:13,690:hal4000:INFO:message:
2026-03-26 19:18:13,690:hal4000:INFO:  queued,124,scmos_cal,get functionality
2026-03-26 19:18:13,690:hal4000:INFO:message:
2026-03-26 19:18:13,690:hal4000:INFO:  handled by,120,scmos_cal,configuration
2026-03-26 19:18:13,691:hal4000:INFO:message:
2026-03-26 19:18:13,691:hal4000:INFO:  handled by,120,settings,configuration
2026-03-26 19:18:13,691:hal4000:INFO:message:
2026-03-26 19:18:13,692:hal4000:INFO:  handled by,120,spotcounter,configuration
2026-03-26 19:18:13,692:hal4000:INFO:message:
2026-03-26 19:18:13,692:hal4000:INFO:  handled by,120,stage,configuration
2026-03-26 19:18:13,692:hal4000:INFO:message:
2026-03-26 19:18:13,692:hal4000:INFO:  handled by,120,tcp_control,configuration
2026-03-26 19:18:13,692:hal4000:INFO:message:
2026-03-26 19:18:13,693:hal4000:INFO:  handled by,120,timing,configuration
2026-03-26 19:18:13,693:hal4000:INFO:message:
2026-03-26 19:18:13,693:hal4000:INFO:  handled by,120,uc480_camera,configuration
2026-03-26 19:18:13,693:hal4000:INFO:message:
2026-03-26 19:18:13,693:hal4000:INFO:  handled by,120,z_stage,configuration
2026-03-26 19:18:13,694:hal4000:INFO:message:
2026-03-26 19:18:13,694:hal4000:INFO:  sent,121,feeds,parameters changed
2026-03-26 19:18:13,694:hal4000:INFO:message:
2026-03-26 19:18:13,694:hal4000:INFO:  handled by,119,camera1,updated parameters
2026-03-26 19:18:13,695:hal4000:INFO:message:
2026-03-26 19:18:13,695:hal4000:INFO:  processed,119,settings,updated parameters
2026-03-26 19:18:13,704:hal4000:INFO:message:
2026-03-26 19:18:13,704:hal4000:INFO:  handled by,121,hal,parameters changed
2026-03-26 19:18:13,705:hal4000:INFO:message:
2026-03-26 19:18:13,705:hal4000:INFO:  handled by,121,aotf,parameters changed
2026-03-26 19:18:13,705:hal4000:INFO:message:
2026-03-26 19:18:13,705:hal4000:INFO:  handled by,121,clemex_stage,parameters changed
2026-03-26 19:18:13,706:hal4000:INFO:message:
2026-03-26 19:18:13,706:hal4000:INFO:  handled by,121,coherentGenesis488,parameters changed
2026-03-26 19:18:13,706:hal4000:INFO:message:
2026-03-26 19:18:13,707:hal4000:INFO:  handled by,121,coherentGenesis560,parameters changed
2026-03-26 19:18:13,707:hal4000:INFO:message:
2026-03-26 19:18:13,707:hal4000:INFO:  handled by,121,display,parameters changed
2026-03-26 19:18:13,708:hal4000:INFO:message:
2026-03-26 19:18:13,708:hal4000:INFO:  handled by,121,feeds,parameters changed
2026-03-26 19:18:13,708:hal4000:INFO:message:
2026-03-26 19:18:13,708:hal4000:INFO:  handled by,121,film,parameters changed
2026-03-26 19:18:13,709:hal4000:INFO:message:
2026-03-26 19:18:13,709:hal4000:INFO:  handled by,121,focuslock,parameters changed
2026-03-26 19:18:13,709:hal4000:INFO:message:
2026-03-26 19:18:13,710:hal4000:INFO:  handled by,121,illumination,parameters changed
2026-03-26 19:18:13,710:hal4000:INFO:message:
2026-03-26 19:18:13,710:hal4000:INFO:  handled by,121,mosaic,parameters changed
2026-03-26 19:18:13,711:hal4000:INFO:message:
2026-03-26 19:18:13,711:hal4000:INFO:  handled by,121,mpb642,parameters changed
2026-03-26 19:18:13,712:hal4000:INFO:message:
2026-03-26 19:18:13,712:hal4000:INFO:  handled by,121,none_irlaser,parameters changed
2026-03-26 19:18:13,713:hal4000:INFO:message:
2026-03-26 19:18:13,713:hal4000:INFO:  handled by,121,obis405,parameters changed
2026-03-26 19:18:13,713:hal4000:INFO:message:
2026-03-26 19:18:13,714:hal4000:INFO:  handled by,121,pi_controller,parameters changed
2026-03-26 19:18:13,714:hal4000:INFO:message:
2026-03-26 19:18:13,714:hal4000:INFO:  handled by,121,progressions,parameters changed
2026-03-26 19:18:13,715:hal4000:INFO:message:
2026-03-26 19:18:13,715:hal4000:INFO:  handled by,121,scmos_cal,parameters changed
2026-03-26 19:18:13,715:hal4000:INFO:message:
2026-03-26 19:18:13,715:hal4000:INFO:  handled by,121,settings,parameters changed
2026-03-26 19:18:13,716:hal4000:INFO:message:
2026-03-26 19:18:13,716:hal4000:INFO:  handled by,121,spotcounter,parameters changed
2026-03-26 19:18:13,716:hal4000:INFO:message:
2026-03-26 19:18:13,717:hal4000:INFO:  handled by,121,stage,parameters changed
2026-03-26 19:18:13,717:hal4000:INFO:message:
2026-03-26 19:18:13,717:hal4000:INFO:  handled by,121,tcp_control,parameters changed
2026-03-26 19:18:13,718:hal4000:INFO:message:
2026-03-26 19:18:13,718:hal4000:INFO:  handled by,121,timing,parameters changed
2026-03-26 19:18:13,718:hal4000:INFO:message:
2026-03-26 19:18:13,718:hal4000:INFO:  handled by,121,uc480_camera,parameters changed
2026-03-26 19:18:13,718:hal4000:INFO:message:
2026-03-26 19:18:13,719:hal4000:INFO:  handled by,121,z_stage,parameters changed
2026-03-26 19:18:13,719:hal4000:INFO:message:
2026-03-26 19:18:13,720:hal4000:INFO:  sent,122,display,get functionality
2026-03-26 19:18:13,720:hal4000:INFO:message:
2026-03-26 19:18:13,721:hal4000:INFO:  handled by,120,camera1,configuration
2026-03-26 19:18:13,722:hal4000:INFO:message:
2026-03-26 19:18:13,722:hal4000:INFO:  processed,120,feeds,configuration
2026-03-26 19:18:13,723:hal4000:INFO:message:
2026-03-26 19:18:13,723:hal4000:INFO:  handled by,122,hal,get functionality
2026-03-26 19:18:13,723:hal4000:INFO:message:
2026-03-26 19:18:13,723:hal4000:INFO:  handled by,122,aotf,get functionality
2026-03-26 19:18:13,724:hal4000:INFO:message:
2026-03-26 19:18:13,724:hal4000:INFO:  handled by,122,clemex_stage,get functionality
2026-03-26 19:18:13,725:hal4000:INFO:message:
2026-03-26 19:18:13,725:hal4000:INFO:  handled by,122,coherentGenesis488,get functionality
2026-03-26 19:18:13,725:hal4000:INFO:message:
2026-03-26 19:18:13,725:hal4000:INFO:  handled by,122,coherentGenesis560,get functionality
2026-03-26 19:18:13,726:hal4000:INFO:message:
2026-03-26 19:18:13,726:hal4000:INFO:  handled by,122,display,get functionality
2026-03-26 19:18:13,726:hal4000:INFO:message:
2026-03-26 19:18:13,726:hal4000:INFO:  handled by,122,feeds,get functionality
2026-03-26 19:18:13,726:hal4000:INFO:message:
2026-03-26 19:18:13,727:hal4000:INFO:  handled by,122,film,get functionality
2026-03-26 19:18:13,727:hal4000:INFO:message:
2026-03-26 19:18:13,727:hal4000:INFO:  handled by,122,focuslock,get functionality
2026-03-26 19:18:13,727:hal4000:INFO:message:
2026-03-26 19:18:13,728:hal4000:INFO:  handled by,122,illumination,get functionality
2026-03-26 19:18:13,728:hal4000:INFO:message:
2026-03-26 19:18:13,728:hal4000:INFO:  handled by,122,mosaic,get functionality
2026-03-26 19:18:13,728:hal4000:INFO:message:
2026-03-26 19:18:13,728:hal4000:INFO:  handled by,122,mpb642,get functionality
2026-03-26 19:18:13,729:hal4000:INFO:message:
2026-03-26 19:18:13,729:hal4000:INFO:  handled by,122,none_irlaser,get functionality
2026-03-26 19:18:13,730:hal4000:INFO:message:
2026-03-26 19:18:13,730:hal4000:INFO:  handled by,122,obis405,get functionality
2026-03-26 19:18:13,730:hal4000:INFO:message:
2026-03-26 19:18:13,730:hal4000:INFO:  handled by,122,pi_controller,get functionality
2026-03-26 19:18:13,731:hal4000:INFO:message:
2026-03-26 19:18:13,731:hal4000:INFO:  handled by,122,progressions,get functionality
2026-03-26 19:18:13,731:hal4000:INFO:message:
2026-03-26 19:18:13,731:hal4000:INFO:  handled by,122,scmos_cal,get functionality
2026-03-26 19:18:13,731:hal4000:INFO:message:
2026-03-26 19:18:13,732:hal4000:INFO:  handled by,122,settings,get functionality
2026-03-26 19:18:13,732:hal4000:INFO:message:
2026-03-26 19:18:13,732:hal4000:INFO:  handled by,122,spotcounter,get functionality
2026-03-26 19:18:13,732:hal4000:INFO:message:
2026-03-26 19:18:13,733:hal4000:INFO:  handled by,122,stage,get functionality
2026-03-26 19:18:13,733:hal4000:INFO:message:
2026-03-26 19:18:13,733:hal4000:INFO:  handled by,122,tcp_control,get functionality
2026-03-26 19:18:13,733:hal4000:INFO:message:
2026-03-26 19:18:13,733:hal4000:INFO:  handled by,122,timing,get functionality
2026-03-26 19:18:13,734:hal4000:INFO:message:
2026-03-26 19:18:13,734:hal4000:INFO:  handled by,122,uc480_camera,get functionality
2026-03-26 19:18:13,734:hal4000:INFO:message:
2026-03-26 19:18:13,734:hal4000:INFO:  handled by,122,z_stage,get functionality
2026-03-26 19:18:13,735:hal4000:INFO:message:
2026-03-26 19:18:13,735:hal4000:INFO:  sent,123,film,get functionality
2026-03-26 19:18:13,736:hal4000:INFO:message:
2026-03-26 19:18:13,737:hal4000:INFO:  handled by,121,camera1,parameters changed
2026-03-26 19:18:13,737:hal4000:INFO:message:
2026-03-26 19:18:13,737:hal4000:INFO:  processed,121,feeds,parameters changed
2026-03-26 19:18:13,767:hal4000:INFO:message:
2026-03-26 19:18:13,767:hal4000:INFO:  handled by,123,hal,get functionality
2026-03-26 19:18:13,767:hal4000:INFO:message:
2026-03-26 19:18:13,768:hal4000:INFO:  handled by,123,aotf,get functionality
2026-03-26 19:18:13,768:hal4000:INFO:message:
2026-03-26 19:18:13,768:hal4000:INFO:  handled by,123,clemex_stage,get functionality
2026-03-26 19:18:13,768:hal4000:INFO:message:
2026-03-26 19:18:13,769:hal4000:INFO:  handled by,123,coherentGenesis488,get functionality
2026-03-26 19:18:13,769:hal4000:INFO:message:
2026-03-26 19:18:13,769:hal4000:INFO:  handled by,123,coherentGenesis560,get functionality
2026-03-26 19:18:13,770:hal4000:INFO:message:
2026-03-26 19:18:13,770:hal4000:INFO:  handled by,123,display,get functionality
2026-03-26 19:18:13,770:hal4000:INFO:message:
2026-03-26 19:18:13,770:hal4000:INFO:  handled by,123,feeds,get functionality
2026-03-26 19:18:13,771:hal4000:INFO:message:
2026-03-26 19:18:13,771:hal4000:INFO:  handled by,123,film,get functionality
2026-03-26 19:18:13,771:hal4000:INFO:message:
2026-03-26 19:18:13,771:hal4000:INFO:  handled by,123,focuslock,get functionality
2026-03-26 19:18:13,771:hal4000:INFO:message:
2026-03-26 19:18:13,772:hal4000:INFO:  handled by,123,illumination,get functionality
2026-03-26 19:18:13,772:hal4000:INFO:message:
2026-03-26 19:18:13,772:hal4000:INFO:  handled by,123,mosaic,get functionality
2026-03-26 19:18:13,772:hal4000:INFO:message:
2026-03-26 19:18:13,772:hal4000:INFO:  handled by,123,mpb642,get functionality
2026-03-26 19:18:13,773:hal4000:INFO:message:
2026-03-26 19:18:13,773:hal4000:INFO:  handled by,123,none_irlaser,get functionality
2026-03-26 19:18:13,773:hal4000:INFO:message:
2026-03-26 19:18:13,773:hal4000:INFO:  handled by,123,obis405,get functionality
2026-03-26 19:18:13,774:hal4000:INFO:message:
2026-03-26 19:18:13,774:hal4000:INFO:  handled by,123,pi_controller,get functionality
2026-03-26 19:18:13,774:hal4000:INFO:message:
2026-03-26 19:18:13,774:hal4000:INFO:  handled by,123,progressions,get functionality
2026-03-26 19:18:13,775:hal4000:INFO:message:
2026-03-26 19:18:13,775:hal4000:INFO:  handled by,123,scmos_cal,get functionality
2026-03-26 19:18:13,775:hal4000:INFO:message:
2026-03-26 19:18:13,775:hal4000:INFO:  handled by,123,settings,get functionality
2026-03-26 19:18:13,776:hal4000:INFO:message:
2026-03-26 19:18:13,776:hal4000:INFO:  handled by,123,spotcounter,get functionality
2026-03-26 19:18:13,777:hal4000:INFO:message:
2026-03-26 19:18:13,777:hal4000:INFO:  handled by,123,stage,get functionality
2026-03-26 19:18:13,777:hal4000:INFO:message:
2026-03-26 19:18:13,777:hal4000:INFO:  handled by,123,tcp_control,get functionality
2026-03-26 19:18:13,777:hal4000:INFO:message:
2026-03-26 19:18:13,778:hal4000:INFO:  handled by,123,timing,get functionality
2026-03-26 19:18:13,778:hal4000:INFO:message:
2026-03-26 19:18:13,778:hal4000:INFO:  handled by,123,uc480_camera,get functionality
2026-03-26 19:18:13,778:hal4000:INFO:message:
2026-03-26 19:18:13,778:hal4000:INFO:  handled by,123,z_stage,get functionality
2026-03-26 19:18:13,779:hal4000:INFO:message:
2026-03-26 19:18:13,779:hal4000:INFO:  sent,124,scmos_cal,get functionality
2026-03-26 19:18:13,780:hal4000:INFO:message:
2026-03-26 19:18:13,780:hal4000:INFO:  handled by,122,camera1,get functionality
2026-03-26 19:18:13,780:hal4000:INFO:message:
2026-03-26 19:18:13,780:hal4000:INFO:  processed,122,display,get functionality
2026-03-26 19:18:13,795:hal4000:INFO:message:
2026-03-26 19:18:13,795:hal4000:INFO:  handled by,124,hal,get functionality
2026-03-26 19:18:13,796:hal4000:INFO:message:
2026-03-26 19:18:13,796:hal4000:INFO:  handled by,124,aotf,get functionality
2026-03-26 19:18:13,796:hal4000:INFO:message:
2026-03-26 19:18:13,796:hal4000:INFO:  handled by,124,clemex_stage,get functionality
2026-03-26 19:18:13,797:hal4000:INFO:message:
2026-03-26 19:18:13,797:hal4000:INFO:  handled by,124,coherentGenesis488,get functionality
2026-03-26 19:18:13,798:hal4000:INFO:message:
2026-03-26 19:18:13,798:hal4000:INFO:  handled by,124,coherentGenesis560,get functionality
2026-03-26 19:18:13,798:hal4000:INFO:message:
2026-03-26 19:18:13,798:hal4000:INFO:  handled by,124,display,get functionality
2026-03-26 19:18:13,798:hal4000:INFO:message:
2026-03-26 19:18:13,799:hal4000:INFO:  handled by,124,feeds,get functionality
2026-03-26 19:18:13,799:hal4000:INFO:message:
2026-03-26 19:18:13,799:hal4000:INFO:  handled by,124,film,get functionality
2026-03-26 19:18:13,799:hal4000:INFO:message:
2026-03-26 19:18:13,799:hal4000:INFO:  handled by,124,focuslock,get functionality
2026-03-26 19:18:13,800:hal4000:INFO:message:
2026-03-26 19:18:13,800:hal4000:INFO:  handled by,124,illumination,get functionality
2026-03-26 19:18:13,800:hal4000:INFO:message:
2026-03-26 19:18:13,800:hal4000:INFO:  handled by,124,mosaic,get functionality
2026-03-26 19:18:13,801:hal4000:INFO:message:
2026-03-26 19:18:13,801:hal4000:INFO:  handled by,124,mpb642,get functionality
2026-03-26 19:18:13,801:hal4000:INFO:message:
2026-03-26 19:18:13,801:hal4000:INFO:  handled by,124,none_irlaser,get functionality
2026-03-26 19:18:13,802:hal4000:INFO:message:
2026-03-26 19:18:13,802:hal4000:INFO:  handled by,124,obis405,get functionality
2026-03-26 19:18:13,802:hal4000:INFO:message:
2026-03-26 19:18:13,802:hal4000:INFO:  handled by,124,pi_controller,get functionality
2026-03-26 19:18:13,802:hal4000:INFO:message:
2026-03-26 19:18:13,803:hal4000:INFO:  handled by,124,progressions,get functionality
2026-03-26 19:18:13,803:hal4000:INFO:message:
2026-03-26 19:18:13,804:hal4000:INFO:  handled by,124,scmos_cal,get functionality
2026-03-26 19:18:13,804:hal4000:INFO:message:
2026-03-26 19:18:13,804:hal4000:INFO:  handled by,124,settings,get functionality
2026-03-26 19:18:13,804:hal4000:INFO:message:
2026-03-26 19:18:13,804:hal4000:INFO:  handled by,124,spotcounter,get functionality
2026-03-26 19:18:13,805:hal4000:INFO:message:
2026-03-26 19:18:13,805:hal4000:INFO:  handled by,124,stage,get functionality
2026-03-26 19:18:13,805:hal4000:INFO:message:
2026-03-26 19:18:13,805:hal4000:INFO:  handled by,124,tcp_control,get functionality
2026-03-26 19:18:13,805:hal4000:INFO:message:
2026-03-26 19:18:13,806:hal4000:INFO:  handled by,124,timing,get functionality
2026-03-26 19:18:13,806:hal4000:INFO:message:
2026-03-26 19:18:13,806:hal4000:INFO:  handled by,124,uc480_camera,get functionality
2026-03-26 19:18:13,807:hal4000:INFO:message:
2026-03-26 19:18:13,807:hal4000:INFO:  handled by,124,z_stage,get functionality
2026-03-26 19:18:13,807:hal4000:INFO:message:
2026-03-26 19:18:13,807:hal4000:INFO:  handled by,123,camera1,get functionality
2026-03-26 19:18:13,808:hal4000:INFO:message:
2026-03-26 19:18:13,808:hal4000:INFO:  processed,123,film,get functionality
2026-03-26 19:18:13,808:hal4000:INFO:message:
2026-03-26 19:18:13,808:hal4000:INFO:  queued,125,film,parameters changed
2026-03-26 19:18:13,809:hal4000:INFO:message:
2026-03-26 19:18:13,810:hal4000:INFO:  sent,125,film,parameters changed
2026-03-26 19:18:13,810:hal4000:INFO:message:
2026-03-26 19:18:13,810:hal4000:INFO:  handled by,124,camera1,get functionality
2026-03-26 19:18:13,810:hal4000:INFO:message:
2026-03-26 19:18:13,811:hal4000:INFO:  processed,124,scmos_cal,get functionality
2026-03-26 19:18:13,814:hal4000:INFO:message:
2026-03-26 19:18:13,814:hal4000:INFO:  handled by,125,hal,parameters changed
2026-03-26 19:18:13,815:hal4000:INFO:message:
2026-03-26 19:18:13,815:hal4000:INFO:  handled by,125,aotf,parameters changed
2026-03-26 19:18:13,815:hal4000:INFO:message:
2026-03-26 19:18:13,815:hal4000:INFO:  handled by,125,clemex_stage,parameters changed
2026-03-26 19:18:13,816:hal4000:INFO:message:
2026-03-26 19:18:13,816:hal4000:INFO:  handled by,125,coherentGenesis488,parameters changed
2026-03-26 19:18:13,816:hal4000:INFO:message:
2026-03-26 19:18:13,816:hal4000:INFO:  handled by,125,coherentGenesis560,parameters changed
2026-03-26 19:18:13,817:hal4000:INFO:message:
2026-03-26 19:18:13,817:hal4000:INFO:  handled by,125,display,parameters changed
2026-03-26 19:18:13,817:hal4000:INFO:message:
2026-03-26 19:18:13,818:hal4000:INFO:  handled by,125,feeds,parameters changed
2026-03-26 19:18:13,818:hal4000:INFO:message:
2026-03-26 19:18:13,818:hal4000:INFO:  handled by,125,film,parameters changed
2026-03-26 19:18:13,818:hal4000:INFO:message:
2026-03-26 19:18:13,818:hal4000:INFO:  handled by,125,focuslock,parameters changed
2026-03-26 19:18:13,818:hal4000:INFO:message:
2026-03-26 19:18:13,819:hal4000:INFO:  handled by,125,illumination,parameters changed
2026-03-26 19:18:13,819:hal4000:INFO:message:
2026-03-26 19:18:13,819:hal4000:INFO:  handled by,125,mosaic,parameters changed
2026-03-26 19:18:13,819:hal4000:INFO:message:
2026-03-26 19:18:13,819:hal4000:INFO:  handled by,125,mpb642,parameters changed
2026-03-26 19:18:13,819:hal4000:INFO:message:
2026-03-26 19:18:13,819:hal4000:INFO:  handled by,125,none_irlaser,parameters changed
2026-03-26 19:18:13,820:hal4000:INFO:message:
2026-03-26 19:18:13,820:hal4000:INFO:  handled by,125,obis405,parameters changed
2026-03-26 19:18:13,820:hal4000:INFO:message:
2026-03-26 19:18:13,820:hal4000:INFO:  handled by,125,pi_controller,parameters changed
2026-03-26 19:18:13,820:hal4000:INFO:message:
2026-03-26 19:18:13,820:hal4000:INFO:  handled by,125,progressions,parameters changed
2026-03-26 19:18:13,821:hal4000:INFO:message:
2026-03-26 19:18:13,821:hal4000:INFO:  handled by,125,scmos_cal,parameters changed
2026-03-26 19:18:13,821:hal4000:INFO:message:
2026-03-26 19:18:13,821:hal4000:INFO:  queued,126,settings,changing parameters
2026-03-26 19:18:13,821:hal4000:INFO:message:
2026-03-26 19:18:13,821:hal4000:INFO:  handled by,125,settings,parameters changed
2026-03-26 19:18:13,822:hal4000:INFO:message:
2026-03-26 19:18:13,822:hal4000:INFO:  handled by,125,spotcounter,parameters changed
2026-03-26 19:18:13,822:hal4000:INFO:message:
2026-03-26 19:18:13,823:hal4000:INFO:  handled by,125,stage,parameters changed
2026-03-26 19:18:13,823:hal4000:INFO:message:
2026-03-26 19:18:13,823:hal4000:INFO:  handled by,125,tcp_control,parameters changed
2026-03-26 19:18:13,823:hal4000:INFO:message:
2026-03-26 19:18:13,823:hal4000:INFO:  handled by,125,timing,parameters changed
2026-03-26 19:18:13,823:hal4000:INFO:message:
2026-03-26 19:18:13,823:hal4000:INFO:  handled by,125,uc480_camera,parameters changed
2026-03-26 19:18:13,824:hal4000:INFO:message:
2026-03-26 19:18:13,824:hal4000:INFO:  handled by,125,z_stage,parameters changed
2026-03-26 19:18:13,824:hal4000:INFO:message:
2026-03-26 19:18:13,824:hal4000:INFO:  sent,126,settings,changing parameters
2026-03-26 19:18:13,825:hal4000:INFO:message:
2026-03-26 19:18:13,825:hal4000:INFO:  handled by,125,camera1,parameters changed
2026-03-26 19:18:13,825:hal4000:INFO:message:
2026-03-26 19:18:13,825:hal4000:INFO:  processed,125,film,parameters changed
2026-03-26 19:18:13,833:hal4000:INFO:message:
2026-03-26 19:18:13,833:hal4000:INFO:  handled by,126,hal,changing parameters
2026-03-26 19:18:13,834:hal4000:INFO:message:
2026-03-26 19:18:13,834:hal4000:INFO:  handled by,126,aotf,changing parameters
2026-03-26 19:18:13,834:hal4000:INFO:message:
2026-03-26 19:18:13,834:hal4000:INFO:  handled by,126,clemex_stage,changing parameters
2026-03-26 19:18:13,835:hal4000:INFO:message:
2026-03-26 19:18:13,835:hal4000:INFO:  handled by,126,coherentGenesis488,changing parameters
2026-03-26 19:18:13,835:hal4000:INFO:message:
2026-03-26 19:18:13,835:hal4000:INFO:  handled by,126,coherentGenesis560,changing parameters
2026-03-26 19:18:13,835:hal4000:INFO:message:
2026-03-26 19:18:13,836:hal4000:INFO:  handled by,126,display,changing parameters
2026-03-26 19:18:13,836:hal4000:INFO:message:
2026-03-26 19:18:13,836:hal4000:INFO:  handled by,126,feeds,changing parameters
2026-03-26 19:18:13,836:hal4000:INFO:message:
2026-03-26 19:18:13,837:hal4000:INFO:  handled by,126,film,changing parameters
2026-03-26 19:18:13,837:hal4000:INFO:message:
2026-03-26 19:18:13,837:hal4000:INFO:  handled by,126,focuslock,changing parameters
2026-03-26 19:18:13,837:hal4000:INFO:message:
2026-03-26 19:18:13,838:hal4000:INFO:  handled by,126,illumination,changing parameters
2026-03-26 19:18:13,838:hal4000:INFO:message:
2026-03-26 19:18:13,838:hal4000:INFO:  handled by,126,mosaic,changing parameters
2026-03-26 19:18:13,838:hal4000:INFO:message:
2026-03-26 19:18:13,838:hal4000:INFO:  handled by,126,mpb642,changing parameters
2026-03-26 19:18:13,839:hal4000:INFO:message:
2026-03-26 19:18:13,839:hal4000:INFO:  handled by,126,none_irlaser,changing parameters
2026-03-26 19:18:13,839:hal4000:INFO:message:
2026-03-26 19:18:13,839:hal4000:INFO:  handled by,126,obis405,changing parameters
2026-03-26 19:18:13,840:hal4000:INFO:message:
2026-03-26 19:18:13,840:hal4000:INFO:  handled by,126,pi_controller,changing parameters
2026-03-26 19:18:13,840:hal4000:INFO:message:
2026-03-26 19:18:13,841:hal4000:INFO:  handled by,126,progressions,changing parameters
2026-03-26 19:18:13,841:hal4000:INFO:message:
2026-03-26 19:18:13,841:hal4000:INFO:  handled by,126,scmos_cal,changing parameters
2026-03-26 19:18:13,841:hal4000:INFO:message:
2026-03-26 19:18:13,841:hal4000:INFO:  handled by,126,settings,changing parameters
2026-03-26 19:18:13,842:hal4000:INFO:message:
2026-03-26 19:18:13,842:hal4000:INFO:  queued,127,spotcounter,get functionality
2026-03-26 19:18:13,842:hal4000:INFO:message:
2026-03-26 19:18:13,843:hal4000:INFO:  handled by,126,spotcounter,changing parameters
2026-03-26 19:18:13,843:hal4000:INFO:message:
2026-03-26 19:18:13,843:hal4000:INFO:  handled by,126,stage,changing parameters
2026-03-26 19:18:13,843:hal4000:INFO:message:
2026-03-26 19:18:13,843:hal4000:INFO:  handled by,126,tcp_control,changing parameters
2026-03-26 19:18:13,844:hal4000:INFO:message:
2026-03-26 19:18:13,844:hal4000:INFO:  handled by,126,timing,changing parameters
2026-03-26 19:18:13,844:hal4000:INFO:message:
2026-03-26 19:18:13,844:hal4000:INFO:  handled by,126,uc480_camera,changing parameters
2026-03-26 19:18:13,845:hal4000:INFO:message:
2026-03-26 19:18:13,845:hal4000:INFO:  handled by,126,z_stage,changing parameters
2026-03-26 19:18:13,845:hal4000:INFO:message:
2026-03-26 19:18:13,846:hal4000:INFO:  sent,127,spotcounter,get functionality
2026-03-26 19:18:13,847:hal4000:INFO:message:
2026-03-26 19:18:13,847:hal4000:INFO:  handled by,126,camera1,changing parameters
2026-03-26 19:18:13,847:hal4000:INFO:message:
2026-03-26 19:18:13,847:hal4000:INFO:  processed,126,settings,changing parameters
2026-03-26 19:18:13,876:hal4000:INFO:message:
2026-03-26 19:18:13,876:hal4000:INFO:  handled by,127,hal,get functionality
2026-03-26 19:18:13,877:hal4000:INFO:message:
2026-03-26 19:18:13,877:hal4000:INFO:  handled by,127,aotf,get functionality
2026-03-26 19:18:13,877:hal4000:INFO:message:
2026-03-26 19:18:13,877:hal4000:INFO:  handled by,127,clemex_stage,get functionality
2026-03-26 19:18:13,877:hal4000:INFO:message:
2026-03-26 19:18:13,877:hal4000:INFO:  handled by,127,coherentGenesis488,get functionality
2026-03-26 19:18:13,878:hal4000:INFO:message:
2026-03-26 19:18:13,878:hal4000:INFO:  handled by,127,coherentGenesis560,get functionality
2026-03-26 19:18:13,878:hal4000:INFO:message:
2026-03-26 19:18:13,878:hal4000:INFO:  handled by,127,display,get functionality
2026-03-26 19:18:13,878:hal4000:INFO:message:
2026-03-26 19:18:13,878:hal4000:INFO:  handled by,127,feeds,get functionality
2026-03-26 19:18:13,879:hal4000:INFO:message:
2026-03-26 19:18:13,879:hal4000:INFO:  handled by,127,film,get functionality
2026-03-26 19:18:13,879:hal4000:INFO:message:
2026-03-26 19:18:13,879:hal4000:INFO:  handled by,127,focuslock,get functionality
2026-03-26 19:18:13,880:hal4000:INFO:message:
2026-03-26 19:18:13,880:hal4000:INFO:  handled by,127,illumination,get functionality
2026-03-26 19:18:13,880:hal4000:INFO:message:
2026-03-26 19:18:13,880:hal4000:INFO:  handled by,127,mosaic,get functionality
2026-03-26 19:18:13,881:hal4000:INFO:message:
2026-03-26 19:18:13,881:hal4000:INFO:  handled by,127,mpb642,get functionality
2026-03-26 19:18:13,881:hal4000:INFO:message:
2026-03-26 19:18:13,882:hal4000:INFO:  handled by,127,none_irlaser,get functionality
2026-03-26 19:18:13,882:hal4000:INFO:message:
2026-03-26 19:18:13,882:hal4000:INFO:  handled by,127,obis405,get functionality
2026-03-26 19:18:13,882:hal4000:INFO:message:
2026-03-26 19:18:13,882:hal4000:INFO:  handled by,127,pi_controller,get functionality
2026-03-26 19:18:13,883:hal4000:INFO:message:
2026-03-26 19:18:13,883:hal4000:INFO:  handled by,127,progressions,get functionality
2026-03-26 19:18:13,883:hal4000:INFO:message:
2026-03-26 19:18:13,883:hal4000:INFO:  handled by,127,scmos_cal,get functionality
2026-03-26 19:18:13,884:hal4000:INFO:message:
2026-03-26 19:18:13,884:hal4000:INFO:  handled by,127,settings,get functionality
2026-03-26 19:18:13,884:hal4000:INFO:message:
2026-03-26 19:18:13,884:hal4000:INFO:  handled by,127,spotcounter,get functionality
2026-03-26 19:18:13,884:hal4000:INFO:message:
2026-03-26 19:18:13,885:hal4000:INFO:  handled by,127,stage,get functionality
2026-03-26 19:18:13,885:hal4000:INFO:message:
2026-03-26 19:18:13,885:hal4000:INFO:  handled by,127,tcp_control,get functionality
2026-03-26 19:18:13,885:hal4000:INFO:message:
2026-03-26 19:18:13,885:hal4000:INFO:  handled by,127,timing,get functionality
2026-03-26 19:18:13,886:hal4000:INFO:message:
2026-03-26 19:18:13,886:hal4000:INFO:  handled by,127,uc480_camera,get functionality
2026-03-26 19:18:13,887:hal4000:INFO:message:
2026-03-26 19:18:13,887:hal4000:INFO:  handled by,127,z_stage,get functionality
2026-03-26 19:18:13,887:hal4000:INFO:message:
2026-03-26 19:18:13,887:hal4000:INFO:  handled by,127,camera1,get functionality
2026-03-26 19:18:13,888:hal4000:INFO:message:
2026-03-26 19:18:13,888:hal4000:INFO:  processed,127,spotcounter,get functionality
2026-03-26 19:18:48,892:hal4000:INFO:message:
2026-03-26 19:18:48,892:hal4000:INFO:  queued,128,display,start film request
2026-03-26 19:18:48,892:hal4000:INFO:message:
2026-03-26 19:18:48,893:hal4000:INFO:  sent,128,display,start film request
2026-03-26 19:18:48,893:hal4000:INFO:message:
2026-03-26 19:18:48,893:hal4000:INFO:  handled by,128,hal,start film request
2026-03-26 19:18:48,893:hal4000:INFO:message:
2026-03-26 19:18:48,894:hal4000:INFO:  handled by,128,aotf,start film request
2026-03-26 19:18:48,894:hal4000:INFO:message:
2026-03-26 19:18:48,895:hal4000:INFO:  handled by,128,camera1,start film request
2026-03-26 19:18:48,895:hal4000:INFO:message:
2026-03-26 19:18:48,895:hal4000:INFO:  handled by,128,clemex_stage,start film request
2026-03-26 19:18:48,896:hal4000:INFO:message:
2026-03-26 19:18:48,896:hal4000:INFO:  handled by,128,coherentGenesis488,start film request
2026-03-26 19:18:48,896:hal4000:INFO:message:
2026-03-26 19:18:48,896:hal4000:INFO:  handled by,128,coherentGenesis560,start film request
2026-03-26 19:18:48,896:hal4000:INFO:message:
2026-03-26 19:18:48,896:hal4000:INFO:  handled by,128,display,start film request
2026-03-26 19:18:48,897:hal4000:INFO:message:
2026-03-26 19:18:48,897:hal4000:INFO:  handled by,128,feeds,start film request
2026-03-26 19:18:48,897:hal4000:INFO:message:
2026-03-26 19:18:48,897:hal4000:INFO:  queued,129,film,film lockout
2026-03-26 19:18:48,897:hal4000:INFO:message:
2026-03-26 19:18:48,898:hal4000:INFO:  queued,130,film,stop camera
2026-03-26 19:18:48,898:hal4000:INFO:message:
2026-03-26 19:18:48,898:hal4000:INFO:  queued,131,film,sync
2026-03-26 19:18:48,898:hal4000:INFO:message:
2026-03-26 19:18:48,898:hal4000:INFO:  queued,132,film,stop camera
2026-03-26 19:18:48,898:hal4000:INFO:message:
2026-03-26 19:18:48,899:hal4000:INFO:  handled by,128,film,start film request
2026-03-26 19:18:48,899:hal4000:INFO:message:
2026-03-26 19:18:48,899:hal4000:INFO:  handled by,128,focuslock,start film request
2026-03-26 19:18:48,899:hal4000:INFO:message:
2026-03-26 19:18:48,899:hal4000:INFO:  handled by,128,illumination,start film request
2026-03-26 19:18:48,900:hal4000:INFO:message:
2026-03-26 19:18:48,900:hal4000:INFO:  handled by,128,mosaic,start film request
2026-03-26 19:18:48,900:hal4000:INFO:message:
2026-03-26 19:18:48,900:hal4000:INFO:  handled by,128,mpb642,start film request
2026-03-26 19:18:48,900:hal4000:INFO:message:
2026-03-26 19:18:48,901:hal4000:INFO:  handled by,128,none_irlaser,start film request
2026-03-26 19:18:48,901:hal4000:INFO:message:
2026-03-26 19:18:48,901:hal4000:INFO:  handled by,128,obis405,start film request
2026-03-26 19:18:48,901:hal4000:INFO:message:
2026-03-26 19:18:48,901:hal4000:INFO:  handled by,128,pi_controller,start film request
2026-03-26 19:18:48,902:hal4000:INFO:message:
2026-03-26 19:18:48,902:hal4000:INFO:  handled by,128,progressions,start film request
2026-03-26 19:18:48,902:hal4000:INFO:message:
2026-03-26 19:18:48,902:hal4000:INFO:  handled by,128,scmos_cal,start film request
2026-03-26 19:18:48,902:hal4000:INFO:message:
2026-03-26 19:18:48,902:hal4000:INFO:  handled by,128,settings,start film request
2026-03-26 19:18:48,903:hal4000:INFO:message:
2026-03-26 19:18:48,903:hal4000:INFO:  handled by,128,spotcounter,start film request
2026-03-26 19:18:48,903:hal4000:INFO:message:
2026-03-26 19:18:48,903:hal4000:INFO:  handled by,128,stage,start film request
2026-03-26 19:18:48,903:hal4000:INFO:message:
2026-03-26 19:18:48,903:hal4000:INFO:  handled by,128,tcp_control,start film request
2026-03-26 19:18:48,904:hal4000:INFO:message:
2026-03-26 19:18:48,904:hal4000:INFO:  handled by,128,timing,start film request
2026-03-26 19:18:48,904:hal4000:INFO:message:
2026-03-26 19:18:48,904:hal4000:INFO:  handled by,128,uc480_camera,start film request
2026-03-26 19:18:48,904:hal4000:INFO:message:
2026-03-26 19:18:48,904:hal4000:INFO:  handled by,128,z_stage,start film request
2026-03-26 19:18:48,905:hal4000:INFO:message:
2026-03-26 19:18:48,905:hal4000:INFO:  processed,128,display,start film request
2026-03-26 19:18:48,934:hal4000:INFO:message:
2026-03-26 19:18:48,935:hal4000:INFO:  sent,129,film,film lockout
2026-03-26 19:18:48,940:hal4000:INFO:message:
2026-03-26 19:18:48,941:hal4000:INFO:  handled by,129,hal,film lockout
2026-03-26 19:18:48,941:hal4000:INFO:message:
2026-03-26 19:18:48,941:hal4000:INFO:  handled by,129,aotf,film lockout
2026-03-26 19:18:48,941:hal4000:INFO:message:
2026-03-26 19:18:48,941:hal4000:INFO:  handled by,129,camera1,film lockout
2026-03-26 19:18:48,941:hal4000:INFO:message:
2026-03-26 19:18:48,942:hal4000:INFO:  handled by,129,clemex_stage,film lockout
2026-03-26 19:18:48,942:hal4000:INFO:message:
2026-03-26 19:18:48,942:hal4000:INFO:  handled by,129,coherentGenesis488,film lockout
2026-03-26 19:18:48,942:hal4000:INFO:message:
2026-03-26 19:18:48,942:hal4000:INFO:  handled by,129,coherentGenesis560,film lockout
2026-03-26 19:18:48,942:hal4000:INFO:message:
2026-03-26 19:18:48,943:hal4000:INFO:  handled by,129,display,film lockout
2026-03-26 19:18:48,943:hal4000:INFO:message:
2026-03-26 19:18:48,943:hal4000:INFO:  handled by,129,feeds,film lockout
2026-03-26 19:18:48,943:hal4000:INFO:message:
2026-03-26 19:18:48,943:hal4000:INFO:  handled by,129,film,film lockout
2026-03-26 19:18:48,943:hal4000:INFO:message:
2026-03-26 19:18:48,943:hal4000:INFO:  handled by,129,focuslock,film lockout
2026-03-26 19:18:48,944:hal4000:INFO:message:
2026-03-26 19:18:48,944:hal4000:INFO:  handled by,129,illumination,film lockout
2026-03-26 19:18:48,944:hal4000:INFO:message:
2026-03-26 19:18:48,944:hal4000:INFO:  handled by,129,mosaic,film lockout
2026-03-26 19:18:48,944:hal4000:INFO:message:
2026-03-26 19:18:48,944:hal4000:INFO:  handled by,129,mpb642,film lockout
2026-03-26 19:18:48,945:hal4000:INFO:message:
2026-03-26 19:18:48,945:hal4000:INFO:  handled by,129,none_irlaser,film lockout
2026-03-26 19:18:48,945:hal4000:INFO:message:
2026-03-26 19:18:48,945:hal4000:INFO:  handled by,129,obis405,film lockout
2026-03-26 19:18:48,945:hal4000:INFO:message:
2026-03-26 19:18:48,945:hal4000:INFO:  handled by,129,pi_controller,film lockout
2026-03-26 19:18:48,946:hal4000:INFO:message:
2026-03-26 19:18:48,946:hal4000:INFO:  handled by,129,progressions,film lockout
2026-03-26 19:18:48,946:hal4000:INFO:message:
2026-03-26 19:18:48,946:hal4000:INFO:  handled by,129,scmos_cal,film lockout
2026-03-26 19:18:48,946:hal4000:INFO:message:
2026-03-26 19:18:48,946:hal4000:INFO:  handled by,129,settings,film lockout
2026-03-26 19:18:48,946:hal4000:INFO:message:
2026-03-26 19:18:48,947:hal4000:INFO:  handled by,129,spotcounter,film lockout
2026-03-26 19:18:48,947:hal4000:INFO:message:
2026-03-26 19:18:48,947:hal4000:INFO:  handled by,129,stage,film lockout
2026-03-26 19:18:48,947:hal4000:INFO:message:
2026-03-26 19:18:48,947:hal4000:INFO:  handled by,129,tcp_control,film lockout
2026-03-26 19:18:48,947:hal4000:INFO:message:
2026-03-26 19:18:48,948:hal4000:INFO:  handled by,129,timing,film lockout
2026-03-26 19:18:48,948:hal4000:INFO:message:
2026-03-26 19:18:48,948:hal4000:INFO:  handled by,129,uc480_camera,film lockout
2026-03-26 19:18:48,948:hal4000:INFO:message:
2026-03-26 19:18:48,948:hal4000:INFO:  handled by,129,z_stage,film lockout
2026-03-26 19:18:48,948:hal4000:INFO:message:
2026-03-26 19:18:48,949:hal4000:INFO:  processed,129,film,film lockout
2026-03-26 19:18:48,949:hal4000:INFO:message:
2026-03-26 19:18:48,949:hal4000:INFO:  sent,130,film,stop camera
2026-03-26 19:18:48,950:hal4000:INFO:message:
2026-03-26 19:18:48,950:hal4000:INFO:  handled by,130,hal,stop camera
2026-03-26 19:18:48,951:hal4000:INFO:message:
2026-03-26 19:18:48,951:hal4000:INFO:  handled by,130,aotf,stop camera
2026-03-26 19:18:48,951:hal4000:INFO:message:
2026-03-26 19:18:48,951:hal4000:INFO:  handled by,130,camera1,stop camera
2026-03-26 19:18:48,951:hal4000:INFO:message:
2026-03-26 19:18:48,952:hal4000:INFO:  handled by,130,clemex_stage,stop camera
2026-03-26 19:18:48,952:hal4000:INFO:message:
2026-03-26 19:18:48,952:hal4000:INFO:  handled by,130,coherentGenesis488,stop camera
2026-03-26 19:18:48,952:hal4000:INFO:message:
2026-03-26 19:18:48,952:hal4000:INFO:  handled by,130,coherentGenesis560,stop camera
2026-03-26 19:18:48,953:hal4000:INFO:message:
2026-03-26 19:18:48,953:hal4000:INFO:  handled by,130,display,stop camera
2026-03-26 19:18:48,953:hal4000:INFO:message:
2026-03-26 19:18:48,953:hal4000:INFO:  handled by,130,feeds,stop camera
2026-03-26 19:18:48,953:hal4000:INFO:message:
2026-03-26 19:18:48,953:hal4000:INFO:  handled by,130,film,stop camera
2026-03-26 19:18:48,954:hal4000:INFO:message:
2026-03-26 19:18:48,954:hal4000:INFO:  handled by,130,focuslock,stop camera
2026-03-26 19:18:48,954:hal4000:INFO:message:
2026-03-26 19:18:48,954:hal4000:INFO:  handled by,130,illumination,stop camera
2026-03-26 19:18:48,954:hal4000:INFO:message:
2026-03-26 19:18:48,954:hal4000:INFO:  handled by,130,mosaic,stop camera
2026-03-26 19:18:48,955:hal4000:INFO:message:
2026-03-26 19:18:48,955:hal4000:INFO:  handled by,130,mpb642,stop camera
2026-03-26 19:18:48,955:hal4000:INFO:message:
2026-03-26 19:18:48,955:hal4000:INFO:  handled by,130,none_irlaser,stop camera
2026-03-26 19:18:48,955:hal4000:INFO:message:
2026-03-26 19:18:48,955:hal4000:INFO:  handled by,130,obis405,stop camera
2026-03-26 19:18:48,956:hal4000:INFO:message:
2026-03-26 19:18:48,956:hal4000:INFO:  handled by,130,pi_controller,stop camera
2026-03-26 19:18:48,956:hal4000:INFO:message:
2026-03-26 19:18:48,956:hal4000:INFO:  handled by,130,progressions,stop camera
2026-03-26 19:18:48,957:hal4000:INFO:message:
2026-03-26 19:18:48,957:hal4000:INFO:  handled by,130,scmos_cal,stop camera
2026-03-26 19:18:48,957:hal4000:INFO:message:
2026-03-26 19:18:48,957:hal4000:INFO:  handled by,130,settings,stop camera
2026-03-26 19:18:48,957:hal4000:INFO:message:
2026-03-26 19:18:48,957:hal4000:INFO:  handled by,130,spotcounter,stop camera
2026-03-26 19:18:48,958:hal4000:INFO:message:
2026-03-26 19:18:48,958:hal4000:INFO:  handled by,130,stage,stop camera
2026-03-26 19:18:48,958:hal4000:INFO:message:
2026-03-26 19:18:48,958:hal4000:INFO:  handled by,130,tcp_control,stop camera
2026-03-26 19:18:48,958:hal4000:INFO:message:
2026-03-26 19:18:48,958:hal4000:INFO:  handled by,130,timing,stop camera
2026-03-26 19:18:48,959:hal4000:INFO:message:
2026-03-26 19:18:48,959:hal4000:INFO:  handled by,130,uc480_camera,stop camera
2026-03-26 19:18:48,959:hal4000:INFO:message:
2026-03-26 19:18:48,960:hal4000:INFO:  handled by,130,z_stage,stop camera
2026-03-26 19:18:48,960:hal4000:INFO:message:
2026-03-26 19:18:48,960:hal4000:INFO:  worker started 60000,130,film,stop camera
2026-03-26 19:18:48,991:hal4000:INFO:message:
2026-03-26 19:18:48,991:hal4000:INFO:  handled by,130,camera1,stop camera
2026-03-26 19:18:48,991:hal4000:INFO:message:
2026-03-26 19:18:48,992:hal4000:INFO:  processed,130,film,stop camera
2026-03-26 19:18:48,992:hal4000:INFO:message:
2026-03-26 19:18:48,992:hal4000:INFO:  worker done,130,film,stop camera
2026-03-26 19:18:48,993:hal4000:INFO:message:
2026-03-26 19:18:48,993:hal4000:INFO:  sent,132,film,stop camera
2026-03-26 19:18:48,994:hal4000:INFO:message:
2026-03-26 19:18:48,994:hal4000:INFO:  handled by,132,hal,stop camera
2026-03-26 19:18:48,994:hal4000:INFO:message:
2026-03-26 19:18:48,995:hal4000:INFO:  handled by,132,aotf,stop camera
2026-03-26 19:18:48,995:hal4000:INFO:message:
2026-03-26 19:18:48,995:hal4000:INFO:  handled by,132,camera1,stop camera
2026-03-26 19:18:48,995:hal4000:INFO:message:
2026-03-26 19:18:48,995:hal4000:INFO:  handled by,132,clemex_stage,stop camera
2026-03-26 19:18:48,996:hal4000:INFO:message:
2026-03-26 19:18:48,996:hal4000:INFO:  handled by,132,coherentGenesis488,stop camera
2026-03-26 19:18:48,996:hal4000:INFO:message:
2026-03-26 19:18:48,996:hal4000:INFO:  handled by,132,coherentGenesis560,stop camera
2026-03-26 19:18:48,996:hal4000:INFO:message:
2026-03-26 19:18:48,997:hal4000:INFO:  handled by,132,display,stop camera
2026-03-26 19:18:48,997:hal4000:INFO:message:
2026-03-26 19:18:48,997:hal4000:INFO:  handled by,132,feeds,stop camera
2026-03-26 19:18:48,997:hal4000:INFO:message:
2026-03-26 19:18:48,997:hal4000:INFO:  handled by,132,film,stop camera
2026-03-26 19:18:48,998:hal4000:INFO:message:
2026-03-26 19:18:48,998:hal4000:INFO:  handled by,132,focuslock,stop camera
2026-03-26 19:18:48,998:hal4000:INFO:message:
2026-03-26 19:18:48,998:hal4000:INFO:  handled by,132,illumination,stop camera
2026-03-26 19:18:48,998:hal4000:INFO:message:
2026-03-26 19:18:48,998:hal4000:INFO:  handled by,132,mosaic,stop camera
2026-03-26 19:18:48,999:hal4000:INFO:message:
2026-03-26 19:18:48,999:hal4000:INFO:  handled by,132,mpb642,stop camera
2026-03-26 19:18:48,999:hal4000:INFO:message:
2026-03-26 19:18:48,999:hal4000:INFO:  handled by,132,none_irlaser,stop camera
2026-03-26 19:18:49,000:hal4000:INFO:message:
2026-03-26 19:18:49,000:hal4000:INFO:  handled by,132,obis405,stop camera
2026-03-26 19:18:49,000:hal4000:INFO:message:
2026-03-26 19:18:49,000:hal4000:INFO:  handled by,132,pi_controller,stop camera
2026-03-26 19:18:49,001:hal4000:INFO:message:
2026-03-26 19:18:49,001:hal4000:INFO:  handled by,132,progressions,stop camera
2026-03-26 19:18:49,001:hal4000:INFO:message:
2026-03-26 19:18:49,001:hal4000:INFO:  handled by,132,scmos_cal,stop camera
2026-03-26 19:18:49,002:hal4000:INFO:message:
2026-03-26 19:18:49,002:hal4000:INFO:  handled by,132,settings,stop camera
2026-03-26 19:18:49,002:hal4000:INFO:message:
2026-03-26 19:18:49,002:hal4000:INFO:  handled by,132,spotcounter,stop camera
2026-03-26 19:18:49,003:hal4000:INFO:message:
2026-03-26 19:18:49,003:hal4000:INFO:  handled by,132,stage,stop camera
2026-03-26 19:18:49,003:hal4000:INFO:message:
2026-03-26 19:18:49,003:hal4000:INFO:  handled by,132,tcp_control,stop camera
2026-03-26 19:18:49,004:hal4000:INFO:message:
2026-03-26 19:18:49,004:hal4000:INFO:  handled by,132,timing,stop camera
2026-03-26 19:18:49,004:hal4000:INFO:message:
2026-03-26 19:18:49,004:hal4000:INFO:  handled by,132,uc480_camera,stop camera
2026-03-26 19:18:49,004:hal4000:INFO:message:
2026-03-26 19:18:49,004:hal4000:INFO:  handled by,132,z_stage,stop camera
2026-03-26 19:18:49,005:hal4000:INFO:message:
2026-03-26 19:18:49,005:hal4000:INFO:  queued,133,film,start film
2026-03-26 19:18:49,005:hal4000:INFO:message:
2026-03-26 19:18:49,005:hal4000:INFO:  processed,132,film,stop camera
2026-03-26 19:18:49,013:hal4000:INFO:message:
2026-03-26 19:18:49,013:hal4000:INFO:  sent,133,film,start film
2026-03-26 19:18:49,036:hal4000:INFO:message:
2026-03-26 19:18:49,036:hal4000:INFO:  handled by,133,hal,start film
2026-03-26 19:18:49,037:hal4000:INFO:message:
2026-03-26 19:18:49,037:hal4000:INFO:  handled by,133,aotf,start film
2026-03-26 19:18:49,037:hal4000:INFO:message:
2026-03-26 19:18:49,038:hal4000:INFO:  handled by,133,camera1,start film
2026-03-26 19:18:49,038:hal4000:INFO:message:
2026-03-26 19:18:49,038:hal4000:INFO:  handled by,133,clemex_stage,start film
2026-03-26 19:18:49,038:hal4000:INFO:message:
2026-03-26 19:18:49,039:hal4000:INFO:  handled by,133,coherentGenesis488,start film
2026-03-26 19:18:49,039:hal4000:INFO:message:
2026-03-26 19:18:49,039:hal4000:INFO:  handled by,133,coherentGenesis560,start film
2026-03-26 19:18:49,040:hal4000:INFO:message:
2026-03-26 19:18:49,040:hal4000:INFO:  handled by,133,display,start film
2026-03-26 19:18:49,040:hal4000:INFO:message:
2026-03-26 19:18:49,041:hal4000:INFO:  handled by,133,feeds,start film
2026-03-26 19:18:49,041:hal4000:INFO:message:
2026-03-26 19:18:49,041:hal4000:INFO:  handled by,133,film,start film
2026-03-26 19:18:49,042:hal4000:INFO:message:
2026-03-26 19:18:49,042:hal4000:INFO:  handled by,133,focuslock,start film
2026-03-26 19:18:49,048:hal4000:INFO:message:
2026-03-26 19:18:49,048:hal4000:INFO:  handled by,133,illumination,start film
2026-03-26 19:18:49,048:hal4000:INFO:message:
2026-03-26 19:18:49,049:hal4000:INFO:  handled by,133,mosaic,start film
2026-03-26 19:18:49,049:hal4000:INFO:message:
2026-03-26 19:18:49,049:hal4000:INFO:  handled by,133,mpb642,start film
2026-03-26 19:18:49,049:hal4000:INFO:message:
2026-03-26 19:18:49,049:hal4000:INFO:  handled by,133,none_irlaser,start film
2026-03-26 19:18:49,050:hal4000:INFO:message:
2026-03-26 19:18:49,050:hal4000:INFO:  handled by,133,obis405,start film
2026-03-26 19:18:49,050:hal4000:INFO:message:
2026-03-26 19:18:49,051:hal4000:INFO:  handled by,133,pi_controller,start film
2026-03-26 19:18:49,051:hal4000:INFO:message:
2026-03-26 19:18:49,051:hal4000:INFO:  handled by,133,progressions,start film
2026-03-26 19:18:49,051:hal4000:INFO:message:
2026-03-26 19:18:49,051:hal4000:INFO:  handled by,133,scmos_cal,start film
2026-03-26 19:18:49,052:hal4000:INFO:message:
2026-03-26 19:18:49,052:hal4000:INFO:  handled by,133,settings,start film
2026-03-26 19:18:49,067:hal4000:INFO:message:
2026-03-26 19:18:49,067:hal4000:INFO:  handled by,133,spotcounter,start film
2026-03-26 19:18:49,068:hal4000:INFO:message:
2026-03-26 19:18:49,068:hal4000:INFO:  handled by,133,stage,start film
2026-03-26 19:18:49,068:hal4000:INFO:message:
2026-03-26 19:18:49,068:hal4000:INFO:  handled by,133,tcp_control,start film
2026-03-26 19:18:49,069:hal4000:INFO:message:
2026-03-26 19:18:49,069:hal4000:INFO:  queued,134,timing,get functionality
2026-03-26 19:18:49,069:hal4000:INFO:message:
2026-03-26 19:18:49,069:hal4000:INFO:  handled by,133,timing,start film
2026-03-26 19:18:49,070:hal4000:INFO:message:
2026-03-26 19:18:49,070:hal4000:INFO:  handled by,133,uc480_camera,start film
2026-03-26 19:18:49,070:hal4000:INFO:message:
2026-03-26 19:18:49,070:hal4000:INFO:  handled by,133,z_stage,start film
2026-03-26 19:18:49,071:hal4000:INFO:message:
2026-03-26 19:18:49,071:hal4000:INFO:  processed,133,film,start film
2026-03-26 19:18:49,079:hal4000:INFO:message:
2026-03-26 19:18:49,079:hal4000:INFO:  sent,134,timing,get functionality
2026-03-26 19:18:49,091:hal4000:INFO:message:
2026-03-26 19:18:49,091:hal4000:INFO:  handled by,134,hal,get functionality
2026-03-26 19:18:49,091:hal4000:INFO:message:
2026-03-26 19:18:49,091:hal4000:INFO:  handled by,134,aotf,get functionality
2026-03-26 19:18:49,091:hal4000:INFO:message:
2026-03-26 19:18:49,092:hal4000:INFO:  handled by,134,camera1,get functionality
2026-03-26 19:18:49,092:hal4000:INFO:message:
2026-03-26 19:18:49,092:hal4000:INFO:  handled by,134,clemex_stage,get functionality
2026-03-26 19:18:49,092:hal4000:INFO:message:
2026-03-26 19:18:49,092:hal4000:INFO:  handled by,134,coherentGenesis488,get functionality
2026-03-26 19:18:49,093:hal4000:INFO:message:
2026-03-26 19:18:49,093:hal4000:INFO:  handled by,134,coherentGenesis560,get functionality
2026-03-26 19:18:49,093:hal4000:INFO:message:
2026-03-26 19:18:49,093:hal4000:INFO:  handled by,134,display,get functionality
2026-03-26 19:18:49,093:hal4000:INFO:message:
2026-03-26 19:18:49,093:hal4000:INFO:  handled by,134,feeds,get functionality
2026-03-26 19:18:49,094:hal4000:INFO:message:
2026-03-26 19:18:49,094:hal4000:INFO:  handled by,134,film,get functionality
2026-03-26 19:18:49,094:hal4000:INFO:message:
2026-03-26 19:18:49,094:hal4000:INFO:  handled by,134,focuslock,get functionality
2026-03-26 19:18:49,094:hal4000:INFO:message:
2026-03-26 19:18:49,095:hal4000:INFO:  handled by,134,illumination,get functionality
2026-03-26 19:18:49,095:hal4000:INFO:message:
2026-03-26 19:18:49,095:hal4000:INFO:  handled by,134,mosaic,get functionality
2026-03-26 19:18:49,096:hal4000:INFO:message:
2026-03-26 19:18:49,096:hal4000:INFO:  handled by,134,mpb642,get functionality
2026-03-26 19:18:49,096:hal4000:INFO:message:
2026-03-26 19:18:49,096:hal4000:INFO:  handled by,134,none_irlaser,get functionality
2026-03-26 19:18:49,096:hal4000:INFO:message:
2026-03-26 19:18:49,096:hal4000:INFO:  handled by,134,obis405,get functionality
2026-03-26 19:18:49,097:hal4000:INFO:message:
2026-03-26 19:18:49,097:hal4000:INFO:  handled by,134,pi_controller,get functionality
2026-03-26 19:18:49,097:hal4000:INFO:message:
2026-03-26 19:18:49,097:hal4000:INFO:  handled by,134,progressions,get functionality
2026-03-26 19:18:49,098:hal4000:INFO:message:
2026-03-26 19:18:49,098:hal4000:INFO:  handled by,134,scmos_cal,get functionality
2026-03-26 19:18:49,098:hal4000:INFO:message:
2026-03-26 19:18:49,098:hal4000:INFO:  handled by,134,settings,get functionality
2026-03-26 19:18:49,098:hal4000:INFO:message:
2026-03-26 19:18:49,098:hal4000:INFO:  handled by,134,spotcounter,get functionality
2026-03-26 19:18:49,099:hal4000:INFO:message:
2026-03-26 19:18:49,099:hal4000:INFO:  handled by,134,stage,get functionality
2026-03-26 19:18:49,099:hal4000:INFO:message:
2026-03-26 19:18:49,100:hal4000:INFO:  handled by,134,tcp_control,get functionality
2026-03-26 19:18:49,100:hal4000:INFO:message:
2026-03-26 19:18:49,100:hal4000:INFO:  handled by,134,timing,get functionality
2026-03-26 19:18:49,100:hal4000:INFO:message:
2026-03-26 19:18:49,100:hal4000:INFO:  handled by,134,uc480_camera,get functionality
2026-03-26 19:18:49,100:hal4000:INFO:message:
2026-03-26 19:18:49,101:hal4000:INFO:  handled by,134,z_stage,get functionality
2026-03-26 19:18:49,101:hal4000:INFO:message:
2026-03-26 19:18:49,101:hal4000:INFO:  processed,134,timing,get functionality
2026-03-26 19:18:49,101:hal4000:INFO:message:
2026-03-26 19:18:49,102:hal4000:INFO:  queued,135,timing,configuration
2026-03-26 19:18:49,102:hal4000:INFO:message:
2026-03-26 19:18:49,102:hal4000:INFO:  queued,136,timing,ready to film
2026-03-26 19:18:49,104:hal4000:INFO:message:
2026-03-26 19:18:49,104:hal4000:INFO:  sent,135,timing,configuration
2026-03-26 19:18:49,105:hal4000:INFO:message:
2026-03-26 19:18:49,105:hal4000:INFO:  handled by,135,hal,configuration
2026-03-26 19:18:49,105:hal4000:INFO:message:
2026-03-26 19:18:49,105:hal4000:INFO:  handled by,135,aotf,configuration
2026-03-26 19:18:49,106:hal4000:INFO:message:
2026-03-26 19:18:49,106:hal4000:INFO:  handled by,135,camera1,configuration
2026-03-26 19:18:49,106:hal4000:INFO:message:
2026-03-26 19:18:49,106:hal4000:INFO:  handled by,135,clemex_stage,configuration
2026-03-26 19:18:49,107:hal4000:INFO:message:
2026-03-26 19:18:49,107:hal4000:INFO:  handled by,135,coherentGenesis488,configuration
2026-03-26 19:18:49,107:hal4000:INFO:message:
2026-03-26 19:18:49,107:hal4000:INFO:  handled by,135,coherentGenesis560,configuration
2026-03-26 19:18:49,108:hal4000:INFO:message:
2026-03-26 19:18:49,108:hal4000:INFO:  handled by,135,display,configuration
2026-03-26 19:18:49,108:hal4000:INFO:message:
2026-03-26 19:18:49,108:hal4000:INFO:  handled by,135,feeds,configuration
2026-03-26 19:18:49,109:hal4000:INFO:message:
2026-03-26 19:18:49,109:hal4000:INFO:  handled by,135,film,configuration
2026-03-26 19:18:49,109:hal4000:INFO:message:
2026-03-26 19:18:49,109:hal4000:INFO:  handled by,135,focuslock,configuration
2026-03-26 19:18:49,109:hal4000:INFO:message:
2026-03-26 19:18:49,110:hal4000:INFO:  handled by,135,illumination,configuration
2026-03-26 19:18:49,110:hal4000:INFO:message:
2026-03-26 19:18:49,110:hal4000:INFO:  handled by,135,mosaic,configuration
2026-03-26 19:18:49,110:hal4000:INFO:message:
2026-03-26 19:18:49,110:hal4000:INFO:  handled by,135,mpb642,configuration
2026-03-26 19:18:49,111:hal4000:INFO:message:
2026-03-26 19:18:49,111:hal4000:INFO:  handled by,135,none_irlaser,configuration
2026-03-26 19:18:49,111:hal4000:INFO:message:
2026-03-26 19:18:49,112:hal4000:INFO:  handled by,135,obis405,configuration
2026-03-26 19:18:49,112:hal4000:INFO:message:
2026-03-26 19:18:49,112:hal4000:INFO:  handled by,135,pi_controller,configuration
2026-03-26 19:18:49,112:hal4000:INFO:message:
2026-03-26 19:18:49,112:hal4000:INFO:  handled by,135,progressions,configuration
2026-03-26 19:18:49,113:hal4000:INFO:message:
2026-03-26 19:18:49,113:hal4000:INFO:  handled by,135,scmos_cal,configuration
2026-03-26 19:18:49,113:hal4000:INFO:message:
2026-03-26 19:18:49,113:hal4000:INFO:  handled by,135,settings,configuration
2026-03-26 19:18:49,113:hal4000:INFO:message:
2026-03-26 19:18:49,114:hal4000:INFO:  handled by,135,spotcounter,configuration
2026-03-26 19:18:49,114:hal4000:INFO:message:
2026-03-26 19:18:49,114:hal4000:INFO:  handled by,135,stage,configuration
2026-03-26 19:18:49,114:hal4000:INFO:message:
2026-03-26 19:18:49,114:hal4000:INFO:  handled by,135,tcp_control,configuration
2026-03-26 19:18:49,115:hal4000:INFO:message:
2026-03-26 19:18:49,115:hal4000:INFO:  handled by,135,timing,configuration
2026-03-26 19:18:49,115:hal4000:INFO:message:
2026-03-26 19:18:49,116:hal4000:INFO:  handled by,135,uc480_camera,configuration
2026-03-26 19:18:49,116:hal4000:INFO:message:
2026-03-26 19:18:49,116:hal4000:INFO:  handled by,135,z_stage,configuration
2026-03-26 19:18:49,116:hal4000:INFO:message:
2026-03-26 19:18:49,117:hal4000:INFO:  sent,136,timing,ready to film
2026-03-26 19:18:49,117:hal4000:INFO:message:
2026-03-26 19:18:49,117:hal4000:INFO:  worker started 60000,135,timing,configuration
2026-03-26 19:18:49,117:hal4000:INFO:message:
2026-03-26 19:18:49,117:hal4000:INFO:  handled by,135,camera1,configuration
2026-03-26 19:18:49,117:hal4000:INFO:message:
2026-03-26 19:18:49,117:hal4000:INFO:  processed,135,timing,configuration
2026-03-26 19:18:49,117:hal4000:INFO:message:
2026-03-26 19:18:49,118:hal4000:INFO:  worker done,135,timing,configuration
2026-03-26 19:18:49,125:hal4000:INFO:message:
2026-03-26 19:18:49,125:hal4000:INFO:  handled by,136,hal,ready to film
2026-03-26 19:18:49,125:hal4000:INFO:message:
2026-03-26 19:18:49,126:hal4000:INFO:  handled by,136,aotf,ready to film
2026-03-26 19:18:49,126:hal4000:INFO:message:
2026-03-26 19:18:49,126:hal4000:INFO:  handled by,136,clemex_stage,ready to film
2026-03-26 19:18:49,126:hal4000:INFO:message:
2026-03-26 19:18:49,126:hal4000:INFO:  handled by,136,coherentGenesis488,ready to film
2026-03-26 19:18:49,126:hal4000:INFO:message:
2026-03-26 19:18:49,127:hal4000:INFO:  handled by,136,coherentGenesis560,ready to film
2026-03-26 19:18:49,127:hal4000:INFO:message:
2026-03-26 19:18:49,127:hal4000:INFO:  handled by,136,display,ready to film
2026-03-26 19:18:49,127:hal4000:INFO:message:
2026-03-26 19:18:49,127:hal4000:INFO:  handled by,136,feeds,ready to film
2026-03-26 19:18:49,127:hal4000:INFO:message:
2026-03-26 19:18:49,127:hal4000:INFO:  queued,137,film,start camera
2026-03-26 19:18:49,127:hal4000:INFO:message:
2026-03-26 19:18:49,127:hal4000:INFO:  queued,138,film,sync
2026-03-26 19:18:49,128:hal4000:INFO:message:
2026-03-26 19:18:49,128:hal4000:INFO:  queued,139,film,start camera
2026-03-26 19:18:49,128:hal4000:INFO:message:
2026-03-26 19:18:49,128:hal4000:INFO:  handled by,136,film,ready to film
2026-03-26 19:18:49,128:hal4000:INFO:message:
2026-03-26 19:18:49,128:hal4000:INFO:  handled by,136,focuslock,ready to film
2026-03-26 19:18:49,128:hal4000:INFO:message:
2026-03-26 19:18:49,128:hal4000:INFO:  handled by,136,illumination,ready to film
2026-03-26 19:18:49,128:hal4000:INFO:message:
2026-03-26 19:18:49,128:hal4000:INFO:  handled by,136,mosaic,ready to film
2026-03-26 19:18:49,128:hal4000:INFO:message:
2026-03-26 19:18:49,129:hal4000:INFO:  handled by,136,mpb642,ready to film
2026-03-26 19:18:49,129:hal4000:INFO:message:
2026-03-26 19:18:49,129:hal4000:INFO:  handled by,136,none_irlaser,ready to film
2026-03-26 19:18:49,129:hal4000:INFO:message:
2026-03-26 19:18:49,129:hal4000:INFO:  handled by,136,obis405,ready to film
2026-03-26 19:18:49,129:hal4000:INFO:message:
2026-03-26 19:18:49,129:hal4000:INFO:  handled by,136,pi_controller,ready to film
2026-03-26 19:18:49,130:hal4000:INFO:message:
2026-03-26 19:18:49,130:hal4000:INFO:  handled by,136,progressions,ready to film
2026-03-26 19:18:49,130:hal4000:INFO:message:
2026-03-26 19:18:49,130:hal4000:INFO:  handled by,136,scmos_cal,ready to film
2026-03-26 19:18:49,130:hal4000:INFO:message:
2026-03-26 19:18:49,130:hal4000:INFO:  handled by,136,settings,ready to film
2026-03-26 19:18:49,131:hal4000:INFO:message:
2026-03-26 19:18:49,131:hal4000:INFO:  handled by,136,spotcounter,ready to film
2026-03-26 19:18:49,131:hal4000:INFO:message:
2026-03-26 19:18:49,131:hal4000:INFO:  handled by,136,stage,ready to film
2026-03-26 19:18:49,131:hal4000:INFO:message:
2026-03-26 19:18:49,132:hal4000:INFO:  handled by,136,tcp_control,ready to film
2026-03-26 19:18:49,132:hal4000:INFO:message:
2026-03-26 19:18:49,132:hal4000:INFO:  handled by,136,timing,ready to film
2026-03-26 19:18:49,132:hal4000:INFO:message:
2026-03-26 19:18:49,132:hal4000:INFO:  handled by,136,uc480_camera,ready to film
2026-03-26 19:18:49,133:hal4000:INFO:message:
2026-03-26 19:18:49,133:hal4000:INFO:  handled by,136,z_stage,ready to film
2026-03-26 19:18:49,133:hal4000:INFO:message:
2026-03-26 19:18:49,133:hal4000:INFO:  sent,137,film,start camera
2026-03-26 19:18:49,134:hal4000:INFO:message:
2026-03-26 19:18:49,134:hal4000:INFO:  handled by,136,camera1,ready to film
2026-03-26 19:18:49,134:hal4000:INFO:message:
2026-03-26 19:18:49,135:hal4000:INFO:  processed,136,timing,ready to film
2026-03-26 19:18:49,159:hal4000:INFO:message:
2026-03-26 19:18:49,159:hal4000:INFO:  handled by,137,hal,start camera
2026-03-26 19:18:49,159:hal4000:INFO:message:
2026-03-26 19:18:49,159:hal4000:INFO:  handled by,137,aotf,start camera
2026-03-26 19:18:49,160:hal4000:INFO:message:
2026-03-26 19:18:49,160:hal4000:INFO:  handled by,137,clemex_stage,start camera
2026-03-26 19:18:49,160:hal4000:INFO:message:
2026-03-26 19:18:49,160:hal4000:INFO:  handled by,137,coherentGenesis488,start camera
2026-03-26 19:18:49,160:hal4000:INFO:message:
2026-03-26 19:18:49,160:hal4000:INFO:  handled by,137,coherentGenesis560,start camera
2026-03-26 19:18:49,160:hal4000:INFO:message:
2026-03-26 19:18:49,161:hal4000:INFO:  handled by,137,display,start camera
2026-03-26 19:18:49,161:hal4000:INFO:message:
2026-03-26 19:18:49,161:hal4000:INFO:  handled by,137,feeds,start camera
2026-03-26 19:18:49,161:hal4000:INFO:message:
2026-03-26 19:18:49,161:hal4000:INFO:  handled by,137,film,start camera
2026-03-26 19:18:49,161:hal4000:INFO:message:
2026-03-26 19:18:49,162:hal4000:INFO:  handled by,137,focuslock,start camera
2026-03-26 19:18:49,162:hal4000:INFO:message:
2026-03-26 19:18:49,162:hal4000:INFO:  handled by,137,illumination,start camera
2026-03-26 19:18:49,162:hal4000:INFO:message:
2026-03-26 19:18:49,163:hal4000:INFO:  handled by,137,mosaic,start camera
2026-03-26 19:18:49,163:hal4000:INFO:message:
2026-03-26 19:18:49,163:hal4000:INFO:  handled by,137,mpb642,start camera
2026-03-26 19:18:49,163:hal4000:INFO:message:
2026-03-26 19:18:49,163:hal4000:INFO:  handled by,137,none_irlaser,start camera
2026-03-26 19:18:49,164:hal4000:INFO:message:
2026-03-26 19:18:49,164:hal4000:INFO:  handled by,137,obis405,start camera
2026-03-26 19:18:49,164:hal4000:INFO:message:
2026-03-26 19:18:49,164:hal4000:INFO:  handled by,137,pi_controller,start camera
2026-03-26 19:18:49,164:hal4000:INFO:message:
2026-03-26 19:18:49,164:hal4000:INFO:  handled by,137,progressions,start camera
2026-03-26 19:18:49,165:hal4000:INFO:message:
2026-03-26 19:18:49,165:hal4000:INFO:  handled by,137,scmos_cal,start camera
2026-03-26 19:18:49,165:hal4000:INFO:message:
2026-03-26 19:18:49,165:hal4000:INFO:  handled by,137,settings,start camera
2026-03-26 19:18:49,165:hal4000:INFO:message:
2026-03-26 19:18:49,166:hal4000:INFO:  handled by,137,spotcounter,start camera
2026-03-26 19:18:49,166:hal4000:INFO:message:
2026-03-26 19:18:49,166:hal4000:INFO:  handled by,137,stage,start camera
2026-03-26 19:18:49,166:hal4000:INFO:message:
2026-03-26 19:18:49,167:hal4000:INFO:  handled by,137,tcp_control,start camera
2026-03-26 19:18:49,167:hal4000:INFO:message:
2026-03-26 19:18:49,167:hal4000:INFO:  handled by,137,timing,start camera
2026-03-26 19:18:49,167:hal4000:INFO:message:
2026-03-26 19:18:49,167:hal4000:INFO:  handled by,137,uc480_camera,start camera
2026-03-26 19:18:49,168:hal4000:INFO:message:
2026-03-26 19:18:49,168:hal4000:INFO:  handled by,137,z_stage,start camera
2026-03-26 19:18:49,168:hal4000:INFO:message:
2026-03-26 19:18:49,168:hal4000:INFO:  handled by,137,camera1,start camera
2026-03-26 19:18:49,169:hal4000:INFO:message:
2026-03-26 19:18:49,169:hal4000:INFO:  processed,137,film,start camera
2026-03-26 19:18:49,182:hal4000:INFO:message:
2026-03-26 19:18:49,183:hal4000:INFO:  sent,139,film,start camera
2026-03-26 19:18:49,183:hal4000:INFO:message:
2026-03-26 19:18:49,183:hal4000:INFO:  handled by,139,hal,start camera
2026-03-26 19:18:49,184:hal4000:INFO:message:
2026-03-26 19:18:49,184:hal4000:INFO:  handled by,139,aotf,start camera
2026-03-26 19:18:49,184:hal4000:INFO:message:
2026-03-26 19:18:49,185:hal4000:INFO:  handled by,139,camera1,start camera
2026-03-26 19:18:49,185:hal4000:INFO:message:
2026-03-26 19:18:49,185:hal4000:INFO:  handled by,139,clemex_stage,start camera
2026-03-26 19:18:49,185:hal4000:INFO:message:
2026-03-26 19:18:49,186:hal4000:INFO:  handled by,139,coherentGenesis488,start camera
2026-03-26 19:18:49,186:hal4000:INFO:message:
2026-03-26 19:18:49,186:hal4000:INFO:  handled by,139,coherentGenesis560,start camera
2026-03-26 19:18:49,186:hal4000:INFO:message:
2026-03-26 19:18:49,186:hal4000:INFO:  handled by,139,display,start camera
2026-03-26 19:18:49,249:hal4000:INFO:message:
2026-03-26 19:18:49,249:hal4000:INFO:  handled by,139,feeds,start camera
2026-03-26 19:18:49,252:hal4000:INFO:message:
2026-03-26 19:18:49,252:hal4000:INFO:  handled by,139,film,start camera
2026-03-26 19:18:49,252:hal4000:INFO:message:
2026-03-26 19:18:49,253:hal4000:INFO:  handled by,139,focuslock,start camera
2026-03-26 19:18:49,254:hal4000:INFO:message:
2026-03-26 19:18:49,254:hal4000:INFO:  handled by,139,illumination,start camera
2026-03-26 19:18:49,254:hal4000:INFO:message:
2026-03-26 19:18:49,254:hal4000:INFO:  handled by,139,mosaic,start camera
2026-03-26 19:18:49,254:hal4000:INFO:message:
2026-03-26 19:18:49,255:hal4000:INFO:  handled by,139,mpb642,start camera
2026-03-26 19:18:49,255:hal4000:INFO:message:
2026-03-26 19:18:49,255:hal4000:INFO:  handled by,139,none_irlaser,start camera
2026-03-26 19:18:49,256:hal4000:INFO:message:
2026-03-26 19:18:49,256:hal4000:INFO:  handled by,139,obis405,start camera
2026-03-26 19:18:49,256:hal4000:INFO:message:
2026-03-26 19:18:49,256:hal4000:INFO:  handled by,139,pi_controller,start camera
2026-03-26 19:18:49,256:hal4000:INFO:message:
2026-03-26 19:18:49,257:hal4000:INFO:  handled by,139,progressions,start camera
2026-03-26 19:18:49,257:hal4000:INFO:message:
2026-03-26 19:18:49,257:hal4000:INFO:  handled by,139,scmos_cal,start camera
2026-03-26 19:18:49,257:hal4000:INFO:message:
2026-03-26 19:18:49,257:hal4000:INFO:  handled by,139,settings,start camera
2026-03-26 19:18:49,258:hal4000:INFO:message:
2026-03-26 19:18:49,258:hal4000:INFO:  handled by,139,spotcounter,start camera
2026-03-26 19:18:49,258:hal4000:INFO:message:
2026-03-26 19:18:49,258:hal4000:INFO:  handled by,139,stage,start camera
2026-03-26 19:18:49,258:hal4000:INFO:message:
2026-03-26 19:18:49,259:hal4000:INFO:  handled by,139,tcp_control,start camera
2026-03-26 19:18:49,259:hal4000:INFO:message:
2026-03-26 19:18:49,259:hal4000:INFO:  handled by,139,timing,start camera
2026-03-26 19:18:49,260:hal4000:INFO:message:
2026-03-26 19:18:49,260:hal4000:INFO:  handled by,139,uc480_camera,start camera
2026-03-26 19:18:49,260:hal4000:INFO:message:
2026-03-26 19:18:49,260:hal4000:INFO:  handled by,139,z_stage,start camera
2026-03-26 19:18:49,284:hal4000:INFO:message:
2026-03-26 19:18:49,285:hal4000:INFO:  worker started 60000,139,film,start camera
2026-03-26 19:18:49,621:hal4000:INFO:message:
2026-03-26 19:18:49,621:hal4000:INFO:  handled by,139,camera1,start camera
2026-03-26 19:18:49,621:hal4000:INFO:message:
2026-03-26 19:18:49,621:hal4000:INFO:  processed,139,film,start camera
2026-03-26 19:18:49,622:hal4000:INFO:message:
2026-03-26 19:18:49,622:hal4000:INFO:  worker done,139,film,start camera
2026-03-26 19:19:10,150:hal4000:INFO:message:
2026-03-26 19:19:10,150:hal4000:INFO:  queued,140,film,stop camera
2026-03-26 19:19:10,150:hal4000:INFO:message:
2026-03-26 19:19:10,150:hal4000:INFO:  queued,141,film,sync
2026-03-26 19:19:10,150:hal4000:INFO:message:
2026-03-26 19:19:10,151:hal4000:INFO:  queued,142,film,stop camera
2026-03-26 19:19:10,151:hal4000:INFO:message:
2026-03-26 19:19:10,151:hal4000:INFO:  sent,140,film,stop camera
2026-03-26 19:19:10,152:hal4000:INFO:message:
2026-03-26 19:19:10,152:hal4000:INFO:  handled by,140,hal,stop camera
2026-03-26 19:19:10,152:hal4000:INFO:message:
2026-03-26 19:19:10,152:hal4000:INFO:  handled by,140,aotf,stop camera
2026-03-26 19:19:10,153:hal4000:INFO:message:
2026-03-26 19:19:10,153:hal4000:INFO:  handled by,140,camera1,stop camera
2026-03-26 19:19:10,153:hal4000:INFO:message:
2026-03-26 19:19:10,153:hal4000:INFO:  handled by,140,clemex_stage,stop camera
2026-03-26 19:19:10,154:hal4000:INFO:message:
2026-03-26 19:19:10,154:hal4000:INFO:  handled by,140,coherentGenesis488,stop camera
2026-03-26 19:19:10,154:hal4000:INFO:message:
2026-03-26 19:19:10,154:hal4000:INFO:  handled by,140,coherentGenesis560,stop camera
2026-03-26 19:19:10,155:hal4000:INFO:message:
2026-03-26 19:19:10,155:hal4000:INFO:  handled by,140,display,stop camera
2026-03-26 19:19:10,155:hal4000:INFO:message:
2026-03-26 19:19:10,155:hal4000:INFO:  handled by,140,feeds,stop camera
2026-03-26 19:19:10,156:hal4000:INFO:message:
2026-03-26 19:19:10,156:hal4000:INFO:  handled by,140,film,stop camera
2026-03-26 19:19:10,156:hal4000:INFO:message:
2026-03-26 19:19:10,156:hal4000:INFO:  handled by,140,focuslock,stop camera
2026-03-26 19:19:10,157:hal4000:INFO:message:
2026-03-26 19:19:10,157:hal4000:INFO:  handled by,140,illumination,stop camera
2026-03-26 19:19:10,157:hal4000:INFO:message:
2026-03-26 19:19:10,157:hal4000:INFO:  handled by,140,mosaic,stop camera
2026-03-26 19:19:10,157:hal4000:INFO:message:
2026-03-26 19:19:10,158:hal4000:INFO:  handled by,140,mpb642,stop camera
2026-03-26 19:19:10,158:hal4000:INFO:message:
2026-03-26 19:19:10,158:hal4000:INFO:  handled by,140,none_irlaser,stop camera
2026-03-26 19:19:10,158:hal4000:INFO:message:
2026-03-26 19:19:10,158:hal4000:INFO:  handled by,140,obis405,stop camera
2026-03-26 19:19:10,159:hal4000:INFO:message:
2026-03-26 19:19:10,159:hal4000:INFO:  handled by,140,pi_controller,stop camera
2026-03-26 19:19:10,159:hal4000:INFO:message:
2026-03-26 19:19:10,159:hal4000:INFO:  handled by,140,progressions,stop camera
2026-03-26 19:19:10,160:hal4000:INFO:message:
2026-03-26 19:19:10,160:hal4000:INFO:  handled by,140,scmos_cal,stop camera
2026-03-26 19:19:10,160:hal4000:INFO:message:
2026-03-26 19:19:10,160:hal4000:INFO:  handled by,140,settings,stop camera
2026-03-26 19:19:10,160:hal4000:INFO:message:
2026-03-26 19:19:10,161:hal4000:INFO:  handled by,140,spotcounter,stop camera
2026-03-26 19:19:10,161:hal4000:INFO:message:
2026-03-26 19:19:10,161:hal4000:INFO:  handled by,140,stage,stop camera
2026-03-26 19:19:10,162:hal4000:INFO:message:
2026-03-26 19:19:10,162:hal4000:INFO:  handled by,140,tcp_control,stop camera
2026-03-26 19:19:10,162:hal4000:INFO:message:
2026-03-26 19:19:10,162:hal4000:INFO:  handled by,140,timing,stop camera
2026-03-26 19:19:10,163:hal4000:INFO:message:
2026-03-26 19:19:10,163:hal4000:INFO:  handled by,140,uc480_camera,stop camera
2026-03-26 19:19:10,163:hal4000:INFO:message:
2026-03-26 19:19:10,163:hal4000:INFO:  handled by,140,z_stage,stop camera
2026-03-26 19:19:10,164:hal4000:INFO:message:
2026-03-26 19:19:10,164:hal4000:INFO:  worker started 60000,140,film,stop camera
2026-03-26 19:19:10,165:hal4000:INFO:message:
2026-03-26 19:19:10,165:hal4000:INFO:  handled by,140,camera1,stop camera
2026-03-26 19:19:10,165:hal4000:INFO:message:
2026-03-26 19:19:10,165:hal4000:INFO:  processed,140,film,stop camera
2026-03-26 19:19:10,166:hal4000:INFO:message:
2026-03-26 19:19:10,166:hal4000:INFO:  worker done,140,film,stop camera
2026-03-26 19:19:10,203:hal4000:INFO:message:
2026-03-26 19:19:10,204:hal4000:INFO:  sent,142,film,stop camera
2026-03-26 19:19:10,204:hal4000:INFO:message:
2026-03-26 19:19:10,204:hal4000:INFO:  handled by,142,hal,stop camera
2026-03-26 19:19:10,205:hal4000:INFO:message:
2026-03-26 19:19:10,205:hal4000:INFO:  handled by,142,aotf,stop camera
2026-03-26 19:19:10,205:hal4000:INFO:message:
2026-03-26 19:19:10,205:hal4000:INFO:  handled by,142,camera1,stop camera
2026-03-26 19:19:10,205:hal4000:INFO:message:
2026-03-26 19:19:10,206:hal4000:INFO:  handled by,142,clemex_stage,stop camera
2026-03-26 19:19:10,206:hal4000:INFO:message:
2026-03-26 19:19:10,206:hal4000:INFO:  handled by,142,coherentGenesis488,stop camera
2026-03-26 19:19:10,206:hal4000:INFO:message:
2026-03-26 19:19:10,206:hal4000:INFO:  handled by,142,coherentGenesis560,stop camera
2026-03-26 19:19:10,207:hal4000:INFO:message:
2026-03-26 19:19:10,207:hal4000:INFO:  handled by,142,display,stop camera
2026-03-26 19:19:10,207:hal4000:INFO:message:
2026-03-26 19:19:10,207:hal4000:INFO:  handled by,142,feeds,stop camera
2026-03-26 19:19:10,208:hal4000:INFO:message:
2026-03-26 19:19:10,208:hal4000:INFO:  handled by,142,film,stop camera
2026-03-26 19:19:10,208:hal4000:INFO:message:
2026-03-26 19:19:10,208:hal4000:INFO:  handled by,142,focuslock,stop camera
2026-03-26 19:19:10,208:hal4000:INFO:message:
2026-03-26 19:19:10,209:hal4000:INFO:  handled by,142,illumination,stop camera
2026-03-26 19:19:10,209:hal4000:INFO:message:
2026-03-26 19:19:10,209:hal4000:INFO:  handled by,142,mosaic,stop camera
2026-03-26 19:19:10,209:hal4000:INFO:message:
2026-03-26 19:19:10,209:hal4000:INFO:  handled by,142,mpb642,stop camera
2026-03-26 19:19:10,210:hal4000:INFO:message:
2026-03-26 19:19:10,210:hal4000:INFO:  handled by,142,none_irlaser,stop camera
2026-03-26 19:19:10,210:hal4000:INFO:message:
2026-03-26 19:19:10,210:hal4000:INFO:  handled by,142,obis405,stop camera
2026-03-26 19:19:10,211:hal4000:INFO:message:
2026-03-26 19:19:10,211:hal4000:INFO:  handled by,142,pi_controller,stop camera
2026-03-26 19:19:10,211:hal4000:INFO:message:
2026-03-26 19:19:10,212:hal4000:INFO:  handled by,142,progressions,stop camera
2026-03-26 19:19:10,212:hal4000:INFO:message:
2026-03-26 19:19:10,212:hal4000:INFO:  handled by,142,scmos_cal,stop camera
2026-03-26 19:19:10,212:hal4000:INFO:message:
2026-03-26 19:19:10,212:hal4000:INFO:  handled by,142,settings,stop camera
2026-03-26 19:19:10,213:hal4000:INFO:message:
2026-03-26 19:19:10,213:hal4000:INFO:  handled by,142,spotcounter,stop camera
2026-03-26 19:19:10,213:hal4000:INFO:message:
2026-03-26 19:19:10,213:hal4000:INFO:  handled by,142,stage,stop camera
2026-03-26 19:19:10,213:hal4000:INFO:message:
2026-03-26 19:19:10,214:hal4000:INFO:  handled by,142,tcp_control,stop camera
2026-03-26 19:19:10,214:hal4000:INFO:message:
2026-03-26 19:19:10,214:hal4000:INFO:  handled by,142,timing,stop camera
2026-03-26 19:19:10,214:hal4000:INFO:message:
2026-03-26 19:19:10,215:hal4000:INFO:  handled by,142,uc480_camera,stop camera
2026-03-26 19:19:10,215:hal4000:INFO:message:
2026-03-26 19:19:10,215:hal4000:INFO:  handled by,142,z_stage,stop camera
2026-03-26 19:19:10,216:hal4000:INFO:message:
2026-03-26 19:19:10,216:hal4000:INFO:  queued,143,film,stop film
2026-03-26 19:19:10,216:hal4000:INFO:message:
2026-03-26 19:19:10,217:hal4000:INFO:  queued,144,film,start camera
2026-03-26 19:19:10,217:hal4000:INFO:message:
2026-03-26 19:19:10,217:hal4000:INFO:  queued,145,film,sync
2026-03-26 19:19:10,217:hal4000:INFO:message:
2026-03-26 19:19:10,217:hal4000:INFO:  queued,146,film,start camera
2026-03-26 19:19:10,218:hal4000:INFO:message:
2026-03-26 19:19:10,218:hal4000:INFO:  processed,142,film,stop camera
2026-03-26 19:19:10,219:hal4000:INFO:message:
2026-03-26 19:19:10,219:hal4000:INFO:  sent,143,film,stop film
2026-03-26 19:19:10,221:hal4000:INFO:message:
2026-03-26 19:19:10,222:hal4000:INFO:  handled by,143,hal,stop film
2026-03-26 19:19:10,222:hal4000:INFO:message:
2026-03-26 19:19:10,222:hal4000:INFO:  handled by,143,aotf,stop film
2026-03-26 19:19:10,223:hal4000:INFO:message:
2026-03-26 19:19:10,223:hal4000:INFO:  handled by,143,camera1,stop film
2026-03-26 19:19:10,224:hal4000:INFO:message:
2026-03-26 19:19:10,224:hal4000:INFO:  handled by,143,clemex_stage,stop film
2026-03-26 19:19:10,224:hal4000:INFO:message:
2026-03-26 19:19:10,224:hal4000:INFO:  handled by,143,coherentGenesis488,stop film
2026-03-26 19:19:10,225:hal4000:INFO:message:
2026-03-26 19:19:10,225:hal4000:INFO:  handled by,143,coherentGenesis560,stop film
2026-03-26 19:19:10,225:hal4000:INFO:message:
2026-03-26 19:19:10,225:hal4000:INFO:  handled by,143,display,stop film
2026-03-26 19:19:10,225:hal4000:INFO:message:
2026-03-26 19:19:10,226:hal4000:INFO:  handled by,143,feeds,stop film
2026-03-26 19:19:10,226:hal4000:INFO:message:
2026-03-26 19:19:10,226:hal4000:INFO:  handled by,143,film,stop film
2026-03-26 19:19:10,227:hal4000:INFO:message:
2026-03-26 19:19:10,228:hal4000:INFO:  handled by,143,focuslock,stop film
2026-03-26 19:19:10,232:hal4000:INFO:message:
2026-03-26 19:19:10,232:hal4000:INFO:  handled by,143,illumination,stop film
2026-03-26 19:19:10,232:hal4000:INFO:message:
2026-03-26 19:19:10,232:hal4000:INFO:  handled by,143,mosaic,stop film
2026-03-26 19:19:10,233:hal4000:INFO:message:
2026-03-26 19:19:10,233:hal4000:INFO:  handled by,143,mpb642,stop film
2026-03-26 19:19:10,233:hal4000:INFO:message:
2026-03-26 19:19:10,233:hal4000:INFO:  handled by,143,none_irlaser,stop film
2026-03-26 19:19:10,234:hal4000:INFO:message:
2026-03-26 19:19:10,234:hal4000:INFO:  handled by,143,obis405,stop film
2026-03-26 19:19:10,234:hal4000:INFO:message:
2026-03-26 19:19:10,235:hal4000:INFO:  handled by,143,pi_controller,stop film
2026-03-26 19:19:10,235:hal4000:INFO:message:
2026-03-26 19:19:10,235:hal4000:INFO:  handled by,143,progressions,stop film
2026-03-26 19:19:10,235:hal4000:INFO:message:
2026-03-26 19:19:10,236:hal4000:INFO:  handled by,143,scmos_cal,stop film
2026-03-26 19:19:10,236:hal4000:INFO:message:
2026-03-26 19:19:10,236:hal4000:INFO:  handled by,143,settings,stop film
2026-03-26 19:19:10,925:hal4000:INFO:message:
2026-03-26 19:19:10,925:hal4000:INFO:  handled by,143,spotcounter,stop film
2026-03-26 19:19:10,925:hal4000:INFO:message:
2026-03-26 19:19:10,925:hal4000:INFO:  handled by,143,stage,stop film
2026-03-26 19:19:10,926:hal4000:INFO:message:
2026-03-26 19:19:10,926:hal4000:INFO:  handled by,143,tcp_control,stop film
2026-03-26 19:19:10,926:hal4000:INFO:message:
2026-03-26 19:19:10,927:hal4000:INFO:  handled by,143,timing,stop film
2026-03-26 19:19:10,927:hal4000:INFO:message:
2026-03-26 19:19:10,927:hal4000:INFO:  handled by,143,uc480_camera,stop film
2026-03-26 19:19:10,927:hal4000:INFO:message:
2026-03-26 19:19:10,928:hal4000:INFO:  handled by,143,z_stage,stop film
2026-03-26 19:19:10,929:hal4000:INFO:message:
2026-03-26 19:19:10,929:hal4000:INFO:  sent,144,film,start camera
2026-03-26 19:19:10,952:hal4000:INFO:message:
2026-03-26 19:19:10,952:hal4000:INFO:  worker started 60000,143,film,stop film
2026-03-26 19:19:10,952:hal4000:INFO:message:
2026-03-26 19:19:10,953:hal4000:INFO:  handled by,143,camera1,stop film
2026-03-26 19:19:10,953:hal4000:INFO:message:
2026-03-26 19:19:10,953:hal4000:INFO:  processed,143,film,stop film
2026-03-26 19:19:10,957:hal4000:INFO:message:
2026-03-26 19:19:10,958:hal4000:INFO:  queued,147,film,film lockout
2026-03-26 19:19:10,958:hal4000:INFO:message:
2026-03-26 19:19:10,958:hal4000:INFO:  worker done,143,film,stop film
2026-03-26 19:19:10,960:hal4000:INFO:message:
2026-03-26 19:19:10,960:hal4000:INFO:  handled by,144,hal,start camera
2026-03-26 19:19:10,960:hal4000:INFO:message:
2026-03-26 19:19:10,960:hal4000:INFO:  handled by,144,aotf,start camera
2026-03-26 19:19:10,961:hal4000:INFO:message:
2026-03-26 19:19:10,961:hal4000:INFO:  handled by,144,clemex_stage,start camera
2026-03-26 19:19:10,961:hal4000:INFO:message:
2026-03-26 19:19:10,961:hal4000:INFO:  handled by,144,coherentGenesis488,start camera
2026-03-26 19:19:10,962:hal4000:INFO:message:
2026-03-26 19:19:10,962:hal4000:INFO:  handled by,144,coherentGenesis560,start camera
2026-03-26 19:19:10,963:hal4000:INFO:message:
2026-03-26 19:19:10,963:hal4000:INFO:  handled by,144,display,start camera
2026-03-26 19:19:10,963:hal4000:INFO:message:
2026-03-26 19:19:10,963:hal4000:INFO:  handled by,144,feeds,start camera
2026-03-26 19:19:10,964:hal4000:INFO:message:
2026-03-26 19:19:10,964:hal4000:INFO:  handled by,144,film,start camera
2026-03-26 19:19:10,964:hal4000:INFO:message:
2026-03-26 19:19:10,964:hal4000:INFO:  handled by,144,focuslock,start camera
2026-03-26 19:19:10,965:hal4000:INFO:message:
2026-03-26 19:19:10,965:hal4000:INFO:  handled by,144,illumination,start camera
2026-03-26 19:19:10,965:hal4000:INFO:message:
2026-03-26 19:19:10,965:hal4000:INFO:  handled by,144,mosaic,start camera
2026-03-26 19:19:10,966:hal4000:INFO:message:
2026-03-26 19:19:10,966:hal4000:INFO:  handled by,144,mpb642,start camera
2026-03-26 19:19:10,966:hal4000:INFO:message:
2026-03-26 19:19:10,967:hal4000:INFO:  handled by,144,none_irlaser,start camera
2026-03-26 19:19:10,967:hal4000:INFO:message:
2026-03-26 19:19:10,967:hal4000:INFO:  handled by,144,obis405,start camera
2026-03-26 19:19:10,968:hal4000:INFO:message:
2026-03-26 19:19:10,968:hal4000:INFO:  handled by,144,pi_controller,start camera
2026-03-26 19:19:10,968:hal4000:INFO:message:
2026-03-26 19:19:10,968:hal4000:INFO:  handled by,144,progressions,start camera
2026-03-26 19:19:10,969:hal4000:INFO:message:
2026-03-26 19:19:10,969:hal4000:INFO:  handled by,144,scmos_cal,start camera
2026-03-26 19:19:10,969:hal4000:INFO:message:
2026-03-26 19:19:10,969:hal4000:INFO:  handled by,144,settings,start camera
2026-03-26 19:19:10,969:hal4000:INFO:message:
2026-03-26 19:19:10,970:hal4000:INFO:  handled by,144,spotcounter,start camera
2026-03-26 19:19:10,970:hal4000:INFO:message:
2026-03-26 19:19:10,970:hal4000:INFO:  handled by,144,stage,start camera
2026-03-26 19:19:10,970:hal4000:INFO:message:
2026-03-26 19:19:10,971:hal4000:INFO:  handled by,144,tcp_control,start camera
2026-03-26 19:19:10,971:hal4000:INFO:message:
2026-03-26 19:19:10,971:hal4000:INFO:  handled by,144,timing,start camera
2026-03-26 19:19:10,971:hal4000:INFO:message:
2026-03-26 19:19:10,972:hal4000:INFO:  handled by,144,uc480_camera,start camera
2026-03-26 19:19:10,972:hal4000:INFO:message:
2026-03-26 19:19:10,972:hal4000:INFO:  handled by,144,z_stage,start camera
2026-03-26 19:19:10,992:hal4000:INFO:message:
2026-03-26 19:19:10,992:hal4000:INFO:  handled by,144,camera1,start camera
2026-03-26 19:19:10,992:hal4000:INFO:message:
2026-03-26 19:19:10,992:hal4000:INFO:  processed,144,film,start camera
2026-03-26 19:19:11,001:hal4000:INFO:message:
2026-03-26 19:19:11,001:hal4000:INFO:  sent,146,film,start camera
2026-03-26 19:19:11,003:hal4000:INFO:message:
2026-03-26 19:19:11,003:hal4000:INFO:  handled by,146,hal,start camera
2026-03-26 19:19:11,003:hal4000:INFO:message:
2026-03-26 19:19:11,003:hal4000:INFO:  handled by,146,aotf,start camera
2026-03-26 19:19:11,004:hal4000:INFO:message:
2026-03-26 19:19:11,004:hal4000:INFO:  handled by,146,camera1,start camera
2026-03-26 19:19:11,005:hal4000:INFO:message:
2026-03-26 19:19:11,005:hal4000:INFO:  handled by,146,clemex_stage,start camera
2026-03-26 19:19:11,005:hal4000:INFO:message:
2026-03-26 19:19:11,005:hal4000:INFO:  handled by,146,coherentGenesis488,start camera
2026-03-26 19:19:11,006:hal4000:INFO:message:
2026-03-26 19:19:11,006:hal4000:INFO:  handled by,146,coherentGenesis560,start camera
2026-03-26 19:19:11,007:hal4000:INFO:message:
2026-03-26 19:19:11,007:hal4000:INFO:  handled by,146,display,start camera
2026-03-26 19:19:11,007:hal4000:INFO:message:
2026-03-26 19:19:11,008:hal4000:INFO:  handled by,146,feeds,start camera
2026-03-26 19:19:11,008:hal4000:INFO:message:
2026-03-26 19:19:11,008:hal4000:INFO:  handled by,146,film,start camera
2026-03-26 19:19:11,008:hal4000:INFO:message:
2026-03-26 19:19:11,009:hal4000:INFO:  handled by,146,focuslock,start camera
2026-03-26 19:19:11,009:hal4000:INFO:message:
2026-03-26 19:19:11,009:hal4000:INFO:  handled by,146,illumination,start camera
2026-03-26 19:19:11,009:hal4000:INFO:message:
2026-03-26 19:19:11,010:hal4000:INFO:  handled by,146,mosaic,start camera
2026-03-26 19:19:11,010:hal4000:INFO:message:
2026-03-26 19:19:11,010:hal4000:INFO:  handled by,146,mpb642,start camera
2026-03-26 19:19:11,010:hal4000:INFO:message:
2026-03-26 19:19:11,010:hal4000:INFO:  handled by,146,none_irlaser,start camera
2026-03-26 19:19:11,011:hal4000:INFO:message:
2026-03-26 19:19:11,011:hal4000:INFO:  handled by,146,obis405,start camera
2026-03-26 19:19:11,011:hal4000:INFO:message:
2026-03-26 19:19:11,011:hal4000:INFO:  handled by,146,pi_controller,start camera
2026-03-26 19:19:11,012:hal4000:INFO:message:
2026-03-26 19:19:11,012:hal4000:INFO:  handled by,146,progressions,start camera
2026-03-26 19:19:11,013:hal4000:INFO:message:
2026-03-26 19:19:11,013:hal4000:INFO:  handled by,146,scmos_cal,start camera
2026-03-26 19:19:11,013:hal4000:INFO:message:
2026-03-26 19:19:11,013:hal4000:INFO:  handled by,146,settings,start camera
2026-03-26 19:19:11,014:hal4000:INFO:message:
2026-03-26 19:19:11,014:hal4000:INFO:  handled by,146,spotcounter,start camera
2026-03-26 19:19:11,014:hal4000:INFO:message:
2026-03-26 19:19:11,014:hal4000:INFO:  handled by,146,stage,start camera
2026-03-26 19:19:11,015:hal4000:INFO:message:
2026-03-26 19:19:11,015:hal4000:INFO:  handled by,146,tcp_control,start camera
2026-03-26 19:19:11,015:hal4000:INFO:message:
2026-03-26 19:19:11,015:hal4000:INFO:  handled by,146,timing,start camera
2026-03-26 19:19:11,016:hal4000:INFO:message:
2026-03-26 19:19:11,016:hal4000:INFO:  handled by,146,uc480_camera,start camera
2026-03-26 19:19:11,016:hal4000:INFO:message:
2026-03-26 19:19:11,016:hal4000:INFO:  handled by,146,z_stage,start camera
2026-03-26 19:19:11,017:hal4000:INFO:message:
2026-03-26 19:19:11,018:hal4000:INFO:  sent,147,film,film lockout
2026-03-26 19:19:11,018:hal4000:INFO:message:
2026-03-26 19:19:11,018:hal4000:INFO:  worker started 60000,146,film,start camera
2026-03-26 19:19:11,018:hal4000:INFO:message:
2026-03-26 19:19:11,019:hal4000:INFO:  handled by,147,hal,film lockout
2026-03-26 19:19:11,019:hal4000:INFO:message:
2026-03-26 19:19:11,019:hal4000:INFO:  handled by,147,aotf,film lockout
2026-03-26 19:19:11,020:hal4000:INFO:message:
2026-03-26 19:19:11,020:hal4000:INFO:  handled by,147,clemex_stage,film lockout
2026-03-26 19:19:11,020:hal4000:INFO:message:
2026-03-26 19:19:11,020:hal4000:INFO:  handled by,147,coherentGenesis488,film lockout
2026-03-26 19:19:11,021:hal4000:INFO:message:
2026-03-26 19:19:11,021:hal4000:INFO:  handled by,147,coherentGenesis560,film lockout
2026-03-26 19:19:11,021:hal4000:INFO:message:
2026-03-26 19:19:11,021:hal4000:INFO:  handled by,147,display,film lockout
2026-03-26 19:19:11,022:hal4000:INFO:message:
2026-03-26 19:19:11,022:hal4000:INFO:  handled by,147,feeds,film lockout
2026-03-26 19:19:11,023:hal4000:INFO:message:
2026-03-26 19:19:11,023:hal4000:INFO:  handled by,147,film,film lockout
2026-03-26 19:19:11,023:hal4000:INFO:message:
2026-03-26 19:19:11,023:hal4000:INFO:  handled by,147,focuslock,film lockout
2026-03-26 19:19:11,024:hal4000:INFO:message:
2026-03-26 19:19:11,024:hal4000:INFO:  handled by,147,illumination,film lockout
2026-03-26 19:19:11,024:hal4000:INFO:message:
2026-03-26 19:19:11,024:hal4000:INFO:  handled by,147,mosaic,film lockout
2026-03-26 19:19:11,025:hal4000:INFO:message:
2026-03-26 19:19:11,025:hal4000:INFO:  handled by,147,mpb642,film lockout
2026-03-26 19:19:11,025:hal4000:INFO:message:
2026-03-26 19:19:11,026:hal4000:INFO:  handled by,147,none_irlaser,film lockout
2026-03-26 19:19:11,026:hal4000:INFO:message:
2026-03-26 19:19:11,026:hal4000:INFO:  handled by,147,obis405,film lockout
2026-03-26 19:19:11,027:hal4000:INFO:message:
2026-03-26 19:19:11,027:hal4000:INFO:  handled by,147,pi_controller,film lockout
2026-03-26 19:19:11,027:hal4000:INFO:message:
2026-03-26 19:19:11,028:hal4000:INFO:  handled by,147,progressions,film lockout
2026-03-26 19:19:11,028:hal4000:INFO:message:
2026-03-26 19:19:11,028:hal4000:INFO:  handled by,147,scmos_cal,film lockout
2026-03-26 19:19:11,028:hal4000:INFO:message:
2026-03-26 19:19:11,028:hal4000:INFO:  handled by,147,settings,film lockout
2026-03-26 19:19:11,029:hal4000:INFO:message:
2026-03-26 19:19:11,029:hal4000:INFO:  handled by,147,spotcounter,film lockout
2026-03-26 19:19:11,029:hal4000:INFO:message:
2026-03-26 19:19:11,029:hal4000:INFO:  handled by,147,stage,film lockout
2026-03-26 19:19:11,030:hal4000:INFO:message:
2026-03-26 19:19:11,030:hal4000:INFO:  handled by,147,tcp_control,film lockout
2026-03-26 19:19:11,030:hal4000:INFO:message:
2026-03-26 19:19:11,030:hal4000:INFO:  handled by,147,timing,film lockout
2026-03-26 19:19:11,031:hal4000:INFO:message:
2026-03-26 19:19:11,031:hal4000:INFO:  handled by,147,uc480_camera,film lockout
2026-03-26 19:19:11,031:hal4000:INFO:message:
2026-03-26 19:19:11,031:hal4000:INFO:  handled by,147,z_stage,film lockout
2026-03-26 19:19:11,367:hal4000:INFO:message:
2026-03-26 19:19:11,367:hal4000:INFO:  handled by,146,camera1,start camera
2026-03-26 19:19:11,367:hal4000:INFO:message:
2026-03-26 19:19:11,367:hal4000:INFO:  processed,146,film,start camera
2026-03-26 19:19:11,367:hal4000:INFO:message:
2026-03-26 19:19:11,368:hal4000:INFO:  worker done,146,film,start camera
2026-03-26 19:19:11,368:hal4000:INFO:message:
2026-03-26 19:19:11,368:hal4000:INFO:  handled by,147,camera1,film lockout
2026-03-26 19:19:11,368:hal4000:INFO:message:
2026-03-26 19:19:11,368:hal4000:INFO:  processed,147,film,film lockout
