2026-03-26 16:46:17,151:hal4000:INFO:message:
2026-03-26 16:46:17,153:hal4000:INFO:  handled by,57,scmos_cal,get functionality
2026-03-26 16:46:17,153:hal4000:INFO:message:
2026-03-26 16:46:17,153:hal4000:INFO:  handled by,57,settings,get functionality
2026-03-26 16:46:17,153:hal4000:INFO:message:
2026-03-26 16:46:17,153:hal4000:INFO:  handled by,57,spotcounter,get functionality
2026-03-26 16:46:17,154:hal4000:INFO:message:
2026-03-26 16:46:17,154:hal4000:INFO:  handled by,57,stage,get functionality
2026-03-26 16:46:17,154:hal4000:INFO:message:
2026-03-26 16:46:17,154:hal4000:INFO:  handled by,57,tcp_control,get functionality
2026-03-26 16:46:17,154:hal4000:INFO:message:
2026-03-26 16:46:17,154:hal4000:INFO:  handled by,57,timing,get functionality
2026-03-26 16:46:17,155:hal4000:INFO:message:
2026-03-26 16:46:17,155:hal4000:INFO:  handled by,57,uc480_camera,get functionality
2026-03-26 16:46:17,155:hal4000:INFO:message:
2026-03-26 16:46:17,155:hal4000:INFO:  handled by,57,z_stage,get functionality
2026-03-26 16:46:17,155:hal4000:INFO:message:
2026-03-26 16:46:17,155:hal4000:INFO:  processed,57,scmos_cal,get functionality
2026-03-26 16:46:17,157:hal4000:INFO:message:
2026-03-26 16:46:17,157:hal4000:INFO:  sent,3,core,start
2026-03-26 16:46:17,183:hal4000:INFO:message:
2026-03-26 16:46:17,184:hal4000:INFO:  queued,58,hal,change directory
2026-03-26 16:46:17,184:hal4000:INFO:message:
2026-03-26 16:46:17,184:hal4000:INFO:  handled by,3,hal,start
2026-03-26 16:46:17,184:hal4000:INFO:message:
2026-03-26 16:46:17,184:hal4000:INFO:  handled by,3,aotf,start
2026-03-26 16:46:17,185:hal4000:INFO:message:
2026-03-26 16:46:17,185:hal4000:INFO:  handled by,3,camera1,start
2026-03-26 16:46:17,185:hal4000:INFO:message:
2026-03-26 16:46:17,185:hal4000:INFO:  handled by,3,clemex_stage,start
2026-03-26 16:46:17,186:hal4000:INFO:message:
2026-03-26 16:46:17,186:hal4000:INFO:  handled by,3,coherentGenesis488,start
2026-03-26 16:46:17,186:hal4000:INFO:message:
2026-03-26 16:46:17,186:hal4000:INFO:  handled by,3,coherentGenesis560,start
2026-03-26 16:46:17,186:hal4000:INFO:message:
2026-03-26 16:46:17,186:hal4000:INFO:  queued,59,display,get functionality
2026-03-26 16:46:17,187:hal4000:INFO:message:
2026-03-26 16:46:17,187:hal4000:INFO:  handled by,3,display,start
2026-03-26 16:46:17,187:hal4000:INFO:message:
2026-03-26 16:46:17,187:hal4000:INFO:  handled by,3,feeds,start
2026-03-26 16:46:17,187:hal4000:INFO:message:
2026-03-26 16:46:17,188:hal4000:INFO:  queued,60,film,start camera
2026-03-26 16:46:17,188:hal4000:INFO:message:
2026-03-26 16:46:17,188:hal4000:INFO:  queued,61,film,sync
2026-03-26 16:46:17,188:hal4000:INFO:message:
2026-03-26 16:46:17,188:hal4000:INFO:  queued,62,film,start camera
2026-03-26 16:46:17,188:hal4000:INFO:message:
2026-03-26 16:46:17,189:hal4000:INFO:  handled by,3,film,start
2026-03-26 16:46:17,198:hal4000:INFO:message:
2026-03-26 16:46:17,198:hal4000:INFO:  handled by,3,focuslock,start
2026-03-26 16:46:17,207:hal4000:INFO:message:
2026-03-26 16:46:17,208:hal4000:INFO:  queued,63,illumination,new shutters file
2026-03-26 16:46:17,215:hal4000:INFO:message:
2026-03-26 16:46:17,215:hal4000:INFO:  handled by,3,illumination,start
2026-03-26 16:46:17,216:hal4000:INFO:message:
2026-03-26 16:46:17,216:hal4000:INFO:  handled by,3,mosaic,start
2026-03-26 16:46:17,216:hal4000:INFO:message:
2026-03-26 16:46:17,216:hal4000:INFO:  handled by,3,mpb642,start
2026-03-26 16:46:17,216:hal4000:INFO:message:
2026-03-26 16:46:17,217:hal4000:INFO:  handled by,3,none_irlaser,start
2026-03-26 16:46:17,217:hal4000:INFO:message:
2026-03-26 16:46:17,217:hal4000:INFO:  handled by,3,obis405,start
2026-03-26 16:46:17,217:hal4000:INFO:message:
2026-03-26 16:46:17,218:hal4000:INFO:  handled by,3,pi_controller,start
2026-03-26 16:46:17,218:hal4000:INFO:message:
2026-03-26 16:46:17,218:hal4000:INFO:  handled by,3,progressions,start
2026-03-26 16:46:17,218:hal4000:INFO:message:
2026-03-26 16:46:17,219:hal4000:INFO:  handled by,3,scmos_cal,start
2026-03-26 16:46:17,219:hal4000:INFO:message:
2026-03-26 16:46:17,219:hal4000:INFO:  handled by,3,settings,start
2026-03-26 16:46:17,219:hal4000:INFO:message:
2026-03-26 16:46:17,220:hal4000:INFO:  queued,64,spotcounter,get functionality
2026-03-26 16:46:17,220:hal4000:INFO:message:
2026-03-26 16:46:17,221:hal4000:INFO:  handled by,3,spotcounter,start
2026-03-26 16:46:17,228:hal4000:INFO:message:
2026-03-26 16:46:17,228:hal4000:INFO:  handled by,3,stage,start
2026-03-26 16:46:17,229:hal4000:INFO:message:
2026-03-26 16:46:17,229:hal4000:INFO:  handled by,3,tcp_control,start
2026-03-26 16:46:17,229:hal4000:INFO:message:
2026-03-26 16:46:17,230:hal4000:INFO:  handled by,3,timing,start
2026-03-26 16:46:17,230:hal4000:INFO:message:
2026-03-26 16:46:17,230:hal4000:INFO:  handled by,3,uc480_camera,start
2026-03-26 16:46:17,237:hal4000:INFO:message:
2026-03-26 16:46:17,237:hal4000:INFO:  handled by,3,z_stage,start
2026-03-26 16:46:17,237:hal4000:INFO:message:
2026-03-26 16:46:17,238:hal4000:INFO:  processed,3,core,start
2026-03-26 16:46:17,315:hal4000:INFO:message:
2026-03-26 16:46:17,315:hal4000:INFO:  sent,58,hal,change directory
2026-03-26 16:46:17,357:hal4000:INFO:message:
2026-03-26 16:46:17,357:hal4000:INFO:  handled by,58,hal,change directory
2026-03-26 16:46:17,357:hal4000:INFO:message:
2026-03-26 16:46:17,357:hal4000:INFO:  handled by,58,aotf,change directory
2026-03-26 16:46:17,357:hal4000:INFO:message:
2026-03-26 16:46:17,357:hal4000:INFO:  handled by,58,camera1,change directory
2026-03-26 16:46:17,358:hal4000:INFO:message:
2026-03-26 16:46:17,358:hal4000:INFO:  handled by,58,clemex_stage,change directory
2026-03-26 16:46:17,358:hal4000:INFO:message:
2026-03-26 16:46:17,358:hal4000:INFO:  handled by,58,coherentGenesis488,change directory
2026-03-26 16:46:17,358:hal4000:INFO:message:
2026-03-26 16:46:17,358:hal4000:INFO:  handled by,58,coherentGenesis560,change directory
2026-03-26 16:46:17,359:hal4000:INFO:message:
2026-03-26 16:46:17,359:hal4000:INFO:  handled by,58,display,change directory
2026-03-26 16:46:17,359:hal4000:INFO:message:
2026-03-26 16:46:17,359:hal4000:INFO:  handled by,58,feeds,change directory
2026-03-26 16:46:17,360:hal4000:INFO:message:
2026-03-26 16:46:17,360:hal4000:INFO:  handled by,58,film,change directory
2026-03-26 16:46:17,360:hal4000:INFO:message:
2026-03-26 16:46:17,360:hal4000:INFO:  handled by,58,focuslock,change directory
2026-03-26 16:46:17,360:hal4000:INFO:message:
2026-03-26 16:46:17,360:hal4000:INFO:  handled by,58,illumination,change directory
2026-03-26 16:46:17,361:hal4000:INFO:message:
2026-03-26 16:46:17,361:hal4000:INFO:  handled by,58,mosaic,change directory
2026-03-26 16:46:17,361:hal4000:INFO:message:
2026-03-26 16:46:17,361:hal4000:INFO:  handled by,58,mpb642,change directory
2026-03-26 16:46:17,361:hal4000:INFO:message:
2026-03-26 16:46:17,361:hal4000:INFO:  handled by,58,none_irlaser,change directory
2026-03-26 16:46:17,362:hal4000:INFO:message:
2026-03-26 16:46:17,362:hal4000:INFO:  handled by,58,obis405,change directory
2026-03-26 16:46:17,362:hal4000:INFO:message:
2026-03-26 16:46:17,362:hal4000:INFO:  handled by,58,pi_controller,change directory
2026-03-26 16:46:17,362:hal4000:INFO:message:
2026-03-26 16:46:17,362:hal4000:INFO:  handled by,58,progressions,change directory
2026-03-26 16:46:17,363:hal4000:INFO:message:
2026-03-26 16:46:17,363:hal4000:INFO:  handled by,58,scmos_cal,change directory
2026-03-26 16:46:17,363:hal4000:INFO:message:
2026-03-26 16:46:17,363:hal4000:INFO:  handled by,58,settings,change directory
2026-03-26 16:46:17,363:hal4000:INFO:message:
2026-03-26 16:46:17,364:hal4000:INFO:  handled by,58,spotcounter,change directory
2026-03-26 16:46:17,364:hal4000:INFO:message:
2026-03-26 16:46:17,364:hal4000:INFO:  handled by,58,stage,change directory
2026-03-26 16:46:17,364:hal4000:INFO:message:
2026-03-26 16:46:17,364:hal4000:INFO:  handled by,58,tcp_control,change directory
2026-03-26 16:46:17,364:hal4000:INFO:message:
2026-03-26 16:46:17,364:hal4000:INFO:  handled by,58,timing,change directory
2026-03-26 16:46:17,365:hal4000:INFO:message:
2026-03-26 16:46:17,365:hal4000:INFO:  handled by,58,uc480_camera,change directory
2026-03-26 16:46:17,365:hal4000:INFO:message:
2026-03-26 16:46:17,365:hal4000:INFO:  handled by,58,z_stage,change directory
2026-03-26 16:46:17,365:hal4000:INFO:message:
2026-03-26 16:46:17,365:hal4000:INFO:  processed,58,hal,change directory
2026-03-26 16:46:17,366:hal4000:INFO:message:
2026-03-26 16:46:17,366:hal4000:INFO:  sent,59,display,get functionality
2026-03-26 16:46:17,366:hal4000:INFO:message:
2026-03-26 16:46:17,367:hal4000:INFO:  handled by,59,hal,get functionality
2026-03-26 16:46:17,367:hal4000:INFO:message:
2026-03-26 16:46:17,367:hal4000:INFO:  handled by,59,aotf,get functionality
2026-03-26 16:46:17,367:hal4000:INFO:message:
2026-03-26 16:46:17,367:hal4000:INFO:  handled by,59,camera1,get functionality
2026-03-26 16:46:17,367:hal4000:INFO:message:
2026-03-26 16:46:17,368:hal4000:INFO:  handled by,59,clemex_stage,get functionality
2026-03-26 16:46:17,368:hal4000:INFO:message:
2026-03-26 16:46:17,368:hal4000:INFO:  handled by,59,coherentGenesis488,get functionality
2026-03-26 16:46:17,368:hal4000:INFO:message:
2026-03-26 16:46:17,368:hal4000:INFO:  handled by,59,coherentGenesis560,get functionality
2026-03-26 16:46:17,368:hal4000:INFO:message:
2026-03-26 16:46:17,369:hal4000:INFO:  handled by,59,display,get functionality
2026-03-26 16:46:17,369:hal4000:INFO:message:
2026-03-26 16:46:17,369:hal4000:INFO:  handled by,59,feeds,get functionality
2026-03-26 16:46:17,369:hal4000:INFO:message:
2026-03-26 16:46:17,369:hal4000:INFO:  handled by,59,film,get functionality
2026-03-26 16:46:17,369:hal4000:INFO:message:
2026-03-26 16:46:17,369:hal4000:INFO:  handled by,59,focuslock,get functionality
2026-03-26 16:46:17,370:hal4000:INFO:message:
2026-03-26 16:46:17,370:hal4000:INFO:  handled by,59,illumination,get functionality
2026-03-26 16:46:17,370:hal4000:INFO:message:
2026-03-26 16:46:17,370:hal4000:INFO:  handled by,59,mosaic,get functionality
2026-03-26 16:46:17,370:hal4000:INFO:message:
2026-03-26 16:46:17,370:hal4000:INFO:  handled by,59,mpb642,get functionality
2026-03-26 16:46:17,371:hal4000:INFO:message:
2026-03-26 16:46:17,371:hal4000:INFO:  handled by,59,none_irlaser,get functionality
2026-03-26 16:46:17,371:hal4000:INFO:message:
2026-03-26 16:46:17,371:hal4000:INFO:  handled by,59,obis405,get functionality
2026-03-26 16:46:17,371:hal4000:INFO:message:
2026-03-26 16:46:17,371:hal4000:INFO:  handled by,59,pi_controller,get functionality
2026-03-26 16:46:17,371:hal4000:INFO:message:
2026-03-26 16:46:17,372:hal4000:INFO:  handled by,59,progressions,get functionality
2026-03-26 16:46:17,372:hal4000:INFO:message:
2026-03-26 16:46:17,372:hal4000:INFO:  handled by,59,scmos_cal,get functionality
2026-03-26 16:46:17,372:hal4000:INFO:message:
2026-03-26 16:46:17,372:hal4000:INFO:  handled by,59,settings,get functionality
2026-03-26 16:46:17,372:hal4000:INFO:message:
2026-03-26 16:46:17,372:hal4000:INFO:  handled by,59,spotcounter,get functionality
2026-03-26 16:46:17,373:hal4000:INFO:message:
2026-03-26 16:46:17,373:hal4000:INFO:  handled by,59,stage,get functionality
2026-03-26 16:46:17,373:hal4000:INFO:message:
2026-03-26 16:46:17,373:hal4000:INFO:  handled by,59,tcp_control,get functionality
2026-03-26 16:46:17,373:hal4000:INFO:message:
2026-03-26 16:46:17,373:hal4000:INFO:  handled by,59,timing,get functionality
2026-03-26 16:46:17,374:hal4000:INFO:message:
2026-03-26 16:46:17,374:hal4000:INFO:  handled by,59,uc480_camera,get functionality
2026-03-26 16:46:17,374:hal4000:INFO:message:
2026-03-26 16:46:17,374:hal4000:INFO:  handled by,59,z_stage,get functionality
2026-03-26 16:46:17,374:hal4000:INFO:message:
2026-03-26 16:46:17,374:hal4000:INFO:  processed,59,display,get functionality
2026-03-26 16:46:17,376:hal4000:INFO:message:
2026-03-26 16:46:17,377:hal4000:INFO:  sent,60,film,start camera
2026-03-26 16:46:17,386:hal4000:INFO:message:
2026-03-26 16:46:17,386:hal4000:INFO:  handled by,60,hal,start camera
2026-03-26 16:46:17,387:hal4000:INFO:message:
2026-03-26 16:46:17,387:hal4000:INFO:  handled by,60,aotf,start camera
2026-03-26 16:46:17,387:hal4000:INFO:message:
2026-03-26 16:46:17,387:hal4000:INFO:  handled by,60,camera1,start camera
2026-03-26 16:46:17,388:hal4000:INFO:message:
2026-03-26 16:46:17,388:hal4000:INFO:  handled by,60,clemex_stage,start camera
2026-03-26 16:46:17,388:hal4000:INFO:message:
2026-03-26 16:46:17,388:hal4000:INFO:  handled by,60,coherentGenesis488,start camera
2026-03-26 16:46:17,388:hal4000:INFO:message:
2026-03-26 16:46:17,388:hal4000:INFO:  handled by,60,coherentGenesis560,start camera
2026-03-26 16:46:17,389:hal4000:INFO:message:
2026-03-26 16:46:17,389:hal4000:INFO:  handled by,60,display,start camera
2026-03-26 16:46:17,389:hal4000:INFO:message:
2026-03-26 16:46:17,389:hal4000:INFO:  handled by,60,feeds,start camera
2026-03-26 16:46:17,390:hal4000:INFO:message:
2026-03-26 16:46:17,390:hal4000:INFO:  handled by,60,film,start camera
2026-03-26 16:46:17,390:hal4000:INFO:message:
2026-03-26 16:46:17,390:hal4000:INFO:  handled by,60,focuslock,start camera
2026-03-26 16:46:17,390:hal4000:INFO:message:
2026-03-26 16:46:17,391:hal4000:INFO:  handled by,60,illumination,start camera
2026-03-26 16:46:17,391:hal4000:INFO:message:
2026-03-26 16:46:17,391:hal4000:INFO:  handled by,60,mosaic,start camera
2026-03-26 16:46:17,391:hal4000:INFO:message:
2026-03-26 16:46:17,391:hal4000:INFO:  handled by,60,mpb642,start camera
2026-03-26 16:46:17,392:hal4000:INFO:message:
2026-03-26 16:46:17,392:hal4000:INFO:  handled by,60,none_irlaser,start camera
2026-03-26 16:46:17,392:hal4000:INFO:message:
2026-03-26 16:46:17,392:hal4000:INFO:  handled by,60,obis405,start camera
2026-03-26 16:46:17,393:hal4000:INFO:message:
2026-03-26 16:46:17,393:hal4000:INFO:  handled by,60,pi_controller,start camera
2026-03-26 16:46:17,393:hal4000:INFO:message:
2026-03-26 16:46:17,393:hal4000:INFO:  handled by,60,progressions,start camera
2026-03-26 16:46:17,393:hal4000:INFO:message:
2026-03-26 16:46:17,394:hal4000:INFO:  handled by,60,scmos_cal,start camera
2026-03-26 16:46:17,394:hal4000:INFO:message:
2026-03-26 16:46:17,394:hal4000:INFO:  handled by,60,settings,start camera
2026-03-26 16:46:17,394:hal4000:INFO:message:
2026-03-26 16:46:17,394:hal4000:INFO:  handled by,60,spotcounter,start camera
2026-03-26 16:46:17,395:hal4000:INFO:message:
2026-03-26 16:46:17,395:hal4000:INFO:  handled by,60,stage,start camera
2026-03-26 16:46:17,395:hal4000:INFO:message:
2026-03-26 16:46:17,395:hal4000:INFO:  handled by,60,tcp_control,start camera
2026-03-26 16:46:17,396:hal4000:INFO:message:
2026-03-26 16:46:17,396:hal4000:INFO:  handled by,60,timing,start camera
2026-03-26 16:46:17,396:hal4000:INFO:message:
2026-03-26 16:46:17,396:hal4000:INFO:  handled by,60,uc480_camera,start camera
2026-03-26 16:46:17,397:hal4000:INFO:message:
2026-03-26 16:46:17,397:hal4000:INFO:  handled by,60,z_stage,start camera
2026-03-26 16:46:17,397:hal4000:INFO:message:
2026-03-26 16:46:17,397:hal4000:INFO:  processed,60,film,start camera
2026-03-26 16:46:17,401:hal4000:INFO:message:
2026-03-26 16:46:17,401:hal4000:INFO:  sent,62,film,start camera
2026-03-26 16:46:17,401:hal4000:INFO:message:
2026-03-26 16:46:17,402:hal4000:INFO:  handled by,62,hal,start camera
2026-03-26 16:46:17,402:hal4000:INFO:message:
2026-03-26 16:46:17,402:hal4000:INFO:  handled by,62,aotf,start camera
2026-03-26 16:46:17,403:hal4000:INFO:message:
2026-03-26 16:46:17,403:hal4000:INFO:  handled by,62,camera1,start camera
2026-03-26 16:46:17,403:hal4000:INFO:message:
2026-03-26 16:46:17,403:hal4000:INFO:  handled by,62,clemex_stage,start camera
2026-03-26 16:46:17,404:hal4000:INFO:message:
2026-03-26 16:46:17,404:hal4000:INFO:  handled by,62,coherentGenesis488,start camera
2026-03-26 16:46:17,404:hal4000:INFO:message:
2026-03-26 16:46:17,404:hal4000:INFO:  handled by,62,coherentGenesis560,start camera
2026-03-26 16:46:17,405:hal4000:INFO:message:
2026-03-26 16:46:17,405:hal4000:INFO:  handled by,62,display,start camera
2026-03-26 16:46:17,409:hal4000:INFO:message:
2026-03-26 16:46:17,409:hal4000:INFO:  handled by,62,feeds,start camera
2026-03-26 16:46:17,409:hal4000:INFO:message:
2026-03-26 16:46:17,409:hal4000:INFO:  handled by,62,film,start camera
2026-03-26 16:46:17,410:hal4000:INFO:message:
2026-03-26 16:46:17,410:hal4000:INFO:  handled by,62,focuslock,start camera
2026-03-26 16:46:17,410:hal4000:INFO:message:
2026-03-26 16:46:17,411:hal4000:INFO:  handled by,62,illumination,start camera
2026-03-26 16:46:17,411:hal4000:INFO:message:
2026-03-26 16:46:17,411:hal4000:INFO:  handled by,62,mosaic,start camera
2026-03-26 16:46:17,411:hal4000:INFO:message:
2026-03-26 16:46:17,412:hal4000:INFO:  handled by,62,mpb642,start camera
2026-03-26 16:46:17,412:hal4000:INFO:message:
2026-03-26 16:46:17,412:hal4000:INFO:  handled by,62,none_irlaser,start camera
2026-03-26 16:46:17,412:hal4000:INFO:message:
2026-03-26 16:46:17,412:hal4000:INFO:  handled by,62,obis405,start camera
2026-03-26 16:46:17,413:hal4000:INFO:message:
2026-03-26 16:46:17,413:hal4000:INFO:  handled by,62,pi_controller,start camera
2026-03-26 16:46:17,413:hal4000:INFO:message:
2026-03-26 16:46:17,413:hal4000:INFO:  handled by,62,progressions,start camera
2026-03-26 16:46:17,414:hal4000:INFO:message:
2026-03-26 16:46:17,414:hal4000:INFO:  handled by,62,scmos_cal,start camera
2026-03-26 16:46:17,414:hal4000:INFO:message:
2026-03-26 16:46:17,414:hal4000:INFO:  handled by,62,settings,start camera
2026-03-26 16:46:17,414:hal4000:INFO:message:
2026-03-26 16:46:17,415:hal4000:INFO:  handled by,62,spotcounter,start camera
2026-03-26 16:46:17,415:hal4000:INFO:message:
2026-03-26 16:46:17,415:hal4000:INFO:  handled by,62,stage,start camera
2026-03-26 16:46:17,415:hal4000:INFO:message:
2026-03-26 16:46:17,416:hal4000:INFO:  handled by,62,tcp_control,start camera
2026-03-26 16:46:17,416:hal4000:INFO:message:
2026-03-26 16:46:17,416:hal4000:INFO:  handled by,62,timing,start camera
2026-03-26 16:46:17,417:hal4000:INFO:message:
2026-03-26 16:46:17,417:hal4000:INFO:  handled by,62,uc480_camera,start camera
2026-03-26 16:46:17,417:hal4000:INFO:message:
2026-03-26 16:46:17,417:hal4000:INFO:  handled by,62,z_stage,start camera
2026-03-26 16:46:17,418:hal4000:INFO:message:
2026-03-26 16:46:17,418:hal4000:INFO:  sent,63,illumination,new shutters file
2026-03-26 16:46:17,418:hal4000:INFO:message:
2026-03-26 16:46:17,418:hal4000:INFO:  worker started 60000,62,film,start camera
2026-03-26 16:46:17,419:hal4000:INFO:message:
2026-03-26 16:46:17,419:hal4000:INFO:  handled by,63,hal,new shutters file
2026-03-26 16:46:17,419:hal4000:INFO:message:
2026-03-26 16:46:17,419:hal4000:INFO:  handled by,63,aotf,new shutters file
2026-03-26 16:46:17,420:hal4000:INFO:message:
2026-03-26 16:46:17,420:hal4000:INFO:  handled by,63,clemex_stage,new shutters file
2026-03-26 16:46:17,420:hal4000:INFO:message:
2026-03-26 16:46:17,420:hal4000:INFO:  handled by,63,coherentGenesis488,new shutters file
2026-03-26 16:46:17,420:hal4000:INFO:message:
2026-03-26 16:46:17,421:hal4000:INFO:  handled by,63,coherentGenesis560,new shutters file
2026-03-26 16:46:17,421:hal4000:INFO:message:
2026-03-26 16:46:17,421:hal4000:INFO:  handled by,63,display,new shutters file
2026-03-26 16:46:17,421:hal4000:INFO:message:
2026-03-26 16:46:17,421:hal4000:INFO:  handled by,63,feeds,new shutters file
2026-03-26 16:46:17,422:hal4000:INFO:message:
2026-03-26 16:46:17,422:hal4000:INFO:  handled by,63,film,new shutters file
2026-03-26 16:46:17,423:hal4000:INFO:message:
2026-03-26 16:46:17,423:hal4000:INFO:  handled by,63,focuslock,new shutters file
2026-03-26 16:46:17,424:hal4000:INFO:message:
2026-03-26 16:46:17,424:hal4000:INFO:  queued,65,illumination,configuration
2026-03-26 16:46:17,424:hal4000:INFO:message:
2026-03-26 16:46:17,425:hal4000:INFO:  handled by,63,illumination,new shutters file
2026-03-26 16:46:17,425:hal4000:INFO:message:
2026-03-26 16:46:17,425:hal4000:INFO:  handled by,63,mosaic,new shutters file
2026-03-26 16:46:17,426:hal4000:INFO:message:
2026-03-26 16:46:17,426:hal4000:INFO:  handled by,63,mpb642,new shutters file
2026-03-26 16:46:17,426:hal4000:INFO:message:
2026-03-26 16:46:17,426:hal4000:INFO:  handled by,63,none_irlaser,new shutters file
2026-03-26 16:46:17,426:hal4000:INFO:message:
2026-03-26 16:46:17,427:hal4000:INFO:  handled by,63,obis405,new shutters file
2026-03-26 16:46:17,427:hal4000:INFO:message:
2026-03-26 16:46:17,427:hal4000:INFO:  handled by,63,pi_controller,new shutters file
2026-03-26 16:46:17,427:hal4000:INFO:message:
2026-03-26 16:46:17,428:hal4000:INFO:  handled by,63,progressions,new shutters file
2026-03-26 16:46:17,428:hal4000:INFO:message:
2026-03-26 16:46:17,428:hal4000:INFO:  handled by,63,scmos_cal,new shutters file
2026-03-26 16:46:17,429:hal4000:INFO:message:
2026-03-26 16:46:17,429:hal4000:INFO:  handled by,63,settings,new shutters file
2026-03-26 16:46:17,429:hal4000:INFO:message:
2026-03-26 16:46:17,429:hal4000:INFO:  handled by,63,spotcounter,new shutters file
2026-03-26 16:46:17,429:hal4000:INFO:message:
2026-03-26 16:46:17,430:hal4000:INFO:  handled by,63,stage,new shutters file
2026-03-26 16:46:17,430:hal4000:INFO:message:
2026-03-26 16:46:17,430:hal4000:INFO:  handled by,63,tcp_control,new shutters file
2026-03-26 16:46:17,430:hal4000:INFO:message:
2026-03-26 16:46:17,430:hal4000:INFO:  handled by,63,timing,new shutters file
2026-03-26 16:46:17,431:hal4000:INFO:message:
2026-03-26 16:46:17,431:hal4000:INFO:  handled by,63,uc480_camera,new shutters file
2026-03-26 16:46:17,431:hal4000:INFO:message:
2026-03-26 16:46:17,431:hal4000:INFO:  handled by,63,z_stage,new shutters file
2026-03-26 16:46:17,432:hal4000:INFO:message:
2026-03-26 16:46:17,432:hal4000:INFO:  sent,64,spotcounter,get functionality
2026-03-26 16:46:17,432:hal4000:INFO:message:
2026-03-26 16:46:17,433:hal4000:INFO:  handled by,64,hal,get functionality
2026-03-26 16:46:17,433:hal4000:INFO:message:
2026-03-26 16:46:17,433:hal4000:INFO:  handled by,64,aotf,get functionality
2026-03-26 16:46:17,434:hal4000:INFO:message:
2026-03-26 16:46:17,434:hal4000:INFO:  handled by,64,clemex_stage,get functionality
2026-03-26 16:46:17,434:hal4000:INFO:message:
2026-03-26 16:46:17,435:hal4000:INFO:  handled by,64,coherentGenesis488,get functionality
2026-03-26 16:46:17,435:hal4000:INFO:message:
2026-03-26 16:46:17,435:hal4000:INFO:  handled by,64,coherentGenesis560,get functionality
2026-03-26 16:46:17,435:hal4000:INFO:message:
2026-03-26 16:46:17,435:hal4000:INFO:  handled by,64,display,get functionality
2026-03-26 16:46:17,436:hal4000:INFO:message:
2026-03-26 16:46:17,436:hal4000:INFO:  handled by,64,feeds,get functionality
2026-03-26 16:46:17,436:hal4000:INFO:message:
2026-03-26 16:46:17,436:hal4000:INFO:  handled by,64,film,get functionality
2026-03-26 16:46:17,436:hal4000:INFO:message:
2026-03-26 16:46:17,437:hal4000:INFO:  handled by,64,focuslock,get functionality
2026-03-26 16:46:17,437:hal4000:INFO:message:
2026-03-26 16:46:17,437:hal4000:INFO:  handled by,64,illumination,get functionality
2026-03-26 16:46:17,437:hal4000:INFO:message:
2026-03-26 16:46:17,438:hal4000:INFO:  handled by,64,mosaic,get functionality
2026-03-26 16:46:17,438:hal4000:INFO:message:
2026-03-26 16:46:17,438:hal4000:INFO:  handled by,64,mpb642,get functionality
2026-03-26 16:46:17,438:hal4000:INFO:message:
2026-03-26 16:46:17,439:hal4000:INFO:  handled by,64,none_irlaser,get functionality
2026-03-26 16:46:17,439:hal4000:INFO:message:
2026-03-26 16:46:17,439:hal4000:INFO:  handled by,64,obis405,get functionality
2026-03-26 16:46:17,440:hal4000:INFO:message:
2026-03-26 16:46:17,440:hal4000:INFO:  handled by,64,pi_controller,get functionality
2026-03-26 16:46:17,440:hal4000:INFO:message:
2026-03-26 16:46:17,440:hal4000:INFO:  handled by,64,progressions,get functionality
2026-03-26 16:46:17,441:hal4000:INFO:message:
2026-03-26 16:46:17,441:hal4000:INFO:  handled by,64,scmos_cal,get functionality
2026-03-26 16:46:17,441:hal4000:INFO:message:
2026-03-26 16:46:17,441:hal4000:INFO:  handled by,64,settings,get functionality
2026-03-26 16:46:17,441:hal4000:INFO:message:
2026-03-26 16:46:17,442:hal4000:INFO:  handled by,64,spotcounter,get functionality
2026-03-26 16:46:17,442:hal4000:INFO:message:
2026-03-26 16:46:17,442:hal4000:INFO:  handled by,64,stage,get functionality
2026-03-26 16:46:17,442:hal4000:INFO:message:
2026-03-26 16:46:17,443:hal4000:INFO:  handled by,64,tcp_control,get functionality
2026-03-26 16:46:17,443:hal4000:INFO:message:
2026-03-26 16:46:17,443:hal4000:INFO:  handled by,64,timing,get functionality
2026-03-26 16:46:17,443:hal4000:INFO:message:
2026-03-26 16:46:17,443:hal4000:INFO:  handled by,64,uc480_camera,get functionality
2026-03-26 16:46:17,444:hal4000:INFO:message:
2026-03-26 16:46:17,444:hal4000:INFO:  handled by,64,z_stage,get functionality
2026-03-26 16:46:17,444:hal4000:INFO:message:
2026-03-26 16:46:17,445:hal4000:INFO:  sent,65,illumination,configuration
2026-03-26 16:46:17,447:hal4000:INFO:message:
2026-03-26 16:46:17,447:hal4000:INFO:  handled by,65,hal,configuration
2026-03-26 16:46:17,447:hal4000:INFO:message:
2026-03-26 16:46:17,447:hal4000:INFO:  handled by,65,aotf,configuration
2026-03-26 16:46:17,447:hal4000:INFO:message:
2026-03-26 16:46:17,448:hal4000:INFO:  handled by,65,clemex_stage,configuration
2026-03-26 16:46:17,448:hal4000:INFO:message:
2026-03-26 16:46:17,448:hal4000:INFO:  handled by,65,coherentGenesis488,configuration
2026-03-26 16:46:17,448:hal4000:INFO:message:
2026-03-26 16:46:17,449:hal4000:INFO:  handled by,65,coherentGenesis560,configuration
2026-03-26 16:46:17,449:hal4000:INFO:message:
2026-03-26 16:46:17,449:hal4000:INFO:  handled by,65,display,configuration
2026-03-26 16:46:17,450:hal4000:INFO:message:
2026-03-26 16:46:17,450:hal4000:INFO:  handled by,65,feeds,configuration
2026-03-26 16:46:17,450:hal4000:INFO:message:
2026-03-26 16:46:17,450:hal4000:INFO:  handled by,65,film,configuration
2026-03-26 16:46:17,450:hal4000:INFO:message:
2026-03-26 16:46:17,451:hal4000:INFO:  handled by,65,focuslock,configuration
2026-03-26 16:46:17,451:hal4000:INFO:message:
2026-03-26 16:46:17,451:hal4000:INFO:  handled by,65,illumination,configuration
2026-03-26 16:46:17,452:hal4000:INFO:message:
2026-03-26 16:46:17,452:hal4000:INFO:  handled by,65,mosaic,configuration
2026-03-26 16:46:17,452:hal4000:INFO:message:
2026-03-26 16:46:17,452:hal4000:INFO:  handled by,65,mpb642,configuration
2026-03-26 16:46:17,453:hal4000:INFO:message:
2026-03-26 16:46:17,453:hal4000:INFO:  handled by,65,none_irlaser,configuration
2026-03-26 16:46:17,453:hal4000:INFO:message:
2026-03-26 16:46:17,453:hal4000:INFO:  handled by,65,obis405,configuration
2026-03-26 16:46:17,453:hal4000:INFO:message:
2026-03-26 16:46:17,454:hal4000:INFO:  handled by,65,pi_controller,configuration
2026-03-26 16:46:17,454:hal4000:INFO:message:
2026-03-26 16:46:17,454:hal4000:INFO:  handled by,65,progressions,configuration
2026-03-26 16:46:17,454:hal4000:INFO:message:
2026-03-26 16:46:17,454:hal4000:INFO:  handled by,65,scmos_cal,configuration
2026-03-26 16:46:17,455:hal4000:INFO:message:
2026-03-26 16:46:17,455:hal4000:INFO:  handled by,65,settings,configuration
2026-03-26 16:46:17,455:hal4000:INFO:message:
2026-03-26 16:46:17,455:hal4000:INFO:  handled by,65,spotcounter,configuration
2026-03-26 16:46:17,456:hal4000:INFO:message:
2026-03-26 16:46:17,456:hal4000:INFO:  handled by,65,stage,configuration
2026-03-26 16:46:17,457:hal4000:INFO:message:
2026-03-26 16:46:17,457:hal4000:INFO:  handled by,65,tcp_control,configuration
2026-03-26 16:46:17,457:hal4000:INFO:message:
2026-03-26 16:46:17,457:hal4000:INFO:  handled by,65,timing,configuration
2026-03-26 16:46:17,458:hal4000:INFO:message:
2026-03-26 16:46:17,458:hal4000:INFO:  handled by,65,uc480_camera,configuration
2026-03-26 16:46:17,458:hal4000:INFO:message:
2026-03-26 16:46:17,458:hal4000:INFO:  handled by,65,z_stage,configuration
2026-03-26 16:46:17,751:hal4000:INFO:message:
2026-03-26 16:46:17,751:hal4000:INFO:  handled by,62,camera1,start camera
2026-03-26 16:46:17,751:hal4000:INFO:message:
2026-03-26 16:46:17,751:hal4000:INFO:  processed,62,film,start camera
2026-03-26 16:46:17,751:hal4000:INFO:message:
2026-03-26 16:46:17,752:hal4000:INFO:  worker done,62,film,start camera
2026-03-26 16:46:17,753:hal4000:INFO:message:
2026-03-26 16:46:17,753:hal4000:INFO:  handled by,63,camera1,new shutters file
2026-03-26 16:46:17,753:hal4000:INFO:message:
2026-03-26 16:46:17,753:hal4000:INFO:  processed,63,illumination,new shutters file
2026-03-26 16:46:17,754:hal4000:INFO:message:
2026-03-26 16:46:17,754:hal4000:INFO:  handled by,64,camera1,get functionality
2026-03-26 16:46:17,754:hal4000:INFO:message:
2026-03-26 16:46:17,754:hal4000:INFO:  processed,64,spotcounter,get functionality
2026-03-26 16:46:17,756:hal4000:INFO:message:
2026-03-26 16:46:17,756:hal4000:INFO:  handled by,65,camera1,configuration
2026-03-26 16:46:17,757:hal4000:INFO:message:
2026-03-26 16:46:17,757:hal4000:INFO:  processed,65,illumination,configuration
2026-03-26 16:46:23,686:hal4000:INFO:message:
2026-03-26 16:46:23,686:hal4000:INFO:  queued,66,hal,close event
2026-03-26 16:46:24,077:hal4000:INFO:message:
2026-03-26 16:46:24,077:hal4000:INFO:  uc480: Call failed with error 1 is_CopyImageMem
