2026-03-26 18:26:51,634:hal4000:INFO:  processed,3,core,start
2026-03-26 18:26:51,699:hal4000:INFO:message:
2026-03-26 18:26:51,699:hal4000:INFO:  sent,58,hal,change directory
2026-03-26 18:26:51,739:hal4000:INFO:message:
2026-03-26 18:26:51,740:hal4000:INFO:  handled by,58,hal,change directory
2026-03-26 18:26:51,740:hal4000:INFO:message:
2026-03-26 18:26:51,740:hal4000:INFO:  handled by,58,aotf,change directory
2026-03-26 18:26:51,740:hal4000:INFO:message:
2026-03-26 18:26:51,740:hal4000:INFO:  handled by,58,camera1,change directory
2026-03-26 18:26:51,741:hal4000:INFO:message:
2026-03-26 18:26:51,741:hal4000:INFO:  handled by,58,clemex_stage,change directory
2026-03-26 18:26:51,741:hal4000:INFO:message:
2026-03-26 18:26:51,741:hal4000:INFO:  handled by,58,coherentGenesis488,change directory
2026-03-26 18:26:51,742:hal4000:INFO:message:
2026-03-26 18:26:51,742:hal4000:INFO:  handled by,58,coherentGenesis560,change directory
2026-03-26 18:26:51,742:hal4000:INFO:message:
2026-03-26 18:26:51,742:hal4000:INFO:  handled by,58,display,change directory
2026-03-26 18:26:51,742:hal4000:INFO:message:
2026-03-26 18:26:51,742:hal4000:INFO:  handled by,58,feeds,change directory
2026-03-26 18:26:51,743:hal4000:INFO:message:
2026-03-26 18:26:51,743:hal4000:INFO:  handled by,58,film,change directory
2026-03-26 18:26:51,743:hal4000:INFO:message:
2026-03-26 18:26:51,743:hal4000:INFO:  handled by,58,focuslock,change directory
2026-03-26 18:26:51,744:hal4000:INFO:message:
2026-03-26 18:26:51,744:hal4000:INFO:  handled by,58,illumination,change directory
2026-03-26 18:26:51,744:hal4000:INFO:message:
2026-03-26 18:26:51,744:hal4000:INFO:  handled by,58,mosaic,change directory
2026-03-26 18:26:51,744:hal4000:INFO:message:
2026-03-26 18:26:51,744:hal4000:INFO:  handled by,58,mpb642,change directory
2026-03-26 18:26:51,744:hal4000:INFO:message:
2026-03-26 18:26:51,745:hal4000:INFO:  handled by,58,none_irlaser,change directory
2026-03-26 18:26:51,745:hal4000:INFO:message:
2026-03-26 18:26:51,745:hal4000:INFO:  handled by,58,obis405,change directory
2026-03-26 18:26:51,745:hal4000:INFO:message:
2026-03-26 18:26:51,745:hal4000:INFO:  handled by,58,pi_controller,change directory
2026-03-26 18:26:51,745:hal4000:INFO:message:
2026-03-26 18:26:51,746:hal4000:INFO:  handled by,58,progressions,change directory
2026-03-26 18:26:51,746:hal4000:INFO:message:
2026-03-26 18:26:51,746:hal4000:INFO:  handled by,58,scmos_cal,change directory
2026-03-26 18:26:51,746:hal4000:INFO:message:
2026-03-26 18:26:51,746:hal4000:INFO:  handled by,58,settings,change directory
2026-03-26 18:26:51,747:hal4000:INFO:message:
2026-03-26 18:26:51,747:hal4000:INFO:  handled by,58,spotcounter,change directory
2026-03-26 18:26:51,747:hal4000:INFO:message:
2026-03-26 18:26:51,747:hal4000:INFO:  handled by,58,stage,change directory
2026-03-26 18:26:51,747:hal4000:INFO:message:
2026-03-26 18:26:51,747:hal4000:INFO:  handled by,58,tcp_control,change directory
2026-03-26 18:26:51,748:hal4000:INFO:message:
2026-03-26 18:26:51,748:hal4000:INFO:  handled by,58,timing,change directory
2026-03-26 18:26:51,748:hal4000:INFO:message:
2026-03-26 18:26:51,748:hal4000:INFO:  handled by,58,uc480_camera,change directory
2026-03-26 18:26:51,748:hal4000:INFO:message:
2026-03-26 18:26:51,748:hal4000:INFO:  handled by,58,z_stage,change directory
2026-03-26 18:26:51,749:hal4000:INFO:message:
2026-03-26 18:26:51,749:hal4000:INFO:  processed,58,hal,change directory
2026-03-26 18:26:51,749:hal4000:INFO:message:
2026-03-26 18:26:51,749:hal4000:INFO:  sent,59,display,get functionality
2026-03-26 18:26:51,764:hal4000:INFO:message:
2026-03-26 18:26:51,764:hal4000:INFO:  handled by,59,hal,get functionality
2026-03-26 18:26:51,764:hal4000:INFO:message:
2026-03-26 18:26:51,764:hal4000:INFO:  handled by,59,aotf,get functionality
2026-03-26 18:26:51,764:hal4000:INFO:message:
2026-03-26 18:26:51,765:hal4000:INFO:  handled by,59,camera1,get functionality
2026-03-26 18:26:51,765:hal4000:INFO:message:
2026-03-26 18:26:51,765:hal4000:INFO:  handled by,59,clemex_stage,get functionality
2026-03-26 18:26:51,765:hal4000:INFO:message:
2026-03-26 18:26:51,765:hal4000:INFO:  handled by,59,coherentGenesis488,get functionality
2026-03-26 18:26:51,766:hal4000:INFO:message:
2026-03-26 18:26:51,766:hal4000:INFO:  handled by,59,coherentGenesis560,get functionality
2026-03-26 18:26:51,766:hal4000:INFO:message:
2026-03-26 18:26:51,766:hal4000:INFO:  handled by,59,display,get functionality
2026-03-26 18:26:51,766:hal4000:INFO:message:
2026-03-26 18:26:51,766:hal4000:INFO:  handled by,59,feeds,get functionality
2026-03-26 18:26:51,767:hal4000:INFO:message:
2026-03-26 18:26:51,767:hal4000:INFO:  handled by,59,film,get functionality
2026-03-26 18:26:51,767:hal4000:INFO:message:
2026-03-26 18:26:51,767:hal4000:INFO:  handled by,59,focuslock,get functionality
2026-03-26 18:26:51,767:hal4000:INFO:message:
2026-03-26 18:26:51,767:hal4000:INFO:  handled by,59,illumination,get functionality
2026-03-26 18:26:51,768:hal4000:INFO:message:
2026-03-26 18:26:51,768:hal4000:INFO:  handled by,59,mosaic,get functionality
2026-03-26 18:26:51,768:hal4000:INFO:message:
2026-03-26 18:26:51,768:hal4000:INFO:  handled by,59,mpb642,get functionality
2026-03-26 18:26:51,768:hal4000:INFO:message:
2026-03-26 18:26:51,769:hal4000:INFO:  handled by,59,none_irlaser,get functionality
2026-03-26 18:26:51,769:hal4000:INFO:message:
2026-03-26 18:26:51,769:hal4000:INFO:  handled by,59,obis405,get functionality
2026-03-26 18:26:51,769:hal4000:INFO:message:
2026-03-26 18:26:51,769:hal4000:INFO:  handled by,59,pi_controller,get functionality
2026-03-26 18:26:51,769:hal4000:INFO:message:
2026-03-26 18:26:51,770:hal4000:INFO:  handled by,59,progressions,get functionality
2026-03-26 18:26:51,770:hal4000:INFO:message:
2026-03-26 18:26:51,770:hal4000:INFO:  handled by,59,scmos_cal,get functionality
2026-03-26 18:26:51,770:hal4000:INFO:message:
2026-03-26 18:26:51,770:hal4000:INFO:  handled by,59,settings,get functionality
2026-03-26 18:26:51,770:hal4000:INFO:message:
2026-03-26 18:26:51,771:hal4000:INFO:  handled by,59,spotcounter,get functionality
2026-03-26 18:26:51,771:hal4000:INFO:message:
2026-03-26 18:26:51,771:hal4000:INFO:  handled by,59,stage,get functionality
2026-03-26 18:26:51,771:hal4000:INFO:message:
2026-03-26 18:26:51,771:hal4000:INFO:  handled by,59,tcp_control,get functionality
2026-03-26 18:26:51,771:hal4000:INFO:message:
2026-03-26 18:26:51,772:hal4000:INFO:  handled by,59,timing,get functionality
2026-03-26 18:26:51,772:hal4000:INFO:message:
2026-03-26 18:26:51,772:hal4000:INFO:  handled by,59,uc480_camera,get functionality
2026-03-26 18:26:51,772:hal4000:INFO:message:
2026-03-26 18:26:51,772:hal4000:INFO:  handled by,59,z_stage,get functionality
2026-03-26 18:26:51,772:hal4000:INFO:message:
2026-03-26 18:26:51,773:hal4000:INFO:  processed,59,display,get functionality
2026-03-26 18:26:51,775:hal4000:INFO:message:
2026-03-26 18:26:51,775:hal4000:INFO:  sent,60,film,start camera
2026-03-26 18:26:51,779:hal4000:INFO:message:
2026-03-26 18:26:51,780:hal4000:INFO:  handled by,60,hal,start camera
2026-03-26 18:26:51,780:hal4000:INFO:message:
2026-03-26 18:26:51,780:hal4000:INFO:  handled by,60,aotf,start camera
2026-03-26 18:26:51,780:hal4000:INFO:message:
2026-03-26 18:26:51,780:hal4000:INFO:  handled by,60,camera1,start camera
2026-03-26 18:26:51,781:hal4000:INFO:message:
2026-03-26 18:26:51,781:hal4000:INFO:  handled by,60,clemex_stage,start camera
2026-03-26 18:26:51,781:hal4000:INFO:message:
2026-03-26 18:26:51,781:hal4000:INFO:  handled by,60,coherentGenesis488,start camera
2026-03-26 18:26:51,781:hal4000:INFO:message:
2026-03-26 18:26:51,781:hal4000:INFO:  handled by,60,coherentGenesis560,start camera
2026-03-26 18:26:51,781:hal4000:INFO:message:
2026-03-26 18:26:51,782:hal4000:INFO:  handled by,60,display,start camera
2026-03-26 18:26:51,782:hal4000:INFO:message:
2026-03-26 18:26:51,782:hal4000:INFO:  handled by,60,feeds,start camera
2026-03-26 18:26:51,782:hal4000:INFO:message:
2026-03-26 18:26:51,782:hal4000:INFO:  handled by,60,film,start camera
2026-03-26 18:26:51,783:hal4000:INFO:message:
2026-03-26 18:26:51,783:hal4000:INFO:  handled by,60,focuslock,start camera
2026-03-26 18:26:51,783:hal4000:INFO:message:
2026-03-26 18:26:51,783:hal4000:INFO:  handled by,60,illumination,start camera
2026-03-26 18:26:51,783:hal4000:INFO:message:
2026-03-26 18:26:51,783:hal4000:INFO:  handled by,60,mosaic,start camera
2026-03-26 18:26:51,783:hal4000:INFO:message:
2026-03-26 18:26:51,784:hal4000:INFO:  handled by,60,mpb642,start camera
2026-03-26 18:26:51,784:hal4000:INFO:message:
2026-03-26 18:26:51,784:hal4000:INFO:  handled by,60,none_irlaser,start camera
2026-03-26 18:26:51,784:hal4000:INFO:message:
2026-03-26 18:26:51,784:hal4000:INFO:  handled by,60,obis405,start camera
2026-03-26 18:26:51,784:hal4000:INFO:message:
2026-03-26 18:26:51,785:hal4000:INFO:  handled by,60,pi_controller,start camera
2026-03-26 18:26:51,785:hal4000:INFO:message:
2026-03-26 18:26:51,785:hal4000:INFO:  handled by,60,progressions,start camera
2026-03-26 18:26:51,785:hal4000:INFO:message:
2026-03-26 18:26:51,785:hal4000:INFO:  handled by,60,scmos_cal,start camera
2026-03-26 18:26:51,785:hal4000:INFO:message:
2026-03-26 18:26:51,786:hal4000:INFO:  handled by,60,settings,start camera
2026-03-26 18:26:51,786:hal4000:INFO:message:
2026-03-26 18:26:51,786:hal4000:INFO:  handled by,60,spotcounter,start camera
2026-03-26 18:26:51,786:hal4000:INFO:message:
2026-03-26 18:26:51,786:hal4000:INFO:  handled by,60,stage,start camera
2026-03-26 18:26:51,787:hal4000:INFO:message:
2026-03-26 18:26:51,787:hal4000:INFO:  handled by,60,tcp_control,start camera
2026-03-26 18:26:51,787:hal4000:INFO:message:
2026-03-26 18:26:51,787:hal4000:INFO:  handled by,60,timing,start camera
2026-03-26 18:26:51,787:hal4000:INFO:message:
2026-03-26 18:26:51,787:hal4000:INFO:  handled by,60,uc480_camera,start camera
2026-03-26 18:26:51,788:hal4000:INFO:message:
2026-03-26 18:26:51,788:hal4000:INFO:  handled by,60,z_stage,start camera
2026-03-26 18:26:51,788:hal4000:INFO:message:
2026-03-26 18:26:51,788:hal4000:INFO:  processed,60,film,start camera
2026-03-26 18:26:51,797:hal4000:INFO:message:
2026-03-26 18:26:51,797:hal4000:INFO:  sent,62,film,start camera
2026-03-26 18:26:51,797:hal4000:INFO:message:
2026-03-26 18:26:51,798:hal4000:INFO:  handled by,62,hal,start camera
2026-03-26 18:26:51,798:hal4000:INFO:message:
2026-03-26 18:26:51,798:hal4000:INFO:  handled by,62,aotf,start camera
2026-03-26 18:26:51,799:hal4000:INFO:message:
2026-03-26 18:26:51,799:hal4000:INFO:  handled by,62,camera1,start camera
2026-03-26 18:26:51,799:hal4000:INFO:message:
2026-03-26 18:26:51,799:hal4000:INFO:  handled by,62,clemex_stage,start camera
2026-03-26 18:26:51,799:hal4000:INFO:message:
2026-03-26 18:26:51,800:hal4000:INFO:  handled by,62,coherentGenesis488,start camera
2026-03-26 18:26:51,800:hal4000:INFO:message:
2026-03-26 18:26:51,800:hal4000:INFO:  handled by,62,coherentGenesis560,start camera
2026-03-26 18:26:51,804:hal4000:INFO:message:
2026-03-26 18:26:51,804:hal4000:INFO:  handled by,62,display,start camera
2026-03-26 18:26:51,804:hal4000:INFO:message:
2026-03-26 18:26:51,804:hal4000:INFO:  handled by,62,feeds,start camera
2026-03-26 18:26:51,804:hal4000:INFO:message:
2026-03-26 18:26:51,805:hal4000:INFO:  handled by,62,film,start camera
2026-03-26 18:26:51,805:hal4000:INFO:message:
2026-03-26 18:26:51,805:hal4000:INFO:  handled by,62,focuslock,start camera
2026-03-26 18:26:51,806:hal4000:INFO:message:
2026-03-26 18:26:51,806:hal4000:INFO:  handled by,62,illumination,start camera
2026-03-26 18:26:51,806:hal4000:INFO:message:
2026-03-26 18:26:51,806:hal4000:INFO:  handled by,62,mosaic,start camera
2026-03-26 18:26:51,806:hal4000:INFO:message:
2026-03-26 18:26:51,806:hal4000:INFO:  handled by,62,mpb642,start camera
2026-03-26 18:26:51,806:hal4000:INFO:message:
2026-03-26 18:26:51,807:hal4000:INFO:  handled by,62,none_irlaser,start camera
2026-03-26 18:26:51,807:hal4000:INFO:message:
2026-03-26 18:26:51,807:hal4000:INFO:  handled by,62,obis405,start camera
2026-03-26 18:26:51,807:hal4000:INFO:message:
2026-03-26 18:26:51,807:hal4000:INFO:  handled by,62,pi_controller,start camera
2026-03-26 18:26:51,807:hal4000:INFO:message:
2026-03-26 18:26:51,808:hal4000:INFO:  handled by,62,progressions,start camera
2026-03-26 18:26:51,808:hal4000:INFO:message:
2026-03-26 18:26:51,808:hal4000:INFO:  handled by,62,scmos_cal,start camera
2026-03-26 18:26:51,808:hal4000:INFO:message:
2026-03-26 18:26:51,808:hal4000:INFO:  handled by,62,settings,start camera
2026-03-26 18:26:51,808:hal4000:INFO:message:
2026-03-26 18:26:51,809:hal4000:INFO:  handled by,62,spotcounter,start camera
2026-03-26 18:26:51,809:hal4000:INFO:message:
2026-03-26 18:26:51,809:hal4000:INFO:  handled by,62,stage,start camera
2026-03-26 18:26:51,809:hal4000:INFO:message:
2026-03-26 18:26:51,809:hal4000:INFO:  handled by,62,tcp_control,start camera
2026-03-26 18:26:51,809:hal4000:INFO:message:
2026-03-26 18:26:51,810:hal4000:INFO:  handled by,62,timing,start camera
2026-03-26 18:26:51,810:hal4000:INFO:message:
2026-03-26 18:26:51,810:hal4000:INFO:  handled by,62,uc480_camera,start camera
2026-03-26 18:26:51,810:hal4000:INFO:message:
2026-03-26 18:26:51,810:hal4000:INFO:  handled by,62,z_stage,start camera
2026-03-26 18:26:51,811:hal4000:INFO:message:
2026-03-26 18:26:51,811:hal4000:INFO:  sent,63,illumination,new shutters file
2026-03-26 18:26:51,819:hal4000:INFO:message:
2026-03-26 18:26:51,819:hal4000:INFO:  worker started 60000,62,film,start camera
2026-03-26 18:26:51,820:hal4000:INFO:message:
2026-03-26 18:26:51,820:hal4000:INFO:  handled by,63,hal,new shutters file
2026-03-26 18:26:51,820:hal4000:INFO:message:
2026-03-26 18:26:51,820:hal4000:INFO:  handled by,63,aotf,new shutters file
2026-03-26 18:26:51,820:hal4000:INFO:message:
2026-03-26 18:26:51,820:hal4000:INFO:  handled by,63,clemex_stage,new shutters file
2026-03-26 18:26:51,821:hal4000:INFO:message:
2026-03-26 18:26:51,821:hal4000:INFO:  handled by,63,coherentGenesis488,new shutters file
2026-03-26 18:26:51,821:hal4000:INFO:message:
2026-03-26 18:26:51,821:hal4000:INFO:  handled by,63,coherentGenesis560,new shutters file
2026-03-26 18:26:51,821:hal4000:INFO:message:
2026-03-26 18:26:51,821:hal4000:INFO:  handled by,63,display,new shutters file
2026-03-26 18:26:51,822:hal4000:INFO:message:
2026-03-26 18:26:51,822:hal4000:INFO:  handled by,63,feeds,new shutters file
2026-03-26 18:26:51,822:hal4000:INFO:message:
2026-03-26 18:26:51,822:hal4000:INFO:  handled by,63,film,new shutters file
2026-03-26 18:26:51,822:hal4000:INFO:message:
2026-03-26 18:26:51,822:hal4000:INFO:  handled by,63,focuslock,new shutters file
2026-03-26 18:26:51,823:hal4000:INFO:message:
2026-03-26 18:26:51,823:hal4000:INFO:  queued,65,illumination,configuration
2026-03-26 18:26:51,824:hal4000:INFO:message:
2026-03-26 18:26:51,824:hal4000:INFO:  handled by,63,illumination,new shutters file
2026-03-26 18:26:51,824:hal4000:INFO:message:
2026-03-26 18:26:51,824:hal4000:INFO:  handled by,63,mosaic,new shutters file
2026-03-26 18:26:51,824:hal4000:INFO:message:
2026-03-26 18:26:51,824:hal4000:INFO:  handled by,63,mpb642,new shutters file
2026-03-26 18:26:51,825:hal4000:INFO:message:
2026-03-26 18:26:51,825:hal4000:INFO:  handled by,63,none_irlaser,new shutters file
2026-03-26 18:26:51,825:hal4000:INFO:message:
2026-03-26 18:26:51,825:hal4000:INFO:  handled by,63,obis405,new shutters file
2026-03-26 18:26:51,825:hal4000:INFO:message:
2026-03-26 18:26:51,825:hal4000:INFO:  handled by,63,pi_controller,new shutters file
2026-03-26 18:26:51,825:hal4000:INFO:message:
2026-03-26 18:26:51,826:hal4000:INFO:  handled by,63,progressions,new shutters file
2026-03-26 18:26:51,826:hal4000:INFO:message:
2026-03-26 18:26:51,826:hal4000:INFO:  handled by,63,scmos_cal,new shutters file
2026-03-26 18:26:51,826:hal4000:INFO:message:
2026-03-26 18:26:51,826:hal4000:INFO:  handled by,63,settings,new shutters file
2026-03-26 18:26:51,827:hal4000:INFO:message:
2026-03-26 18:26:51,827:hal4000:INFO:  handled by,63,spotcounter,new shutters file
2026-03-26 18:26:51,827:hal4000:INFO:message:
2026-03-26 18:26:51,827:hal4000:INFO:  handled by,63,stage,new shutters file
2026-03-26 18:26:51,827:hal4000:INFO:message:
2026-03-26 18:26:51,827:hal4000:INFO:  handled by,63,tcp_control,new shutters file
2026-03-26 18:26:51,828:hal4000:INFO:message:
2026-03-26 18:26:51,828:hal4000:INFO:  handled by,63,timing,new shutters file
2026-03-26 18:26:51,828:hal4000:INFO:message:
2026-03-26 18:26:51,828:hal4000:INFO:  handled by,63,uc480_camera,new shutters file
2026-03-26 18:26:51,828:hal4000:INFO:message:
2026-03-26 18:26:51,828:hal4000:INFO:  handled by,63,z_stage,new shutters file
2026-03-26 18:26:51,829:hal4000:INFO:message:
2026-03-26 18:26:51,829:hal4000:INFO:  sent,64,spotcounter,get functionality
2026-03-26 18:26:51,829:hal4000:INFO:message:
2026-03-26 18:26:51,830:hal4000:INFO:  handled by,64,hal,get functionality
2026-03-26 18:26:51,830:hal4000:INFO:message:
2026-03-26 18:26:51,830:hal4000:INFO:  handled by,64,aotf,get functionality
2026-03-26 18:26:51,830:hal4000:INFO:message:
2026-03-26 18:26:51,830:hal4000:INFO:  handled by,64,clemex_stage,get functionality
2026-03-26 18:26:51,830:hal4000:INFO:message:
2026-03-26 18:26:51,831:hal4000:INFO:  handled by,64,coherentGenesis488,get functionality
2026-03-26 18:26:51,831:hal4000:INFO:message:
2026-03-26 18:26:51,831:hal4000:INFO:  handled by,64,coherentGenesis560,get functionality
2026-03-26 18:26:51,831:hal4000:INFO:message:
2026-03-26 18:26:51,831:hal4000:INFO:  handled by,64,display,get functionality
2026-03-26 18:26:51,831:hal4000:INFO:message:
2026-03-26 18:26:51,831:hal4000:INFO:  handled by,64,feeds,get functionality
2026-03-26 18:26:51,832:hal4000:INFO:message:
2026-03-26 18:26:51,832:hal4000:INFO:  handled by,64,film,get functionality
2026-03-26 18:26:51,832:hal4000:INFO:message:
2026-03-26 18:26:51,832:hal4000:INFO:  handled by,64,focuslock,get functionality
2026-03-26 18:26:51,832:hal4000:INFO:message:
2026-03-26 18:26:51,832:hal4000:INFO:  handled by,64,illumination,get functionality
2026-03-26 18:26:51,833:hal4000:INFO:message:
2026-03-26 18:26:51,833:hal4000:INFO:  handled by,64,mosaic,get functionality
2026-03-26 18:26:51,833:hal4000:INFO:message:
2026-03-26 18:26:51,833:hal4000:INFO:  handled by,64,mpb642,get functionality
2026-03-26 18:26:51,833:hal4000:INFO:message:
2026-03-26 18:26:51,833:hal4000:INFO:  handled by,64,none_irlaser,get functionality
2026-03-26 18:26:51,834:hal4000:INFO:message:
2026-03-26 18:26:51,834:hal4000:INFO:  handled by,64,obis405,get functionality
2026-03-26 18:26:51,834:hal4000:INFO:message:
2026-03-26 18:26:51,834:hal4000:INFO:  handled by,64,pi_controller,get functionality
2026-03-26 18:26:51,834:hal4000:INFO:message:
2026-03-26 18:26:51,834:hal4000:INFO:  handled by,64,progressions,get functionality
2026-03-26 18:26:51,835:hal4000:INFO:message:
2026-03-26 18:26:51,835:hal4000:INFO:  handled by,64,scmos_cal,get functionality
2026-03-26 18:26:51,835:hal4000:INFO:message:
2026-03-26 18:26:51,835:hal4000:INFO:  handled by,64,settings,get functionality
2026-03-26 18:26:51,835:hal4000:INFO:message:
2026-03-26 18:26:51,835:hal4000:INFO:  handled by,64,spotcounter,get functionality
2026-03-26 18:26:51,836:hal4000:INFO:message:
2026-03-26 18:26:51,836:hal4000:INFO:  handled by,64,stage,get functionality
2026-03-26 18:26:51,836:hal4000:INFO:message:
2026-03-26 18:26:51,836:hal4000:INFO:  handled by,64,tcp_control,get functionality
2026-03-26 18:26:51,836:hal4000:INFO:message:
2026-03-26 18:26:51,836:hal4000:INFO:  handled by,64,timing,get functionality
2026-03-26 18:26:51,836:hal4000:INFO:message:
2026-03-26 18:26:51,837:hal4000:INFO:  handled by,64,uc480_camera,get functionality
2026-03-26 18:26:51,837:hal4000:INFO:message:
2026-03-26 18:26:51,837:hal4000:INFO:  handled by,64,z_stage,get functionality
2026-03-26 18:26:51,837:hal4000:INFO:message:
2026-03-26 18:26:51,837:hal4000:INFO:  sent,65,illumination,configuration
2026-03-26 18:26:51,840:hal4000:INFO:message:
2026-03-26 18:26:51,840:hal4000:INFO:  handled by,65,hal,configuration
2026-03-26 18:26:51,840:hal4000:INFO:message:
2026-03-26 18:26:51,840:hal4000:INFO:  handled by,65,aotf,configuration
2026-03-26 18:26:51,840:hal4000:INFO:message:
2026-03-26 18:26:51,841:hal4000:INFO:  handled by,65,clemex_stage,configuration
2026-03-26 18:26:51,841:hal4000:INFO:message:
2026-03-26 18:26:51,841:hal4000:INFO:  handled by,65,coherentGenesis488,configuration
2026-03-26 18:26:51,841:hal4000:INFO:message:
2026-03-26 18:26:51,841:hal4000:INFO:  handled by,65,coherentGenesis560,configuration
2026-03-26 18:26:51,842:hal4000:INFO:message:
2026-03-26 18:26:51,842:hal4000:INFO:  handled by,65,display,configuration
2026-03-26 18:26:51,842:hal4000:INFO:message:
2026-03-26 18:26:51,842:hal4000:INFO:  handled by,65,feeds,configuration
2026-03-26 18:26:51,842:hal4000:INFO:message:
2026-03-26 18:26:51,842:hal4000:INFO:  handled by,65,film,configuration
2026-03-26 18:26:51,843:hal4000:INFO:message:
2026-03-26 18:26:51,843:hal4000:INFO:  handled by,65,focuslock,configuration
2026-03-26 18:26:51,843:hal4000:INFO:message:
2026-03-26 18:26:51,843:hal4000:INFO:  handled by,65,illumination,configuration
2026-03-26 18:26:51,843:hal4000:INFO:message:
2026-03-26 18:26:51,843:hal4000:INFO:  handled by,65,mosaic,configuration
2026-03-26 18:26:51,844:hal4000:INFO:message:
2026-03-26 18:26:51,844:hal4000:INFO:  handled by,65,mpb642,configuration
2026-03-26 18:26:51,844:hal4000:INFO:message:
2026-03-26 18:26:51,844:hal4000:INFO:  handled by,65,none_irlaser,configuration
2026-03-26 18:26:51,844:hal4000:INFO:message:
2026-03-26 18:26:51,845:hal4000:INFO:  handled by,65,obis405,configuration
2026-03-26 18:26:51,845:hal4000:INFO:message:
2026-03-26 18:26:51,845:hal4000:INFO:  handled by,65,pi_controller,configuration
2026-03-26 18:26:51,845:hal4000:INFO:message:
2026-03-26 18:26:51,845:hal4000:INFO:  handled by,65,progressions,configuration
2026-03-26 18:26:51,845:hal4000:INFO:message:
2026-03-26 18:26:51,846:hal4000:INFO:  handled by,65,scmos_cal,configuration
2026-03-26 18:26:51,846:hal4000:INFO:message:
2026-03-26 18:26:51,846:hal4000:INFO:  handled by,65,settings,configuration
2026-03-26 18:26:51,846:hal4000:INFO:message:
2026-03-26 18:26:51,846:hal4000:INFO:  handled by,65,spotcounter,configuration
2026-03-26 18:26:51,846:hal4000:INFO:message:
2026-03-26 18:26:51,847:hal4000:INFO:  handled by,65,stage,configuration
2026-03-26 18:26:51,847:hal4000:INFO:message:
2026-03-26 18:26:51,847:hal4000:INFO:  handled by,65,tcp_control,configuration
2026-03-26 18:26:51,847:hal4000:INFO:message:
2026-03-26 18:26:51,847:hal4000:INFO:  handled by,65,timing,configuration
2026-03-26 18:26:51,847:hal4000:INFO:message:
2026-03-26 18:26:51,848:hal4000:INFO:  handled by,65,uc480_camera,configuration
2026-03-26 18:26:51,848:hal4000:INFO:message:
2026-03-26 18:26:51,848:hal4000:INFO:  handled by,65,z_stage,configuration
2026-03-26 18:26:52,143:hal4000:INFO:message:
2026-03-26 18:26:52,143:hal4000:INFO:  handled by,62,camera1,start camera
2026-03-26 18:26:52,143:hal4000:INFO:message:
2026-03-26 18:26:52,143:hal4000:INFO:  processed,62,film,start camera
2026-03-26 18:26:52,143:hal4000:INFO:message:
2026-03-26 18:26:52,144:hal4000:INFO:  worker done,62,film,start camera
2026-03-26 18:26:52,144:hal4000:INFO:message:
2026-03-26 18:26:52,144:hal4000:INFO:  handled by,63,camera1,new shutters file
2026-03-26 18:26:52,144:hal4000:INFO:message:
2026-03-26 18:26:52,144:hal4000:INFO:  processed,63,illumination,new shutters file
2026-03-26 18:26:52,145:hal4000:INFO:message:
2026-03-26 18:26:52,145:hal4000:INFO:  handled by,64,camera1,get functionality
2026-03-26 18:26:52,145:hal4000:INFO:message:
2026-03-26 18:26:52,145:hal4000:INFO:  processed,64,spotcounter,get functionality
2026-03-26 18:26:52,146:hal4000:INFO:message:
2026-03-26 18:26:52,146:hal4000:INFO:  handled by,65,camera1,configuration
2026-03-26 18:26:52,147:hal4000:INFO:message:
2026-03-26 18:26:52,147:hal4000:INFO:  processed,65,illumination,configuration
2026-03-26 18:27:31,610:hal4000:INFO:message:
2026-03-26 18:27:31,611:hal4000:INFO:  queued,66,hal,close event
2026-03-26 18:27:31,967:hal4000:INFO:message:
2026-03-26 18:27:31,982:hal4000:INFO:  uc480: Call failed with error 1 is_CopyImageMem
