2026-03-26 12:40:21,500:hal4000:INFO:  handled by,58,pi_controller,change directory
2026-03-26 12:40:21,501:hal4000:INFO:message:
2026-03-26 12:40:21,501:hal4000:INFO:  handled by,58,progressions,change directory
2026-03-26 12:40:21,502:hal4000:INFO:message:
2026-03-26 12:40:21,502:hal4000:INFO:  handled by,58,scmos_cal,change directory
2026-03-26 12:40:21,502:hal4000:INFO:message:
2026-03-26 12:40:21,502:hal4000:INFO:  handled by,58,settings,change directory
2026-03-26 12:40:21,503:hal4000:INFO:message:
2026-03-26 12:40:21,503:hal4000:INFO:  handled by,58,spotcounter,change directory
2026-03-26 12:40:21,503:hal4000:INFO:message:
2026-03-26 12:40:21,503:hal4000:INFO:  handled by,58,stage,change directory
2026-03-26 12:40:21,503:hal4000:INFO:message:
2026-03-26 12:40:21,503:hal4000:INFO:  handled by,58,tcp_control,change directory
2026-03-26 12:40:21,504:hal4000:INFO:message:
2026-03-26 12:40:21,504:hal4000:INFO:  handled by,58,timing,change directory
2026-03-26 12:40:21,504:hal4000:INFO:message:
2026-03-26 12:40:21,504:hal4000:INFO:  handled by,58,uc480_camera,change directory
2026-03-26 12:40:21,504:hal4000:INFO:message:
2026-03-26 12:40:21,504:hal4000:INFO:  handled by,58,z_stage,change directory
2026-03-26 12:40:21,505:hal4000:INFO:message:
2026-03-26 12:40:21,505:hal4000:INFO:  processed,58,hal,change directory
2026-03-26 12:40:21,505:hal4000:INFO:message:
2026-03-26 12:40:21,505:hal4000:INFO:  sent,59,display,get functionality
2026-03-26 12:40:21,514:hal4000:INFO:message:
2026-03-26 12:40:21,514:hal4000:INFO:  handled by,59,hal,get functionality
2026-03-26 12:40:21,514:hal4000:INFO:message:
2026-03-26 12:40:21,514:hal4000:INFO:  handled by,59,aotf,get functionality
2026-03-26 12:40:21,514:hal4000:INFO:message:
2026-03-26 12:40:21,515:hal4000:INFO:  handled by,59,camera1,get functionality
2026-03-26 12:40:21,515:hal4000:INFO:message:
2026-03-26 12:40:21,515:hal4000:INFO:  handled by,59,clemex_stage,get functionality
2026-03-26 12:40:21,515:hal4000:INFO:message:
2026-03-26 12:40:21,515:hal4000:INFO:  handled by,59,coherentGenesis488,get functionality
2026-03-26 12:40:21,515:hal4000:INFO:message:
2026-03-26 12:40:21,516:hal4000:INFO:  handled by,59,coherentGenesis560,get functionality
2026-03-26 12:40:21,516:hal4000:INFO:message:
2026-03-26 12:40:21,516:hal4000:INFO:  handled by,59,display,get functionality
2026-03-26 12:40:21,516:hal4000:INFO:message:
2026-03-26 12:40:21,516:hal4000:INFO:  handled by,59,feeds,get functionality
2026-03-26 12:40:21,517:hal4000:INFO:message:
2026-03-26 12:40:21,517:hal4000:INFO:  handled by,59,film,get functionality
2026-03-26 12:40:21,517:hal4000:INFO:message:
2026-03-26 12:40:21,517:hal4000:INFO:  handled by,59,focuslock,get functionality
2026-03-26 12:40:21,517:hal4000:INFO:message:
2026-03-26 12:40:21,517:hal4000:INFO:  handled by,59,illumination,get functionality
2026-03-26 12:40:21,517:hal4000:INFO:message:
2026-03-26 12:40:21,518:hal4000:INFO:  handled by,59,mosaic,get functionality
2026-03-26 12:40:21,518:hal4000:INFO:message:
2026-03-26 12:40:21,518:hal4000:INFO:  handled by,59,mpb642,get functionality
2026-03-26 12:40:21,518:hal4000:INFO:message:
2026-03-26 12:40:21,518:hal4000:INFO:  handled by,59,none_irlaser,get functionality
2026-03-26 12:40:21,518:hal4000:INFO:message:
2026-03-26 12:40:21,519:hal4000:INFO:  handled by,59,pi_controller,get functionality
2026-03-26 12:40:21,519:hal4000:INFO:message:
2026-03-26 12:40:21,519:hal4000:INFO:  handled by,59,progressions,get functionality
2026-03-26 12:40:21,519:hal4000:INFO:message:
2026-03-26 12:40:21,519:hal4000:INFO:  handled by,59,scmos_cal,get functionality
2026-03-26 12:40:21,519:hal4000:INFO:message:
2026-03-26 12:40:21,519:hal4000:INFO:  handled by,59,settings,get functionality
2026-03-26 12:40:21,520:hal4000:INFO:message:
2026-03-26 12:40:21,520:hal4000:INFO:  handled by,59,spotcounter,get functionality
2026-03-26 12:40:21,520:hal4000:INFO:message:
2026-03-26 12:40:21,520:hal4000:INFO:  handled by,59,stage,get functionality
2026-03-26 12:40:21,520:hal4000:INFO:message:
2026-03-26 12:40:21,520:hal4000:INFO:  handled by,59,tcp_control,get functionality
2026-03-26 12:40:21,521:hal4000:INFO:message:
2026-03-26 12:40:21,521:hal4000:INFO:  handled by,59,timing,get functionality
2026-03-26 12:40:21,521:hal4000:INFO:message:
2026-03-26 12:40:21,521:hal4000:INFO:  handled by,59,uc480_camera,get functionality
2026-03-26 12:40:21,521:hal4000:INFO:message:
2026-03-26 12:40:21,521:hal4000:INFO:  handled by,59,z_stage,get functionality
2026-03-26 12:40:21,522:hal4000:INFO:message:
2026-03-26 12:40:21,522:hal4000:INFO:  processed,59,display,get functionality
2026-03-26 12:40:21,524:hal4000:INFO:message:
2026-03-26 12:40:21,524:hal4000:INFO:  sent,60,film,start camera
2026-03-26 12:40:21,526:hal4000:INFO:message:
2026-03-26 12:40:21,526:hal4000:INFO:  handled by,60,hal,start camera
2026-03-26 12:40:21,526:hal4000:INFO:message:
2026-03-26 12:40:21,527:hal4000:INFO:  handled by,60,aotf,start camera
2026-03-26 12:40:21,527:hal4000:INFO:message:
2026-03-26 12:40:21,527:hal4000:INFO:  handled by,60,camera1,start camera
2026-03-26 12:40:21,527:hal4000:INFO:message:
2026-03-26 12:40:21,527:hal4000:INFO:  handled by,60,clemex_stage,start camera
2026-03-26 12:40:21,527:hal4000:INFO:message:
2026-03-26 12:40:21,527:hal4000:INFO:  handled by,60,coherentGenesis488,start camera
2026-03-26 12:40:21,528:hal4000:INFO:message:
2026-03-26 12:40:21,528:hal4000:INFO:  handled by,60,coherentGenesis560,start camera
2026-03-26 12:40:21,528:hal4000:INFO:message:
2026-03-26 12:40:21,528:hal4000:INFO:  handled by,60,display,start camera
2026-03-26 12:40:21,528:hal4000:INFO:message:
2026-03-26 12:40:21,528:hal4000:INFO:  handled by,60,feeds,start camera
2026-03-26 12:40:21,529:hal4000:INFO:message:
2026-03-26 12:40:21,529:hal4000:INFO:  handled by,60,film,start camera
2026-03-26 12:40:21,529:hal4000:INFO:message:
2026-03-26 12:40:21,529:hal4000:INFO:  handled by,60,focuslock,start camera
2026-03-26 12:40:21,529:hal4000:INFO:message:
2026-03-26 12:40:21,529:hal4000:INFO:  handled by,60,illumination,start camera
2026-03-26 12:40:21,530:hal4000:INFO:message:
2026-03-26 12:40:21,530:hal4000:INFO:  handled by,60,mosaic,start camera
2026-03-26 12:40:21,530:hal4000:INFO:message:
2026-03-26 12:40:21,530:hal4000:INFO:  handled by,60,mpb642,start camera
2026-03-26 12:40:21,530:hal4000:INFO:message:
2026-03-26 12:40:21,530:hal4000:INFO:  handled by,60,none_irlaser,start camera
2026-03-26 12:40:21,531:hal4000:INFO:message:
2026-03-26 12:40:21,531:hal4000:INFO:  handled by,60,pi_controller,start camera
2026-03-26 12:40:21,531:hal4000:INFO:message:
2026-03-26 12:40:21,531:hal4000:INFO:  handled by,60,progressions,start camera
2026-03-26 12:40:21,531:hal4000:INFO:message:
2026-03-26 12:40:21,531:hal4000:INFO:  handled by,60,scmos_cal,start camera
2026-03-26 12:40:21,531:hal4000:INFO:message:
2026-03-26 12:40:21,532:hal4000:INFO:  handled by,60,settings,start camera
2026-03-26 12:40:21,532:hal4000:INFO:message:
2026-03-26 12:40:21,532:hal4000:INFO:  handled by,60,spotcounter,start camera
2026-03-26 12:40:21,532:hal4000:INFO:message:
2026-03-26 12:40:21,532:hal4000:INFO:  handled by,60,stage,start camera
2026-03-26 12:40:21,532:hal4000:INFO:message:
2026-03-26 12:40:21,532:hal4000:INFO:  handled by,60,tcp_control,start camera
2026-03-26 12:40:21,533:hal4000:INFO:message:
2026-03-26 12:40:21,533:hal4000:INFO:  handled by,60,timing,start camera
2026-03-26 12:40:21,533:hal4000:INFO:message:
2026-03-26 12:40:21,533:hal4000:INFO:  handled by,60,uc480_camera,start camera
2026-03-26 12:40:21,533:hal4000:INFO:message:
2026-03-26 12:40:21,533:hal4000:INFO:  handled by,60,z_stage,start camera
2026-03-26 12:40:21,534:hal4000:INFO:message:
2026-03-26 12:40:21,534:hal4000:INFO:  processed,60,film,start camera
2026-03-26 12:40:21,535:hal4000:INFO:message:
2026-03-26 12:40:21,535:hal4000:INFO:  sent,62,film,start camera
2026-03-26 12:40:21,535:hal4000:INFO:message:
2026-03-26 12:40:21,535:hal4000:INFO:  handled by,62,hal,start camera
2026-03-26 12:40:21,535:hal4000:INFO:message:
2026-03-26 12:40:21,536:hal4000:INFO:  handled by,62,aotf,start camera
2026-03-26 12:40:21,536:hal4000:INFO:message:
2026-03-26 12:40:21,536:hal4000:INFO:  handled by,62,camera1,start camera
2026-03-26 12:40:21,536:hal4000:INFO:message:
2026-03-26 12:40:21,536:hal4000:INFO:  handled by,62,clemex_stage,start camera
2026-03-26 12:40:21,537:hal4000:INFO:message:
2026-03-26 12:40:21,537:hal4000:INFO:  handled by,62,coherentGenesis488,start camera
2026-03-26 12:40:21,537:hal4000:INFO:message:
2026-03-26 12:40:21,537:hal4000:INFO:  handled by,62,coherentGenesis560,start camera
2026-03-26 12:40:21,538:hal4000:INFO:message:
2026-03-26 12:40:21,541:hal4000:INFO:  handled by,62,display,start camera
2026-03-26 12:40:21,541:hal4000:INFO:message:
2026-03-26 12:40:21,541:hal4000:INFO:  handled by,62,feeds,start camera
2026-03-26 12:40:21,542:hal4000:INFO:message:
2026-03-26 12:40:21,542:hal4000:INFO:  handled by,62,film,start camera
2026-03-26 12:40:21,542:hal4000:INFO:message:
2026-03-26 12:40:21,542:hal4000:INFO:  handled by,62,focuslock,start camera
2026-03-26 12:40:21,542:hal4000:INFO:message:
2026-03-26 12:40:21,542:hal4000:INFO:  handled by,62,illumination,start camera
2026-03-26 12:40:21,543:hal4000:INFO:message:
2026-03-26 12:40:21,543:hal4000:INFO:  handled by,62,mosaic,start camera
2026-03-26 12:40:21,543:hal4000:INFO:message:
2026-03-26 12:40:21,543:hal4000:INFO:  handled by,62,mpb642,start camera
2026-03-26 12:40:21,543:hal4000:INFO:message:
2026-03-26 12:40:21,543:hal4000:INFO:  handled by,62,none_irlaser,start camera
2026-03-26 12:40:21,544:hal4000:INFO:message:
2026-03-26 12:40:21,544:hal4000:INFO:  handled by,62,pi_controller,start camera
2026-03-26 12:40:21,544:hal4000:INFO:message:
2026-03-26 12:40:21,544:hal4000:INFO:  handled by,62,progressions,start camera
2026-03-26 12:40:21,544:hal4000:INFO:message:
2026-03-26 12:40:21,544:hal4000:INFO:  handled by,62,scmos_cal,start camera
2026-03-26 12:40:21,545:hal4000:INFO:message:
2026-03-26 12:40:21,545:hal4000:INFO:  handled by,62,settings,start camera
2026-03-26 12:40:21,545:hal4000:INFO:message:
2026-03-26 12:40:21,545:hal4000:INFO:  handled by,62,spotcounter,start camera
2026-03-26 12:40:21,546:hal4000:INFO:message:
2026-03-26 12:40:21,546:hal4000:INFO:  handled by,62,stage,start camera
2026-03-26 12:40:21,546:hal4000:INFO:message:
2026-03-26 12:40:21,546:hal4000:INFO:  handled by,62,tcp_control,start camera
2026-03-26 12:40:21,546:hal4000:INFO:message:
2026-03-26 12:40:21,546:hal4000:INFO:  handled by,62,timing,start camera
2026-03-26 12:40:21,547:hal4000:INFO:message:
2026-03-26 12:40:21,547:hal4000:INFO:  handled by,62,uc480_camera,start camera
2026-03-26 12:40:21,547:hal4000:INFO:message:
2026-03-26 12:40:21,547:hal4000:INFO:  handled by,62,z_stage,start camera
2026-03-26 12:40:21,547:hal4000:INFO:message:
2026-03-26 12:40:21,547:hal4000:INFO:  sent,63,illumination,new shutters file
2026-03-26 12:40:21,548:hal4000:INFO:message:
2026-03-26 12:40:21,548:hal4000:INFO:  worker started 60000,62,film,start camera
2026-03-26 12:40:21,555:hal4000:INFO:message:
2026-03-26 12:40:21,555:hal4000:INFO:  handled by,63,hal,new shutters file
2026-03-26 12:40:21,555:hal4000:INFO:message:
2026-03-26 12:40:21,556:hal4000:INFO:  handled by,63,aotf,new shutters file
2026-03-26 12:40:21,556:hal4000:INFO:message:
2026-03-26 12:40:21,556:hal4000:INFO:  handled by,63,clemex_stage,new shutters file
2026-03-26 12:40:21,556:hal4000:INFO:message:
2026-03-26 12:40:21,556:hal4000:INFO:  handled by,63,coherentGenesis488,new shutters file
2026-03-26 12:40:21,556:hal4000:INFO:message:
2026-03-26 12:40:21,557:hal4000:INFO:  handled by,63,coherentGenesis560,new shutters file
2026-03-26 12:40:21,557:hal4000:INFO:message:
2026-03-26 12:40:21,557:hal4000:INFO:  handled by,63,display,new shutters file
2026-03-26 12:40:21,557:hal4000:INFO:message:
2026-03-26 12:40:21,557:hal4000:INFO:  handled by,63,feeds,new shutters file
2026-03-26 12:40:21,557:hal4000:INFO:message:
2026-03-26 12:40:21,558:hal4000:INFO:  handled by,63,film,new shutters file
2026-03-26 12:40:21,558:hal4000:INFO:message:
2026-03-26 12:40:21,558:hal4000:INFO:  handled by,63,focuslock,new shutters file
2026-03-26 12:40:21,559:hal4000:INFO:message:
2026-03-26 12:40:21,559:hal4000:INFO:  queued,65,illumination,configuration
2026-03-26 12:40:21,559:hal4000:INFO:message:
2026-03-26 12:40:21,559:hal4000:INFO:  handled by,63,illumination,new shutters file
2026-03-26 12:40:21,559:hal4000:INFO:message:
2026-03-26 12:40:21,559:hal4000:INFO:  handled by,63,mosaic,new shutters file
2026-03-26 12:40:21,560:hal4000:INFO:message:
2026-03-26 12:40:21,560:hal4000:INFO:  handled by,63,mpb642,new shutters file
2026-03-26 12:40:21,560:hal4000:INFO:message:
2026-03-26 12:40:21,560:hal4000:INFO:  handled by,63,none_irlaser,new shutters file
2026-03-26 12:40:21,560:hal4000:INFO:message:
2026-03-26 12:40:21,560:hal4000:INFO:  handled by,63,pi_controller,new shutters file
2026-03-26 12:40:21,561:hal4000:INFO:message:
2026-03-26 12:40:21,561:hal4000:INFO:  handled by,63,progressions,new shutters file
2026-03-26 12:40:21,561:hal4000:INFO:message:
2026-03-26 12:40:21,561:hal4000:INFO:  handled by,63,scmos_cal,new shutters file
2026-03-26 12:40:21,561:hal4000:INFO:message:
2026-03-26 12:40:21,561:hal4000:INFO:  handled by,63,settings,new shutters file
2026-03-26 12:40:21,561:hal4000:INFO:message:
2026-03-26 12:40:21,562:hal4000:INFO:  handled by,63,spotcounter,new shutters file
2026-03-26 12:40:21,562:hal4000:INFO:message:
2026-03-26 12:40:21,562:hal4000:INFO:  handled by,63,stage,new shutters file
2026-03-26 12:40:21,562:hal4000:INFO:message:
2026-03-26 12:40:21,562:hal4000:INFO:  handled by,63,tcp_control,new shutters file
2026-03-26 12:40:21,562:hal4000:INFO:message:
2026-03-26 12:40:21,563:hal4000:INFO:  handled by,63,timing,new shutters file
2026-03-26 12:40:21,563:hal4000:INFO:message:
2026-03-26 12:40:21,563:hal4000:INFO:  handled by,63,uc480_camera,new shutters file
2026-03-26 12:40:21,563:hal4000:INFO:message:
2026-03-26 12:40:21,563:hal4000:INFO:  handled by,63,z_stage,new shutters file
2026-03-26 12:40:21,563:hal4000:INFO:message:
2026-03-26 12:40:21,564:hal4000:INFO:  sent,64,spotcounter,get functionality
2026-03-26 12:40:21,564:hal4000:INFO:message:
2026-03-26 12:40:21,564:hal4000:INFO:  handled by,64,hal,get functionality
2026-03-26 12:40:21,565:hal4000:INFO:message:
2026-03-26 12:40:21,565:hal4000:INFO:  handled by,64,aotf,get functionality
2026-03-26 12:40:21,565:hal4000:INFO:message:
2026-03-26 12:40:21,565:hal4000:INFO:  handled by,64,clemex_stage,get functionality
2026-03-26 12:40:21,565:hal4000:INFO:message:
2026-03-26 12:40:21,565:hal4000:INFO:  handled by,64,coherentGenesis488,get functionality
2026-03-26 12:40:21,565:hal4000:INFO:message:
2026-03-26 12:40:21,566:hal4000:INFO:  handled by,64,coherentGenesis560,get functionality
2026-03-26 12:40:21,566:hal4000:INFO:message:
2026-03-26 12:40:21,566:hal4000:INFO:  handled by,64,display,get functionality
2026-03-26 12:40:21,566:hal4000:INFO:message:
2026-03-26 12:40:21,566:hal4000:INFO:  handled by,64,feeds,get functionality
2026-03-26 12:40:21,566:hal4000:INFO:message:
2026-03-26 12:40:21,567:hal4000:INFO:  handled by,64,film,get functionality
2026-03-26 12:40:21,567:hal4000:INFO:message:
2026-03-26 12:40:21,567:hal4000:INFO:  handled by,64,focuslock,get functionality
2026-03-26 12:40:21,567:hal4000:INFO:message:
2026-03-26 12:40:21,567:hal4000:INFO:  handled by,64,illumination,get functionality
2026-03-26 12:40:21,567:hal4000:INFO:message:
2026-03-26 12:40:21,567:hal4000:INFO:  handled by,64,mosaic,get functionality
2026-03-26 12:40:21,568:hal4000:INFO:message:
2026-03-26 12:40:21,568:hal4000:INFO:  handled by,64,mpb642,get functionality
2026-03-26 12:40:21,568:hal4000:INFO:message:
2026-03-26 12:40:21,568:hal4000:INFO:  handled by,64,none_irlaser,get functionality
2026-03-26 12:40:21,568:hal4000:INFO:message:
2026-03-26 12:40:21,568:hal4000:INFO:  handled by,64,pi_controller,get functionality
2026-03-26 12:40:21,569:hal4000:INFO:message:
2026-03-26 12:40:21,569:hal4000:INFO:  handled by,64,progressions,get functionality
2026-03-26 12:40:21,569:hal4000:INFO:message:
2026-03-26 12:40:21,569:hal4000:INFO:  handled by,64,scmos_cal,get functionality
2026-03-26 12:40:21,569:hal4000:INFO:message:
2026-03-26 12:40:21,569:hal4000:INFO:  handled by,64,settings,get functionality
2026-03-26 12:40:21,570:hal4000:INFO:message:
2026-03-26 12:40:21,570:hal4000:INFO:  handled by,64,spotcounter,get functionality
2026-03-26 12:40:21,570:hal4000:INFO:message:
2026-03-26 12:40:21,570:hal4000:INFO:  handled by,64,stage,get functionality
2026-03-26 12:40:21,570:hal4000:INFO:message:
2026-03-26 12:40:21,570:hal4000:INFO:  handled by,64,tcp_control,get functionality
2026-03-26 12:40:21,570:hal4000:INFO:message:
2026-03-26 12:40:21,571:hal4000:INFO:  handled by,64,timing,get functionality
2026-03-26 12:40:21,571:hal4000:INFO:message:
2026-03-26 12:40:21,571:hal4000:INFO:  handled by,64,uc480_camera,get functionality
2026-03-26 12:40:21,571:hal4000:INFO:message:
2026-03-26 12:40:21,571:hal4000:INFO:  handled by,64,z_stage,get functionality
2026-03-26 12:40:21,571:hal4000:INFO:message:
2026-03-26 12:40:21,572:hal4000:INFO:  sent,65,illumination,configuration
2026-03-26 12:40:21,574:hal4000:INFO:message:
2026-03-26 12:40:21,574:hal4000:INFO:  handled by,65,hal,configuration
2026-03-26 12:40:21,574:hal4000:INFO:message:
2026-03-26 12:40:21,574:hal4000:INFO:  handled by,65,aotf,configuration
2026-03-26 12:40:21,575:hal4000:INFO:message:
2026-03-26 12:40:21,575:hal4000:INFO:  handled by,65,clemex_stage,configuration
2026-03-26 12:40:21,575:hal4000:INFO:message:
2026-03-26 12:40:21,575:hal4000:INFO:  handled by,65,coherentGenesis488,configuration
2026-03-26 12:40:21,575:hal4000:INFO:message:
2026-03-26 12:40:21,575:hal4000:INFO:  handled by,65,coherentGenesis560,configuration
2026-03-26 12:40:21,576:hal4000:INFO:message:
2026-03-26 12:40:21,576:hal4000:INFO:  handled by,65,display,configuration
2026-03-26 12:40:21,576:hal4000:INFO:message:
2026-03-26 12:40:21,576:hal4000:INFO:  handled by,65,feeds,configuration
2026-03-26 12:40:21,576:hal4000:INFO:message:
2026-03-26 12:40:21,577:hal4000:INFO:  handled by,65,film,configuration
2026-03-26 12:40:21,577:hal4000:INFO:message:
2026-03-26 12:40:21,577:hal4000:INFO:  handled by,65,focuslock,configuration
2026-03-26 12:40:21,577:hal4000:INFO:message:
2026-03-26 12:40:21,577:hal4000:INFO:  handled by,65,illumination,configuration
2026-03-26 12:40:21,577:hal4000:INFO:message:
2026-03-26 12:40:21,578:hal4000:INFO:  handled by,65,mosaic,configuration
2026-03-26 12:40:21,578:hal4000:INFO:message:
2026-03-26 12:40:21,578:hal4000:INFO:  handled by,65,mpb642,configuration
2026-03-26 12:40:21,578:hal4000:INFO:message:
2026-03-26 12:40:21,578:hal4000:INFO:  handled by,65,none_irlaser,configuration
2026-03-26 12:40:21,579:hal4000:INFO:message:
2026-03-26 12:40:21,579:hal4000:INFO:  handled by,65,pi_controller,configuration
2026-03-26 12:40:21,579:hal4000:INFO:message:
2026-03-26 12:40:21,579:hal4000:INFO:  handled by,65,progressions,configuration
2026-03-26 12:40:21,579:hal4000:INFO:message:
2026-03-26 12:40:21,579:hal4000:INFO:  handled by,65,scmos_cal,configuration
2026-03-26 12:40:21,579:hal4000:INFO:message:
2026-03-26 12:40:21,580:hal4000:INFO:  handled by,65,settings,configuration
2026-03-26 12:40:21,580:hal4000:INFO:message:
2026-03-26 12:40:21,580:hal4000:INFO:  handled by,65,spotcounter,configuration
2026-03-26 12:40:21,580:hal4000:INFO:message:
2026-03-26 12:40:21,580:hal4000:INFO:  handled by,65,stage,configuration
2026-03-26 12:40:21,580:hal4000:INFO:message:
2026-03-26 12:40:21,581:hal4000:INFO:  handled by,65,tcp_control,configuration
2026-03-26 12:40:21,581:hal4000:INFO:message:
2026-03-26 12:40:21,581:hal4000:INFO:  handled by,65,timing,configuration
2026-03-26 12:40:21,581:hal4000:INFO:message:
2026-03-26 12:40:21,581:hal4000:INFO:  handled by,65,uc480_camera,configuration
2026-03-26 12:40:21,581:hal4000:INFO:message:
2026-03-26 12:40:21,581:hal4000:INFO:  handled by,65,z_stage,configuration
2026-03-26 12:40:21,881:hal4000:INFO:message:
2026-03-26 12:40:21,881:hal4000:INFO:  handled by,62,camera1,start camera
2026-03-26 12:40:21,881:hal4000:INFO:message:
2026-03-26 12:40:21,881:hal4000:INFO:  processed,62,film,start camera
2026-03-26 12:40:21,881:hal4000:INFO:message:
2026-03-26 12:40:21,882:hal4000:INFO:  worker done,62,film,start camera
2026-03-26 12:40:21,882:hal4000:INFO:message:
2026-03-26 12:40:21,882:hal4000:INFO:  handled by,63,camera1,new shutters file
2026-03-26 12:40:21,882:hal4000:INFO:message:
2026-03-26 12:40:21,882:hal4000:INFO:  processed,63,illumination,new shutters file
2026-03-26 12:40:21,883:hal4000:INFO:message:
2026-03-26 12:40:21,883:hal4000:INFO:  handled by,64,camera1,get functionality
2026-03-26 12:40:21,883:hal4000:INFO:message:
2026-03-26 12:40:21,883:hal4000:INFO:  processed,64,spotcounter,get functionality
2026-03-26 12:40:21,884:hal4000:INFO:message:
2026-03-26 12:40:21,884:hal4000:INFO:  handled by,65,camera1,configuration
2026-03-26 12:40:21,885:hal4000:INFO:message:
2026-03-26 12:40:21,885:hal4000:INFO:  processed,65,illumination,configuration
2026-03-26 12:41:20,736:hal4000:INFO:message:
2026-03-26 12:41:20,736:hal4000:INFO:  queued,66,hal,close event
2026-03-26 12:41:21,142:hal4000:INFO:message:
2026-03-26 12:41:21,149:hal4000:INFO:  uc480: Call failed with error 1 is_CopyImageMem
