2026-03-26 15:23:58,145:hal4000:INFO:message:
2026-03-26 15:23:58,147:hal4000:INFO:  handled by,57,scmos_cal,get functionality
2026-03-26 15:23:58,147:hal4000:INFO:message:
2026-03-26 15:23:58,147:hal4000:INFO:  handled by,57,settings,get functionality
2026-03-26 15:23:58,148:hal4000:INFO:message:
2026-03-26 15:23:58,148:hal4000:INFO:  handled by,57,spotcounter,get functionality
2026-03-26 15:23:58,148:hal4000:INFO:message:
2026-03-26 15:23:58,148:hal4000:INFO:  handled by,57,stage,get functionality
2026-03-26 15:23:58,148:hal4000:INFO:message:
2026-03-26 15:23:58,148:hal4000:INFO:  handled by,57,tcp_control,get functionality
2026-03-26 15:23:58,149:hal4000:INFO:message:
2026-03-26 15:23:58,149:hal4000:INFO:  handled by,57,timing,get functionality
2026-03-26 15:23:58,149:hal4000:INFO:message:
2026-03-26 15:23:58,149:hal4000:INFO:  handled by,57,uc480_camera,get functionality
2026-03-26 15:23:58,149:hal4000:INFO:message:
2026-03-26 15:23:58,149:hal4000:INFO:  handled by,57,z_stage,get functionality
2026-03-26 15:23:58,150:hal4000:INFO:message:
2026-03-26 15:23:58,150:hal4000:INFO:  processed,57,scmos_cal,get functionality
2026-03-26 15:23:58,151:hal4000:INFO:message:
2026-03-26 15:23:58,152:hal4000:INFO:  sent,3,core,start
2026-03-26 15:23:58,179:hal4000:INFO:message:
2026-03-26 15:23:58,179:hal4000:INFO:  queued,58,hal,change directory
2026-03-26 15:23:58,179:hal4000:INFO:message:
2026-03-26 15:23:58,180:hal4000:INFO:  handled by,3,hal,start
2026-03-26 15:23:58,180:hal4000:INFO:message:
2026-03-26 15:23:58,180:hal4000:INFO:  handled by,3,aotf,start
2026-03-26 15:23:58,180:hal4000:INFO:message:
2026-03-26 15:23:58,180:hal4000:INFO:  handled by,3,camera1,start
2026-03-26 15:23:58,181:hal4000:INFO:message:
2026-03-26 15:23:58,181:hal4000:INFO:  handled by,3,clemex_stage,start
2026-03-26 15:23:58,181:hal4000:INFO:message:
2026-03-26 15:23:58,181:hal4000:INFO:  handled by,3,coherentGenesis488,start
2026-03-26 15:23:58,182:hal4000:INFO:message:
2026-03-26 15:23:58,182:hal4000:INFO:  handled by,3,coherentGenesis560,start
2026-03-26 15:23:58,182:hal4000:INFO:message:
2026-03-26 15:23:58,182:hal4000:INFO:  queued,59,display,get functionality
2026-03-26 15:23:58,182:hal4000:INFO:message:
2026-03-26 15:23:58,183:hal4000:INFO:  handled by,3,display,start
2026-03-26 15:23:58,183:hal4000:INFO:message:
2026-03-26 15:23:58,183:hal4000:INFO:  handled by,3,feeds,start
2026-03-26 15:23:58,183:hal4000:INFO:message:
2026-03-26 15:23:58,183:hal4000:INFO:  queued,60,film,start camera
2026-03-26 15:23:58,184:hal4000:INFO:message:
2026-03-26 15:23:58,184:hal4000:INFO:  queued,61,film,sync
2026-03-26 15:23:58,184:hal4000:INFO:message:
2026-03-26 15:23:58,184:hal4000:INFO:  queued,62,film,start camera
2026-03-26 15:23:58,184:hal4000:INFO:message:
2026-03-26 15:23:58,184:hal4000:INFO:  handled by,3,film,start
2026-03-26 15:23:58,197:hal4000:INFO:message:
2026-03-26 15:23:58,197:hal4000:INFO:  handled by,3,focuslock,start
2026-03-26 15:23:58,209:hal4000:INFO:message:
2026-03-26 15:23:58,209:hal4000:INFO:  queued,63,illumination,new shutters file
2026-03-26 15:23:58,217:hal4000:INFO:message:
2026-03-26 15:23:58,217:hal4000:INFO:  handled by,3,illumination,start
2026-03-26 15:23:58,217:hal4000:INFO:message:
2026-03-26 15:23:58,218:hal4000:INFO:  handled by,3,mosaic,start
2026-03-26 15:23:58,218:hal4000:INFO:message:
2026-03-26 15:23:58,218:hal4000:INFO:  handled by,3,mpb642,start
2026-03-26 15:23:58,218:hal4000:INFO:message:
2026-03-26 15:23:58,218:hal4000:INFO:  handled by,3,none_irlaser,start
2026-03-26 15:23:58,219:hal4000:INFO:message:
2026-03-26 15:23:58,219:hal4000:INFO:  handled by,3,obis405,start
2026-03-26 15:23:58,219:hal4000:INFO:message:
2026-03-26 15:23:58,220:hal4000:INFO:  handled by,3,pi_controller,start
2026-03-26 15:23:58,220:hal4000:INFO:message:
2026-03-26 15:23:58,220:hal4000:INFO:  handled by,3,progressions,start
2026-03-26 15:23:58,221:hal4000:INFO:message:
2026-03-26 15:23:58,221:hal4000:INFO:  handled by,3,scmos_cal,start
2026-03-26 15:23:58,222:hal4000:INFO:message:
2026-03-26 15:23:58,222:hal4000:INFO:  handled by,3,settings,start
2026-03-26 15:23:58,222:hal4000:INFO:message:
2026-03-26 15:23:58,222:hal4000:INFO:  queued,64,spotcounter,get functionality
2026-03-26 15:23:58,223:hal4000:INFO:message:
2026-03-26 15:23:58,223:hal4000:INFO:  handled by,3,spotcounter,start
2026-03-26 15:23:58,231:hal4000:INFO:message:
2026-03-26 15:23:58,231:hal4000:INFO:  handled by,3,stage,start
2026-03-26 15:23:58,232:hal4000:INFO:message:
2026-03-26 15:23:58,232:hal4000:INFO:  handled by,3,tcp_control,start
2026-03-26 15:23:58,232:hal4000:INFO:message:
2026-03-26 15:23:58,232:hal4000:INFO:  handled by,3,timing,start
2026-03-26 15:23:58,233:hal4000:INFO:message:
2026-03-26 15:23:58,233:hal4000:INFO:  handled by,3,uc480_camera,start
2026-03-26 15:23:58,240:hal4000:INFO:message:
2026-03-26 15:23:58,240:hal4000:INFO:  handled by,3,z_stage,start
2026-03-26 15:23:58,241:hal4000:INFO:message:
2026-03-26 15:23:58,241:hal4000:INFO:  processed,3,core,start
2026-03-26 15:23:58,322:hal4000:INFO:message:
2026-03-26 15:23:58,322:hal4000:INFO:  sent,58,hal,change directory
2026-03-26 15:23:58,358:hal4000:INFO:message:
2026-03-26 15:23:58,358:hal4000:INFO:  handled by,58,hal,change directory
2026-03-26 15:23:58,358:hal4000:INFO:message:
2026-03-26 15:23:58,358:hal4000:INFO:  handled by,58,aotf,change directory
2026-03-26 15:23:58,359:hal4000:INFO:message:
2026-03-26 15:23:58,359:hal4000:INFO:  handled by,58,camera1,change directory
2026-03-26 15:23:58,359:hal4000:INFO:message:
2026-03-26 15:23:58,359:hal4000:INFO:  handled by,58,clemex_stage,change directory
2026-03-26 15:23:58,360:hal4000:INFO:message:
2026-03-26 15:23:58,360:hal4000:INFO:  handled by,58,coherentGenesis488,change directory
2026-03-26 15:23:58,360:hal4000:INFO:message:
2026-03-26 15:23:58,360:hal4000:INFO:  handled by,58,coherentGenesis560,change directory
2026-03-26 15:23:58,361:hal4000:INFO:message:
2026-03-26 15:23:58,361:hal4000:INFO:  handled by,58,display,change directory
2026-03-26 15:23:58,361:hal4000:INFO:message:
2026-03-26 15:23:58,361:hal4000:INFO:  handled by,58,feeds,change directory
2026-03-26 15:23:58,362:hal4000:INFO:message:
2026-03-26 15:23:58,362:hal4000:INFO:  handled by,58,film,change directory
2026-03-26 15:23:58,362:hal4000:INFO:message:
2026-03-26 15:23:58,363:hal4000:INFO:  handled by,58,focuslock,change directory
2026-03-26 15:23:58,363:hal4000:INFO:message:
2026-03-26 15:23:58,363:hal4000:INFO:  handled by,58,illumination,change directory
2026-03-26 15:23:58,364:hal4000:INFO:message:
2026-03-26 15:23:58,364:hal4000:INFO:  handled by,58,mosaic,change directory
2026-03-26 15:23:58,364:hal4000:INFO:message:
2026-03-26 15:23:58,364:hal4000:INFO:  handled by,58,mpb642,change directory
2026-03-26 15:23:58,365:hal4000:INFO:message:
2026-03-26 15:23:58,365:hal4000:INFO:  handled by,58,none_irlaser,change directory
2026-03-26 15:23:58,365:hal4000:INFO:message:
2026-03-26 15:23:58,365:hal4000:INFO:  handled by,58,obis405,change directory
2026-03-26 15:23:58,366:hal4000:INFO:message:
2026-03-26 15:23:58,366:hal4000:INFO:  handled by,58,pi_controller,change directory
2026-03-26 15:23:58,366:hal4000:INFO:message:
2026-03-26 15:23:58,366:hal4000:INFO:  handled by,58,progressions,change directory
2026-03-26 15:23:58,367:hal4000:INFO:message:
2026-03-26 15:23:58,367:hal4000:INFO:  handled by,58,scmos_cal,change directory
2026-03-26 15:23:58,367:hal4000:INFO:message:
2026-03-26 15:23:58,367:hal4000:INFO:  handled by,58,settings,change directory
2026-03-26 15:23:58,368:hal4000:INFO:message:
2026-03-26 15:23:58,368:hal4000:INFO:  handled by,58,spotcounter,change directory
2026-03-26 15:23:58,368:hal4000:INFO:message:
2026-03-26 15:23:58,368:hal4000:INFO:  handled by,58,stage,change directory
2026-03-26 15:23:58,368:hal4000:INFO:message:
2026-03-26 15:23:58,369:hal4000:INFO:  handled by,58,tcp_control,change directory
2026-03-26 15:23:58,369:hal4000:INFO:message:
2026-03-26 15:23:58,369:hal4000:INFO:  handled by,58,timing,change directory
2026-03-26 15:23:58,369:hal4000:INFO:message:
2026-03-26 15:23:58,369:hal4000:INFO:  handled by,58,uc480_camera,change directory
2026-03-26 15:23:58,370:hal4000:INFO:message:
2026-03-26 15:23:58,370:hal4000:INFO:  handled by,58,z_stage,change directory
2026-03-26 15:23:58,370:hal4000:INFO:message:
2026-03-26 15:23:58,370:hal4000:INFO:  processed,58,hal,change directory
2026-03-26 15:23:58,371:hal4000:INFO:message:
2026-03-26 15:23:58,371:hal4000:INFO:  sent,59,display,get functionality
2026-03-26 15:23:58,372:hal4000:INFO:message:
2026-03-26 15:23:58,372:hal4000:INFO:  handled by,59,hal,get functionality
2026-03-26 15:23:58,373:hal4000:INFO:message:
2026-03-26 15:23:58,373:hal4000:INFO:  handled by,59,aotf,get functionality
2026-03-26 15:23:58,373:hal4000:INFO:message:
2026-03-26 15:23:58,373:hal4000:INFO:  handled by,59,camera1,get functionality
2026-03-26 15:23:58,373:hal4000:INFO:message:
2026-03-26 15:23:58,374:hal4000:INFO:  handled by,59,clemex_stage,get functionality
2026-03-26 15:23:58,374:hal4000:INFO:message:
2026-03-26 15:23:58,374:hal4000:INFO:  handled by,59,coherentGenesis488,get functionality
2026-03-26 15:23:58,374:hal4000:INFO:message:
2026-03-26 15:23:58,375:hal4000:INFO:  handled by,59,coherentGenesis560,get functionality
2026-03-26 15:23:58,375:hal4000:INFO:message:
2026-03-26 15:23:58,375:hal4000:INFO:  handled by,59,display,get functionality
2026-03-26 15:23:58,375:hal4000:INFO:message:
2026-03-26 15:23:58,375:hal4000:INFO:  handled by,59,feeds,get functionality
2026-03-26 15:23:58,376:hal4000:INFO:message:
2026-03-26 15:23:58,376:hal4000:INFO:  handled by,59,film,get functionality
2026-03-26 15:23:58,376:hal4000:INFO:message:
2026-03-26 15:23:58,376:hal4000:INFO:  handled by,59,focuslock,get functionality
2026-03-26 15:23:58,377:hal4000:INFO:message:
2026-03-26 15:23:58,377:hal4000:INFO:  handled by,59,illumination,get functionality
2026-03-26 15:23:58,377:hal4000:INFO:message:
2026-03-26 15:23:58,377:hal4000:INFO:  handled by,59,mosaic,get functionality
2026-03-26 15:23:58,377:hal4000:INFO:message:
2026-03-26 15:23:58,378:hal4000:INFO:  handled by,59,mpb642,get functionality
2026-03-26 15:23:58,378:hal4000:INFO:message:
2026-03-26 15:23:58,378:hal4000:INFO:  handled by,59,none_irlaser,get functionality
2026-03-26 15:23:58,379:hal4000:INFO:message:
2026-03-26 15:23:58,379:hal4000:INFO:  handled by,59,obis405,get functionality
2026-03-26 15:23:58,379:hal4000:INFO:message:
2026-03-26 15:23:58,379:hal4000:INFO:  handled by,59,pi_controller,get functionality
2026-03-26 15:23:58,380:hal4000:INFO:message:
2026-03-26 15:23:58,380:hal4000:INFO:  handled by,59,progressions,get functionality
2026-03-26 15:23:58,380:hal4000:INFO:message:
2026-03-26 15:23:58,380:hal4000:INFO:  handled by,59,scmos_cal,get functionality
2026-03-26 15:23:58,381:hal4000:INFO:message:
2026-03-26 15:23:58,381:hal4000:INFO:  handled by,59,settings,get functionality
2026-03-26 15:23:58,381:hal4000:INFO:message:
2026-03-26 15:23:58,381:hal4000:INFO:  handled by,59,spotcounter,get functionality
2026-03-26 15:23:58,381:hal4000:INFO:message:
2026-03-26 15:23:58,382:hal4000:INFO:  handled by,59,stage,get functionality
2026-03-26 15:23:58,382:hal4000:INFO:message:
2026-03-26 15:23:58,382:hal4000:INFO:  handled by,59,tcp_control,get functionality
2026-03-26 15:23:58,382:hal4000:INFO:message:
2026-03-26 15:23:58,382:hal4000:INFO:  handled by,59,timing,get functionality
2026-03-26 15:23:58,382:hal4000:INFO:message:
2026-03-26 15:23:58,383:hal4000:INFO:  handled by,59,uc480_camera,get functionality
2026-03-26 15:23:58,383:hal4000:INFO:message:
2026-03-26 15:23:58,383:hal4000:INFO:  handled by,59,z_stage,get functionality
2026-03-26 15:23:58,383:hal4000:INFO:message:
2026-03-26 15:23:58,383:hal4000:INFO:  processed,59,display,get functionality
2026-03-26 15:23:58,386:hal4000:INFO:message:
2026-03-26 15:23:58,386:hal4000:INFO:  sent,60,film,start camera
2026-03-26 15:23:58,396:hal4000:INFO:message:
2026-03-26 15:23:58,397:hal4000:INFO:  handled by,60,hal,start camera
2026-03-26 15:23:58,397:hal4000:INFO:message:
2026-03-26 15:23:58,397:hal4000:INFO:  handled by,60,aotf,start camera
2026-03-26 15:23:58,397:hal4000:INFO:message:
2026-03-26 15:23:58,397:hal4000:INFO:  handled by,60,camera1,start camera
2026-03-26 15:23:58,398:hal4000:INFO:message:
2026-03-26 15:23:58,398:hal4000:INFO:  handled by,60,clemex_stage,start camera
2026-03-26 15:23:58,398:hal4000:INFO:message:
2026-03-26 15:23:58,398:hal4000:INFO:  handled by,60,coherentGenesis488,start camera
2026-03-26 15:23:58,399:hal4000:INFO:message:
2026-03-26 15:23:58,399:hal4000:INFO:  handled by,60,coherentGenesis560,start camera
2026-03-26 15:23:58,399:hal4000:INFO:message:
2026-03-26 15:23:58,399:hal4000:INFO:  handled by,60,display,start camera
2026-03-26 15:23:58,399:hal4000:INFO:message:
2026-03-26 15:23:58,400:hal4000:INFO:  handled by,60,feeds,start camera
2026-03-26 15:23:58,400:hal4000:INFO:message:
2026-03-26 15:23:58,400:hal4000:INFO:  handled by,60,film,start camera
2026-03-26 15:23:58,400:hal4000:INFO:message:
2026-03-26 15:23:58,400:hal4000:INFO:  handled by,60,focuslock,start camera
2026-03-26 15:23:58,401:hal4000:INFO:message:
2026-03-26 15:23:58,401:hal4000:INFO:  handled by,60,illumination,start camera
2026-03-26 15:23:58,401:hal4000:INFO:message:
2026-03-26 15:23:58,401:hal4000:INFO:  handled by,60,mosaic,start camera
2026-03-26 15:23:58,401:hal4000:INFO:message:
2026-03-26 15:23:58,402:hal4000:INFO:  handled by,60,mpb642,start camera
2026-03-26 15:23:58,402:hal4000:INFO:message:
2026-03-26 15:23:58,402:hal4000:INFO:  handled by,60,none_irlaser,start camera
2026-03-26 15:23:58,402:hal4000:INFO:message:
2026-03-26 15:23:58,403:hal4000:INFO:  handled by,60,obis405,start camera
2026-03-26 15:23:58,403:hal4000:INFO:message:
2026-03-26 15:23:58,403:hal4000:INFO:  handled by,60,pi_controller,start camera
2026-03-26 15:23:58,403:hal4000:INFO:message:
2026-03-26 15:23:58,404:hal4000:INFO:  handled by,60,progressions,start camera
2026-03-26 15:23:58,404:hal4000:INFO:message:
2026-03-26 15:23:58,404:hal4000:INFO:  handled by,60,scmos_cal,start camera
2026-03-26 15:23:58,405:hal4000:INFO:message:
2026-03-26 15:23:58,405:hal4000:INFO:  handled by,60,settings,start camera
2026-03-26 15:23:58,405:hal4000:INFO:message:
2026-03-26 15:23:58,405:hal4000:INFO:  handled by,60,spotcounter,start camera
2026-03-26 15:23:58,406:hal4000:INFO:message:
2026-03-26 15:23:58,406:hal4000:INFO:  handled by,60,stage,start camera
2026-03-26 15:23:58,406:hal4000:INFO:message:
2026-03-26 15:23:58,406:hal4000:INFO:  handled by,60,tcp_control,start camera
2026-03-26 15:23:58,407:hal4000:INFO:message:
2026-03-26 15:23:58,407:hal4000:INFO:  handled by,60,timing,start camera
2026-03-26 15:23:58,407:hal4000:INFO:message:
2026-03-26 15:23:58,407:hal4000:INFO:  handled by,60,uc480_camera,start camera
2026-03-26 15:23:58,407:hal4000:INFO:message:
2026-03-26 15:23:58,408:hal4000:INFO:  handled by,60,z_stage,start camera
2026-03-26 15:23:58,408:hal4000:INFO:message:
2026-03-26 15:23:58,408:hal4000:INFO:  processed,60,film,start camera
2026-03-26 15:23:58,409:hal4000:INFO:message:
2026-03-26 15:23:58,409:hal4000:INFO:  sent,62,film,start camera
2026-03-26 15:23:58,411:hal4000:INFO:message:
2026-03-26 15:23:58,411:hal4000:INFO:  handled by,62,hal,start camera
2026-03-26 15:23:58,412:hal4000:INFO:message:
2026-03-26 15:23:58,412:hal4000:INFO:  handled by,62,aotf,start camera
2026-03-26 15:23:58,412:hal4000:INFO:message:
2026-03-26 15:23:58,412:hal4000:INFO:  handled by,62,camera1,start camera
2026-03-26 15:23:58,413:hal4000:INFO:message:
2026-03-26 15:23:58,413:hal4000:INFO:  handled by,62,clemex_stage,start camera
2026-03-26 15:23:58,413:hal4000:INFO:message:
2026-03-26 15:23:58,414:hal4000:INFO:  handled by,62,coherentGenesis488,start camera
2026-03-26 15:23:58,414:hal4000:INFO:message:
2026-03-26 15:23:58,414:hal4000:INFO:  handled by,62,coherentGenesis560,start camera
2026-03-26 15:23:58,417:hal4000:INFO:message:
2026-03-26 15:23:58,418:hal4000:INFO:  handled by,62,display,start camera
2026-03-26 15:23:58,418:hal4000:INFO:message:
2026-03-26 15:23:58,418:hal4000:INFO:  handled by,62,feeds,start camera
2026-03-26 15:23:58,418:hal4000:INFO:message:
2026-03-26 15:23:58,419:hal4000:INFO:  handled by,62,film,start camera
2026-03-26 15:23:58,419:hal4000:INFO:message:
2026-03-26 15:23:58,420:hal4000:INFO:  handled by,62,focuslock,start camera
2026-03-26 15:23:58,420:hal4000:INFO:message:
2026-03-26 15:23:58,420:hal4000:INFO:  handled by,62,illumination,start camera
2026-03-26 15:23:58,421:hal4000:INFO:message:
2026-03-26 15:23:58,421:hal4000:INFO:  handled by,62,mosaic,start camera
2026-03-26 15:23:58,421:hal4000:INFO:message:
2026-03-26 15:23:58,421:hal4000:INFO:  handled by,62,mpb642,start camera
2026-03-26 15:23:58,422:hal4000:INFO:message:
2026-03-26 15:23:58,422:hal4000:INFO:  handled by,62,none_irlaser,start camera
2026-03-26 15:23:58,422:hal4000:INFO:message:
2026-03-26 15:23:58,422:hal4000:INFO:  handled by,62,obis405,start camera
2026-03-26 15:23:58,422:hal4000:INFO:message:
2026-03-26 15:23:58,423:hal4000:INFO:  handled by,62,pi_controller,start camera
2026-03-26 15:23:58,423:hal4000:INFO:message:
2026-03-26 15:23:58,423:hal4000:INFO:  handled by,62,progressions,start camera
2026-03-26 15:23:58,424:hal4000:INFO:message:
2026-03-26 15:23:58,424:hal4000:INFO:  handled by,62,scmos_cal,start camera
2026-03-26 15:23:58,424:hal4000:INFO:message:
2026-03-26 15:23:58,424:hal4000:INFO:  handled by,62,settings,start camera
2026-03-26 15:23:58,424:hal4000:INFO:message:
2026-03-26 15:23:58,425:hal4000:INFO:  handled by,62,spotcounter,start camera
2026-03-26 15:23:58,425:hal4000:INFO:message:
2026-03-26 15:23:58,426:hal4000:INFO:  handled by,62,stage,start camera
2026-03-26 15:23:58,426:hal4000:INFO:message:
2026-03-26 15:23:58,426:hal4000:INFO:  handled by,62,tcp_control,start camera
2026-03-26 15:23:58,426:hal4000:INFO:message:
2026-03-26 15:23:58,426:hal4000:INFO:  handled by,62,timing,start camera
2026-03-26 15:23:58,427:hal4000:INFO:message:
2026-03-26 15:23:58,427:hal4000:INFO:  handled by,62,uc480_camera,start camera
2026-03-26 15:23:58,427:hal4000:INFO:message:
2026-03-26 15:23:58,427:hal4000:INFO:  handled by,62,z_stage,start camera
2026-03-26 15:23:58,428:hal4000:INFO:message:
2026-03-26 15:23:58,428:hal4000:INFO:  sent,63,illumination,new shutters file
2026-03-26 15:23:58,428:hal4000:INFO:message:
2026-03-26 15:23:58,429:hal4000:INFO:  worker started 60000,62,film,start camera
2026-03-26 15:23:58,429:hal4000:INFO:message:
2026-03-26 15:23:58,429:hal4000:INFO:  handled by,63,hal,new shutters file
2026-03-26 15:23:58,429:hal4000:INFO:message:
2026-03-26 15:23:58,429:hal4000:INFO:  handled by,63,aotf,new shutters file
2026-03-26 15:23:58,430:hal4000:INFO:message:
2026-03-26 15:23:58,430:hal4000:INFO:  handled by,63,clemex_stage,new shutters file
2026-03-26 15:23:58,430:hal4000:INFO:message:
2026-03-26 15:23:58,430:hal4000:INFO:  handled by,63,coherentGenesis488,new shutters file
2026-03-26 15:23:58,431:hal4000:INFO:message:
2026-03-26 15:23:58,431:hal4000:INFO:  handled by,63,coherentGenesis560,new shutters file
2026-03-26 15:23:58,431:hal4000:INFO:message:
2026-03-26 15:23:58,431:hal4000:INFO:  handled by,63,display,new shutters file
2026-03-26 15:23:58,432:hal4000:INFO:message:
2026-03-26 15:23:58,432:hal4000:INFO:  handled by,63,feeds,new shutters file
2026-03-26 15:23:58,433:hal4000:INFO:message:
2026-03-26 15:23:58,433:hal4000:INFO:  handled by,63,film,new shutters file
2026-03-26 15:23:58,433:hal4000:INFO:message:
2026-03-26 15:23:58,433:hal4000:INFO:  handled by,63,focuslock,new shutters file
2026-03-26 15:23:58,434:hal4000:INFO:message:
2026-03-26 15:23:58,434:hal4000:INFO:  queued,65,illumination,configuration
2026-03-26 15:23:58,435:hal4000:INFO:message:
2026-03-26 15:23:58,435:hal4000:INFO:  handled by,63,illumination,new shutters file
2026-03-26 15:23:58,435:hal4000:INFO:message:
2026-03-26 15:23:58,435:hal4000:INFO:  handled by,63,mosaic,new shutters file
2026-03-26 15:23:58,436:hal4000:INFO:message:
2026-03-26 15:23:58,436:hal4000:INFO:  handled by,63,mpb642,new shutters file
2026-03-26 15:23:58,436:hal4000:INFO:message:
2026-03-26 15:23:58,437:hal4000:INFO:  handled by,63,none_irlaser,new shutters file
2026-03-26 15:23:58,437:hal4000:INFO:message:
2026-03-26 15:23:58,437:hal4000:INFO:  handled by,63,obis405,new shutters file
2026-03-26 15:23:58,437:hal4000:INFO:message:
2026-03-26 15:23:58,437:hal4000:INFO:  handled by,63,pi_controller,new shutters file
2026-03-26 15:23:58,438:hal4000:INFO:message:
2026-03-26 15:23:58,438:hal4000:INFO:  handled by,63,progressions,new shutters file
2026-03-26 15:23:58,438:hal4000:INFO:message:
2026-03-26 15:23:58,438:hal4000:INFO:  handled by,63,scmos_cal,new shutters file
2026-03-26 15:23:58,439:hal4000:INFO:message:
2026-03-26 15:23:58,439:hal4000:INFO:  handled by,63,settings,new shutters file
2026-03-26 15:23:58,440:hal4000:INFO:message:
2026-03-26 15:23:58,440:hal4000:INFO:  handled by,63,spotcounter,new shutters file
2026-03-26 15:23:58,440:hal4000:INFO:message:
2026-03-26 15:23:58,440:hal4000:INFO:  handled by,63,stage,new shutters file
2026-03-26 15:23:58,441:hal4000:INFO:message:
2026-03-26 15:23:58,441:hal4000:INFO:  handled by,63,tcp_control,new shutters file
2026-03-26 15:23:58,441:hal4000:INFO:message:
2026-03-26 15:23:58,441:hal4000:INFO:  handled by,63,timing,new shutters file
2026-03-26 15:23:58,442:hal4000:INFO:message:
2026-03-26 15:23:58,442:hal4000:INFO:  handled by,63,uc480_camera,new shutters file
2026-03-26 15:23:58,442:hal4000:INFO:message:
2026-03-26 15:23:58,442:hal4000:INFO:  handled by,63,z_stage,new shutters file
2026-03-26 15:23:58,443:hal4000:INFO:message:
2026-03-26 15:23:58,443:hal4000:INFO:  sent,64,spotcounter,get functionality
2026-03-26 15:23:58,444:hal4000:INFO:message:
2026-03-26 15:23:58,444:hal4000:INFO:  handled by,64,hal,get functionality
2026-03-26 15:23:58,445:hal4000:INFO:message:
2026-03-26 15:23:58,445:hal4000:INFO:  handled by,64,aotf,get functionality
2026-03-26 15:23:58,445:hal4000:INFO:message:
2026-03-26 15:23:58,446:hal4000:INFO:  handled by,64,clemex_stage,get functionality
2026-03-26 15:23:58,446:hal4000:INFO:message:
2026-03-26 15:23:58,446:hal4000:INFO:  handled by,64,coherentGenesis488,get functionality
2026-03-26 15:23:58,447:hal4000:INFO:message:
2026-03-26 15:23:58,447:hal4000:INFO:  handled by,64,coherentGenesis560,get functionality
2026-03-26 15:23:58,447:hal4000:INFO:message:
2026-03-26 15:23:58,448:hal4000:INFO:  handled by,64,display,get functionality
2026-03-26 15:23:58,448:hal4000:INFO:message:
2026-03-26 15:23:58,448:hal4000:INFO:  handled by,64,feeds,get functionality
2026-03-26 15:23:58,448:hal4000:INFO:message:
2026-03-26 15:23:58,449:hal4000:INFO:  handled by,64,film,get functionality
2026-03-26 15:23:58,449:hal4000:INFO:message:
2026-03-26 15:23:58,449:hal4000:INFO:  handled by,64,focuslock,get functionality
2026-03-26 15:23:58,449:hal4000:INFO:message:
2026-03-26 15:23:58,449:hal4000:INFO:  handled by,64,illumination,get functionality
2026-03-26 15:23:58,450:hal4000:INFO:message:
2026-03-26 15:23:58,450:hal4000:INFO:  handled by,64,mosaic,get functionality
2026-03-26 15:23:58,450:hal4000:INFO:message:
2026-03-26 15:23:58,450:hal4000:INFO:  handled by,64,mpb642,get functionality
2026-03-26 15:23:58,451:hal4000:INFO:message:
2026-03-26 15:23:58,451:hal4000:INFO:  handled by,64,none_irlaser,get functionality
2026-03-26 15:23:58,451:hal4000:INFO:message:
2026-03-26 15:23:58,451:hal4000:INFO:  handled by,64,obis405,get functionality
2026-03-26 15:23:58,452:hal4000:INFO:message:
2026-03-26 15:23:58,453:hal4000:INFO:  handled by,64,pi_controller,get functionality
2026-03-26 15:23:58,453:hal4000:INFO:message:
2026-03-26 15:23:58,453:hal4000:INFO:  handled by,64,progressions,get functionality
2026-03-26 15:23:58,454:hal4000:INFO:message:
2026-03-26 15:23:58,454:hal4000:INFO:  handled by,64,scmos_cal,get functionality
2026-03-26 15:23:58,454:hal4000:INFO:message:
2026-03-26 15:23:58,455:hal4000:INFO:  handled by,64,settings,get functionality
2026-03-26 15:23:58,455:hal4000:INFO:message:
2026-03-26 15:23:58,455:hal4000:INFO:  handled by,64,spotcounter,get functionality
2026-03-26 15:23:58,455:hal4000:INFO:message:
2026-03-26 15:23:58,456:hal4000:INFO:  handled by,64,stage,get functionality
2026-03-26 15:23:58,456:hal4000:INFO:message:
2026-03-26 15:23:58,456:hal4000:INFO:  handled by,64,tcp_control,get functionality
2026-03-26 15:23:58,456:hal4000:INFO:message:
2026-03-26 15:23:58,457:hal4000:INFO:  handled by,64,timing,get functionality
2026-03-26 15:23:58,457:hal4000:INFO:message:
2026-03-26 15:23:58,457:hal4000:INFO:  handled by,64,uc480_camera,get functionality
2026-03-26 15:23:58,458:hal4000:INFO:message:
2026-03-26 15:23:58,458:hal4000:INFO:  handled by,64,z_stage,get functionality
2026-03-26 15:23:58,458:hal4000:INFO:message:
2026-03-26 15:23:58,459:hal4000:INFO:  sent,65,illumination,configuration
2026-03-26 15:23:58,461:hal4000:INFO:message:
2026-03-26 15:23:58,461:hal4000:INFO:  handled by,65,hal,configuration
2026-03-26 15:23:58,461:hal4000:INFO:message:
2026-03-26 15:23:58,461:hal4000:INFO:  handled by,65,aotf,configuration
2026-03-26 15:23:58,462:hal4000:INFO:message:
2026-03-26 15:23:58,462:hal4000:INFO:  handled by,65,clemex_stage,configuration
2026-03-26 15:23:58,462:hal4000:INFO:message:
2026-03-26 15:23:58,462:hal4000:INFO:  handled by,65,coherentGenesis488,configuration
2026-03-26 15:23:58,463:hal4000:INFO:message:
2026-03-26 15:23:58,463:hal4000:INFO:  handled by,65,coherentGenesis560,configuration
2026-03-26 15:23:58,464:hal4000:INFO:message:
2026-03-26 15:23:58,464:hal4000:INFO:  handled by,65,display,configuration
2026-03-26 15:23:58,464:hal4000:INFO:message:
2026-03-26 15:23:58,465:hal4000:INFO:  handled by,65,feeds,configuration
2026-03-26 15:23:58,465:hal4000:INFO:message:
2026-03-26 15:23:58,465:hal4000:INFO:  handled by,65,film,configuration
2026-03-26 15:23:58,465:hal4000:INFO:message:
2026-03-26 15:23:58,466:hal4000:INFO:  handled by,65,focuslock,configuration
2026-03-26 15:23:58,466:hal4000:INFO:message:
2026-03-26 15:23:58,466:hal4000:INFO:  handled by,65,illumination,configuration
2026-03-26 15:23:58,466:hal4000:INFO:message:
2026-03-26 15:23:58,466:hal4000:INFO:  handled by,65,mosaic,configuration
2026-03-26 15:23:58,467:hal4000:INFO:message:
2026-03-26 15:23:58,467:hal4000:INFO:  handled by,65,mpb642,configuration
2026-03-26 15:23:58,467:hal4000:INFO:message:
2026-03-26 15:23:58,467:hal4000:INFO:  handled by,65,none_irlaser,configuration
2026-03-26 15:23:58,467:hal4000:INFO:message:
2026-03-26 15:23:58,467:hal4000:INFO:  handled by,65,obis405,configuration
2026-03-26 15:23:58,468:hal4000:INFO:message:
2026-03-26 15:23:58,468:hal4000:INFO:  handled by,65,pi_controller,configuration
2026-03-26 15:23:58,468:hal4000:INFO:message:
2026-03-26 15:23:58,468:hal4000:INFO:  handled by,65,progressions,configuration
2026-03-26 15:23:58,468:hal4000:INFO:message:
2026-03-26 15:23:58,468:hal4000:INFO:  handled by,65,scmos_cal,configuration
2026-03-26 15:23:58,469:hal4000:INFO:message:
2026-03-26 15:23:58,469:hal4000:INFO:  handled by,65,settings,configuration
2026-03-26 15:23:58,469:hal4000:INFO:message:
2026-03-26 15:23:58,469:hal4000:INFO:  handled by,65,spotcounter,configuration
2026-03-26 15:23:58,470:hal4000:INFO:message:
2026-03-26 15:23:58,470:hal4000:INFO:  handled by,65,stage,configuration
2026-03-26 15:23:58,470:hal4000:INFO:message:
2026-03-26 15:23:58,471:hal4000:INFO:  handled by,65,tcp_control,configuration
2026-03-26 15:23:58,471:hal4000:INFO:message:
2026-03-26 15:23:58,471:hal4000:INFO:  handled by,65,timing,configuration
2026-03-26 15:23:58,472:hal4000:INFO:message:
2026-03-26 15:23:58,472:hal4000:INFO:  handled by,65,uc480_camera,configuration
2026-03-26 15:23:58,472:hal4000:INFO:message:
2026-03-26 15:23:58,472:hal4000:INFO:  handled by,65,z_stage,configuration
2026-03-26 15:23:58,757:hal4000:INFO:message:
2026-03-26 15:23:58,757:hal4000:INFO:  handled by,62,camera1,start camera
2026-03-26 15:23:58,758:hal4000:INFO:message:
2026-03-26 15:23:58,758:hal4000:INFO:  processed,62,film,start camera
2026-03-26 15:23:58,758:hal4000:INFO:message:
2026-03-26 15:23:58,758:hal4000:INFO:  worker done,62,film,start camera
2026-03-26 15:23:58,759:hal4000:INFO:message:
2026-03-26 15:23:58,759:hal4000:INFO:  handled by,63,camera1,new shutters file
2026-03-26 15:23:58,759:hal4000:INFO:message:
2026-03-26 15:23:58,760:hal4000:INFO:  processed,63,illumination,new shutters file
2026-03-26 15:23:58,760:hal4000:INFO:message:
2026-03-26 15:23:58,760:hal4000:INFO:  handled by,64,camera1,get functionality
2026-03-26 15:23:58,760:hal4000:INFO:message:
2026-03-26 15:23:58,761:hal4000:INFO:  processed,64,spotcounter,get functionality
2026-03-26 15:23:58,762:hal4000:INFO:message:
2026-03-26 15:23:58,763:hal4000:INFO:  handled by,65,camera1,configuration
2026-03-26 15:23:58,763:hal4000:INFO:message:
2026-03-26 15:23:58,763:hal4000:INFO:  processed,65,illumination,configuration
2026-03-26 15:24:01,658:hal4000:INFO:message:
2026-03-26 15:24:01,659:hal4000:INFO:  queued,66,hal,close event
2026-03-26 15:24:02,095:hal4000:INFO:message:
2026-03-26 15:24:02,101:hal4000:INFO:  uc480: Call failed with error 1 is_CopyImageMem
