2026-03-26 15:10:44,045:hal4000:INFO:message:
2026-03-26 15:10:44,047:hal4000:INFO:  handled by,57,scmos_cal,get functionality
2026-03-26 15:10:44,047:hal4000:INFO:message:
2026-03-26 15:10:44,047:hal4000:INFO:  handled by,57,settings,get functionality
2026-03-26 15:10:44,047:hal4000:INFO:message:
2026-03-26 15:10:44,047:hal4000:INFO:  handled by,57,spotcounter,get functionality
2026-03-26 15:10:44,048:hal4000:INFO:message:
2026-03-26 15:10:44,048:hal4000:INFO:  handled by,57,stage,get functionality
2026-03-26 15:10:44,048:hal4000:INFO:message:
2026-03-26 15:10:44,048:hal4000:INFO:  handled by,57,tcp_control,get functionality
2026-03-26 15:10:44,048:hal4000:INFO:message:
2026-03-26 15:10:44,049:hal4000:INFO:  handled by,57,timing,get functionality
2026-03-26 15:10:44,049:hal4000:INFO:message:
2026-03-26 15:10:44,049:hal4000:INFO:  handled by,57,uc480_camera,get functionality
2026-03-26 15:10:44,049:hal4000:INFO:message:
2026-03-26 15:10:44,049:hal4000:INFO:  handled by,57,z_stage,get functionality
2026-03-26 15:10:44,049:hal4000:INFO:message:
2026-03-26 15:10:44,050:hal4000:INFO:  processed,57,scmos_cal,get functionality
2026-03-26 15:10:44,052:hal4000:INFO:message:
2026-03-26 15:10:44,052:hal4000:INFO:  sent,3,core,start
2026-03-26 15:10:44,079:hal4000:INFO:message:
2026-03-26 15:10:44,079:hal4000:INFO:  queued,58,hal,change directory
2026-03-26 15:10:44,080:hal4000:INFO:message:
2026-03-26 15:10:44,080:hal4000:INFO:  handled by,3,hal,start
2026-03-26 15:10:44,080:hal4000:INFO:message:
2026-03-26 15:10:44,080:hal4000:INFO:  handled by,3,aotf,start
2026-03-26 15:10:44,080:hal4000:INFO:message:
2026-03-26 15:10:44,081:hal4000:INFO:  handled by,3,camera1,start
2026-03-26 15:10:44,081:hal4000:INFO:message:
2026-03-26 15:10:44,081:hal4000:INFO:  handled by,3,clemex_stage,start
2026-03-26 15:10:44,081:hal4000:INFO:message:
2026-03-26 15:10:44,081:hal4000:INFO:  handled by,3,coherentGenesis488,start
2026-03-26 15:10:44,082:hal4000:INFO:message:
2026-03-26 15:10:44,082:hal4000:INFO:  handled by,3,coherentGenesis560,start
2026-03-26 15:10:44,082:hal4000:INFO:message:
2026-03-26 15:10:44,082:hal4000:INFO:  queued,59,display,get functionality
2026-03-26 15:10:44,082:hal4000:INFO:message:
2026-03-26 15:10:44,082:hal4000:INFO:  handled by,3,display,start
2026-03-26 15:10:44,083:hal4000:INFO:message:
2026-03-26 15:10:44,083:hal4000:INFO:  handled by,3,feeds,start
2026-03-26 15:10:44,083:hal4000:INFO:message:
2026-03-26 15:10:44,083:hal4000:INFO:  queued,60,film,start camera
2026-03-26 15:10:44,083:hal4000:INFO:message:
2026-03-26 15:10:44,084:hal4000:INFO:  queued,61,film,sync
2026-03-26 15:10:44,084:hal4000:INFO:message:
2026-03-26 15:10:44,084:hal4000:INFO:  queued,62,film,start camera
2026-03-26 15:10:44,084:hal4000:INFO:message:
2026-03-26 15:10:44,084:hal4000:INFO:  handled by,3,film,start
2026-03-26 15:10:44,096:hal4000:INFO:message:
2026-03-26 15:10:44,097:hal4000:INFO:  handled by,3,focuslock,start
2026-03-26 15:10:44,135:hal4000:INFO:message:
2026-03-26 15:10:44,135:hal4000:INFO:  queued,63,illumination,new shutters file
2026-03-26 15:10:44,142:hal4000:INFO:message:
2026-03-26 15:10:44,143:hal4000:INFO:  handled by,3,illumination,start
2026-03-26 15:10:44,143:hal4000:INFO:message:
2026-03-26 15:10:44,143:hal4000:INFO:  handled by,3,mosaic,start
2026-03-26 15:10:44,143:hal4000:INFO:message:
2026-03-26 15:10:44,143:hal4000:INFO:  handled by,3,mpb642,start
2026-03-26 15:10:44,144:hal4000:INFO:message:
2026-03-26 15:10:44,144:hal4000:INFO:  handled by,3,none_irlaser,start
2026-03-26 15:10:44,144:hal4000:INFO:message:
2026-03-26 15:10:44,144:hal4000:INFO:  handled by,3,obis405,start
2026-03-26 15:10:44,144:hal4000:INFO:message:
2026-03-26 15:10:44,144:hal4000:INFO:  handled by,3,pi_controller,start
2026-03-26 15:10:44,145:hal4000:INFO:message:
2026-03-26 15:10:44,145:hal4000:INFO:  handled by,3,progressions,start
2026-03-26 15:10:44,145:hal4000:INFO:message:
2026-03-26 15:10:44,145:hal4000:INFO:  handled by,3,scmos_cal,start
2026-03-26 15:10:44,145:hal4000:INFO:message:
2026-03-26 15:10:44,145:hal4000:INFO:  handled by,3,settings,start
2026-03-26 15:10:44,146:hal4000:INFO:message:
2026-03-26 15:10:44,146:hal4000:INFO:  queued,64,spotcounter,get functionality
2026-03-26 15:10:44,146:hal4000:INFO:message:
2026-03-26 15:10:44,146:hal4000:INFO:  handled by,3,spotcounter,start
2026-03-26 15:10:44,153:hal4000:INFO:message:
2026-03-26 15:10:44,154:hal4000:INFO:  handled by,3,stage,start
2026-03-26 15:10:44,154:hal4000:INFO:message:
2026-03-26 15:10:44,154:hal4000:INFO:  handled by,3,tcp_control,start
2026-03-26 15:10:44,154:hal4000:INFO:message:
2026-03-26 15:10:44,154:hal4000:INFO:  handled by,3,timing,start
2026-03-26 15:10:44,155:hal4000:INFO:message:
2026-03-26 15:10:44,155:hal4000:INFO:  handled by,3,uc480_camera,start
2026-03-26 15:10:44,162:hal4000:INFO:message:
2026-03-26 15:10:44,162:hal4000:INFO:  handled by,3,z_stage,start
2026-03-26 15:10:44,162:hal4000:INFO:message:
2026-03-26 15:10:44,162:hal4000:INFO:  processed,3,core,start
2026-03-26 15:10:44,241:hal4000:INFO:message:
2026-03-26 15:10:44,241:hal4000:INFO:  sent,58,hal,change directory
2026-03-26 15:10:44,262:hal4000:INFO:message:
2026-03-26 15:10:44,262:hal4000:INFO:  handled by,58,hal,change directory
2026-03-26 15:10:44,262:hal4000:INFO:message:
2026-03-26 15:10:44,263:hal4000:INFO:  handled by,58,aotf,change directory
2026-03-26 15:10:44,263:hal4000:INFO:message:
2026-03-26 15:10:44,263:hal4000:INFO:  handled by,58,camera1,change directory
2026-03-26 15:10:44,263:hal4000:INFO:message:
2026-03-26 15:10:44,263:hal4000:INFO:  handled by,58,clemex_stage,change directory
2026-03-26 15:10:44,264:hal4000:INFO:message:
2026-03-26 15:10:44,264:hal4000:INFO:  handled by,58,coherentGenesis488,change directory
2026-03-26 15:10:44,264:hal4000:INFO:message:
2026-03-26 15:10:44,264:hal4000:INFO:  handled by,58,coherentGenesis560,change directory
2026-03-26 15:10:44,265:hal4000:INFO:message:
2026-03-26 15:10:44,265:hal4000:INFO:  handled by,58,display,change directory
2026-03-26 15:10:44,265:hal4000:INFO:message:
2026-03-26 15:10:44,265:hal4000:INFO:  handled by,58,feeds,change directory
2026-03-26 15:10:44,266:hal4000:INFO:message:
2026-03-26 15:10:44,266:hal4000:INFO:  handled by,58,film,change directory
2026-03-26 15:10:44,266:hal4000:INFO:message:
2026-03-26 15:10:44,266:hal4000:INFO:  handled by,58,focuslock,change directory
2026-03-26 15:10:44,267:hal4000:INFO:message:
2026-03-26 15:10:44,267:hal4000:INFO:  handled by,58,illumination,change directory
2026-03-26 15:10:44,268:hal4000:INFO:message:
2026-03-26 15:10:44,268:hal4000:INFO:  handled by,58,mosaic,change directory
2026-03-26 15:10:44,268:hal4000:INFO:message:
2026-03-26 15:10:44,268:hal4000:INFO:  handled by,58,mpb642,change directory
2026-03-26 15:10:44,269:hal4000:INFO:message:
2026-03-26 15:10:44,269:hal4000:INFO:  handled by,58,none_irlaser,change directory
2026-03-26 15:10:44,269:hal4000:INFO:message:
2026-03-26 15:10:44,269:hal4000:INFO:  handled by,58,obis405,change directory
2026-03-26 15:10:44,269:hal4000:INFO:message:
2026-03-26 15:10:44,270:hal4000:INFO:  handled by,58,pi_controller,change directory
2026-03-26 15:10:44,270:hal4000:INFO:message:
2026-03-26 15:10:44,270:hal4000:INFO:  handled by,58,progressions,change directory
2026-03-26 15:10:44,271:hal4000:INFO:message:
2026-03-26 15:10:44,271:hal4000:INFO:  handled by,58,scmos_cal,change directory
2026-03-26 15:10:44,271:hal4000:INFO:message:
2026-03-26 15:10:44,271:hal4000:INFO:  handled by,58,settings,change directory
2026-03-26 15:10:44,271:hal4000:INFO:message:
2026-03-26 15:10:44,272:hal4000:INFO:  handled by,58,spotcounter,change directory
2026-03-26 15:10:44,272:hal4000:INFO:message:
2026-03-26 15:10:44,272:hal4000:INFO:  handled by,58,stage,change directory
2026-03-26 15:10:44,272:hal4000:INFO:message:
2026-03-26 15:10:44,272:hal4000:INFO:  handled by,58,tcp_control,change directory
2026-03-26 15:10:44,273:hal4000:INFO:message:
2026-03-26 15:10:44,273:hal4000:INFO:  handled by,58,timing,change directory
2026-03-26 15:10:44,273:hal4000:INFO:message:
2026-03-26 15:10:44,274:hal4000:INFO:  handled by,58,uc480_camera,change directory
2026-03-26 15:10:44,274:hal4000:INFO:message:
2026-03-26 15:10:44,274:hal4000:INFO:  handled by,58,z_stage,change directory
2026-03-26 15:10:44,275:hal4000:INFO:message:
2026-03-26 15:10:44,275:hal4000:INFO:  processed,58,hal,change directory
2026-03-26 15:10:44,275:hal4000:INFO:message:
2026-03-26 15:10:44,276:hal4000:INFO:  sent,59,display,get functionality
2026-03-26 15:10:44,277:hal4000:INFO:message:
2026-03-26 15:10:44,277:hal4000:INFO:  handled by,59,hal,get functionality
2026-03-26 15:10:44,278:hal4000:INFO:message:
2026-03-26 15:10:44,278:hal4000:INFO:  handled by,59,aotf,get functionality
2026-03-26 15:10:44,278:hal4000:INFO:message:
2026-03-26 15:10:44,278:hal4000:INFO:  handled by,59,camera1,get functionality
2026-03-26 15:10:44,279:hal4000:INFO:message:
2026-03-26 15:10:44,279:hal4000:INFO:  handled by,59,clemex_stage,get functionality
2026-03-26 15:10:44,279:hal4000:INFO:message:
2026-03-26 15:10:44,279:hal4000:INFO:  handled by,59,coherentGenesis488,get functionality
2026-03-26 15:10:44,280:hal4000:INFO:message:
2026-03-26 15:10:44,280:hal4000:INFO:  handled by,59,coherentGenesis560,get functionality
2026-03-26 15:10:44,280:hal4000:INFO:message:
2026-03-26 15:10:44,280:hal4000:INFO:  handled by,59,display,get functionality
2026-03-26 15:10:44,280:hal4000:INFO:message:
2026-03-26 15:10:44,281:hal4000:INFO:  handled by,59,feeds,get functionality
2026-03-26 15:10:44,281:hal4000:INFO:message:
2026-03-26 15:10:44,281:hal4000:INFO:  handled by,59,film,get functionality
2026-03-26 15:10:44,282:hal4000:INFO:message:
2026-03-26 15:10:44,282:hal4000:INFO:  handled by,59,focuslock,get functionality
2026-03-26 15:10:44,282:hal4000:INFO:message:
2026-03-26 15:10:44,282:hal4000:INFO:  handled by,59,illumination,get functionality
2026-03-26 15:10:44,283:hal4000:INFO:message:
2026-03-26 15:10:44,283:hal4000:INFO:  handled by,59,mosaic,get functionality
2026-03-26 15:10:44,283:hal4000:INFO:message:
2026-03-26 15:10:44,283:hal4000:INFO:  handled by,59,mpb642,get functionality
2026-03-26 15:10:44,284:hal4000:INFO:message:
2026-03-26 15:10:44,284:hal4000:INFO:  handled by,59,none_irlaser,get functionality
2026-03-26 15:10:44,284:hal4000:INFO:message:
2026-03-26 15:10:44,284:hal4000:INFO:  handled by,59,obis405,get functionality
2026-03-26 15:10:44,284:hal4000:INFO:message:
2026-03-26 15:10:44,285:hal4000:INFO:  handled by,59,pi_controller,get functionality
2026-03-26 15:10:44,285:hal4000:INFO:message:
2026-03-26 15:10:44,285:hal4000:INFO:  handled by,59,progressions,get functionality
2026-03-26 15:10:44,285:hal4000:INFO:message:
2026-03-26 15:10:44,285:hal4000:INFO:  handled by,59,scmos_cal,get functionality
2026-03-26 15:10:44,286:hal4000:INFO:message:
2026-03-26 15:10:44,286:hal4000:INFO:  handled by,59,settings,get functionality
2026-03-26 15:10:44,286:hal4000:INFO:message:
2026-03-26 15:10:44,286:hal4000:INFO:  handled by,59,spotcounter,get functionality
2026-03-26 15:10:44,286:hal4000:INFO:message:
2026-03-26 15:10:44,287:hal4000:INFO:  handled by,59,stage,get functionality
2026-03-26 15:10:44,287:hal4000:INFO:message:
2026-03-26 15:10:44,287:hal4000:INFO:  handled by,59,tcp_control,get functionality
2026-03-26 15:10:44,287:hal4000:INFO:message:
2026-03-26 15:10:44,288:hal4000:INFO:  handled by,59,timing,get functionality
2026-03-26 15:10:44,288:hal4000:INFO:message:
2026-03-26 15:10:44,288:hal4000:INFO:  handled by,59,uc480_camera,get functionality
2026-03-26 15:10:44,289:hal4000:INFO:message:
2026-03-26 15:10:44,289:hal4000:INFO:  handled by,59,z_stage,get functionality
2026-03-26 15:10:44,289:hal4000:INFO:message:
2026-03-26 15:10:44,289:hal4000:INFO:  processed,59,display,get functionality
2026-03-26 15:10:44,292:hal4000:INFO:message:
2026-03-26 15:10:44,292:hal4000:INFO:  sent,60,film,start camera
2026-03-26 15:10:44,295:hal4000:INFO:message:
2026-03-26 15:10:44,295:hal4000:INFO:  handled by,60,hal,start camera
2026-03-26 15:10:44,295:hal4000:INFO:message:
2026-03-26 15:10:44,295:hal4000:INFO:  handled by,60,aotf,start camera
2026-03-26 15:10:44,296:hal4000:INFO:message:
2026-03-26 15:10:44,296:hal4000:INFO:  handled by,60,camera1,start camera
2026-03-26 15:10:44,296:hal4000:INFO:message:
2026-03-26 15:10:44,297:hal4000:INFO:  handled by,60,clemex_stage,start camera
2026-03-26 15:10:44,297:hal4000:INFO:message:
2026-03-26 15:10:44,297:hal4000:INFO:  handled by,60,coherentGenesis488,start camera
2026-03-26 15:10:44,297:hal4000:INFO:message:
2026-03-26 15:10:44,298:hal4000:INFO:  handled by,60,coherentGenesis560,start camera
2026-03-26 15:10:44,298:hal4000:INFO:message:
2026-03-26 15:10:44,298:hal4000:INFO:  handled by,60,display,start camera
2026-03-26 15:10:44,298:hal4000:INFO:message:
2026-03-26 15:10:44,299:hal4000:INFO:  handled by,60,feeds,start camera
2026-03-26 15:10:44,299:hal4000:INFO:message:
2026-03-26 15:10:44,299:hal4000:INFO:  handled by,60,film,start camera
2026-03-26 15:10:44,299:hal4000:INFO:message:
2026-03-26 15:10:44,299:hal4000:INFO:  handled by,60,focuslock,start camera
2026-03-26 15:10:44,300:hal4000:INFO:message:
2026-03-26 15:10:44,300:hal4000:INFO:  handled by,60,illumination,start camera
2026-03-26 15:10:44,300:hal4000:INFO:message:
2026-03-26 15:10:44,300:hal4000:INFO:  handled by,60,mosaic,start camera
2026-03-26 15:10:44,300:hal4000:INFO:message:
2026-03-26 15:10:44,301:hal4000:INFO:  handled by,60,mpb642,start camera
2026-03-26 15:10:44,301:hal4000:INFO:message:
2026-03-26 15:10:44,301:hal4000:INFO:  handled by,60,none_irlaser,start camera
2026-03-26 15:10:44,301:hal4000:INFO:message:
2026-03-26 15:10:44,301:hal4000:INFO:  handled by,60,obis405,start camera
2026-03-26 15:10:44,302:hal4000:INFO:message:
2026-03-26 15:10:44,302:hal4000:INFO:  handled by,60,pi_controller,start camera
2026-03-26 15:10:44,302:hal4000:INFO:message:
2026-03-26 15:10:44,302:hal4000:INFO:  handled by,60,progressions,start camera
2026-03-26 15:10:44,303:hal4000:INFO:message:
2026-03-26 15:10:44,303:hal4000:INFO:  handled by,60,scmos_cal,start camera
2026-03-26 15:10:44,303:hal4000:INFO:message:
2026-03-26 15:10:44,303:hal4000:INFO:  handled by,60,settings,start camera
2026-03-26 15:10:44,304:hal4000:INFO:message:
2026-03-26 15:10:44,304:hal4000:INFO:  handled by,60,spotcounter,start camera
2026-03-26 15:10:44,304:hal4000:INFO:message:
2026-03-26 15:10:44,304:hal4000:INFO:  handled by,60,stage,start camera
2026-03-26 15:10:44,305:hal4000:INFO:message:
2026-03-26 15:10:44,305:hal4000:INFO:  handled by,60,tcp_control,start camera
2026-03-26 15:10:44,305:hal4000:INFO:message:
2026-03-26 15:10:44,305:hal4000:INFO:  handled by,60,timing,start camera
2026-03-26 15:10:44,306:hal4000:INFO:message:
2026-03-26 15:10:44,306:hal4000:INFO:  handled by,60,uc480_camera,start camera
2026-03-26 15:10:44,306:hal4000:INFO:message:
2026-03-26 15:10:44,306:hal4000:INFO:  handled by,60,z_stage,start camera
2026-03-26 15:10:44,306:hal4000:INFO:message:
2026-03-26 15:10:44,307:hal4000:INFO:  processed,60,film,start camera
2026-03-26 15:10:44,307:hal4000:INFO:message:
2026-03-26 15:10:44,308:hal4000:INFO:  sent,62,film,start camera
2026-03-26 15:10:44,309:hal4000:INFO:message:
2026-03-26 15:10:44,309:hal4000:INFO:  handled by,62,hal,start camera
2026-03-26 15:10:44,309:hal4000:INFO:message:
2026-03-26 15:10:44,310:hal4000:INFO:  handled by,62,aotf,start camera
2026-03-26 15:10:44,311:hal4000:INFO:message:
2026-03-26 15:10:44,311:hal4000:INFO:  handled by,62,camera1,start camera
2026-03-26 15:10:44,311:hal4000:INFO:message:
2026-03-26 15:10:44,311:hal4000:INFO:  handled by,62,clemex_stage,start camera
2026-03-26 15:10:44,312:hal4000:INFO:message:
2026-03-26 15:10:44,312:hal4000:INFO:  handled by,62,coherentGenesis488,start camera
2026-03-26 15:10:44,312:hal4000:INFO:message:
2026-03-26 15:10:44,312:hal4000:INFO:  handled by,62,coherentGenesis560,start camera
2026-03-26 15:10:44,313:hal4000:INFO:message:
2026-03-26 15:10:44,313:hal4000:INFO:  handled by,62,display,start camera
2026-03-26 15:10:44,313:hal4000:INFO:message:
2026-03-26 15:10:44,313:hal4000:INFO:  handled by,62,feeds,start camera
2026-03-26 15:10:44,317:hal4000:INFO:message:
2026-03-26 15:10:44,317:hal4000:INFO:  handled by,62,film,start camera
2026-03-26 15:10:44,317:hal4000:INFO:message:
2026-03-26 15:10:44,317:hal4000:INFO:  handled by,62,focuslock,start camera
2026-03-26 15:10:44,318:hal4000:INFO:message:
2026-03-26 15:10:44,318:hal4000:INFO:  handled by,62,illumination,start camera
2026-03-26 15:10:44,318:hal4000:INFO:message:
2026-03-26 15:10:44,318:hal4000:INFO:  handled by,62,mosaic,start camera
2026-03-26 15:10:44,319:hal4000:INFO:message:
2026-03-26 15:10:44,319:hal4000:INFO:  handled by,62,mpb642,start camera
2026-03-26 15:10:44,319:hal4000:INFO:message:
2026-03-26 15:10:44,319:hal4000:INFO:  handled by,62,none_irlaser,start camera
2026-03-26 15:10:44,319:hal4000:INFO:message:
2026-03-26 15:10:44,320:hal4000:INFO:  handled by,62,obis405,start camera
2026-03-26 15:10:44,320:hal4000:INFO:message:
2026-03-26 15:10:44,321:hal4000:INFO:  handled by,62,pi_controller,start camera
2026-03-26 15:10:44,321:hal4000:INFO:message:
2026-03-26 15:10:44,321:hal4000:INFO:  handled by,62,progressions,start camera
2026-03-26 15:10:44,321:hal4000:INFO:message:
2026-03-26 15:10:44,321:hal4000:INFO:  handled by,62,scmos_cal,start camera
2026-03-26 15:10:44,322:hal4000:INFO:message:
2026-03-26 15:10:44,322:hal4000:INFO:  handled by,62,settings,start camera
2026-03-26 15:10:44,322:hal4000:INFO:message:
2026-03-26 15:10:44,322:hal4000:INFO:  handled by,62,spotcounter,start camera
2026-03-26 15:10:44,322:hal4000:INFO:message:
2026-03-26 15:10:44,323:hal4000:INFO:  handled by,62,stage,start camera
2026-03-26 15:10:44,323:hal4000:INFO:message:
2026-03-26 15:10:44,323:hal4000:INFO:  handled by,62,tcp_control,start camera
2026-03-26 15:10:44,323:hal4000:INFO:message:
2026-03-26 15:10:44,323:hal4000:INFO:  handled by,62,timing,start camera
2026-03-26 15:10:44,324:hal4000:INFO:message:
2026-03-26 15:10:44,324:hal4000:INFO:  handled by,62,uc480_camera,start camera
2026-03-26 15:10:44,324:hal4000:INFO:message:
2026-03-26 15:10:44,324:hal4000:INFO:  handled by,62,z_stage,start camera
2026-03-26 15:10:44,325:hal4000:INFO:message:
2026-03-26 15:10:44,325:hal4000:INFO:  sent,63,illumination,new shutters file
2026-03-26 15:10:44,325:hal4000:INFO:message:
2026-03-26 15:10:44,326:hal4000:INFO:  worker started 60000,62,film,start camera
2026-03-26 15:10:44,326:hal4000:INFO:message:
2026-03-26 15:10:44,326:hal4000:INFO:  handled by,63,hal,new shutters file
2026-03-26 15:10:44,326:hal4000:INFO:message:
2026-03-26 15:10:44,326:hal4000:INFO:  handled by,63,aotf,new shutters file
2026-03-26 15:10:44,327:hal4000:INFO:message:
2026-03-26 15:10:44,327:hal4000:INFO:  handled by,63,clemex_stage,new shutters file
2026-03-26 15:10:44,328:hal4000:INFO:message:
2026-03-26 15:10:44,328:hal4000:INFO:  handled by,63,coherentGenesis488,new shutters file
2026-03-26 15:10:44,328:hal4000:INFO:message:
2026-03-26 15:10:44,328:hal4000:INFO:  handled by,63,coherentGenesis560,new shutters file
2026-03-26 15:10:44,328:hal4000:INFO:message:
2026-03-26 15:10:44,329:hal4000:INFO:  handled by,63,display,new shutters file
2026-03-26 15:10:44,329:hal4000:INFO:message:
2026-03-26 15:10:44,329:hal4000:INFO:  handled by,63,feeds,new shutters file
2026-03-26 15:10:44,329:hal4000:INFO:message:
2026-03-26 15:10:44,329:hal4000:INFO:  handled by,63,film,new shutters file
2026-03-26 15:10:44,330:hal4000:INFO:message:
2026-03-26 15:10:44,330:hal4000:INFO:  handled by,63,focuslock,new shutters file
2026-03-26 15:10:44,331:hal4000:INFO:message:
2026-03-26 15:10:44,331:hal4000:INFO:  queued,65,illumination,configuration
2026-03-26 15:10:44,331:hal4000:INFO:message:
2026-03-26 15:10:44,331:hal4000:INFO:  handled by,63,illumination,new shutters file
2026-03-26 15:10:44,332:hal4000:INFO:message:
2026-03-26 15:10:44,332:hal4000:INFO:  handled by,63,mosaic,new shutters file
2026-03-26 15:10:44,332:hal4000:INFO:message:
2026-03-26 15:10:44,332:hal4000:INFO:  handled by,63,mpb642,new shutters file
2026-03-26 15:10:44,332:hal4000:INFO:message:
2026-03-26 15:10:44,333:hal4000:INFO:  handled by,63,none_irlaser,new shutters file
2026-03-26 15:10:44,333:hal4000:INFO:message:
2026-03-26 15:10:44,333:hal4000:INFO:  handled by,63,obis405,new shutters file
2026-03-26 15:10:44,333:hal4000:INFO:message:
2026-03-26 15:10:44,333:hal4000:INFO:  handled by,63,pi_controller,new shutters file
2026-03-26 15:10:44,334:hal4000:INFO:message:
2026-03-26 15:10:44,334:hal4000:INFO:  handled by,63,progressions,new shutters file
2026-03-26 15:10:44,334:hal4000:INFO:message:
2026-03-26 15:10:44,335:hal4000:INFO:  handled by,63,scmos_cal,new shutters file
2026-03-26 15:10:44,335:hal4000:INFO:message:
2026-03-26 15:10:44,335:hal4000:INFO:  handled by,63,settings,new shutters file
2026-03-26 15:10:44,335:hal4000:INFO:message:
2026-03-26 15:10:44,335:hal4000:INFO:  handled by,63,spotcounter,new shutters file
2026-03-26 15:10:44,336:hal4000:INFO:message:
2026-03-26 15:10:44,336:hal4000:INFO:  handled by,63,stage,new shutters file
2026-03-26 15:10:44,336:hal4000:INFO:message:
2026-03-26 15:10:44,336:hal4000:INFO:  handled by,63,tcp_control,new shutters file
2026-03-26 15:10:44,336:hal4000:INFO:message:
2026-03-26 15:10:44,336:hal4000:INFO:  handled by,63,timing,new shutters file
2026-03-26 15:10:44,337:hal4000:INFO:message:
2026-03-26 15:10:44,337:hal4000:INFO:  handled by,63,uc480_camera,new shutters file
2026-03-26 15:10:44,337:hal4000:INFO:message:
2026-03-26 15:10:44,337:hal4000:INFO:  handled by,63,z_stage,new shutters file
2026-03-26 15:10:44,338:hal4000:INFO:message:
2026-03-26 15:10:44,338:hal4000:INFO:  sent,64,spotcounter,get functionality
2026-03-26 15:10:44,339:hal4000:INFO:message:
2026-03-26 15:10:44,339:hal4000:INFO:  handled by,64,hal,get functionality
2026-03-26 15:10:44,339:hal4000:INFO:message:
2026-03-26 15:10:44,339:hal4000:INFO:  handled by,64,aotf,get functionality
2026-03-26 15:10:44,340:hal4000:INFO:message:
2026-03-26 15:10:44,340:hal4000:INFO:  handled by,64,clemex_stage,get functionality
2026-03-26 15:10:44,340:hal4000:INFO:message:
2026-03-26 15:10:44,340:hal4000:INFO:  handled by,64,coherentGenesis488,get functionality
2026-03-26 15:10:44,341:hal4000:INFO:message:
2026-03-26 15:10:44,341:hal4000:INFO:  handled by,64,coherentGenesis560,get functionality
2026-03-26 15:10:44,341:hal4000:INFO:message:
2026-03-26 15:10:44,341:hal4000:INFO:  handled by,64,display,get functionality
2026-03-26 15:10:44,342:hal4000:INFO:message:
2026-03-26 15:10:44,342:hal4000:INFO:  handled by,64,feeds,get functionality
2026-03-26 15:10:44,342:hal4000:INFO:message:
2026-03-26 15:10:44,342:hal4000:INFO:  handled by,64,film,get functionality
2026-03-26 15:10:44,343:hal4000:INFO:message:
2026-03-26 15:10:44,343:hal4000:INFO:  handled by,64,focuslock,get functionality
2026-03-26 15:10:44,343:hal4000:INFO:message:
2026-03-26 15:10:44,343:hal4000:INFO:  handled by,64,illumination,get functionality
2026-03-26 15:10:44,344:hal4000:INFO:message:
2026-03-26 15:10:44,344:hal4000:INFO:  handled by,64,mosaic,get functionality
2026-03-26 15:10:44,344:hal4000:INFO:message:
2026-03-26 15:10:44,344:hal4000:INFO:  handled by,64,mpb642,get functionality
2026-03-26 15:10:44,345:hal4000:INFO:message:
2026-03-26 15:10:44,345:hal4000:INFO:  handled by,64,none_irlaser,get functionality
2026-03-26 15:10:44,345:hal4000:INFO:message:
2026-03-26 15:10:44,345:hal4000:INFO:  handled by,64,obis405,get functionality
2026-03-26 15:10:44,346:hal4000:INFO:message:
2026-03-26 15:10:44,346:hal4000:INFO:  handled by,64,pi_controller,get functionality
2026-03-26 15:10:44,346:hal4000:INFO:message:
2026-03-26 15:10:44,346:hal4000:INFO:  handled by,64,progressions,get functionality
2026-03-26 15:10:44,346:hal4000:INFO:message:
2026-03-26 15:10:44,347:hal4000:INFO:  handled by,64,scmos_cal,get functionality
2026-03-26 15:10:44,347:hal4000:INFO:message:
2026-03-26 15:10:44,348:hal4000:INFO:  handled by,64,settings,get functionality
2026-03-26 15:10:44,348:hal4000:INFO:message:
2026-03-26 15:10:44,348:hal4000:INFO:  handled by,64,spotcounter,get functionality
2026-03-26 15:10:44,348:hal4000:INFO:message:
2026-03-26 15:10:44,348:hal4000:INFO:  handled by,64,stage,get functionality
2026-03-26 15:10:44,349:hal4000:INFO:message:
2026-03-26 15:10:44,349:hal4000:INFO:  handled by,64,tcp_control,get functionality
2026-03-26 15:10:44,349:hal4000:INFO:message:
2026-03-26 15:10:44,349:hal4000:INFO:  handled by,64,timing,get functionality
2026-03-26 15:10:44,349:hal4000:INFO:message:
2026-03-26 15:10:44,350:hal4000:INFO:  handled by,64,uc480_camera,get functionality
2026-03-26 15:10:44,350:hal4000:INFO:message:
2026-03-26 15:10:44,350:hal4000:INFO:  handled by,64,z_stage,get functionality
2026-03-26 15:10:44,351:hal4000:INFO:message:
2026-03-26 15:10:44,351:hal4000:INFO:  sent,65,illumination,configuration
2026-03-26 15:10:44,353:hal4000:INFO:message:
2026-03-26 15:10:44,353:hal4000:INFO:  handled by,65,hal,configuration
2026-03-26 15:10:44,353:hal4000:INFO:message:
2026-03-26 15:10:44,353:hal4000:INFO:  handled by,65,aotf,configuration
2026-03-26 15:10:44,354:hal4000:INFO:message:
2026-03-26 15:10:44,354:hal4000:INFO:  handled by,65,clemex_stage,configuration
2026-03-26 15:10:44,354:hal4000:INFO:message:
2026-03-26 15:10:44,354:hal4000:INFO:  handled by,65,coherentGenesis488,configuration
2026-03-26 15:10:44,355:hal4000:INFO:message:
2026-03-26 15:10:44,355:hal4000:INFO:  handled by,65,coherentGenesis560,configuration
2026-03-26 15:10:44,355:hal4000:INFO:message:
2026-03-26 15:10:44,355:hal4000:INFO:  handled by,65,display,configuration
2026-03-26 15:10:44,356:hal4000:INFO:message:
2026-03-26 15:10:44,356:hal4000:INFO:  handled by,65,feeds,configuration
2026-03-26 15:10:44,356:hal4000:INFO:message:
2026-03-26 15:10:44,356:hal4000:INFO:  handled by,65,film,configuration
2026-03-26 15:10:44,357:hal4000:INFO:message:
2026-03-26 15:10:44,357:hal4000:INFO:  handled by,65,focuslock,configuration
2026-03-26 15:10:44,357:hal4000:INFO:message:
2026-03-26 15:10:44,357:hal4000:INFO:  handled by,65,illumination,configuration
2026-03-26 15:10:44,357:hal4000:INFO:message:
2026-03-26 15:10:44,358:hal4000:INFO:  handled by,65,mosaic,configuration
2026-03-26 15:10:44,359:hal4000:INFO:message:
2026-03-26 15:10:44,359:hal4000:INFO:  handled by,65,mpb642,configuration
2026-03-26 15:10:44,359:hal4000:INFO:message:
2026-03-26 15:10:44,359:hal4000:INFO:  handled by,65,none_irlaser,configuration
2026-03-26 15:10:44,359:hal4000:INFO:message:
2026-03-26 15:10:44,359:hal4000:INFO:  handled by,65,obis405,configuration
2026-03-26 15:10:44,360:hal4000:INFO:message:
2026-03-26 15:10:44,360:hal4000:INFO:  handled by,65,pi_controller,configuration
2026-03-26 15:10:44,360:hal4000:INFO:message:
2026-03-26 15:10:44,360:hal4000:INFO:  handled by,65,progressions,configuration
2026-03-26 15:10:44,360:hal4000:INFO:message:
2026-03-26 15:10:44,361:hal4000:INFO:  handled by,65,scmos_cal,configuration
2026-03-26 15:10:44,361:hal4000:INFO:message:
2026-03-26 15:10:44,361:hal4000:INFO:  handled by,65,settings,configuration
2026-03-26 15:10:44,361:hal4000:INFO:message:
2026-03-26 15:10:44,362:hal4000:INFO:  handled by,65,spotcounter,configuration
2026-03-26 15:10:44,362:hal4000:INFO:message:
2026-03-26 15:10:44,362:hal4000:INFO:  handled by,65,stage,configuration
2026-03-26 15:10:44,362:hal4000:INFO:message:
2026-03-26 15:10:44,363:hal4000:INFO:  handled by,65,tcp_control,configuration
2026-03-26 15:10:44,363:hal4000:INFO:message:
2026-03-26 15:10:44,363:hal4000:INFO:  handled by,65,timing,configuration
2026-03-26 15:10:44,363:hal4000:INFO:message:
2026-03-26 15:10:44,363:hal4000:INFO:  handled by,65,uc480_camera,configuration
2026-03-26 15:10:44,364:hal4000:INFO:message:
2026-03-26 15:10:44,364:hal4000:INFO:  handled by,65,z_stage,configuration
2026-03-26 15:10:44,454:hal4000:INFO:message:
2026-03-26 15:10:44,454:hal4000:INFO:  Fitting problem: Number of calls to function has reached maxfev = 500.
2026-03-26 15:10:44,651:hal4000:INFO:message:
2026-03-26 15:10:44,651:hal4000:INFO:  handled by,62,camera1,start camera
2026-03-26 15:10:44,651:hal4000:INFO:message:
2026-03-26 15:10:44,652:hal4000:INFO:  processed,62,film,start camera
2026-03-26 15:10:44,652:hal4000:INFO:message:
2026-03-26 15:10:44,652:hal4000:INFO:  worker done,62,film,start camera
2026-03-26 15:10:44,653:hal4000:INFO:message:
2026-03-26 15:10:44,653:hal4000:INFO:  handled by,63,camera1,new shutters file
2026-03-26 15:10:44,653:hal4000:INFO:message:
2026-03-26 15:10:44,653:hal4000:INFO:  processed,63,illumination,new shutters file
2026-03-26 15:10:44,654:hal4000:INFO:message:
2026-03-26 15:10:44,654:hal4000:INFO:  handled by,64,camera1,get functionality
2026-03-26 15:10:44,654:hal4000:INFO:message:
2026-03-26 15:10:44,655:hal4000:INFO:  processed,64,spotcounter,get functionality
2026-03-26 15:10:44,657:hal4000:INFO:message:
2026-03-26 15:10:44,657:hal4000:INFO:  handled by,65,camera1,configuration
2026-03-26 15:10:44,657:hal4000:INFO:message:
2026-03-26 15:10:44,657:hal4000:INFO:  processed,65,illumination,configuration
2026-03-26 15:10:44,729:hal4000:INFO:message:
2026-03-26 15:10:44,730:hal4000:INFO:  Fitting problem: Number of calls to function has reached maxfev = 500.
2026-03-26 15:10:45,007:hal4000:INFO:message:
2026-03-26 15:10:45,007:hal4000:INFO:  Fitting problem: Number of calls to function has reached maxfev = 500.
2026-03-26 15:10:45,306:hal4000:INFO:message:
2026-03-26 15:10:45,306:hal4000:INFO:  Fitting problem: Number of calls to function has reached maxfev = 500.
2026-03-26 15:10:45,584:hal4000:INFO:message:
2026-03-26 15:10:45,584:hal4000:INFO:  Fitting problem: Number of calls to function has reached maxfev = 500.
2026-03-26 15:10:45,882:hal4000:INFO:message:
2026-03-26 15:10:45,882:hal4000:INFO:  Fitting problem: Number of calls to function has reached maxfev = 500.
2026-03-26 15:10:46,154:hal4000:INFO:message:
2026-03-26 15:10:46,154:hal4000:INFO:  Fitting problem: Number of calls to function has reached maxfev = 500.
2026-03-26 15:10:46,427:hal4000:INFO:message:
2026-03-26 15:10:46,428:hal4000:INFO:  Fitting problem: Number of calls to function has reached maxfev = 500.
2026-03-26 15:10:46,702:hal4000:INFO:message:
2026-03-26 15:10:46,702:hal4000:INFO:  Fitting problem: Number of calls to function has reached maxfev = 500.
2026-03-26 15:10:46,981:hal4000:INFO:message:
2026-03-26 15:10:46,981:hal4000:INFO:  Fitting problem: Number of calls to function has reached maxfev = 500.
2026-03-26 15:10:47,270:hal4000:INFO:message:
2026-03-26 15:10:47,270:hal4000:INFO:  Fitting problem: Number of calls to function has reached maxfev = 500.
2026-03-26 15:10:47,546:hal4000:INFO:message:
2026-03-26 15:10:47,547:hal4000:INFO:  Fitting problem: Number of calls to function has reached maxfev = 500.
2026-03-26 15:10:47,825:hal4000:INFO:message:
2026-03-26 15:10:47,825:hal4000:INFO:  Fitting problem: Number of calls to function has reached maxfev = 500.
2026-03-26 15:10:48,096:hal4000:INFO:message:
2026-03-26 15:10:48,096:hal4000:INFO:  Fitting problem: Number of calls to function has reached maxfev = 500.
2026-03-26 15:10:48,368:hal4000:INFO:message:
2026-03-26 15:10:48,368:hal4000:INFO:  Fitting problem: Number of calls to function has reached maxfev = 500.
2026-03-26 15:10:48,643:hal4000:INFO:message:
2026-03-26 15:10:48,643:hal4000:INFO:  Fitting problem: Number of calls to function has reached maxfev = 500.
2026-03-26 15:10:48,915:hal4000:INFO:message:
2026-03-26 15:10:48,915:hal4000:INFO:  Fitting problem: Number of calls to function has reached maxfev = 500.
2026-03-26 15:10:49,191:hal4000:INFO:message:
2026-03-26 15:10:49,192:hal4000:INFO:  Fitting problem: Number of calls to function has reached maxfev = 500.
2026-03-26 15:10:49,473:hal4000:INFO:message:
2026-03-26 15:10:49,473:hal4000:INFO:  Fitting problem: Number of calls to function has reached maxfev = 500.
2026-03-26 15:10:49,770:hal4000:INFO:message:
2026-03-26 15:10:49,770:hal4000:INFO:  Fitting problem: Number of calls to function has reached maxfev = 500.
2026-03-26 15:10:50,121:hal4000:INFO:message:
2026-03-26 15:10:50,121:hal4000:INFO:  Fitting problem: Number of calls to function has reached maxfev = 500.
2026-03-26 15:10:50,503:hal4000:INFO:message:
2026-03-26 15:10:50,503:hal4000:INFO:  Fitting problem: Number of calls to function has reached maxfev = 500.
2026-03-26 15:10:50,865:hal4000:INFO:message:
2026-03-26 15:10:50,867:hal4000:INFO:  Fitting problem: Number of calls to function has reached maxfev = 500.
2026-03-26 15:10:51,252:hal4000:INFO:message:
2026-03-26 15:10:51,253:hal4000:INFO:  Fitting problem: Number of calls to function has reached maxfev = 500.
2026-03-26 15:10:51,566:hal4000:INFO:message:
2026-03-26 15:10:51,566:hal4000:INFO:  Fitting problem: Number of calls to function has reached maxfev = 500.
2026-03-26 15:10:51,845:hal4000:INFO:message:
2026-03-26 15:10:51,845:hal4000:INFO:  Fitting problem: Number of calls to function has reached maxfev = 500.
2026-03-26 15:10:52,126:hal4000:INFO:message:
2026-03-26 15:10:52,126:hal4000:INFO:  Fitting problem: Number of calls to function has reached maxfev = 500.
2026-03-26 15:10:52,410:hal4000:INFO:message:
2026-03-26 15:10:52,410:hal4000:INFO:  Fitting problem: Number of calls to function has reached maxfev = 500.
2026-03-26 15:10:52,692:hal4000:INFO:message:
2026-03-26 15:10:52,692:hal4000:INFO:  Fitting problem: Number of calls to function has reached maxfev = 500.
2026-03-26 15:10:52,967:hal4000:INFO:message:
2026-03-26 15:10:52,967:hal4000:INFO:  Fitting problem: Number of calls to function has reached maxfev = 500.
2026-03-26 15:10:53,244:hal4000:INFO:message:
2026-03-26 15:10:53,244:hal4000:INFO:  Fitting problem: Number of calls to function has reached maxfev = 500.
2026-03-26 15:10:53,521:hal4000:INFO:message:
2026-03-26 15:10:53,521:hal4000:INFO:  Fitting problem: Number of calls to function has reached maxfev = 500.
2026-03-26 15:10:53,800:hal4000:INFO:message:
2026-03-26 15:10:53,801:hal4000:INFO:  Fitting problem: Number of calls to function has reached maxfev = 500.
2026-03-26 15:10:54,080:hal4000:INFO:message:
2026-03-26 15:10:54,080:hal4000:INFO:  Fitting problem: Number of calls to function has reached maxfev = 500.
2026-03-26 15:10:54,357:hal4000:INFO:message:
2026-03-26 15:10:54,357:hal4000:INFO:  Fitting problem: Number of calls to function has reached maxfev = 500.
2026-03-26 15:10:54,632:hal4000:INFO:message:
2026-03-26 15:10:54,632:hal4000:INFO:  Fitting problem: Number of calls to function has reached maxfev = 500.
2026-03-26 15:10:54,910:hal4000:INFO:message:
2026-03-26 15:10:54,912:hal4000:INFO:  Fitting problem: Number of calls to function has reached maxfev = 500.
2026-03-26 15:10:55,186:hal4000:INFO:message:
2026-03-26 15:10:55,186:hal4000:INFO:  Fitting problem: Number of calls to function has reached maxfev = 500.
2026-03-26 15:10:55,463:hal4000:INFO:message:
2026-03-26 15:10:55,464:hal4000:INFO:  Fitting problem: Number of calls to function has reached maxfev = 500.
2026-03-26 15:10:55,743:hal4000:INFO:message:
2026-03-26 15:10:55,743:hal4000:INFO:  Fitting problem: Number of calls to function has reached maxfev = 500.
2026-03-26 15:10:56,016:hal4000:INFO:message:
2026-03-26 15:10:56,016:hal4000:INFO:  Fitting problem: Number of calls to function has reached maxfev = 500.
2026-03-26 15:10:56,301:hal4000:INFO:message:
2026-03-26 15:10:56,301:hal4000:INFO:  Fitting problem: Number of calls to function has reached maxfev = 500.
2026-03-26 15:10:56,583:hal4000:INFO:message:
2026-03-26 15:10:56,583:hal4000:INFO:  Fitting problem: Number of calls to function has reached maxfev = 500.
2026-03-26 15:10:56,869:hal4000:INFO:message:
2026-03-26 15:10:56,869:hal4000:INFO:  Fitting problem: Number of calls to function has reached maxfev = 500.
2026-03-26 15:10:57,148:hal4000:INFO:message:
2026-03-26 15:10:57,148:hal4000:INFO:  Fitting problem: Number of calls to function has reached maxfev = 500.
2026-03-26 15:10:57,425:hal4000:INFO:message:
2026-03-26 15:10:57,425:hal4000:INFO:  Fitting problem: Number of calls to function has reached maxfev = 500.
2026-03-26 15:10:57,710:hal4000:INFO:message:
2026-03-26 15:10:57,710:hal4000:INFO:  Fitting problem: Number of calls to function has reached maxfev = 500.
2026-03-26 15:10:57,990:hal4000:INFO:message:
2026-03-26 15:10:57,990:hal4000:INFO:  Fitting problem: Number of calls to function has reached maxfev = 500.
2026-03-26 15:10:58,273:hal4000:INFO:message:
2026-03-26 15:10:58,273:hal4000:INFO:  Fitting problem: Number of calls to function has reached maxfev = 500.
2026-03-26 15:10:58,556:hal4000:INFO:message:
2026-03-26 15:10:58,556:hal4000:INFO:  Fitting problem: Number of calls to function has reached maxfev = 500.
2026-03-26 15:10:58,843:hal4000:INFO:message:
2026-03-26 15:10:58,843:hal4000:INFO:  Fitting problem: Number of calls to function has reached maxfev = 500.
2026-03-26 15:10:59,127:hal4000:INFO:message:
2026-03-26 15:10:59,127:hal4000:INFO:  Fitting problem: Number of calls to function has reached maxfev = 500.
2026-03-26 15:10:59,407:hal4000:INFO:message:
2026-03-26 15:10:59,408:hal4000:INFO:  Fitting problem: Number of calls to function has reached maxfev = 500.
2026-03-26 15:10:59,694:hal4000:INFO:message:
2026-03-26 15:10:59,694:hal4000:INFO:  Fitting problem: Number of calls to function has reached maxfev = 500.
2026-03-26 15:10:59,983:hal4000:INFO:message:
2026-03-26 15:10:59,983:hal4000:INFO:  Fitting problem: Number of calls to function has reached maxfev = 500.
2026-03-26 15:11:00,268:hal4000:INFO:message:
2026-03-26 15:11:00,268:hal4000:INFO:  Fitting problem: Number of calls to function has reached maxfev = 500.
2026-03-26 15:11:00,545:hal4000:INFO:message:
2026-03-26 15:11:00,545:hal4000:INFO:  Fitting problem: Number of calls to function has reached maxfev = 500.
2026-03-26 15:11:00,829:hal4000:INFO:message:
2026-03-26 15:11:00,830:hal4000:INFO:  Fitting problem: Number of calls to function has reached maxfev = 500.
2026-03-26 15:11:01,111:hal4000:INFO:message:
2026-03-26 15:11:01,111:hal4000:INFO:  Fitting problem: Number of calls to function has reached maxfev = 500.
2026-03-26 15:11:01,396:hal4000:INFO:message:
2026-03-26 15:11:01,397:hal4000:INFO:  Fitting problem: Number of calls to function has reached maxfev = 500.
2026-03-26 15:11:01,684:hal4000:INFO:message:
2026-03-26 15:11:01,684:hal4000:INFO:  Fitting problem: Number of calls to function has reached maxfev = 500.
2026-03-26 15:11:01,965:hal4000:INFO:message:
2026-03-26 15:11:01,965:hal4000:INFO:  Fitting problem: Number of calls to function has reached maxfev = 500.
2026-03-26 15:11:02,246:hal4000:INFO:message:
2026-03-26 15:11:02,246:hal4000:INFO:  Fitting problem: Number of calls to function has reached maxfev = 500.
2026-03-26 15:11:02,521:hal4000:INFO:message:
2026-03-26 15:11:02,521:hal4000:INFO:  Fitting problem: Number of calls to function has reached maxfev = 500.
2026-03-26 15:11:02,802:hal4000:INFO:message:
2026-03-26 15:11:02,802:hal4000:INFO:  Fitting problem: Number of calls to function has reached maxfev = 500.
2026-03-26 15:11:03,071:hal4000:INFO:message:
2026-03-26 15:11:03,072:hal4000:INFO:  Fitting problem: Number of calls to function has reached maxfev = 500.
2026-03-26 15:11:03,356:hal4000:INFO:message:
2026-03-26 15:11:03,356:hal4000:INFO:  Fitting problem: Number of calls to function has reached maxfev = 500.
2026-03-26 15:11:03,641:hal4000:INFO:message:
2026-03-26 15:11:03,641:hal4000:INFO:  Fitting problem: Number of calls to function has reached maxfev = 500.
2026-03-26 15:11:03,922:hal4000:INFO:message:
2026-03-26 15:11:03,922:hal4000:INFO:  Fitting problem: Number of calls to function has reached maxfev = 500.
2026-03-26 15:11:04,210:hal4000:INFO:message:
2026-03-26 15:11:04,210:hal4000:INFO:  Fitting problem: Number of calls to function has reached maxfev = 500.
2026-03-26 15:11:04,486:hal4000:INFO:message:
2026-03-26 15:11:04,486:hal4000:INFO:  Fitting problem: Number of calls to function has reached maxfev = 500.
2026-03-26 15:11:04,768:hal4000:INFO:message:
2026-03-26 15:11:04,768:hal4000:INFO:  Fitting problem: Number of calls to function has reached maxfev = 500.
2026-03-26 15:11:05,046:hal4000:INFO:message:
2026-03-26 15:11:05,046:hal4000:INFO:  Fitting problem: Number of calls to function has reached maxfev = 500.
2026-03-26 15:11:05,330:hal4000:INFO:message:
2026-03-26 15:11:05,330:hal4000:INFO:  Fitting problem: Number of calls to function has reached maxfev = 500.
2026-03-26 15:11:05,604:hal4000:INFO:message:
2026-03-26 15:11:05,604:hal4000:INFO:  Fitting problem: Number of calls to function has reached maxfev = 500.
2026-03-26 15:11:05,889:hal4000:INFO:message:
2026-03-26 15:11:05,889:hal4000:INFO:  Fitting problem: Number of calls to function has reached maxfev = 500.
2026-03-26 15:11:06,171:hal4000:INFO:message:
2026-03-26 15:11:06,171:hal4000:INFO:  Fitting problem: Number of calls to function has reached maxfev = 500.
2026-03-26 15:11:06,447:hal4000:INFO:message:
2026-03-26 15:11:06,447:hal4000:INFO:  Fitting problem: Number of calls to function has reached maxfev = 500.
2026-03-26 15:11:06,728:hal4000:INFO:message:
2026-03-26 15:11:06,729:hal4000:INFO:  Fitting problem: Number of calls to function has reached maxfev = 500.
2026-03-26 15:11:07,006:hal4000:INFO:message:
2026-03-26 15:11:07,006:hal4000:INFO:  Fitting problem: Number of calls to function has reached maxfev = 500.
2026-03-26 15:11:07,288:hal4000:INFO:message:
2026-03-26 15:11:07,288:hal4000:INFO:  Fitting problem: Number of calls to function has reached maxfev = 500.
2026-03-26 15:11:07,567:hal4000:INFO:message:
2026-03-26 15:11:07,567:hal4000:INFO:  Fitting problem: Number of calls to function has reached maxfev = 500.
2026-03-26 15:11:07,852:hal4000:INFO:message:
2026-03-26 15:11:07,852:hal4000:INFO:  Fitting problem: Number of calls to function has reached maxfev = 500.
2026-03-26 15:11:08,129:hal4000:INFO:message:
2026-03-26 15:11:08,129:hal4000:INFO:  Fitting problem: Number of calls to function has reached maxfev = 500.
2026-03-26 15:11:08,413:hal4000:INFO:message:
2026-03-26 15:11:08,413:hal4000:INFO:  Fitting problem: Number of calls to function has reached maxfev = 500.
2026-03-26 15:11:08,692:hal4000:INFO:message:
2026-03-26 15:11:08,692:hal4000:INFO:  Fitting problem: Number of calls to function has reached maxfev = 500.
2026-03-26 15:11:08,970:hal4000:INFO:message:
2026-03-26 15:11:08,971:hal4000:INFO:  Fitting problem: Number of calls to function has reached maxfev = 500.
2026-03-26 15:11:09,247:hal4000:INFO:message:
2026-03-26 15:11:09,247:hal4000:INFO:  Fitting problem: Number of calls to function has reached maxfev = 500.
2026-03-26 15:11:09,520:hal4000:INFO:message:
2026-03-26 15:11:09,520:hal4000:INFO:  Fitting problem: Number of calls to function has reached maxfev = 500.
2026-03-26 15:11:09,801:hal4000:INFO:message:
2026-03-26 15:11:09,801:hal4000:INFO:  Fitting problem: Number of calls to function has reached maxfev = 500.
2026-03-26 15:11:10,083:hal4000:INFO:message:
2026-03-26 15:11:10,083:hal4000:INFO:  Fitting problem: Number of calls to function has reached maxfev = 500.
2026-03-26 15:11:10,370:hal4000:INFO:message:
2026-03-26 15:11:10,370:hal4000:INFO:  Fitting problem: Number of calls to function has reached maxfev = 500.
2026-03-26 15:11:10,649:hal4000:INFO:message:
2026-03-26 15:11:10,649:hal4000:INFO:  Fitting problem: Number of calls to function has reached maxfev = 500.
2026-03-26 15:11:10,929:hal4000:INFO:message:
2026-03-26 15:11:10,930:hal4000:INFO:  Fitting problem: Number of calls to function has reached maxfev = 500.
2026-03-26 15:11:11,213:hal4000:INFO:message:
2026-03-26 15:11:11,214:hal4000:INFO:  Fitting problem: Number of calls to function has reached maxfev = 500.
2026-03-26 15:11:11,488:hal4000:INFO:message:
2026-03-26 15:11:11,488:hal4000:INFO:  Fitting problem: Number of calls to function has reached maxfev = 500.
2026-03-26 15:11:11,770:hal4000:INFO:message:
2026-03-26 15:11:11,770:hal4000:INFO:  Fitting problem: Number of calls to function has reached maxfev = 500.
2026-03-26 15:11:12,045:hal4000:INFO:message:
2026-03-26 15:11:12,045:hal4000:INFO:  Fitting problem: Number of calls to function has reached maxfev = 500.
2026-03-26 15:11:12,333:hal4000:INFO:message:
2026-03-26 15:11:12,333:hal4000:INFO:  Fitting problem: Number of calls to function has reached maxfev = 500.
2026-03-26 15:11:12,611:hal4000:INFO:message:
2026-03-26 15:11:12,611:hal4000:INFO:  Fitting problem: Number of calls to function has reached maxfev = 500.
2026-03-26 15:11:12,891:hal4000:INFO:message:
2026-03-26 15:11:12,892:hal4000:INFO:  Fitting problem: Number of calls to function has reached maxfev = 500.
2026-03-26 15:11:13,171:hal4000:INFO:message:
2026-03-26 15:11:13,171:hal4000:INFO:  Fitting problem: Number of calls to function has reached maxfev = 500.
2026-03-26 15:11:13,451:hal4000:INFO:message:
2026-03-26 15:11:13,452:hal4000:INFO:  Fitting problem: Number of calls to function has reached maxfev = 500.
2026-03-26 15:11:13,744:hal4000:INFO:message:
2026-03-26 15:11:13,744:hal4000:INFO:  Fitting problem: Number of calls to function has reached maxfev = 500.
2026-03-26 15:11:14,023:hal4000:INFO:message:
2026-03-26 15:11:14,023:hal4000:INFO:  Fitting problem: Number of calls to function has reached maxfev = 500.
2026-03-26 15:11:14,307:hal4000:INFO:message:
2026-03-26 15:11:14,308:hal4000:INFO:  Fitting problem: Number of calls to function has reached maxfev = 500.
2026-03-26 15:11:14,583:hal4000:INFO:message:
2026-03-26 15:11:14,583:hal4000:INFO:  Fitting problem: Number of calls to function has reached maxfev = 500.
2026-03-26 15:11:14,867:hal4000:INFO:message:
2026-03-26 15:11:14,867:hal4000:INFO:  Fitting problem: Number of calls to function has reached maxfev = 500.
2026-03-26 15:11:15,143:hal4000:INFO:message:
2026-03-26 15:11:15,144:hal4000:INFO:  Fitting problem: Number of calls to function has reached maxfev = 500.
2026-03-26 15:11:15,419:hal4000:INFO:message:
2026-03-26 15:11:15,420:hal4000:INFO:  Fitting problem: Number of calls to function has reached maxfev = 500.
2026-03-26 15:11:15,697:hal4000:INFO:message:
2026-03-26 15:11:15,697:hal4000:INFO:  Fitting problem: Number of calls to function has reached maxfev = 500.
2026-03-26 15:11:15,973:hal4000:INFO:message:
2026-03-26 15:11:15,974:hal4000:INFO:  Fitting problem: Number of calls to function has reached maxfev = 500.
2026-03-26 15:11:16,253:hal4000:INFO:message:
2026-03-26 15:11:16,253:hal4000:INFO:  Fitting problem: Number of calls to function has reached maxfev = 500.
2026-03-26 15:11:16,533:hal4000:INFO:message:
2026-03-26 15:11:16,533:hal4000:INFO:  Fitting problem: Number of calls to function has reached maxfev = 500.
2026-03-26 15:11:16,821:hal4000:INFO:message:
2026-03-26 15:11:16,821:hal4000:INFO:  Fitting problem: Number of calls to function has reached maxfev = 500.
2026-03-26 15:11:17,100:hal4000:INFO:message:
2026-03-26 15:11:17,100:hal4000:INFO:  Fitting problem: Number of calls to function has reached maxfev = 500.
2026-03-26 15:11:17,384:hal4000:INFO:message:
2026-03-26 15:11:17,385:hal4000:INFO:  Fitting problem: Number of calls to function has reached maxfev = 500.
2026-03-26 15:11:17,667:hal4000:INFO:message:
2026-03-26 15:11:17,667:hal4000:INFO:  Fitting problem: Number of calls to function has reached maxfev = 500.
2026-03-26 15:11:17,976:hal4000:INFO:message:
2026-03-26 15:11:17,976:hal4000:INFO:  Fitting problem: Number of calls to function has reached maxfev = 500.
2026-03-26 15:11:18,247:hal4000:INFO:message:
2026-03-26 15:11:18,247:hal4000:INFO:  Fitting problem: Number of calls to function has reached maxfev = 500.
2026-03-26 15:11:18,516:hal4000:INFO:message:
2026-03-26 15:11:18,517:hal4000:INFO:  Fitting problem: Number of calls to function has reached maxfev = 500.
2026-03-26 15:11:18,791:hal4000:INFO:message:
2026-03-26 15:11:18,791:hal4000:INFO:  Fitting problem: Number of calls to function has reached maxfev = 500.
2026-03-26 15:11:19,068:hal4000:INFO:message:
2026-03-26 15:11:19,068:hal4000:INFO:  Fitting problem: Number of calls to function has reached maxfev = 500.
2026-03-26 15:11:19,341:hal4000:INFO:message:
2026-03-26 15:11:19,341:hal4000:INFO:  Fitting problem: Number of calls to function has reached maxfev = 500.
2026-03-26 15:11:19,616:hal4000:INFO:message:
2026-03-26 15:11:19,616:hal4000:INFO:  Fitting problem: Number of calls to function has reached maxfev = 500.
2026-03-26 15:11:19,892:hal4000:INFO:message:
2026-03-26 15:11:19,892:hal4000:INFO:  Fitting problem: Number of calls to function has reached maxfev = 500.
2026-03-26 15:11:20,170:hal4000:INFO:message:
2026-03-26 15:11:20,171:hal4000:INFO:  Fitting problem: Number of calls to function has reached maxfev = 500.
2026-03-26 15:11:20,532:hal4000:INFO:message:
2026-03-26 15:11:20,532:hal4000:INFO:  Fitting problem: Number of calls to function has reached maxfev = 500.
2026-03-26 15:11:20,889:hal4000:INFO:message:
2026-03-26 15:11:20,889:hal4000:INFO:  Fitting problem: Number of calls to function has reached maxfev = 500.
2026-03-26 15:11:21,244:hal4000:INFO:message:
2026-03-26 15:11:21,244:hal4000:INFO:  Fitting problem: Number of calls to function has reached maxfev = 500.
2026-03-26 15:11:21,559:hal4000:INFO:message:
2026-03-26 15:11:21,560:hal4000:INFO:  Fitting problem: Number of calls to function has reached maxfev = 500.
2026-03-26 15:11:21,831:hal4000:INFO:message:
2026-03-26 15:11:21,831:hal4000:INFO:  Fitting problem: Number of calls to function has reached maxfev = 500.
2026-03-26 15:11:22,105:hal4000:INFO:message:
2026-03-26 15:11:22,105:hal4000:INFO:  Fitting problem: Number of calls to function has reached maxfev = 500.
2026-03-26 15:11:22,381:hal4000:INFO:message:
2026-03-26 15:11:22,381:hal4000:INFO:  Fitting problem: Number of calls to function has reached maxfev = 500.
2026-03-26 15:11:22,671:hal4000:INFO:message:
2026-03-26 15:11:22,671:hal4000:INFO:  Fitting problem: Number of calls to function has reached maxfev = 500.
2026-03-26 15:11:22,951:hal4000:INFO:message:
2026-03-26 15:11:22,951:hal4000:INFO:  Fitting problem: Number of calls to function has reached maxfev = 500.
2026-03-26 15:11:23,234:hal4000:INFO:message:
2026-03-26 15:11:23,234:hal4000:INFO:  Fitting problem: Number of calls to function has reached maxfev = 500.
2026-03-26 15:11:23,506:hal4000:INFO:message:
2026-03-26 15:11:23,507:hal4000:INFO:  Fitting problem: Number of calls to function has reached maxfev = 500.
2026-03-26 15:11:23,784:hal4000:INFO:message:
2026-03-26 15:11:23,784:hal4000:INFO:  Fitting problem: Number of calls to function has reached maxfev = 500.
2026-03-26 15:11:24,052:hal4000:INFO:message:
2026-03-26 15:11:24,052:hal4000:INFO:  Fitting problem: Number of calls to function has reached maxfev = 500.
2026-03-26 15:11:24,330:hal4000:INFO:message:
2026-03-26 15:11:24,330:hal4000:INFO:  Fitting problem: Number of calls to function has reached maxfev = 500.
2026-03-26 15:11:24,597:hal4000:INFO:message:
2026-03-26 15:11:24,598:hal4000:INFO:  Fitting problem: Number of calls to function has reached maxfev = 500.
2026-03-26 15:11:24,875:hal4000:INFO:message:
2026-03-26 15:11:24,875:hal4000:INFO:  Fitting problem: Number of calls to function has reached maxfev = 500.
2026-03-26 15:11:25,154:hal4000:INFO:message:
2026-03-26 15:11:25,154:hal4000:INFO:  Fitting problem: Number of calls to function has reached maxfev = 500.
2026-03-26 15:11:25,426:hal4000:INFO:message:
2026-03-26 15:11:25,426:hal4000:INFO:  Fitting problem: Number of calls to function has reached maxfev = 500.
2026-03-26 15:11:25,724:hal4000:INFO:message:
2026-03-26 15:11:25,724:hal4000:INFO:  Fitting problem: Number of calls to function has reached maxfev = 500.
2026-03-26 15:11:25,991:hal4000:INFO:message:
2026-03-26 15:11:25,991:hal4000:INFO:  Fitting problem: Number of calls to function has reached maxfev = 500.
2026-03-26 15:11:26,275:hal4000:INFO:message:
2026-03-26 15:11:26,275:hal4000:INFO:  Fitting problem: Number of calls to function has reached maxfev = 500.
2026-03-26 15:11:26,547:hal4000:INFO:message:
2026-03-26 15:11:26,547:hal4000:INFO:  Fitting problem: Number of calls to function has reached maxfev = 500.
2026-03-26 15:11:26,830:hal4000:INFO:message:
2026-03-26 15:11:26,830:hal4000:INFO:  Fitting problem: Number of calls to function has reached maxfev = 500.
2026-03-26 15:11:27,102:hal4000:INFO:message:
2026-03-26 15:11:27,102:hal4000:INFO:  Fitting problem: Number of calls to function has reached maxfev = 500.
2026-03-26 15:11:27,378:hal4000:INFO:message:
2026-03-26 15:11:27,378:hal4000:INFO:  Fitting problem: Number of calls to function has reached maxfev = 500.
2026-03-26 15:11:27,643:hal4000:INFO:message:
2026-03-26 15:11:27,643:hal4000:INFO:  Fitting problem: Number of calls to function has reached maxfev = 500.
2026-03-26 15:11:27,915:hal4000:INFO:message:
2026-03-26 15:11:27,915:hal4000:INFO:  Fitting problem: Number of calls to function has reached maxfev = 500.
2026-03-26 15:11:28,181:hal4000:INFO:message:
2026-03-26 15:11:28,181:hal4000:INFO:  Fitting problem: Number of calls to function has reached maxfev = 500.
2026-03-26 15:11:28,448:hal4000:INFO:message:
2026-03-26 15:11:28,448:hal4000:INFO:  Fitting problem: Number of calls to function has reached maxfev = 500.
2026-03-26 15:11:28,725:hal4000:INFO:message:
2026-03-26 15:11:28,725:hal4000:INFO:  Fitting problem: Number of calls to function has reached maxfev = 500.
2026-03-26 15:11:28,992:hal4000:INFO:message:
2026-03-26 15:11:28,992:hal4000:INFO:  Fitting problem: Number of calls to function has reached maxfev = 500.
2026-03-26 15:11:29,269:hal4000:INFO:message:
2026-03-26 15:11:29,269:hal4000:INFO:  Fitting problem: Number of calls to function has reached maxfev = 500.
2026-03-26 15:11:29,549:hal4000:INFO:message:
2026-03-26 15:11:29,549:hal4000:INFO:  Fitting problem: Number of calls to function has reached maxfev = 500.
2026-03-26 15:11:29,826:hal4000:INFO:message:
2026-03-26 15:11:29,826:hal4000:INFO:  Fitting problem: Number of calls to function has reached maxfev = 500.
2026-03-26 15:11:30,104:hal4000:INFO:message:
2026-03-26 15:11:30,104:hal4000:INFO:  Fitting problem: Number of calls to function has reached maxfev = 500.
2026-03-26 15:11:30,405:hal4000:INFO:message:
2026-03-26 15:11:30,406:hal4000:INFO:  Fitting problem: Number of calls to function has reached maxfev = 500.
2026-03-26 15:11:30,710:hal4000:INFO:message:
2026-03-26 15:11:30,710:hal4000:INFO:  Fitting problem: Number of calls to function has reached maxfev = 500.
2026-03-26 15:11:31,027:hal4000:INFO:message:
2026-03-26 15:11:31,027:hal4000:INFO:  Fitting problem: Number of calls to function has reached maxfev = 500.
2026-03-26 15:11:31,312:hal4000:INFO:message:
2026-03-26 15:11:31,312:hal4000:INFO:  Fitting problem: Number of calls to function has reached maxfev = 500.
2026-03-26 15:11:31,590:hal4000:INFO:message:
2026-03-26 15:11:31,591:hal4000:INFO:  Fitting problem: Number of calls to function has reached maxfev = 500.
2026-03-26 15:11:31,894:hal4000:INFO:message:
2026-03-26 15:11:31,894:hal4000:INFO:  Fitting problem: Number of calls to function has reached maxfev = 500.
2026-03-26 15:11:32,169:hal4000:INFO:message:
2026-03-26 15:11:32,169:hal4000:INFO:  Fitting problem: Number of calls to function has reached maxfev = 500.
2026-03-26 15:11:32,456:hal4000:INFO:message:
2026-03-26 15:11:32,457:hal4000:INFO:  Fitting problem: Number of calls to function has reached maxfev = 500.
2026-03-26 15:11:32,756:hal4000:INFO:message:
2026-03-26 15:11:32,756:hal4000:INFO:  Fitting problem: Number of calls to function has reached maxfev = 500.
2026-03-26 15:11:33,033:hal4000:INFO:message:
2026-03-26 15:11:33,033:hal4000:INFO:  Fitting problem: Number of calls to function has reached maxfev = 500.
2026-03-26 15:11:33,315:hal4000:INFO:message:
2026-03-26 15:11:33,315:hal4000:INFO:  Fitting problem: Number of calls to function has reached maxfev = 500.
2026-03-26 15:11:33,590:hal4000:INFO:message:
2026-03-26 15:11:33,590:hal4000:INFO:  Fitting problem: Number of calls to function has reached maxfev = 500.
2026-03-26 15:11:33,868:hal4000:INFO:message:
2026-03-26 15:11:33,868:hal4000:INFO:  Fitting problem: Number of calls to function has reached maxfev = 500.
2026-03-26 15:11:34,138:hal4000:INFO:message:
2026-03-26 15:11:34,139:hal4000:INFO:  Fitting problem: Number of calls to function has reached maxfev = 500.
2026-03-26 15:11:34,429:hal4000:INFO:message:
2026-03-26 15:11:34,429:hal4000:INFO:  Fitting problem: Number of calls to function has reached maxfev = 500.
2026-03-26 15:11:34,698:hal4000:INFO:message:
2026-03-26 15:11:34,699:hal4000:INFO:  Fitting problem: Number of calls to function has reached maxfev = 500.
2026-03-26 15:11:35,015:hal4000:INFO:message:
2026-03-26 15:11:35,015:hal4000:INFO:  Fitting problem: Number of calls to function has reached maxfev = 500.
2026-03-26 15:11:35,293:hal4000:INFO:message:
2026-03-26 15:11:35,294:hal4000:INFO:  Fitting problem: Number of calls to function has reached maxfev = 500.
2026-03-26 15:11:35,568:hal4000:INFO:message:
2026-03-26 15:11:35,568:hal4000:INFO:  Fitting problem: Number of calls to function has reached maxfev = 500.
2026-03-26 15:11:35,845:hal4000:INFO:message:
2026-03-26 15:11:35,845:hal4000:INFO:  Fitting problem: Number of calls to function has reached maxfev = 500.
2026-03-26 15:11:36,111:hal4000:INFO:message:
2026-03-26 15:11:36,111:hal4000:INFO:  Fitting problem: Number of calls to function has reached maxfev = 500.
2026-03-26 15:11:36,386:hal4000:INFO:message:
2026-03-26 15:11:36,387:hal4000:INFO:  Fitting problem: Number of calls to function has reached maxfev = 500.
2026-03-26 15:11:36,655:hal4000:INFO:message:
2026-03-26 15:11:36,656:hal4000:INFO:  Fitting problem: Number of calls to function has reached maxfev = 500.
2026-03-26 15:11:36,936:hal4000:INFO:message:
2026-03-26 15:11:36,936:hal4000:INFO:  Fitting problem: Number of calls to function has reached maxfev = 500.
2026-03-26 15:11:37,208:hal4000:INFO:message:
2026-03-26 15:11:37,208:hal4000:INFO:  Fitting problem: Number of calls to function has reached maxfev = 500.
2026-03-26 15:11:37,483:hal4000:INFO:message:
2026-03-26 15:11:37,483:hal4000:INFO:  Fitting problem: Number of calls to function has reached maxfev = 500.
2026-03-26 15:11:37,759:hal4000:INFO:message:
2026-03-26 15:11:37,759:hal4000:INFO:  Fitting problem: Number of calls to function has reached maxfev = 500.
2026-03-26 15:11:38,031:hal4000:INFO:message:
2026-03-26 15:11:38,031:hal4000:INFO:  Fitting problem: Number of calls to function has reached maxfev = 500.
2026-03-26 15:11:38,304:hal4000:INFO:message:
2026-03-26 15:11:38,304:hal4000:INFO:  Fitting problem: Number of calls to function has reached maxfev = 500.
2026-03-26 15:11:38,576:hal4000:INFO:message:
2026-03-26 15:11:38,576:hal4000:INFO:  Fitting problem: Number of calls to function has reached maxfev = 500.
2026-03-26 15:11:38,856:hal4000:INFO:message:
2026-03-26 15:11:38,856:hal4000:INFO:  Fitting problem: Number of calls to function has reached maxfev = 500.
2026-03-26 15:11:39,128:hal4000:INFO:message:
2026-03-26 15:11:39,128:hal4000:INFO:  Fitting problem: Number of calls to function has reached maxfev = 500.
2026-03-26 15:11:39,399:hal4000:INFO:message:
2026-03-26 15:11:39,399:hal4000:INFO:  Fitting problem: Number of calls to function has reached maxfev = 500.
2026-03-26 15:11:39,674:hal4000:INFO:message:
2026-03-26 15:11:39,674:hal4000:INFO:  Fitting problem: Number of calls to function has reached maxfev = 500.
2026-03-26 15:11:39,944:hal4000:INFO:message:
2026-03-26 15:11:39,945:hal4000:INFO:  Fitting problem: Number of calls to function has reached maxfev = 500.
2026-03-26 15:11:40,216:hal4000:INFO:message:
2026-03-26 15:11:40,216:hal4000:INFO:  Fitting problem: Number of calls to function has reached maxfev = 500.
2026-03-26 15:11:40,486:hal4000:INFO:message:
2026-03-26 15:11:40,486:hal4000:INFO:  Fitting problem: Number of calls to function has reached maxfev = 500.
2026-03-26 15:11:40,758:hal4000:INFO:message:
2026-03-26 15:11:40,758:hal4000:INFO:  Fitting problem: Number of calls to function has reached maxfev = 500.
2026-03-26 15:11:41,027:hal4000:INFO:message:
2026-03-26 15:11:41,027:hal4000:INFO:  Fitting problem: Number of calls to function has reached maxfev = 500.
2026-03-26 15:11:41,301:hal4000:INFO:message:
2026-03-26 15:11:41,301:hal4000:INFO:  Fitting problem: Number of calls to function has reached maxfev = 500.
2026-03-26 15:11:41,575:hal4000:INFO:message:
2026-03-26 15:11:41,575:hal4000:INFO:  Fitting problem: Number of calls to function has reached maxfev = 500.
2026-03-26 15:11:41,850:hal4000:INFO:message:
2026-03-26 15:11:41,850:hal4000:INFO:  Fitting problem: Number of calls to function has reached maxfev = 500.
2026-03-26 15:11:42,122:hal4000:INFO:message:
2026-03-26 15:11:42,122:hal4000:INFO:  Fitting problem: Number of calls to function has reached maxfev = 500.
2026-03-26 15:11:42,397:hal4000:INFO:message:
2026-03-26 15:11:42,397:hal4000:INFO:  Fitting problem: Number of calls to function has reached maxfev = 500.
2026-03-26 15:11:42,669:hal4000:INFO:message:
2026-03-26 15:11:42,669:hal4000:INFO:  Fitting problem: Number of calls to function has reached maxfev = 500.
2026-03-26 15:11:42,940:hal4000:INFO:message:
2026-03-26 15:11:42,940:hal4000:INFO:  Fitting problem: Number of calls to function has reached maxfev = 500.
2026-03-26 15:11:43,209:hal4000:INFO:message:
2026-03-26 15:11:43,209:hal4000:INFO:  Fitting problem: Number of calls to function has reached maxfev = 500.
2026-03-26 15:11:43,480:hal4000:INFO:message:
2026-03-26 15:11:43,480:hal4000:INFO:  Fitting problem: Number of calls to function has reached maxfev = 500.
2026-03-26 15:11:43,753:hal4000:INFO:message:
2026-03-26 15:11:43,753:hal4000:INFO:  Fitting problem: Number of calls to function has reached maxfev = 500.
2026-03-26 15:11:44,025:hal4000:INFO:message:
2026-03-26 15:11:44,025:hal4000:INFO:  Fitting problem: Number of calls to function has reached maxfev = 500.
2026-03-26 15:11:44,294:hal4000:INFO:message:
2026-03-26 15:11:44,294:hal4000:INFO:  Fitting problem: Number of calls to function has reached maxfev = 500.
2026-03-26 15:11:44,572:hal4000:INFO:message:
2026-03-26 15:11:44,572:hal4000:INFO:  Fitting problem: Number of calls to function has reached maxfev = 500.
2026-03-26 15:11:44,846:hal4000:INFO:message:
2026-03-26 15:11:44,846:hal4000:INFO:  Fitting problem: Number of calls to function has reached maxfev = 500.
2026-03-26 15:11:45,110:hal4000:INFO:message:
2026-03-26 15:11:45,110:hal4000:INFO:  Fitting problem: Number of calls to function has reached maxfev = 500.
2026-03-26 15:11:45,380:hal4000:INFO:message:
2026-03-26 15:11:45,381:hal4000:INFO:  Fitting problem: Number of calls to function has reached maxfev = 500.
2026-03-26 15:11:45,646:hal4000:INFO:message:
2026-03-26 15:11:45,647:hal4000:INFO:  Fitting problem: Number of calls to function has reached maxfev = 500.
2026-03-26 15:11:45,917:hal4000:INFO:message:
2026-03-26 15:11:45,917:hal4000:INFO:  Fitting problem: Number of calls to function has reached maxfev = 500.
2026-03-26 15:11:46,189:hal4000:INFO:message:
2026-03-26 15:11:46,190:hal4000:INFO:  Fitting problem: Number of calls to function has reached maxfev = 500.
2026-03-26 15:11:46,462:hal4000:INFO:message:
2026-03-26 15:11:46,462:hal4000:INFO:  Fitting problem: Number of calls to function has reached maxfev = 500.
2026-03-26 15:11:46,735:hal4000:INFO:message:
2026-03-26 15:11:46,736:hal4000:INFO:  Fitting problem: Number of calls to function has reached maxfev = 500.
2026-03-26 15:11:47,007:hal4000:INFO:message:
2026-03-26 15:11:47,007:hal4000:INFO:  Fitting problem: Number of calls to function has reached maxfev = 500.
2026-03-26 15:11:47,276:hal4000:INFO:message:
2026-03-26 15:11:47,276:hal4000:INFO:  Fitting problem: Number of calls to function has reached maxfev = 500.
2026-03-26 15:11:47,545:hal4000:INFO:message:
2026-03-26 15:11:47,545:hal4000:INFO:  Fitting problem: Number of calls to function has reached maxfev = 500.
2026-03-26 15:11:47,818:hal4000:INFO:message:
2026-03-26 15:11:47,819:hal4000:INFO:  Fitting problem: Number of calls to function has reached maxfev = 500.
2026-03-26 15:11:48,086:hal4000:INFO:message:
2026-03-26 15:11:48,087:hal4000:INFO:  Fitting problem: Number of calls to function has reached maxfev = 500.
2026-03-26 15:11:48,362:hal4000:INFO:message:
2026-03-26 15:11:48,363:hal4000:INFO:  Fitting problem: Number of calls to function has reached maxfev = 500.
2026-03-26 15:11:48,629:hal4000:INFO:message:
2026-03-26 15:11:48,629:hal4000:INFO:  Fitting problem: Number of calls to function has reached maxfev = 500.
2026-03-26 15:11:48,897:hal4000:INFO:message:
2026-03-26 15:11:48,897:hal4000:INFO:  Fitting problem: Number of calls to function has reached maxfev = 500.
2026-03-26 15:11:49,167:hal4000:INFO:message:
2026-03-26 15:11:49,167:hal4000:INFO:  Fitting problem: Number of calls to function has reached maxfev = 500.
2026-03-26 15:11:49,442:hal4000:INFO:message:
2026-03-26 15:11:49,442:hal4000:INFO:  Fitting problem: Number of calls to function has reached maxfev = 500.
2026-03-26 15:11:49,714:hal4000:INFO:message:
2026-03-26 15:11:49,714:hal4000:INFO:  Fitting problem: Number of calls to function has reached maxfev = 500.
2026-03-26 15:11:49,987:hal4000:INFO:message:
2026-03-26 15:11:49,987:hal4000:INFO:  Fitting problem: Number of calls to function has reached maxfev = 500.
2026-03-26 15:11:50,258:hal4000:INFO:message:
2026-03-26 15:11:50,258:hal4000:INFO:  Fitting problem: Number of calls to function has reached maxfev = 500.
2026-03-26 15:11:50,529:hal4000:INFO:message:
2026-03-26 15:11:50,529:hal4000:INFO:  Fitting problem: Number of calls to function has reached maxfev = 500.
2026-03-26 15:11:50,800:hal4000:INFO:message:
2026-03-26 15:11:50,800:hal4000:INFO:  Fitting problem: Number of calls to function has reached maxfev = 500.
2026-03-26 15:11:51,071:hal4000:INFO:message:
2026-03-26 15:11:51,071:hal4000:INFO:  Fitting problem: Number of calls to function has reached maxfev = 500.
2026-03-26 15:11:51,343:hal4000:INFO:message:
2026-03-26 15:11:51,343:hal4000:INFO:  Fitting problem: Number of calls to function has reached maxfev = 500.
2026-03-26 15:11:51,615:hal4000:INFO:message:
2026-03-26 15:11:51,615:hal4000:INFO:  Fitting problem: Number of calls to function has reached maxfev = 500.
2026-03-26 15:11:51,888:hal4000:INFO:message:
2026-03-26 15:11:51,889:hal4000:INFO:  Fitting problem: Number of calls to function has reached maxfev = 500.
2026-03-26 15:11:52,163:hal4000:INFO:message:
2026-03-26 15:11:52,163:hal4000:INFO:  Fitting problem: Number of calls to function has reached maxfev = 500.
2026-03-26 15:11:52,443:hal4000:INFO:message:
2026-03-26 15:11:52,443:hal4000:INFO:  Fitting problem: Number of calls to function has reached maxfev = 500.
2026-03-26 15:11:52,715:hal4000:INFO:message:
2026-03-26 15:11:52,715:hal4000:INFO:  Fitting problem: Number of calls to function has reached maxfev = 500.
2026-03-26 15:11:52,989:hal4000:INFO:message:
2026-03-26 15:11:52,989:hal4000:INFO:  Fitting problem: Number of calls to function has reached maxfev = 500.
2026-03-26 15:11:53,263:hal4000:INFO:message:
2026-03-26 15:11:53,263:hal4000:INFO:  Fitting problem: Number of calls to function has reached maxfev = 500.
2026-03-26 15:11:53,540:hal4000:INFO:message:
2026-03-26 15:11:53,540:hal4000:INFO:  Fitting problem: Number of calls to function has reached maxfev = 500.
2026-03-26 15:11:53,816:hal4000:INFO:message:
2026-03-26 15:11:53,817:hal4000:INFO:  Fitting problem: Number of calls to function has reached maxfev = 500.
2026-03-26 15:11:54,093:hal4000:INFO:message:
2026-03-26 15:11:54,093:hal4000:INFO:  Fitting problem: Number of calls to function has reached maxfev = 500.
2026-03-26 15:11:54,371:hal4000:INFO:message:
2026-03-26 15:11:54,371:hal4000:INFO:  Fitting problem: Number of calls to function has reached maxfev = 500.
2026-03-26 15:11:54,653:hal4000:INFO:message:
2026-03-26 15:11:54,653:hal4000:INFO:  Fitting problem: Number of calls to function has reached maxfev = 500.
2026-03-26 15:11:54,996:hal4000:INFO:message:
2026-03-26 15:11:54,996:hal4000:INFO:  Fitting problem: Number of calls to function has reached maxfev = 500.
2026-03-26 15:11:55,280:hal4000:INFO:message:
2026-03-26 15:11:55,281:hal4000:INFO:  Fitting problem: Number of calls to function has reached maxfev = 500.
2026-03-26 15:11:55,555:hal4000:INFO:message:
2026-03-26 15:11:55,555:hal4000:INFO:  Fitting problem: Number of calls to function has reached maxfev = 500.
2026-03-26 15:11:55,828:hal4000:INFO:message:
2026-03-26 15:11:55,828:hal4000:INFO:  Fitting problem: Number of calls to function has reached maxfev = 500.
2026-03-26 15:11:56,099:hal4000:INFO:message:
2026-03-26 15:11:56,099:hal4000:INFO:  Fitting problem: Number of calls to function has reached maxfev = 500.
2026-03-26 15:11:56,149:hal4000:INFO:message:
2026-03-26 15:11:56,149:hal4000:INFO:  queued,66,hal,close event
2026-03-26 15:11:56,381:hal4000:INFO:message:
2026-03-26 15:11:56,381:hal4000:INFO:  Fitting problem: Number of calls to function has reached maxfev = 500.
2026-03-26 15:11:56,560:hal4000:INFO:message:
2026-03-26 15:11:56,561:hal4000:INFO:  Fitting problem: Number of calls to function has reached maxfev = 500.
2026-03-26 15:11:56,605:hal4000:INFO:message:
2026-03-26 15:11:56,606:hal4000:INFO:  uc480: Call failed with error 1 is_CopyImageMem
