2026-03-26 17:49:49,621:hal4000:INFO:  processed,3,core,start
2026-03-26 17:49:49,700:hal4000:INFO:message:
2026-03-26 17:49:49,700:hal4000:INFO:  sent,58,hal,change directory
2026-03-26 17:49:49,734:hal4000:INFO:message:
2026-03-26 17:49:49,735:hal4000:INFO:  handled by,58,hal,change directory
2026-03-26 17:49:49,735:hal4000:INFO:message:
2026-03-26 17:49:49,735:hal4000:INFO:  handled by,58,aotf,change directory
2026-03-26 17:49:49,735:hal4000:INFO:message:
2026-03-26 17:49:49,735:hal4000:INFO:  handled by,58,camera1,change directory
2026-03-26 17:49:49,736:hal4000:INFO:message:
2026-03-26 17:49:49,736:hal4000:INFO:  handled by,58,clemex_stage,change directory
2026-03-26 17:49:49,737:hal4000:INFO:message:
2026-03-26 17:49:49,737:hal4000:INFO:  handled by,58,coherentGenesis488,change directory
2026-03-26 17:49:49,737:hal4000:INFO:message:
2026-03-26 17:49:49,737:hal4000:INFO:  handled by,58,coherentGenesis560,change directory
2026-03-26 17:49:49,737:hal4000:INFO:message:
2026-03-26 17:49:49,738:hal4000:INFO:  handled by,58,display,change directory
2026-03-26 17:49:49,738:hal4000:INFO:message:
2026-03-26 17:49:49,738:hal4000:INFO:  handled by,58,feeds,change directory
2026-03-26 17:49:49,739:hal4000:INFO:message:
2026-03-26 17:49:49,740:hal4000:INFO:  handled by,58,film,change directory
2026-03-26 17:49:49,740:hal4000:INFO:message:
2026-03-26 17:49:49,740:hal4000:INFO:  handled by,58,focuslock,change directory
2026-03-26 17:49:49,740:hal4000:INFO:message:
2026-03-26 17:49:49,740:hal4000:INFO:  handled by,58,illumination,change directory
2026-03-26 17:49:49,741:hal4000:INFO:message:
2026-03-26 17:49:49,741:hal4000:INFO:  handled by,58,mosaic,change directory
2026-03-26 17:49:49,741:hal4000:INFO:message:
2026-03-26 17:49:49,741:hal4000:INFO:  handled by,58,mpb642,change directory
2026-03-26 17:49:49,741:hal4000:INFO:message:
2026-03-26 17:49:49,742:hal4000:INFO:  handled by,58,none_irlaser,change directory
2026-03-26 17:49:49,742:hal4000:INFO:message:
2026-03-26 17:49:49,742:hal4000:INFO:  handled by,58,obis405,change directory
2026-03-26 17:49:49,742:hal4000:INFO:message:
2026-03-26 17:49:49,742:hal4000:INFO:  handled by,58,pi_controller,change directory
2026-03-26 17:49:49,743:hal4000:INFO:message:
2026-03-26 17:49:49,743:hal4000:INFO:  handled by,58,progressions,change directory
2026-03-26 17:49:49,743:hal4000:INFO:message:
2026-03-26 17:49:49,744:hal4000:INFO:  handled by,58,scmos_cal,change directory
2026-03-26 17:49:49,744:hal4000:INFO:message:
2026-03-26 17:49:49,744:hal4000:INFO:  handled by,58,settings,change directory
2026-03-26 17:49:49,744:hal4000:INFO:message:
2026-03-26 17:49:49,744:hal4000:INFO:  handled by,58,spotcounter,change directory
2026-03-26 17:49:49,745:hal4000:INFO:message:
2026-03-26 17:49:49,745:hal4000:INFO:  handled by,58,stage,change directory
2026-03-26 17:49:49,745:hal4000:INFO:message:
2026-03-26 17:49:49,745:hal4000:INFO:  handled by,58,tcp_control,change directory
2026-03-26 17:49:49,745:hal4000:INFO:message:
2026-03-26 17:49:49,745:hal4000:INFO:  handled by,58,timing,change directory
2026-03-26 17:49:49,746:hal4000:INFO:message:
2026-03-26 17:49:49,746:hal4000:INFO:  handled by,58,uc480_camera,change directory
2026-03-26 17:49:49,746:hal4000:INFO:message:
2026-03-26 17:49:49,746:hal4000:INFO:  handled by,58,z_stage,change directory
2026-03-26 17:49:49,747:hal4000:INFO:message:
2026-03-26 17:49:49,747:hal4000:INFO:  processed,58,hal,change directory
2026-03-26 17:49:49,748:hal4000:INFO:message:
2026-03-26 17:49:49,748:hal4000:INFO:  sent,59,display,get functionality
2026-03-26 17:49:49,756:hal4000:INFO:message:
2026-03-26 17:49:49,756:hal4000:INFO:  handled by,59,hal,get functionality
2026-03-26 17:49:49,756:hal4000:INFO:message:
2026-03-26 17:49:49,756:hal4000:INFO:  handled by,59,aotf,get functionality
2026-03-26 17:49:49,756:hal4000:INFO:message:
2026-03-26 17:49:49,757:hal4000:INFO:  handled by,59,camera1,get functionality
2026-03-26 17:49:49,757:hal4000:INFO:message:
2026-03-26 17:49:49,757:hal4000:INFO:  handled by,59,clemex_stage,get functionality
2026-03-26 17:49:49,757:hal4000:INFO:message:
2026-03-26 17:49:49,757:hal4000:INFO:  handled by,59,coherentGenesis488,get functionality
2026-03-26 17:49:49,758:hal4000:INFO:message:
2026-03-26 17:49:49,758:hal4000:INFO:  handled by,59,coherentGenesis560,get functionality
2026-03-26 17:49:49,758:hal4000:INFO:message:
2026-03-26 17:49:49,758:hal4000:INFO:  handled by,59,display,get functionality
2026-03-26 17:49:49,758:hal4000:INFO:message:
2026-03-26 17:49:49,758:hal4000:INFO:  handled by,59,feeds,get functionality
2026-03-26 17:49:49,759:hal4000:INFO:message:
2026-03-26 17:49:49,759:hal4000:INFO:  handled by,59,film,get functionality
2026-03-26 17:49:49,759:hal4000:INFO:message:
2026-03-26 17:49:49,760:hal4000:INFO:  handled by,59,focuslock,get functionality
2026-03-26 17:49:49,760:hal4000:INFO:message:
2026-03-26 17:49:49,760:hal4000:INFO:  handled by,59,illumination,get functionality
2026-03-26 17:49:49,760:hal4000:INFO:message:
2026-03-26 17:49:49,760:hal4000:INFO:  handled by,59,mosaic,get functionality
2026-03-26 17:49:49,760:hal4000:INFO:message:
2026-03-26 17:49:49,760:hal4000:INFO:  handled by,59,mpb642,get functionality
2026-03-26 17:49:49,761:hal4000:INFO:message:
2026-03-26 17:49:49,761:hal4000:INFO:  handled by,59,none_irlaser,get functionality
2026-03-26 17:49:49,761:hal4000:INFO:message:
2026-03-26 17:49:49,761:hal4000:INFO:  handled by,59,obis405,get functionality
2026-03-26 17:49:49,761:hal4000:INFO:message:
2026-03-26 17:49:49,762:hal4000:INFO:  handled by,59,pi_controller,get functionality
2026-03-26 17:49:49,762:hal4000:INFO:message:
2026-03-26 17:49:49,762:hal4000:INFO:  handled by,59,progressions,get functionality
2026-03-26 17:49:49,762:hal4000:INFO:message:
2026-03-26 17:49:49,762:hal4000:INFO:  handled by,59,scmos_cal,get functionality
2026-03-26 17:49:49,763:hal4000:INFO:message:
2026-03-26 17:49:49,763:hal4000:INFO:  handled by,59,settings,get functionality
2026-03-26 17:49:49,763:hal4000:INFO:message:
2026-03-26 17:49:49,763:hal4000:INFO:  handled by,59,spotcounter,get functionality
2026-03-26 17:49:49,764:hal4000:INFO:message:
2026-03-26 17:49:49,764:hal4000:INFO:  handled by,59,stage,get functionality
2026-03-26 17:49:49,764:hal4000:INFO:message:
2026-03-26 17:49:49,764:hal4000:INFO:  handled by,59,tcp_control,get functionality
2026-03-26 17:49:49,764:hal4000:INFO:message:
2026-03-26 17:49:49,765:hal4000:INFO:  handled by,59,timing,get functionality
2026-03-26 17:49:49,765:hal4000:INFO:message:
2026-03-26 17:49:49,765:hal4000:INFO:  handled by,59,uc480_camera,get functionality
2026-03-26 17:49:49,765:hal4000:INFO:message:
2026-03-26 17:49:49,765:hal4000:INFO:  handled by,59,z_stage,get functionality
2026-03-26 17:49:49,766:hal4000:INFO:message:
2026-03-26 17:49:49,766:hal4000:INFO:  processed,59,display,get functionality
2026-03-26 17:49:49,769:hal4000:INFO:message:
2026-03-26 17:49:49,769:hal4000:INFO:  sent,60,film,start camera
2026-03-26 17:49:49,772:hal4000:INFO:message:
2026-03-26 17:49:49,772:hal4000:INFO:  handled by,60,hal,start camera
2026-03-26 17:49:49,772:hal4000:INFO:message:
2026-03-26 17:49:49,773:hal4000:INFO:  handled by,60,aotf,start camera
2026-03-26 17:49:49,773:hal4000:INFO:message:
2026-03-26 17:49:49,773:hal4000:INFO:  handled by,60,camera1,start camera
2026-03-26 17:49:49,773:hal4000:INFO:message:
2026-03-26 17:49:49,773:hal4000:INFO:  handled by,60,clemex_stage,start camera
2026-03-26 17:49:49,774:hal4000:INFO:message:
2026-03-26 17:49:49,774:hal4000:INFO:  handled by,60,coherentGenesis488,start camera
2026-03-26 17:49:49,774:hal4000:INFO:message:
2026-03-26 17:49:49,774:hal4000:INFO:  handled by,60,coherentGenesis560,start camera
2026-03-26 17:49:49,775:hal4000:INFO:message:
2026-03-26 17:49:49,775:hal4000:INFO:  handled by,60,display,start camera
2026-03-26 17:49:49,775:hal4000:INFO:message:
2026-03-26 17:49:49,775:hal4000:INFO:  handled by,60,feeds,start camera
2026-03-26 17:49:49,776:hal4000:INFO:message:
2026-03-26 17:49:49,776:hal4000:INFO:  handled by,60,film,start camera
2026-03-26 17:49:49,777:hal4000:INFO:message:
2026-03-26 17:49:49,777:hal4000:INFO:  handled by,60,focuslock,start camera
2026-03-26 17:49:49,777:hal4000:INFO:message:
2026-03-26 17:49:49,777:hal4000:INFO:  handled by,60,illumination,start camera
2026-03-26 17:49:49,777:hal4000:INFO:message:
2026-03-26 17:49:49,777:hal4000:INFO:  handled by,60,mosaic,start camera
2026-03-26 17:49:49,778:hal4000:INFO:message:
2026-03-26 17:49:49,778:hal4000:INFO:  handled by,60,mpb642,start camera
2026-03-26 17:49:49,778:hal4000:INFO:message:
2026-03-26 17:49:49,778:hal4000:INFO:  handled by,60,none_irlaser,start camera
2026-03-26 17:49:49,778:hal4000:INFO:message:
2026-03-26 17:49:49,779:hal4000:INFO:  handled by,60,obis405,start camera
2026-03-26 17:49:49,779:hal4000:INFO:message:
2026-03-26 17:49:49,779:hal4000:INFO:  handled by,60,pi_controller,start camera
2026-03-26 17:49:49,779:hal4000:INFO:message:
2026-03-26 17:49:49,779:hal4000:INFO:  handled by,60,progressions,start camera
2026-03-26 17:49:49,780:hal4000:INFO:message:
2026-03-26 17:49:49,780:hal4000:INFO:  handled by,60,scmos_cal,start camera
2026-03-26 17:49:49,780:hal4000:INFO:message:
2026-03-26 17:49:49,780:hal4000:INFO:  handled by,60,settings,start camera
2026-03-26 17:49:49,781:hal4000:INFO:message:
2026-03-26 17:49:49,781:hal4000:INFO:  handled by,60,spotcounter,start camera
2026-03-26 17:49:49,781:hal4000:INFO:message:
2026-03-26 17:49:49,781:hal4000:INFO:  handled by,60,stage,start camera
2026-03-26 17:49:49,781:hal4000:INFO:message:
2026-03-26 17:49:49,782:hal4000:INFO:  handled by,60,tcp_control,start camera
2026-03-26 17:49:49,782:hal4000:INFO:message:
2026-03-26 17:49:49,782:hal4000:INFO:  handled by,60,timing,start camera
2026-03-26 17:49:49,782:hal4000:INFO:message:
2026-03-26 17:49:49,782:hal4000:INFO:  handled by,60,uc480_camera,start camera
2026-03-26 17:49:49,783:hal4000:INFO:message:
2026-03-26 17:49:49,783:hal4000:INFO:  handled by,60,z_stage,start camera
2026-03-26 17:49:49,783:hal4000:INFO:message:
2026-03-26 17:49:49,783:hal4000:INFO:  processed,60,film,start camera
2026-03-26 17:49:49,785:hal4000:INFO:message:
2026-03-26 17:49:49,785:hal4000:INFO:  sent,62,film,start camera
2026-03-26 17:49:49,787:hal4000:INFO:message:
2026-03-26 17:49:49,787:hal4000:INFO:  handled by,62,hal,start camera
2026-03-26 17:49:49,787:hal4000:INFO:message:
2026-03-26 17:49:49,787:hal4000:INFO:  handled by,62,aotf,start camera
2026-03-26 17:49:49,788:hal4000:INFO:message:
2026-03-26 17:49:49,788:hal4000:INFO:  handled by,62,camera1,start camera
2026-03-26 17:49:49,789:hal4000:INFO:message:
2026-03-26 17:49:49,789:hal4000:INFO:  handled by,62,clemex_stage,start camera
2026-03-26 17:49:49,789:hal4000:INFO:message:
2026-03-26 17:49:49,789:hal4000:INFO:  handled by,62,coherentGenesis488,start camera
2026-03-26 17:49:49,790:hal4000:INFO:message:
2026-03-26 17:49:49,790:hal4000:INFO:  handled by,62,coherentGenesis560,start camera
2026-03-26 17:49:49,791:hal4000:INFO:message:
2026-03-26 17:49:49,791:hal4000:INFO:  handled by,62,display,start camera
2026-03-26 17:49:49,795:hal4000:INFO:message:
2026-03-26 17:49:49,795:hal4000:INFO:  handled by,62,feeds,start camera
2026-03-26 17:49:49,795:hal4000:INFO:message:
2026-03-26 17:49:49,796:hal4000:INFO:  handled by,62,film,start camera
2026-03-26 17:49:49,796:hal4000:INFO:message:
2026-03-26 17:49:49,796:hal4000:INFO:  handled by,62,focuslock,start camera
2026-03-26 17:49:49,796:hal4000:INFO:message:
2026-03-26 17:49:49,797:hal4000:INFO:  handled by,62,illumination,start camera
2026-03-26 17:49:49,797:hal4000:INFO:message:
2026-03-26 17:49:49,797:hal4000:INFO:  handled by,62,mosaic,start camera
2026-03-26 17:49:49,797:hal4000:INFO:message:
2026-03-26 17:49:49,797:hal4000:INFO:  handled by,62,mpb642,start camera
2026-03-26 17:49:49,798:hal4000:INFO:message:
2026-03-26 17:49:49,798:hal4000:INFO:  handled by,62,none_irlaser,start camera
2026-03-26 17:49:49,798:hal4000:INFO:message:
2026-03-26 17:49:49,798:hal4000:INFO:  handled by,62,obis405,start camera
2026-03-26 17:49:49,799:hal4000:INFO:message:
2026-03-26 17:49:49,799:hal4000:INFO:  handled by,62,pi_controller,start camera
2026-03-26 17:49:49,799:hal4000:INFO:message:
2026-03-26 17:49:49,799:hal4000:INFO:  handled by,62,progressions,start camera
2026-03-26 17:49:49,800:hal4000:INFO:message:
2026-03-26 17:49:49,800:hal4000:INFO:  handled by,62,scmos_cal,start camera
2026-03-26 17:49:49,800:hal4000:INFO:message:
2026-03-26 17:49:49,800:hal4000:INFO:  handled by,62,settings,start camera
2026-03-26 17:49:49,800:hal4000:INFO:message:
2026-03-26 17:49:49,801:hal4000:INFO:  handled by,62,spotcounter,start camera
2026-03-26 17:49:49,801:hal4000:INFO:message:
2026-03-26 17:49:49,801:hal4000:INFO:  handled by,62,stage,start camera
2026-03-26 17:49:49,802:hal4000:INFO:message:
2026-03-26 17:49:49,802:hal4000:INFO:  handled by,62,tcp_control,start camera
2026-03-26 17:49:49,802:hal4000:INFO:message:
2026-03-26 17:49:49,802:hal4000:INFO:  handled by,62,timing,start camera
2026-03-26 17:49:49,803:hal4000:INFO:message:
2026-03-26 17:49:49,803:hal4000:INFO:  handled by,62,uc480_camera,start camera
2026-03-26 17:49:49,803:hal4000:INFO:message:
2026-03-26 17:49:49,803:hal4000:INFO:  handled by,62,z_stage,start camera
2026-03-26 17:49:49,804:hal4000:INFO:message:
2026-03-26 17:49:49,804:hal4000:INFO:  sent,63,illumination,new shutters file
2026-03-26 17:49:49,806:hal4000:INFO:message:
2026-03-26 17:49:49,806:hal4000:INFO:  worker started 60000,62,film,start camera
2026-03-26 17:49:49,806:hal4000:INFO:message:
2026-03-26 17:49:49,807:hal4000:INFO:  handled by,63,hal,new shutters file
2026-03-26 17:49:49,807:hal4000:INFO:message:
2026-03-26 17:49:49,807:hal4000:INFO:  handled by,63,aotf,new shutters file
2026-03-26 17:49:49,808:hal4000:INFO:message:
2026-03-26 17:49:49,808:hal4000:INFO:  handled by,63,clemex_stage,new shutters file
2026-03-26 17:49:49,808:hal4000:INFO:message:
2026-03-26 17:49:49,808:hal4000:INFO:  handled by,63,coherentGenesis488,new shutters file
2026-03-26 17:49:49,808:hal4000:INFO:message:
2026-03-26 17:49:49,809:hal4000:INFO:  handled by,63,coherentGenesis560,new shutters file
2026-03-26 17:49:49,809:hal4000:INFO:message:
2026-03-26 17:49:49,809:hal4000:INFO:  handled by,63,display,new shutters file
2026-03-26 17:49:49,809:hal4000:INFO:message:
2026-03-26 17:49:49,810:hal4000:INFO:  handled by,63,feeds,new shutters file
2026-03-26 17:49:49,810:hal4000:INFO:message:
2026-03-26 17:49:49,810:hal4000:INFO:  handled by,63,film,new shutters file
2026-03-26 17:49:49,810:hal4000:INFO:message:
2026-03-26 17:49:49,810:hal4000:INFO:  handled by,63,focuslock,new shutters file
2026-03-26 17:49:49,811:hal4000:INFO:message:
2026-03-26 17:49:49,812:hal4000:INFO:  queued,65,illumination,configuration
2026-03-26 17:49:49,812:hal4000:INFO:message:
2026-03-26 17:49:49,812:hal4000:INFO:  handled by,63,illumination,new shutters file
2026-03-26 17:49:49,812:hal4000:INFO:message:
2026-03-26 17:49:49,812:hal4000:INFO:  handled by,63,mosaic,new shutters file
2026-03-26 17:49:49,813:hal4000:INFO:message:
2026-03-26 17:49:49,813:hal4000:INFO:  handled by,63,mpb642,new shutters file
2026-03-26 17:49:49,813:hal4000:INFO:message:
2026-03-26 17:49:49,813:hal4000:INFO:  handled by,63,none_irlaser,new shutters file
2026-03-26 17:49:49,814:hal4000:INFO:message:
2026-03-26 17:49:49,814:hal4000:INFO:  handled by,63,obis405,new shutters file
2026-03-26 17:49:49,814:hal4000:INFO:message:
2026-03-26 17:49:49,815:hal4000:INFO:  handled by,63,pi_controller,new shutters file
2026-03-26 17:49:49,815:hal4000:INFO:message:
2026-03-26 17:49:49,815:hal4000:INFO:  handled by,63,progressions,new shutters file
2026-03-26 17:49:49,815:hal4000:INFO:message:
2026-03-26 17:49:49,815:hal4000:INFO:  handled by,63,scmos_cal,new shutters file
2026-03-26 17:49:49,816:hal4000:INFO:message:
2026-03-26 17:49:49,816:hal4000:INFO:  handled by,63,settings,new shutters file
2026-03-26 17:49:49,816:hal4000:INFO:message:
2026-03-26 17:49:49,816:hal4000:INFO:  handled by,63,spotcounter,new shutters file
2026-03-26 17:49:49,817:hal4000:INFO:message:
2026-03-26 17:49:49,817:hal4000:INFO:  handled by,63,stage,new shutters file
2026-03-26 17:49:49,817:hal4000:INFO:message:
2026-03-26 17:49:49,817:hal4000:INFO:  handled by,63,tcp_control,new shutters file
2026-03-26 17:49:49,817:hal4000:INFO:message:
2026-03-26 17:49:49,818:hal4000:INFO:  handled by,63,timing,new shutters file
2026-03-26 17:49:49,818:hal4000:INFO:message:
2026-03-26 17:49:49,818:hal4000:INFO:  handled by,63,uc480_camera,new shutters file
2026-03-26 17:49:49,818:hal4000:INFO:message:
2026-03-26 17:49:49,819:hal4000:INFO:  handled by,63,z_stage,new shutters file
2026-03-26 17:49:49,819:hal4000:INFO:message:
2026-03-26 17:49:49,819:hal4000:INFO:  sent,64,spotcounter,get functionality
2026-03-26 17:49:49,820:hal4000:INFO:message:
2026-03-26 17:49:49,820:hal4000:INFO:  handled by,64,hal,get functionality
2026-03-26 17:49:49,820:hal4000:INFO:message:
2026-03-26 17:49:49,820:hal4000:INFO:  handled by,64,aotf,get functionality
2026-03-26 17:49:49,821:hal4000:INFO:message:
2026-03-26 17:49:49,821:hal4000:INFO:  handled by,64,clemex_stage,get functionality
2026-03-26 17:49:49,822:hal4000:INFO:message:
2026-03-26 17:49:49,822:hal4000:INFO:  handled by,64,coherentGenesis488,get functionality
2026-03-26 17:49:49,822:hal4000:INFO:message:
2026-03-26 17:49:49,822:hal4000:INFO:  handled by,64,coherentGenesis560,get functionality
2026-03-26 17:49:49,823:hal4000:INFO:message:
2026-03-26 17:49:49,823:hal4000:INFO:  handled by,64,display,get functionality
2026-03-26 17:49:49,823:hal4000:INFO:message:
2026-03-26 17:49:49,824:hal4000:INFO:  handled by,64,feeds,get functionality
2026-03-26 17:49:49,824:hal4000:INFO:message:
2026-03-26 17:49:49,824:hal4000:INFO:  handled by,64,film,get functionality
2026-03-26 17:49:49,825:hal4000:INFO:message:
2026-03-26 17:49:49,825:hal4000:INFO:  handled by,64,focuslock,get functionality
2026-03-26 17:49:49,825:hal4000:INFO:message:
2026-03-26 17:49:49,825:hal4000:INFO:  handled by,64,illumination,get functionality
2026-03-26 17:49:49,825:hal4000:INFO:message:
2026-03-26 17:49:49,826:hal4000:INFO:  handled by,64,mosaic,get functionality
2026-03-26 17:49:49,826:hal4000:INFO:message:
2026-03-26 17:49:49,826:hal4000:INFO:  handled by,64,mpb642,get functionality
2026-03-26 17:49:49,826:hal4000:INFO:message:
2026-03-26 17:49:49,827:hal4000:INFO:  handled by,64,none_irlaser,get functionality
2026-03-26 17:49:49,827:hal4000:INFO:message:
2026-03-26 17:49:49,827:hal4000:INFO:  handled by,64,obis405,get functionality
2026-03-26 17:49:49,828:hal4000:INFO:message:
2026-03-26 17:49:49,828:hal4000:INFO:  handled by,64,pi_controller,get functionality
2026-03-26 17:49:49,828:hal4000:INFO:message:
2026-03-26 17:49:49,828:hal4000:INFO:  handled by,64,progressions,get functionality
2026-03-26 17:49:49,829:hal4000:INFO:message:
2026-03-26 17:49:49,829:hal4000:INFO:  handled by,64,scmos_cal,get functionality
2026-03-26 17:49:49,829:hal4000:INFO:message:
2026-03-26 17:49:49,829:hal4000:INFO:  handled by,64,settings,get functionality
2026-03-26 17:49:49,830:hal4000:INFO:message:
2026-03-26 17:49:49,830:hal4000:INFO:  handled by,64,spotcounter,get functionality
2026-03-26 17:49:49,830:hal4000:INFO:message:
2026-03-26 17:49:49,830:hal4000:INFO:  handled by,64,stage,get functionality
2026-03-26 17:49:49,830:hal4000:INFO:message:
2026-03-26 17:49:49,831:hal4000:INFO:  handled by,64,tcp_control,get functionality
2026-03-26 17:49:49,831:hal4000:INFO:message:
2026-03-26 17:49:49,831:hal4000:INFO:  handled by,64,timing,get functionality
2026-03-26 17:49:49,831:hal4000:INFO:message:
2026-03-26 17:49:49,831:hal4000:INFO:  handled by,64,uc480_camera,get functionality
2026-03-26 17:49:49,832:hal4000:INFO:message:
2026-03-26 17:49:49,832:hal4000:INFO:  handled by,64,z_stage,get functionality
2026-03-26 17:49:49,832:hal4000:INFO:message:
2026-03-26 17:49:49,832:hal4000:INFO:  sent,65,illumination,configuration
2026-03-26 17:49:49,843:hal4000:INFO:message:
2026-03-26 17:49:49,844:hal4000:INFO:  handled by,65,hal,configuration
2026-03-26 17:49:49,844:hal4000:INFO:message:
2026-03-26 17:49:49,844:hal4000:INFO:  handled by,65,aotf,configuration
2026-03-26 17:49:49,845:hal4000:INFO:message:
2026-03-26 17:49:49,845:hal4000:INFO:  handled by,65,clemex_stage,configuration
2026-03-26 17:49:49,845:hal4000:INFO:message:
2026-03-26 17:49:49,845:hal4000:INFO:  handled by,65,coherentGenesis488,configuration
2026-03-26 17:49:49,846:hal4000:INFO:message:
2026-03-26 17:49:49,846:hal4000:INFO:  handled by,65,coherentGenesis560,configuration
2026-03-26 17:49:49,846:hal4000:INFO:message:
2026-03-26 17:49:49,847:hal4000:INFO:  handled by,65,display,configuration
2026-03-26 17:49:49,847:hal4000:INFO:message:
2026-03-26 17:49:49,847:hal4000:INFO:  handled by,65,feeds,configuration
2026-03-26 17:49:49,847:hal4000:INFO:message:
2026-03-26 17:49:49,847:hal4000:INFO:  handled by,65,film,configuration
2026-03-26 17:49:49,848:hal4000:INFO:message:
2026-03-26 17:49:49,848:hal4000:INFO:  handled by,65,focuslock,configuration
2026-03-26 17:49:49,848:hal4000:INFO:message:
2026-03-26 17:49:49,848:hal4000:INFO:  handled by,65,illumination,configuration
2026-03-26 17:49:49,849:hal4000:INFO:message:
2026-03-26 17:49:49,849:hal4000:INFO:  handled by,65,mosaic,configuration
2026-03-26 17:49:49,849:hal4000:INFO:message:
2026-03-26 17:49:49,849:hal4000:INFO:  handled by,65,mpb642,configuration
2026-03-26 17:49:49,850:hal4000:INFO:message:
2026-03-26 17:49:49,850:hal4000:INFO:  handled by,65,none_irlaser,configuration
2026-03-26 17:49:49,850:hal4000:INFO:message:
2026-03-26 17:49:49,850:hal4000:INFO:  handled by,65,obis405,configuration
2026-03-26 17:49:49,851:hal4000:INFO:message:
2026-03-26 17:49:49,851:hal4000:INFO:  handled by,65,pi_controller,configuration
2026-03-26 17:49:49,851:hal4000:INFO:message:
2026-03-26 17:49:49,851:hal4000:INFO:  handled by,65,progressions,configuration
2026-03-26 17:49:49,852:hal4000:INFO:message:
2026-03-26 17:49:49,852:hal4000:INFO:  handled by,65,scmos_cal,configuration
2026-03-26 17:49:49,852:hal4000:INFO:message:
2026-03-26 17:49:49,852:hal4000:INFO:  handled by,65,settings,configuration
2026-03-26 17:49:49,852:hal4000:INFO:message:
2026-03-26 17:49:49,853:hal4000:INFO:  handled by,65,spotcounter,configuration
2026-03-26 17:49:49,853:hal4000:INFO:message:
2026-03-26 17:49:49,853:hal4000:INFO:  handled by,65,stage,configuration
2026-03-26 17:49:49,853:hal4000:INFO:message:
2026-03-26 17:49:49,854:hal4000:INFO:  handled by,65,tcp_control,configuration
2026-03-26 17:49:49,854:hal4000:INFO:message:
2026-03-26 17:49:49,854:hal4000:INFO:  handled by,65,timing,configuration
2026-03-26 17:49:49,855:hal4000:INFO:message:
2026-03-26 17:49:49,855:hal4000:INFO:  handled by,65,uc480_camera,configuration
2026-03-26 17:49:49,856:hal4000:INFO:message:
2026-03-26 17:49:49,856:hal4000:INFO:  handled by,65,z_stage,configuration
2026-03-26 17:49:50,131:hal4000:INFO:message:
2026-03-26 17:49:50,131:hal4000:INFO:  handled by,62,camera1,start camera
2026-03-26 17:49:50,131:hal4000:INFO:message:
2026-03-26 17:49:50,131:hal4000:INFO:  processed,62,film,start camera
2026-03-26 17:49:50,132:hal4000:INFO:message:
2026-03-26 17:49:50,132:hal4000:INFO:  worker done,62,film,start camera
2026-03-26 17:49:50,133:hal4000:INFO:message:
2026-03-26 17:49:50,133:hal4000:INFO:  handled by,63,camera1,new shutters file
2026-03-26 17:49:50,134:hal4000:INFO:message:
2026-03-26 17:49:50,134:hal4000:INFO:  processed,63,illumination,new shutters file
2026-03-26 17:49:50,141:hal4000:INFO:message:
2026-03-26 17:49:50,141:hal4000:INFO:  handled by,64,camera1,get functionality
2026-03-26 17:49:50,142:hal4000:INFO:message:
2026-03-26 17:49:50,142:hal4000:INFO:  processed,64,spotcounter,get functionality
2026-03-26 17:49:50,143:hal4000:INFO:message:
2026-03-26 17:49:50,144:hal4000:INFO:  handled by,65,camera1,configuration
2026-03-26 17:49:50,144:hal4000:INFO:message:
2026-03-26 17:49:50,144:hal4000:INFO:  processed,65,illumination,configuration
