2026-03-26 13:11:04,905:hal4000:INFO:message:
2026-03-26 13:11:04,906:hal4000:INFO:  handled by,57,scmos_cal,get functionality
2026-03-26 13:11:04,907:hal4000:INFO:message:
2026-03-26 13:11:04,907:hal4000:INFO:  handled by,57,settings,get functionality
2026-03-26 13:11:04,907:hal4000:INFO:message:
2026-03-26 13:11:04,907:hal4000:INFO:  handled by,57,spotcounter,get functionality
2026-03-26 13:11:04,907:hal4000:INFO:message:
2026-03-26 13:11:04,907:hal4000:INFO:  handled by,57,stage,get functionality
2026-03-26 13:11:04,908:hal4000:INFO:message:
2026-03-26 13:11:04,908:hal4000:INFO:  handled by,57,tcp_control,get functionality
2026-03-26 13:11:04,908:hal4000:INFO:message:
2026-03-26 13:11:04,908:hal4000:INFO:  handled by,57,timing,get functionality
2026-03-26 13:11:04,908:hal4000:INFO:message:
2026-03-26 13:11:04,909:hal4000:INFO:  handled by,57,uc480_camera,get functionality
2026-03-26 13:11:04,909:hal4000:INFO:message:
2026-03-26 13:11:04,909:hal4000:INFO:  handled by,57,z_stage,get functionality
2026-03-26 13:11:04,909:hal4000:INFO:message:
2026-03-26 13:11:04,909:hal4000:INFO:  processed,57,scmos_cal,get functionality
2026-03-26 13:11:04,911:hal4000:INFO:message:
2026-03-26 13:11:04,911:hal4000:INFO:  sent,3,core,start
2026-03-26 13:11:04,937:hal4000:INFO:message:
2026-03-26 13:11:04,937:hal4000:INFO:  queued,58,hal,change directory
2026-03-26 13:11:04,938:hal4000:INFO:message:
2026-03-26 13:11:04,938:hal4000:INFO:  handled by,3,hal,start
2026-03-26 13:11:04,938:hal4000:INFO:message:
2026-03-26 13:11:04,938:hal4000:INFO:  handled by,3,aotf,start
2026-03-26 13:11:04,938:hal4000:INFO:message:
2026-03-26 13:11:04,938:hal4000:INFO:  handled by,3,camera1,start
2026-03-26 13:11:04,939:hal4000:INFO:message:
2026-03-26 13:11:04,939:hal4000:INFO:  handled by,3,clemex_stage,start
2026-03-26 13:11:04,939:hal4000:INFO:message:
2026-03-26 13:11:04,939:hal4000:INFO:  handled by,3,coherentGenesis488,start
2026-03-26 13:11:04,939:hal4000:INFO:message:
2026-03-26 13:11:04,940:hal4000:INFO:  handled by,3,coherentGenesis560,start
2026-03-26 13:11:04,940:hal4000:INFO:message:
2026-03-26 13:11:04,940:hal4000:INFO:  queued,59,display,get functionality
2026-03-26 13:11:04,940:hal4000:INFO:message:
2026-03-26 13:11:04,940:hal4000:INFO:  handled by,3,display,start
2026-03-26 13:11:04,941:hal4000:INFO:message:
2026-03-26 13:11:04,941:hal4000:INFO:  handled by,3,feeds,start
2026-03-26 13:11:04,941:hal4000:INFO:message:
2026-03-26 13:11:04,941:hal4000:INFO:  queued,60,film,start camera
2026-03-26 13:11:04,941:hal4000:INFO:message:
2026-03-26 13:11:04,941:hal4000:INFO:  queued,61,film,sync
2026-03-26 13:11:04,942:hal4000:INFO:message:
2026-03-26 13:11:04,942:hal4000:INFO:  queued,62,film,start camera
2026-03-26 13:11:04,942:hal4000:INFO:message:
2026-03-26 13:11:04,942:hal4000:INFO:  handled by,3,film,start
2026-03-26 13:11:04,952:hal4000:INFO:message:
2026-03-26 13:11:04,953:hal4000:INFO:  handled by,3,focuslock,start
2026-03-26 13:11:04,963:hal4000:INFO:message:
2026-03-26 13:11:04,963:hal4000:INFO:  queued,63,illumination,new shutters file
2026-03-26 13:11:04,970:hal4000:INFO:message:
2026-03-26 13:11:04,971:hal4000:INFO:  handled by,3,illumination,start
2026-03-26 13:11:04,971:hal4000:INFO:message:
2026-03-26 13:11:04,971:hal4000:INFO:  handled by,3,mosaic,start
2026-03-26 13:11:04,972:hal4000:INFO:message:
2026-03-26 13:11:04,972:hal4000:INFO:  handled by,3,mpb642,start
2026-03-26 13:11:04,972:hal4000:INFO:message:
2026-03-26 13:11:04,972:hal4000:INFO:  handled by,3,none_irlaser,start
2026-03-26 13:11:04,973:hal4000:INFO:message:
2026-03-26 13:11:04,973:hal4000:INFO:  handled by,3,obis405,start
2026-03-26 13:11:04,973:hal4000:INFO:message:
2026-03-26 13:11:04,974:hal4000:INFO:  handled by,3,pi_controller,start
2026-03-26 13:11:04,974:hal4000:INFO:message:
2026-03-26 13:11:04,974:hal4000:INFO:  handled by,3,progressions,start
2026-03-26 13:11:04,974:hal4000:INFO:message:
2026-03-26 13:11:04,975:hal4000:INFO:  handled by,3,scmos_cal,start
2026-03-26 13:11:04,975:hal4000:INFO:message:
2026-03-26 13:11:04,975:hal4000:INFO:  handled by,3,settings,start
2026-03-26 13:11:04,975:hal4000:INFO:message:
2026-03-26 13:11:04,976:hal4000:INFO:  queued,64,spotcounter,get functionality
2026-03-26 13:11:04,978:hal4000:INFO:message:
2026-03-26 13:11:04,978:hal4000:INFO:  handled by,3,spotcounter,start
2026-03-26 13:11:04,986:hal4000:INFO:message:
2026-03-26 13:11:04,986:hal4000:INFO:  handled by,3,stage,start
2026-03-26 13:11:04,986:hal4000:INFO:message:
2026-03-26 13:11:04,987:hal4000:INFO:  handled by,3,tcp_control,start
2026-03-26 13:11:04,987:hal4000:INFO:message:
2026-03-26 13:11:04,987:hal4000:INFO:  handled by,3,timing,start
2026-03-26 13:11:04,987:hal4000:INFO:message:
2026-03-26 13:11:04,987:hal4000:INFO:  handled by,3,uc480_camera,start
2026-03-26 13:11:04,995:hal4000:INFO:message:
2026-03-26 13:11:04,995:hal4000:INFO:  handled by,3,z_stage,start
2026-03-26 13:11:04,995:hal4000:INFO:message:
2026-03-26 13:11:04,996:hal4000:INFO:  processed,3,core,start
2026-03-26 13:11:05,059:hal4000:INFO:message:
2026-03-26 13:11:05,059:hal4000:INFO:  sent,58,hal,change directory
2026-03-26 13:11:05,085:hal4000:INFO:message:
2026-03-26 13:11:05,086:hal4000:INFO:  handled by,58,hal,change directory
2026-03-26 13:11:05,086:hal4000:INFO:message:
2026-03-26 13:11:05,086:hal4000:INFO:  handled by,58,aotf,change directory
2026-03-26 13:11:05,086:hal4000:INFO:message:
2026-03-26 13:11:05,086:hal4000:INFO:  handled by,58,camera1,change directory
2026-03-26 13:11:05,087:hal4000:INFO:message:
2026-03-26 13:11:05,087:hal4000:INFO:  handled by,58,clemex_stage,change directory
2026-03-26 13:11:05,087:hal4000:INFO:message:
2026-03-26 13:11:05,087:hal4000:INFO:  handled by,58,coherentGenesis488,change directory
2026-03-26 13:11:05,087:hal4000:INFO:message:
2026-03-26 13:11:05,087:hal4000:INFO:  handled by,58,coherentGenesis560,change directory
2026-03-26 13:11:05,087:hal4000:INFO:message:
2026-03-26 13:11:05,088:hal4000:INFO:  handled by,58,display,change directory
2026-03-26 13:11:05,088:hal4000:INFO:message:
2026-03-26 13:11:05,088:hal4000:INFO:  handled by,58,feeds,change directory
2026-03-26 13:11:05,088:hal4000:INFO:message:
2026-03-26 13:11:05,089:hal4000:INFO:  handled by,58,film,change directory
2026-03-26 13:11:05,089:hal4000:INFO:message:
2026-03-26 13:11:05,089:hal4000:INFO:  handled by,58,focuslock,change directory
2026-03-26 13:11:05,089:hal4000:INFO:message:
2026-03-26 13:11:05,089:hal4000:INFO:  handled by,58,illumination,change directory
2026-03-26 13:11:05,089:hal4000:INFO:message:
2026-03-26 13:11:05,089:hal4000:INFO:  handled by,58,mosaic,change directory
2026-03-26 13:11:05,090:hal4000:INFO:message:
2026-03-26 13:11:05,090:hal4000:INFO:  handled by,58,mpb642,change directory
2026-03-26 13:11:05,090:hal4000:INFO:message:
2026-03-26 13:11:05,090:hal4000:INFO:  handled by,58,none_irlaser,change directory
2026-03-26 13:11:05,090:hal4000:INFO:message:
2026-03-26 13:11:05,090:hal4000:INFO:  handled by,58,obis405,change directory
2026-03-26 13:11:05,091:hal4000:INFO:message:
2026-03-26 13:11:05,091:hal4000:INFO:  handled by,58,pi_controller,change directory
2026-03-26 13:11:05,091:hal4000:INFO:message:
2026-03-26 13:11:05,091:hal4000:INFO:  handled by,58,progressions,change directory
2026-03-26 13:11:05,091:hal4000:INFO:message:
2026-03-26 13:11:05,092:hal4000:INFO:  handled by,58,scmos_cal,change directory
2026-03-26 13:11:05,092:hal4000:INFO:message:
2026-03-26 13:11:05,092:hal4000:INFO:  handled by,58,settings,change directory
2026-03-26 13:11:05,092:hal4000:INFO:message:
2026-03-26 13:11:05,092:hal4000:INFO:  handled by,58,spotcounter,change directory
2026-03-26 13:11:05,092:hal4000:INFO:message:
2026-03-26 13:11:05,093:hal4000:INFO:  handled by,58,stage,change directory
2026-03-26 13:11:05,093:hal4000:INFO:message:
2026-03-26 13:11:05,093:hal4000:INFO:  handled by,58,tcp_control,change directory
2026-03-26 13:11:05,093:hal4000:INFO:message:
2026-03-26 13:11:05,093:hal4000:INFO:  handled by,58,timing,change directory
2026-03-26 13:11:05,093:hal4000:INFO:message:
2026-03-26 13:11:05,094:hal4000:INFO:  handled by,58,uc480_camera,change directory
2026-03-26 13:11:05,094:hal4000:INFO:message:
2026-03-26 13:11:05,094:hal4000:INFO:  handled by,58,z_stage,change directory
2026-03-26 13:11:05,094:hal4000:INFO:message:
2026-03-26 13:11:05,094:hal4000:INFO:  processed,58,hal,change directory
2026-03-26 13:11:05,094:hal4000:INFO:message:
2026-03-26 13:11:05,095:hal4000:INFO:  sent,59,display,get functionality
2026-03-26 13:11:05,096:hal4000:INFO:message:
2026-03-26 13:11:05,096:hal4000:INFO:  handled by,59,hal,get functionality
2026-03-26 13:11:05,097:hal4000:INFO:message:
2026-03-26 13:11:05,097:hal4000:INFO:  handled by,59,aotf,get functionality
2026-03-26 13:11:05,097:hal4000:INFO:message:
2026-03-26 13:11:05,097:hal4000:INFO:  handled by,59,camera1,get functionality
2026-03-26 13:11:05,097:hal4000:INFO:message:
2026-03-26 13:11:05,097:hal4000:INFO:  handled by,59,clemex_stage,get functionality
2026-03-26 13:11:05,098:hal4000:INFO:message:
2026-03-26 13:11:05,098:hal4000:INFO:  handled by,59,coherentGenesis488,get functionality
2026-03-26 13:11:05,098:hal4000:INFO:message:
2026-03-26 13:11:05,098:hal4000:INFO:  handled by,59,coherentGenesis560,get functionality
2026-03-26 13:11:05,098:hal4000:INFO:message:
2026-03-26 13:11:05,098:hal4000:INFO:  handled by,59,display,get functionality
2026-03-26 13:11:05,099:hal4000:INFO:message:
2026-03-26 13:11:05,099:hal4000:INFO:  handled by,59,feeds,get functionality
2026-03-26 13:11:05,099:hal4000:INFO:message:
2026-03-26 13:11:05,099:hal4000:INFO:  handled by,59,film,get functionality
2026-03-26 13:11:05,099:hal4000:INFO:message:
2026-03-26 13:11:05,099:hal4000:INFO:  handled by,59,focuslock,get functionality
2026-03-26 13:11:05,099:hal4000:INFO:message:
2026-03-26 13:11:05,100:hal4000:INFO:  handled by,59,illumination,get functionality
2026-03-26 13:11:05,100:hal4000:INFO:message:
2026-03-26 13:11:05,100:hal4000:INFO:  handled by,59,mosaic,get functionality
2026-03-26 13:11:05,100:hal4000:INFO:message:
2026-03-26 13:11:05,100:hal4000:INFO:  handled by,59,mpb642,get functionality
2026-03-26 13:11:05,100:hal4000:INFO:message:
2026-03-26 13:11:05,101:hal4000:INFO:  handled by,59,none_irlaser,get functionality
2026-03-26 13:11:05,101:hal4000:INFO:message:
2026-03-26 13:11:05,101:hal4000:INFO:  handled by,59,obis405,get functionality
2026-03-26 13:11:05,101:hal4000:INFO:message:
2026-03-26 13:11:05,101:hal4000:INFO:  handled by,59,pi_controller,get functionality
2026-03-26 13:11:05,101:hal4000:INFO:message:
2026-03-26 13:11:05,101:hal4000:INFO:  handled by,59,progressions,get functionality
2026-03-26 13:11:05,102:hal4000:INFO:message:
2026-03-26 13:11:05,102:hal4000:INFO:  handled by,59,scmos_cal,get functionality
2026-03-26 13:11:05,102:hal4000:INFO:message:
2026-03-26 13:11:05,102:hal4000:INFO:  handled by,59,settings,get functionality
2026-03-26 13:11:05,102:hal4000:INFO:message:
2026-03-26 13:11:05,102:hal4000:INFO:  handled by,59,spotcounter,get functionality
2026-03-26 13:11:05,103:hal4000:INFO:message:
2026-03-26 13:11:05,103:hal4000:INFO:  handled by,59,stage,get functionality
2026-03-26 13:11:05,103:hal4000:INFO:message:
2026-03-26 13:11:05,103:hal4000:INFO:  handled by,59,tcp_control,get functionality
2026-03-26 13:11:05,103:hal4000:INFO:message:
2026-03-26 13:11:05,103:hal4000:INFO:  handled by,59,timing,get functionality
2026-03-26 13:11:05,103:hal4000:INFO:message:
2026-03-26 13:11:05,104:hal4000:INFO:  handled by,59,uc480_camera,get functionality
2026-03-26 13:11:05,104:hal4000:INFO:message:
2026-03-26 13:11:05,104:hal4000:INFO:  handled by,59,z_stage,get functionality
2026-03-26 13:11:05,104:hal4000:INFO:message:
2026-03-26 13:11:05,104:hal4000:INFO:  processed,59,display,get functionality
2026-03-26 13:11:05,106:hal4000:INFO:message:
2026-03-26 13:11:05,106:hal4000:INFO:  sent,60,film,start camera
2026-03-26 13:11:05,107:hal4000:INFO:message:
2026-03-26 13:11:05,107:hal4000:INFO:  handled by,60,hal,start camera
2026-03-26 13:11:05,107:hal4000:INFO:message:
2026-03-26 13:11:05,108:hal4000:INFO:  handled by,60,aotf,start camera
2026-03-26 13:11:05,108:hal4000:INFO:message:
2026-03-26 13:11:05,108:hal4000:INFO:  handled by,60,camera1,start camera
2026-03-26 13:11:05,108:hal4000:INFO:message:
2026-03-26 13:11:05,108:hal4000:INFO:  handled by,60,clemex_stage,start camera
2026-03-26 13:11:05,108:hal4000:INFO:message:
2026-03-26 13:11:05,108:hal4000:INFO:  handled by,60,coherentGenesis488,start camera
2026-03-26 13:11:05,109:hal4000:INFO:message:
2026-03-26 13:11:05,109:hal4000:INFO:  handled by,60,coherentGenesis560,start camera
2026-03-26 13:11:05,109:hal4000:INFO:message:
2026-03-26 13:11:05,109:hal4000:INFO:  handled by,60,display,start camera
2026-03-26 13:11:05,109:hal4000:INFO:message:
2026-03-26 13:11:05,109:hal4000:INFO:  handled by,60,feeds,start camera
2026-03-26 13:11:05,110:hal4000:INFO:message:
2026-03-26 13:11:05,110:hal4000:INFO:  handled by,60,film,start camera
2026-03-26 13:11:05,110:hal4000:INFO:message:
2026-03-26 13:11:05,110:hal4000:INFO:  handled by,60,focuslock,start camera
2026-03-26 13:11:05,110:hal4000:INFO:message:
2026-03-26 13:11:05,110:hal4000:INFO:  handled by,60,illumination,start camera
2026-03-26 13:11:05,111:hal4000:INFO:message:
2026-03-26 13:11:05,111:hal4000:INFO:  handled by,60,mosaic,start camera
2026-03-26 13:11:05,111:hal4000:INFO:message:
2026-03-26 13:11:05,111:hal4000:INFO:  handled by,60,mpb642,start camera
2026-03-26 13:11:05,111:hal4000:INFO:message:
2026-03-26 13:11:05,111:hal4000:INFO:  handled by,60,none_irlaser,start camera
2026-03-26 13:11:05,111:hal4000:INFO:message:
2026-03-26 13:11:05,112:hal4000:INFO:  handled by,60,obis405,start camera
2026-03-26 13:11:05,112:hal4000:INFO:message:
2026-03-26 13:11:05,112:hal4000:INFO:  handled by,60,pi_controller,start camera
2026-03-26 13:11:05,112:hal4000:INFO:message:
2026-03-26 13:11:05,112:hal4000:INFO:  handled by,60,progressions,start camera
2026-03-26 13:11:05,113:hal4000:INFO:message:
2026-03-26 13:11:05,113:hal4000:INFO:  handled by,60,scmos_cal,start camera
2026-03-26 13:11:05,113:hal4000:INFO:message:
2026-03-26 13:11:05,113:hal4000:INFO:  handled by,60,settings,start camera
2026-03-26 13:11:05,113:hal4000:INFO:message:
2026-03-26 13:11:05,114:hal4000:INFO:  handled by,60,spotcounter,start camera
2026-03-26 13:11:05,114:hal4000:INFO:message:
2026-03-26 13:11:05,114:hal4000:INFO:  handled by,60,stage,start camera
2026-03-26 13:11:05,114:hal4000:INFO:message:
2026-03-26 13:11:05,114:hal4000:INFO:  handled by,60,tcp_control,start camera
2026-03-26 13:11:05,115:hal4000:INFO:message:
2026-03-26 13:11:05,115:hal4000:INFO:  handled by,60,timing,start camera
2026-03-26 13:11:05,115:hal4000:INFO:message:
2026-03-26 13:11:05,115:hal4000:INFO:  handled by,60,uc480_camera,start camera
2026-03-26 13:11:05,115:hal4000:INFO:message:
2026-03-26 13:11:05,115:hal4000:INFO:  handled by,60,z_stage,start camera
2026-03-26 13:11:05,116:hal4000:INFO:message:
2026-03-26 13:11:05,116:hal4000:INFO:  processed,60,film,start camera
2026-03-26 13:11:05,124:hal4000:INFO:message:
2026-03-26 13:11:05,124:hal4000:INFO:  sent,62,film,start camera
2026-03-26 13:11:05,125:hal4000:INFO:message:
2026-03-26 13:11:05,125:hal4000:INFO:  handled by,62,hal,start camera
2026-03-26 13:11:05,125:hal4000:INFO:message:
2026-03-26 13:11:05,126:hal4000:INFO:  handled by,62,aotf,start camera
2026-03-26 13:11:05,126:hal4000:INFO:message:
2026-03-26 13:11:05,126:hal4000:INFO:  handled by,62,camera1,start camera
2026-03-26 13:11:05,126:hal4000:INFO:message:
2026-03-26 13:11:05,126:hal4000:INFO:  handled by,62,clemex_stage,start camera
2026-03-26 13:11:05,127:hal4000:INFO:message:
2026-03-26 13:11:05,127:hal4000:INFO:  handled by,62,coherentGenesis488,start camera
2026-03-26 13:11:05,127:hal4000:INFO:message:
2026-03-26 13:11:05,128:hal4000:INFO:  handled by,62,coherentGenesis560,start camera
2026-03-26 13:11:05,128:hal4000:INFO:message:
2026-03-26 13:11:05,128:hal4000:INFO:  handled by,62,display,start camera
2026-03-26 13:11:05,128:hal4000:INFO:message:
2026-03-26 13:11:05,132:hal4000:INFO:  handled by,62,feeds,start camera
2026-03-26 13:11:05,132:hal4000:INFO:message:
2026-03-26 13:11:05,132:hal4000:INFO:  handled by,62,film,start camera
2026-03-26 13:11:05,132:hal4000:INFO:message:
2026-03-26 13:11:05,132:hal4000:INFO:  handled by,62,focuslock,start camera
2026-03-26 13:11:05,132:hal4000:INFO:message:
2026-03-26 13:11:05,133:hal4000:INFO:  handled by,62,illumination,start camera
2026-03-26 13:11:05,133:hal4000:INFO:message:
2026-03-26 13:11:05,133:hal4000:INFO:  handled by,62,mosaic,start camera
2026-03-26 13:11:05,133:hal4000:INFO:message:
2026-03-26 13:11:05,133:hal4000:INFO:  handled by,62,mpb642,start camera
2026-03-26 13:11:05,133:hal4000:INFO:message:
2026-03-26 13:11:05,134:hal4000:INFO:  handled by,62,none_irlaser,start camera
2026-03-26 13:11:05,134:hal4000:INFO:message:
2026-03-26 13:11:05,134:hal4000:INFO:  handled by,62,obis405,start camera
2026-03-26 13:11:05,134:hal4000:INFO:message:
2026-03-26 13:11:05,134:hal4000:INFO:  handled by,62,pi_controller,start camera
2026-03-26 13:11:05,134:hal4000:INFO:message:
2026-03-26 13:11:05,134:hal4000:INFO:  handled by,62,progressions,start camera
2026-03-26 13:11:05,135:hal4000:INFO:message:
2026-03-26 13:11:05,135:hal4000:INFO:  handled by,62,scmos_cal,start camera
2026-03-26 13:11:05,135:hal4000:INFO:message:
2026-03-26 13:11:05,135:hal4000:INFO:  handled by,62,settings,start camera
2026-03-26 13:11:05,135:hal4000:INFO:message:
2026-03-26 13:11:05,135:hal4000:INFO:  handled by,62,spotcounter,start camera
2026-03-26 13:11:05,135:hal4000:INFO:message:
2026-03-26 13:11:05,136:hal4000:INFO:  handled by,62,stage,start camera
2026-03-26 13:11:05,136:hal4000:INFO:message:
2026-03-26 13:11:05,136:hal4000:INFO:  handled by,62,tcp_control,start camera
2026-03-26 13:11:05,136:hal4000:INFO:message:
2026-03-26 13:11:05,136:hal4000:INFO:  handled by,62,timing,start camera
2026-03-26 13:11:05,136:hal4000:INFO:message:
2026-03-26 13:11:05,137:hal4000:INFO:  handled by,62,uc480_camera,start camera
2026-03-26 13:11:05,137:hal4000:INFO:message:
2026-03-26 13:11:05,137:hal4000:INFO:  handled by,62,z_stage,start camera
2026-03-26 13:11:05,137:hal4000:INFO:message:
2026-03-26 13:11:05,137:hal4000:INFO:  sent,63,illumination,new shutters file
2026-03-26 13:11:05,139:hal4000:INFO:message:
2026-03-26 13:11:05,139:hal4000:INFO:  worker started 60000,62,film,start camera
2026-03-26 13:11:05,139:hal4000:INFO:message:
2026-03-26 13:11:05,139:hal4000:INFO:  handled by,63,hal,new shutters file
2026-03-26 13:11:05,139:hal4000:INFO:message:
2026-03-26 13:11:05,139:hal4000:INFO:  handled by,63,aotf,new shutters file
2026-03-26 13:11:05,140:hal4000:INFO:message:
2026-03-26 13:11:05,140:hal4000:INFO:  handled by,63,clemex_stage,new shutters file
2026-03-26 13:11:05,140:hal4000:INFO:message:
2026-03-26 13:11:05,140:hal4000:INFO:  handled by,63,coherentGenesis488,new shutters file
2026-03-26 13:11:05,140:hal4000:INFO:message:
2026-03-26 13:11:05,140:hal4000:INFO:  handled by,63,coherentGenesis560,new shutters file
2026-03-26 13:11:05,141:hal4000:INFO:message:
2026-03-26 13:11:05,141:hal4000:INFO:  handled by,63,display,new shutters file
2026-03-26 13:11:05,141:hal4000:INFO:message:
2026-03-26 13:11:05,141:hal4000:INFO:  handled by,63,feeds,new shutters file
2026-03-26 13:11:05,141:hal4000:INFO:message:
2026-03-26 13:11:05,141:hal4000:INFO:  handled by,63,film,new shutters file
2026-03-26 13:11:05,142:hal4000:INFO:message:
2026-03-26 13:11:05,142:hal4000:INFO:  handled by,63,focuslock,new shutters file
2026-03-26 13:11:05,142:hal4000:INFO:message:
2026-03-26 13:11:05,143:hal4000:INFO:  queued,65,illumination,configuration
2026-03-26 13:11:05,143:hal4000:INFO:message:
2026-03-26 13:11:05,143:hal4000:INFO:  handled by,63,illumination,new shutters file
2026-03-26 13:11:05,143:hal4000:INFO:message:
2026-03-26 13:11:05,143:hal4000:INFO:  handled by,63,mosaic,new shutters file
2026-03-26 13:11:05,143:hal4000:INFO:message:
2026-03-26 13:11:05,143:hal4000:INFO:  handled by,63,mpb642,new shutters file
2026-03-26 13:11:05,144:hal4000:INFO:message:
2026-03-26 13:11:05,144:hal4000:INFO:  handled by,63,none_irlaser,new shutters file
2026-03-26 13:11:05,144:hal4000:INFO:message:
2026-03-26 13:11:05,144:hal4000:INFO:  handled by,63,obis405,new shutters file
2026-03-26 13:11:05,144:hal4000:INFO:message:
2026-03-26 13:11:05,144:hal4000:INFO:  handled by,63,pi_controller,new shutters file
2026-03-26 13:11:05,145:hal4000:INFO:message:
2026-03-26 13:11:05,145:hal4000:INFO:  handled by,63,progressions,new shutters file
2026-03-26 13:11:05,145:hal4000:INFO:message:
2026-03-26 13:11:05,145:hal4000:INFO:  handled by,63,scmos_cal,new shutters file
2026-03-26 13:11:05,145:hal4000:INFO:message:
2026-03-26 13:11:05,145:hal4000:INFO:  handled by,63,settings,new shutters file
2026-03-26 13:11:05,145:hal4000:INFO:message:
2026-03-26 13:11:05,146:hal4000:INFO:  handled by,63,spotcounter,new shutters file
2026-03-26 13:11:05,146:hal4000:INFO:message:
2026-03-26 13:11:05,146:hal4000:INFO:  handled by,63,stage,new shutters file
2026-03-26 13:11:05,146:hal4000:INFO:message:
2026-03-26 13:11:05,146:hal4000:INFO:  handled by,63,tcp_control,new shutters file
2026-03-26 13:11:05,146:hal4000:INFO:message:
2026-03-26 13:11:05,146:hal4000:INFO:  handled by,63,timing,new shutters file
2026-03-26 13:11:05,147:hal4000:INFO:message:
2026-03-26 13:11:05,147:hal4000:INFO:  handled by,63,uc480_camera,new shutters file
2026-03-26 13:11:05,147:hal4000:INFO:message:
2026-03-26 13:11:05,147:hal4000:INFO:  handled by,63,z_stage,new shutters file
2026-03-26 13:11:05,147:hal4000:INFO:message:
2026-03-26 13:11:05,148:hal4000:INFO:  sent,64,spotcounter,get functionality
2026-03-26 13:11:05,148:hal4000:INFO:message:
2026-03-26 13:11:05,148:hal4000:INFO:  handled by,64,hal,get functionality
2026-03-26 13:11:05,148:hal4000:INFO:message:
2026-03-26 13:11:05,149:hal4000:INFO:  handled by,64,aotf,get functionality
2026-03-26 13:11:05,149:hal4000:INFO:message:
2026-03-26 13:11:05,149:hal4000:INFO:  handled by,64,clemex_stage,get functionality
2026-03-26 13:11:05,149:hal4000:INFO:message:
2026-03-26 13:11:05,149:hal4000:INFO:  handled by,64,coherentGenesis488,get functionality
2026-03-26 13:11:05,149:hal4000:INFO:message:
2026-03-26 13:11:05,149:hal4000:INFO:  handled by,64,coherentGenesis560,get functionality
2026-03-26 13:11:05,150:hal4000:INFO:message:
2026-03-26 13:11:05,150:hal4000:INFO:  handled by,64,display,get functionality
2026-03-26 13:11:05,150:hal4000:INFO:message:
2026-03-26 13:11:05,150:hal4000:INFO:  handled by,64,feeds,get functionality
2026-03-26 13:11:05,150:hal4000:INFO:message:
2026-03-26 13:11:05,150:hal4000:INFO:  handled by,64,film,get functionality
2026-03-26 13:11:05,150:hal4000:INFO:message:
2026-03-26 13:11:05,151:hal4000:INFO:  handled by,64,focuslock,get functionality
2026-03-26 13:11:05,151:hal4000:INFO:message:
2026-03-26 13:11:05,151:hal4000:INFO:  handled by,64,illumination,get functionality
2026-03-26 13:11:05,151:hal4000:INFO:message:
2026-03-26 13:11:05,151:hal4000:INFO:  handled by,64,mosaic,get functionality
2026-03-26 13:11:05,151:hal4000:INFO:message:
2026-03-26 13:11:05,152:hal4000:INFO:  handled by,64,mpb642,get functionality
2026-03-26 13:11:05,152:hal4000:INFO:message:
2026-03-26 13:11:05,152:hal4000:INFO:  handled by,64,none_irlaser,get functionality
2026-03-26 13:11:05,152:hal4000:INFO:message:
2026-03-26 13:11:05,152:hal4000:INFO:  handled by,64,obis405,get functionality
2026-03-26 13:11:05,152:hal4000:INFO:message:
2026-03-26 13:11:05,152:hal4000:INFO:  handled by,64,pi_controller,get functionality
2026-03-26 13:11:05,153:hal4000:INFO:message:
2026-03-26 13:11:05,153:hal4000:INFO:  handled by,64,progressions,get functionality
2026-03-26 13:11:05,153:hal4000:INFO:message:
2026-03-26 13:11:05,153:hal4000:INFO:  handled by,64,scmos_cal,get functionality
2026-03-26 13:11:05,153:hal4000:INFO:message:
2026-03-26 13:11:05,153:hal4000:INFO:  handled by,64,settings,get functionality
2026-03-26 13:11:05,153:hal4000:INFO:message:
2026-03-26 13:11:05,154:hal4000:INFO:  handled by,64,spotcounter,get functionality
2026-03-26 13:11:05,154:hal4000:INFO:message:
2026-03-26 13:11:05,154:hal4000:INFO:  handled by,64,stage,get functionality
2026-03-26 13:11:05,154:hal4000:INFO:message:
2026-03-26 13:11:05,154:hal4000:INFO:  handled by,64,tcp_control,get functionality
2026-03-26 13:11:05,154:hal4000:INFO:message:
2026-03-26 13:11:05,155:hal4000:INFO:  handled by,64,timing,get functionality
2026-03-26 13:11:05,155:hal4000:INFO:message:
2026-03-26 13:11:05,155:hal4000:INFO:  handled by,64,uc480_camera,get functionality
2026-03-26 13:11:05,155:hal4000:INFO:message:
2026-03-26 13:11:05,155:hal4000:INFO:  handled by,64,z_stage,get functionality
2026-03-26 13:11:05,155:hal4000:INFO:message:
2026-03-26 13:11:05,156:hal4000:INFO:  sent,65,illumination,configuration
2026-03-26 13:11:05,157:hal4000:INFO:message:
2026-03-26 13:11:05,157:hal4000:INFO:  handled by,65,hal,configuration
2026-03-26 13:11:05,158:hal4000:INFO:message:
2026-03-26 13:11:05,158:hal4000:INFO:  handled by,65,aotf,configuration
2026-03-26 13:11:05,158:hal4000:INFO:message:
2026-03-26 13:11:05,158:hal4000:INFO:  handled by,65,clemex_stage,configuration
2026-03-26 13:11:05,158:hal4000:INFO:message:
2026-03-26 13:11:05,158:hal4000:INFO:  handled by,65,coherentGenesis488,configuration
2026-03-26 13:11:05,158:hal4000:INFO:message:
2026-03-26 13:11:05,159:hal4000:INFO:  handled by,65,coherentGenesis560,configuration
2026-03-26 13:11:05,159:hal4000:INFO:message:
2026-03-26 13:11:05,159:hal4000:INFO:  handled by,65,display,configuration
2026-03-26 13:11:05,159:hal4000:INFO:message:
2026-03-26 13:11:05,159:hal4000:INFO:  handled by,65,feeds,configuration
2026-03-26 13:11:05,160:hal4000:INFO:message:
2026-03-26 13:11:05,160:hal4000:INFO:  handled by,65,film,configuration
2026-03-26 13:11:05,160:hal4000:INFO:message:
2026-03-26 13:11:05,160:hal4000:INFO:  handled by,65,focuslock,configuration
2026-03-26 13:11:05,160:hal4000:INFO:message:
2026-03-26 13:11:05,160:hal4000:INFO:  handled by,65,illumination,configuration
2026-03-26 13:11:05,160:hal4000:INFO:message:
2026-03-26 13:11:05,161:hal4000:INFO:  handled by,65,mosaic,configuration
2026-03-26 13:11:05,161:hal4000:INFO:message:
2026-03-26 13:11:05,161:hal4000:INFO:  handled by,65,mpb642,configuration
2026-03-26 13:11:05,161:hal4000:INFO:message:
2026-03-26 13:11:05,161:hal4000:INFO:  handled by,65,none_irlaser,configuration
2026-03-26 13:11:05,161:hal4000:INFO:message:
2026-03-26 13:11:05,162:hal4000:INFO:  handled by,65,obis405,configuration
2026-03-26 13:11:05,162:hal4000:INFO:message:
2026-03-26 13:11:05,162:hal4000:INFO:  handled by,65,pi_controller,configuration
2026-03-26 13:11:05,162:hal4000:INFO:message:
2026-03-26 13:11:05,162:hal4000:INFO:  handled by,65,progressions,configuration
2026-03-26 13:11:05,162:hal4000:INFO:message:
2026-03-26 13:11:05,162:hal4000:INFO:  handled by,65,scmos_cal,configuration
2026-03-26 13:11:05,163:hal4000:INFO:message:
2026-03-26 13:11:05,163:hal4000:INFO:  handled by,65,settings,configuration
2026-03-26 13:11:05,163:hal4000:INFO:message:
2026-03-26 13:11:05,163:hal4000:INFO:  handled by,65,spotcounter,configuration
2026-03-26 13:11:05,163:hal4000:INFO:message:
2026-03-26 13:11:05,163:hal4000:INFO:  handled by,65,stage,configuration
2026-03-26 13:11:05,164:hal4000:INFO:message:
2026-03-26 13:11:05,164:hal4000:INFO:  handled by,65,tcp_control,configuration
2026-03-26 13:11:05,164:hal4000:INFO:message:
2026-03-26 13:11:05,164:hal4000:INFO:  handled by,65,timing,configuration
2026-03-26 13:11:05,164:hal4000:INFO:message:
2026-03-26 13:11:05,164:hal4000:INFO:  handled by,65,uc480_camera,configuration
2026-03-26 13:11:05,164:hal4000:INFO:message:
2026-03-26 13:11:05,165:hal4000:INFO:  handled by,65,z_stage,configuration
2026-03-26 13:11:05,466:hal4000:INFO:message:
2026-03-26 13:11:05,466:hal4000:INFO:  handled by,62,camera1,start camera
2026-03-26 13:11:05,466:hal4000:INFO:message:
2026-03-26 13:11:05,466:hal4000:INFO:  processed,62,film,start camera
2026-03-26 13:11:05,467:hal4000:INFO:message:
2026-03-26 13:11:05,467:hal4000:INFO:  worker done,62,film,start camera
2026-03-26 13:11:05,474:hal4000:INFO:message:
2026-03-26 13:11:05,475:hal4000:INFO:  handled by,63,camera1,new shutters file
2026-03-26 13:11:05,475:hal4000:INFO:message:
2026-03-26 13:11:05,475:hal4000:INFO:  processed,63,illumination,new shutters file
2026-03-26 13:11:05,475:hal4000:INFO:message:
2026-03-26 13:11:05,475:hal4000:INFO:  handled by,64,camera1,get functionality
2026-03-26 13:11:05,476:hal4000:INFO:message:
2026-03-26 13:11:05,476:hal4000:INFO:  processed,64,spotcounter,get functionality
2026-03-26 13:11:05,478:hal4000:INFO:message:
2026-03-26 13:11:05,478:hal4000:INFO:  handled by,65,camera1,configuration
2026-03-26 13:11:05,478:hal4000:INFO:message:
2026-03-26 13:11:05,478:hal4000:INFO:  processed,65,illumination,configuration
2026-03-26 13:11:12,000:hal4000:INFO:message:
2026-03-26 13:11:12,001:hal4000:INFO:  queued,66,hal,close event
2026-03-26 13:11:12,439:hal4000:INFO:message:
2026-03-26 13:11:12,440:hal4000:INFO:  uc480: Call failed with error 1 is_CopyImageMem
