2026-03-26 14:38:53,440:hal4000:INFO:message:
2026-03-26 14:38:53,442:hal4000:INFO:  handled by,57,scmos_cal,get functionality
2026-03-26 14:38:53,442:hal4000:INFO:message:
2026-03-26 14:38:53,442:hal4000:INFO:  handled by,57,settings,get functionality
2026-03-26 14:38:53,442:hal4000:INFO:message:
2026-03-26 14:38:53,442:hal4000:INFO:  handled by,57,spotcounter,get functionality
2026-03-26 14:38:53,442:hal4000:INFO:message:
2026-03-26 14:38:53,443:hal4000:INFO:  handled by,57,stage,get functionality
2026-03-26 14:38:53,443:hal4000:INFO:message:
2026-03-26 14:38:53,443:hal4000:INFO:  handled by,57,tcp_control,get functionality
2026-03-26 14:38:53,443:hal4000:INFO:message:
2026-03-26 14:38:53,443:hal4000:INFO:  handled by,57,timing,get functionality
2026-03-26 14:38:53,444:hal4000:INFO:message:
2026-03-26 14:38:53,444:hal4000:INFO:  handled by,57,uc480_camera,get functionality
2026-03-26 14:38:53,444:hal4000:INFO:message:
2026-03-26 14:38:53,444:hal4000:INFO:  handled by,57,z_stage,get functionality
2026-03-26 14:38:53,444:hal4000:INFO:message:
2026-03-26 14:38:53,444:hal4000:INFO:  processed,57,scmos_cal,get functionality
2026-03-26 14:38:53,446:hal4000:INFO:message:
2026-03-26 14:38:53,446:hal4000:INFO:  sent,3,core,start
2026-03-26 14:38:53,474:hal4000:INFO:message:
2026-03-26 14:38:53,474:hal4000:INFO:  queued,58,hal,change directory
2026-03-26 14:38:53,474:hal4000:INFO:message:
2026-03-26 14:38:53,474:hal4000:INFO:  handled by,3,hal,start
2026-03-26 14:38:53,474:hal4000:INFO:message:
2026-03-26 14:38:53,475:hal4000:INFO:  handled by,3,aotf,start
2026-03-26 14:38:53,475:hal4000:INFO:message:
2026-03-26 14:38:53,475:hal4000:INFO:  handled by,3,camera1,start
2026-03-26 14:38:53,475:hal4000:INFO:message:
2026-03-26 14:38:53,475:hal4000:INFO:  handled by,3,clemex_stage,start
2026-03-26 14:38:53,475:hal4000:INFO:message:
2026-03-26 14:38:53,476:hal4000:INFO:  handled by,3,coherentGenesis488,start
2026-03-26 14:38:53,476:hal4000:INFO:message:
2026-03-26 14:38:53,476:hal4000:INFO:  handled by,3,coherentGenesis560,start
2026-03-26 14:38:53,476:hal4000:INFO:message:
2026-03-26 14:38:53,476:hal4000:INFO:  queued,59,display,get functionality
2026-03-26 14:38:53,477:hal4000:INFO:message:
2026-03-26 14:38:53,477:hal4000:INFO:  handled by,3,display,start
2026-03-26 14:38:53,477:hal4000:INFO:message:
2026-03-26 14:38:53,477:hal4000:INFO:  handled by,3,feeds,start
2026-03-26 14:38:53,477:hal4000:INFO:message:
2026-03-26 14:38:53,477:hal4000:INFO:  queued,60,film,start camera
2026-03-26 14:38:53,478:hal4000:INFO:message:
2026-03-26 14:38:53,478:hal4000:INFO:  queued,61,film,sync
2026-03-26 14:38:53,478:hal4000:INFO:message:
2026-03-26 14:38:53,478:hal4000:INFO:  queued,62,film,start camera
2026-03-26 14:38:53,478:hal4000:INFO:message:
2026-03-26 14:38:53,478:hal4000:INFO:  handled by,3,film,start
2026-03-26 14:38:53,488:hal4000:INFO:message:
2026-03-26 14:38:53,489:hal4000:INFO:  handled by,3,focuslock,start
2026-03-26 14:38:53,520:hal4000:INFO:message:
2026-03-26 14:38:53,520:hal4000:INFO:  queued,63,illumination,new shutters file
2026-03-26 14:38:53,527:hal4000:INFO:message:
2026-03-26 14:38:53,527:hal4000:INFO:  handled by,3,illumination,start
2026-03-26 14:38:53,528:hal4000:INFO:message:
2026-03-26 14:38:53,528:hal4000:INFO:  handled by,3,mosaic,start
2026-03-26 14:38:53,528:hal4000:INFO:message:
2026-03-26 14:38:53,528:hal4000:INFO:  handled by,3,mpb642,start
2026-03-26 14:38:53,529:hal4000:INFO:message:
2026-03-26 14:38:53,529:hal4000:INFO:  handled by,3,none_irlaser,start
2026-03-26 14:38:53,529:hal4000:INFO:message:
2026-03-26 14:38:53,529:hal4000:INFO:  handled by,3,obis405,start
2026-03-26 14:38:53,530:hal4000:INFO:message:
2026-03-26 14:38:53,530:hal4000:INFO:  handled by,3,pi_controller,start
2026-03-26 14:38:53,530:hal4000:INFO:message:
2026-03-26 14:38:53,530:hal4000:INFO:  handled by,3,progressions,start
2026-03-26 14:38:53,531:hal4000:INFO:message:
2026-03-26 14:38:53,531:hal4000:INFO:  handled by,3,scmos_cal,start
2026-03-26 14:38:53,531:hal4000:INFO:message:
2026-03-26 14:38:53,531:hal4000:INFO:  handled by,3,settings,start
2026-03-26 14:38:53,531:hal4000:INFO:message:
2026-03-26 14:38:53,532:hal4000:INFO:  queued,64,spotcounter,get functionality
2026-03-26 14:38:53,532:hal4000:INFO:message:
2026-03-26 14:38:53,532:hal4000:INFO:  handled by,3,spotcounter,start
2026-03-26 14:38:53,540:hal4000:INFO:message:
2026-03-26 14:38:53,540:hal4000:INFO:  handled by,3,stage,start
2026-03-26 14:38:53,540:hal4000:INFO:message:
2026-03-26 14:38:53,540:hal4000:INFO:  handled by,3,tcp_control,start
2026-03-26 14:38:53,541:hal4000:INFO:message:
2026-03-26 14:38:53,541:hal4000:INFO:  handled by,3,timing,start
2026-03-26 14:38:53,541:hal4000:INFO:message:
2026-03-26 14:38:53,541:hal4000:INFO:  handled by,3,uc480_camera,start
2026-03-26 14:38:53,548:hal4000:INFO:message:
2026-03-26 14:38:53,548:hal4000:INFO:  handled by,3,z_stage,start
2026-03-26 14:38:53,549:hal4000:INFO:message:
2026-03-26 14:38:53,549:hal4000:INFO:  processed,3,core,start
2026-03-26 14:38:53,626:hal4000:INFO:message:
2026-03-26 14:38:53,626:hal4000:INFO:  sent,58,hal,change directory
2026-03-26 14:38:53,646:hal4000:INFO:message:
2026-03-26 14:38:53,646:hal4000:INFO:  handled by,58,hal,change directory
2026-03-26 14:38:53,646:hal4000:INFO:message:
2026-03-26 14:38:53,646:hal4000:INFO:  handled by,58,aotf,change directory
2026-03-26 14:38:53,646:hal4000:INFO:message:
2026-03-26 14:38:53,647:hal4000:INFO:  handled by,58,camera1,change directory
2026-03-26 14:38:53,647:hal4000:INFO:message:
2026-03-26 14:38:53,647:hal4000:INFO:  handled by,58,clemex_stage,change directory
2026-03-26 14:38:53,647:hal4000:INFO:message:
2026-03-26 14:38:53,647:hal4000:INFO:  handled by,58,coherentGenesis488,change directory
2026-03-26 14:38:53,648:hal4000:INFO:message:
2026-03-26 14:38:53,648:hal4000:INFO:  handled by,58,coherentGenesis560,change directory
2026-03-26 14:38:53,648:hal4000:INFO:message:
2026-03-26 14:38:53,648:hal4000:INFO:  handled by,58,display,change directory
2026-03-26 14:38:53,648:hal4000:INFO:message:
2026-03-26 14:38:53,649:hal4000:INFO:  handled by,58,feeds,change directory
2026-03-26 14:38:53,649:hal4000:INFO:message:
2026-03-26 14:38:53,649:hal4000:INFO:  handled by,58,film,change directory
2026-03-26 14:38:53,650:hal4000:INFO:message:
2026-03-26 14:38:53,650:hal4000:INFO:  handled by,58,focuslock,change directory
2026-03-26 14:38:53,650:hal4000:INFO:message:
2026-03-26 14:38:53,650:hal4000:INFO:  handled by,58,illumination,change directory
2026-03-26 14:38:53,651:hal4000:INFO:message:
2026-03-26 14:38:53,651:hal4000:INFO:  handled by,58,mosaic,change directory
2026-03-26 14:38:53,651:hal4000:INFO:message:
2026-03-26 14:38:53,652:hal4000:INFO:  handled by,58,mpb642,change directory
2026-03-26 14:38:53,652:hal4000:INFO:message:
2026-03-26 14:38:53,652:hal4000:INFO:  handled by,58,none_irlaser,change directory
2026-03-26 14:38:53,652:hal4000:INFO:message:
2026-03-26 14:38:53,652:hal4000:INFO:  handled by,58,obis405,change directory
2026-03-26 14:38:53,653:hal4000:INFO:message:
2026-03-26 14:38:53,653:hal4000:INFO:  handled by,58,pi_controller,change directory
2026-03-26 14:38:53,653:hal4000:INFO:message:
2026-03-26 14:38:53,653:hal4000:INFO:  handled by,58,progressions,change directory
2026-03-26 14:38:53,654:hal4000:INFO:message:
2026-03-26 14:38:53,654:hal4000:INFO:  handled by,58,scmos_cal,change directory
2026-03-26 14:38:53,654:hal4000:INFO:message:
2026-03-26 14:38:53,654:hal4000:INFO:  handled by,58,settings,change directory
2026-03-26 14:38:53,655:hal4000:INFO:message:
2026-03-26 14:38:53,655:hal4000:INFO:  handled by,58,spotcounter,change directory
2026-03-26 14:38:53,655:hal4000:INFO:message:
2026-03-26 14:38:53,656:hal4000:INFO:  handled by,58,stage,change directory
2026-03-26 14:38:53,656:hal4000:INFO:message:
2026-03-26 14:38:53,656:hal4000:INFO:  handled by,58,tcp_control,change directory
2026-03-26 14:38:53,656:hal4000:INFO:message:
2026-03-26 14:38:53,656:hal4000:INFO:  handled by,58,timing,change directory
2026-03-26 14:38:53,657:hal4000:INFO:message:
2026-03-26 14:38:53,657:hal4000:INFO:  handled by,58,uc480_camera,change directory
2026-03-26 14:38:53,658:hal4000:INFO:message:
2026-03-26 14:38:53,658:hal4000:INFO:  handled by,58,z_stage,change directory
2026-03-26 14:38:53,658:hal4000:INFO:message:
2026-03-26 14:38:53,658:hal4000:INFO:  processed,58,hal,change directory
2026-03-26 14:38:53,659:hal4000:INFO:message:
2026-03-26 14:38:53,659:hal4000:INFO:  sent,59,display,get functionality
2026-03-26 14:38:53,660:hal4000:INFO:message:
2026-03-26 14:38:53,660:hal4000:INFO:  handled by,59,hal,get functionality
2026-03-26 14:38:53,660:hal4000:INFO:message:
2026-03-26 14:38:53,660:hal4000:INFO:  handled by,59,aotf,get functionality
2026-03-26 14:38:53,661:hal4000:INFO:message:
2026-03-26 14:38:53,661:hal4000:INFO:  handled by,59,camera1,get functionality
2026-03-26 14:38:53,661:hal4000:INFO:message:
2026-03-26 14:38:53,661:hal4000:INFO:  handled by,59,clemex_stage,get functionality
2026-03-26 14:38:53,661:hal4000:INFO:message:
2026-03-26 14:38:53,662:hal4000:INFO:  handled by,59,coherentGenesis488,get functionality
2026-03-26 14:38:53,662:hal4000:INFO:message:
2026-03-26 14:38:53,662:hal4000:INFO:  handled by,59,coherentGenesis560,get functionality
2026-03-26 14:38:53,662:hal4000:INFO:message:
2026-03-26 14:38:53,662:hal4000:INFO:  handled by,59,display,get functionality
2026-03-26 14:38:53,663:hal4000:INFO:message:
2026-03-26 14:38:53,663:hal4000:INFO:  handled by,59,feeds,get functionality
2026-03-26 14:38:53,664:hal4000:INFO:message:
2026-03-26 14:38:53,664:hal4000:INFO:  handled by,59,film,get functionality
2026-03-26 14:38:53,664:hal4000:INFO:message:
2026-03-26 14:38:53,664:hal4000:INFO:  handled by,59,focuslock,get functionality
2026-03-26 14:38:53,665:hal4000:INFO:message:
2026-03-26 14:38:53,665:hal4000:INFO:  handled by,59,illumination,get functionality
2026-03-26 14:38:53,665:hal4000:INFO:message:
2026-03-26 14:38:53,665:hal4000:INFO:  handled by,59,mosaic,get functionality
2026-03-26 14:38:53,666:hal4000:INFO:message:
2026-03-26 14:38:53,666:hal4000:INFO:  handled by,59,mpb642,get functionality
2026-03-26 14:38:53,666:hal4000:INFO:message:
2026-03-26 14:38:53,666:hal4000:INFO:  handled by,59,none_irlaser,get functionality
2026-03-26 14:38:53,666:hal4000:INFO:message:
2026-03-26 14:38:53,667:hal4000:INFO:  handled by,59,obis405,get functionality
2026-03-26 14:38:53,667:hal4000:INFO:message:
2026-03-26 14:38:53,667:hal4000:INFO:  handled by,59,pi_controller,get functionality
2026-03-26 14:38:53,667:hal4000:INFO:message:
2026-03-26 14:38:53,667:hal4000:INFO:  handled by,59,progressions,get functionality
2026-03-26 14:38:53,668:hal4000:INFO:message:
2026-03-26 14:38:53,668:hal4000:INFO:  handled by,59,scmos_cal,get functionality
2026-03-26 14:38:53,668:hal4000:INFO:message:
2026-03-26 14:38:53,668:hal4000:INFO:  handled by,59,settings,get functionality
2026-03-26 14:38:53,669:hal4000:INFO:message:
2026-03-26 14:38:53,669:hal4000:INFO:  handled by,59,spotcounter,get functionality
2026-03-26 14:38:53,669:hal4000:INFO:message:
2026-03-26 14:38:53,669:hal4000:INFO:  handled by,59,stage,get functionality
2026-03-26 14:38:53,669:hal4000:INFO:message:
2026-03-26 14:38:53,669:hal4000:INFO:  handled by,59,tcp_control,get functionality
2026-03-26 14:38:53,670:hal4000:INFO:message:
2026-03-26 14:38:53,670:hal4000:INFO:  handled by,59,timing,get functionality
2026-03-26 14:38:53,671:hal4000:INFO:message:
2026-03-26 14:38:53,671:hal4000:INFO:  handled by,59,uc480_camera,get functionality
2026-03-26 14:38:53,671:hal4000:INFO:message:
2026-03-26 14:38:53,671:hal4000:INFO:  handled by,59,z_stage,get functionality
2026-03-26 14:38:53,672:hal4000:INFO:message:
2026-03-26 14:38:53,672:hal4000:INFO:  processed,59,display,get functionality
2026-03-26 14:38:53,675:hal4000:INFO:message:
2026-03-26 14:38:53,675:hal4000:INFO:  sent,60,film,start camera
2026-03-26 14:38:53,677:hal4000:INFO:message:
2026-03-26 14:38:53,677:hal4000:INFO:  handled by,60,hal,start camera
2026-03-26 14:38:53,678:hal4000:INFO:message:
2026-03-26 14:38:53,678:hal4000:INFO:  handled by,60,aotf,start camera
2026-03-26 14:38:53,678:hal4000:INFO:message:
2026-03-26 14:38:53,678:hal4000:INFO:  handled by,60,camera1,start camera
2026-03-26 14:38:53,679:hal4000:INFO:message:
2026-03-26 14:38:53,679:hal4000:INFO:  handled by,60,clemex_stage,start camera
2026-03-26 14:38:53,679:hal4000:INFO:message:
2026-03-26 14:38:53,679:hal4000:INFO:  handled by,60,coherentGenesis488,start camera
2026-03-26 14:38:53,680:hal4000:INFO:message:
2026-03-26 14:38:53,680:hal4000:INFO:  handled by,60,coherentGenesis560,start camera
2026-03-26 14:38:53,680:hal4000:INFO:message:
2026-03-26 14:38:53,680:hal4000:INFO:  handled by,60,display,start camera
2026-03-26 14:38:53,680:hal4000:INFO:message:
2026-03-26 14:38:53,681:hal4000:INFO:  handled by,60,feeds,start camera
2026-03-26 14:38:53,681:hal4000:INFO:message:
2026-03-26 14:38:53,681:hal4000:INFO:  handled by,60,film,start camera
2026-03-26 14:38:53,681:hal4000:INFO:message:
2026-03-26 14:38:53,682:hal4000:INFO:  handled by,60,focuslock,start camera
2026-03-26 14:38:53,682:hal4000:INFO:message:
2026-03-26 14:38:53,682:hal4000:INFO:  handled by,60,illumination,start camera
2026-03-26 14:38:53,683:hal4000:INFO:message:
2026-03-26 14:38:53,683:hal4000:INFO:  handled by,60,mosaic,start camera
2026-03-26 14:38:53,683:hal4000:INFO:message:
2026-03-26 14:38:53,683:hal4000:INFO:  handled by,60,mpb642,start camera
2026-03-26 14:38:53,683:hal4000:INFO:message:
2026-03-26 14:38:53,684:hal4000:INFO:  handled by,60,none_irlaser,start camera
2026-03-26 14:38:53,684:hal4000:INFO:message:
2026-03-26 14:38:53,684:hal4000:INFO:  handled by,60,obis405,start camera
2026-03-26 14:38:53,684:hal4000:INFO:message:
2026-03-26 14:38:53,685:hal4000:INFO:  handled by,60,pi_controller,start camera
2026-03-26 14:38:53,685:hal4000:INFO:message:
2026-03-26 14:38:53,685:hal4000:INFO:  handled by,60,progressions,start camera
2026-03-26 14:38:53,685:hal4000:INFO:message:
2026-03-26 14:38:53,686:hal4000:INFO:  handled by,60,scmos_cal,start camera
2026-03-26 14:38:53,686:hal4000:INFO:message:
2026-03-26 14:38:53,686:hal4000:INFO:  handled by,60,settings,start camera
2026-03-26 14:38:53,686:hal4000:INFO:message:
2026-03-26 14:38:53,687:hal4000:INFO:  handled by,60,spotcounter,start camera
2026-03-26 14:38:53,687:hal4000:INFO:message:
2026-03-26 14:38:53,687:hal4000:INFO:  handled by,60,stage,start camera
2026-03-26 14:38:53,687:hal4000:INFO:message:
2026-03-26 14:38:53,688:hal4000:INFO:  handled by,60,tcp_control,start camera
2026-03-26 14:38:53,688:hal4000:INFO:message:
2026-03-26 14:38:53,688:hal4000:INFO:  handled by,60,timing,start camera
2026-03-26 14:38:53,689:hal4000:INFO:message:
2026-03-26 14:38:53,689:hal4000:INFO:  handled by,60,uc480_camera,start camera
2026-03-26 14:38:53,689:hal4000:INFO:message:
2026-03-26 14:38:53,689:hal4000:INFO:  handled by,60,z_stage,start camera
2026-03-26 14:38:53,690:hal4000:INFO:message:
2026-03-26 14:38:53,690:hal4000:INFO:  processed,60,film,start camera
2026-03-26 14:38:53,691:hal4000:INFO:message:
2026-03-26 14:38:53,691:hal4000:INFO:  sent,62,film,start camera
2026-03-26 14:38:53,692:hal4000:INFO:message:
2026-03-26 14:38:53,692:hal4000:INFO:  handled by,62,hal,start camera
2026-03-26 14:38:53,693:hal4000:INFO:message:
2026-03-26 14:38:53,693:hal4000:INFO:  handled by,62,aotf,start camera
2026-03-26 14:38:53,694:hal4000:INFO:message:
2026-03-26 14:38:53,694:hal4000:INFO:  handled by,62,camera1,start camera
2026-03-26 14:38:53,694:hal4000:INFO:message:
2026-03-26 14:38:53,695:hal4000:INFO:  handled by,62,clemex_stage,start camera
2026-03-26 14:38:53,695:hal4000:INFO:message:
2026-03-26 14:38:53,695:hal4000:INFO:  handled by,62,coherentGenesis488,start camera
2026-03-26 14:38:53,696:hal4000:INFO:message:
2026-03-26 14:38:53,696:hal4000:INFO:  handled by,62,coherentGenesis560,start camera
2026-03-26 14:38:53,696:hal4000:INFO:message:
2026-03-26 14:38:53,696:hal4000:INFO:  handled by,62,display,start camera
2026-03-26 14:38:53,696:hal4000:INFO:message:
2026-03-26 14:38:53,697:hal4000:INFO:  handled by,62,feeds,start camera
2026-03-26 14:38:53,700:hal4000:INFO:message:
2026-03-26 14:38:53,700:hal4000:INFO:  handled by,62,film,start camera
2026-03-26 14:38:53,700:hal4000:INFO:message:
2026-03-26 14:38:53,701:hal4000:INFO:  handled by,62,focuslock,start camera
2026-03-26 14:38:53,701:hal4000:INFO:message:
2026-03-26 14:38:53,701:hal4000:INFO:  handled by,62,illumination,start camera
2026-03-26 14:38:53,701:hal4000:INFO:message:
2026-03-26 14:38:53,701:hal4000:INFO:  handled by,62,mosaic,start camera
2026-03-26 14:38:53,702:hal4000:INFO:message:
2026-03-26 14:38:53,702:hal4000:INFO:  handled by,62,mpb642,start camera
2026-03-26 14:38:53,702:hal4000:INFO:message:
2026-03-26 14:38:53,702:hal4000:INFO:  handled by,62,none_irlaser,start camera
2026-03-26 14:38:53,703:hal4000:INFO:message:
2026-03-26 14:38:53,703:hal4000:INFO:  handled by,62,obis405,start camera
2026-03-26 14:38:53,703:hal4000:INFO:message:
2026-03-26 14:38:53,704:hal4000:INFO:  handled by,62,pi_controller,start camera
2026-03-26 14:38:53,704:hal4000:INFO:message:
2026-03-26 14:38:53,704:hal4000:INFO:  handled by,62,progressions,start camera
2026-03-26 14:38:53,704:hal4000:INFO:message:
2026-03-26 14:38:53,705:hal4000:INFO:  handled by,62,scmos_cal,start camera
2026-03-26 14:38:53,705:hal4000:INFO:message:
2026-03-26 14:38:53,705:hal4000:INFO:  handled by,62,settings,start camera
2026-03-26 14:38:53,705:hal4000:INFO:message:
2026-03-26 14:38:53,705:hal4000:INFO:  handled by,62,spotcounter,start camera
2026-03-26 14:38:53,706:hal4000:INFO:message:
2026-03-26 14:38:53,706:hal4000:INFO:  handled by,62,stage,start camera
2026-03-26 14:38:53,706:hal4000:INFO:message:
2026-03-26 14:38:53,706:hal4000:INFO:  handled by,62,tcp_control,start camera
2026-03-26 14:38:53,706:hal4000:INFO:message:
2026-03-26 14:38:53,707:hal4000:INFO:  handled by,62,timing,start camera
2026-03-26 14:38:53,707:hal4000:INFO:message:
2026-03-26 14:38:53,707:hal4000:INFO:  handled by,62,uc480_camera,start camera
2026-03-26 14:38:53,707:hal4000:INFO:message:
2026-03-26 14:38:53,707:hal4000:INFO:  handled by,62,z_stage,start camera
2026-03-26 14:38:53,708:hal4000:INFO:message:
2026-03-26 14:38:53,708:hal4000:INFO:  sent,63,illumination,new shutters file
2026-03-26 14:38:53,709:hal4000:INFO:message:
2026-03-26 14:38:53,709:hal4000:INFO:  worker started 60000,62,film,start camera
2026-03-26 14:38:53,709:hal4000:INFO:message:
2026-03-26 14:38:53,709:hal4000:INFO:  handled by,63,hal,new shutters file
2026-03-26 14:38:53,709:hal4000:INFO:message:
2026-03-26 14:38:53,710:hal4000:INFO:  handled by,63,aotf,new shutters file
2026-03-26 14:38:53,710:hal4000:INFO:message:
2026-03-26 14:38:53,710:hal4000:INFO:  handled by,63,clemex_stage,new shutters file
2026-03-26 14:38:53,710:hal4000:INFO:message:
2026-03-26 14:38:53,710:hal4000:INFO:  handled by,63,coherentGenesis488,new shutters file
2026-03-26 14:38:53,711:hal4000:INFO:message:
2026-03-26 14:38:53,711:hal4000:INFO:  handled by,63,coherentGenesis560,new shutters file
2026-03-26 14:38:53,711:hal4000:INFO:message:
2026-03-26 14:38:53,712:hal4000:INFO:  handled by,63,display,new shutters file
2026-03-26 14:38:53,712:hal4000:INFO:message:
2026-03-26 14:38:53,712:hal4000:INFO:  handled by,63,feeds,new shutters file
2026-03-26 14:38:53,712:hal4000:INFO:message:
2026-03-26 14:38:53,712:hal4000:INFO:  handled by,63,film,new shutters file
2026-03-26 14:38:53,713:hal4000:INFO:message:
2026-03-26 14:38:53,713:hal4000:INFO:  handled by,63,focuslock,new shutters file
2026-03-26 14:38:53,714:hal4000:INFO:message:
2026-03-26 14:38:53,714:hal4000:INFO:  queued,65,illumination,configuration
2026-03-26 14:38:53,714:hal4000:INFO:message:
2026-03-26 14:38:53,715:hal4000:INFO:  handled by,63,illumination,new shutters file
2026-03-26 14:38:53,715:hal4000:INFO:message:
2026-03-26 14:38:53,715:hal4000:INFO:  handled by,63,mosaic,new shutters file
2026-03-26 14:38:53,715:hal4000:INFO:message:
2026-03-26 14:38:53,715:hal4000:INFO:  handled by,63,mpb642,new shutters file
2026-03-26 14:38:53,716:hal4000:INFO:message:
2026-03-26 14:38:53,716:hal4000:INFO:  handled by,63,none_irlaser,new shutters file
2026-03-26 14:38:53,716:hal4000:INFO:message:
2026-03-26 14:38:53,716:hal4000:INFO:  handled by,63,obis405,new shutters file
2026-03-26 14:38:53,716:hal4000:INFO:message:
2026-03-26 14:38:53,717:hal4000:INFO:  handled by,63,pi_controller,new shutters file
2026-03-26 14:38:53,717:hal4000:INFO:message:
2026-03-26 14:38:53,717:hal4000:INFO:  handled by,63,progressions,new shutters file
2026-03-26 14:38:53,718:hal4000:INFO:message:
2026-03-26 14:38:53,718:hal4000:INFO:  handled by,63,scmos_cal,new shutters file
2026-03-26 14:38:53,719:hal4000:INFO:message:
2026-03-26 14:38:53,719:hal4000:INFO:  handled by,63,settings,new shutters file
2026-03-26 14:38:53,719:hal4000:INFO:message:
2026-03-26 14:38:53,719:hal4000:INFO:  handled by,63,spotcounter,new shutters file
2026-03-26 14:38:53,720:hal4000:INFO:message:
2026-03-26 14:38:53,720:hal4000:INFO:  handled by,63,stage,new shutters file
2026-03-26 14:38:53,720:hal4000:INFO:message:
2026-03-26 14:38:53,720:hal4000:INFO:  handled by,63,tcp_control,new shutters file
2026-03-26 14:38:53,720:hal4000:INFO:message:
2026-03-26 14:38:53,721:hal4000:INFO:  handled by,63,timing,new shutters file
2026-03-26 14:38:53,721:hal4000:INFO:message:
2026-03-26 14:38:53,721:hal4000:INFO:  handled by,63,uc480_camera,new shutters file
2026-03-26 14:38:53,721:hal4000:INFO:message:
2026-03-26 14:38:53,722:hal4000:INFO:  handled by,63,z_stage,new shutters file
2026-03-26 14:38:53,722:hal4000:INFO:message:
2026-03-26 14:38:53,722:hal4000:INFO:  sent,64,spotcounter,get functionality
2026-03-26 14:38:53,723:hal4000:INFO:message:
2026-03-26 14:38:53,723:hal4000:INFO:  handled by,64,hal,get functionality
2026-03-26 14:38:53,723:hal4000:INFO:message:
2026-03-26 14:38:53,723:hal4000:INFO:  handled by,64,aotf,get functionality
2026-03-26 14:38:53,724:hal4000:INFO:message:
2026-03-26 14:38:53,724:hal4000:INFO:  handled by,64,clemex_stage,get functionality
2026-03-26 14:38:53,724:hal4000:INFO:message:
2026-03-26 14:38:53,724:hal4000:INFO:  handled by,64,coherentGenesis488,get functionality
2026-03-26 14:38:53,724:hal4000:INFO:message:
2026-03-26 14:38:53,725:hal4000:INFO:  handled by,64,coherentGenesis560,get functionality
2026-03-26 14:38:53,725:hal4000:INFO:message:
2026-03-26 14:38:53,725:hal4000:INFO:  handled by,64,display,get functionality
2026-03-26 14:38:53,726:hal4000:INFO:message:
2026-03-26 14:38:53,726:hal4000:INFO:  handled by,64,feeds,get functionality
2026-03-26 14:38:53,726:hal4000:INFO:message:
2026-03-26 14:38:53,726:hal4000:INFO:  handled by,64,film,get functionality
2026-03-26 14:38:53,726:hal4000:INFO:message:
2026-03-26 14:38:53,726:hal4000:INFO:  handled by,64,focuslock,get functionality
2026-03-26 14:38:53,727:hal4000:INFO:message:
2026-03-26 14:38:53,727:hal4000:INFO:  handled by,64,illumination,get functionality
2026-03-26 14:38:53,727:hal4000:INFO:message:
2026-03-26 14:38:53,727:hal4000:INFO:  handled by,64,mosaic,get functionality
2026-03-26 14:38:53,727:hal4000:INFO:message:
2026-03-26 14:38:53,728:hal4000:INFO:  handled by,64,mpb642,get functionality
2026-03-26 14:38:53,728:hal4000:INFO:message:
2026-03-26 14:38:53,728:hal4000:INFO:  handled by,64,none_irlaser,get functionality
2026-03-26 14:38:53,728:hal4000:INFO:message:
2026-03-26 14:38:53,728:hal4000:INFO:  handled by,64,obis405,get functionality
2026-03-26 14:38:53,729:hal4000:INFO:message:
2026-03-26 14:38:53,729:hal4000:INFO:  handled by,64,pi_controller,get functionality
2026-03-26 14:38:53,729:hal4000:INFO:message:
2026-03-26 14:38:53,729:hal4000:INFO:  handled by,64,progressions,get functionality
2026-03-26 14:38:53,729:hal4000:INFO:message:
2026-03-26 14:38:53,730:hal4000:INFO:  handled by,64,scmos_cal,get functionality
2026-03-26 14:38:53,730:hal4000:INFO:message:
2026-03-26 14:38:53,730:hal4000:INFO:  handled by,64,settings,get functionality
2026-03-26 14:38:53,730:hal4000:INFO:message:
2026-03-26 14:38:53,730:hal4000:INFO:  handled by,64,spotcounter,get functionality
2026-03-26 14:38:53,731:hal4000:INFO:message:
2026-03-26 14:38:53,731:hal4000:INFO:  handled by,64,stage,get functionality
2026-03-26 14:38:53,731:hal4000:INFO:message:
2026-03-26 14:38:53,731:hal4000:INFO:  handled by,64,tcp_control,get functionality
2026-03-26 14:38:53,732:hal4000:INFO:message:
2026-03-26 14:38:53,732:hal4000:INFO:  handled by,64,timing,get functionality
2026-03-26 14:38:53,732:hal4000:INFO:message:
2026-03-26 14:38:53,732:hal4000:INFO:  handled by,64,uc480_camera,get functionality
2026-03-26 14:38:53,733:hal4000:INFO:message:
2026-03-26 14:38:53,733:hal4000:INFO:  handled by,64,z_stage,get functionality
2026-03-26 14:38:53,733:hal4000:INFO:message:
2026-03-26 14:38:53,734:hal4000:INFO:  sent,65,illumination,configuration
2026-03-26 14:38:53,736:hal4000:INFO:message:
2026-03-26 14:38:53,736:hal4000:INFO:  handled by,65,hal,configuration
2026-03-26 14:38:53,736:hal4000:INFO:message:
2026-03-26 14:38:53,736:hal4000:INFO:  handled by,65,aotf,configuration
2026-03-26 14:38:53,737:hal4000:INFO:message:
2026-03-26 14:38:53,737:hal4000:INFO:  handled by,65,clemex_stage,configuration
2026-03-26 14:38:53,737:hal4000:INFO:message:
2026-03-26 14:38:53,737:hal4000:INFO:  handled by,65,coherentGenesis488,configuration
2026-03-26 14:38:53,737:hal4000:INFO:message:
2026-03-26 14:38:53,737:hal4000:INFO:  handled by,65,coherentGenesis560,configuration
2026-03-26 14:38:53,738:hal4000:INFO:message:
2026-03-26 14:38:53,738:hal4000:INFO:  handled by,65,display,configuration
2026-03-26 14:38:53,738:hal4000:INFO:message:
2026-03-26 14:38:53,738:hal4000:INFO:  handled by,65,feeds,configuration
2026-03-26 14:38:53,739:hal4000:INFO:message:
2026-03-26 14:38:53,739:hal4000:INFO:  handled by,65,film,configuration
2026-03-26 14:38:53,739:hal4000:INFO:message:
2026-03-26 14:38:53,740:hal4000:INFO:  handled by,65,focuslock,configuration
2026-03-26 14:38:53,740:hal4000:INFO:message:
2026-03-26 14:38:53,740:hal4000:INFO:  handled by,65,illumination,configuration
2026-03-26 14:38:53,740:hal4000:INFO:message:
2026-03-26 14:38:53,740:hal4000:INFO:  handled by,65,mosaic,configuration
2026-03-26 14:38:53,741:hal4000:INFO:message:
2026-03-26 14:38:53,741:hal4000:INFO:  handled by,65,mpb642,configuration
2026-03-26 14:38:53,741:hal4000:INFO:message:
2026-03-26 14:38:53,741:hal4000:INFO:  handled by,65,none_irlaser,configuration
2026-03-26 14:38:53,741:hal4000:INFO:message:
2026-03-26 14:38:53,741:hal4000:INFO:  handled by,65,obis405,configuration
2026-03-26 14:38:53,742:hal4000:INFO:message:
2026-03-26 14:38:53,742:hal4000:INFO:  handled by,65,pi_controller,configuration
2026-03-26 14:38:53,742:hal4000:INFO:message:
2026-03-26 14:38:53,742:hal4000:INFO:  handled by,65,progressions,configuration
2026-03-26 14:38:53,742:hal4000:INFO:message:
2026-03-26 14:38:53,743:hal4000:INFO:  handled by,65,scmos_cal,configuration
2026-03-26 14:38:53,743:hal4000:INFO:message:
2026-03-26 14:38:53,743:hal4000:INFO:  handled by,65,settings,configuration
2026-03-26 14:38:53,743:hal4000:INFO:message:
2026-03-26 14:38:53,743:hal4000:INFO:  handled by,65,spotcounter,configuration
2026-03-26 14:38:53,744:hal4000:INFO:message:
2026-03-26 14:38:53,744:hal4000:INFO:  handled by,65,stage,configuration
2026-03-26 14:38:53,744:hal4000:INFO:message:
2026-03-26 14:38:53,744:hal4000:INFO:  handled by,65,tcp_control,configuration
2026-03-26 14:38:53,744:hal4000:INFO:message:
2026-03-26 14:38:53,745:hal4000:INFO:  handled by,65,timing,configuration
2026-03-26 14:38:53,745:hal4000:INFO:message:
2026-03-26 14:38:53,745:hal4000:INFO:  handled by,65,uc480_camera,configuration
2026-03-26 14:38:53,746:hal4000:INFO:message:
2026-03-26 14:38:53,746:hal4000:INFO:  handled by,65,z_stage,configuration
2026-03-26 14:38:53,805:hal4000:INFO:message:
2026-03-26 14:38:53,805:hal4000:INFO:  Fitting problem: Number of calls to function has reached maxfev = 500.
2026-03-26 14:38:54,031:hal4000:INFO:message:
2026-03-26 14:38:54,031:hal4000:INFO:  Fitting problem: Number of calls to function has reached maxfev = 500.
2026-03-26 14:38:54,039:hal4000:INFO:message:
2026-03-26 14:38:54,039:hal4000:INFO:  handled by,62,camera1,start camera
2026-03-26 14:38:54,039:hal4000:INFO:message:
2026-03-26 14:38:54,039:hal4000:INFO:  processed,62,film,start camera
2026-03-26 14:38:54,039:hal4000:INFO:message:
2026-03-26 14:38:54,040:hal4000:INFO:  worker done,62,film,start camera
2026-03-26 14:38:54,041:hal4000:INFO:message:
2026-03-26 14:38:54,041:hal4000:INFO:  handled by,63,camera1,new shutters file
2026-03-26 14:38:54,041:hal4000:INFO:message:
2026-03-26 14:38:54,041:hal4000:INFO:  processed,63,illumination,new shutters file
2026-03-26 14:38:54,042:hal4000:INFO:message:
2026-03-26 14:38:54,042:hal4000:INFO:  handled by,64,camera1,get functionality
2026-03-26 14:38:54,042:hal4000:INFO:message:
2026-03-26 14:38:54,042:hal4000:INFO:  processed,64,spotcounter,get functionality
2026-03-26 14:38:54,044:hal4000:INFO:message:
2026-03-26 14:38:54,044:hal4000:INFO:  handled by,65,camera1,configuration
2026-03-26 14:38:54,044:hal4000:INFO:message:
2026-03-26 14:38:54,044:hal4000:INFO:  processed,65,illumination,configuration
2026-03-26 14:38:54,249:hal4000:INFO:message:
2026-03-26 14:38:54,249:hal4000:INFO:  Fitting problem: Number of calls to function has reached maxfev = 500.
2026-03-26 14:38:54,477:hal4000:INFO:message:
2026-03-26 14:38:54,477:hal4000:INFO:  Fitting problem: Number of calls to function has reached maxfev = 500.
2026-03-26 14:38:54,706:hal4000:INFO:message:
2026-03-26 14:38:54,706:hal4000:INFO:  Fitting problem: Number of calls to function has reached maxfev = 500.
2026-03-26 14:38:54,939:hal4000:INFO:message:
2026-03-26 14:38:54,939:hal4000:INFO:  Fitting problem: Number of calls to function has reached maxfev = 500.
2026-03-26 14:38:55,173:hal4000:INFO:message:
2026-03-26 14:38:55,173:hal4000:INFO:  Fitting problem: Number of calls to function has reached maxfev = 500.
2026-03-26 14:38:55,402:hal4000:INFO:message:
2026-03-26 14:38:55,402:hal4000:INFO:  Fitting problem: Number of calls to function has reached maxfev = 500.
2026-03-26 14:38:55,631:hal4000:INFO:message:
2026-03-26 14:38:55,632:hal4000:INFO:  Fitting problem: Number of calls to function has reached maxfev = 500.
2026-03-26 14:38:55,866:hal4000:INFO:message:
2026-03-26 14:38:55,866:hal4000:INFO:  Fitting problem: Number of calls to function has reached maxfev = 500.
2026-03-26 14:38:56,101:hal4000:INFO:message:
2026-03-26 14:38:56,101:hal4000:INFO:  Fitting problem: Number of calls to function has reached maxfev = 500.
2026-03-26 14:38:56,327:hal4000:INFO:message:
2026-03-26 14:38:56,327:hal4000:INFO:  Fitting problem: Number of calls to function has reached maxfev = 500.
2026-03-26 14:38:56,555:hal4000:INFO:message:
2026-03-26 14:38:56,555:hal4000:INFO:  Fitting problem: Number of calls to function has reached maxfev = 500.
2026-03-26 14:38:56,783:hal4000:INFO:message:
2026-03-26 14:38:56,784:hal4000:INFO:  Fitting problem: Number of calls to function has reached maxfev = 500.
2026-03-26 14:38:57,017:hal4000:INFO:message:
2026-03-26 14:38:57,017:hal4000:INFO:  Fitting problem: Number of calls to function has reached maxfev = 500.
2026-03-26 14:38:57,255:hal4000:INFO:message:
2026-03-26 14:38:57,255:hal4000:INFO:  Fitting problem: Number of calls to function has reached maxfev = 500.
2026-03-26 14:38:57,484:hal4000:INFO:message:
2026-03-26 14:38:57,484:hal4000:INFO:  Fitting problem: Number of calls to function has reached maxfev = 500.
2026-03-26 14:38:57,717:hal4000:INFO:message:
2026-03-26 14:38:57,717:hal4000:INFO:  Fitting problem: Number of calls to function has reached maxfev = 500.
2026-03-26 14:38:57,948:hal4000:INFO:message:
2026-03-26 14:38:57,948:hal4000:INFO:  Fitting problem: Number of calls to function has reached maxfev = 500.
2026-03-26 14:38:58,181:hal4000:INFO:message:
2026-03-26 14:38:58,181:hal4000:INFO:  Fitting problem: Number of calls to function has reached maxfev = 500.
2026-03-26 14:38:58,414:hal4000:INFO:message:
2026-03-26 14:38:58,414:hal4000:INFO:  Fitting problem: Number of calls to function has reached maxfev = 500.
2026-03-26 14:38:58,648:hal4000:INFO:message:
2026-03-26 14:38:58,648:hal4000:INFO:  Fitting problem: Number of calls to function has reached maxfev = 500.
2026-03-26 14:38:58,882:hal4000:INFO:message:
2026-03-26 14:38:58,883:hal4000:INFO:  Fitting problem: Number of calls to function has reached maxfev = 500.
2026-03-26 14:38:59,119:hal4000:INFO:message:
2026-03-26 14:38:59,119:hal4000:INFO:  Fitting problem: Number of calls to function has reached maxfev = 500.
2026-03-26 14:38:59,356:hal4000:INFO:message:
2026-03-26 14:38:59,356:hal4000:INFO:  Fitting problem: Number of calls to function has reached maxfev = 500.
2026-03-26 14:38:59,592:hal4000:INFO:message:
2026-03-26 14:38:59,592:hal4000:INFO:  Fitting problem: Number of calls to function has reached maxfev = 500.
2026-03-26 14:38:59,828:hal4000:INFO:message:
2026-03-26 14:38:59,828:hal4000:INFO:  Fitting problem: Number of calls to function has reached maxfev = 500.
2026-03-26 14:39:00,064:hal4000:INFO:message:
2026-03-26 14:39:00,064:hal4000:INFO:  Fitting problem: Number of calls to function has reached maxfev = 500.
2026-03-26 14:39:00,301:hal4000:INFO:message:
2026-03-26 14:39:00,302:hal4000:INFO:  Fitting problem: Number of calls to function has reached maxfev = 500.
2026-03-26 14:39:00,536:hal4000:INFO:message:
2026-03-26 14:39:00,536:hal4000:INFO:  Fitting problem: Number of calls to function has reached maxfev = 500.
2026-03-26 14:39:00,772:hal4000:INFO:message:
2026-03-26 14:39:00,772:hal4000:INFO:  Fitting problem: Number of calls to function has reached maxfev = 500.
2026-03-26 14:39:01,007:hal4000:INFO:message:
2026-03-26 14:39:01,007:hal4000:INFO:  Fitting problem: Number of calls to function has reached maxfev = 500.
2026-03-26 14:39:01,245:hal4000:INFO:message:
2026-03-26 14:39:01,246:hal4000:INFO:  Fitting problem: Number of calls to function has reached maxfev = 500.
2026-03-26 14:39:01,475:hal4000:INFO:message:
2026-03-26 14:39:01,476:hal4000:INFO:  Fitting problem: Number of calls to function has reached maxfev = 500.
2026-03-26 14:39:01,707:hal4000:INFO:message:
2026-03-26 14:39:01,708:hal4000:INFO:  Fitting problem: Number of calls to function has reached maxfev = 500.
2026-03-26 14:39:01,940:hal4000:INFO:message:
2026-03-26 14:39:01,940:hal4000:INFO:  Fitting problem: Number of calls to function has reached maxfev = 500.
2026-03-26 14:39:02,173:hal4000:INFO:message:
2026-03-26 14:39:02,173:hal4000:INFO:  Fitting problem: Number of calls to function has reached maxfev = 500.
2026-03-26 14:39:02,408:hal4000:INFO:message:
2026-03-26 14:39:02,408:hal4000:INFO:  Fitting problem: Number of calls to function has reached maxfev = 500.
2026-03-26 14:39:02,641:hal4000:INFO:message:
2026-03-26 14:39:02,641:hal4000:INFO:  Fitting problem: Number of calls to function has reached maxfev = 500.
2026-03-26 14:39:02,878:hal4000:INFO:message:
2026-03-26 14:39:02,878:hal4000:INFO:  Fitting problem: Number of calls to function has reached maxfev = 500.
2026-03-26 14:39:03,110:hal4000:INFO:message:
2026-03-26 14:39:03,110:hal4000:INFO:  Fitting problem: Number of calls to function has reached maxfev = 500.
2026-03-26 14:39:03,343:hal4000:INFO:message:
2026-03-26 14:39:03,343:hal4000:INFO:  Fitting problem: Number of calls to function has reached maxfev = 500.
2026-03-26 14:39:03,579:hal4000:INFO:message:
2026-03-26 14:39:03,579:hal4000:INFO:  Fitting problem: Number of calls to function has reached maxfev = 500.
2026-03-26 14:39:03,812:hal4000:INFO:message:
2026-03-26 14:39:03,812:hal4000:INFO:  Fitting problem: Number of calls to function has reached maxfev = 500.
2026-03-26 14:39:04,045:hal4000:INFO:message:
2026-03-26 14:39:04,046:hal4000:INFO:  Fitting problem: Number of calls to function has reached maxfev = 500.
2026-03-26 14:39:04,280:hal4000:INFO:message:
2026-03-26 14:39:04,280:hal4000:INFO:  Fitting problem: Number of calls to function has reached maxfev = 500.
2026-03-26 14:39:04,517:hal4000:INFO:message:
2026-03-26 14:39:04,517:hal4000:INFO:  Fitting problem: Number of calls to function has reached maxfev = 500.
2026-03-26 14:39:04,755:hal4000:INFO:message:
2026-03-26 14:39:04,755:hal4000:INFO:  Fitting problem: Number of calls to function has reached maxfev = 500.
2026-03-26 14:39:04,992:hal4000:INFO:message:
2026-03-26 14:39:04,992:hal4000:INFO:  Fitting problem: Number of calls to function has reached maxfev = 500.
2026-03-26 14:39:05,230:hal4000:INFO:message:
2026-03-26 14:39:05,230:hal4000:INFO:  Fitting problem: Number of calls to function has reached maxfev = 500.
2026-03-26 14:39:05,465:hal4000:INFO:message:
2026-03-26 14:39:05,465:hal4000:INFO:  Fitting problem: Number of calls to function has reached maxfev = 500.
2026-03-26 14:39:05,699:hal4000:INFO:message:
2026-03-26 14:39:05,700:hal4000:INFO:  Fitting problem: Number of calls to function has reached maxfev = 500.
2026-03-26 14:39:05,934:hal4000:INFO:message:
2026-03-26 14:39:05,934:hal4000:INFO:  Fitting problem: Number of calls to function has reached maxfev = 500.
2026-03-26 14:39:06,167:hal4000:INFO:message:
2026-03-26 14:39:06,167:hal4000:INFO:  Fitting problem: Number of calls to function has reached maxfev = 500.
2026-03-26 14:39:06,402:hal4000:INFO:message:
2026-03-26 14:39:06,402:hal4000:INFO:  Fitting problem: Number of calls to function has reached maxfev = 500.
2026-03-26 14:39:06,643:hal4000:INFO:message:
2026-03-26 14:39:06,644:hal4000:INFO:  Fitting problem: Number of calls to function has reached maxfev = 500.
2026-03-26 14:39:06,878:hal4000:INFO:message:
2026-03-26 14:39:06,878:hal4000:INFO:  Fitting problem: Number of calls to function has reached maxfev = 500.
2026-03-26 14:39:07,110:hal4000:INFO:message:
2026-03-26 14:39:07,110:hal4000:INFO:  Fitting problem: Number of calls to function has reached maxfev = 500.
2026-03-26 14:39:07,349:hal4000:INFO:message:
2026-03-26 14:39:07,349:hal4000:INFO:  Fitting problem: Number of calls to function has reached maxfev = 500.
2026-03-26 14:39:07,591:hal4000:INFO:message:
2026-03-26 14:39:07,591:hal4000:INFO:  Fitting problem: Number of calls to function has reached maxfev = 500.
2026-03-26 14:39:07,842:hal4000:INFO:message:
2026-03-26 14:39:07,842:hal4000:INFO:  Fitting problem: Number of calls to function has reached maxfev = 500.
2026-03-26 14:39:08,087:hal4000:INFO:message:
2026-03-26 14:39:08,087:hal4000:INFO:  Fitting problem: Number of calls to function has reached maxfev = 500.
2026-03-26 14:39:08,331:hal4000:INFO:message:
2026-03-26 14:39:08,331:hal4000:INFO:  Fitting problem: Number of calls to function has reached maxfev = 500.
2026-03-26 14:39:08,577:hal4000:INFO:message:
2026-03-26 14:39:08,577:hal4000:INFO:  Fitting problem: Number of calls to function has reached maxfev = 500.
2026-03-26 14:39:08,827:hal4000:INFO:message:
2026-03-26 14:39:08,827:hal4000:INFO:  Fitting problem: Number of calls to function has reached maxfev = 500.
2026-03-26 14:39:09,078:hal4000:INFO:message:
2026-03-26 14:39:09,078:hal4000:INFO:  Fitting problem: Number of calls to function has reached maxfev = 500.
2026-03-26 14:39:09,325:hal4000:INFO:message:
2026-03-26 14:39:09,325:hal4000:INFO:  Fitting problem: Number of calls to function has reached maxfev = 500.
2026-03-26 14:39:09,572:hal4000:INFO:message:
2026-03-26 14:39:09,572:hal4000:INFO:  Fitting problem: Number of calls to function has reached maxfev = 500.
2026-03-26 14:39:09,821:hal4000:INFO:message:
2026-03-26 14:39:09,821:hal4000:INFO:  Fitting problem: Number of calls to function has reached maxfev = 500.
2026-03-26 14:39:10,070:hal4000:INFO:message:
2026-03-26 14:39:10,070:hal4000:INFO:  Fitting problem: Number of calls to function has reached maxfev = 500.
2026-03-26 14:39:10,319:hal4000:INFO:message:
2026-03-26 14:39:10,319:hal4000:INFO:  Fitting problem: Number of calls to function has reached maxfev = 500.
2026-03-26 14:39:10,573:hal4000:INFO:message:
2026-03-26 14:39:10,574:hal4000:INFO:  Fitting problem: Number of calls to function has reached maxfev = 500.
2026-03-26 14:39:10,822:hal4000:INFO:message:
2026-03-26 14:39:10,822:hal4000:INFO:  Fitting problem: Number of calls to function has reached maxfev = 500.
2026-03-26 14:39:11,057:hal4000:INFO:message:
2026-03-26 14:39:11,057:hal4000:INFO:  Fitting problem: Number of calls to function has reached maxfev = 500.
2026-03-26 14:39:11,297:hal4000:INFO:message:
2026-03-26 14:39:11,297:hal4000:INFO:  Fitting problem: Number of calls to function has reached maxfev = 500.
2026-03-26 14:39:11,530:hal4000:INFO:message:
2026-03-26 14:39:11,530:hal4000:INFO:  Fitting problem: Number of calls to function has reached maxfev = 500.
2026-03-26 14:39:11,763:hal4000:INFO:message:
2026-03-26 14:39:11,763:hal4000:INFO:  Fitting problem: Number of calls to function has reached maxfev = 500.
2026-03-26 14:39:11,998:hal4000:INFO:message:
2026-03-26 14:39:11,998:hal4000:INFO:  Fitting problem: Number of calls to function has reached maxfev = 500.
2026-03-26 14:39:12,244:hal4000:INFO:message:
2026-03-26 14:39:12,244:hal4000:INFO:  Fitting problem: Number of calls to function has reached maxfev = 500.
2026-03-26 14:39:12,481:hal4000:INFO:message:
2026-03-26 14:39:12,481:hal4000:INFO:  Fitting problem: Number of calls to function has reached maxfev = 500.
2026-03-26 14:39:12,717:hal4000:INFO:message:
2026-03-26 14:39:12,717:hal4000:INFO:  Fitting problem: Number of calls to function has reached maxfev = 500.
2026-03-26 14:39:12,950:hal4000:INFO:message:
2026-03-26 14:39:12,951:hal4000:INFO:  Fitting problem: Number of calls to function has reached maxfev = 500.
2026-03-26 14:39:13,190:hal4000:INFO:message:
2026-03-26 14:39:13,191:hal4000:INFO:  Fitting problem: Number of calls to function has reached maxfev = 500.
2026-03-26 14:39:13,426:hal4000:INFO:message:
2026-03-26 14:39:13,426:hal4000:INFO:  Fitting problem: Number of calls to function has reached maxfev = 500.
2026-03-26 14:39:13,664:hal4000:INFO:message:
2026-03-26 14:39:13,664:hal4000:INFO:  Fitting problem: Number of calls to function has reached maxfev = 500.
2026-03-26 14:39:13,905:hal4000:INFO:message:
2026-03-26 14:39:13,906:hal4000:INFO:  Fitting problem: Number of calls to function has reached maxfev = 500.
2026-03-26 14:39:14,135:hal4000:INFO:message:
2026-03-26 14:39:14,135:hal4000:INFO:  Fitting problem: Number of calls to function has reached maxfev = 500.
2026-03-26 14:39:14,378:hal4000:INFO:message:
2026-03-26 14:39:14,378:hal4000:INFO:  Fitting problem: Number of calls to function has reached maxfev = 500.
2026-03-26 14:39:14,615:hal4000:INFO:message:
2026-03-26 14:39:14,615:hal4000:INFO:  Fitting problem: Number of calls to function has reached maxfev = 500.
2026-03-26 14:39:14,847:hal4000:INFO:message:
2026-03-26 14:39:14,847:hal4000:INFO:  Fitting problem: Number of calls to function has reached maxfev = 500.
2026-03-26 14:39:15,080:hal4000:INFO:message:
2026-03-26 14:39:15,080:hal4000:INFO:  Fitting problem: Number of calls to function has reached maxfev = 500.
2026-03-26 14:39:15,320:hal4000:INFO:message:
2026-03-26 14:39:15,320:hal4000:INFO:  Fitting problem: Number of calls to function has reached maxfev = 500.
2026-03-26 14:39:15,554:hal4000:INFO:message:
2026-03-26 14:39:15,554:hal4000:INFO:  Fitting problem: Number of calls to function has reached maxfev = 500.
2026-03-26 14:39:15,788:hal4000:INFO:message:
2026-03-26 14:39:15,789:hal4000:INFO:  Fitting problem: Number of calls to function has reached maxfev = 500.
2026-03-26 14:39:16,023:hal4000:INFO:message:
2026-03-26 14:39:16,023:hal4000:INFO:  Fitting problem: Number of calls to function has reached maxfev = 500.
2026-03-26 14:39:16,257:hal4000:INFO:message:
2026-03-26 14:39:16,257:hal4000:INFO:  Fitting problem: Number of calls to function has reached maxfev = 500.
2026-03-26 14:39:16,492:hal4000:INFO:message:
2026-03-26 14:39:16,492:hal4000:INFO:  Fitting problem: Number of calls to function has reached maxfev = 500.
2026-03-26 14:39:16,725:hal4000:INFO:message:
2026-03-26 14:39:16,725:hal4000:INFO:  Fitting problem: Number of calls to function has reached maxfev = 500.
2026-03-26 14:39:16,963:hal4000:INFO:message:
2026-03-26 14:39:16,963:hal4000:INFO:  Fitting problem: Number of calls to function has reached maxfev = 500.
2026-03-26 14:39:17,198:hal4000:INFO:message:
2026-03-26 14:39:17,198:hal4000:INFO:  Fitting problem: Number of calls to function has reached maxfev = 500.
2026-03-26 14:39:17,500:hal4000:INFO:message:
2026-03-26 14:39:17,500:hal4000:INFO:  Fitting problem: Number of calls to function has reached maxfev = 500.
2026-03-26 14:39:17,799:hal4000:INFO:message:
2026-03-26 14:39:17,799:hal4000:INFO:  Fitting problem: Number of calls to function has reached maxfev = 500.
2026-03-26 14:39:18,173:hal4000:INFO:message:
2026-03-26 14:39:18,173:hal4000:INFO:  Fitting problem: Number of calls to function has reached maxfev = 500.
2026-03-26 14:39:18,408:hal4000:INFO:message:
2026-03-26 14:39:18,408:hal4000:INFO:  Fitting problem: Number of calls to function has reached maxfev = 500.
2026-03-26 14:39:18,644:hal4000:INFO:message:
2026-03-26 14:39:18,644:hal4000:INFO:  Fitting problem: Number of calls to function has reached maxfev = 500.
2026-03-26 14:39:18,878:hal4000:INFO:message:
2026-03-26 14:39:18,879:hal4000:INFO:  Fitting problem: Number of calls to function has reached maxfev = 500.
2026-03-26 14:39:19,119:hal4000:INFO:message:
2026-03-26 14:39:19,119:hal4000:INFO:  Fitting problem: Number of calls to function has reached maxfev = 500.
2026-03-26 14:39:19,365:hal4000:INFO:message:
2026-03-26 14:39:19,366:hal4000:INFO:  Fitting problem: Number of calls to function has reached maxfev = 500.
2026-03-26 14:39:19,612:hal4000:INFO:message:
2026-03-26 14:39:19,613:hal4000:INFO:  Fitting problem: Number of calls to function has reached maxfev = 500.
2026-03-26 14:39:19,862:hal4000:INFO:message:
2026-03-26 14:39:19,862:hal4000:INFO:  Fitting problem: Number of calls to function has reached maxfev = 500.
2026-03-26 14:39:20,105:hal4000:INFO:message:
2026-03-26 14:39:20,105:hal4000:INFO:  Fitting problem: Number of calls to function has reached maxfev = 500.
2026-03-26 14:39:20,356:hal4000:INFO:message:
2026-03-26 14:39:20,356:hal4000:INFO:  Fitting problem: Number of calls to function has reached maxfev = 500.
2026-03-26 14:39:20,603:hal4000:INFO:message:
2026-03-26 14:39:20,604:hal4000:INFO:  Fitting problem: Number of calls to function has reached maxfev = 500.
2026-03-26 14:39:20,855:hal4000:INFO:message:
2026-03-26 14:39:20,855:hal4000:INFO:  Fitting problem: Number of calls to function has reached maxfev = 500.
2026-03-26 14:39:21,104:hal4000:INFO:message:
2026-03-26 14:39:21,105:hal4000:INFO:  Fitting problem: Number of calls to function has reached maxfev = 500.
2026-03-26 14:39:21,352:hal4000:INFO:message:
2026-03-26 14:39:21,352:hal4000:INFO:  Fitting problem: Number of calls to function has reached maxfev = 500.
2026-03-26 14:39:21,595:hal4000:INFO:message:
2026-03-26 14:39:21,595:hal4000:INFO:  Fitting problem: Number of calls to function has reached maxfev = 500.
2026-03-26 14:39:21,844:hal4000:INFO:message:
2026-03-26 14:39:21,844:hal4000:INFO:  Fitting problem: Number of calls to function has reached maxfev = 500.
2026-03-26 14:39:22,096:hal4000:INFO:message:
2026-03-26 14:39:22,096:hal4000:INFO:  Fitting problem: Number of calls to function has reached maxfev = 500.
2026-03-26 14:39:22,340:hal4000:INFO:message:
2026-03-26 14:39:22,340:hal4000:INFO:  Fitting problem: Number of calls to function has reached maxfev = 500.
2026-03-26 14:39:22,590:hal4000:INFO:message:
2026-03-26 14:39:22,590:hal4000:INFO:  Fitting problem: Number of calls to function has reached maxfev = 500.
2026-03-26 14:39:22,839:hal4000:INFO:message:
2026-03-26 14:39:22,839:hal4000:INFO:  Fitting problem: Number of calls to function has reached maxfev = 500.
2026-03-26 14:39:23,091:hal4000:INFO:message:
2026-03-26 14:39:23,091:hal4000:INFO:  Fitting problem: Number of calls to function has reached maxfev = 500.
2026-03-26 14:39:23,339:hal4000:INFO:message:
2026-03-26 14:39:23,339:hal4000:INFO:  Fitting problem: Number of calls to function has reached maxfev = 500.
2026-03-26 14:39:23,587:hal4000:INFO:message:
2026-03-26 14:39:23,587:hal4000:INFO:  Fitting problem: Number of calls to function has reached maxfev = 500.
2026-03-26 14:39:23,843:hal4000:INFO:message:
2026-03-26 14:39:23,843:hal4000:INFO:  Fitting problem: Number of calls to function has reached maxfev = 500.
2026-03-26 14:39:24,093:hal4000:INFO:message:
2026-03-26 14:39:24,093:hal4000:INFO:  Fitting problem: Number of calls to function has reached maxfev = 500.
2026-03-26 14:39:24,341:hal4000:INFO:message:
2026-03-26 14:39:24,341:hal4000:INFO:  Fitting problem: Number of calls to function has reached maxfev = 500.
2026-03-26 14:39:24,587:hal4000:INFO:message:
2026-03-26 14:39:24,587:hal4000:INFO:  Fitting problem: Number of calls to function has reached maxfev = 500.
2026-03-26 14:39:24,844:hal4000:INFO:message:
2026-03-26 14:39:24,844:hal4000:INFO:  Fitting problem: Number of calls to function has reached maxfev = 500.
2026-03-26 14:39:25,094:hal4000:INFO:message:
2026-03-26 14:39:25,094:hal4000:INFO:  Fitting problem: Number of calls to function has reached maxfev = 500.
2026-03-26 14:39:25,529:hal4000:INFO:message:
2026-03-26 14:39:25,529:hal4000:INFO:  Fitting problem: Number of calls to function has reached maxfev = 500.
2026-03-26 14:39:25,774:hal4000:INFO:message:
2026-03-26 14:39:25,774:hal4000:INFO:  Fitting problem: Number of calls to function has reached maxfev = 500.
2026-03-26 14:39:26,031:hal4000:INFO:message:
2026-03-26 14:39:26,031:hal4000:INFO:  Fitting problem: Number of calls to function has reached maxfev = 500.
2026-03-26 14:39:26,279:hal4000:INFO:message:
2026-03-26 14:39:26,279:hal4000:INFO:  Fitting problem: Number of calls to function has reached maxfev = 500.
2026-03-26 14:39:26,523:hal4000:INFO:message:
2026-03-26 14:39:26,523:hal4000:INFO:  Fitting problem: Number of calls to function has reached maxfev = 500.
2026-03-26 14:39:26,776:hal4000:INFO:message:
2026-03-26 14:39:26,776:hal4000:INFO:  Fitting problem: Number of calls to function has reached maxfev = 500.
2026-03-26 14:39:27,033:hal4000:INFO:message:
2026-03-26 14:39:27,033:hal4000:INFO:  Fitting problem: Number of calls to function has reached maxfev = 500.
2026-03-26 14:39:27,280:hal4000:INFO:message:
2026-03-26 14:39:27,280:hal4000:INFO:  Fitting problem: Number of calls to function has reached maxfev = 500.
2026-03-26 14:39:27,526:hal4000:INFO:message:
2026-03-26 14:39:27,526:hal4000:INFO:  Fitting problem: Number of calls to function has reached maxfev = 500.
2026-03-26 14:39:27,766:hal4000:INFO:message:
2026-03-26 14:39:27,766:hal4000:INFO:  Fitting problem: Number of calls to function has reached maxfev = 500.
2026-03-26 14:39:28,002:hal4000:INFO:message:
2026-03-26 14:39:28,002:hal4000:INFO:  Fitting problem: Number of calls to function has reached maxfev = 500.
2026-03-26 14:39:28,242:hal4000:INFO:message:
2026-03-26 14:39:28,243:hal4000:INFO:  Fitting problem: Number of calls to function has reached maxfev = 500.
2026-03-26 14:39:28,488:hal4000:INFO:message:
2026-03-26 14:39:28,489:hal4000:INFO:  Fitting problem: Number of calls to function has reached maxfev = 500.
2026-03-26 14:39:28,741:hal4000:INFO:message:
2026-03-26 14:39:28,741:hal4000:INFO:  Fitting problem: Number of calls to function has reached maxfev = 500.
2026-03-26 14:39:28,992:hal4000:INFO:message:
2026-03-26 14:39:28,993:hal4000:INFO:  Fitting problem: Number of calls to function has reached maxfev = 500.
2026-03-26 14:39:29,236:hal4000:INFO:message:
2026-03-26 14:39:29,237:hal4000:INFO:  Fitting problem: Number of calls to function has reached maxfev = 500.
2026-03-26 14:39:29,483:hal4000:INFO:message:
2026-03-26 14:39:29,483:hal4000:INFO:  Fitting problem: Number of calls to function has reached maxfev = 500.
2026-03-26 14:39:29,729:hal4000:INFO:message:
2026-03-26 14:39:29,729:hal4000:INFO:  Fitting problem: Number of calls to function has reached maxfev = 500.
2026-03-26 14:39:29,977:hal4000:INFO:message:
2026-03-26 14:39:29,977:hal4000:INFO:  Fitting problem: Number of calls to function has reached maxfev = 500.
2026-03-26 14:39:30,223:hal4000:INFO:message:
2026-03-26 14:39:30,223:hal4000:INFO:  Fitting problem: Number of calls to function has reached maxfev = 500.
2026-03-26 14:39:30,476:hal4000:INFO:message:
2026-03-26 14:39:30,476:hal4000:INFO:  Fitting problem: Number of calls to function has reached maxfev = 500.
2026-03-26 14:39:30,725:hal4000:INFO:message:
2026-03-26 14:39:30,725:hal4000:INFO:  Fitting problem: Number of calls to function has reached maxfev = 500.
2026-03-26 14:39:30,971:hal4000:INFO:message:
2026-03-26 14:39:30,971:hal4000:INFO:  Fitting problem: Number of calls to function has reached maxfev = 500.
2026-03-26 14:39:31,208:hal4000:INFO:message:
2026-03-26 14:39:31,208:hal4000:INFO:  Fitting problem: Number of calls to function has reached maxfev = 500.
2026-03-26 14:39:31,443:hal4000:INFO:message:
2026-03-26 14:39:31,443:hal4000:INFO:  Fitting problem: Number of calls to function has reached maxfev = 500.
2026-03-26 14:39:31,684:hal4000:INFO:message:
2026-03-26 14:39:31,684:hal4000:INFO:  Fitting problem: Number of calls to function has reached maxfev = 500.
2026-03-26 14:39:31,920:hal4000:INFO:message:
2026-03-26 14:39:31,920:hal4000:INFO:  Fitting problem: Number of calls to function has reached maxfev = 500.
2026-03-26 14:39:32,158:hal4000:INFO:message:
2026-03-26 14:39:32,158:hal4000:INFO:  Fitting problem: Number of calls to function has reached maxfev = 500.
2026-03-26 14:39:32,390:hal4000:INFO:message:
2026-03-26 14:39:32,391:hal4000:INFO:  Fitting problem: Number of calls to function has reached maxfev = 500.
2026-03-26 14:39:32,626:hal4000:INFO:message:
2026-03-26 14:39:32,626:hal4000:INFO:  Fitting problem: Number of calls to function has reached maxfev = 500.
2026-03-26 14:39:32,867:hal4000:INFO:message:
2026-03-26 14:39:32,868:hal4000:INFO:  Fitting problem: Number of calls to function has reached maxfev = 500.
2026-03-26 14:39:33,116:hal4000:INFO:message:
2026-03-26 14:39:33,116:hal4000:INFO:  Fitting problem: Number of calls to function has reached maxfev = 500.
2026-03-26 14:39:33,363:hal4000:INFO:message:
2026-03-26 14:39:33,363:hal4000:INFO:  Fitting problem: Number of calls to function has reached maxfev = 500.
2026-03-26 14:39:33,609:hal4000:INFO:message:
2026-03-26 14:39:33,609:hal4000:INFO:  Fitting problem: Number of calls to function has reached maxfev = 500.
2026-03-26 14:39:33,861:hal4000:INFO:message:
2026-03-26 14:39:33,861:hal4000:INFO:  Fitting problem: Number of calls to function has reached maxfev = 500.
2026-03-26 14:39:34,113:hal4000:INFO:message:
2026-03-26 14:39:34,113:hal4000:INFO:  Fitting problem: Number of calls to function has reached maxfev = 500.
2026-03-26 14:39:34,361:hal4000:INFO:message:
2026-03-26 14:39:34,361:hal4000:INFO:  Fitting problem: Number of calls to function has reached maxfev = 500.
2026-03-26 14:39:34,606:hal4000:INFO:message:
2026-03-26 14:39:34,606:hal4000:INFO:  Fitting problem: Number of calls to function has reached maxfev = 500.
2026-03-26 14:39:34,855:hal4000:INFO:message:
2026-03-26 14:39:34,855:hal4000:INFO:  Fitting problem: Number of calls to function has reached maxfev = 500.
2026-03-26 14:39:35,108:hal4000:INFO:message:
2026-03-26 14:39:35,108:hal4000:INFO:  Fitting problem: Number of calls to function has reached maxfev = 500.
2026-03-26 14:39:35,370:hal4000:INFO:message:
2026-03-26 14:39:35,370:hal4000:INFO:  Fitting problem: Number of calls to function has reached maxfev = 500.
2026-03-26 14:39:35,625:hal4000:INFO:message:
2026-03-26 14:39:35,626:hal4000:INFO:  Fitting problem: Number of calls to function has reached maxfev = 500.
2026-03-26 14:39:35,878:hal4000:INFO:message:
2026-03-26 14:39:35,878:hal4000:INFO:  Fitting problem: Number of calls to function has reached maxfev = 500.
2026-03-26 14:39:36,133:hal4000:INFO:message:
2026-03-26 14:39:36,133:hal4000:INFO:  Fitting problem: Number of calls to function has reached maxfev = 500.
2026-03-26 14:39:36,388:hal4000:INFO:message:
2026-03-26 14:39:36,389:hal4000:INFO:  Fitting problem: Number of calls to function has reached maxfev = 500.
2026-03-26 14:39:36,642:hal4000:INFO:message:
2026-03-26 14:39:36,642:hal4000:INFO:  Fitting problem: Number of calls to function has reached maxfev = 500.
2026-03-26 14:39:36,897:hal4000:INFO:message:
2026-03-26 14:39:36,898:hal4000:INFO:  Fitting problem: Number of calls to function has reached maxfev = 500.
2026-03-26 14:39:37,150:hal4000:INFO:message:
2026-03-26 14:39:37,150:hal4000:INFO:  Fitting problem: Number of calls to function has reached maxfev = 500.
2026-03-26 14:39:37,389:hal4000:INFO:message:
2026-03-26 14:39:37,390:hal4000:INFO:  Fitting problem: Number of calls to function has reached maxfev = 500.
2026-03-26 14:39:37,647:hal4000:INFO:message:
2026-03-26 14:39:37,647:hal4000:INFO:  Fitting problem: Number of calls to function has reached maxfev = 500.
2026-03-26 14:39:37,905:hal4000:INFO:message:
2026-03-26 14:39:37,905:hal4000:INFO:  Fitting problem: Number of calls to function has reached maxfev = 500.
2026-03-26 14:39:38,156:hal4000:INFO:message:
2026-03-26 14:39:38,156:hal4000:INFO:  Fitting problem: Number of calls to function has reached maxfev = 500.
2026-03-26 14:39:38,397:hal4000:INFO:message:
2026-03-26 14:39:38,397:hal4000:INFO:  Fitting problem: Number of calls to function has reached maxfev = 500.
2026-03-26 14:39:38,636:hal4000:INFO:message:
2026-03-26 14:39:38,636:hal4000:INFO:  Fitting problem: Number of calls to function has reached maxfev = 500.
2026-03-26 14:39:38,895:hal4000:INFO:message:
2026-03-26 14:39:38,895:hal4000:INFO:  Fitting problem: Number of calls to function has reached maxfev = 500.
2026-03-26 14:39:39,146:hal4000:INFO:message:
2026-03-26 14:39:39,146:hal4000:INFO:  Fitting problem: Number of calls to function has reached maxfev = 500.
2026-03-26 14:39:39,399:hal4000:INFO:message:
2026-03-26 14:39:39,399:hal4000:INFO:  Fitting problem: Number of calls to function has reached maxfev = 500.
2026-03-26 14:39:39,651:hal4000:INFO:message:
2026-03-26 14:39:39,651:hal4000:INFO:  Fitting problem: Number of calls to function has reached maxfev = 500.
2026-03-26 14:39:39,901:hal4000:INFO:message:
2026-03-26 14:39:39,901:hal4000:INFO:  Fitting problem: Number of calls to function has reached maxfev = 500.
2026-03-26 14:39:40,150:hal4000:INFO:message:
2026-03-26 14:39:40,150:hal4000:INFO:  Fitting problem: Number of calls to function has reached maxfev = 500.
2026-03-26 14:39:40,396:hal4000:INFO:message:
2026-03-26 14:39:40,396:hal4000:INFO:  Fitting problem: Number of calls to function has reached maxfev = 500.
2026-03-26 14:39:40,653:hal4000:INFO:message:
2026-03-26 14:39:40,653:hal4000:INFO:  Fitting problem: Number of calls to function has reached maxfev = 500.
2026-03-26 14:39:40,890:hal4000:INFO:message:
2026-03-26 14:39:40,890:hal4000:INFO:  Fitting problem: Number of calls to function has reached maxfev = 500.
2026-03-26 14:39:41,129:hal4000:INFO:message:
2026-03-26 14:39:41,129:hal4000:INFO:  Fitting problem: Number of calls to function has reached maxfev = 500.
2026-03-26 14:39:41,367:hal4000:INFO:message:
2026-03-26 14:39:41,367:hal4000:INFO:  Fitting problem: Number of calls to function has reached maxfev = 500.
2026-03-26 14:39:41,616:hal4000:INFO:message:
2026-03-26 14:39:41,616:hal4000:INFO:  Fitting problem: Number of calls to function has reached maxfev = 500.
2026-03-26 14:39:41,871:hal4000:INFO:message:
2026-03-26 14:39:41,871:hal4000:INFO:  Fitting problem: Number of calls to function has reached maxfev = 500.
2026-03-26 14:39:42,119:hal4000:INFO:message:
2026-03-26 14:39:42,119:hal4000:INFO:  Fitting problem: Number of calls to function has reached maxfev = 500.
2026-03-26 14:39:42,368:hal4000:INFO:message:
2026-03-26 14:39:42,369:hal4000:INFO:  Fitting problem: Number of calls to function has reached maxfev = 500.
2026-03-26 14:39:42,624:hal4000:INFO:message:
2026-03-26 14:39:42,624:hal4000:INFO:  Fitting problem: Number of calls to function has reached maxfev = 500.
2026-03-26 14:39:42,876:hal4000:INFO:message:
2026-03-26 14:39:42,876:hal4000:INFO:  Fitting problem: Number of calls to function has reached maxfev = 500.
2026-03-26 14:39:43,119:hal4000:INFO:message:
2026-03-26 14:39:43,119:hal4000:INFO:  Fitting problem: Number of calls to function has reached maxfev = 500.
2026-03-26 14:39:43,371:hal4000:INFO:message:
2026-03-26 14:39:43,371:hal4000:INFO:  Fitting problem: Number of calls to function has reached maxfev = 500.
2026-03-26 14:39:43,619:hal4000:INFO:message:
2026-03-26 14:39:43,620:hal4000:INFO:  Fitting problem: Number of calls to function has reached maxfev = 500.
2026-03-26 14:39:43,864:hal4000:INFO:message:
2026-03-26 14:39:43,864:hal4000:INFO:  Fitting problem: Number of calls to function has reached maxfev = 500.
2026-03-26 14:39:44,112:hal4000:INFO:message:
2026-03-26 14:39:44,112:hal4000:INFO:  Fitting problem: Number of calls to function has reached maxfev = 500.
2026-03-26 14:39:44,365:hal4000:INFO:message:
2026-03-26 14:39:44,366:hal4000:INFO:  Fitting problem: Number of calls to function has reached maxfev = 500.
2026-03-26 14:39:44,616:hal4000:INFO:message:
2026-03-26 14:39:44,616:hal4000:INFO:  Fitting problem: Number of calls to function has reached maxfev = 500.
2026-03-26 14:39:44,859:hal4000:INFO:message:
2026-03-26 14:39:44,860:hal4000:INFO:  Fitting problem: Number of calls to function has reached maxfev = 500.
2026-03-26 14:39:45,101:hal4000:INFO:message:
2026-03-26 14:39:45,101:hal4000:INFO:  Fitting problem: Number of calls to function has reached maxfev = 500.
2026-03-26 14:39:45,352:hal4000:INFO:message:
2026-03-26 14:39:45,353:hal4000:INFO:  Fitting problem: Number of calls to function has reached maxfev = 500.
2026-03-26 14:39:45,599:hal4000:INFO:message:
2026-03-26 14:39:45,599:hal4000:INFO:  Fitting problem: Number of calls to function has reached maxfev = 500.
2026-03-26 14:39:45,840:hal4000:INFO:message:
2026-03-26 14:39:45,841:hal4000:INFO:  Fitting problem: Number of calls to function has reached maxfev = 500.
2026-03-26 14:39:46,084:hal4000:INFO:message:
2026-03-26 14:39:46,084:hal4000:INFO:  Fitting problem: Number of calls to function has reached maxfev = 500.
2026-03-26 14:39:46,325:hal4000:INFO:message:
2026-03-26 14:39:46,325:hal4000:INFO:  Fitting problem: Number of calls to function has reached maxfev = 500.
2026-03-26 14:39:46,565:hal4000:INFO:message:
2026-03-26 14:39:46,565:hal4000:INFO:  Fitting problem: Number of calls to function has reached maxfev = 500.
2026-03-26 14:39:46,805:hal4000:INFO:message:
2026-03-26 14:39:46,805:hal4000:INFO:  Fitting problem: Number of calls to function has reached maxfev = 500.
2026-03-26 14:39:47,049:hal4000:INFO:message:
2026-03-26 14:39:47,049:hal4000:INFO:  Fitting problem: Number of calls to function has reached maxfev = 500.
2026-03-26 14:39:47,295:hal4000:INFO:message:
2026-03-26 14:39:47,296:hal4000:INFO:  Fitting problem: Number of calls to function has reached maxfev = 500.
2026-03-26 14:39:47,546:hal4000:INFO:message:
2026-03-26 14:39:47,546:hal4000:INFO:  Fitting problem: Number of calls to function has reached maxfev = 500.
2026-03-26 14:39:47,792:hal4000:INFO:message:
2026-03-26 14:39:47,792:hal4000:INFO:  Fitting problem: Number of calls to function has reached maxfev = 500.
2026-03-26 14:39:48,042:hal4000:INFO:message:
2026-03-26 14:39:48,042:hal4000:INFO:  Fitting problem: Number of calls to function has reached maxfev = 500.
2026-03-26 14:39:48,289:hal4000:INFO:message:
2026-03-26 14:39:48,289:hal4000:INFO:  Fitting problem: Number of calls to function has reached maxfev = 500.
2026-03-26 14:39:48,530:hal4000:INFO:message:
2026-03-26 14:39:48,530:hal4000:INFO:  Fitting problem: Number of calls to function has reached maxfev = 500.
2026-03-26 14:39:48,778:hal4000:INFO:message:
2026-03-26 14:39:48,778:hal4000:INFO:  Fitting problem: Number of calls to function has reached maxfev = 500.
2026-03-26 14:39:49,031:hal4000:INFO:message:
2026-03-26 14:39:49,031:hal4000:INFO:  Fitting problem: Number of calls to function has reached maxfev = 500.
2026-03-26 14:39:49,280:hal4000:INFO:message:
2026-03-26 14:39:49,280:hal4000:INFO:  Fitting problem: Number of calls to function has reached maxfev = 500.
2026-03-26 14:39:49,523:hal4000:INFO:message:
2026-03-26 14:39:49,523:hal4000:INFO:  Fitting problem: Number of calls to function has reached maxfev = 500.
2026-03-26 14:39:49,769:hal4000:INFO:message:
2026-03-26 14:39:49,769:hal4000:INFO:  Fitting problem: Number of calls to function has reached maxfev = 500.
2026-03-26 14:39:50,017:hal4000:INFO:message:
2026-03-26 14:39:50,018:hal4000:INFO:  Fitting problem: Number of calls to function has reached maxfev = 500.
2026-03-26 14:39:50,270:hal4000:INFO:message:
2026-03-26 14:39:50,270:hal4000:INFO:  Fitting problem: Number of calls to function has reached maxfev = 500.
2026-03-26 14:39:50,515:hal4000:INFO:message:
2026-03-26 14:39:50,516:hal4000:INFO:  Fitting problem: Number of calls to function has reached maxfev = 500.
2026-03-26 14:39:50,769:hal4000:INFO:message:
2026-03-26 14:39:50,769:hal4000:INFO:  Fitting problem: Number of calls to function has reached maxfev = 500.
2026-03-26 14:39:51,019:hal4000:INFO:message:
2026-03-26 14:39:51,020:hal4000:INFO:  Fitting problem: Number of calls to function has reached maxfev = 500.
2026-03-26 14:39:51,262:hal4000:INFO:message:
2026-03-26 14:39:51,263:hal4000:INFO:  Fitting problem: Number of calls to function has reached maxfev = 500.
2026-03-26 14:39:51,501:hal4000:INFO:message:
2026-03-26 14:39:51,501:hal4000:INFO:  Fitting problem: Number of calls to function has reached maxfev = 500.
2026-03-26 14:39:51,738:hal4000:INFO:message:
2026-03-26 14:39:51,739:hal4000:INFO:  Fitting problem: Number of calls to function has reached maxfev = 500.
2026-03-26 14:39:51,977:hal4000:INFO:message:
2026-03-26 14:39:51,977:hal4000:INFO:  Fitting problem: Number of calls to function has reached maxfev = 500.
2026-03-26 14:39:52,233:hal4000:INFO:message:
2026-03-26 14:39:52,234:hal4000:INFO:  Fitting problem: Number of calls to function has reached maxfev = 500.
2026-03-26 14:39:52,485:hal4000:INFO:message:
2026-03-26 14:39:52,486:hal4000:INFO:  Fitting problem: Number of calls to function has reached maxfev = 500.
2026-03-26 14:39:52,724:hal4000:INFO:message:
2026-03-26 14:39:52,724:hal4000:INFO:  Fitting problem: Number of calls to function has reached maxfev = 500.
2026-03-26 14:39:52,965:hal4000:INFO:message:
2026-03-26 14:39:52,965:hal4000:INFO:  Fitting problem: Number of calls to function has reached maxfev = 500.
2026-03-26 14:39:53,207:hal4000:INFO:message:
2026-03-26 14:39:53,207:hal4000:INFO:  Fitting problem: Number of calls to function has reached maxfev = 500.
2026-03-26 14:39:53,458:hal4000:INFO:message:
2026-03-26 14:39:53,458:hal4000:INFO:  Fitting problem: Number of calls to function has reached maxfev = 500.
2026-03-26 14:39:53,708:hal4000:INFO:message:
2026-03-26 14:39:53,708:hal4000:INFO:  Fitting problem: Number of calls to function has reached maxfev = 500.
2026-03-26 14:39:53,958:hal4000:INFO:message:
2026-03-26 14:39:53,958:hal4000:INFO:  Fitting problem: Number of calls to function has reached maxfev = 500.
2026-03-26 14:39:54,201:hal4000:INFO:message:
2026-03-26 14:39:54,201:hal4000:INFO:  Fitting problem: Number of calls to function has reached maxfev = 500.
2026-03-26 14:39:54,445:hal4000:INFO:message:
2026-03-26 14:39:54,446:hal4000:INFO:  Fitting problem: Number of calls to function has reached maxfev = 500.
2026-03-26 14:39:54,685:hal4000:INFO:message:
2026-03-26 14:39:54,686:hal4000:INFO:  Fitting problem: Number of calls to function has reached maxfev = 500.
2026-03-26 14:39:54,922:hal4000:INFO:message:
2026-03-26 14:39:54,922:hal4000:INFO:  Fitting problem: Number of calls to function has reached maxfev = 500.
2026-03-26 14:39:55,164:hal4000:INFO:message:
2026-03-26 14:39:55,164:hal4000:INFO:  Fitting problem: Number of calls to function has reached maxfev = 500.
2026-03-26 14:39:55,413:hal4000:INFO:message:
2026-03-26 14:39:55,413:hal4000:INFO:  Fitting problem: Number of calls to function has reached maxfev = 500.
2026-03-26 14:39:55,662:hal4000:INFO:message:
2026-03-26 14:39:55,662:hal4000:INFO:  Fitting problem: Number of calls to function has reached maxfev = 500.
2026-03-26 14:39:55,905:hal4000:INFO:message:
2026-03-26 14:39:55,905:hal4000:INFO:  Fitting problem: Number of calls to function has reached maxfev = 500.
2026-03-26 14:39:56,157:hal4000:INFO:message:
2026-03-26 14:39:56,157:hal4000:INFO:  Fitting problem: Number of calls to function has reached maxfev = 500.
2026-03-26 14:39:56,406:hal4000:INFO:message:
2026-03-26 14:39:56,406:hal4000:INFO:  Fitting problem: Number of calls to function has reached maxfev = 500.
2026-03-26 14:39:56,654:hal4000:INFO:message:
2026-03-26 14:39:56,654:hal4000:INFO:  Fitting problem: Number of calls to function has reached maxfev = 500.
2026-03-26 14:39:56,901:hal4000:INFO:message:
2026-03-26 14:39:56,902:hal4000:INFO:  Fitting problem: Number of calls to function has reached maxfev = 500.
2026-03-26 14:39:57,150:hal4000:INFO:message:
2026-03-26 14:39:57,150:hal4000:INFO:  Fitting problem: Number of calls to function has reached maxfev = 500.
2026-03-26 14:39:57,398:hal4000:INFO:message:
2026-03-26 14:39:57,398:hal4000:INFO:  Fitting problem: Number of calls to function has reached maxfev = 500.
2026-03-26 14:39:57,643:hal4000:INFO:message:
2026-03-26 14:39:57,643:hal4000:INFO:  Fitting problem: Number of calls to function has reached maxfev = 500.
2026-03-26 14:39:57,887:hal4000:INFO:message:
2026-03-26 14:39:57,888:hal4000:INFO:  Fitting problem: Number of calls to function has reached maxfev = 500.
2026-03-26 14:39:58,129:hal4000:INFO:message:
2026-03-26 14:39:58,129:hal4000:INFO:  Fitting problem: Number of calls to function has reached maxfev = 500.
2026-03-26 14:39:58,376:hal4000:INFO:message:
2026-03-26 14:39:58,377:hal4000:INFO:  Fitting problem: Number of calls to function has reached maxfev = 500.
2026-03-26 14:39:58,618:hal4000:INFO:message:
2026-03-26 14:39:58,618:hal4000:INFO:  Fitting problem: Number of calls to function has reached maxfev = 500.
2026-03-26 14:39:58,860:hal4000:INFO:message:
2026-03-26 14:39:58,860:hal4000:INFO:  Fitting problem: Number of calls to function has reached maxfev = 500.
2026-03-26 14:39:59,103:hal4000:INFO:message:
2026-03-26 14:39:59,103:hal4000:INFO:  Fitting problem: Number of calls to function has reached maxfev = 500.
2026-03-26 14:39:59,351:hal4000:INFO:message:
2026-03-26 14:39:59,352:hal4000:INFO:  Fitting problem: Number of calls to function has reached maxfev = 500.
2026-03-26 14:39:59,597:hal4000:INFO:message:
2026-03-26 14:39:59,597:hal4000:INFO:  Fitting problem: Number of calls to function has reached maxfev = 500.
2026-03-26 14:39:59,832:hal4000:INFO:message:
2026-03-26 14:39:59,832:hal4000:INFO:  Fitting problem: Number of calls to function has reached maxfev = 500.
2026-03-26 14:40:00,067:hal4000:INFO:message:
2026-03-26 14:40:00,067:hal4000:INFO:  Fitting problem: Number of calls to function has reached maxfev = 500.
2026-03-26 14:40:00,305:hal4000:INFO:message:
2026-03-26 14:40:00,305:hal4000:INFO:  Fitting problem: Number of calls to function has reached maxfev = 500.
2026-03-26 14:40:00,542:hal4000:INFO:message:
2026-03-26 14:40:00,542:hal4000:INFO:  Fitting problem: Number of calls to function has reached maxfev = 500.
2026-03-26 14:40:00,778:hal4000:INFO:message:
2026-03-26 14:40:00,778:hal4000:INFO:  Fitting problem: Number of calls to function has reached maxfev = 500.
2026-03-26 14:40:01,016:hal4000:INFO:message:
2026-03-26 14:40:01,016:hal4000:INFO:  Fitting problem: Number of calls to function has reached maxfev = 500.
2026-03-26 14:40:01,268:hal4000:INFO:message:
2026-03-26 14:40:01,268:hal4000:INFO:  Fitting problem: Number of calls to function has reached maxfev = 500.
2026-03-26 14:40:01,515:hal4000:INFO:message:
2026-03-26 14:40:01,515:hal4000:INFO:  Fitting problem: Number of calls to function has reached maxfev = 500.
2026-03-26 14:40:01,766:hal4000:INFO:message:
2026-03-26 14:40:01,766:hal4000:INFO:  Fitting problem: Number of calls to function has reached maxfev = 500.
2026-03-26 14:40:02,014:hal4000:INFO:message:
2026-03-26 14:40:02,014:hal4000:INFO:  Fitting problem: Number of calls to function has reached maxfev = 500.
2026-03-26 14:40:02,265:hal4000:INFO:message:
2026-03-26 14:40:02,265:hal4000:INFO:  Fitting problem: Number of calls to function has reached maxfev = 500.
2026-03-26 14:40:02,509:hal4000:INFO:message:
2026-03-26 14:40:02,509:hal4000:INFO:  Fitting problem: Number of calls to function has reached maxfev = 500.
2026-03-26 14:40:02,750:hal4000:INFO:message:
2026-03-26 14:40:02,750:hal4000:INFO:  Fitting problem: Number of calls to function has reached maxfev = 500.
2026-03-26 14:40:02,993:hal4000:INFO:message:
2026-03-26 14:40:02,993:hal4000:INFO:  Fitting problem: Number of calls to function has reached maxfev = 500.
2026-03-26 14:40:03,228:hal4000:INFO:message:
2026-03-26 14:40:03,228:hal4000:INFO:  Fitting problem: Number of calls to function has reached maxfev = 500.
2026-03-26 14:40:03,470:hal4000:INFO:message:
2026-03-26 14:40:03,470:hal4000:INFO:  Fitting problem: Number of calls to function has reached maxfev = 500.
2026-03-26 14:40:03,704:hal4000:INFO:message:
2026-03-26 14:40:03,705:hal4000:INFO:  Fitting problem: Number of calls to function has reached maxfev = 500.
2026-03-26 14:40:03,937:hal4000:INFO:message:
2026-03-26 14:40:03,937:hal4000:INFO:  Fitting problem: Number of calls to function has reached maxfev = 500.
2026-03-26 14:40:04,170:hal4000:INFO:message:
2026-03-26 14:40:04,171:hal4000:INFO:  Fitting problem: Number of calls to function has reached maxfev = 500.
2026-03-26 14:40:04,405:hal4000:INFO:message:
2026-03-26 14:40:04,405:hal4000:INFO:  Fitting problem: Number of calls to function has reached maxfev = 500.
2026-03-26 14:40:04,647:hal4000:INFO:message:
2026-03-26 14:40:04,648:hal4000:INFO:  Fitting problem: Number of calls to function has reached maxfev = 500.
2026-03-26 14:40:04,898:hal4000:INFO:message:
2026-03-26 14:40:04,899:hal4000:INFO:  Fitting problem: Number of calls to function has reached maxfev = 500.
2026-03-26 14:40:05,141:hal4000:INFO:message:
2026-03-26 14:40:05,142:hal4000:INFO:  Fitting problem: Number of calls to function has reached maxfev = 500.
2026-03-26 14:40:05,394:hal4000:INFO:message:
2026-03-26 14:40:05,394:hal4000:INFO:  Fitting problem: Number of calls to function has reached maxfev = 500.
2026-03-26 14:40:05,647:hal4000:INFO:message:
2026-03-26 14:40:05,647:hal4000:INFO:  Fitting problem: Number of calls to function has reached maxfev = 500.
2026-03-26 14:40:05,900:hal4000:INFO:message:
2026-03-26 14:40:05,901:hal4000:INFO:  Fitting problem: Number of calls to function has reached maxfev = 500.
2026-03-26 14:40:06,151:hal4000:INFO:message:
2026-03-26 14:40:06,151:hal4000:INFO:  Fitting problem: Number of calls to function has reached maxfev = 500.
2026-03-26 14:40:06,404:hal4000:INFO:message:
2026-03-26 14:40:06,405:hal4000:INFO:  Fitting problem: Number of calls to function has reached maxfev = 500.
2026-03-26 14:40:06,659:hal4000:INFO:message:
2026-03-26 14:40:06,659:hal4000:INFO:  Fitting problem: Number of calls to function has reached maxfev = 500.
2026-03-26 14:40:06,895:hal4000:INFO:message:
2026-03-26 14:40:06,895:hal4000:INFO:  Fitting problem: Number of calls to function has reached maxfev = 500.
2026-03-26 14:40:07,138:hal4000:INFO:message:
2026-03-26 14:40:07,138:hal4000:INFO:  Fitting problem: Number of calls to function has reached maxfev = 500.
2026-03-26 14:40:07,386:hal4000:INFO:message:
2026-03-26 14:40:07,386:hal4000:INFO:  Fitting problem: Number of calls to function has reached maxfev = 500.
2026-03-26 14:40:07,636:hal4000:INFO:message:
2026-03-26 14:40:07,636:hal4000:INFO:  Fitting problem: Number of calls to function has reached maxfev = 500.
2026-03-26 14:40:07,898:hal4000:INFO:message:
2026-03-26 14:40:07,898:hal4000:INFO:  Fitting problem: Number of calls to function has reached maxfev = 500.
2026-03-26 14:40:08,147:hal4000:INFO:message:
2026-03-26 14:40:08,147:hal4000:INFO:  Fitting problem: Number of calls to function has reached maxfev = 500.
2026-03-26 14:40:08,409:hal4000:INFO:message:
2026-03-26 14:40:08,409:hal4000:INFO:  Fitting problem: Number of calls to function has reached maxfev = 500.
2026-03-26 14:40:08,662:hal4000:INFO:message:
2026-03-26 14:40:08,662:hal4000:INFO:  Fitting problem: Number of calls to function has reached maxfev = 500.
2026-03-26 14:40:08,922:hal4000:INFO:message:
2026-03-26 14:40:08,922:hal4000:INFO:  Fitting problem: Number of calls to function has reached maxfev = 500.
2026-03-26 14:40:09,176:hal4000:INFO:message:
2026-03-26 14:40:09,176:hal4000:INFO:  Fitting problem: Number of calls to function has reached maxfev = 500.
2026-03-26 14:40:09,437:hal4000:INFO:message:
2026-03-26 14:40:09,437:hal4000:INFO:  Fitting problem: Number of calls to function has reached maxfev = 500.
2026-03-26 14:40:09,689:hal4000:INFO:message:
2026-03-26 14:40:09,689:hal4000:INFO:  Fitting problem: Number of calls to function has reached maxfev = 500.
2026-03-26 14:40:09,952:hal4000:INFO:message:
2026-03-26 14:40:09,952:hal4000:INFO:  Fitting problem: Number of calls to function has reached maxfev = 500.
2026-03-26 14:40:10,207:hal4000:INFO:message:
2026-03-26 14:40:10,208:hal4000:INFO:  Fitting problem: Number of calls to function has reached maxfev = 500.
2026-03-26 14:40:10,461:hal4000:INFO:message:
2026-03-26 14:40:10,462:hal4000:INFO:  Fitting problem: Number of calls to function has reached maxfev = 500.
2026-03-26 14:40:10,715:hal4000:INFO:message:
2026-03-26 14:40:10,716:hal4000:INFO:  Fitting problem: Number of calls to function has reached maxfev = 500.
2026-03-26 14:40:10,964:hal4000:INFO:message:
2026-03-26 14:40:10,964:hal4000:INFO:  Fitting problem: Number of calls to function has reached maxfev = 500.
2026-03-26 14:40:11,202:hal4000:INFO:message:
2026-03-26 14:40:11,203:hal4000:INFO:  Fitting problem: Number of calls to function has reached maxfev = 500.
2026-03-26 14:40:11,451:hal4000:INFO:message:
2026-03-26 14:40:11,451:hal4000:INFO:  Fitting problem: Number of calls to function has reached maxfev = 500.
2026-03-26 14:40:11,717:hal4000:INFO:message:
2026-03-26 14:40:11,718:hal4000:INFO:  Fitting problem: Number of calls to function has reached maxfev = 500.
2026-03-26 14:40:11,966:hal4000:INFO:message:
2026-03-26 14:40:11,966:hal4000:INFO:  Fitting problem: Number of calls to function has reached maxfev = 500.
2026-03-26 14:40:12,230:hal4000:INFO:message:
2026-03-26 14:40:12,231:hal4000:INFO:  Fitting problem: Number of calls to function has reached maxfev = 500.
2026-03-26 14:40:12,479:hal4000:INFO:message:
2026-03-26 14:40:12,480:hal4000:INFO:  Fitting problem: Number of calls to function has reached maxfev = 500.
2026-03-26 14:40:12,731:hal4000:INFO:message:
2026-03-26 14:40:12,731:hal4000:INFO:  Fitting problem: Number of calls to function has reached maxfev = 500.
2026-03-26 14:40:12,975:hal4000:INFO:message:
2026-03-26 14:40:12,975:hal4000:INFO:  Fitting problem: Number of calls to function has reached maxfev = 500.
2026-03-26 14:40:13,216:hal4000:INFO:message:
2026-03-26 14:40:13,216:hal4000:INFO:  Fitting problem: Number of calls to function has reached maxfev = 500.
2026-03-26 14:40:13,452:hal4000:INFO:message:
2026-03-26 14:40:13,452:hal4000:INFO:  Fitting problem: Number of calls to function has reached maxfev = 500.
2026-03-26 14:40:13,690:hal4000:INFO:message:
2026-03-26 14:40:13,690:hal4000:INFO:  Fitting problem: Number of calls to function has reached maxfev = 500.
2026-03-26 14:40:13,925:hal4000:INFO:message:
2026-03-26 14:40:13,926:hal4000:INFO:  Fitting problem: Number of calls to function has reached maxfev = 500.
2026-03-26 14:40:14,167:hal4000:INFO:message:
2026-03-26 14:40:14,167:hal4000:INFO:  Fitting problem: Number of calls to function has reached maxfev = 500.
2026-03-26 14:40:14,410:hal4000:INFO:message:
2026-03-26 14:40:14,411:hal4000:INFO:  Fitting problem: Number of calls to function has reached maxfev = 500.
2026-03-26 14:40:14,654:hal4000:INFO:message:
2026-03-26 14:40:14,655:hal4000:INFO:  Fitting problem: Number of calls to function has reached maxfev = 500.
2026-03-26 14:40:14,902:hal4000:INFO:message:
2026-03-26 14:40:14,902:hal4000:INFO:  Fitting problem: Number of calls to function has reached maxfev = 500.
2026-03-26 14:40:15,149:hal4000:INFO:message:
2026-03-26 14:40:15,149:hal4000:INFO:  Fitting problem: Number of calls to function has reached maxfev = 500.
2026-03-26 14:40:15,396:hal4000:INFO:message:
2026-03-26 14:40:15,396:hal4000:INFO:  Fitting problem: Number of calls to function has reached maxfev = 500.
2026-03-26 14:40:15,642:hal4000:INFO:message:
2026-03-26 14:40:15,642:hal4000:INFO:  Fitting problem: Number of calls to function has reached maxfev = 500.
2026-03-26 14:40:15,890:hal4000:INFO:message:
2026-03-26 14:40:15,890:hal4000:INFO:  Fitting problem: Number of calls to function has reached maxfev = 500.
2026-03-26 14:40:16,137:hal4000:INFO:message:
2026-03-26 14:40:16,137:hal4000:INFO:  Fitting problem: Number of calls to function has reached maxfev = 500.
2026-03-26 14:40:16,380:hal4000:INFO:message:
2026-03-26 14:40:16,380:hal4000:INFO:  Fitting problem: Number of calls to function has reached maxfev = 500.
2026-03-26 14:40:16,626:hal4000:INFO:message:
2026-03-26 14:40:16,626:hal4000:INFO:  Fitting problem: Number of calls to function has reached maxfev = 500.
2026-03-26 14:40:16,868:hal4000:INFO:message:
2026-03-26 14:40:16,868:hal4000:INFO:  Fitting problem: Number of calls to function has reached maxfev = 500.
2026-03-26 14:40:17,115:hal4000:INFO:message:
2026-03-26 14:40:17,115:hal4000:INFO:  Fitting problem: Number of calls to function has reached maxfev = 500.
2026-03-26 14:40:17,359:hal4000:INFO:message:
2026-03-26 14:40:17,359:hal4000:INFO:  Fitting problem: Number of calls to function has reached maxfev = 500.
2026-03-26 14:40:17,607:hal4000:INFO:message:
2026-03-26 14:40:17,607:hal4000:INFO:  Fitting problem: Number of calls to function has reached maxfev = 500.
2026-03-26 14:40:17,862:hal4000:INFO:message:
2026-03-26 14:40:17,862:hal4000:INFO:  Fitting problem: Number of calls to function has reached maxfev = 500.
2026-03-26 14:40:18,113:hal4000:INFO:message:
2026-03-26 14:40:18,113:hal4000:INFO:  Fitting problem: Number of calls to function has reached maxfev = 500.
2026-03-26 14:40:18,350:hal4000:INFO:message:
2026-03-26 14:40:18,351:hal4000:INFO:  Fitting problem: Number of calls to function has reached maxfev = 500.
2026-03-26 14:40:18,598:hal4000:INFO:message:
2026-03-26 14:40:18,598:hal4000:INFO:  Fitting problem: Number of calls to function has reached maxfev = 500.
2026-03-26 14:40:18,849:hal4000:INFO:message:
2026-03-26 14:40:18,849:hal4000:INFO:  Fitting problem: Number of calls to function has reached maxfev = 500.
2026-03-26 14:40:19,099:hal4000:INFO:message:
2026-03-26 14:40:19,099:hal4000:INFO:  Fitting problem: Number of calls to function has reached maxfev = 500.
2026-03-26 14:40:19,350:hal4000:INFO:message:
2026-03-26 14:40:19,350:hal4000:INFO:  Fitting problem: Number of calls to function has reached maxfev = 500.
2026-03-26 14:40:19,597:hal4000:INFO:message:
2026-03-26 14:40:19,597:hal4000:INFO:  Fitting problem: Number of calls to function has reached maxfev = 500.
2026-03-26 14:40:19,857:hal4000:INFO:message:
2026-03-26 14:40:19,857:hal4000:INFO:  Fitting problem: Number of calls to function has reached maxfev = 500.
2026-03-26 14:40:20,104:hal4000:INFO:message:
2026-03-26 14:40:20,104:hal4000:INFO:  Fitting problem: Number of calls to function has reached maxfev = 500.
2026-03-26 14:40:20,356:hal4000:INFO:message:
2026-03-26 14:40:20,356:hal4000:INFO:  Fitting problem: Number of calls to function has reached maxfev = 500.
2026-03-26 14:40:20,610:hal4000:INFO:message:
2026-03-26 14:40:20,611:hal4000:INFO:  Fitting problem: Number of calls to function has reached maxfev = 500.
2026-03-26 14:40:20,856:hal4000:INFO:message:
2026-03-26 14:40:20,856:hal4000:INFO:  Fitting problem: Number of calls to function has reached maxfev = 500.
2026-03-26 14:40:21,102:hal4000:INFO:message:
2026-03-26 14:40:21,103:hal4000:INFO:  Fitting problem: Number of calls to function has reached maxfev = 500.
2026-03-26 14:40:21,352:hal4000:INFO:message:
2026-03-26 14:40:21,352:hal4000:INFO:  Fitting problem: Number of calls to function has reached maxfev = 500.
2026-03-26 14:40:21,604:hal4000:INFO:message:
2026-03-26 14:40:21,604:hal4000:INFO:  Fitting problem: Number of calls to function has reached maxfev = 500.
2026-03-26 14:40:21,848:hal4000:INFO:message:
2026-03-26 14:40:21,848:hal4000:INFO:  Fitting problem: Number of calls to function has reached maxfev = 500.
2026-03-26 14:40:22,098:hal4000:INFO:message:
2026-03-26 14:40:22,098:hal4000:INFO:  Fitting problem: Number of calls to function has reached maxfev = 500.
2026-03-26 14:40:22,343:hal4000:INFO:message:
2026-03-26 14:40:22,343:hal4000:INFO:  Fitting problem: Number of calls to function has reached maxfev = 500.
2026-03-26 14:40:22,594:hal4000:INFO:message:
2026-03-26 14:40:22,594:hal4000:INFO:  Fitting problem: Number of calls to function has reached maxfev = 500.
2026-03-26 14:40:22,841:hal4000:INFO:message:
2026-03-26 14:40:22,841:hal4000:INFO:  Fitting problem: Number of calls to function has reached maxfev = 500.
2026-03-26 14:40:23,091:hal4000:INFO:message:
2026-03-26 14:40:23,091:hal4000:INFO:  Fitting problem: Number of calls to function has reached maxfev = 500.
2026-03-26 14:40:23,340:hal4000:INFO:message:
2026-03-26 14:40:23,341:hal4000:INFO:  Fitting problem: Number of calls to function has reached maxfev = 500.
2026-03-26 14:40:23,662:hal4000:INFO:message:
2026-03-26 14:40:23,662:hal4000:INFO:  Fitting problem: Number of calls to function has reached maxfev = 500.
2026-03-26 14:40:23,909:hal4000:INFO:message:
2026-03-26 14:40:23,909:hal4000:INFO:  Fitting problem: Number of calls to function has reached maxfev = 500.
2026-03-26 14:40:24,159:hal4000:INFO:message:
2026-03-26 14:40:24,159:hal4000:INFO:  Fitting problem: Number of calls to function has reached maxfev = 500.
2026-03-26 14:40:24,404:hal4000:INFO:message:
2026-03-26 14:40:24,404:hal4000:INFO:  Fitting problem: Number of calls to function has reached maxfev = 500.
2026-03-26 14:40:24,655:hal4000:INFO:message:
2026-03-26 14:40:24,656:hal4000:INFO:  Fitting problem: Number of calls to function has reached maxfev = 500.
2026-03-26 14:40:24,900:hal4000:INFO:message:
2026-03-26 14:40:24,900:hal4000:INFO:  Fitting problem: Number of calls to function has reached maxfev = 500.
2026-03-26 14:40:25,146:hal4000:INFO:message:
2026-03-26 14:40:25,147:hal4000:INFO:  Fitting problem: Number of calls to function has reached maxfev = 500.
2026-03-26 14:40:25,385:hal4000:INFO:message:
2026-03-26 14:40:25,385:hal4000:INFO:  Fitting problem: Number of calls to function has reached maxfev = 500.
2026-03-26 14:40:25,626:hal4000:INFO:message:
2026-03-26 14:40:25,626:hal4000:INFO:  Fitting problem: Number of calls to function has reached maxfev = 500.
2026-03-26 14:40:25,876:hal4000:INFO:message:
2026-03-26 14:40:25,876:hal4000:INFO:  Fitting problem: Number of calls to function has reached maxfev = 500.
2026-03-26 14:40:26,119:hal4000:INFO:message:
2026-03-26 14:40:26,120:hal4000:INFO:  Fitting problem: Number of calls to function has reached maxfev = 500.
2026-03-26 14:40:26,363:hal4000:INFO:message:
2026-03-26 14:40:26,363:hal4000:INFO:  Fitting problem: Number of calls to function has reached maxfev = 500.
2026-03-26 14:40:26,605:hal4000:INFO:message:
2026-03-26 14:40:26,606:hal4000:INFO:  Fitting problem: Number of calls to function has reached maxfev = 500.
2026-03-26 14:40:26,849:hal4000:INFO:message:
2026-03-26 14:40:26,849:hal4000:INFO:  Fitting problem: Number of calls to function has reached maxfev = 500.
2026-03-26 14:40:27,095:hal4000:INFO:message:
2026-03-26 14:40:27,095:hal4000:INFO:  Fitting problem: Number of calls to function has reached maxfev = 500.
2026-03-26 14:40:27,340:hal4000:INFO:message:
2026-03-26 14:40:27,340:hal4000:INFO:  Fitting problem: Number of calls to function has reached maxfev = 500.
2026-03-26 14:40:27,577:hal4000:INFO:message:
2026-03-26 14:40:27,577:hal4000:INFO:  Fitting problem: Number of calls to function has reached maxfev = 500.
2026-03-26 14:40:27,815:hal4000:INFO:message:
2026-03-26 14:40:27,816:hal4000:INFO:  Fitting problem: Number of calls to function has reached maxfev = 500.
2026-03-26 14:40:28,068:hal4000:INFO:message:
2026-03-26 14:40:28,068:hal4000:INFO:  Fitting problem: Number of calls to function has reached maxfev = 500.
2026-03-26 14:40:28,314:hal4000:INFO:message:
2026-03-26 14:40:28,314:hal4000:INFO:  Fitting problem: Number of calls to function has reached maxfev = 500.
2026-03-26 14:40:28,563:hal4000:INFO:message:
2026-03-26 14:40:28,563:hal4000:INFO:  Fitting problem: Number of calls to function has reached maxfev = 500.
2026-03-26 14:40:28,807:hal4000:INFO:message:
2026-03-26 14:40:28,807:hal4000:INFO:  Fitting problem: Number of calls to function has reached maxfev = 500.
2026-03-26 14:40:29,064:hal4000:INFO:message:
2026-03-26 14:40:29,068:hal4000:INFO:  Fitting problem: Number of calls to function has reached maxfev = 500.
2026-03-26 14:40:29,387:hal4000:INFO:message:
2026-03-26 14:40:29,387:hal4000:INFO:  Fitting problem: Number of calls to function has reached maxfev = 500.
2026-03-26 14:40:29,655:hal4000:INFO:message:
2026-03-26 14:40:29,655:hal4000:INFO:  Fitting problem: Number of calls to function has reached maxfev = 500.
2026-03-26 14:40:30,005:hal4000:INFO:message:
2026-03-26 14:40:30,006:hal4000:INFO:  Fitting problem: Number of calls to function has reached maxfev = 500.
2026-03-26 14:40:30,315:hal4000:INFO:message:
2026-03-26 14:40:30,315:hal4000:INFO:  Fitting problem: Number of calls to function has reached maxfev = 500.
2026-03-26 14:40:30,562:hal4000:INFO:message:
2026-03-26 14:40:30,562:hal4000:INFO:  Fitting problem: Number of calls to function has reached maxfev = 500.
2026-03-26 14:40:30,816:hal4000:INFO:message:
2026-03-26 14:40:30,817:hal4000:INFO:  Fitting problem: Number of calls to function has reached maxfev = 500.
2026-03-26 14:40:30,925:hal4000:INFO:message:
2026-03-26 14:40:30,926:hal4000:INFO:  queued,66,hal,close event
2026-03-26 14:40:31,078:hal4000:INFO:message:
2026-03-26 14:40:31,078:hal4000:INFO:  Fitting problem: Number of calls to function has reached maxfev = 500.
2026-03-26 14:40:31,232:hal4000:INFO:message:
2026-03-26 14:40:31,232:hal4000:INFO:  Fitting problem: Number of calls to function has reached maxfev = 500.
2026-03-26 14:40:31,271:hal4000:INFO:message:
2026-03-26 14:40:31,271:hal4000:INFO:  uc480: Call failed with error 1 is_CopyImageMem
