2026-03-26 11:54:41,319:hal4000:INFO:message:
2026-03-26 11:54:41,320:hal4000:INFO:  handled by,58,scmos_cal,get functionality
2026-03-26 11:54:41,321:hal4000:INFO:message:
2026-03-26 11:54:41,321:hal4000:INFO:  handled by,58,settings,get functionality
2026-03-26 11:54:41,321:hal4000:INFO:message:
2026-03-26 11:54:41,321:hal4000:INFO:  handled by,58,spotcounter,get functionality
2026-03-26 11:54:41,321:hal4000:INFO:message:
2026-03-26 11:54:41,321:hal4000:INFO:  handled by,58,stage,get functionality
2026-03-26 11:54:41,322:hal4000:INFO:message:
2026-03-26 11:54:41,322:hal4000:INFO:  handled by,58,tcp_control,get functionality
2026-03-26 11:54:41,322:hal4000:INFO:message:
2026-03-26 11:54:41,322:hal4000:INFO:  handled by,58,timing,get functionality
2026-03-26 11:54:41,322:hal4000:INFO:message:
2026-03-26 11:54:41,323:hal4000:INFO:  handled by,58,uc480_camera,get functionality
2026-03-26 11:54:41,323:hal4000:INFO:message:
2026-03-26 11:54:41,323:hal4000:INFO:  handled by,58,z_stage,get functionality
2026-03-26 11:54:41,323:hal4000:INFO:message:
2026-03-26 11:54:41,323:hal4000:INFO:  processed,58,display,get functionality
2026-03-26 11:54:41,326:hal4000:INFO:message:
2026-03-26 11:54:41,326:hal4000:INFO:  sent,59,film,start camera
2026-03-26 11:54:41,328:hal4000:INFO:message:
2026-03-26 11:54:41,328:hal4000:INFO:  handled by,59,hal,start camera
2026-03-26 11:54:41,328:hal4000:INFO:message:
2026-03-26 11:54:41,328:hal4000:INFO:  handled by,59,aotf,start camera
2026-03-26 11:54:41,328:hal4000:INFO:message:
2026-03-26 11:54:41,329:hal4000:INFO:  handled by,59,camera1,start camera
2026-03-26 11:54:41,329:hal4000:INFO:message:
2026-03-26 11:54:41,329:hal4000:INFO:  handled by,59,clemex_stage,start camera
2026-03-26 11:54:41,329:hal4000:INFO:message:
2026-03-26 11:54:41,329:hal4000:INFO:  handled by,59,coherentGenesis488,start camera
2026-03-26 11:54:41,329:hal4000:INFO:message:
2026-03-26 11:54:41,329:hal4000:INFO:  handled by,59,coherentGenesis560,start camera
2026-03-26 11:54:41,330:hal4000:INFO:message:
2026-03-26 11:54:41,330:hal4000:INFO:  handled by,59,display,start camera
2026-03-26 11:54:41,330:hal4000:INFO:message:
2026-03-26 11:54:41,330:hal4000:INFO:  handled by,59,feeds,start camera
2026-03-26 11:54:41,330:hal4000:INFO:message:
2026-03-26 11:54:41,330:hal4000:INFO:  handled by,59,film,start camera
2026-03-26 11:54:41,331:hal4000:INFO:message:
2026-03-26 11:54:41,331:hal4000:INFO:  handled by,59,focuslock,start camera
2026-03-26 11:54:41,331:hal4000:INFO:message:
2026-03-26 11:54:41,331:hal4000:INFO:  handled by,59,illumination,start camera
2026-03-26 11:54:41,331:hal4000:INFO:message:
2026-03-26 11:54:41,331:hal4000:INFO:  handled by,59,mosaic,start camera
2026-03-26 11:54:41,331:hal4000:INFO:message:
2026-03-26 11:54:41,332:hal4000:INFO:  handled by,59,mpb641,start camera
2026-03-26 11:54:41,332:hal4000:INFO:message:
2026-03-26 11:54:41,332:hal4000:INFO:  handled by,59,none_irlaser,start camera
2026-03-26 11:54:41,332:hal4000:INFO:message:
2026-03-26 11:54:41,332:hal4000:INFO:  handled by,59,pi_controller,start camera
2026-03-26 11:54:41,332:hal4000:INFO:message:
2026-03-26 11:54:41,333:hal4000:INFO:  handled by,59,progressions,start camera
2026-03-26 11:54:41,333:hal4000:INFO:message:
2026-03-26 11:54:41,333:hal4000:INFO:  handled by,59,scmos_cal,start camera
2026-03-26 11:54:41,333:hal4000:INFO:message:
2026-03-26 11:54:41,333:hal4000:INFO:  handled by,59,settings,start camera
2026-03-26 11:54:41,333:hal4000:INFO:message:
2026-03-26 11:54:41,333:hal4000:INFO:  handled by,59,spotcounter,start camera
2026-03-26 11:54:41,334:hal4000:INFO:message:
2026-03-26 11:54:41,334:hal4000:INFO:  handled by,59,stage,start camera
2026-03-26 11:54:41,334:hal4000:INFO:message:
2026-03-26 11:54:41,334:hal4000:INFO:  handled by,59,tcp_control,start camera
2026-03-26 11:54:41,334:hal4000:INFO:message:
2026-03-26 11:54:41,334:hal4000:INFO:  handled by,59,timing,start camera
2026-03-26 11:54:41,335:hal4000:INFO:message:
2026-03-26 11:54:41,335:hal4000:INFO:  handled by,59,uc480_camera,start camera
2026-03-26 11:54:41,335:hal4000:INFO:message:
2026-03-26 11:54:41,335:hal4000:INFO:  handled by,59,z_stage,start camera
2026-03-26 11:54:41,335:hal4000:INFO:message:
2026-03-26 11:54:41,335:hal4000:INFO:  processed,59,film,start camera
2026-03-26 11:54:41,337:hal4000:INFO:message:
2026-03-26 11:54:41,337:hal4000:INFO:  sent,61,film,start camera
2026-03-26 11:54:41,337:hal4000:INFO:message:
2026-03-26 11:54:41,337:hal4000:INFO:  handled by,61,hal,start camera
2026-03-26 11:54:41,338:hal4000:INFO:message:
2026-03-26 11:54:41,338:hal4000:INFO:  handled by,61,aotf,start camera
2026-03-26 11:54:41,338:hal4000:INFO:message:
2026-03-26 11:54:41,338:hal4000:INFO:  handled by,61,camera1,start camera
2026-03-26 11:54:41,338:hal4000:INFO:message:
2026-03-26 11:54:41,339:hal4000:INFO:  handled by,61,clemex_stage,start camera
2026-03-26 11:54:41,339:hal4000:INFO:message:
2026-03-26 11:54:41,339:hal4000:INFO:  handled by,61,coherentGenesis488,start camera
2026-03-26 11:54:41,340:hal4000:INFO:message:
2026-03-26 11:54:41,340:hal4000:INFO:  handled by,61,coherentGenesis560,start camera
2026-03-26 11:54:41,340:hal4000:INFO:message:
2026-03-26 11:54:41,340:hal4000:INFO:  handled by,61,display,start camera
2026-03-26 11:54:41,340:hal4000:INFO:message:
2026-03-26 11:54:41,344:hal4000:INFO:  handled by,61,feeds,start camera
2026-03-26 11:54:41,344:hal4000:INFO:message:
2026-03-26 11:54:41,344:hal4000:INFO:  handled by,61,film,start camera
2026-03-26 11:54:41,345:hal4000:INFO:message:
2026-03-26 11:54:41,345:hal4000:INFO:  handled by,61,focuslock,start camera
2026-03-26 11:54:41,345:hal4000:INFO:message:
2026-03-26 11:54:41,346:hal4000:INFO:  handled by,61,illumination,start camera
2026-03-26 11:54:41,346:hal4000:INFO:message:
2026-03-26 11:54:41,346:hal4000:INFO:  handled by,61,mosaic,start camera
2026-03-26 11:54:41,346:hal4000:INFO:message:
2026-03-26 11:54:41,346:hal4000:INFO:  handled by,61,mpb641,start camera
2026-03-26 11:54:41,346:hal4000:INFO:message:
2026-03-26 11:54:41,346:hal4000:INFO:  handled by,61,none_irlaser,start camera
2026-03-26 11:54:41,347:hal4000:INFO:message:
2026-03-26 11:54:41,347:hal4000:INFO:  handled by,61,pi_controller,start camera
2026-03-26 11:54:41,347:hal4000:INFO:message:
2026-03-26 11:54:41,347:hal4000:INFO:  handled by,61,progressions,start camera
2026-03-26 11:54:41,347:hal4000:INFO:message:
2026-03-26 11:54:41,347:hal4000:INFO:  handled by,61,scmos_cal,start camera
2026-03-26 11:54:41,348:hal4000:INFO:message:
2026-03-26 11:54:41,348:hal4000:INFO:  handled by,61,settings,start camera
2026-03-26 11:54:41,348:hal4000:INFO:message:
2026-03-26 11:54:41,348:hal4000:INFO:  handled by,61,spotcounter,start camera
2026-03-26 11:54:41,348:hal4000:INFO:message:
2026-03-26 11:54:41,348:hal4000:INFO:  handled by,61,stage,start camera
2026-03-26 11:54:41,348:hal4000:INFO:message:
2026-03-26 11:54:41,349:hal4000:INFO:  handled by,61,tcp_control,start camera
2026-03-26 11:54:41,349:hal4000:INFO:message:
2026-03-26 11:54:41,349:hal4000:INFO:  handled by,61,timing,start camera
2026-03-26 11:54:41,349:hal4000:INFO:message:
2026-03-26 11:54:41,349:hal4000:INFO:  handled by,61,uc480_camera,start camera
2026-03-26 11:54:41,349:hal4000:INFO:message:
2026-03-26 11:54:41,350:hal4000:INFO:  handled by,61,z_stage,start camera
2026-03-26 11:54:41,350:hal4000:INFO:message:
2026-03-26 11:54:41,350:hal4000:INFO:  sent,62,illumination,new shutters file
2026-03-26 11:54:41,350:hal4000:INFO:message:
2026-03-26 11:54:41,351:hal4000:INFO:  worker started 60000,61,film,start camera
2026-03-26 11:54:41,357:hal4000:INFO:message:
2026-03-26 11:54:41,358:hal4000:INFO:  handled by,62,hal,new shutters file
2026-03-26 11:54:41,358:hal4000:INFO:message:
2026-03-26 11:54:41,358:hal4000:INFO:  handled by,62,aotf,new shutters file
2026-03-26 11:54:41,358:hal4000:INFO:message:
2026-03-26 11:54:41,358:hal4000:INFO:  handled by,62,clemex_stage,new shutters file
2026-03-26 11:54:41,358:hal4000:INFO:message:
2026-03-26 11:54:41,359:hal4000:INFO:  handled by,62,coherentGenesis488,new shutters file
2026-03-26 11:54:41,359:hal4000:INFO:message:
2026-03-26 11:54:41,359:hal4000:INFO:  handled by,62,coherentGenesis560,new shutters file
2026-03-26 11:54:41,359:hal4000:INFO:message:
2026-03-26 11:54:41,359:hal4000:INFO:  handled by,62,display,new shutters file
2026-03-26 11:54:41,360:hal4000:INFO:message:
2026-03-26 11:54:41,360:hal4000:INFO:  handled by,62,feeds,new shutters file
2026-03-26 11:54:41,360:hal4000:INFO:message:
2026-03-26 11:54:41,360:hal4000:INFO:  handled by,62,film,new shutters file
2026-03-26 11:54:41,360:hal4000:INFO:message:
2026-03-26 11:54:41,360:hal4000:INFO:  handled by,62,focuslock,new shutters file
2026-03-26 11:54:41,361:hal4000:INFO:message:
2026-03-26 11:54:41,361:hal4000:INFO:  queued,64,illumination,configuration
2026-03-26 11:54:41,361:hal4000:INFO:message:
2026-03-26 11:54:41,362:hal4000:INFO:  handled by,62,illumination,new shutters file
2026-03-26 11:54:41,362:hal4000:INFO:message:
2026-03-26 11:54:41,362:hal4000:INFO:  handled by,62,mosaic,new shutters file
2026-03-26 11:54:41,362:hal4000:INFO:message:
2026-03-26 11:54:41,362:hal4000:INFO:  handled by,62,mpb641,new shutters file
2026-03-26 11:54:41,362:hal4000:INFO:message:
2026-03-26 11:54:41,362:hal4000:INFO:  handled by,62,none_irlaser,new shutters file
2026-03-26 11:54:41,363:hal4000:INFO:message:
2026-03-26 11:54:41,363:hal4000:INFO:  handled by,62,pi_controller,new shutters file
2026-03-26 11:54:41,363:hal4000:INFO:message:
2026-03-26 11:54:41,363:hal4000:INFO:  handled by,62,progressions,new shutters file
2026-03-26 11:54:41,363:hal4000:INFO:message:
2026-03-26 11:54:41,363:hal4000:INFO:  handled by,62,scmos_cal,new shutters file
2026-03-26 11:54:41,364:hal4000:INFO:message:
2026-03-26 11:54:41,364:hal4000:INFO:  handled by,62,settings,new shutters file
2026-03-26 11:54:41,364:hal4000:INFO:message:
2026-03-26 11:54:41,364:hal4000:INFO:  handled by,62,spotcounter,new shutters file
2026-03-26 11:54:41,364:hal4000:INFO:message:
2026-03-26 11:54:41,364:hal4000:INFO:  handled by,62,stage,new shutters file
2026-03-26 11:54:41,365:hal4000:INFO:message:
2026-03-26 11:54:41,365:hal4000:INFO:  handled by,62,tcp_control,new shutters file
2026-03-26 11:54:41,365:hal4000:INFO:message:
2026-03-26 11:54:41,365:hal4000:INFO:  handled by,62,timing,new shutters file
2026-03-26 11:54:41,365:hal4000:INFO:message:
2026-03-26 11:54:41,365:hal4000:INFO:  handled by,62,uc480_camera,new shutters file
2026-03-26 11:54:41,365:hal4000:INFO:message:
2026-03-26 11:54:41,366:hal4000:INFO:  handled by,62,z_stage,new shutters file
2026-03-26 11:54:41,366:hal4000:INFO:message:
2026-03-26 11:54:41,366:hal4000:INFO:  sent,63,spotcounter,get functionality
2026-03-26 11:54:41,367:hal4000:INFO:message:
2026-03-26 11:54:41,367:hal4000:INFO:  handled by,63,hal,get functionality
2026-03-26 11:54:41,367:hal4000:INFO:message:
2026-03-26 11:54:41,367:hal4000:INFO:  handled by,63,aotf,get functionality
2026-03-26 11:54:41,367:hal4000:INFO:message:
2026-03-26 11:54:41,367:hal4000:INFO:  handled by,63,clemex_stage,get functionality
2026-03-26 11:54:41,367:hal4000:INFO:message:
2026-03-26 11:54:41,368:hal4000:INFO:  handled by,63,coherentGenesis488,get functionality
2026-03-26 11:54:41,368:hal4000:INFO:message:
2026-03-26 11:54:41,368:hal4000:INFO:  handled by,63,coherentGenesis560,get functionality
2026-03-26 11:54:41,368:hal4000:INFO:message:
2026-03-26 11:54:41,368:hal4000:INFO:  handled by,63,display,get functionality
2026-03-26 11:54:41,368:hal4000:INFO:message:
2026-03-26 11:54:41,369:hal4000:INFO:  handled by,63,feeds,get functionality
2026-03-26 11:54:41,369:hal4000:INFO:message:
2026-03-26 11:54:41,369:hal4000:INFO:  handled by,63,film,get functionality
2026-03-26 11:54:41,369:hal4000:INFO:message:
2026-03-26 11:54:41,369:hal4000:INFO:  handled by,63,focuslock,get functionality
2026-03-26 11:54:41,369:hal4000:INFO:message:
2026-03-26 11:54:41,369:hal4000:INFO:  handled by,63,illumination,get functionality
2026-03-26 11:54:41,370:hal4000:INFO:message:
2026-03-26 11:54:41,370:hal4000:INFO:  handled by,63,mosaic,get functionality
2026-03-26 11:54:41,370:hal4000:INFO:message:
2026-03-26 11:54:41,370:hal4000:INFO:  handled by,63,mpb641,get functionality
2026-03-26 11:54:41,370:hal4000:INFO:message:
2026-03-26 11:54:41,370:hal4000:INFO:  handled by,63,none_irlaser,get functionality
2026-03-26 11:54:41,371:hal4000:INFO:message:
2026-03-26 11:54:41,371:hal4000:INFO:  handled by,63,pi_controller,get functionality
2026-03-26 11:54:41,371:hal4000:INFO:message:
2026-03-26 11:54:41,371:hal4000:INFO:  handled by,63,progressions,get functionality
2026-03-26 11:54:41,371:hal4000:INFO:message:
2026-03-26 11:54:41,371:hal4000:INFO:  handled by,63,scmos_cal,get functionality
2026-03-26 11:54:41,372:hal4000:INFO:message:
2026-03-26 11:54:41,372:hal4000:INFO:  handled by,63,settings,get functionality
2026-03-26 11:54:41,372:hal4000:INFO:message:
2026-03-26 11:54:41,372:hal4000:INFO:  handled by,63,spotcounter,get functionality
2026-03-26 11:54:41,372:hal4000:INFO:message:
2026-03-26 11:54:41,372:hal4000:INFO:  handled by,63,stage,get functionality
2026-03-26 11:54:41,372:hal4000:INFO:message:
2026-03-26 11:54:41,373:hal4000:INFO:  handled by,63,tcp_control,get functionality
2026-03-26 11:54:41,373:hal4000:INFO:message:
2026-03-26 11:54:41,373:hal4000:INFO:  handled by,63,timing,get functionality
2026-03-26 11:54:41,373:hal4000:INFO:message:
2026-03-26 11:54:41,373:hal4000:INFO:  handled by,63,uc480_camera,get functionality
2026-03-26 11:54:41,373:hal4000:INFO:message:
2026-03-26 11:54:41,374:hal4000:INFO:  handled by,63,z_stage,get functionality
2026-03-26 11:54:41,374:hal4000:INFO:message:
2026-03-26 11:54:41,374:hal4000:INFO:  sent,64,illumination,configuration
2026-03-26 11:54:41,376:hal4000:INFO:message:
2026-03-26 11:54:41,376:hal4000:INFO:  handled by,64,hal,configuration
2026-03-26 11:54:41,377:hal4000:INFO:message:
2026-03-26 11:54:41,377:hal4000:INFO:  handled by,64,aotf,configuration
2026-03-26 11:54:41,377:hal4000:INFO:message:
2026-03-26 11:54:41,377:hal4000:INFO:  handled by,64,clemex_stage,configuration
2026-03-26 11:54:41,377:hal4000:INFO:message:
2026-03-26 11:54:41,377:hal4000:INFO:  handled by,64,coherentGenesis488,configuration
2026-03-26 11:54:41,378:hal4000:INFO:message:
2026-03-26 11:54:41,378:hal4000:INFO:  handled by,64,coherentGenesis560,configuration
2026-03-26 11:54:41,378:hal4000:INFO:message:
2026-03-26 11:54:41,378:hal4000:INFO:  handled by,64,display,configuration
2026-03-26 11:54:41,378:hal4000:INFO:message:
2026-03-26 11:54:41,378:hal4000:INFO:  handled by,64,feeds,configuration
2026-03-26 11:54:41,379:hal4000:INFO:message:
2026-03-26 11:54:41,379:hal4000:INFO:  handled by,64,film,configuration
2026-03-26 11:54:41,379:hal4000:INFO:message:
2026-03-26 11:54:41,379:hal4000:INFO:  handled by,64,focuslock,configuration
2026-03-26 11:54:41,379:hal4000:INFO:message:
2026-03-26 11:54:41,379:hal4000:INFO:  handled by,64,illumination,configuration
2026-03-26 11:54:41,380:hal4000:INFO:message:
2026-03-26 11:54:41,380:hal4000:INFO:  handled by,64,mosaic,configuration
2026-03-26 11:54:41,380:hal4000:INFO:message:
2026-03-26 11:54:41,380:hal4000:INFO:  handled by,64,mpb641,configuration
2026-03-26 11:54:41,380:hal4000:INFO:message:
2026-03-26 11:54:41,380:hal4000:INFO:  handled by,64,none_irlaser,configuration
2026-03-26 11:54:41,381:hal4000:INFO:message:
2026-03-26 11:54:41,381:hal4000:INFO:  handled by,64,pi_controller,configuration
2026-03-26 11:54:41,381:hal4000:INFO:message:
2026-03-26 11:54:41,381:hal4000:INFO:  handled by,64,progressions,configuration
2026-03-26 11:54:41,381:hal4000:INFO:message:
2026-03-26 11:54:41,381:hal4000:INFO:  handled by,64,scmos_cal,configuration
2026-03-26 11:54:41,382:hal4000:INFO:message:
2026-03-26 11:54:41,382:hal4000:INFO:  handled by,64,settings,configuration
2026-03-26 11:54:41,382:hal4000:INFO:message:
2026-03-26 11:54:41,382:hal4000:INFO:  handled by,64,spotcounter,configuration
2026-03-26 11:54:41,382:hal4000:INFO:message:
2026-03-26 11:54:41,382:hal4000:INFO:  handled by,64,stage,configuration
2026-03-26 11:54:41,383:hal4000:INFO:message:
2026-03-26 11:54:41,383:hal4000:INFO:  handled by,64,tcp_control,configuration
2026-03-26 11:54:41,383:hal4000:INFO:message:
2026-03-26 11:54:41,383:hal4000:INFO:  handled by,64,timing,configuration
2026-03-26 11:54:41,383:hal4000:INFO:message:
2026-03-26 11:54:41,383:hal4000:INFO:  handled by,64,uc480_camera,configuration
2026-03-26 11:54:41,383:hal4000:INFO:message:
2026-03-26 11:54:41,384:hal4000:INFO:  handled by,64,z_stage,configuration
2026-03-26 11:54:41,681:hal4000:INFO:message:
2026-03-26 11:54:41,681:hal4000:INFO:  handled by,61,camera1,start camera
2026-03-26 11:54:41,681:hal4000:INFO:message:
2026-03-26 11:54:41,681:hal4000:INFO:  processed,61,film,start camera
2026-03-26 11:54:41,681:hal4000:INFO:message:
2026-03-26 11:54:41,682:hal4000:INFO:  worker done,61,film,start camera
2026-03-26 11:54:41,682:hal4000:INFO:message:
2026-03-26 11:54:41,682:hal4000:INFO:  handled by,62,camera1,new shutters file
2026-03-26 11:54:41,682:hal4000:INFO:message:
2026-03-26 11:54:41,682:hal4000:INFO:  processed,62,illumination,new shutters file
2026-03-26 11:54:41,683:hal4000:INFO:message:
2026-03-26 11:54:41,683:hal4000:INFO:  handled by,63,camera1,get functionality
2026-03-26 11:54:41,683:hal4000:INFO:message:
2026-03-26 11:54:41,683:hal4000:INFO:  processed,63,spotcounter,get functionality
2026-03-26 11:54:41,684:hal4000:INFO:message:
2026-03-26 11:54:41,684:hal4000:INFO:  handled by,64,camera1,configuration
2026-03-26 11:54:41,684:hal4000:INFO:message:
2026-03-26 11:54:41,685:hal4000:INFO:  processed,64,illumination,configuration
