2026-03-26 11:59:39,093:hal4000:INFO:  handled by,58,scmos_cal,get functionality
2026-03-26 11:59:39,094:hal4000:INFO:message:
2026-03-26 11:59:39,095:hal4000:INFO:  handled by,58,settings,get functionality
2026-03-26 11:59:39,095:hal4000:INFO:message:
2026-03-26 11:59:39,095:hal4000:INFO:  handled by,58,spotcounter,get functionality
2026-03-26 11:59:39,095:hal4000:INFO:message:
2026-03-26 11:59:39,095:hal4000:INFO:  handled by,58,stage,get functionality
2026-03-26 11:59:39,095:hal4000:INFO:message:
2026-03-26 11:59:39,096:hal4000:INFO:  handled by,58,tcp_control,get functionality
2026-03-26 11:59:39,096:hal4000:INFO:message:
2026-03-26 11:59:39,096:hal4000:INFO:  handled by,58,timing,get functionality
2026-03-26 11:59:39,096:hal4000:INFO:message:
2026-03-26 11:59:39,096:hal4000:INFO:  handled by,58,uc480_camera,get functionality
2026-03-26 11:59:39,097:hal4000:INFO:message:
2026-03-26 11:59:39,097:hal4000:INFO:  handled by,58,z_stage,get functionality
2026-03-26 11:59:39,097:hal4000:INFO:message:
2026-03-26 11:59:39,097:hal4000:INFO:  processed,58,display,get functionality
2026-03-26 11:59:39,100:hal4000:INFO:message:
2026-03-26 11:59:39,100:hal4000:INFO:  sent,59,film,start camera
2026-03-26 11:59:39,102:hal4000:INFO:message:
2026-03-26 11:59:39,102:hal4000:INFO:  handled by,59,hal,start camera
2026-03-26 11:59:39,102:hal4000:INFO:message:
2026-03-26 11:59:39,102:hal4000:INFO:  handled by,59,aotf,start camera
2026-03-26 11:59:39,102:hal4000:INFO:message:
2026-03-26 11:59:39,103:hal4000:INFO:  handled by,59,camera1,start camera
2026-03-26 11:59:39,103:hal4000:INFO:message:
2026-03-26 11:59:39,103:hal4000:INFO:  handled by,59,clemex_stage,start camera
2026-03-26 11:59:39,103:hal4000:INFO:message:
2026-03-26 11:59:39,103:hal4000:INFO:  handled by,59,coherentGenesis488,start camera
2026-03-26 11:59:39,103:hal4000:INFO:message:
2026-03-26 11:59:39,104:hal4000:INFO:  handled by,59,coherentGenesis560,start camera
2026-03-26 11:59:39,104:hal4000:INFO:message:
2026-03-26 11:59:39,104:hal4000:INFO:  handled by,59,display,start camera
2026-03-26 11:59:39,104:hal4000:INFO:message:
2026-03-26 11:59:39,104:hal4000:INFO:  handled by,59,feeds,start camera
2026-03-26 11:59:39,104:hal4000:INFO:message:
2026-03-26 11:59:39,105:hal4000:INFO:  handled by,59,film,start camera
2026-03-26 11:59:39,105:hal4000:INFO:message:
2026-03-26 11:59:39,105:hal4000:INFO:  handled by,59,focuslock,start camera
2026-03-26 11:59:39,105:hal4000:INFO:message:
2026-03-26 11:59:39,105:hal4000:INFO:  handled by,59,illumination,start camera
2026-03-26 11:59:39,105:hal4000:INFO:message:
2026-03-26 11:59:39,105:hal4000:INFO:  handled by,59,mosaic,start camera
2026-03-26 11:59:39,106:hal4000:INFO:message:
2026-03-26 11:59:39,106:hal4000:INFO:  handled by,59,mpb642,start camera
2026-03-26 11:59:39,106:hal4000:INFO:message:
2026-03-26 11:59:39,106:hal4000:INFO:  handled by,59,none_irlaser,start camera
2026-03-26 11:59:39,106:hal4000:INFO:message:
2026-03-26 11:59:39,106:hal4000:INFO:  handled by,59,pi_controller,start camera
2026-03-26 11:59:39,107:hal4000:INFO:message:
2026-03-26 11:59:39,107:hal4000:INFO:  handled by,59,progressions,start camera
2026-03-26 11:59:39,107:hal4000:INFO:message:
2026-03-26 11:59:39,107:hal4000:INFO:  handled by,59,scmos_cal,start camera
2026-03-26 11:59:39,107:hal4000:INFO:message:
2026-03-26 11:59:39,107:hal4000:INFO:  handled by,59,settings,start camera
2026-03-26 11:59:39,108:hal4000:INFO:message:
2026-03-26 11:59:39,108:hal4000:INFO:  handled by,59,spotcounter,start camera
2026-03-26 11:59:39,108:hal4000:INFO:message:
2026-03-26 11:59:39,108:hal4000:INFO:  handled by,59,stage,start camera
2026-03-26 11:59:39,108:hal4000:INFO:message:
2026-03-26 11:59:39,108:hal4000:INFO:  handled by,59,tcp_control,start camera
2026-03-26 11:59:39,109:hal4000:INFO:message:
2026-03-26 11:59:39,109:hal4000:INFO:  handled by,59,timing,start camera
2026-03-26 11:59:39,109:hal4000:INFO:message:
2026-03-26 11:59:39,109:hal4000:INFO:  handled by,59,uc480_camera,start camera
2026-03-26 11:59:39,109:hal4000:INFO:message:
2026-03-26 11:59:39,109:hal4000:INFO:  handled by,59,z_stage,start camera
2026-03-26 11:59:39,110:hal4000:INFO:message:
2026-03-26 11:59:39,110:hal4000:INFO:  processed,59,film,start camera
2026-03-26 11:59:39,111:hal4000:INFO:message:
2026-03-26 11:59:39,111:hal4000:INFO:  sent,61,film,start camera
2026-03-26 11:59:39,111:hal4000:INFO:message:
2026-03-26 11:59:39,111:hal4000:INFO:  handled by,61,hal,start camera
2026-03-26 11:59:39,111:hal4000:INFO:message:
2026-03-26 11:59:39,112:hal4000:INFO:  handled by,61,aotf,start camera
2026-03-26 11:59:39,112:hal4000:INFO:message:
2026-03-26 11:59:39,112:hal4000:INFO:  handled by,61,camera1,start camera
2026-03-26 11:59:39,112:hal4000:INFO:message:
2026-03-26 11:59:39,112:hal4000:INFO:  handled by,61,clemex_stage,start camera
2026-03-26 11:59:39,113:hal4000:INFO:message:
2026-03-26 11:59:39,113:hal4000:INFO:  handled by,61,coherentGenesis488,start camera
2026-03-26 11:59:39,113:hal4000:INFO:message:
2026-03-26 11:59:39,113:hal4000:INFO:  handled by,61,coherentGenesis560,start camera
2026-03-26 11:59:39,114:hal4000:INFO:message:
2026-03-26 11:59:39,117:hal4000:INFO:  handled by,61,display,start camera
2026-03-26 11:59:39,117:hal4000:INFO:message:
2026-03-26 11:59:39,117:hal4000:INFO:  handled by,61,feeds,start camera
2026-03-26 11:59:39,117:hal4000:INFO:message:
2026-03-26 11:59:39,118:hal4000:INFO:  handled by,61,film,start camera
2026-03-26 11:59:39,118:hal4000:INFO:message:
2026-03-26 11:59:39,118:hal4000:INFO:  handled by,61,focuslock,start camera
2026-03-26 11:59:39,118:hal4000:INFO:message:
2026-03-26 11:59:39,118:hal4000:INFO:  handled by,61,illumination,start camera
2026-03-26 11:59:39,118:hal4000:INFO:message:
2026-03-26 11:59:39,119:hal4000:INFO:  handled by,61,mosaic,start camera
2026-03-26 11:59:39,119:hal4000:INFO:message:
2026-03-26 11:59:39,119:hal4000:INFO:  handled by,61,mpb642,start camera
2026-03-26 11:59:39,119:hal4000:INFO:message:
2026-03-26 11:59:39,119:hal4000:INFO:  handled by,61,none_irlaser,start camera
2026-03-26 11:59:39,119:hal4000:INFO:message:
2026-03-26 11:59:39,120:hal4000:INFO:  handled by,61,pi_controller,start camera
2026-03-26 11:59:39,120:hal4000:INFO:message:
2026-03-26 11:59:39,120:hal4000:INFO:  handled by,61,progressions,start camera
2026-03-26 11:59:39,120:hal4000:INFO:message:
2026-03-26 11:59:39,120:hal4000:INFO:  handled by,61,scmos_cal,start camera
2026-03-26 11:59:39,120:hal4000:INFO:message:
2026-03-26 11:59:39,121:hal4000:INFO:  handled by,61,settings,start camera
2026-03-26 11:59:39,121:hal4000:INFO:message:
2026-03-26 11:59:39,121:hal4000:INFO:  handled by,61,spotcounter,start camera
2026-03-26 11:59:39,122:hal4000:INFO:message:
2026-03-26 11:59:39,122:hal4000:INFO:  handled by,61,stage,start camera
2026-03-26 11:59:39,122:hal4000:INFO:message:
2026-03-26 11:59:39,122:hal4000:INFO:  handled by,61,tcp_control,start camera
2026-03-26 11:59:39,122:hal4000:INFO:message:
2026-03-26 11:59:39,122:hal4000:INFO:  handled by,61,timing,start camera
2026-03-26 11:59:39,123:hal4000:INFO:message:
2026-03-26 11:59:39,123:hal4000:INFO:  handled by,61,uc480_camera,start camera
2026-03-26 11:59:39,123:hal4000:INFO:message:
2026-03-26 11:59:39,123:hal4000:INFO:  handled by,61,z_stage,start camera
2026-03-26 11:59:39,123:hal4000:INFO:message:
2026-03-26 11:59:39,124:hal4000:INFO:  sent,62,illumination,new shutters file
2026-03-26 11:59:39,124:hal4000:INFO:message:
2026-03-26 11:59:39,124:hal4000:INFO:  worker started 60000,61,film,start camera
2026-03-26 11:59:39,131:hal4000:INFO:message:
2026-03-26 11:59:39,131:hal4000:INFO:  handled by,62,hal,new shutters file
2026-03-26 11:59:39,131:hal4000:INFO:message:
2026-03-26 11:59:39,132:hal4000:INFO:  handled by,62,aotf,new shutters file
2026-03-26 11:59:39,132:hal4000:INFO:message:
2026-03-26 11:59:39,132:hal4000:INFO:  handled by,62,clemex_stage,new shutters file
2026-03-26 11:59:39,132:hal4000:INFO:message:
2026-03-26 11:59:39,132:hal4000:INFO:  handled by,62,coherentGenesis488,new shutters file
2026-03-26 11:59:39,132:hal4000:INFO:message:
2026-03-26 11:59:39,133:hal4000:INFO:  handled by,62,coherentGenesis560,new shutters file
2026-03-26 11:59:39,133:hal4000:INFO:message:
2026-03-26 11:59:39,133:hal4000:INFO:  handled by,62,display,new shutters file
2026-03-26 11:59:39,133:hal4000:INFO:message:
2026-03-26 11:59:39,133:hal4000:INFO:  handled by,62,feeds,new shutters file
2026-03-26 11:59:39,134:hal4000:INFO:message:
2026-03-26 11:59:39,134:hal4000:INFO:  handled by,62,film,new shutters file
2026-03-26 11:59:39,134:hal4000:INFO:message:
2026-03-26 11:59:39,134:hal4000:INFO:  handled by,62,focuslock,new shutters file
2026-03-26 11:59:39,135:hal4000:INFO:message:
2026-03-26 11:59:39,135:hal4000:INFO:  queued,64,illumination,configuration
2026-03-26 11:59:39,135:hal4000:INFO:message:
2026-03-26 11:59:39,135:hal4000:INFO:  handled by,62,illumination,new shutters file
2026-03-26 11:59:39,135:hal4000:INFO:message:
2026-03-26 11:59:39,136:hal4000:INFO:  handled by,62,mosaic,new shutters file
2026-03-26 11:59:39,136:hal4000:INFO:message:
2026-03-26 11:59:39,136:hal4000:INFO:  handled by,62,mpb642,new shutters file
2026-03-26 11:59:39,136:hal4000:INFO:message:
2026-03-26 11:59:39,136:hal4000:INFO:  handled by,62,none_irlaser,new shutters file
2026-03-26 11:59:39,136:hal4000:INFO:message:
2026-03-26 11:59:39,136:hal4000:INFO:  handled by,62,pi_controller,new shutters file
2026-03-26 11:59:39,137:hal4000:INFO:message:
2026-03-26 11:59:39,137:hal4000:INFO:  handled by,62,progressions,new shutters file
2026-03-26 11:59:39,137:hal4000:INFO:message:
2026-03-26 11:59:39,137:hal4000:INFO:  handled by,62,scmos_cal,new shutters file
2026-03-26 11:59:39,137:hal4000:INFO:message:
2026-03-26 11:59:39,137:hal4000:INFO:  handled by,62,settings,new shutters file
2026-03-26 11:59:39,138:hal4000:INFO:message:
2026-03-26 11:59:39,138:hal4000:INFO:  handled by,62,spotcounter,new shutters file
2026-03-26 11:59:39,138:hal4000:INFO:message:
2026-03-26 11:59:39,138:hal4000:INFO:  handled by,62,stage,new shutters file
2026-03-26 11:59:39,138:hal4000:INFO:message:
2026-03-26 11:59:39,138:hal4000:INFO:  handled by,62,tcp_control,new shutters file
2026-03-26 11:59:39,139:hal4000:INFO:message:
2026-03-26 11:59:39,139:hal4000:INFO:  handled by,62,timing,new shutters file
2026-03-26 11:59:39,139:hal4000:INFO:message:
2026-03-26 11:59:39,139:hal4000:INFO:  handled by,62,uc480_camera,new shutters file
2026-03-26 11:59:39,139:hal4000:INFO:message:
2026-03-26 11:59:39,139:hal4000:INFO:  handled by,62,z_stage,new shutters file
2026-03-26 11:59:39,140:hal4000:INFO:message:
2026-03-26 11:59:39,140:hal4000:INFO:  sent,63,spotcounter,get functionality
2026-03-26 11:59:39,140:hal4000:INFO:message:
2026-03-26 11:59:39,141:hal4000:INFO:  handled by,63,hal,get functionality
2026-03-26 11:59:39,141:hal4000:INFO:message:
2026-03-26 11:59:39,141:hal4000:INFO:  handled by,63,aotf,get functionality
2026-03-26 11:59:39,141:hal4000:INFO:message:
2026-03-26 11:59:39,141:hal4000:INFO:  handled by,63,clemex_stage,get functionality
2026-03-26 11:59:39,141:hal4000:INFO:message:
2026-03-26 11:59:39,141:hal4000:INFO:  handled by,63,coherentGenesis488,get functionality
2026-03-26 11:59:39,142:hal4000:INFO:message:
2026-03-26 11:59:39,142:hal4000:INFO:  handled by,63,coherentGenesis560,get functionality
2026-03-26 11:59:39,142:hal4000:INFO:message:
2026-03-26 11:59:39,142:hal4000:INFO:  handled by,63,display,get functionality
2026-03-26 11:59:39,142:hal4000:INFO:message:
2026-03-26 11:59:39,142:hal4000:INFO:  handled by,63,feeds,get functionality
2026-03-26 11:59:39,143:hal4000:INFO:message:
2026-03-26 11:59:39,143:hal4000:INFO:  handled by,63,film,get functionality
2026-03-26 11:59:39,143:hal4000:INFO:message:
2026-03-26 11:59:39,143:hal4000:INFO:  handled by,63,focuslock,get functionality
2026-03-26 11:59:39,143:hal4000:INFO:message:
2026-03-26 11:59:39,143:hal4000:INFO:  handled by,63,illumination,get functionality
2026-03-26 11:59:39,144:hal4000:INFO:message:
2026-03-26 11:59:39,144:hal4000:INFO:  handled by,63,mosaic,get functionality
2026-03-26 11:59:39,144:hal4000:INFO:message:
2026-03-26 11:59:39,144:hal4000:INFO:  handled by,63,mpb642,get functionality
2026-03-26 11:59:39,144:hal4000:INFO:message:
2026-03-26 11:59:39,144:hal4000:INFO:  handled by,63,none_irlaser,get functionality
2026-03-26 11:59:39,144:hal4000:INFO:message:
2026-03-26 11:59:39,145:hal4000:INFO:  handled by,63,pi_controller,get functionality
2026-03-26 11:59:39,145:hal4000:INFO:message:
2026-03-26 11:59:39,145:hal4000:INFO:  handled by,63,progressions,get functionality
2026-03-26 11:59:39,145:hal4000:INFO:message:
2026-03-26 11:59:39,145:hal4000:INFO:  handled by,63,scmos_cal,get functionality
2026-03-26 11:59:39,145:hal4000:INFO:message:
2026-03-26 11:59:39,146:hal4000:INFO:  handled by,63,settings,get functionality
2026-03-26 11:59:39,146:hal4000:INFO:message:
2026-03-26 11:59:39,146:hal4000:INFO:  handled by,63,spotcounter,get functionality
2026-03-26 11:59:39,146:hal4000:INFO:message:
2026-03-26 11:59:39,146:hal4000:INFO:  handled by,63,stage,get functionality
2026-03-26 11:59:39,146:hal4000:INFO:message:
2026-03-26 11:59:39,146:hal4000:INFO:  handled by,63,tcp_control,get functionality
2026-03-26 11:59:39,147:hal4000:INFO:message:
2026-03-26 11:59:39,147:hal4000:INFO:  handled by,63,timing,get functionality
2026-03-26 11:59:39,147:hal4000:INFO:message:
2026-03-26 11:59:39,147:hal4000:INFO:  handled by,63,uc480_camera,get functionality
2026-03-26 11:59:39,147:hal4000:INFO:message:
2026-03-26 11:59:39,147:hal4000:INFO:  handled by,63,z_stage,get functionality
2026-03-26 11:59:39,148:hal4000:INFO:message:
2026-03-26 11:59:39,148:hal4000:INFO:  sent,64,illumination,configuration
2026-03-26 11:59:39,150:hal4000:INFO:message:
2026-03-26 11:59:39,150:hal4000:INFO:  handled by,64,hal,configuration
2026-03-26 11:59:39,150:hal4000:INFO:message:
2026-03-26 11:59:39,150:hal4000:INFO:  handled by,64,aotf,configuration
2026-03-26 11:59:39,151:hal4000:INFO:message:
2026-03-26 11:59:39,151:hal4000:INFO:  handled by,64,clemex_stage,configuration
2026-03-26 11:59:39,151:hal4000:INFO:message:
2026-03-26 11:59:39,151:hal4000:INFO:  handled by,64,coherentGenesis488,configuration
2026-03-26 11:59:39,151:hal4000:INFO:message:
2026-03-26 11:59:39,151:hal4000:INFO:  handled by,64,coherentGenesis560,configuration
2026-03-26 11:59:39,152:hal4000:INFO:message:
2026-03-26 11:59:39,152:hal4000:INFO:  handled by,64,display,configuration
2026-03-26 11:59:39,152:hal4000:INFO:message:
2026-03-26 11:59:39,152:hal4000:INFO:  handled by,64,feeds,configuration
2026-03-26 11:59:39,152:hal4000:INFO:message:
2026-03-26 11:59:39,152:hal4000:INFO:  handled by,64,film,configuration
2026-03-26 11:59:39,153:hal4000:INFO:message:
2026-03-26 11:59:39,153:hal4000:INFO:  handled by,64,focuslock,configuration
2026-03-26 11:59:39,153:hal4000:INFO:message:
2026-03-26 11:59:39,153:hal4000:INFO:  handled by,64,illumination,configuration
2026-03-26 11:59:39,153:hal4000:INFO:message:
2026-03-26 11:59:39,153:hal4000:INFO:  handled by,64,mosaic,configuration
2026-03-26 11:59:39,154:hal4000:INFO:message:
2026-03-26 11:59:39,154:hal4000:INFO:  handled by,64,mpb642,configuration
2026-03-26 11:59:39,154:hal4000:INFO:message:
2026-03-26 11:59:39,154:hal4000:INFO:  handled by,64,none_irlaser,configuration
2026-03-26 11:59:39,154:hal4000:INFO:message:
2026-03-26 11:59:39,154:hal4000:INFO:  handled by,64,pi_controller,configuration
2026-03-26 11:59:39,155:hal4000:INFO:message:
2026-03-26 11:59:39,155:hal4000:INFO:  handled by,64,progressions,configuration
2026-03-26 11:59:39,155:hal4000:INFO:message:
2026-03-26 11:59:39,155:hal4000:INFO:  handled by,64,scmos_cal,configuration
2026-03-26 11:59:39,155:hal4000:INFO:message:
2026-03-26 11:59:39,155:hal4000:INFO:  handled by,64,settings,configuration
2026-03-26 11:59:39,156:hal4000:INFO:message:
2026-03-26 11:59:39,156:hal4000:INFO:  handled by,64,spotcounter,configuration
2026-03-26 11:59:39,156:hal4000:INFO:message:
2026-03-26 11:59:39,156:hal4000:INFO:  handled by,64,stage,configuration
2026-03-26 11:59:39,156:hal4000:INFO:message:
2026-03-26 11:59:39,156:hal4000:INFO:  handled by,64,tcp_control,configuration
2026-03-26 11:59:39,157:hal4000:INFO:message:
2026-03-26 11:59:39,157:hal4000:INFO:  handled by,64,timing,configuration
2026-03-26 11:59:39,157:hal4000:INFO:message:
2026-03-26 11:59:39,157:hal4000:INFO:  handled by,64,uc480_camera,configuration
2026-03-26 11:59:39,157:hal4000:INFO:message:
2026-03-26 11:59:39,157:hal4000:INFO:  handled by,64,z_stage,configuration
2026-03-26 11:59:39,456:hal4000:INFO:message:
2026-03-26 11:59:39,456:hal4000:INFO:  handled by,61,camera1,start camera
2026-03-26 11:59:39,456:hal4000:INFO:message:
2026-03-26 11:59:39,456:hal4000:INFO:  processed,61,film,start camera
2026-03-26 11:59:39,456:hal4000:INFO:message:
2026-03-26 11:59:39,457:hal4000:INFO:  worker done,61,film,start camera
2026-03-26 11:59:39,457:hal4000:INFO:message:
2026-03-26 11:59:39,457:hal4000:INFO:  handled by,62,camera1,new shutters file
2026-03-26 11:59:39,457:hal4000:INFO:message:
2026-03-26 11:59:39,457:hal4000:INFO:  processed,62,illumination,new shutters file
2026-03-26 11:59:39,458:hal4000:INFO:message:
2026-03-26 11:59:39,458:hal4000:INFO:  handled by,63,camera1,get functionality
2026-03-26 11:59:39,458:hal4000:INFO:message:
2026-03-26 11:59:39,458:hal4000:INFO:  processed,63,spotcounter,get functionality
2026-03-26 11:59:39,459:hal4000:INFO:message:
2026-03-26 11:59:39,459:hal4000:INFO:  handled by,64,camera1,configuration
2026-03-26 11:59:39,459:hal4000:INFO:message:
2026-03-26 11:59:39,460:hal4000:INFO:  processed,64,illumination,configuration
2026-03-26 12:01:24,871:hal4000:INFO:message:
2026-03-26 12:01:24,871:hal4000:INFO:  queued,65,hal,close event
2026-03-26 12:01:25,329:hal4000:INFO:message:
2026-03-26 12:01:25,329:hal4000:INFO:  uc480: Call failed with error 1 is_CopyImageMem
