2026-03-26 17:17:27,058:hal4000:INFO:  processed,3,core,start
2026-03-26 17:17:27,134:hal4000:INFO:message:
2026-03-26 17:17:27,134:hal4000:INFO:  sent,58,hal,change directory
2026-03-26 17:17:27,166:hal4000:INFO:message:
2026-03-26 17:17:27,166:hal4000:INFO:  handled by,58,hal,change directory
2026-03-26 17:17:27,167:hal4000:INFO:message:
2026-03-26 17:17:27,167:hal4000:INFO:  handled by,58,aotf,change directory
2026-03-26 17:17:27,167:hal4000:INFO:message:
2026-03-26 17:17:27,167:hal4000:INFO:  handled by,58,camera1,change directory
2026-03-26 17:17:27,167:hal4000:INFO:message:
2026-03-26 17:17:27,167:hal4000:INFO:  handled by,58,clemex_stage,change directory
2026-03-26 17:17:27,168:hal4000:INFO:message:
2026-03-26 17:17:27,168:hal4000:INFO:  handled by,58,coherentGenesis488,change directory
2026-03-26 17:17:27,168:hal4000:INFO:message:
2026-03-26 17:17:27,168:hal4000:INFO:  handled by,58,coherentGenesis560,change directory
2026-03-26 17:17:27,168:hal4000:INFO:message:
2026-03-26 17:17:27,169:hal4000:INFO:  handled by,58,display,change directory
2026-03-26 17:17:27,169:hal4000:INFO:message:
2026-03-26 17:17:27,169:hal4000:INFO:  handled by,58,feeds,change directory
2026-03-26 17:17:27,169:hal4000:INFO:message:
2026-03-26 17:17:27,170:hal4000:INFO:  handled by,58,film,change directory
2026-03-26 17:17:27,170:hal4000:INFO:message:
2026-03-26 17:17:27,170:hal4000:INFO:  handled by,58,focuslock,change directory
2026-03-26 17:17:27,170:hal4000:INFO:message:
2026-03-26 17:17:27,170:hal4000:INFO:  handled by,58,illumination,change directory
2026-03-26 17:17:27,170:hal4000:INFO:message:
2026-03-26 17:17:27,170:hal4000:INFO:  handled by,58,mosaic,change directory
2026-03-26 17:17:27,171:hal4000:INFO:message:
2026-03-26 17:17:27,171:hal4000:INFO:  handled by,58,mpb642,change directory
2026-03-26 17:17:27,171:hal4000:INFO:message:
2026-03-26 17:17:27,171:hal4000:INFO:  handled by,58,none_irlaser,change directory
2026-03-26 17:17:27,171:hal4000:INFO:message:
2026-03-26 17:17:27,171:hal4000:INFO:  handled by,58,obis405,change directory
2026-03-26 17:17:27,172:hal4000:INFO:message:
2026-03-26 17:17:27,172:hal4000:INFO:  handled by,58,pi_controller,change directory
2026-03-26 17:17:27,172:hal4000:INFO:message:
2026-03-26 17:17:27,172:hal4000:INFO:  handled by,58,progressions,change directory
2026-03-26 17:17:27,172:hal4000:INFO:message:
2026-03-26 17:17:27,173:hal4000:INFO:  handled by,58,scmos_cal,change directory
2026-03-26 17:17:27,173:hal4000:INFO:message:
2026-03-26 17:17:27,173:hal4000:INFO:  handled by,58,settings,change directory
2026-03-26 17:17:27,173:hal4000:INFO:message:
2026-03-26 17:17:27,173:hal4000:INFO:  handled by,58,spotcounter,change directory
2026-03-26 17:17:27,173:hal4000:INFO:message:
2026-03-26 17:17:27,173:hal4000:INFO:  handled by,58,stage,change directory
2026-03-26 17:17:27,174:hal4000:INFO:message:
2026-03-26 17:17:27,174:hal4000:INFO:  handled by,58,tcp_control,change directory
2026-03-26 17:17:27,174:hal4000:INFO:message:
2026-03-26 17:17:27,174:hal4000:INFO:  handled by,58,timing,change directory
2026-03-26 17:17:27,174:hal4000:INFO:message:
2026-03-26 17:17:27,174:hal4000:INFO:  handled by,58,uc480_camera,change directory
2026-03-26 17:17:27,175:hal4000:INFO:message:
2026-03-26 17:17:27,175:hal4000:INFO:  handled by,58,z_stage,change directory
2026-03-26 17:17:27,175:hal4000:INFO:message:
2026-03-26 17:17:27,175:hal4000:INFO:  processed,58,hal,change directory
2026-03-26 17:17:27,175:hal4000:INFO:message:
2026-03-26 17:17:27,175:hal4000:INFO:  sent,59,display,get functionality
2026-03-26 17:17:27,177:hal4000:INFO:message:
2026-03-26 17:17:27,177:hal4000:INFO:  handled by,59,hal,get functionality
2026-03-26 17:17:27,177:hal4000:INFO:message:
2026-03-26 17:17:27,178:hal4000:INFO:  handled by,59,aotf,get functionality
2026-03-26 17:17:27,178:hal4000:INFO:message:
2026-03-26 17:17:27,178:hal4000:INFO:  handled by,59,camera1,get functionality
2026-03-26 17:17:27,178:hal4000:INFO:message:
2026-03-26 17:17:27,178:hal4000:INFO:  handled by,59,clemex_stage,get functionality
2026-03-26 17:17:27,179:hal4000:INFO:message:
2026-03-26 17:17:27,179:hal4000:INFO:  handled by,59,coherentGenesis488,get functionality
2026-03-26 17:17:27,179:hal4000:INFO:message:
2026-03-26 17:17:27,179:hal4000:INFO:  handled by,59,coherentGenesis560,get functionality
2026-03-26 17:17:27,179:hal4000:INFO:message:
2026-03-26 17:17:27,179:hal4000:INFO:  handled by,59,display,get functionality
2026-03-26 17:17:27,180:hal4000:INFO:message:
2026-03-26 17:17:27,180:hal4000:INFO:  handled by,59,feeds,get functionality
2026-03-26 17:17:27,180:hal4000:INFO:message:
2026-03-26 17:17:27,180:hal4000:INFO:  handled by,59,film,get functionality
2026-03-26 17:17:27,180:hal4000:INFO:message:
2026-03-26 17:17:27,180:hal4000:INFO:  handled by,59,focuslock,get functionality
2026-03-26 17:17:27,181:hal4000:INFO:message:
2026-03-26 17:17:27,181:hal4000:INFO:  handled by,59,illumination,get functionality
2026-03-26 17:17:27,181:hal4000:INFO:message:
2026-03-26 17:17:27,181:hal4000:INFO:  handled by,59,mosaic,get functionality
2026-03-26 17:17:27,181:hal4000:INFO:message:
2026-03-26 17:17:27,181:hal4000:INFO:  handled by,59,mpb642,get functionality
2026-03-26 17:17:27,182:hal4000:INFO:message:
2026-03-26 17:17:27,182:hal4000:INFO:  handled by,59,none_irlaser,get functionality
2026-03-26 17:17:27,182:hal4000:INFO:message:
2026-03-26 17:17:27,182:hal4000:INFO:  handled by,59,obis405,get functionality
2026-03-26 17:17:27,183:hal4000:INFO:message:
2026-03-26 17:17:27,183:hal4000:INFO:  handled by,59,pi_controller,get functionality
2026-03-26 17:17:27,183:hal4000:INFO:message:
2026-03-26 17:17:27,183:hal4000:INFO:  handled by,59,progressions,get functionality
2026-03-26 17:17:27,183:hal4000:INFO:message:
2026-03-26 17:17:27,183:hal4000:INFO:  handled by,59,scmos_cal,get functionality
2026-03-26 17:17:27,184:hal4000:INFO:message:
2026-03-26 17:17:27,184:hal4000:INFO:  handled by,59,settings,get functionality
2026-03-26 17:17:27,184:hal4000:INFO:message:
2026-03-26 17:17:27,184:hal4000:INFO:  handled by,59,spotcounter,get functionality
2026-03-26 17:17:27,184:hal4000:INFO:message:
2026-03-26 17:17:27,184:hal4000:INFO:  handled by,59,stage,get functionality
2026-03-26 17:17:27,185:hal4000:INFO:message:
2026-03-26 17:17:27,185:hal4000:INFO:  handled by,59,tcp_control,get functionality
2026-03-26 17:17:27,185:hal4000:INFO:message:
2026-03-26 17:17:27,185:hal4000:INFO:  handled by,59,timing,get functionality
2026-03-26 17:17:27,186:hal4000:INFO:message:
2026-03-26 17:17:27,186:hal4000:INFO:  handled by,59,uc480_camera,get functionality
2026-03-26 17:17:27,186:hal4000:INFO:message:
2026-03-26 17:17:27,186:hal4000:INFO:  handled by,59,z_stage,get functionality
2026-03-26 17:17:27,187:hal4000:INFO:message:
2026-03-26 17:17:27,187:hal4000:INFO:  processed,59,display,get functionality
2026-03-26 17:17:27,190:hal4000:INFO:message:
2026-03-26 17:17:27,190:hal4000:INFO:  sent,60,film,start camera
2026-03-26 17:17:27,200:hal4000:INFO:message:
2026-03-26 17:17:27,200:hal4000:INFO:  handled by,60,hal,start camera
2026-03-26 17:17:27,200:hal4000:INFO:message:
2026-03-26 17:17:27,201:hal4000:INFO:  handled by,60,aotf,start camera
2026-03-26 17:17:27,201:hal4000:INFO:message:
2026-03-26 17:17:27,201:hal4000:INFO:  handled by,60,camera1,start camera
2026-03-26 17:17:27,201:hal4000:INFO:message:
2026-03-26 17:17:27,201:hal4000:INFO:  handled by,60,clemex_stage,start camera
2026-03-26 17:17:27,202:hal4000:INFO:message:
2026-03-26 17:17:27,202:hal4000:INFO:  handled by,60,coherentGenesis488,start camera
2026-03-26 17:17:27,202:hal4000:INFO:message:
2026-03-26 17:17:27,202:hal4000:INFO:  handled by,60,coherentGenesis560,start camera
2026-03-26 17:17:27,203:hal4000:INFO:message:
2026-03-26 17:17:27,203:hal4000:INFO:  handled by,60,display,start camera
2026-03-26 17:17:27,203:hal4000:INFO:message:
2026-03-26 17:17:27,203:hal4000:INFO:  handled by,60,feeds,start camera
2026-03-26 17:17:27,203:hal4000:INFO:message:
2026-03-26 17:17:27,204:hal4000:INFO:  handled by,60,film,start camera
2026-03-26 17:17:27,204:hal4000:INFO:message:
2026-03-26 17:17:27,204:hal4000:INFO:  handled by,60,focuslock,start camera
2026-03-26 17:17:27,204:hal4000:INFO:message:
2026-03-26 17:17:27,204:hal4000:INFO:  handled by,60,illumination,start camera
2026-03-26 17:17:27,205:hal4000:INFO:message:
2026-03-26 17:17:27,205:hal4000:INFO:  handled by,60,mosaic,start camera
2026-03-26 17:17:27,205:hal4000:INFO:message:
2026-03-26 17:17:27,205:hal4000:INFO:  handled by,60,mpb642,start camera
2026-03-26 17:17:27,206:hal4000:INFO:message:
2026-03-26 17:17:27,206:hal4000:INFO:  handled by,60,none_irlaser,start camera
2026-03-26 17:17:27,206:hal4000:INFO:message:
2026-03-26 17:17:27,206:hal4000:INFO:  handled by,60,obis405,start camera
2026-03-26 17:17:27,206:hal4000:INFO:message:
2026-03-26 17:17:27,207:hal4000:INFO:  handled by,60,pi_controller,start camera
2026-03-26 17:17:27,207:hal4000:INFO:message:
2026-03-26 17:17:27,207:hal4000:INFO:  handled by,60,progressions,start camera
2026-03-26 17:17:27,208:hal4000:INFO:message:
2026-03-26 17:17:27,208:hal4000:INFO:  handled by,60,scmos_cal,start camera
2026-03-26 17:17:27,208:hal4000:INFO:message:
2026-03-26 17:17:27,208:hal4000:INFO:  handled by,60,settings,start camera
2026-03-26 17:17:27,208:hal4000:INFO:message:
2026-03-26 17:17:27,209:hal4000:INFO:  handled by,60,spotcounter,start camera
2026-03-26 17:17:27,209:hal4000:INFO:message:
2026-03-26 17:17:27,209:hal4000:INFO:  handled by,60,stage,start camera
2026-03-26 17:17:27,209:hal4000:INFO:message:
2026-03-26 17:17:27,209:hal4000:INFO:  handled by,60,tcp_control,start camera
2026-03-26 17:17:27,210:hal4000:INFO:message:
2026-03-26 17:17:27,210:hal4000:INFO:  handled by,60,timing,start camera
2026-03-26 17:17:27,210:hal4000:INFO:message:
2026-03-26 17:17:27,210:hal4000:INFO:  handled by,60,uc480_camera,start camera
2026-03-26 17:17:27,210:hal4000:INFO:message:
2026-03-26 17:17:27,211:hal4000:INFO:  handled by,60,z_stage,start camera
2026-03-26 17:17:27,211:hal4000:INFO:message:
2026-03-26 17:17:27,211:hal4000:INFO:  processed,60,film,start camera
2026-03-26 17:17:27,212:hal4000:INFO:message:
2026-03-26 17:17:27,212:hal4000:INFO:  sent,62,film,start camera
2026-03-26 17:17:27,215:hal4000:INFO:message:
2026-03-26 17:17:27,215:hal4000:INFO:  handled by,62,hal,start camera
2026-03-26 17:17:27,215:hal4000:INFO:message:
2026-03-26 17:17:27,216:hal4000:INFO:  handled by,62,aotf,start camera
2026-03-26 17:17:27,216:hal4000:INFO:message:
2026-03-26 17:17:27,216:hal4000:INFO:  handled by,62,camera1,start camera
2026-03-26 17:17:27,217:hal4000:INFO:message:
2026-03-26 17:17:27,217:hal4000:INFO:  handled by,62,clemex_stage,start camera
2026-03-26 17:17:27,217:hal4000:INFO:message:
2026-03-26 17:17:27,217:hal4000:INFO:  handled by,62,coherentGenesis488,start camera
2026-03-26 17:17:27,218:hal4000:INFO:message:
2026-03-26 17:17:27,218:hal4000:INFO:  handled by,62,coherentGenesis560,start camera
2026-03-26 17:17:27,218:hal4000:INFO:message:
2026-03-26 17:17:27,219:hal4000:INFO:  handled by,62,display,start camera
2026-03-26 17:17:27,219:hal4000:INFO:message:
2026-03-26 17:17:27,223:hal4000:INFO:  handled by,62,feeds,start camera
2026-03-26 17:17:27,223:hal4000:INFO:message:
2026-03-26 17:17:27,223:hal4000:INFO:  handled by,62,film,start camera
2026-03-26 17:17:27,223:hal4000:INFO:message:
2026-03-26 17:17:27,224:hal4000:INFO:  handled by,62,focuslock,start camera
2026-03-26 17:17:27,224:hal4000:INFO:message:
2026-03-26 17:17:27,224:hal4000:INFO:  handled by,62,illumination,start camera
2026-03-26 17:17:27,224:hal4000:INFO:message:
2026-03-26 17:17:27,225:hal4000:INFO:  handled by,62,mosaic,start camera
2026-03-26 17:17:27,225:hal4000:INFO:message:
2026-03-26 17:17:27,225:hal4000:INFO:  handled by,62,mpb642,start camera
2026-03-26 17:17:27,225:hal4000:INFO:message:
2026-03-26 17:17:27,225:hal4000:INFO:  handled by,62,none_irlaser,start camera
2026-03-26 17:17:27,226:hal4000:INFO:message:
2026-03-26 17:17:27,226:hal4000:INFO:  handled by,62,obis405,start camera
2026-03-26 17:17:27,226:hal4000:INFO:message:
2026-03-26 17:17:27,226:hal4000:INFO:  handled by,62,pi_controller,start camera
2026-03-26 17:17:27,227:hal4000:INFO:message:
2026-03-26 17:17:27,227:hal4000:INFO:  handled by,62,progressions,start camera
2026-03-26 17:17:27,227:hal4000:INFO:message:
2026-03-26 17:17:27,227:hal4000:INFO:  handled by,62,scmos_cal,start camera
2026-03-26 17:17:27,228:hal4000:INFO:message:
2026-03-26 17:17:27,228:hal4000:INFO:  handled by,62,settings,start camera
2026-03-26 17:17:27,228:hal4000:INFO:message:
2026-03-26 17:17:27,229:hal4000:INFO:  handled by,62,spotcounter,start camera
2026-03-26 17:17:27,229:hal4000:INFO:message:
2026-03-26 17:17:27,229:hal4000:INFO:  handled by,62,stage,start camera
2026-03-26 17:17:27,229:hal4000:INFO:message:
2026-03-26 17:17:27,230:hal4000:INFO:  handled by,62,tcp_control,start camera
2026-03-26 17:17:27,230:hal4000:INFO:message:
2026-03-26 17:17:27,230:hal4000:INFO:  handled by,62,timing,start camera
2026-03-26 17:17:27,230:hal4000:INFO:message:
2026-03-26 17:17:27,231:hal4000:INFO:  handled by,62,uc480_camera,start camera
2026-03-26 17:17:27,231:hal4000:INFO:message:
2026-03-26 17:17:27,231:hal4000:INFO:  handled by,62,z_stage,start camera
2026-03-26 17:17:27,231:hal4000:INFO:message:
2026-03-26 17:17:27,232:hal4000:INFO:  sent,63,illumination,new shutters file
2026-03-26 17:17:27,232:hal4000:INFO:message:
2026-03-26 17:17:27,233:hal4000:INFO:  worker started 60000,62,film,start camera
2026-03-26 17:17:27,233:hal4000:INFO:message:
2026-03-26 17:17:27,233:hal4000:INFO:  handled by,63,hal,new shutters file
2026-03-26 17:17:27,233:hal4000:INFO:message:
2026-03-26 17:17:27,233:hal4000:INFO:  handled by,63,aotf,new shutters file
2026-03-26 17:17:27,234:hal4000:INFO:message:
2026-03-26 17:17:27,234:hal4000:INFO:  handled by,63,clemex_stage,new shutters file
2026-03-26 17:17:27,235:hal4000:INFO:message:
2026-03-26 17:17:27,235:hal4000:INFO:  handled by,63,coherentGenesis488,new shutters file
2026-03-26 17:17:27,235:hal4000:INFO:message:
2026-03-26 17:17:27,235:hal4000:INFO:  handled by,63,coherentGenesis560,new shutters file
2026-03-26 17:17:27,236:hal4000:INFO:message:
2026-03-26 17:17:27,236:hal4000:INFO:  handled by,63,display,new shutters file
2026-03-26 17:17:27,236:hal4000:INFO:message:
2026-03-26 17:17:27,236:hal4000:INFO:  handled by,63,feeds,new shutters file
2026-03-26 17:17:27,236:hal4000:INFO:message:
2026-03-26 17:17:27,237:hal4000:INFO:  handled by,63,film,new shutters file
2026-03-26 17:17:27,237:hal4000:INFO:message:
2026-03-26 17:17:27,237:hal4000:INFO:  handled by,63,focuslock,new shutters file
2026-03-26 17:17:27,238:hal4000:INFO:message:
2026-03-26 17:17:27,238:hal4000:INFO:  queued,65,illumination,configuration
2026-03-26 17:17:27,239:hal4000:INFO:message:
2026-03-26 17:17:27,239:hal4000:INFO:  handled by,63,illumination,new shutters file
2026-03-26 17:17:27,239:hal4000:INFO:message:
2026-03-26 17:17:27,239:hal4000:INFO:  handled by,63,mosaic,new shutters file
2026-03-26 17:17:27,240:hal4000:INFO:message:
2026-03-26 17:17:27,240:hal4000:INFO:  handled by,63,mpb642,new shutters file
2026-03-26 17:17:27,240:hal4000:INFO:message:
2026-03-26 17:17:27,241:hal4000:INFO:  handled by,63,none_irlaser,new shutters file
2026-03-26 17:17:27,241:hal4000:INFO:message:
2026-03-26 17:17:27,241:hal4000:INFO:  handled by,63,obis405,new shutters file
2026-03-26 17:17:27,241:hal4000:INFO:message:
2026-03-26 17:17:27,241:hal4000:INFO:  handled by,63,pi_controller,new shutters file
2026-03-26 17:17:27,242:hal4000:INFO:message:
2026-03-26 17:17:27,242:hal4000:INFO:  handled by,63,progressions,new shutters file
2026-03-26 17:17:27,242:hal4000:INFO:message:
2026-03-26 17:17:27,242:hal4000:INFO:  handled by,63,scmos_cal,new shutters file
2026-03-26 17:17:27,243:hal4000:INFO:message:
2026-03-26 17:17:27,243:hal4000:INFO:  handled by,63,settings,new shutters file
2026-03-26 17:17:27,243:hal4000:INFO:message:
2026-03-26 17:17:27,243:hal4000:INFO:  handled by,63,spotcounter,new shutters file
2026-03-26 17:17:27,244:hal4000:INFO:message:
2026-03-26 17:17:27,244:hal4000:INFO:  handled by,63,stage,new shutters file
2026-03-26 17:17:27,244:hal4000:INFO:message:
2026-03-26 17:17:27,244:hal4000:INFO:  handled by,63,tcp_control,new shutters file
2026-03-26 17:17:27,245:hal4000:INFO:message:
2026-03-26 17:17:27,245:hal4000:INFO:  handled by,63,timing,new shutters file
2026-03-26 17:17:27,245:hal4000:INFO:message:
2026-03-26 17:17:27,245:hal4000:INFO:  handled by,63,uc480_camera,new shutters file
2026-03-26 17:17:27,245:hal4000:INFO:message:
2026-03-26 17:17:27,245:hal4000:INFO:  handled by,63,z_stage,new shutters file
2026-03-26 17:17:27,246:hal4000:INFO:message:
2026-03-26 17:17:27,247:hal4000:INFO:  sent,64,spotcounter,get functionality
2026-03-26 17:17:27,247:hal4000:INFO:message:
2026-03-26 17:17:27,247:hal4000:INFO:  handled by,64,hal,get functionality
2026-03-26 17:17:27,248:hal4000:INFO:message:
2026-03-26 17:17:27,248:hal4000:INFO:  handled by,64,aotf,get functionality
2026-03-26 17:17:27,248:hal4000:INFO:message:
2026-03-26 17:17:27,248:hal4000:INFO:  handled by,64,clemex_stage,get functionality
2026-03-26 17:17:27,249:hal4000:INFO:message:
2026-03-26 17:17:27,249:hal4000:INFO:  handled by,64,coherentGenesis488,get functionality
2026-03-26 17:17:27,249:hal4000:INFO:message:
2026-03-26 17:17:27,249:hal4000:INFO:  handled by,64,coherentGenesis560,get functionality
2026-03-26 17:17:27,249:hal4000:INFO:message:
2026-03-26 17:17:27,249:hal4000:INFO:  handled by,64,display,get functionality
2026-03-26 17:17:27,250:hal4000:INFO:message:
2026-03-26 17:17:27,250:hal4000:INFO:  handled by,64,feeds,get functionality
2026-03-26 17:17:27,250:hal4000:INFO:message:
2026-03-26 17:17:27,250:hal4000:INFO:  handled by,64,film,get functionality
2026-03-26 17:17:27,250:hal4000:INFO:message:
2026-03-26 17:17:27,251:hal4000:INFO:  handled by,64,focuslock,get functionality
2026-03-26 17:17:27,251:hal4000:INFO:message:
2026-03-26 17:17:27,251:hal4000:INFO:  handled by,64,illumination,get functionality
2026-03-26 17:17:27,251:hal4000:INFO:message:
2026-03-26 17:17:27,252:hal4000:INFO:  handled by,64,mosaic,get functionality
2026-03-26 17:17:27,252:hal4000:INFO:message:
2026-03-26 17:17:27,252:hal4000:INFO:  handled by,64,mpb642,get functionality
2026-03-26 17:17:27,252:hal4000:INFO:message:
2026-03-26 17:17:27,253:hal4000:INFO:  handled by,64,none_irlaser,get functionality
2026-03-26 17:17:27,253:hal4000:INFO:message:
2026-03-26 17:17:27,253:hal4000:INFO:  handled by,64,obis405,get functionality
2026-03-26 17:17:27,253:hal4000:INFO:message:
2026-03-26 17:17:27,253:hal4000:INFO:  handled by,64,pi_controller,get functionality
2026-03-26 17:17:27,254:hal4000:INFO:message:
2026-03-26 17:17:27,254:hal4000:INFO:  handled by,64,progressions,get functionality
2026-03-26 17:17:27,254:hal4000:INFO:message:
2026-03-26 17:17:27,254:hal4000:INFO:  handled by,64,scmos_cal,get functionality
2026-03-26 17:17:27,255:hal4000:INFO:message:
2026-03-26 17:17:27,255:hal4000:INFO:  handled by,64,settings,get functionality
2026-03-26 17:17:27,255:hal4000:INFO:message:
2026-03-26 17:17:27,255:hal4000:INFO:  handled by,64,spotcounter,get functionality
2026-03-26 17:17:27,255:hal4000:INFO:message:
2026-03-26 17:17:27,256:hal4000:INFO:  handled by,64,stage,get functionality
2026-03-26 17:17:27,256:hal4000:INFO:message:
2026-03-26 17:17:27,256:hal4000:INFO:  handled by,64,tcp_control,get functionality
2026-03-26 17:17:27,256:hal4000:INFO:message:
2026-03-26 17:17:27,256:hal4000:INFO:  handled by,64,timing,get functionality
2026-03-26 17:17:27,257:hal4000:INFO:message:
2026-03-26 17:17:27,257:hal4000:INFO:  handled by,64,uc480_camera,get functionality
2026-03-26 17:17:27,258:hal4000:INFO:message:
2026-03-26 17:17:27,258:hal4000:INFO:  handled by,64,z_stage,get functionality
2026-03-26 17:17:27,258:hal4000:INFO:message:
2026-03-26 17:17:27,259:hal4000:INFO:  sent,65,illumination,configuration
2026-03-26 17:17:27,268:hal4000:INFO:message:
2026-03-26 17:17:27,268:hal4000:INFO:  handled by,65,hal,configuration
2026-03-26 17:17:27,268:hal4000:INFO:message:
2026-03-26 17:17:27,269:hal4000:INFO:  handled by,65,aotf,configuration
2026-03-26 17:17:27,269:hal4000:INFO:message:
2026-03-26 17:17:27,269:hal4000:INFO:  handled by,65,clemex_stage,configuration
2026-03-26 17:17:27,270:hal4000:INFO:message:
2026-03-26 17:17:27,270:hal4000:INFO:  handled by,65,coherentGenesis488,configuration
2026-03-26 17:17:27,270:hal4000:INFO:message:
2026-03-26 17:17:27,270:hal4000:INFO:  handled by,65,coherentGenesis560,configuration
2026-03-26 17:17:27,270:hal4000:INFO:message:
2026-03-26 17:17:27,271:hal4000:INFO:  handled by,65,display,configuration
2026-03-26 17:17:27,271:hal4000:INFO:message:
2026-03-26 17:17:27,271:hal4000:INFO:  handled by,65,feeds,configuration
2026-03-26 17:17:27,271:hal4000:INFO:message:
2026-03-26 17:17:27,271:hal4000:INFO:  handled by,65,film,configuration
2026-03-26 17:17:27,271:hal4000:INFO:message:
2026-03-26 17:17:27,272:hal4000:INFO:  handled by,65,focuslock,configuration
2026-03-26 17:17:27,272:hal4000:INFO:message:
2026-03-26 17:17:27,272:hal4000:INFO:  handled by,65,illumination,configuration
2026-03-26 17:17:27,272:hal4000:INFO:message:
2026-03-26 17:17:27,272:hal4000:INFO:  handled by,65,mosaic,configuration
2026-03-26 17:17:27,273:hal4000:INFO:message:
2026-03-26 17:17:27,273:hal4000:INFO:  handled by,65,mpb642,configuration
2026-03-26 17:17:27,273:hal4000:INFO:message:
2026-03-26 17:17:27,273:hal4000:INFO:  handled by,65,none_irlaser,configuration
2026-03-26 17:17:27,274:hal4000:INFO:message:
2026-03-26 17:17:27,274:hal4000:INFO:  handled by,65,obis405,configuration
2026-03-26 17:17:27,274:hal4000:INFO:message:
2026-03-26 17:17:27,274:hal4000:INFO:  handled by,65,pi_controller,configuration
2026-03-26 17:17:27,275:hal4000:INFO:message:
2026-03-26 17:17:27,275:hal4000:INFO:  handled by,65,progressions,configuration
2026-03-26 17:17:27,275:hal4000:INFO:message:
2026-03-26 17:17:27,275:hal4000:INFO:  handled by,65,scmos_cal,configuration
2026-03-26 17:17:27,275:hal4000:INFO:message:
2026-03-26 17:17:27,275:hal4000:INFO:  handled by,65,settings,configuration
2026-03-26 17:17:27,276:hal4000:INFO:message:
2026-03-26 17:17:27,276:hal4000:INFO:  handled by,65,spotcounter,configuration
2026-03-26 17:17:27,276:hal4000:INFO:message:
2026-03-26 17:17:27,276:hal4000:INFO:  handled by,65,stage,configuration
2026-03-26 17:17:27,277:hal4000:INFO:message:
2026-03-26 17:17:27,277:hal4000:INFO:  handled by,65,tcp_control,configuration
2026-03-26 17:17:27,277:hal4000:INFO:message:
2026-03-26 17:17:27,277:hal4000:INFO:  handled by,65,timing,configuration
2026-03-26 17:17:27,277:hal4000:INFO:message:
2026-03-26 17:17:27,278:hal4000:INFO:  handled by,65,uc480_camera,configuration
2026-03-26 17:17:27,278:hal4000:INFO:message:
2026-03-26 17:17:27,278:hal4000:INFO:  handled by,65,z_stage,configuration
2026-03-26 17:17:27,566:hal4000:INFO:message:
2026-03-26 17:17:27,566:hal4000:INFO:  handled by,62,camera1,start camera
2026-03-26 17:17:27,567:hal4000:INFO:message:
2026-03-26 17:17:27,567:hal4000:INFO:  processed,62,film,start camera
2026-03-26 17:17:27,567:hal4000:INFO:message:
2026-03-26 17:17:27,567:hal4000:INFO:  worker done,62,film,start camera
2026-03-26 17:17:27,568:hal4000:INFO:message:
2026-03-26 17:17:27,569:hal4000:INFO:  handled by,63,camera1,new shutters file
2026-03-26 17:17:27,569:hal4000:INFO:message:
2026-03-26 17:17:27,569:hal4000:INFO:  processed,63,illumination,new shutters file
2026-03-26 17:17:27,569:hal4000:INFO:message:
2026-03-26 17:17:27,569:hal4000:INFO:  handled by,64,camera1,get functionality
2026-03-26 17:17:27,570:hal4000:INFO:message:
2026-03-26 17:17:27,570:hal4000:INFO:  processed,64,spotcounter,get functionality
2026-03-26 17:17:27,571:hal4000:INFO:message:
2026-03-26 17:17:27,571:hal4000:INFO:  handled by,65,camera1,configuration
2026-03-26 17:17:27,572:hal4000:INFO:message:
2026-03-26 17:17:27,572:hal4000:INFO:  processed,65,illumination,configuration
2026-03-26 17:34:05,125:hal4000:INFO:message:
2026-03-26 17:34:05,125:hal4000:INFO:  queued,66,hal,close event
2026-03-26 17:34:05,586:hal4000:INFO:message:
2026-03-26 17:34:05,593:hal4000:INFO:  uc480: Call failed with error 1 is_CopyImageMem
