2026-03-26 18:28:22,298:hal4000:INFO:message:
2026-03-26 18:28:22,300:hal4000:INFO:  handled by,57,scmos_cal,get functionality
2026-03-26 18:28:22,300:hal4000:INFO:message:
2026-03-26 18:28:22,300:hal4000:INFO:  handled by,57,settings,get functionality
2026-03-26 18:28:22,300:hal4000:INFO:message:
2026-03-26 18:28:22,301:hal4000:INFO:  handled by,57,spotcounter,get functionality
2026-03-26 18:28:22,301:hal4000:INFO:message:
2026-03-26 18:28:22,301:hal4000:INFO:  handled by,57,stage,get functionality
2026-03-26 18:28:22,301:hal4000:INFO:message:
2026-03-26 18:28:22,301:hal4000:INFO:  handled by,57,tcp_control,get functionality
2026-03-26 18:28:22,301:hal4000:INFO:message:
2026-03-26 18:28:22,302:hal4000:INFO:  handled by,57,timing,get functionality
2026-03-26 18:28:22,302:hal4000:INFO:message:
2026-03-26 18:28:22,302:hal4000:INFO:  handled by,57,uc480_camera,get functionality
2026-03-26 18:28:22,302:hal4000:INFO:message:
2026-03-26 18:28:22,302:hal4000:INFO:  handled by,57,z_stage,get functionality
2026-03-26 18:28:22,302:hal4000:INFO:message:
2026-03-26 18:28:22,303:hal4000:INFO:  processed,57,scmos_cal,get functionality
2026-03-26 18:28:22,304:hal4000:INFO:message:
2026-03-26 18:28:22,305:hal4000:INFO:  sent,3,core,start
2026-03-26 18:28:22,331:hal4000:INFO:message:
2026-03-26 18:28:22,331:hal4000:INFO:  queued,58,hal,change directory
2026-03-26 18:28:22,332:hal4000:INFO:message:
2026-03-26 18:28:22,332:hal4000:INFO:  handled by,3,hal,start
2026-03-26 18:28:22,332:hal4000:INFO:message:
2026-03-26 18:28:22,332:hal4000:INFO:  handled by,3,aotf,start
2026-03-26 18:28:22,332:hal4000:INFO:message:
2026-03-26 18:28:22,333:hal4000:INFO:  handled by,3,camera1,start
2026-03-26 18:28:22,333:hal4000:INFO:message:
2026-03-26 18:28:22,333:hal4000:INFO:  handled by,3,clemex_stage,start
2026-03-26 18:28:22,333:hal4000:INFO:message:
2026-03-26 18:28:22,333:hal4000:INFO:  handled by,3,coherentGenesis488,start
2026-03-26 18:28:22,334:hal4000:INFO:message:
2026-03-26 18:28:22,334:hal4000:INFO:  handled by,3,coherentGenesis560,start
2026-03-26 18:28:22,334:hal4000:INFO:message:
2026-03-26 18:28:22,334:hal4000:INFO:  queued,59,display,get functionality
2026-03-26 18:28:22,334:hal4000:INFO:message:
2026-03-26 18:28:22,334:hal4000:INFO:  handled by,3,display,start
2026-03-26 18:28:22,335:hal4000:INFO:message:
2026-03-26 18:28:22,335:hal4000:INFO:  handled by,3,feeds,start
2026-03-26 18:28:22,335:hal4000:INFO:message:
2026-03-26 18:28:22,335:hal4000:INFO:  queued,60,film,start camera
2026-03-26 18:28:22,335:hal4000:INFO:message:
2026-03-26 18:28:22,336:hal4000:INFO:  queued,61,film,sync
2026-03-26 18:28:22,336:hal4000:INFO:message:
2026-03-26 18:28:22,336:hal4000:INFO:  queued,62,film,start camera
2026-03-26 18:28:22,336:hal4000:INFO:message:
2026-03-26 18:28:22,336:hal4000:INFO:  handled by,3,film,start
2026-03-26 18:28:22,347:hal4000:INFO:message:
2026-03-26 18:28:22,347:hal4000:INFO:  handled by,3,focuslock,start
2026-03-26 18:28:22,356:hal4000:INFO:message:
2026-03-26 18:28:22,356:hal4000:INFO:  queued,63,illumination,new shutters file
2026-03-26 18:28:22,363:hal4000:INFO:message:
2026-03-26 18:28:22,364:hal4000:INFO:  handled by,3,illumination,start
2026-03-26 18:28:22,364:hal4000:INFO:message:
2026-03-26 18:28:22,364:hal4000:INFO:  handled by,3,mosaic,start
2026-03-26 18:28:22,364:hal4000:INFO:message:
2026-03-26 18:28:22,365:hal4000:INFO:  handled by,3,mpb642,start
2026-03-26 18:28:22,365:hal4000:INFO:message:
2026-03-26 18:28:22,365:hal4000:INFO:  handled by,3,none_irlaser,start
2026-03-26 18:28:22,365:hal4000:INFO:message:
2026-03-26 18:28:22,366:hal4000:INFO:  handled by,3,obis405,start
2026-03-26 18:28:22,366:hal4000:INFO:message:
2026-03-26 18:28:22,366:hal4000:INFO:  handled by,3,pi_controller,start
2026-03-26 18:28:22,366:hal4000:INFO:message:
2026-03-26 18:28:22,366:hal4000:INFO:  handled by,3,progressions,start
2026-03-26 18:28:22,367:hal4000:INFO:message:
2026-03-26 18:28:22,367:hal4000:INFO:  handled by,3,scmos_cal,start
2026-03-26 18:28:22,367:hal4000:INFO:message:
2026-03-26 18:28:22,367:hal4000:INFO:  handled by,3,settings,start
2026-03-26 18:28:22,368:hal4000:INFO:message:
2026-03-26 18:28:22,368:hal4000:INFO:  queued,64,spotcounter,get functionality
2026-03-26 18:28:22,368:hal4000:INFO:message:
2026-03-26 18:28:22,368:hal4000:INFO:  handled by,3,spotcounter,start
2026-03-26 18:28:22,377:hal4000:INFO:message:
2026-03-26 18:28:22,377:hal4000:INFO:  handled by,3,stage,start
2026-03-26 18:28:22,377:hal4000:INFO:message:
2026-03-26 18:28:22,377:hal4000:INFO:  handled by,3,tcp_control,start
2026-03-26 18:28:22,378:hal4000:INFO:message:
2026-03-26 18:28:22,378:hal4000:INFO:  handled by,3,timing,start
2026-03-26 18:28:22,378:hal4000:INFO:message:
2026-03-26 18:28:22,378:hal4000:INFO:  handled by,3,uc480_camera,start
2026-03-26 18:28:22,385:hal4000:INFO:message:
2026-03-26 18:28:22,386:hal4000:INFO:  handled by,3,z_stage,start
2026-03-26 18:28:22,386:hal4000:INFO:message:
2026-03-26 18:28:22,386:hal4000:INFO:  processed,3,core,start
2026-03-26 18:28:22,460:hal4000:INFO:message:
2026-03-26 18:28:22,460:hal4000:INFO:  sent,58,hal,change directory
2026-03-26 18:28:22,493:hal4000:INFO:message:
2026-03-26 18:28:22,493:hal4000:INFO:  handled by,58,hal,change directory
2026-03-26 18:28:22,493:hal4000:INFO:message:
2026-03-26 18:28:22,493:hal4000:INFO:  handled by,58,aotf,change directory
2026-03-26 18:28:22,493:hal4000:INFO:message:
2026-03-26 18:28:22,494:hal4000:INFO:  handled by,58,camera1,change directory
2026-03-26 18:28:22,494:hal4000:INFO:message:
2026-03-26 18:28:22,494:hal4000:INFO:  handled by,58,clemex_stage,change directory
2026-03-26 18:28:22,494:hal4000:INFO:message:
2026-03-26 18:28:22,494:hal4000:INFO:  handled by,58,coherentGenesis488,change directory
2026-03-26 18:28:22,494:hal4000:INFO:message:
2026-03-26 18:28:22,494:hal4000:INFO:  handled by,58,coherentGenesis560,change directory
2026-03-26 18:28:22,495:hal4000:INFO:message:
2026-03-26 18:28:22,495:hal4000:INFO:  handled by,58,display,change directory
2026-03-26 18:28:22,495:hal4000:INFO:message:
2026-03-26 18:28:22,495:hal4000:INFO:  handled by,58,feeds,change directory
2026-03-26 18:28:22,496:hal4000:INFO:message:
2026-03-26 18:28:22,496:hal4000:INFO:  handled by,58,film,change directory
2026-03-26 18:28:22,496:hal4000:INFO:message:
2026-03-26 18:28:22,496:hal4000:INFO:  handled by,58,focuslock,change directory
2026-03-26 18:28:22,496:hal4000:INFO:message:
2026-03-26 18:28:22,496:hal4000:INFO:  handled by,58,illumination,change directory
2026-03-26 18:28:22,497:hal4000:INFO:message:
2026-03-26 18:28:22,497:hal4000:INFO:  handled by,58,mosaic,change directory
2026-03-26 18:28:22,497:hal4000:INFO:message:
2026-03-26 18:28:22,497:hal4000:INFO:  handled by,58,mpb642,change directory
2026-03-26 18:28:22,497:hal4000:INFO:message:
2026-03-26 18:28:22,497:hal4000:INFO:  handled by,58,none_irlaser,change directory
2026-03-26 18:28:22,498:hal4000:INFO:message:
2026-03-26 18:28:22,498:hal4000:INFO:  handled by,58,obis405,change directory
2026-03-26 18:28:22,498:hal4000:INFO:message:
2026-03-26 18:28:22,498:hal4000:INFO:  handled by,58,pi_controller,change directory
2026-03-26 18:28:22,498:hal4000:INFO:message:
2026-03-26 18:28:22,498:hal4000:INFO:  handled by,58,progressions,change directory
2026-03-26 18:28:22,499:hal4000:INFO:message:
2026-03-26 18:28:22,499:hal4000:INFO:  handled by,58,scmos_cal,change directory
2026-03-26 18:28:22,499:hal4000:INFO:message:
2026-03-26 18:28:22,499:hal4000:INFO:  handled by,58,settings,change directory
2026-03-26 18:28:22,500:hal4000:INFO:message:
2026-03-26 18:28:22,500:hal4000:INFO:  handled by,58,spotcounter,change directory
2026-03-26 18:28:22,500:hal4000:INFO:message:
2026-03-26 18:28:22,500:hal4000:INFO:  handled by,58,stage,change directory
2026-03-26 18:28:22,500:hal4000:INFO:message:
2026-03-26 18:28:22,500:hal4000:INFO:  handled by,58,tcp_control,change directory
2026-03-26 18:28:22,500:hal4000:INFO:message:
2026-03-26 18:28:22,501:hal4000:INFO:  handled by,58,timing,change directory
2026-03-26 18:28:22,501:hal4000:INFO:message:
2026-03-26 18:28:22,501:hal4000:INFO:  handled by,58,uc480_camera,change directory
2026-03-26 18:28:22,501:hal4000:INFO:message:
2026-03-26 18:28:22,501:hal4000:INFO:  handled by,58,z_stage,change directory
2026-03-26 18:28:22,502:hal4000:INFO:message:
2026-03-26 18:28:22,502:hal4000:INFO:  processed,58,hal,change directory
2026-03-26 18:28:22,502:hal4000:INFO:message:
2026-03-26 18:28:22,502:hal4000:INFO:  sent,59,display,get functionality
2026-03-26 18:28:22,511:hal4000:INFO:message:
2026-03-26 18:28:22,511:hal4000:INFO:  handled by,59,hal,get functionality
2026-03-26 18:28:22,511:hal4000:INFO:message:
2026-03-26 18:28:22,511:hal4000:INFO:  handled by,59,aotf,get functionality
2026-03-26 18:28:22,511:hal4000:INFO:message:
2026-03-26 18:28:22,512:hal4000:INFO:  handled by,59,camera1,get functionality
2026-03-26 18:28:22,512:hal4000:INFO:message:
2026-03-26 18:28:22,512:hal4000:INFO:  handled by,59,clemex_stage,get functionality
2026-03-26 18:28:22,512:hal4000:INFO:message:
2026-03-26 18:28:22,512:hal4000:INFO:  handled by,59,coherentGenesis488,get functionality
2026-03-26 18:28:22,513:hal4000:INFO:message:
2026-03-26 18:28:22,513:hal4000:INFO:  handled by,59,coherentGenesis560,get functionality
2026-03-26 18:28:22,513:hal4000:INFO:message:
2026-03-26 18:28:22,513:hal4000:INFO:  handled by,59,display,get functionality
2026-03-26 18:28:22,513:hal4000:INFO:message:
2026-03-26 18:28:22,514:hal4000:INFO:  handled by,59,feeds,get functionality
2026-03-26 18:28:22,514:hal4000:INFO:message:
2026-03-26 18:28:22,514:hal4000:INFO:  handled by,59,film,get functionality
2026-03-26 18:28:22,514:hal4000:INFO:message:
2026-03-26 18:28:22,515:hal4000:INFO:  handled by,59,focuslock,get functionality
2026-03-26 18:28:22,515:hal4000:INFO:message:
2026-03-26 18:28:22,515:hal4000:INFO:  handled by,59,illumination,get functionality
2026-03-26 18:28:22,515:hal4000:INFO:message:
2026-03-26 18:28:22,516:hal4000:INFO:  handled by,59,mosaic,get functionality
2026-03-26 18:28:22,516:hal4000:INFO:message:
2026-03-26 18:28:22,516:hal4000:INFO:  handled by,59,mpb642,get functionality
2026-03-26 18:28:22,516:hal4000:INFO:message:
2026-03-26 18:28:22,516:hal4000:INFO:  handled by,59,none_irlaser,get functionality
2026-03-26 18:28:22,517:hal4000:INFO:message:
2026-03-26 18:28:22,517:hal4000:INFO:  handled by,59,obis405,get functionality
2026-03-26 18:28:22,517:hal4000:INFO:message:
2026-03-26 18:28:22,517:hal4000:INFO:  handled by,59,pi_controller,get functionality
2026-03-26 18:28:22,517:hal4000:INFO:message:
2026-03-26 18:28:22,518:hal4000:INFO:  handled by,59,progressions,get functionality
2026-03-26 18:28:22,518:hal4000:INFO:message:
2026-03-26 18:28:22,518:hal4000:INFO:  handled by,59,scmos_cal,get functionality
2026-03-26 18:28:22,518:hal4000:INFO:message:
2026-03-26 18:28:22,518:hal4000:INFO:  handled by,59,settings,get functionality
2026-03-26 18:28:22,519:hal4000:INFO:message:
2026-03-26 18:28:22,519:hal4000:INFO:  handled by,59,spotcounter,get functionality
2026-03-26 18:28:22,519:hal4000:INFO:message:
2026-03-26 18:28:22,519:hal4000:INFO:  handled by,59,stage,get functionality
2026-03-26 18:28:22,520:hal4000:INFO:message:
2026-03-26 18:28:22,520:hal4000:INFO:  handled by,59,tcp_control,get functionality
2026-03-26 18:28:22,520:hal4000:INFO:message:
2026-03-26 18:28:22,520:hal4000:INFO:  handled by,59,timing,get functionality
2026-03-26 18:28:22,520:hal4000:INFO:message:
2026-03-26 18:28:22,521:hal4000:INFO:  handled by,59,uc480_camera,get functionality
2026-03-26 18:28:22,521:hal4000:INFO:message:
2026-03-26 18:28:22,521:hal4000:INFO:  handled by,59,z_stage,get functionality
2026-03-26 18:28:22,522:hal4000:INFO:message:
2026-03-26 18:28:22,522:hal4000:INFO:  processed,59,display,get functionality
2026-03-26 18:28:22,525:hal4000:INFO:message:
2026-03-26 18:28:22,525:hal4000:INFO:  sent,60,film,start camera
2026-03-26 18:28:22,529:hal4000:INFO:message:
2026-03-26 18:28:22,530:hal4000:INFO:  handled by,60,hal,start camera
2026-03-26 18:28:22,530:hal4000:INFO:message:
2026-03-26 18:28:22,530:hal4000:INFO:  handled by,60,aotf,start camera
2026-03-26 18:28:22,530:hal4000:INFO:message:
2026-03-26 18:28:22,531:hal4000:INFO:  handled by,60,camera1,start camera
2026-03-26 18:28:22,531:hal4000:INFO:message:
2026-03-26 18:28:22,531:hal4000:INFO:  handled by,60,clemex_stage,start camera
2026-03-26 18:28:22,531:hal4000:INFO:message:
2026-03-26 18:28:22,531:hal4000:INFO:  handled by,60,coherentGenesis488,start camera
2026-03-26 18:28:22,532:hal4000:INFO:message:
2026-03-26 18:28:22,532:hal4000:INFO:  handled by,60,coherentGenesis560,start camera
2026-03-26 18:28:22,532:hal4000:INFO:message:
2026-03-26 18:28:22,532:hal4000:INFO:  handled by,60,display,start camera
2026-03-26 18:28:22,533:hal4000:INFO:message:
2026-03-26 18:28:22,533:hal4000:INFO:  handled by,60,feeds,start camera
2026-03-26 18:28:22,533:hal4000:INFO:message:
2026-03-26 18:28:22,533:hal4000:INFO:  handled by,60,film,start camera
2026-03-26 18:28:22,533:hal4000:INFO:message:
2026-03-26 18:28:22,534:hal4000:INFO:  handled by,60,focuslock,start camera
2026-03-26 18:28:22,534:hal4000:INFO:message:
2026-03-26 18:28:22,535:hal4000:INFO:  handled by,60,illumination,start camera
2026-03-26 18:28:22,535:hal4000:INFO:message:
2026-03-26 18:28:22,535:hal4000:INFO:  handled by,60,mosaic,start camera
2026-03-26 18:28:22,535:hal4000:INFO:message:
2026-03-26 18:28:22,536:hal4000:INFO:  handled by,60,mpb642,start camera
2026-03-26 18:28:22,536:hal4000:INFO:message:
2026-03-26 18:28:22,536:hal4000:INFO:  handled by,60,none_irlaser,start camera
2026-03-26 18:28:22,536:hal4000:INFO:message:
2026-03-26 18:28:22,536:hal4000:INFO:  handled by,60,obis405,start camera
2026-03-26 18:28:22,537:hal4000:INFO:message:
2026-03-26 18:28:22,537:hal4000:INFO:  handled by,60,pi_controller,start camera
2026-03-26 18:28:22,537:hal4000:INFO:message:
2026-03-26 18:28:22,537:hal4000:INFO:  handled by,60,progressions,start camera
2026-03-26 18:28:22,537:hal4000:INFO:message:
2026-03-26 18:28:22,537:hal4000:INFO:  handled by,60,scmos_cal,start camera
2026-03-26 18:28:22,538:hal4000:INFO:message:
2026-03-26 18:28:22,538:hal4000:INFO:  handled by,60,settings,start camera
2026-03-26 18:28:22,538:hal4000:INFO:message:
2026-03-26 18:28:22,538:hal4000:INFO:  handled by,60,spotcounter,start camera
2026-03-26 18:28:22,539:hal4000:INFO:message:
2026-03-26 18:28:22,539:hal4000:INFO:  handled by,60,stage,start camera
2026-03-26 18:28:22,539:hal4000:INFO:message:
2026-03-26 18:28:22,539:hal4000:INFO:  handled by,60,tcp_control,start camera
2026-03-26 18:28:22,539:hal4000:INFO:message:
2026-03-26 18:28:22,540:hal4000:INFO:  handled by,60,timing,start camera
2026-03-26 18:28:22,540:hal4000:INFO:message:
2026-03-26 18:28:22,540:hal4000:INFO:  handled by,60,uc480_camera,start camera
2026-03-26 18:28:22,540:hal4000:INFO:message:
2026-03-26 18:28:22,540:hal4000:INFO:  handled by,60,z_stage,start camera
2026-03-26 18:28:22,541:hal4000:INFO:message:
2026-03-26 18:28:22,541:hal4000:INFO:  processed,60,film,start camera
2026-03-26 18:28:22,542:hal4000:INFO:message:
2026-03-26 18:28:22,542:hal4000:INFO:  sent,62,film,start camera
2026-03-26 18:28:22,543:hal4000:INFO:message:
2026-03-26 18:28:22,543:hal4000:INFO:  handled by,62,hal,start camera
2026-03-26 18:28:22,544:hal4000:INFO:message:
2026-03-26 18:28:22,544:hal4000:INFO:  handled by,62,aotf,start camera
2026-03-26 18:28:22,544:hal4000:INFO:message:
2026-03-26 18:28:22,544:hal4000:INFO:  handled by,62,camera1,start camera
2026-03-26 18:28:22,545:hal4000:INFO:message:
2026-03-26 18:28:22,545:hal4000:INFO:  handled by,62,clemex_stage,start camera
2026-03-26 18:28:22,545:hal4000:INFO:message:
2026-03-26 18:28:22,545:hal4000:INFO:  handled by,62,coherentGenesis488,start camera
2026-03-26 18:28:22,546:hal4000:INFO:message:
2026-03-26 18:28:22,546:hal4000:INFO:  handled by,62,coherentGenesis560,start camera
2026-03-26 18:28:22,550:hal4000:INFO:message:
2026-03-26 18:28:22,550:hal4000:INFO:  handled by,62,display,start camera
2026-03-26 18:28:22,550:hal4000:INFO:message:
2026-03-26 18:28:22,550:hal4000:INFO:  handled by,62,feeds,start camera
2026-03-26 18:28:22,551:hal4000:INFO:message:
2026-03-26 18:28:22,551:hal4000:INFO:  handled by,62,film,start camera
2026-03-26 18:28:22,551:hal4000:INFO:message:
2026-03-26 18:28:22,552:hal4000:INFO:  handled by,62,focuslock,start camera
2026-03-26 18:28:22,552:hal4000:INFO:message:
2026-03-26 18:28:22,552:hal4000:INFO:  handled by,62,illumination,start camera
2026-03-26 18:28:22,552:hal4000:INFO:message:
2026-03-26 18:28:22,552:hal4000:INFO:  handled by,62,mosaic,start camera
2026-03-26 18:28:22,553:hal4000:INFO:message:
2026-03-26 18:28:22,553:hal4000:INFO:  handled by,62,mpb642,start camera
2026-03-26 18:28:22,553:hal4000:INFO:message:
2026-03-26 18:28:22,553:hal4000:INFO:  handled by,62,none_irlaser,start camera
2026-03-26 18:28:22,553:hal4000:INFO:message:
2026-03-26 18:28:22,554:hal4000:INFO:  handled by,62,obis405,start camera
2026-03-26 18:28:22,554:hal4000:INFO:message:
2026-03-26 18:28:22,554:hal4000:INFO:  handled by,62,pi_controller,start camera
2026-03-26 18:28:22,554:hal4000:INFO:message:
2026-03-26 18:28:22,554:hal4000:INFO:  handled by,62,progressions,start camera
2026-03-26 18:28:22,555:hal4000:INFO:message:
2026-03-26 18:28:22,555:hal4000:INFO:  handled by,62,scmos_cal,start camera
2026-03-26 18:28:22,555:hal4000:INFO:message:
2026-03-26 18:28:22,555:hal4000:INFO:  handled by,62,settings,start camera
2026-03-26 18:28:22,556:hal4000:INFO:message:
2026-03-26 18:28:22,556:hal4000:INFO:  handled by,62,spotcounter,start camera
2026-03-26 18:28:22,556:hal4000:INFO:message:
2026-03-26 18:28:22,556:hal4000:INFO:  handled by,62,stage,start camera
2026-03-26 18:28:22,556:hal4000:INFO:message:
2026-03-26 18:28:22,556:hal4000:INFO:  handled by,62,tcp_control,start camera
2026-03-26 18:28:22,557:hal4000:INFO:message:
2026-03-26 18:28:22,557:hal4000:INFO:  handled by,62,timing,start camera
2026-03-26 18:28:22,557:hal4000:INFO:message:
2026-03-26 18:28:22,557:hal4000:INFO:  handled by,62,uc480_camera,start camera
2026-03-26 18:28:22,557:hal4000:INFO:message:
2026-03-26 18:28:22,558:hal4000:INFO:  handled by,62,z_stage,start camera
2026-03-26 18:28:22,558:hal4000:INFO:message:
2026-03-26 18:28:22,558:hal4000:INFO:  sent,63,illumination,new shutters file
2026-03-26 18:28:22,559:hal4000:INFO:message:
2026-03-26 18:28:22,559:hal4000:INFO:  worker started 60000,62,film,start camera
2026-03-26 18:28:22,560:hal4000:INFO:message:
2026-03-26 18:28:22,560:hal4000:INFO:  handled by,63,hal,new shutters file
2026-03-26 18:28:22,560:hal4000:INFO:message:
2026-03-26 18:28:22,560:hal4000:INFO:  handled by,63,aotf,new shutters file
2026-03-26 18:28:22,560:hal4000:INFO:message:
2026-03-26 18:28:22,561:hal4000:INFO:  handled by,63,clemex_stage,new shutters file
2026-03-26 18:28:22,561:hal4000:INFO:message:
2026-03-26 18:28:22,561:hal4000:INFO:  handled by,63,coherentGenesis488,new shutters file
2026-03-26 18:28:22,561:hal4000:INFO:message:
2026-03-26 18:28:22,561:hal4000:INFO:  handled by,63,coherentGenesis560,new shutters file
2026-03-26 18:28:22,562:hal4000:INFO:message:
2026-03-26 18:28:22,562:hal4000:INFO:  handled by,63,display,new shutters file
2026-03-26 18:28:22,562:hal4000:INFO:message:
2026-03-26 18:28:22,562:hal4000:INFO:  handled by,63,feeds,new shutters file
2026-03-26 18:28:22,562:hal4000:INFO:message:
2026-03-26 18:28:22,563:hal4000:INFO:  handled by,63,film,new shutters file
2026-03-26 18:28:22,563:hal4000:INFO:message:
2026-03-26 18:28:22,563:hal4000:INFO:  handled by,63,focuslock,new shutters file
2026-03-26 18:28:22,564:hal4000:INFO:message:
2026-03-26 18:28:22,564:hal4000:INFO:  queued,65,illumination,configuration
2026-03-26 18:28:22,564:hal4000:INFO:message:
2026-03-26 18:28:22,565:hal4000:INFO:  handled by,63,illumination,new shutters file
2026-03-26 18:28:22,565:hal4000:INFO:message:
2026-03-26 18:28:22,566:hal4000:INFO:  handled by,63,mosaic,new shutters file
2026-03-26 18:28:22,566:hal4000:INFO:message:
2026-03-26 18:28:22,566:hal4000:INFO:  handled by,63,mpb642,new shutters file
2026-03-26 18:28:22,566:hal4000:INFO:message:
2026-03-26 18:28:22,566:hal4000:INFO:  handled by,63,none_irlaser,new shutters file
2026-03-26 18:28:22,567:hal4000:INFO:message:
2026-03-26 18:28:22,567:hal4000:INFO:  handled by,63,obis405,new shutters file
2026-03-26 18:28:22,567:hal4000:INFO:message:
2026-03-26 18:28:22,568:hal4000:INFO:  handled by,63,pi_controller,new shutters file
2026-03-26 18:28:22,568:hal4000:INFO:message:
2026-03-26 18:28:22,568:hal4000:INFO:  handled by,63,progressions,new shutters file
2026-03-26 18:28:22,568:hal4000:INFO:message:
2026-03-26 18:28:22,568:hal4000:INFO:  handled by,63,scmos_cal,new shutters file
2026-03-26 18:28:22,568:hal4000:INFO:message:
2026-03-26 18:28:22,568:hal4000:INFO:  handled by,63,settings,new shutters file
2026-03-26 18:28:22,569:hal4000:INFO:message:
2026-03-26 18:28:22,569:hal4000:INFO:  handled by,63,spotcounter,new shutters file
2026-03-26 18:28:22,569:hal4000:INFO:message:
2026-03-26 18:28:22,569:hal4000:INFO:  handled by,63,stage,new shutters file
2026-03-26 18:28:22,569:hal4000:INFO:message:
2026-03-26 18:28:22,569:hal4000:INFO:  handled by,63,tcp_control,new shutters file
2026-03-26 18:28:22,570:hal4000:INFO:message:
2026-03-26 18:28:22,570:hal4000:INFO:  handled by,63,timing,new shutters file
2026-03-26 18:28:22,570:hal4000:INFO:message:
2026-03-26 18:28:22,570:hal4000:INFO:  handled by,63,uc480_camera,new shutters file
2026-03-26 18:28:22,570:hal4000:INFO:message:
2026-03-26 18:28:22,570:hal4000:INFO:  handled by,63,z_stage,new shutters file
2026-03-26 18:28:22,571:hal4000:INFO:message:
2026-03-26 18:28:22,571:hal4000:INFO:  sent,64,spotcounter,get functionality
2026-03-26 18:28:22,579:hal4000:INFO:message:
2026-03-26 18:28:22,579:hal4000:INFO:  handled by,64,hal,get functionality
2026-03-26 18:28:22,580:hal4000:INFO:message:
2026-03-26 18:28:22,580:hal4000:INFO:  handled by,64,aotf,get functionality
2026-03-26 18:28:22,580:hal4000:INFO:message:
2026-03-26 18:28:22,580:hal4000:INFO:  handled by,64,clemex_stage,get functionality
2026-03-26 18:28:22,580:hal4000:INFO:message:
2026-03-26 18:28:22,581:hal4000:INFO:  handled by,64,coherentGenesis488,get functionality
2026-03-26 18:28:22,581:hal4000:INFO:message:
2026-03-26 18:28:22,581:hal4000:INFO:  handled by,64,coherentGenesis560,get functionality
2026-03-26 18:28:22,581:hal4000:INFO:message:
2026-03-26 18:28:22,581:hal4000:INFO:  handled by,64,display,get functionality
2026-03-26 18:28:22,582:hal4000:INFO:message:
2026-03-26 18:28:22,582:hal4000:INFO:  handled by,64,feeds,get functionality
2026-03-26 18:28:22,582:hal4000:INFO:message:
2026-03-26 18:28:22,582:hal4000:INFO:  handled by,64,film,get functionality
2026-03-26 18:28:22,583:hal4000:INFO:message:
2026-03-26 18:28:22,583:hal4000:INFO:  handled by,64,focuslock,get functionality
2026-03-26 18:28:22,583:hal4000:INFO:message:
2026-03-26 18:28:22,583:hal4000:INFO:  handled by,64,illumination,get functionality
2026-03-26 18:28:22,583:hal4000:INFO:message:
2026-03-26 18:28:22,584:hal4000:INFO:  handled by,64,mosaic,get functionality
2026-03-26 18:28:22,584:hal4000:INFO:message:
2026-03-26 18:28:22,584:hal4000:INFO:  handled by,64,mpb642,get functionality
2026-03-26 18:28:22,584:hal4000:INFO:message:
2026-03-26 18:28:22,584:hal4000:INFO:  handled by,64,none_irlaser,get functionality
2026-03-26 18:28:22,585:hal4000:INFO:message:
2026-03-26 18:28:22,585:hal4000:INFO:  handled by,64,obis405,get functionality
2026-03-26 18:28:22,585:hal4000:INFO:message:
2026-03-26 18:28:22,585:hal4000:INFO:  handled by,64,pi_controller,get functionality
2026-03-26 18:28:22,586:hal4000:INFO:message:
2026-03-26 18:28:22,586:hal4000:INFO:  handled by,64,progressions,get functionality
2026-03-26 18:28:22,586:hal4000:INFO:message:
2026-03-26 18:28:22,586:hal4000:INFO:  handled by,64,scmos_cal,get functionality
2026-03-26 18:28:22,587:hal4000:INFO:message:
2026-03-26 18:28:22,587:hal4000:INFO:  handled by,64,settings,get functionality
2026-03-26 18:28:22,588:hal4000:INFO:message:
2026-03-26 18:28:22,588:hal4000:INFO:  handled by,64,spotcounter,get functionality
2026-03-26 18:28:22,588:hal4000:INFO:message:
2026-03-26 18:28:22,588:hal4000:INFO:  handled by,64,stage,get functionality
2026-03-26 18:28:22,589:hal4000:INFO:message:
2026-03-26 18:28:22,589:hal4000:INFO:  handled by,64,tcp_control,get functionality
2026-03-26 18:28:22,589:hal4000:INFO:message:
2026-03-26 18:28:22,589:hal4000:INFO:  handled by,64,timing,get functionality
2026-03-26 18:28:22,589:hal4000:INFO:message:
2026-03-26 18:28:22,590:hal4000:INFO:  handled by,64,uc480_camera,get functionality
2026-03-26 18:28:22,590:hal4000:INFO:message:
2026-03-26 18:28:22,590:hal4000:INFO:  handled by,64,z_stage,get functionality
2026-03-26 18:28:22,590:hal4000:INFO:message:
2026-03-26 18:28:22,591:hal4000:INFO:  sent,65,illumination,configuration
2026-03-26 18:28:22,593:hal4000:INFO:message:
2026-03-26 18:28:22,593:hal4000:INFO:  handled by,65,hal,configuration
2026-03-26 18:28:22,593:hal4000:INFO:message:
2026-03-26 18:28:22,594:hal4000:INFO:  handled by,65,aotf,configuration
2026-03-26 18:28:22,594:hal4000:INFO:message:
2026-03-26 18:28:22,594:hal4000:INFO:  handled by,65,clemex_stage,configuration
2026-03-26 18:28:22,594:hal4000:INFO:message:
2026-03-26 18:28:22,595:hal4000:INFO:  handled by,65,coherentGenesis488,configuration
2026-03-26 18:28:22,595:hal4000:INFO:message:
2026-03-26 18:28:22,595:hal4000:INFO:  handled by,65,coherentGenesis560,configuration
2026-03-26 18:28:22,595:hal4000:INFO:message:
2026-03-26 18:28:22,596:hal4000:INFO:  handled by,65,display,configuration
2026-03-26 18:28:22,596:hal4000:INFO:message:
2026-03-26 18:28:22,596:hal4000:INFO:  handled by,65,feeds,configuration
2026-03-26 18:28:22,596:hal4000:INFO:message:
2026-03-26 18:28:22,597:hal4000:INFO:  handled by,65,film,configuration
2026-03-26 18:28:22,597:hal4000:INFO:message:
2026-03-26 18:28:22,597:hal4000:INFO:  handled by,65,focuslock,configuration
2026-03-26 18:28:22,597:hal4000:INFO:message:
2026-03-26 18:28:22,597:hal4000:INFO:  handled by,65,illumination,configuration
2026-03-26 18:28:22,598:hal4000:INFO:message:
2026-03-26 18:28:22,598:hal4000:INFO:  handled by,65,mosaic,configuration
2026-03-26 18:28:22,598:hal4000:INFO:message:
2026-03-26 18:28:22,598:hal4000:INFO:  handled by,65,mpb642,configuration
2026-03-26 18:28:22,599:hal4000:INFO:message:
2026-03-26 18:28:22,599:hal4000:INFO:  handled by,65,none_irlaser,configuration
2026-03-26 18:28:22,599:hal4000:INFO:message:
2026-03-26 18:28:22,600:hal4000:INFO:  handled by,65,obis405,configuration
2026-03-26 18:28:22,600:hal4000:INFO:message:
2026-03-26 18:28:22,600:hal4000:INFO:  handled by,65,pi_controller,configuration
2026-03-26 18:28:22,600:hal4000:INFO:message:
2026-03-26 18:28:22,600:hal4000:INFO:  handled by,65,progressions,configuration
2026-03-26 18:28:22,601:hal4000:INFO:message:
2026-03-26 18:28:22,601:hal4000:INFO:  handled by,65,scmos_cal,configuration
2026-03-26 18:28:22,601:hal4000:INFO:message:
2026-03-26 18:28:22,601:hal4000:INFO:  handled by,65,settings,configuration
2026-03-26 18:28:22,601:hal4000:INFO:message:
2026-03-26 18:28:22,602:hal4000:INFO:  handled by,65,spotcounter,configuration
2026-03-26 18:28:22,602:hal4000:INFO:message:
2026-03-26 18:28:22,602:hal4000:INFO:  handled by,65,stage,configuration
2026-03-26 18:28:22,602:hal4000:INFO:message:
2026-03-26 18:28:22,602:hal4000:INFO:  handled by,65,tcp_control,configuration
2026-03-26 18:28:22,603:hal4000:INFO:message:
2026-03-26 18:28:22,603:hal4000:INFO:  handled by,65,timing,configuration
2026-03-26 18:28:22,603:hal4000:INFO:message:
2026-03-26 18:28:22,603:hal4000:INFO:  handled by,65,uc480_camera,configuration
2026-03-26 18:28:22,604:hal4000:INFO:message:
2026-03-26 18:28:22,604:hal4000:INFO:  handled by,65,z_stage,configuration
2026-03-26 18:28:22,905:hal4000:INFO:message:
2026-03-26 18:28:22,905:hal4000:INFO:  handled by,62,camera1,start camera
2026-03-26 18:28:22,906:hal4000:INFO:message:
2026-03-26 18:28:22,906:hal4000:INFO:  processed,62,film,start camera
2026-03-26 18:28:22,906:hal4000:INFO:message:
2026-03-26 18:28:22,906:hal4000:INFO:  worker done,62,film,start camera
2026-03-26 18:28:22,907:hal4000:INFO:message:
2026-03-26 18:28:22,908:hal4000:INFO:  handled by,63,camera1,new shutters file
2026-03-26 18:28:22,908:hal4000:INFO:message:
2026-03-26 18:28:22,908:hal4000:INFO:  processed,63,illumination,new shutters file
2026-03-26 18:28:22,908:hal4000:INFO:message:
2026-03-26 18:28:22,908:hal4000:INFO:  handled by,64,camera1,get functionality
2026-03-26 18:28:22,909:hal4000:INFO:message:
2026-03-26 18:28:22,909:hal4000:INFO:  processed,64,spotcounter,get functionality
2026-03-26 18:28:22,910:hal4000:INFO:message:
2026-03-26 18:28:22,910:hal4000:INFO:  handled by,65,camera1,configuration
2026-03-26 18:28:22,911:hal4000:INFO:message:
2026-03-26 18:28:22,911:hal4000:INFO:  processed,65,illumination,configuration
2026-03-26 18:36:15,347:hal4000:INFO:message:
2026-03-26 18:36:15,347:hal4000:INFO:  Fitting problem: Number of calls to function has reached maxfev = 500.
2026-03-26 18:37:35,098:hal4000:INFO:message:
2026-03-26 18:37:35,098:hal4000:INFO:  Fitting problem: Number of calls to function has reached maxfev = 500.
2026-03-26 18:45:18,780:hal4000:INFO:message:
2026-03-26 18:45:18,781:hal4000:INFO:  queued,66,hal,change directory
2026-03-26 18:45:18,808:hal4000:INFO:message:
2026-03-26 18:45:18,808:hal4000:INFO:  sent,66,hal,change directory
2026-03-26 18:45:18,839:hal4000:INFO:message:
2026-03-26 18:45:18,840:hal4000:INFO:  handled by,66,hal,change directory
2026-03-26 18:45:18,840:hal4000:INFO:message:
2026-03-26 18:45:18,840:hal4000:INFO:  handled by,66,aotf,change directory
2026-03-26 18:45:18,840:hal4000:INFO:message:
2026-03-26 18:45:18,841:hal4000:INFO:  handled by,66,camera1,change directory
2026-03-26 18:45:18,841:hal4000:INFO:message:
2026-03-26 18:45:18,841:hal4000:INFO:  handled by,66,clemex_stage,change directory
2026-03-26 18:45:18,841:hal4000:INFO:message:
2026-03-26 18:45:18,841:hal4000:INFO:  handled by,66,coherentGenesis488,change directory
2026-03-26 18:45:18,842:hal4000:INFO:message:
2026-03-26 18:45:18,842:hal4000:INFO:  handled by,66,coherentGenesis560,change directory
2026-03-26 18:45:18,843:hal4000:INFO:message:
2026-03-26 18:45:18,843:hal4000:INFO:  handled by,66,display,change directory
2026-03-26 18:45:18,843:hal4000:INFO:message:
2026-03-26 18:45:18,843:hal4000:INFO:  handled by,66,feeds,change directory
2026-03-26 18:45:18,844:hal4000:INFO:message:
2026-03-26 18:45:18,844:hal4000:INFO:  handled by,66,film,change directory
2026-03-26 18:45:18,844:hal4000:INFO:message:
2026-03-26 18:45:18,845:hal4000:INFO:  handled by,66,focuslock,change directory
2026-03-26 18:45:18,845:hal4000:INFO:message:
2026-03-26 18:45:18,845:hal4000:INFO:  handled by,66,illumination,change directory
2026-03-26 18:45:18,845:hal4000:INFO:message:
2026-03-26 18:45:18,845:hal4000:INFO:  handled by,66,mosaic,change directory
2026-03-26 18:45:18,846:hal4000:INFO:message:
2026-03-26 18:45:18,846:hal4000:INFO:  handled by,66,mpb642,change directory
2026-03-26 18:45:18,846:hal4000:INFO:message:
2026-03-26 18:45:18,846:hal4000:INFO:  handled by,66,none_irlaser,change directory
2026-03-26 18:45:18,846:hal4000:INFO:message:
2026-03-26 18:45:18,847:hal4000:INFO:  handled by,66,obis405,change directory
2026-03-26 18:45:18,847:hal4000:INFO:message:
2026-03-26 18:45:18,847:hal4000:INFO:  handled by,66,pi_controller,change directory
2026-03-26 18:45:18,847:hal4000:INFO:message:
2026-03-26 18:45:18,847:hal4000:INFO:  handled by,66,progressions,change directory
2026-03-26 18:45:18,848:hal4000:INFO:message:
2026-03-26 18:45:18,848:hal4000:INFO:  handled by,66,scmos_cal,change directory
2026-03-26 18:45:18,848:hal4000:INFO:message:
2026-03-26 18:45:18,848:hal4000:INFO:  handled by,66,settings,change directory
2026-03-26 18:45:18,849:hal4000:INFO:message:
2026-03-26 18:45:18,849:hal4000:INFO:  handled by,66,spotcounter,change directory
2026-03-26 18:45:18,849:hal4000:INFO:message:
2026-03-26 18:45:18,849:hal4000:INFO:  handled by,66,stage,change directory
2026-03-26 18:45:18,849:hal4000:INFO:message:
2026-03-26 18:45:18,850:hal4000:INFO:  handled by,66,tcp_control,change directory
2026-03-26 18:45:18,850:hal4000:INFO:message:
2026-03-26 18:45:18,851:hal4000:INFO:  handled by,66,timing,change directory
2026-03-26 18:45:18,851:hal4000:INFO:message:
2026-03-26 18:45:18,851:hal4000:INFO:  handled by,66,uc480_camera,change directory
2026-03-26 18:45:18,851:hal4000:INFO:message:
2026-03-26 18:45:18,852:hal4000:INFO:  handled by,66,z_stage,change directory
2026-03-26 18:45:18,852:hal4000:INFO:message:
2026-03-26 18:45:18,852:hal4000:INFO:  processed,66,hal,change directory
2026-03-26 18:54:12,040:hal4000:INFO:message:
2026-03-26 18:54:12,040:hal4000:INFO:  queued,67,hal,new parameters file
2026-03-26 18:54:12,099:hal4000:INFO:message:
2026-03-26 18:54:12,099:hal4000:INFO:  sent,67,hal,new parameters file
2026-03-26 18:54:12,108:hal4000:INFO:message:
2026-03-26 18:54:12,108:hal4000:INFO:  handled by,67,hal,new parameters file
2026-03-26 18:54:12,108:hal4000:INFO:message:
2026-03-26 18:54:12,109:hal4000:INFO:  handled by,67,aotf,new parameters file
2026-03-26 18:54:12,109:hal4000:INFO:message:
2026-03-26 18:54:12,109:hal4000:INFO:  handled by,67,camera1,new parameters file
2026-03-26 18:54:12,109:hal4000:INFO:message:
2026-03-26 18:54:12,109:hal4000:INFO:  handled by,67,clemex_stage,new parameters file
2026-03-26 18:54:12,109:hal4000:INFO:message:
2026-03-26 18:54:12,109:hal4000:INFO:  handled by,67,coherentGenesis488,new parameters file
2026-03-26 18:54:12,110:hal4000:INFO:message:
2026-03-26 18:54:12,110:hal4000:INFO:  handled by,67,coherentGenesis560,new parameters file
2026-03-26 18:54:12,110:hal4000:INFO:message:
2026-03-26 18:54:12,110:hal4000:INFO:  handled by,67,display,new parameters file
2026-03-26 18:54:12,110:hal4000:INFO:message:
2026-03-26 18:54:12,110:hal4000:INFO:  handled by,67,feeds,new parameters file
2026-03-26 18:54:12,111:hal4000:INFO:message:
2026-03-26 18:54:12,111:hal4000:INFO:  handled by,67,film,new parameters file
2026-03-26 18:54:12,111:hal4000:INFO:message:
2026-03-26 18:54:12,111:hal4000:INFO:  handled by,67,focuslock,new parameters file
2026-03-26 18:54:12,111:hal4000:INFO:message:
2026-03-26 18:54:12,111:hal4000:INFO:  handled by,67,illumination,new parameters file
2026-03-26 18:54:12,112:hal4000:INFO:message:
2026-03-26 18:54:12,112:hal4000:INFO:  handled by,67,mosaic,new parameters file
2026-03-26 18:54:12,112:hal4000:INFO:message:
2026-03-26 18:54:12,112:hal4000:INFO:  handled by,67,mpb642,new parameters file
2026-03-26 18:54:12,112:hal4000:INFO:message:
2026-03-26 18:54:12,112:hal4000:INFO:  handled by,67,none_irlaser,new parameters file
2026-03-26 18:54:12,112:hal4000:INFO:message:
2026-03-26 18:54:12,113:hal4000:INFO:  handled by,67,obis405,new parameters file
2026-03-26 18:54:12,113:hal4000:INFO:message:
2026-03-26 18:54:12,113:hal4000:INFO:  handled by,67,pi_controller,new parameters file
2026-03-26 18:54:12,113:hal4000:INFO:message:
2026-03-26 18:54:12,113:hal4000:INFO:  handled by,67,progressions,new parameters file
2026-03-26 18:54:12,113:hal4000:INFO:message:
2026-03-26 18:54:12,114:hal4000:INFO:  handled by,67,scmos_cal,new parameters file
2026-03-26 18:54:12,173:hal4000:INFO:message:
2026-03-26 18:54:12,173:hal4000:INFO:  handled by,67,settings,new parameters file
2026-03-26 18:54:12,174:hal4000:INFO:message:
2026-03-26 18:54:12,174:hal4000:INFO:  handled by,67,spotcounter,new parameters file
2026-03-26 18:54:12,174:hal4000:INFO:message:
2026-03-26 18:54:12,174:hal4000:INFO:  handled by,67,stage,new parameters file
2026-03-26 18:54:12,174:hal4000:INFO:message:
2026-03-26 18:54:12,174:hal4000:INFO:  handled by,67,tcp_control,new parameters file
2026-03-26 18:54:12,175:hal4000:INFO:message:
2026-03-26 18:54:12,175:hal4000:INFO:  handled by,67,timing,new parameters file
2026-03-26 18:54:12,175:hal4000:INFO:message:
2026-03-26 18:54:12,175:hal4000:INFO:  handled by,67,uc480_camera,new parameters file
2026-03-26 18:54:12,175:hal4000:INFO:message:
2026-03-26 18:54:12,176:hal4000:INFO:  handled by,67,z_stage,new parameters file
2026-03-26 18:54:12,176:hal4000:INFO:message:
2026-03-26 18:54:12,176:hal4000:INFO:  processed,67,hal,new parameters file
2026-03-26 18:54:12,179:hal4000:INFO:message:
2026-03-26 18:54:12,179:hal4000:INFO:  
Got an exception from 'settings' of type 'List is not the right length.'!

Traceback when the exception occurred:
Traceback (most recent call last):
  File "C:\Users\Light-saver\Documents\storm_control\Hal2\storm_control\hal4000\halLib\halModule.py", line 323, in nextMessage
    self.processMessage(message)
  File "C:\Users\Light-saver\Documents\storm_control\Hal2\storm_control\hal4000\settings\settings.py", line 316, in processMessage
    self.view.newParametersFile(data["filename"], is_default)
  File "C:\Users\Light-saver\Documents\storm_control\Hal2\storm_control\hal4000\settings\parametersBox.py", line 147, in newParametersFile
    [p, unrecognized] = params.copyParameters(self.default_parameters, new_p)
  File "C:\Users\Light-saver\Documents\storm_control\Hal2\storm_control\sc_library\parameters.py", line 46, in copyParameters
    copyParametersReplace("", params, new_parameters)
  File "C:\Users\Light-saver\Documents\storm_control\Hal2\storm_control\sc_library\parameters.py", line 121, in copyParametersReplace
    copyParametersReplace(attr, prop, new)
  File "C:\Users\Light-saver\Documents\storm_control\Hal2\storm_control\sc_library\parameters.py", line 129, in copyParametersReplace
    original.set(attr, new.get(attr_fullname))
  File "C:\Users\Light-saver\Documents\storm_control\Hal2\storm_control\sc_library\parameters.py", line 826, in set
    temp.setv(pvalue)
  File "C:\Users\Light-saver\Documents\storm_control\Hal2\storm_control\sc_library\parameters.py", line 281, in setv
    self.value = self.toType(new_value)
  File "C:\Users\Light-saver\Documents\storm_control\Hal2\storm_control\hal4000\illumination\illuminationParameters.py", line 53, in toType
    raise IlluminationParameterException("List is not the right length.")
storm_control.hal4000.illumination.illuminationParameters.IlluminationParameterException: List is not the right length.


2026-03-26 18:54:12,564:hal4000:INFO:message:
2026-03-26 18:54:12,571:hal4000:INFO:  uc480: Call failed with error 1 is_CopyImageMem
