2026-03-26 18:12:56,150:hal4000:INFO:  processed,3,core,start
2026-03-26 18:12:56,215:hal4000:INFO:message:
2026-03-26 18:12:56,216:hal4000:INFO:  sent,58,hal,change directory
2026-03-26 18:12:56,257:hal4000:INFO:message:
2026-03-26 18:12:56,257:hal4000:INFO:  handled by,58,hal,change directory
2026-03-26 18:12:56,258:hal4000:INFO:message:
2026-03-26 18:12:56,258:hal4000:INFO:  handled by,58,aotf,change directory
2026-03-26 18:12:56,258:hal4000:INFO:message:
2026-03-26 18:12:56,258:hal4000:INFO:  handled by,58,camera1,change directory
2026-03-26 18:12:56,258:hal4000:INFO:message:
2026-03-26 18:12:56,258:hal4000:INFO:  handled by,58,clemex_stage,change directory
2026-03-26 18:12:56,259:hal4000:INFO:message:
2026-03-26 18:12:56,259:hal4000:INFO:  handled by,58,coherentGenesis488,change directory
2026-03-26 18:12:56,259:hal4000:INFO:message:
2026-03-26 18:12:56,259:hal4000:INFO:  handled by,58,coherentGenesis560,change directory
2026-03-26 18:12:56,259:hal4000:INFO:message:
2026-03-26 18:12:56,260:hal4000:INFO:  handled by,58,display,change directory
2026-03-26 18:12:56,260:hal4000:INFO:message:
2026-03-26 18:12:56,260:hal4000:INFO:  handled by,58,feeds,change directory
2026-03-26 18:12:56,260:hal4000:INFO:message:
2026-03-26 18:12:56,261:hal4000:INFO:  handled by,58,film,change directory
2026-03-26 18:12:56,261:hal4000:INFO:message:
2026-03-26 18:12:56,261:hal4000:INFO:  handled by,58,focuslock,change directory
2026-03-26 18:12:56,261:hal4000:INFO:message:
2026-03-26 18:12:56,261:hal4000:INFO:  handled by,58,illumination,change directory
2026-03-26 18:12:56,261:hal4000:INFO:message:
2026-03-26 18:12:56,262:hal4000:INFO:  handled by,58,mosaic,change directory
2026-03-26 18:12:56,262:hal4000:INFO:message:
2026-03-26 18:12:56,262:hal4000:INFO:  handled by,58,mpb642,change directory
2026-03-26 18:12:56,262:hal4000:INFO:message:
2026-03-26 18:12:56,262:hal4000:INFO:  handled by,58,none_irlaser,change directory
2026-03-26 18:12:56,262:hal4000:INFO:message:
2026-03-26 18:12:56,262:hal4000:INFO:  handled by,58,obis405,change directory
2026-03-26 18:12:56,263:hal4000:INFO:message:
2026-03-26 18:12:56,263:hal4000:INFO:  handled by,58,pi_controller,change directory
2026-03-26 18:12:56,263:hal4000:INFO:message:
2026-03-26 18:12:56,263:hal4000:INFO:  handled by,58,progressions,change directory
2026-03-26 18:12:56,264:hal4000:INFO:message:
2026-03-26 18:12:56,264:hal4000:INFO:  handled by,58,scmos_cal,change directory
2026-03-26 18:12:56,264:hal4000:INFO:message:
2026-03-26 18:12:56,264:hal4000:INFO:  handled by,58,settings,change directory
2026-03-26 18:12:56,264:hal4000:INFO:message:
2026-03-26 18:12:56,264:hal4000:INFO:  handled by,58,spotcounter,change directory
2026-03-26 18:12:56,264:hal4000:INFO:message:
2026-03-26 18:12:56,265:hal4000:INFO:  handled by,58,stage,change directory
2026-03-26 18:12:56,265:hal4000:INFO:message:
2026-03-26 18:12:56,265:hal4000:INFO:  handled by,58,tcp_control,change directory
2026-03-26 18:12:56,265:hal4000:INFO:message:
2026-03-26 18:12:56,265:hal4000:INFO:  handled by,58,timing,change directory
2026-03-26 18:12:56,265:hal4000:INFO:message:
2026-03-26 18:12:56,266:hal4000:INFO:  handled by,58,uc480_camera,change directory
2026-03-26 18:12:56,266:hal4000:INFO:message:
2026-03-26 18:12:56,266:hal4000:INFO:  handled by,58,z_stage,change directory
2026-03-26 18:12:56,266:hal4000:INFO:message:
2026-03-26 18:12:56,266:hal4000:INFO:  processed,58,hal,change directory
2026-03-26 18:12:56,267:hal4000:INFO:message:
2026-03-26 18:12:56,267:hal4000:INFO:  sent,59,display,get functionality
2026-03-26 18:12:56,285:hal4000:INFO:message:
2026-03-26 18:12:56,285:hal4000:INFO:  handled by,59,hal,get functionality
2026-03-26 18:12:56,285:hal4000:INFO:message:
2026-03-26 18:12:56,285:hal4000:INFO:  handled by,59,aotf,get functionality
2026-03-26 18:12:56,285:hal4000:INFO:message:
2026-03-26 18:12:56,286:hal4000:INFO:  handled by,59,camera1,get functionality
2026-03-26 18:12:56,286:hal4000:INFO:message:
2026-03-26 18:12:56,286:hal4000:INFO:  handled by,59,clemex_stage,get functionality
2026-03-26 18:12:56,286:hal4000:INFO:message:
2026-03-26 18:12:56,286:hal4000:INFO:  handled by,59,coherentGenesis488,get functionality
2026-03-26 18:12:56,286:hal4000:INFO:message:
2026-03-26 18:12:56,287:hal4000:INFO:  handled by,59,coherentGenesis560,get functionality
2026-03-26 18:12:56,287:hal4000:INFO:message:
2026-03-26 18:12:56,287:hal4000:INFO:  handled by,59,display,get functionality
2026-03-26 18:12:56,287:hal4000:INFO:message:
2026-03-26 18:12:56,287:hal4000:INFO:  handled by,59,feeds,get functionality
2026-03-26 18:12:56,287:hal4000:INFO:message:
2026-03-26 18:12:56,287:hal4000:INFO:  handled by,59,film,get functionality
2026-03-26 18:12:56,288:hal4000:INFO:message:
2026-03-26 18:12:56,288:hal4000:INFO:  handled by,59,focuslock,get functionality
2026-03-26 18:12:56,288:hal4000:INFO:message:
2026-03-26 18:12:56,288:hal4000:INFO:  handled by,59,illumination,get functionality
2026-03-26 18:12:56,288:hal4000:INFO:message:
2026-03-26 18:12:56,288:hal4000:INFO:  handled by,59,mosaic,get functionality
2026-03-26 18:12:56,289:hal4000:INFO:message:
2026-03-26 18:12:56,289:hal4000:INFO:  handled by,59,mpb642,get functionality
2026-03-26 18:12:56,289:hal4000:INFO:message:
2026-03-26 18:12:56,289:hal4000:INFO:  handled by,59,none_irlaser,get functionality
2026-03-26 18:12:56,289:hal4000:INFO:message:
2026-03-26 18:12:56,289:hal4000:INFO:  handled by,59,obis405,get functionality
2026-03-26 18:12:56,290:hal4000:INFO:message:
2026-03-26 18:12:56,290:hal4000:INFO:  handled by,59,pi_controller,get functionality
2026-03-26 18:12:56,290:hal4000:INFO:message:
2026-03-26 18:12:56,290:hal4000:INFO:  handled by,59,progressions,get functionality
2026-03-26 18:12:56,290:hal4000:INFO:message:
2026-03-26 18:12:56,290:hal4000:INFO:  handled by,59,scmos_cal,get functionality
2026-03-26 18:12:56,290:hal4000:INFO:message:
2026-03-26 18:12:56,291:hal4000:INFO:  handled by,59,settings,get functionality
2026-03-26 18:12:56,291:hal4000:INFO:message:
2026-03-26 18:12:56,291:hal4000:INFO:  handled by,59,spotcounter,get functionality
2026-03-26 18:12:56,291:hal4000:INFO:message:
2026-03-26 18:12:56,291:hal4000:INFO:  handled by,59,stage,get functionality
2026-03-26 18:12:56,291:hal4000:INFO:message:
2026-03-26 18:12:56,292:hal4000:INFO:  handled by,59,tcp_control,get functionality
2026-03-26 18:12:56,292:hal4000:INFO:message:
2026-03-26 18:12:56,292:hal4000:INFO:  handled by,59,timing,get functionality
2026-03-26 18:12:56,292:hal4000:INFO:message:
2026-03-26 18:12:56,292:hal4000:INFO:  handled by,59,uc480_camera,get functionality
2026-03-26 18:12:56,292:hal4000:INFO:message:
2026-03-26 18:12:56,292:hal4000:INFO:  handled by,59,z_stage,get functionality
2026-03-26 18:12:56,293:hal4000:INFO:message:
2026-03-26 18:12:56,293:hal4000:INFO:  processed,59,display,get functionality
2026-03-26 18:12:56,295:hal4000:INFO:message:
2026-03-26 18:12:56,295:hal4000:INFO:  sent,60,film,start camera
2026-03-26 18:12:56,297:hal4000:INFO:message:
2026-03-26 18:12:56,298:hal4000:INFO:  handled by,60,hal,start camera
2026-03-26 18:12:56,298:hal4000:INFO:message:
2026-03-26 18:12:56,298:hal4000:INFO:  handled by,60,aotf,start camera
2026-03-26 18:12:56,298:hal4000:INFO:message:
2026-03-26 18:12:56,298:hal4000:INFO:  handled by,60,camera1,start camera
2026-03-26 18:12:56,298:hal4000:INFO:message:
2026-03-26 18:12:56,299:hal4000:INFO:  handled by,60,clemex_stage,start camera
2026-03-26 18:12:56,299:hal4000:INFO:message:
2026-03-26 18:12:56,299:hal4000:INFO:  handled by,60,coherentGenesis488,start camera
2026-03-26 18:12:56,299:hal4000:INFO:message:
2026-03-26 18:12:56,299:hal4000:INFO:  handled by,60,coherentGenesis560,start camera
2026-03-26 18:12:56,300:hal4000:INFO:message:
2026-03-26 18:12:56,300:hal4000:INFO:  handled by,60,display,start camera
2026-03-26 18:12:56,300:hal4000:INFO:message:
2026-03-26 18:12:56,300:hal4000:INFO:  handled by,60,feeds,start camera
2026-03-26 18:12:56,300:hal4000:INFO:message:
2026-03-26 18:12:56,300:hal4000:INFO:  handled by,60,film,start camera
2026-03-26 18:12:56,301:hal4000:INFO:message:
2026-03-26 18:12:56,301:hal4000:INFO:  handled by,60,focuslock,start camera
2026-03-26 18:12:56,301:hal4000:INFO:message:
2026-03-26 18:12:56,301:hal4000:INFO:  handled by,60,illumination,start camera
2026-03-26 18:12:56,301:hal4000:INFO:message:
2026-03-26 18:12:56,301:hal4000:INFO:  handled by,60,mosaic,start camera
2026-03-26 18:12:56,302:hal4000:INFO:message:
2026-03-26 18:12:56,302:hal4000:INFO:  handled by,60,mpb642,start camera
2026-03-26 18:12:56,302:hal4000:INFO:message:
2026-03-26 18:12:56,302:hal4000:INFO:  handled by,60,none_irlaser,start camera
2026-03-26 18:12:56,302:hal4000:INFO:message:
2026-03-26 18:12:56,302:hal4000:INFO:  handled by,60,obis405,start camera
2026-03-26 18:12:56,303:hal4000:INFO:message:
2026-03-26 18:12:56,303:hal4000:INFO:  handled by,60,pi_controller,start camera
2026-03-26 18:12:56,303:hal4000:INFO:message:
2026-03-26 18:12:56,303:hal4000:INFO:  handled by,60,progressions,start camera
2026-03-26 18:12:56,304:hal4000:INFO:message:
2026-03-26 18:12:56,304:hal4000:INFO:  handled by,60,scmos_cal,start camera
2026-03-26 18:12:56,304:hal4000:INFO:message:
2026-03-26 18:12:56,304:hal4000:INFO:  handled by,60,settings,start camera
2026-03-26 18:12:56,304:hal4000:INFO:message:
2026-03-26 18:12:56,304:hal4000:INFO:  handled by,60,spotcounter,start camera
2026-03-26 18:12:56,305:hal4000:INFO:message:
2026-03-26 18:12:56,305:hal4000:INFO:  handled by,60,stage,start camera
2026-03-26 18:12:56,305:hal4000:INFO:message:
2026-03-26 18:12:56,305:hal4000:INFO:  handled by,60,tcp_control,start camera
2026-03-26 18:12:56,306:hal4000:INFO:message:
2026-03-26 18:12:56,306:hal4000:INFO:  handled by,60,timing,start camera
2026-03-26 18:12:56,306:hal4000:INFO:message:
2026-03-26 18:12:56,306:hal4000:INFO:  handled by,60,uc480_camera,start camera
2026-03-26 18:12:56,306:hal4000:INFO:message:
2026-03-26 18:12:56,306:hal4000:INFO:  handled by,60,z_stage,start camera
2026-03-26 18:12:56,307:hal4000:INFO:message:
2026-03-26 18:12:56,307:hal4000:INFO:  processed,60,film,start camera
2026-03-26 18:12:56,322:hal4000:INFO:message:
2026-03-26 18:12:56,322:hal4000:INFO:  sent,62,film,start camera
2026-03-26 18:12:56,323:hal4000:INFO:message:
2026-03-26 18:12:56,323:hal4000:INFO:  handled by,62,hal,start camera
2026-03-26 18:12:56,323:hal4000:INFO:message:
2026-03-26 18:12:56,324:hal4000:INFO:  handled by,62,aotf,start camera
2026-03-26 18:12:56,324:hal4000:INFO:message:
2026-03-26 18:12:56,324:hal4000:INFO:  handled by,62,camera1,start camera
2026-03-26 18:12:56,324:hal4000:INFO:message:
2026-03-26 18:12:56,324:hal4000:INFO:  handled by,62,clemex_stage,start camera
2026-03-26 18:12:56,325:hal4000:INFO:message:
2026-03-26 18:12:56,325:hal4000:INFO:  handled by,62,coherentGenesis488,start camera
2026-03-26 18:12:56,325:hal4000:INFO:message:
2026-03-26 18:12:56,325:hal4000:INFO:  handled by,62,coherentGenesis560,start camera
2026-03-26 18:12:56,326:hal4000:INFO:message:
2026-03-26 18:12:56,326:hal4000:INFO:  handled by,62,display,start camera
2026-03-26 18:12:56,329:hal4000:INFO:message:
2026-03-26 18:12:56,329:hal4000:INFO:  handled by,62,feeds,start camera
2026-03-26 18:12:56,330:hal4000:INFO:message:
2026-03-26 18:12:56,330:hal4000:INFO:  handled by,62,film,start camera
2026-03-26 18:12:56,330:hal4000:INFO:message:
2026-03-26 18:12:56,330:hal4000:INFO:  handled by,62,focuslock,start camera
2026-03-26 18:12:56,330:hal4000:INFO:message:
2026-03-26 18:12:56,330:hal4000:INFO:  handled by,62,illumination,start camera
2026-03-26 18:12:56,331:hal4000:INFO:message:
2026-03-26 18:12:56,331:hal4000:INFO:  handled by,62,mosaic,start camera
2026-03-26 18:12:56,331:hal4000:INFO:message:
2026-03-26 18:12:56,331:hal4000:INFO:  handled by,62,mpb642,start camera
2026-03-26 18:12:56,331:hal4000:INFO:message:
2026-03-26 18:12:56,331:hal4000:INFO:  handled by,62,none_irlaser,start camera
2026-03-26 18:12:56,332:hal4000:INFO:message:
2026-03-26 18:12:56,332:hal4000:INFO:  handled by,62,obis405,start camera
2026-03-26 18:12:56,332:hal4000:INFO:message:
2026-03-26 18:12:56,332:hal4000:INFO:  handled by,62,pi_controller,start camera
2026-03-26 18:12:56,332:hal4000:INFO:message:
2026-03-26 18:12:56,332:hal4000:INFO:  handled by,62,progressions,start camera
2026-03-26 18:12:56,333:hal4000:INFO:message:
2026-03-26 18:12:56,333:hal4000:INFO:  handled by,62,scmos_cal,start camera
2026-03-26 18:12:56,333:hal4000:INFO:message:
2026-03-26 18:12:56,333:hal4000:INFO:  handled by,62,settings,start camera
2026-03-26 18:12:56,333:hal4000:INFO:message:
2026-03-26 18:12:56,333:hal4000:INFO:  handled by,62,spotcounter,start camera
2026-03-26 18:12:56,333:hal4000:INFO:message:
2026-03-26 18:12:56,334:hal4000:INFO:  handled by,62,stage,start camera
2026-03-26 18:12:56,334:hal4000:INFO:message:
2026-03-26 18:12:56,334:hal4000:INFO:  handled by,62,tcp_control,start camera
2026-03-26 18:12:56,334:hal4000:INFO:message:
2026-03-26 18:12:56,334:hal4000:INFO:  handled by,62,timing,start camera
2026-03-26 18:12:56,334:hal4000:INFO:message:
2026-03-26 18:12:56,335:hal4000:INFO:  handled by,62,uc480_camera,start camera
2026-03-26 18:12:56,335:hal4000:INFO:message:
2026-03-26 18:12:56,335:hal4000:INFO:  handled by,62,z_stage,start camera
2026-03-26 18:12:56,335:hal4000:INFO:message:
2026-03-26 18:12:56,335:hal4000:INFO:  sent,63,illumination,new shutters file
2026-03-26 18:12:56,338:hal4000:INFO:message:
2026-03-26 18:12:56,338:hal4000:INFO:  worker started 60000,62,film,start camera
2026-03-26 18:12:56,338:hal4000:INFO:message:
2026-03-26 18:12:56,338:hal4000:INFO:  handled by,63,hal,new shutters file
2026-03-26 18:12:56,339:hal4000:INFO:message:
2026-03-26 18:12:56,339:hal4000:INFO:  handled by,63,aotf,new shutters file
2026-03-26 18:12:56,339:hal4000:INFO:message:
2026-03-26 18:12:56,339:hal4000:INFO:  handled by,63,clemex_stage,new shutters file
2026-03-26 18:12:56,339:hal4000:INFO:message:
2026-03-26 18:12:56,339:hal4000:INFO:  handled by,63,coherentGenesis488,new shutters file
2026-03-26 18:12:56,340:hal4000:INFO:message:
2026-03-26 18:12:56,340:hal4000:INFO:  handled by,63,coherentGenesis560,new shutters file
2026-03-26 18:12:56,340:hal4000:INFO:message:
2026-03-26 18:12:56,340:hal4000:INFO:  handled by,63,display,new shutters file
2026-03-26 18:12:56,340:hal4000:INFO:message:
2026-03-26 18:12:56,340:hal4000:INFO:  handled by,63,feeds,new shutters file
2026-03-26 18:12:56,341:hal4000:INFO:message:
2026-03-26 18:12:56,341:hal4000:INFO:  handled by,63,film,new shutters file
2026-03-26 18:12:56,341:hal4000:INFO:message:
2026-03-26 18:12:56,341:hal4000:INFO:  handled by,63,focuslock,new shutters file
2026-03-26 18:12:56,350:hal4000:INFO:message:
2026-03-26 18:12:56,350:hal4000:INFO:  queued,65,illumination,configuration
2026-03-26 18:12:56,350:hal4000:INFO:message:
2026-03-26 18:12:56,350:hal4000:INFO:  handled by,63,illumination,new shutters file
2026-03-26 18:12:56,350:hal4000:INFO:message:
2026-03-26 18:12:56,350:hal4000:INFO:  handled by,63,mosaic,new shutters file
2026-03-26 18:12:56,351:hal4000:INFO:message:
2026-03-26 18:12:56,351:hal4000:INFO:  handled by,63,mpb642,new shutters file
2026-03-26 18:12:56,351:hal4000:INFO:message:
2026-03-26 18:12:56,351:hal4000:INFO:  handled by,63,none_irlaser,new shutters file
2026-03-26 18:12:56,351:hal4000:INFO:message:
2026-03-26 18:12:56,351:hal4000:INFO:  handled by,63,obis405,new shutters file
2026-03-26 18:12:56,352:hal4000:INFO:message:
2026-03-26 18:12:56,352:hal4000:INFO:  handled by,63,pi_controller,new shutters file
2026-03-26 18:12:56,352:hal4000:INFO:message:
2026-03-26 18:12:56,352:hal4000:INFO:  handled by,63,progressions,new shutters file
2026-03-26 18:12:56,352:hal4000:INFO:message:
2026-03-26 18:12:56,352:hal4000:INFO:  handled by,63,scmos_cal,new shutters file
2026-03-26 18:12:56,352:hal4000:INFO:message:
2026-03-26 18:12:56,353:hal4000:INFO:  handled by,63,settings,new shutters file
2026-03-26 18:12:56,353:hal4000:INFO:message:
2026-03-26 18:12:56,353:hal4000:INFO:  handled by,63,spotcounter,new shutters file
2026-03-26 18:12:56,353:hal4000:INFO:message:
2026-03-26 18:12:56,354:hal4000:INFO:  handled by,63,stage,new shutters file
2026-03-26 18:12:56,354:hal4000:INFO:message:
2026-03-26 18:12:56,354:hal4000:INFO:  handled by,63,tcp_control,new shutters file
2026-03-26 18:12:56,354:hal4000:INFO:message:
2026-03-26 18:12:56,354:hal4000:INFO:  handled by,63,timing,new shutters file
2026-03-26 18:12:56,354:hal4000:INFO:message:
2026-03-26 18:12:56,354:hal4000:INFO:  handled by,63,uc480_camera,new shutters file
2026-03-26 18:12:56,355:hal4000:INFO:message:
2026-03-26 18:12:56,355:hal4000:INFO:  handled by,63,z_stage,new shutters file
2026-03-26 18:12:56,355:hal4000:INFO:message:
2026-03-26 18:12:56,355:hal4000:INFO:  sent,64,spotcounter,get functionality
2026-03-26 18:12:56,356:hal4000:INFO:message:
2026-03-26 18:12:56,356:hal4000:INFO:  handled by,64,hal,get functionality
2026-03-26 18:12:56,356:hal4000:INFO:message:
2026-03-26 18:12:56,356:hal4000:INFO:  handled by,64,aotf,get functionality
2026-03-26 18:12:56,357:hal4000:INFO:message:
2026-03-26 18:12:56,357:hal4000:INFO:  handled by,64,clemex_stage,get functionality
2026-03-26 18:12:56,357:hal4000:INFO:message:
2026-03-26 18:12:56,357:hal4000:INFO:  handled by,64,coherentGenesis488,get functionality
2026-03-26 18:12:56,357:hal4000:INFO:message:
2026-03-26 18:12:56,357:hal4000:INFO:  handled by,64,coherentGenesis560,get functionality
2026-03-26 18:12:56,358:hal4000:INFO:message:
2026-03-26 18:12:56,358:hal4000:INFO:  handled by,64,display,get functionality
2026-03-26 18:12:56,358:hal4000:INFO:message:
2026-03-26 18:12:56,358:hal4000:INFO:  handled by,64,feeds,get functionality
2026-03-26 18:12:56,358:hal4000:INFO:message:
2026-03-26 18:12:56,358:hal4000:INFO:  handled by,64,film,get functionality
2026-03-26 18:12:56,358:hal4000:INFO:message:
2026-03-26 18:12:56,359:hal4000:INFO:  handled by,64,focuslock,get functionality
2026-03-26 18:12:56,359:hal4000:INFO:message:
2026-03-26 18:12:56,359:hal4000:INFO:  handled by,64,illumination,get functionality
2026-03-26 18:12:56,359:hal4000:INFO:message:
2026-03-26 18:12:56,359:hal4000:INFO:  handled by,64,mosaic,get functionality
2026-03-26 18:12:56,359:hal4000:INFO:message:
2026-03-26 18:12:56,360:hal4000:INFO:  handled by,64,mpb642,get functionality
2026-03-26 18:12:56,360:hal4000:INFO:message:
2026-03-26 18:12:56,360:hal4000:INFO:  handled by,64,none_irlaser,get functionality
2026-03-26 18:12:56,360:hal4000:INFO:message:
2026-03-26 18:12:56,360:hal4000:INFO:  handled by,64,obis405,get functionality
2026-03-26 18:12:56,360:hal4000:INFO:message:
2026-03-26 18:12:56,360:hal4000:INFO:  handled by,64,pi_controller,get functionality
2026-03-26 18:12:56,361:hal4000:INFO:message:
2026-03-26 18:12:56,361:hal4000:INFO:  handled by,64,progressions,get functionality
2026-03-26 18:12:56,361:hal4000:INFO:message:
2026-03-26 18:12:56,361:hal4000:INFO:  handled by,64,scmos_cal,get functionality
2026-03-26 18:12:56,361:hal4000:INFO:message:
2026-03-26 18:12:56,361:hal4000:INFO:  handled by,64,settings,get functionality
2026-03-26 18:12:56,362:hal4000:INFO:message:
2026-03-26 18:12:56,362:hal4000:INFO:  handled by,64,spotcounter,get functionality
2026-03-26 18:12:56,362:hal4000:INFO:message:
2026-03-26 18:12:56,362:hal4000:INFO:  handled by,64,stage,get functionality
2026-03-26 18:12:56,362:hal4000:INFO:message:
2026-03-26 18:12:56,362:hal4000:INFO:  handled by,64,tcp_control,get functionality
2026-03-26 18:12:56,362:hal4000:INFO:message:
2026-03-26 18:12:56,363:hal4000:INFO:  handled by,64,timing,get functionality
2026-03-26 18:12:56,363:hal4000:INFO:message:
2026-03-26 18:12:56,363:hal4000:INFO:  handled by,64,uc480_camera,get functionality
2026-03-26 18:12:56,363:hal4000:INFO:message:
2026-03-26 18:12:56,363:hal4000:INFO:  handled by,64,z_stage,get functionality
2026-03-26 18:12:56,363:hal4000:INFO:message:
2026-03-26 18:12:56,364:hal4000:INFO:  sent,65,illumination,configuration
2026-03-26 18:12:56,365:hal4000:INFO:message:
2026-03-26 18:12:56,366:hal4000:INFO:  handled by,65,hal,configuration
2026-03-26 18:12:56,366:hal4000:INFO:message:
2026-03-26 18:12:56,366:hal4000:INFO:  handled by,65,aotf,configuration
2026-03-26 18:12:56,366:hal4000:INFO:message:
2026-03-26 18:12:56,367:hal4000:INFO:  handled by,65,clemex_stage,configuration
2026-03-26 18:12:56,367:hal4000:INFO:message:
2026-03-26 18:12:56,367:hal4000:INFO:  handled by,65,coherentGenesis488,configuration
2026-03-26 18:12:56,367:hal4000:INFO:message:
2026-03-26 18:12:56,367:hal4000:INFO:  handled by,65,coherentGenesis560,configuration
2026-03-26 18:12:56,368:hal4000:INFO:message:
2026-03-26 18:12:56,368:hal4000:INFO:  handled by,65,display,configuration
2026-03-26 18:12:56,368:hal4000:INFO:message:
2026-03-26 18:12:56,368:hal4000:INFO:  handled by,65,feeds,configuration
2026-03-26 18:12:56,368:hal4000:INFO:message:
2026-03-26 18:12:56,369:hal4000:INFO:  handled by,65,film,configuration
2026-03-26 18:12:56,369:hal4000:INFO:message:
2026-03-26 18:12:56,369:hal4000:INFO:  handled by,65,focuslock,configuration
2026-03-26 18:12:56,369:hal4000:INFO:message:
2026-03-26 18:12:56,369:hal4000:INFO:  handled by,65,illumination,configuration
2026-03-26 18:12:56,370:hal4000:INFO:message:
2026-03-26 18:12:56,370:hal4000:INFO:  handled by,65,mosaic,configuration
2026-03-26 18:12:56,370:hal4000:INFO:message:
2026-03-26 18:12:56,370:hal4000:INFO:  handled by,65,mpb642,configuration
2026-03-26 18:12:56,370:hal4000:INFO:message:
2026-03-26 18:12:56,370:hal4000:INFO:  handled by,65,none_irlaser,configuration
2026-03-26 18:12:56,371:hal4000:INFO:message:
2026-03-26 18:12:56,372:hal4000:INFO:  handled by,65,obis405,configuration
2026-03-26 18:12:56,372:hal4000:INFO:message:
2026-03-26 18:12:56,372:hal4000:INFO:  handled by,65,pi_controller,configuration
2026-03-26 18:12:56,372:hal4000:INFO:message:
2026-03-26 18:12:56,372:hal4000:INFO:  handled by,65,progressions,configuration
2026-03-26 18:12:56,372:hal4000:INFO:message:
2026-03-26 18:12:56,373:hal4000:INFO:  handled by,65,scmos_cal,configuration
2026-03-26 18:12:56,373:hal4000:INFO:message:
2026-03-26 18:12:56,373:hal4000:INFO:  handled by,65,settings,configuration
2026-03-26 18:12:56,373:hal4000:INFO:message:
2026-03-26 18:12:56,374:hal4000:INFO:  handled by,65,spotcounter,configuration
2026-03-26 18:12:56,374:hal4000:INFO:message:
2026-03-26 18:12:56,374:hal4000:INFO:  handled by,65,stage,configuration
2026-03-26 18:12:56,374:hal4000:INFO:message:
2026-03-26 18:12:56,374:hal4000:INFO:  handled by,65,tcp_control,configuration
2026-03-26 18:12:56,375:hal4000:INFO:message:
2026-03-26 18:12:56,375:hal4000:INFO:  handled by,65,timing,configuration
2026-03-26 18:12:56,375:hal4000:INFO:message:
2026-03-26 18:12:56,375:hal4000:INFO:  handled by,65,uc480_camera,configuration
2026-03-26 18:12:56,375:hal4000:INFO:message:
2026-03-26 18:12:56,375:hal4000:INFO:  handled by,65,z_stage,configuration
2026-03-26 18:12:56,685:hal4000:INFO:message:
2026-03-26 18:12:56,685:hal4000:INFO:  handled by,62,camera1,start camera
2026-03-26 18:12:56,685:hal4000:INFO:message:
2026-03-26 18:12:56,685:hal4000:INFO:  processed,62,film,start camera
2026-03-26 18:12:56,686:hal4000:INFO:message:
2026-03-26 18:12:56,686:hal4000:INFO:  worker done,62,film,start camera
2026-03-26 18:12:56,687:hal4000:INFO:message:
2026-03-26 18:12:56,687:hal4000:INFO:  handled by,63,camera1,new shutters file
2026-03-26 18:12:56,687:hal4000:INFO:message:
2026-03-26 18:12:56,687:hal4000:INFO:  processed,63,illumination,new shutters file
2026-03-26 18:12:56,688:hal4000:INFO:message:
2026-03-26 18:12:56,688:hal4000:INFO:  handled by,64,camera1,get functionality
2026-03-26 18:12:56,689:hal4000:INFO:message:
2026-03-26 18:12:56,689:hal4000:INFO:  processed,64,spotcounter,get functionality
2026-03-26 18:12:56,690:hal4000:INFO:message:
2026-03-26 18:12:56,690:hal4000:INFO:  handled by,65,camera1,configuration
2026-03-26 18:12:56,691:hal4000:INFO:message:
2026-03-26 18:12:56,691:hal4000:INFO:  processed,65,illumination,configuration
