2026-03-26 16:41:11,830:hal4000:INFO:message:
2026-03-26 16:41:11,831:hal4000:INFO:  handled by,57,scmos_cal,get functionality
2026-03-26 16:41:11,831:hal4000:INFO:message:
2026-03-26 16:41:11,831:hal4000:INFO:  handled by,57,settings,get functionality
2026-03-26 16:41:11,832:hal4000:INFO:message:
2026-03-26 16:41:11,832:hal4000:INFO:  handled by,57,spotcounter,get functionality
2026-03-26 16:41:11,832:hal4000:INFO:message:
2026-03-26 16:41:11,832:hal4000:INFO:  handled by,57,stage,get functionality
2026-03-26 16:41:11,832:hal4000:INFO:message:
2026-03-26 16:41:11,832:hal4000:INFO:  handled by,57,tcp_control,get functionality
2026-03-26 16:41:11,833:hal4000:INFO:message:
2026-03-26 16:41:11,833:hal4000:INFO:  handled by,57,timing,get functionality
2026-03-26 16:41:11,833:hal4000:INFO:message:
2026-03-26 16:41:11,833:hal4000:INFO:  handled by,57,uc480_camera,get functionality
2026-03-26 16:41:11,833:hal4000:INFO:message:
2026-03-26 16:41:11,834:hal4000:INFO:  handled by,57,z_stage,get functionality
2026-03-26 16:41:11,834:hal4000:INFO:message:
2026-03-26 16:41:11,834:hal4000:INFO:  processed,57,scmos_cal,get functionality
2026-03-26 16:41:11,836:hal4000:INFO:message:
2026-03-26 16:41:11,836:hal4000:INFO:  sent,3,core,start
2026-03-26 16:41:11,863:hal4000:INFO:message:
2026-03-26 16:41:11,863:hal4000:INFO:  queued,58,hal,change directory
2026-03-26 16:41:11,863:hal4000:INFO:message:
2026-03-26 16:41:11,863:hal4000:INFO:  handled by,3,hal,start
2026-03-26 16:41:11,864:hal4000:INFO:message:
2026-03-26 16:41:11,864:hal4000:INFO:  handled by,3,aotf,start
2026-03-26 16:41:11,864:hal4000:INFO:message:
2026-03-26 16:41:11,864:hal4000:INFO:  handled by,3,camera1,start
2026-03-26 16:41:11,865:hal4000:INFO:message:
2026-03-26 16:41:11,865:hal4000:INFO:  handled by,3,clemex_stage,start
2026-03-26 16:41:11,865:hal4000:INFO:message:
2026-03-26 16:41:11,865:hal4000:INFO:  handled by,3,coherentGenesis488,start
2026-03-26 16:41:11,866:hal4000:INFO:message:
2026-03-26 16:41:11,866:hal4000:INFO:  handled by,3,coherentGenesis560,start
2026-03-26 16:41:11,866:hal4000:INFO:message:
2026-03-26 16:41:11,867:hal4000:INFO:  queued,59,display,get functionality
2026-03-26 16:41:11,867:hal4000:INFO:message:
2026-03-26 16:41:11,867:hal4000:INFO:  handled by,3,display,start
2026-03-26 16:41:11,867:hal4000:INFO:message:
2026-03-26 16:41:11,868:hal4000:INFO:  handled by,3,feeds,start
2026-03-26 16:41:11,868:hal4000:INFO:message:
2026-03-26 16:41:11,868:hal4000:INFO:  queued,60,film,start camera
2026-03-26 16:41:11,868:hal4000:INFO:message:
2026-03-26 16:41:11,869:hal4000:INFO:  queued,61,film,sync
2026-03-26 16:41:11,869:hal4000:INFO:message:
2026-03-26 16:41:11,869:hal4000:INFO:  queued,62,film,start camera
2026-03-26 16:41:11,869:hal4000:INFO:message:
2026-03-26 16:41:11,870:hal4000:INFO:  handled by,3,film,start
2026-03-26 16:41:11,887:hal4000:INFO:message:
2026-03-26 16:41:11,887:hal4000:INFO:  handled by,3,focuslock,start
2026-03-26 16:41:11,896:hal4000:INFO:message:
2026-03-26 16:41:11,896:hal4000:INFO:  queued,63,illumination,new shutters file
2026-03-26 16:41:11,903:hal4000:INFO:message:
2026-03-26 16:41:11,903:hal4000:INFO:  handled by,3,illumination,start
2026-03-26 16:41:11,904:hal4000:INFO:message:
2026-03-26 16:41:11,904:hal4000:INFO:  handled by,3,mosaic,start
2026-03-26 16:41:11,904:hal4000:INFO:message:
2026-03-26 16:41:11,904:hal4000:INFO:  handled by,3,mpb642,start
2026-03-26 16:41:11,904:hal4000:INFO:message:
2026-03-26 16:41:11,905:hal4000:INFO:  handled by,3,none_irlaser,start
2026-03-26 16:41:11,905:hal4000:INFO:message:
2026-03-26 16:41:11,905:hal4000:INFO:  handled by,3,obis405,start
2026-03-26 16:41:11,905:hal4000:INFO:message:
2026-03-26 16:41:11,906:hal4000:INFO:  handled by,3,pi_controller,start
2026-03-26 16:41:11,906:hal4000:INFO:message:
2026-03-26 16:41:11,906:hal4000:INFO:  handled by,3,progressions,start
2026-03-26 16:41:11,906:hal4000:INFO:message:
2026-03-26 16:41:11,906:hal4000:INFO:  handled by,3,scmos_cal,start
2026-03-26 16:41:11,907:hal4000:INFO:message:
2026-03-26 16:41:11,907:hal4000:INFO:  handled by,3,settings,start
2026-03-26 16:41:11,907:hal4000:INFO:message:
2026-03-26 16:41:11,907:hal4000:INFO:  queued,64,spotcounter,get functionality
2026-03-26 16:41:11,908:hal4000:INFO:message:
2026-03-26 16:41:11,908:hal4000:INFO:  handled by,3,spotcounter,start
2026-03-26 16:41:11,915:hal4000:INFO:message:
2026-03-26 16:41:11,916:hal4000:INFO:  handled by,3,stage,start
2026-03-26 16:41:11,916:hal4000:INFO:message:
2026-03-26 16:41:11,916:hal4000:INFO:  handled by,3,tcp_control,start
2026-03-26 16:41:11,916:hal4000:INFO:message:
2026-03-26 16:41:11,917:hal4000:INFO:  handled by,3,timing,start
2026-03-26 16:41:11,917:hal4000:INFO:message:
2026-03-26 16:41:11,917:hal4000:INFO:  handled by,3,uc480_camera,start
2026-03-26 16:41:11,924:hal4000:INFO:message:
2026-03-26 16:41:11,924:hal4000:INFO:  handled by,3,z_stage,start
2026-03-26 16:41:11,925:hal4000:INFO:message:
2026-03-26 16:41:11,925:hal4000:INFO:  processed,3,core,start
2026-03-26 16:41:12,001:hal4000:INFO:message:
2026-03-26 16:41:12,001:hal4000:INFO:  sent,58,hal,change directory
2026-03-26 16:41:12,028:hal4000:INFO:message:
2026-03-26 16:41:12,028:hal4000:INFO:  handled by,58,hal,change directory
2026-03-26 16:41:12,029:hal4000:INFO:message:
2026-03-26 16:41:12,029:hal4000:INFO:  handled by,58,aotf,change directory
2026-03-26 16:41:12,029:hal4000:INFO:message:
2026-03-26 16:41:12,029:hal4000:INFO:  handled by,58,camera1,change directory
2026-03-26 16:41:12,029:hal4000:INFO:message:
2026-03-26 16:41:12,030:hal4000:INFO:  handled by,58,clemex_stage,change directory
2026-03-26 16:41:12,030:hal4000:INFO:message:
2026-03-26 16:41:12,030:hal4000:INFO:  handled by,58,coherentGenesis488,change directory
2026-03-26 16:41:12,030:hal4000:INFO:message:
2026-03-26 16:41:12,031:hal4000:INFO:  handled by,58,coherentGenesis560,change directory
2026-03-26 16:41:12,031:hal4000:INFO:message:
2026-03-26 16:41:12,031:hal4000:INFO:  handled by,58,display,change directory
2026-03-26 16:41:12,031:hal4000:INFO:message:
2026-03-26 16:41:12,031:hal4000:INFO:  handled by,58,feeds,change directory
2026-03-26 16:41:12,032:hal4000:INFO:message:
2026-03-26 16:41:12,032:hal4000:INFO:  handled by,58,film,change directory
2026-03-26 16:41:12,032:hal4000:INFO:message:
2026-03-26 16:41:12,033:hal4000:INFO:  handled by,58,focuslock,change directory
2026-03-26 16:41:12,033:hal4000:INFO:message:
2026-03-26 16:41:12,033:hal4000:INFO:  handled by,58,illumination,change directory
2026-03-26 16:41:12,033:hal4000:INFO:message:
2026-03-26 16:41:12,033:hal4000:INFO:  handled by,58,mosaic,change directory
2026-03-26 16:41:12,034:hal4000:INFO:message:
2026-03-26 16:41:12,034:hal4000:INFO:  handled by,58,mpb642,change directory
2026-03-26 16:41:12,034:hal4000:INFO:message:
2026-03-26 16:41:12,034:hal4000:INFO:  handled by,58,none_irlaser,change directory
2026-03-26 16:41:12,034:hal4000:INFO:message:
2026-03-26 16:41:12,035:hal4000:INFO:  handled by,58,obis405,change directory
2026-03-26 16:41:12,035:hal4000:INFO:message:
2026-03-26 16:41:12,035:hal4000:INFO:  handled by,58,pi_controller,change directory
2026-03-26 16:41:12,035:hal4000:INFO:message:
2026-03-26 16:41:12,036:hal4000:INFO:  handled by,58,progressions,change directory
2026-03-26 16:41:12,036:hal4000:INFO:message:
2026-03-26 16:41:12,036:hal4000:INFO:  handled by,58,scmos_cal,change directory
2026-03-26 16:41:12,036:hal4000:INFO:message:
2026-03-26 16:41:12,037:hal4000:INFO:  handled by,58,settings,change directory
2026-03-26 16:41:12,037:hal4000:INFO:message:
2026-03-26 16:41:12,037:hal4000:INFO:  handled by,58,spotcounter,change directory
2026-03-26 16:41:12,038:hal4000:INFO:message:
2026-03-26 16:41:12,038:hal4000:INFO:  handled by,58,stage,change directory
2026-03-26 16:41:12,038:hal4000:INFO:message:
2026-03-26 16:41:12,038:hal4000:INFO:  handled by,58,tcp_control,change directory
2026-03-26 16:41:12,039:hal4000:INFO:message:
2026-03-26 16:41:12,039:hal4000:INFO:  handled by,58,timing,change directory
2026-03-26 16:41:12,039:hal4000:INFO:message:
2026-03-26 16:41:12,039:hal4000:INFO:  handled by,58,uc480_camera,change directory
2026-03-26 16:41:12,039:hal4000:INFO:message:
2026-03-26 16:41:12,040:hal4000:INFO:  handled by,58,z_stage,change directory
2026-03-26 16:41:12,040:hal4000:INFO:message:
2026-03-26 16:41:12,040:hal4000:INFO:  processed,58,hal,change directory
2026-03-26 16:41:12,040:hal4000:INFO:message:
2026-03-26 16:41:12,041:hal4000:INFO:  sent,59,display,get functionality
2026-03-26 16:41:12,048:hal4000:INFO:message:
2026-03-26 16:41:12,049:hal4000:INFO:  handled by,59,hal,get functionality
2026-03-26 16:41:12,049:hal4000:INFO:message:
2026-03-26 16:41:12,049:hal4000:INFO:  handled by,59,aotf,get functionality
2026-03-26 16:41:12,049:hal4000:INFO:message:
2026-03-26 16:41:12,050:hal4000:INFO:  handled by,59,camera1,get functionality
2026-03-26 16:41:12,050:hal4000:INFO:message:
2026-03-26 16:41:12,050:hal4000:INFO:  handled by,59,clemex_stage,get functionality
2026-03-26 16:41:12,050:hal4000:INFO:message:
2026-03-26 16:41:12,051:hal4000:INFO:  handled by,59,coherentGenesis488,get functionality
2026-03-26 16:41:12,051:hal4000:INFO:message:
2026-03-26 16:41:12,051:hal4000:INFO:  handled by,59,coherentGenesis560,get functionality
2026-03-26 16:41:12,052:hal4000:INFO:message:
2026-03-26 16:41:12,052:hal4000:INFO:  handled by,59,display,get functionality
2026-03-26 16:41:12,052:hal4000:INFO:message:
2026-03-26 16:41:12,052:hal4000:INFO:  handled by,59,feeds,get functionality
2026-03-26 16:41:12,052:hal4000:INFO:message:
2026-03-26 16:41:12,053:hal4000:INFO:  handled by,59,film,get functionality
2026-03-26 16:41:12,053:hal4000:INFO:message:
2026-03-26 16:41:12,053:hal4000:INFO:  handled by,59,focuslock,get functionality
2026-03-26 16:41:12,053:hal4000:INFO:message:
2026-03-26 16:41:12,053:hal4000:INFO:  handled by,59,illumination,get functionality
2026-03-26 16:41:12,054:hal4000:INFO:message:
2026-03-26 16:41:12,054:hal4000:INFO:  handled by,59,mosaic,get functionality
2026-03-26 16:41:12,054:hal4000:INFO:message:
2026-03-26 16:41:12,054:hal4000:INFO:  handled by,59,mpb642,get functionality
2026-03-26 16:41:12,054:hal4000:INFO:message:
2026-03-26 16:41:12,054:hal4000:INFO:  handled by,59,none_irlaser,get functionality
2026-03-26 16:41:12,055:hal4000:INFO:message:
2026-03-26 16:41:12,055:hal4000:INFO:  handled by,59,obis405,get functionality
2026-03-26 16:41:12,055:hal4000:INFO:message:
2026-03-26 16:41:12,055:hal4000:INFO:  handled by,59,pi_controller,get functionality
2026-03-26 16:41:12,056:hal4000:INFO:message:
2026-03-26 16:41:12,056:hal4000:INFO:  handled by,59,progressions,get functionality
2026-03-26 16:41:12,056:hal4000:INFO:message:
2026-03-26 16:41:12,056:hal4000:INFO:  handled by,59,scmos_cal,get functionality
2026-03-26 16:41:12,056:hal4000:INFO:message:
2026-03-26 16:41:12,056:hal4000:INFO:  handled by,59,settings,get functionality
2026-03-26 16:41:12,057:hal4000:INFO:message:
2026-03-26 16:41:12,057:hal4000:INFO:  handled by,59,spotcounter,get functionality
2026-03-26 16:41:12,057:hal4000:INFO:message:
2026-03-26 16:41:12,057:hal4000:INFO:  handled by,59,stage,get functionality
2026-03-26 16:41:12,058:hal4000:INFO:message:
2026-03-26 16:41:12,058:hal4000:INFO:  handled by,59,tcp_control,get functionality
2026-03-26 16:41:12,058:hal4000:INFO:message:
2026-03-26 16:41:12,059:hal4000:INFO:  handled by,59,timing,get functionality
2026-03-26 16:41:12,059:hal4000:INFO:message:
2026-03-26 16:41:12,059:hal4000:INFO:  handled by,59,uc480_camera,get functionality
2026-03-26 16:41:12,059:hal4000:INFO:message:
2026-03-26 16:41:12,059:hal4000:INFO:  handled by,59,z_stage,get functionality
2026-03-26 16:41:12,060:hal4000:INFO:message:
2026-03-26 16:41:12,060:hal4000:INFO:  processed,59,display,get functionality
2026-03-26 16:41:12,062:hal4000:INFO:message:
2026-03-26 16:41:12,063:hal4000:INFO:  sent,60,film,start camera
2026-03-26 16:41:12,066:hal4000:INFO:message:
2026-03-26 16:41:12,067:hal4000:INFO:  handled by,60,hal,start camera
2026-03-26 16:41:12,067:hal4000:INFO:message:
2026-03-26 16:41:12,067:hal4000:INFO:  handled by,60,aotf,start camera
2026-03-26 16:41:12,067:hal4000:INFO:message:
2026-03-26 16:41:12,067:hal4000:INFO:  handled by,60,camera1,start camera
2026-03-26 16:41:12,068:hal4000:INFO:message:
2026-03-26 16:41:12,068:hal4000:INFO:  handled by,60,clemex_stage,start camera
2026-03-26 16:41:12,069:hal4000:INFO:message:
2026-03-26 16:41:12,069:hal4000:INFO:  handled by,60,coherentGenesis488,start camera
2026-03-26 16:41:12,069:hal4000:INFO:message:
2026-03-26 16:41:12,069:hal4000:INFO:  handled by,60,coherentGenesis560,start camera
2026-03-26 16:41:12,070:hal4000:INFO:message:
2026-03-26 16:41:12,070:hal4000:INFO:  handled by,60,display,start camera
2026-03-26 16:41:12,070:hal4000:INFO:message:
2026-03-26 16:41:12,070:hal4000:INFO:  handled by,60,feeds,start camera
2026-03-26 16:41:12,070:hal4000:INFO:message:
2026-03-26 16:41:12,071:hal4000:INFO:  handled by,60,film,start camera
2026-03-26 16:41:12,071:hal4000:INFO:message:
2026-03-26 16:41:12,071:hal4000:INFO:  handled by,60,focuslock,start camera
2026-03-26 16:41:12,071:hal4000:INFO:message:
2026-03-26 16:41:12,072:hal4000:INFO:  handled by,60,illumination,start camera
2026-03-26 16:41:12,072:hal4000:INFO:message:
2026-03-26 16:41:12,072:hal4000:INFO:  handled by,60,mosaic,start camera
2026-03-26 16:41:12,072:hal4000:INFO:message:
2026-03-26 16:41:12,073:hal4000:INFO:  handled by,60,mpb642,start camera
2026-03-26 16:41:12,073:hal4000:INFO:message:
2026-03-26 16:41:12,073:hal4000:INFO:  handled by,60,none_irlaser,start camera
2026-03-26 16:41:12,073:hal4000:INFO:message:
2026-03-26 16:41:12,073:hal4000:INFO:  handled by,60,obis405,start camera
2026-03-26 16:41:12,074:hal4000:INFO:message:
2026-03-26 16:41:12,074:hal4000:INFO:  handled by,60,pi_controller,start camera
2026-03-26 16:41:12,074:hal4000:INFO:message:
2026-03-26 16:41:12,074:hal4000:INFO:  handled by,60,progressions,start camera
2026-03-26 16:41:12,074:hal4000:INFO:message:
2026-03-26 16:41:12,075:hal4000:INFO:  handled by,60,scmos_cal,start camera
2026-03-26 16:41:12,075:hal4000:INFO:message:
2026-03-26 16:41:12,076:hal4000:INFO:  handled by,60,settings,start camera
2026-03-26 16:41:12,076:hal4000:INFO:message:
2026-03-26 16:41:12,076:hal4000:INFO:  handled by,60,spotcounter,start camera
2026-03-26 16:41:12,076:hal4000:INFO:message:
2026-03-26 16:41:12,076:hal4000:INFO:  handled by,60,stage,start camera
2026-03-26 16:41:12,077:hal4000:INFO:message:
2026-03-26 16:41:12,077:hal4000:INFO:  handled by,60,tcp_control,start camera
2026-03-26 16:41:12,077:hal4000:INFO:message:
2026-03-26 16:41:12,077:hal4000:INFO:  handled by,60,timing,start camera
2026-03-26 16:41:12,077:hal4000:INFO:message:
2026-03-26 16:41:12,077:hal4000:INFO:  handled by,60,uc480_camera,start camera
2026-03-26 16:41:12,078:hal4000:INFO:message:
2026-03-26 16:41:12,078:hal4000:INFO:  handled by,60,z_stage,start camera
2026-03-26 16:41:12,078:hal4000:INFO:message:
2026-03-26 16:41:12,078:hal4000:INFO:  processed,60,film,start camera
2026-03-26 16:41:12,081:hal4000:INFO:message:
2026-03-26 16:41:12,081:hal4000:INFO:  sent,62,film,start camera
2026-03-26 16:41:12,081:hal4000:INFO:message:
2026-03-26 16:41:12,081:hal4000:INFO:  handled by,62,hal,start camera
2026-03-26 16:41:12,082:hal4000:INFO:message:
2026-03-26 16:41:12,082:hal4000:INFO:  handled by,62,aotf,start camera
2026-03-26 16:41:12,082:hal4000:INFO:message:
2026-03-26 16:41:12,083:hal4000:INFO:  handled by,62,camera1,start camera
2026-03-26 16:41:12,083:hal4000:INFO:message:
2026-03-26 16:41:12,083:hal4000:INFO:  handled by,62,clemex_stage,start camera
2026-03-26 16:41:12,083:hal4000:INFO:message:
2026-03-26 16:41:12,084:hal4000:INFO:  handled by,62,coherentGenesis488,start camera
2026-03-26 16:41:12,084:hal4000:INFO:message:
2026-03-26 16:41:12,084:hal4000:INFO:  handled by,62,coherentGenesis560,start camera
2026-03-26 16:41:12,084:hal4000:INFO:message:
2026-03-26 16:41:12,085:hal4000:INFO:  handled by,62,display,start camera
2026-03-26 16:41:12,088:hal4000:INFO:message:
2026-03-26 16:41:12,088:hal4000:INFO:  handled by,62,feeds,start camera
2026-03-26 16:41:12,089:hal4000:INFO:message:
2026-03-26 16:41:12,089:hal4000:INFO:  handled by,62,film,start camera
2026-03-26 16:41:12,089:hal4000:INFO:message:
2026-03-26 16:41:12,089:hal4000:INFO:  handled by,62,focuslock,start camera
2026-03-26 16:41:12,090:hal4000:INFO:message:
2026-03-26 16:41:12,090:hal4000:INFO:  handled by,62,illumination,start camera
2026-03-26 16:41:12,090:hal4000:INFO:message:
2026-03-26 16:41:12,090:hal4000:INFO:  handled by,62,mosaic,start camera
2026-03-26 16:41:12,090:hal4000:INFO:message:
2026-03-26 16:41:12,091:hal4000:INFO:  handled by,62,mpb642,start camera
2026-03-26 16:41:12,091:hal4000:INFO:message:
2026-03-26 16:41:12,091:hal4000:INFO:  handled by,62,none_irlaser,start camera
2026-03-26 16:41:12,091:hal4000:INFO:message:
2026-03-26 16:41:12,091:hal4000:INFO:  handled by,62,obis405,start camera
2026-03-26 16:41:12,092:hal4000:INFO:message:
2026-03-26 16:41:12,092:hal4000:INFO:  handled by,62,pi_controller,start camera
2026-03-26 16:41:12,092:hal4000:INFO:message:
2026-03-26 16:41:12,092:hal4000:INFO:  handled by,62,progressions,start camera
2026-03-26 16:41:12,092:hal4000:INFO:message:
2026-03-26 16:41:12,093:hal4000:INFO:  handled by,62,scmos_cal,start camera
2026-03-26 16:41:12,093:hal4000:INFO:message:
2026-03-26 16:41:12,093:hal4000:INFO:  handled by,62,settings,start camera
2026-03-26 16:41:12,093:hal4000:INFO:message:
2026-03-26 16:41:12,094:hal4000:INFO:  handled by,62,spotcounter,start camera
2026-03-26 16:41:12,094:hal4000:INFO:message:
2026-03-26 16:41:12,094:hal4000:INFO:  handled by,62,stage,start camera
2026-03-26 16:41:12,095:hal4000:INFO:message:
2026-03-26 16:41:12,095:hal4000:INFO:  handled by,62,tcp_control,start camera
2026-03-26 16:41:12,095:hal4000:INFO:message:
2026-03-26 16:41:12,096:hal4000:INFO:  handled by,62,timing,start camera
2026-03-26 16:41:12,096:hal4000:INFO:message:
2026-03-26 16:41:12,096:hal4000:INFO:  handled by,62,uc480_camera,start camera
2026-03-26 16:41:12,096:hal4000:INFO:message:
2026-03-26 16:41:12,097:hal4000:INFO:  handled by,62,z_stage,start camera
2026-03-26 16:41:12,097:hal4000:INFO:message:
2026-03-26 16:41:12,097:hal4000:INFO:  sent,63,illumination,new shutters file
2026-03-26 16:41:12,098:hal4000:INFO:message:
2026-03-26 16:41:12,098:hal4000:INFO:  worker started 60000,62,film,start camera
2026-03-26 16:41:12,098:hal4000:INFO:message:
2026-03-26 16:41:12,098:hal4000:INFO:  handled by,63,hal,new shutters file
2026-03-26 16:41:12,098:hal4000:INFO:message:
2026-03-26 16:41:12,098:hal4000:INFO:  handled by,63,aotf,new shutters file
2026-03-26 16:41:12,099:hal4000:INFO:message:
2026-03-26 16:41:12,099:hal4000:INFO:  handled by,63,clemex_stage,new shutters file
2026-03-26 16:41:12,099:hal4000:INFO:message:
2026-03-26 16:41:12,099:hal4000:INFO:  handled by,63,coherentGenesis488,new shutters file
2026-03-26 16:41:12,099:hal4000:INFO:message:
2026-03-26 16:41:12,099:hal4000:INFO:  handled by,63,coherentGenesis560,new shutters file
2026-03-26 16:41:12,100:hal4000:INFO:message:
2026-03-26 16:41:12,100:hal4000:INFO:  handled by,63,display,new shutters file
2026-03-26 16:41:12,100:hal4000:INFO:message:
2026-03-26 16:41:12,100:hal4000:INFO:  handled by,63,feeds,new shutters file
2026-03-26 16:41:12,100:hal4000:INFO:message:
2026-03-26 16:41:12,100:hal4000:INFO:  handled by,63,film,new shutters file
2026-03-26 16:41:12,101:hal4000:INFO:message:
2026-03-26 16:41:12,101:hal4000:INFO:  handled by,63,focuslock,new shutters file
2026-03-26 16:41:12,102:hal4000:INFO:message:
2026-03-26 16:41:12,102:hal4000:INFO:  queued,65,illumination,configuration
2026-03-26 16:41:12,102:hal4000:INFO:message:
2026-03-26 16:41:12,103:hal4000:INFO:  handled by,63,illumination,new shutters file
2026-03-26 16:41:12,103:hal4000:INFO:message:
2026-03-26 16:41:12,103:hal4000:INFO:  handled by,63,mosaic,new shutters file
2026-03-26 16:41:12,103:hal4000:INFO:message:
2026-03-26 16:41:12,103:hal4000:INFO:  handled by,63,mpb642,new shutters file
2026-03-26 16:41:12,103:hal4000:INFO:message:
2026-03-26 16:41:12,104:hal4000:INFO:  handled by,63,none_irlaser,new shutters file
2026-03-26 16:41:12,104:hal4000:INFO:message:
2026-03-26 16:41:12,104:hal4000:INFO:  handled by,63,obis405,new shutters file
2026-03-26 16:41:12,104:hal4000:INFO:message:
2026-03-26 16:41:12,104:hal4000:INFO:  handled by,63,pi_controller,new shutters file
2026-03-26 16:41:12,104:hal4000:INFO:message:
2026-03-26 16:41:12,105:hal4000:INFO:  handled by,63,progressions,new shutters file
2026-03-26 16:41:12,105:hal4000:INFO:message:
2026-03-26 16:41:12,105:hal4000:INFO:  handled by,63,scmos_cal,new shutters file
2026-03-26 16:41:12,105:hal4000:INFO:message:
2026-03-26 16:41:12,105:hal4000:INFO:  handled by,63,settings,new shutters file
2026-03-26 16:41:12,106:hal4000:INFO:message:
2026-03-26 16:41:12,106:hal4000:INFO:  handled by,63,spotcounter,new shutters file
2026-03-26 16:41:12,106:hal4000:INFO:message:
2026-03-26 16:41:12,106:hal4000:INFO:  handled by,63,stage,new shutters file
2026-03-26 16:41:12,107:hal4000:INFO:message:
2026-03-26 16:41:12,107:hal4000:INFO:  handled by,63,tcp_control,new shutters file
2026-03-26 16:41:12,107:hal4000:INFO:message:
2026-03-26 16:41:12,107:hal4000:INFO:  handled by,63,timing,new shutters file
2026-03-26 16:41:12,108:hal4000:INFO:message:
2026-03-26 16:41:12,108:hal4000:INFO:  handled by,63,uc480_camera,new shutters file
2026-03-26 16:41:12,108:hal4000:INFO:message:
2026-03-26 16:41:12,108:hal4000:INFO:  handled by,63,z_stage,new shutters file
2026-03-26 16:41:12,109:hal4000:INFO:message:
2026-03-26 16:41:12,109:hal4000:INFO:  sent,64,spotcounter,get functionality
2026-03-26 16:41:12,117:hal4000:INFO:message:
2026-03-26 16:41:12,117:hal4000:INFO:  handled by,64,hal,get functionality
2026-03-26 16:41:12,117:hal4000:INFO:message:
2026-03-26 16:41:12,117:hal4000:INFO:  handled by,64,aotf,get functionality
2026-03-26 16:41:12,118:hal4000:INFO:message:
2026-03-26 16:41:12,118:hal4000:INFO:  handled by,64,clemex_stage,get functionality
2026-03-26 16:41:12,118:hal4000:INFO:message:
2026-03-26 16:41:12,118:hal4000:INFO:  handled by,64,coherentGenesis488,get functionality
2026-03-26 16:41:12,119:hal4000:INFO:message:
2026-03-26 16:41:12,119:hal4000:INFO:  handled by,64,coherentGenesis560,get functionality
2026-03-26 16:41:12,119:hal4000:INFO:message:
2026-03-26 16:41:12,120:hal4000:INFO:  handled by,64,display,get functionality
2026-03-26 16:41:12,120:hal4000:INFO:message:
2026-03-26 16:41:12,120:hal4000:INFO:  handled by,64,feeds,get functionality
2026-03-26 16:41:12,120:hal4000:INFO:message:
2026-03-26 16:41:12,121:hal4000:INFO:  handled by,64,film,get functionality
2026-03-26 16:41:12,121:hal4000:INFO:message:
2026-03-26 16:41:12,121:hal4000:INFO:  handled by,64,focuslock,get functionality
2026-03-26 16:41:12,121:hal4000:INFO:message:
2026-03-26 16:41:12,121:hal4000:INFO:  handled by,64,illumination,get functionality
2026-03-26 16:41:12,121:hal4000:INFO:message:
2026-03-26 16:41:12,122:hal4000:INFO:  handled by,64,mosaic,get functionality
2026-03-26 16:41:12,122:hal4000:INFO:message:
2026-03-26 16:41:12,122:hal4000:INFO:  handled by,64,mpb642,get functionality
2026-03-26 16:41:12,122:hal4000:INFO:message:
2026-03-26 16:41:12,122:hal4000:INFO:  handled by,64,none_irlaser,get functionality
2026-03-26 16:41:12,123:hal4000:INFO:message:
2026-03-26 16:41:12,123:hal4000:INFO:  handled by,64,obis405,get functionality
2026-03-26 16:41:12,123:hal4000:INFO:message:
2026-03-26 16:41:12,123:hal4000:INFO:  handled by,64,pi_controller,get functionality
2026-03-26 16:41:12,124:hal4000:INFO:message:
2026-03-26 16:41:12,124:hal4000:INFO:  handled by,64,progressions,get functionality
2026-03-26 16:41:12,124:hal4000:INFO:message:
2026-03-26 16:41:12,124:hal4000:INFO:  handled by,64,scmos_cal,get functionality
2026-03-26 16:41:12,124:hal4000:INFO:message:
2026-03-26 16:41:12,125:hal4000:INFO:  handled by,64,settings,get functionality
2026-03-26 16:41:12,125:hal4000:INFO:message:
2026-03-26 16:41:12,125:hal4000:INFO:  handled by,64,spotcounter,get functionality
2026-03-26 16:41:12,125:hal4000:INFO:message:
2026-03-26 16:41:12,125:hal4000:INFO:  handled by,64,stage,get functionality
2026-03-26 16:41:12,126:hal4000:INFO:message:
2026-03-26 16:41:12,126:hal4000:INFO:  handled by,64,tcp_control,get functionality
2026-03-26 16:41:12,126:hal4000:INFO:message:
2026-03-26 16:41:12,126:hal4000:INFO:  handled by,64,timing,get functionality
2026-03-26 16:41:12,126:hal4000:INFO:message:
2026-03-26 16:41:12,126:hal4000:INFO:  handled by,64,uc480_camera,get functionality
2026-03-26 16:41:12,127:hal4000:INFO:message:
2026-03-26 16:41:12,127:hal4000:INFO:  handled by,64,z_stage,get functionality
2026-03-26 16:41:12,128:hal4000:INFO:message:
2026-03-26 16:41:12,128:hal4000:INFO:  sent,65,illumination,configuration
2026-03-26 16:41:12,130:hal4000:INFO:message:
2026-03-26 16:41:12,130:hal4000:INFO:  handled by,65,hal,configuration
2026-03-26 16:41:12,131:hal4000:INFO:message:
2026-03-26 16:41:12,131:hal4000:INFO:  handled by,65,aotf,configuration
2026-03-26 16:41:12,131:hal4000:INFO:message:
2026-03-26 16:41:12,131:hal4000:INFO:  handled by,65,clemex_stage,configuration
2026-03-26 16:41:12,132:hal4000:INFO:message:
2026-03-26 16:41:12,132:hal4000:INFO:  handled by,65,coherentGenesis488,configuration
2026-03-26 16:41:12,132:hal4000:INFO:message:
2026-03-26 16:41:12,132:hal4000:INFO:  handled by,65,coherentGenesis560,configuration
2026-03-26 16:41:12,132:hal4000:INFO:message:
2026-03-26 16:41:12,133:hal4000:INFO:  handled by,65,display,configuration
2026-03-26 16:41:12,133:hal4000:INFO:message:
2026-03-26 16:41:12,134:hal4000:INFO:  handled by,65,feeds,configuration
2026-03-26 16:41:12,134:hal4000:INFO:message:
2026-03-26 16:41:12,134:hal4000:INFO:  handled by,65,film,configuration
2026-03-26 16:41:12,134:hal4000:INFO:message:
2026-03-26 16:41:12,134:hal4000:INFO:  handled by,65,focuslock,configuration
2026-03-26 16:41:12,134:hal4000:INFO:message:
2026-03-26 16:41:12,135:hal4000:INFO:  handled by,65,illumination,configuration
2026-03-26 16:41:12,135:hal4000:INFO:message:
2026-03-26 16:41:12,135:hal4000:INFO:  handled by,65,mosaic,configuration
2026-03-26 16:41:12,135:hal4000:INFO:message:
2026-03-26 16:41:12,135:hal4000:INFO:  handled by,65,mpb642,configuration
2026-03-26 16:41:12,136:hal4000:INFO:message:
2026-03-26 16:41:12,136:hal4000:INFO:  handled by,65,none_irlaser,configuration
2026-03-26 16:41:12,136:hal4000:INFO:message:
2026-03-26 16:41:12,136:hal4000:INFO:  handled by,65,obis405,configuration
2026-03-26 16:41:12,137:hal4000:INFO:message:
2026-03-26 16:41:12,137:hal4000:INFO:  handled by,65,pi_controller,configuration
2026-03-26 16:41:12,137:hal4000:INFO:message:
2026-03-26 16:41:12,137:hal4000:INFO:  handled by,65,progressions,configuration
2026-03-26 16:41:12,137:hal4000:INFO:message:
2026-03-26 16:41:12,137:hal4000:INFO:  handled by,65,scmos_cal,configuration
2026-03-26 16:41:12,138:hal4000:INFO:message:
2026-03-26 16:41:12,138:hal4000:INFO:  handled by,65,settings,configuration
2026-03-26 16:41:12,138:hal4000:INFO:message:
2026-03-26 16:41:12,138:hal4000:INFO:  handled by,65,spotcounter,configuration
2026-03-26 16:41:12,139:hal4000:INFO:message:
2026-03-26 16:41:12,139:hal4000:INFO:  handled by,65,stage,configuration
2026-03-26 16:41:12,139:hal4000:INFO:message:
2026-03-26 16:41:12,139:hal4000:INFO:  handled by,65,tcp_control,configuration
2026-03-26 16:41:12,139:hal4000:INFO:message:
2026-03-26 16:41:12,140:hal4000:INFO:  handled by,65,timing,configuration
2026-03-26 16:41:12,140:hal4000:INFO:message:
2026-03-26 16:41:12,141:hal4000:INFO:  handled by,65,uc480_camera,configuration
2026-03-26 16:41:12,141:hal4000:INFO:message:
2026-03-26 16:41:12,141:hal4000:INFO:  handled by,65,z_stage,configuration
2026-03-26 16:41:12,431:hal4000:INFO:message:
2026-03-26 16:41:12,431:hal4000:INFO:  handled by,62,camera1,start camera
2026-03-26 16:41:12,432:hal4000:INFO:message:
2026-03-26 16:41:12,432:hal4000:INFO:  processed,62,film,start camera
2026-03-26 16:41:12,432:hal4000:INFO:message:
2026-03-26 16:41:12,432:hal4000:INFO:  worker done,62,film,start camera
2026-03-26 16:41:12,433:hal4000:INFO:message:
2026-03-26 16:41:12,433:hal4000:INFO:  handled by,63,camera1,new shutters file
2026-03-26 16:41:12,433:hal4000:INFO:message:
2026-03-26 16:41:12,434:hal4000:INFO:  processed,63,illumination,new shutters file
2026-03-26 16:41:12,434:hal4000:INFO:message:
2026-03-26 16:41:12,434:hal4000:INFO:  handled by,64,camera1,get functionality
2026-03-26 16:41:12,434:hal4000:INFO:message:
2026-03-26 16:41:12,435:hal4000:INFO:  processed,64,spotcounter,get functionality
2026-03-26 16:41:12,436:hal4000:INFO:message:
2026-03-26 16:41:12,436:hal4000:INFO:  handled by,65,camera1,configuration
2026-03-26 16:41:12,437:hal4000:INFO:message:
2026-03-26 16:41:12,437:hal4000:INFO:  processed,65,illumination,configuration
2026-03-26 16:41:15,322:hal4000:INFO:message:
2026-03-26 16:41:15,322:hal4000:INFO:  queued,66,hal,close event
2026-03-26 16:41:15,768:hal4000:INFO:message:
2026-03-26 16:41:15,774:hal4000:INFO:  uc480: Call failed with error 1 is_CopyImageMem
