2026-03-26 14:42:56,858:hal4000:INFO:message:
2026-03-26 14:42:56,860:hal4000:INFO:  handled by,57,scmos_cal,get functionality
2026-03-26 14:42:56,860:hal4000:INFO:message:
2026-03-26 14:42:56,860:hal4000:INFO:  handled by,57,settings,get functionality
2026-03-26 14:42:56,860:hal4000:INFO:message:
2026-03-26 14:42:56,860:hal4000:INFO:  handled by,57,spotcounter,get functionality
2026-03-26 14:42:56,861:hal4000:INFO:message:
2026-03-26 14:42:56,861:hal4000:INFO:  handled by,57,stage,get functionality
2026-03-26 14:42:56,861:hal4000:INFO:message:
2026-03-26 14:42:56,861:hal4000:INFO:  handled by,57,tcp_control,get functionality
2026-03-26 14:42:56,861:hal4000:INFO:message:
2026-03-26 14:42:56,862:hal4000:INFO:  handled by,57,timing,get functionality
2026-03-26 14:42:56,862:hal4000:INFO:message:
2026-03-26 14:42:56,862:hal4000:INFO:  handled by,57,uc480_camera,get functionality
2026-03-26 14:42:56,862:hal4000:INFO:message:
2026-03-26 14:42:56,862:hal4000:INFO:  handled by,57,z_stage,get functionality
2026-03-26 14:42:56,862:hal4000:INFO:message:
2026-03-26 14:42:56,862:hal4000:INFO:  processed,57,scmos_cal,get functionality
2026-03-26 14:42:56,864:hal4000:INFO:message:
2026-03-26 14:42:56,865:hal4000:INFO:  sent,3,core,start
2026-03-26 14:42:56,890:hal4000:INFO:message:
2026-03-26 14:42:56,891:hal4000:INFO:  queued,58,hal,change directory
2026-03-26 14:42:56,891:hal4000:INFO:message:
2026-03-26 14:42:56,891:hal4000:INFO:  handled by,3,hal,start
2026-03-26 14:42:56,891:hal4000:INFO:message:
2026-03-26 14:42:56,892:hal4000:INFO:  handled by,3,aotf,start
2026-03-26 14:42:56,892:hal4000:INFO:message:
2026-03-26 14:42:56,892:hal4000:INFO:  handled by,3,camera1,start
2026-03-26 14:42:56,892:hal4000:INFO:message:
2026-03-26 14:42:56,892:hal4000:INFO:  handled by,3,clemex_stage,start
2026-03-26 14:42:56,892:hal4000:INFO:message:
2026-03-26 14:42:56,893:hal4000:INFO:  handled by,3,coherentGenesis488,start
2026-03-26 14:42:56,893:hal4000:INFO:message:
2026-03-26 14:42:56,893:hal4000:INFO:  handled by,3,coherentGenesis560,start
2026-03-26 14:42:56,893:hal4000:INFO:message:
2026-03-26 14:42:56,893:hal4000:INFO:  queued,59,display,get functionality
2026-03-26 14:42:56,894:hal4000:INFO:message:
2026-03-26 14:42:56,894:hal4000:INFO:  handled by,3,display,start
2026-03-26 14:42:56,894:hal4000:INFO:message:
2026-03-26 14:42:56,894:hal4000:INFO:  handled by,3,feeds,start
2026-03-26 14:42:56,894:hal4000:INFO:message:
2026-03-26 14:42:56,894:hal4000:INFO:  queued,60,film,start camera
2026-03-26 14:42:56,895:hal4000:INFO:message:
2026-03-26 14:42:56,895:hal4000:INFO:  queued,61,film,sync
2026-03-26 14:42:56,895:hal4000:INFO:message:
2026-03-26 14:42:56,895:hal4000:INFO:  queued,62,film,start camera
2026-03-26 14:42:56,895:hal4000:INFO:message:
2026-03-26 14:42:56,895:hal4000:INFO:  handled by,3,film,start
2026-03-26 14:42:56,906:hal4000:INFO:message:
2026-03-26 14:42:56,907:hal4000:INFO:  handled by,3,focuslock,start
2026-03-26 14:42:56,936:hal4000:INFO:message:
2026-03-26 14:42:56,937:hal4000:INFO:  queued,63,illumination,new shutters file
2026-03-26 14:42:56,944:hal4000:INFO:message:
2026-03-26 14:42:56,944:hal4000:INFO:  handled by,3,illumination,start
2026-03-26 14:42:56,944:hal4000:INFO:message:
2026-03-26 14:42:56,945:hal4000:INFO:  handled by,3,mosaic,start
2026-03-26 14:42:56,945:hal4000:INFO:message:
2026-03-26 14:42:56,945:hal4000:INFO:  handled by,3,mpb642,start
2026-03-26 14:42:56,945:hal4000:INFO:message:
2026-03-26 14:42:56,946:hal4000:INFO:  handled by,3,none_irlaser,start
2026-03-26 14:42:56,946:hal4000:INFO:message:
2026-03-26 14:42:56,946:hal4000:INFO:  handled by,3,obis405,start
2026-03-26 14:42:56,946:hal4000:INFO:message:
2026-03-26 14:42:56,946:hal4000:INFO:  handled by,3,pi_controller,start
2026-03-26 14:42:56,947:hal4000:INFO:message:
2026-03-26 14:42:56,947:hal4000:INFO:  handled by,3,progressions,start
2026-03-26 14:42:56,947:hal4000:INFO:message:
2026-03-26 14:42:56,947:hal4000:INFO:  handled by,3,scmos_cal,start
2026-03-26 14:42:56,948:hal4000:INFO:message:
2026-03-26 14:42:56,948:hal4000:INFO:  handled by,3,settings,start
2026-03-26 14:42:56,949:hal4000:INFO:message:
2026-03-26 14:42:56,949:hal4000:INFO:  queued,64,spotcounter,get functionality
2026-03-26 14:42:56,949:hal4000:INFO:message:
2026-03-26 14:42:56,949:hal4000:INFO:  handled by,3,spotcounter,start
2026-03-26 14:42:56,956:hal4000:INFO:message:
2026-03-26 14:42:56,957:hal4000:INFO:  handled by,3,stage,start
2026-03-26 14:42:56,957:hal4000:INFO:message:
2026-03-26 14:42:56,957:hal4000:INFO:  handled by,3,tcp_control,start
2026-03-26 14:42:56,957:hal4000:INFO:message:
2026-03-26 14:42:56,958:hal4000:INFO:  handled by,3,timing,start
2026-03-26 14:42:56,958:hal4000:INFO:message:
2026-03-26 14:42:56,958:hal4000:INFO:  handled by,3,uc480_camera,start
2026-03-26 14:42:56,965:hal4000:INFO:message:
2026-03-26 14:42:56,965:hal4000:INFO:  handled by,3,z_stage,start
2026-03-26 14:42:56,966:hal4000:INFO:message:
2026-03-26 14:42:56,966:hal4000:INFO:  processed,3,core,start
2026-03-26 14:42:57,043:hal4000:INFO:message:
2026-03-26 14:42:57,043:hal4000:INFO:  sent,58,hal,change directory
2026-03-26 14:42:57,062:hal4000:INFO:message:
2026-03-26 14:42:57,062:hal4000:INFO:  handled by,58,hal,change directory
2026-03-26 14:42:57,063:hal4000:INFO:message:
2026-03-26 14:42:57,063:hal4000:INFO:  handled by,58,aotf,change directory
2026-03-26 14:42:57,063:hal4000:INFO:message:
2026-03-26 14:42:57,063:hal4000:INFO:  handled by,58,camera1,change directory
2026-03-26 14:42:57,064:hal4000:INFO:message:
2026-03-26 14:42:57,064:hal4000:INFO:  handled by,58,clemex_stage,change directory
2026-03-26 14:42:57,064:hal4000:INFO:message:
2026-03-26 14:42:57,064:hal4000:INFO:  handled by,58,coherentGenesis488,change directory
2026-03-26 14:42:57,064:hal4000:INFO:message:
2026-03-26 14:42:57,065:hal4000:INFO:  handled by,58,coherentGenesis560,change directory
2026-03-26 14:42:57,065:hal4000:INFO:message:
2026-03-26 14:42:57,065:hal4000:INFO:  handled by,58,display,change directory
2026-03-26 14:42:57,066:hal4000:INFO:message:
2026-03-26 14:42:57,066:hal4000:INFO:  handled by,58,feeds,change directory
2026-03-26 14:42:57,067:hal4000:INFO:message:
2026-03-26 14:42:57,067:hal4000:INFO:  handled by,58,film,change directory
2026-03-26 14:42:57,067:hal4000:INFO:message:
2026-03-26 14:42:57,067:hal4000:INFO:  handled by,58,focuslock,change directory
2026-03-26 14:42:57,068:hal4000:INFO:message:
2026-03-26 14:42:57,068:hal4000:INFO:  handled by,58,illumination,change directory
2026-03-26 14:42:57,068:hal4000:INFO:message:
2026-03-26 14:42:57,068:hal4000:INFO:  handled by,58,mosaic,change directory
2026-03-26 14:42:57,068:hal4000:INFO:message:
2026-03-26 14:42:57,068:hal4000:INFO:  handled by,58,mpb642,change directory
2026-03-26 14:42:57,069:hal4000:INFO:message:
2026-03-26 14:42:57,069:hal4000:INFO:  handled by,58,none_irlaser,change directory
2026-03-26 14:42:57,069:hal4000:INFO:message:
2026-03-26 14:42:57,069:hal4000:INFO:  handled by,58,obis405,change directory
2026-03-26 14:42:57,070:hal4000:INFO:message:
2026-03-26 14:42:57,070:hal4000:INFO:  handled by,58,pi_controller,change directory
2026-03-26 14:42:57,070:hal4000:INFO:message:
2026-03-26 14:42:57,070:hal4000:INFO:  handled by,58,progressions,change directory
2026-03-26 14:42:57,071:hal4000:INFO:message:
2026-03-26 14:42:57,072:hal4000:INFO:  handled by,58,scmos_cal,change directory
2026-03-26 14:42:57,072:hal4000:INFO:message:
2026-03-26 14:42:57,072:hal4000:INFO:  handled by,58,settings,change directory
2026-03-26 14:42:57,072:hal4000:INFO:message:
2026-03-26 14:42:57,073:hal4000:INFO:  handled by,58,spotcounter,change directory
2026-03-26 14:42:57,073:hal4000:INFO:message:
2026-03-26 14:42:57,073:hal4000:INFO:  handled by,58,stage,change directory
2026-03-26 14:42:57,073:hal4000:INFO:message:
2026-03-26 14:42:57,073:hal4000:INFO:  handled by,58,tcp_control,change directory
2026-03-26 14:42:57,074:hal4000:INFO:message:
2026-03-26 14:42:57,074:hal4000:INFO:  handled by,58,timing,change directory
2026-03-26 14:42:57,074:hal4000:INFO:message:
2026-03-26 14:42:57,074:hal4000:INFO:  handled by,58,uc480_camera,change directory
2026-03-26 14:42:57,075:hal4000:INFO:message:
2026-03-26 14:42:57,075:hal4000:INFO:  handled by,58,z_stage,change directory
2026-03-26 14:42:57,075:hal4000:INFO:message:
2026-03-26 14:42:57,075:hal4000:INFO:  processed,58,hal,change directory
2026-03-26 14:42:57,076:hal4000:INFO:message:
2026-03-26 14:42:57,076:hal4000:INFO:  sent,59,display,get functionality
2026-03-26 14:42:57,077:hal4000:INFO:message:
2026-03-26 14:42:57,077:hal4000:INFO:  handled by,59,hal,get functionality
2026-03-26 14:42:57,078:hal4000:INFO:message:
2026-03-26 14:42:57,078:hal4000:INFO:  handled by,59,aotf,get functionality
2026-03-26 14:42:57,078:hal4000:INFO:message:
2026-03-26 14:42:57,078:hal4000:INFO:  handled by,59,camera1,get functionality
2026-03-26 14:42:57,079:hal4000:INFO:message:
2026-03-26 14:42:57,079:hal4000:INFO:  handled by,59,clemex_stage,get functionality
2026-03-26 14:42:57,079:hal4000:INFO:message:
2026-03-26 14:42:57,079:hal4000:INFO:  handled by,59,coherentGenesis488,get functionality
2026-03-26 14:42:57,079:hal4000:INFO:message:
2026-03-26 14:42:57,080:hal4000:INFO:  handled by,59,coherentGenesis560,get functionality
2026-03-26 14:42:57,080:hal4000:INFO:message:
2026-03-26 14:42:57,080:hal4000:INFO:  handled by,59,display,get functionality
2026-03-26 14:42:57,080:hal4000:INFO:message:
2026-03-26 14:42:57,080:hal4000:INFO:  handled by,59,feeds,get functionality
2026-03-26 14:42:57,081:hal4000:INFO:message:
2026-03-26 14:42:57,081:hal4000:INFO:  handled by,59,film,get functionality
2026-03-26 14:42:57,081:hal4000:INFO:message:
2026-03-26 14:42:57,081:hal4000:INFO:  handled by,59,focuslock,get functionality
2026-03-26 14:42:57,082:hal4000:INFO:message:
2026-03-26 14:42:57,082:hal4000:INFO:  handled by,59,illumination,get functionality
2026-03-26 14:42:57,082:hal4000:INFO:message:
2026-03-26 14:42:57,082:hal4000:INFO:  handled by,59,mosaic,get functionality
2026-03-26 14:42:57,083:hal4000:INFO:message:
2026-03-26 14:42:57,083:hal4000:INFO:  handled by,59,mpb642,get functionality
2026-03-26 14:42:57,083:hal4000:INFO:message:
2026-03-26 14:42:57,084:hal4000:INFO:  handled by,59,none_irlaser,get functionality
2026-03-26 14:42:57,084:hal4000:INFO:message:
2026-03-26 14:42:57,084:hal4000:INFO:  handled by,59,obis405,get functionality
2026-03-26 14:42:57,084:hal4000:INFO:message:
2026-03-26 14:42:57,085:hal4000:INFO:  handled by,59,pi_controller,get functionality
2026-03-26 14:42:57,085:hal4000:INFO:message:
2026-03-26 14:42:57,085:hal4000:INFO:  handled by,59,progressions,get functionality
2026-03-26 14:42:57,085:hal4000:INFO:message:
2026-03-26 14:42:57,085:hal4000:INFO:  handled by,59,scmos_cal,get functionality
2026-03-26 14:42:57,086:hal4000:INFO:message:
2026-03-26 14:42:57,086:hal4000:INFO:  handled by,59,settings,get functionality
2026-03-26 14:42:57,086:hal4000:INFO:message:
2026-03-26 14:42:57,086:hal4000:INFO:  handled by,59,spotcounter,get functionality
2026-03-26 14:42:57,087:hal4000:INFO:message:
2026-03-26 14:42:57,087:hal4000:INFO:  handled by,59,stage,get functionality
2026-03-26 14:42:57,087:hal4000:INFO:message:
2026-03-26 14:42:57,087:hal4000:INFO:  handled by,59,tcp_control,get functionality
2026-03-26 14:42:57,087:hal4000:INFO:message:
2026-03-26 14:42:57,088:hal4000:INFO:  handled by,59,timing,get functionality
2026-03-26 14:42:57,088:hal4000:INFO:message:
2026-03-26 14:42:57,089:hal4000:INFO:  handled by,59,uc480_camera,get functionality
2026-03-26 14:42:57,089:hal4000:INFO:message:
2026-03-26 14:42:57,089:hal4000:INFO:  handled by,59,z_stage,get functionality
2026-03-26 14:42:57,089:hal4000:INFO:message:
2026-03-26 14:42:57,090:hal4000:INFO:  processed,59,display,get functionality
2026-03-26 14:42:57,093:hal4000:INFO:message:
2026-03-26 14:42:57,093:hal4000:INFO:  sent,60,film,start camera
2026-03-26 14:42:57,096:hal4000:INFO:message:
2026-03-26 14:42:57,096:hal4000:INFO:  handled by,60,hal,start camera
2026-03-26 14:42:57,096:hal4000:INFO:message:
2026-03-26 14:42:57,096:hal4000:INFO:  handled by,60,aotf,start camera
2026-03-26 14:42:57,097:hal4000:INFO:message:
2026-03-26 14:42:57,097:hal4000:INFO:  handled by,60,camera1,start camera
2026-03-26 14:42:57,097:hal4000:INFO:message:
2026-03-26 14:42:57,097:hal4000:INFO:  handled by,60,clemex_stage,start camera
2026-03-26 14:42:57,097:hal4000:INFO:message:
2026-03-26 14:42:57,098:hal4000:INFO:  handled by,60,coherentGenesis488,start camera
2026-03-26 14:42:57,098:hal4000:INFO:message:
2026-03-26 14:42:57,098:hal4000:INFO:  handled by,60,coherentGenesis560,start camera
2026-03-26 14:42:57,098:hal4000:INFO:message:
2026-03-26 14:42:57,099:hal4000:INFO:  handled by,60,display,start camera
2026-03-26 14:42:57,099:hal4000:INFO:message:
2026-03-26 14:42:57,099:hal4000:INFO:  handled by,60,feeds,start camera
2026-03-26 14:42:57,100:hal4000:INFO:message:
2026-03-26 14:42:57,100:hal4000:INFO:  handled by,60,film,start camera
2026-03-26 14:42:57,100:hal4000:INFO:message:
2026-03-26 14:42:57,100:hal4000:INFO:  handled by,60,focuslock,start camera
2026-03-26 14:42:57,101:hal4000:INFO:message:
2026-03-26 14:42:57,101:hal4000:INFO:  handled by,60,illumination,start camera
2026-03-26 14:42:57,101:hal4000:INFO:message:
2026-03-26 14:42:57,101:hal4000:INFO:  handled by,60,mosaic,start camera
2026-03-26 14:42:57,101:hal4000:INFO:message:
2026-03-26 14:42:57,102:hal4000:INFO:  handled by,60,mpb642,start camera
2026-03-26 14:42:57,102:hal4000:INFO:message:
2026-03-26 14:42:57,102:hal4000:INFO:  handled by,60,none_irlaser,start camera
2026-03-26 14:42:57,102:hal4000:INFO:message:
2026-03-26 14:42:57,102:hal4000:INFO:  handled by,60,obis405,start camera
2026-03-26 14:42:57,103:hal4000:INFO:message:
2026-03-26 14:42:57,103:hal4000:INFO:  handled by,60,pi_controller,start camera
2026-03-26 14:42:57,103:hal4000:INFO:message:
2026-03-26 14:42:57,103:hal4000:INFO:  handled by,60,progressions,start camera
2026-03-26 14:42:57,104:hal4000:INFO:message:
2026-03-26 14:42:57,104:hal4000:INFO:  handled by,60,scmos_cal,start camera
2026-03-26 14:42:57,104:hal4000:INFO:message:
2026-03-26 14:42:57,104:hal4000:INFO:  handled by,60,settings,start camera
2026-03-26 14:42:57,105:hal4000:INFO:message:
2026-03-26 14:42:57,105:hal4000:INFO:  handled by,60,spotcounter,start camera
2026-03-26 14:42:57,106:hal4000:INFO:message:
2026-03-26 14:42:57,106:hal4000:INFO:  handled by,60,stage,start camera
2026-03-26 14:42:57,106:hal4000:INFO:message:
2026-03-26 14:42:57,106:hal4000:INFO:  handled by,60,tcp_control,start camera
2026-03-26 14:42:57,106:hal4000:INFO:message:
2026-03-26 14:42:57,107:hal4000:INFO:  handled by,60,timing,start camera
2026-03-26 14:42:57,107:hal4000:INFO:message:
2026-03-26 14:42:57,107:hal4000:INFO:  handled by,60,uc480_camera,start camera
2026-03-26 14:42:57,107:hal4000:INFO:message:
2026-03-26 14:42:57,108:hal4000:INFO:  handled by,60,z_stage,start camera
2026-03-26 14:42:57,108:hal4000:INFO:message:
2026-03-26 14:42:57,108:hal4000:INFO:  processed,60,film,start camera
2026-03-26 14:42:57,109:hal4000:INFO:message:
2026-03-26 14:42:57,109:hal4000:INFO:  sent,62,film,start camera
2026-03-26 14:42:57,111:hal4000:INFO:message:
2026-03-26 14:42:57,111:hal4000:INFO:  handled by,62,hal,start camera
2026-03-26 14:42:57,111:hal4000:INFO:message:
2026-03-26 14:42:57,111:hal4000:INFO:  handled by,62,aotf,start camera
2026-03-26 14:42:57,112:hal4000:INFO:message:
2026-03-26 14:42:57,112:hal4000:INFO:  handled by,62,camera1,start camera
2026-03-26 14:42:57,113:hal4000:INFO:message:
2026-03-26 14:42:57,113:hal4000:INFO:  handled by,62,clemex_stage,start camera
2026-03-26 14:42:57,114:hal4000:INFO:message:
2026-03-26 14:42:57,114:hal4000:INFO:  handled by,62,coherentGenesis488,start camera
2026-03-26 14:42:57,117:hal4000:INFO:message:
2026-03-26 14:42:57,117:hal4000:INFO:  handled by,62,coherentGenesis560,start camera
2026-03-26 14:42:57,118:hal4000:INFO:message:
2026-03-26 14:42:57,118:hal4000:INFO:  handled by,62,display,start camera
2026-03-26 14:42:57,119:hal4000:INFO:message:
2026-03-26 14:42:57,119:hal4000:INFO:  handled by,62,feeds,start camera
2026-03-26 14:42:57,119:hal4000:INFO:message:
2026-03-26 14:42:57,119:hal4000:INFO:  handled by,62,film,start camera
2026-03-26 14:42:57,120:hal4000:INFO:message:
2026-03-26 14:42:57,120:hal4000:INFO:  handled by,62,focuslock,start camera
2026-03-26 14:42:57,120:hal4000:INFO:message:
2026-03-26 14:42:57,120:hal4000:INFO:  handled by,62,illumination,start camera
2026-03-26 14:42:57,120:hal4000:INFO:message:
2026-03-26 14:42:57,121:hal4000:INFO:  handled by,62,mosaic,start camera
2026-03-26 14:42:57,121:hal4000:INFO:message:
2026-03-26 14:42:57,121:hal4000:INFO:  handled by,62,mpb642,start camera
2026-03-26 14:42:57,121:hal4000:INFO:message:
2026-03-26 14:42:57,121:hal4000:INFO:  handled by,62,none_irlaser,start camera
2026-03-26 14:42:57,122:hal4000:INFO:message:
2026-03-26 14:42:57,122:hal4000:INFO:  handled by,62,obis405,start camera
2026-03-26 14:42:57,122:hal4000:INFO:message:
2026-03-26 14:42:57,123:hal4000:INFO:  handled by,62,pi_controller,start camera
2026-03-26 14:42:57,123:hal4000:INFO:message:
2026-03-26 14:42:57,123:hal4000:INFO:  handled by,62,progressions,start camera
2026-03-26 14:42:57,123:hal4000:INFO:message:
2026-03-26 14:42:57,123:hal4000:INFO:  handled by,62,scmos_cal,start camera
2026-03-26 14:42:57,124:hal4000:INFO:message:
2026-03-26 14:42:57,124:hal4000:INFO:  handled by,62,settings,start camera
2026-03-26 14:42:57,124:hal4000:INFO:message:
2026-03-26 14:42:57,125:hal4000:INFO:  handled by,62,spotcounter,start camera
2026-03-26 14:42:57,125:hal4000:INFO:message:
2026-03-26 14:42:57,125:hal4000:INFO:  handled by,62,stage,start camera
2026-03-26 14:42:57,125:hal4000:INFO:message:
2026-03-26 14:42:57,125:hal4000:INFO:  handled by,62,tcp_control,start camera
2026-03-26 14:42:57,126:hal4000:INFO:message:
2026-03-26 14:42:57,126:hal4000:INFO:  handled by,62,timing,start camera
2026-03-26 14:42:57,126:hal4000:INFO:message:
2026-03-26 14:42:57,126:hal4000:INFO:  handled by,62,uc480_camera,start camera
2026-03-26 14:42:57,127:hal4000:INFO:message:
2026-03-26 14:42:57,127:hal4000:INFO:  handled by,62,z_stage,start camera
2026-03-26 14:42:57,127:hal4000:INFO:message:
2026-03-26 14:42:57,127:hal4000:INFO:  sent,63,illumination,new shutters file
2026-03-26 14:42:57,128:hal4000:INFO:message:
2026-03-26 14:42:57,128:hal4000:INFO:  worker started 60000,62,film,start camera
2026-03-26 14:42:57,128:hal4000:INFO:message:
2026-03-26 14:42:57,129:hal4000:INFO:  handled by,63,hal,new shutters file
2026-03-26 14:42:57,129:hal4000:INFO:message:
2026-03-26 14:42:57,129:hal4000:INFO:  handled by,63,aotf,new shutters file
2026-03-26 14:42:57,130:hal4000:INFO:message:
2026-03-26 14:42:57,130:hal4000:INFO:  handled by,63,clemex_stage,new shutters file
2026-03-26 14:42:57,130:hal4000:INFO:message:
2026-03-26 14:42:57,130:hal4000:INFO:  handled by,63,coherentGenesis488,new shutters file
2026-03-26 14:42:57,131:hal4000:INFO:message:
2026-03-26 14:42:57,131:hal4000:INFO:  handled by,63,coherentGenesis560,new shutters file
2026-03-26 14:42:57,131:hal4000:INFO:message:
2026-03-26 14:42:57,131:hal4000:INFO:  handled by,63,display,new shutters file
2026-03-26 14:42:57,132:hal4000:INFO:message:
2026-03-26 14:42:57,132:hal4000:INFO:  handled by,63,feeds,new shutters file
2026-03-26 14:42:57,132:hal4000:INFO:message:
2026-03-26 14:42:57,132:hal4000:INFO:  handled by,63,film,new shutters file
2026-03-26 14:42:57,133:hal4000:INFO:message:
2026-03-26 14:42:57,133:hal4000:INFO:  handled by,63,focuslock,new shutters file
2026-03-26 14:42:57,134:hal4000:INFO:message:
2026-03-26 14:42:57,134:hal4000:INFO:  queued,65,illumination,configuration
2026-03-26 14:42:57,135:hal4000:INFO:message:
2026-03-26 14:42:57,135:hal4000:INFO:  handled by,63,illumination,new shutters file
2026-03-26 14:42:57,135:hal4000:INFO:message:
2026-03-26 14:42:57,136:hal4000:INFO:  handled by,63,mosaic,new shutters file
2026-03-26 14:42:57,136:hal4000:INFO:message:
2026-03-26 14:42:57,136:hal4000:INFO:  handled by,63,mpb642,new shutters file
2026-03-26 14:42:57,136:hal4000:INFO:message:
2026-03-26 14:42:57,137:hal4000:INFO:  handled by,63,none_irlaser,new shutters file
2026-03-26 14:42:57,137:hal4000:INFO:message:
2026-03-26 14:42:57,137:hal4000:INFO:  handled by,63,obis405,new shutters file
2026-03-26 14:42:57,137:hal4000:INFO:message:
2026-03-26 14:42:57,138:hal4000:INFO:  handled by,63,pi_controller,new shutters file
2026-03-26 14:42:57,138:hal4000:INFO:message:
2026-03-26 14:42:57,138:hal4000:INFO:  handled by,63,progressions,new shutters file
2026-03-26 14:42:57,139:hal4000:INFO:message:
2026-03-26 14:42:57,139:hal4000:INFO:  handled by,63,scmos_cal,new shutters file
2026-03-26 14:42:57,139:hal4000:INFO:message:
2026-03-26 14:42:57,139:hal4000:INFO:  handled by,63,settings,new shutters file
2026-03-26 14:42:57,140:hal4000:INFO:message:
2026-03-26 14:42:57,140:hal4000:INFO:  handled by,63,spotcounter,new shutters file
2026-03-26 14:42:57,140:hal4000:INFO:message:
2026-03-26 14:42:57,141:hal4000:INFO:  handled by,63,stage,new shutters file
2026-03-26 14:42:57,141:hal4000:INFO:message:
2026-03-26 14:42:57,141:hal4000:INFO:  handled by,63,tcp_control,new shutters file
2026-03-26 14:42:57,142:hal4000:INFO:message:
2026-03-26 14:42:57,142:hal4000:INFO:  handled by,63,timing,new shutters file
2026-03-26 14:42:57,142:hal4000:INFO:message:
2026-03-26 14:42:57,142:hal4000:INFO:  handled by,63,uc480_camera,new shutters file
2026-03-26 14:42:57,142:hal4000:INFO:message:
2026-03-26 14:42:57,143:hal4000:INFO:  handled by,63,z_stage,new shutters file
2026-03-26 14:42:57,143:hal4000:INFO:message:
2026-03-26 14:42:57,143:hal4000:INFO:  sent,64,spotcounter,get functionality
2026-03-26 14:42:57,144:hal4000:INFO:message:
2026-03-26 14:42:57,144:hal4000:INFO:  handled by,64,hal,get functionality
2026-03-26 14:42:57,145:hal4000:INFO:message:
2026-03-26 14:42:57,145:hal4000:INFO:  handled by,64,aotf,get functionality
2026-03-26 14:42:57,145:hal4000:INFO:message:
2026-03-26 14:42:57,146:hal4000:INFO:  handled by,64,clemex_stage,get functionality
2026-03-26 14:42:57,146:hal4000:INFO:message:
2026-03-26 14:42:57,146:hal4000:INFO:  handled by,64,coherentGenesis488,get functionality
2026-03-26 14:42:57,147:hal4000:INFO:message:
2026-03-26 14:42:57,147:hal4000:INFO:  handled by,64,coherentGenesis560,get functionality
2026-03-26 14:42:57,147:hal4000:INFO:message:
2026-03-26 14:42:57,147:hal4000:INFO:  handled by,64,display,get functionality
2026-03-26 14:42:57,147:hal4000:INFO:message:
2026-03-26 14:42:57,148:hal4000:INFO:  handled by,64,feeds,get functionality
2026-03-26 14:42:57,148:hal4000:INFO:message:
2026-03-26 14:42:57,148:hal4000:INFO:  handled by,64,film,get functionality
2026-03-26 14:42:57,148:hal4000:INFO:message:
2026-03-26 14:42:57,148:hal4000:INFO:  handled by,64,focuslock,get functionality
2026-03-26 14:42:57,149:hal4000:INFO:message:
2026-03-26 14:42:57,149:hal4000:INFO:  handled by,64,illumination,get functionality
2026-03-26 14:42:57,149:hal4000:INFO:message:
2026-03-26 14:42:57,149:hal4000:INFO:  handled by,64,mosaic,get functionality
2026-03-26 14:42:57,150:hal4000:INFO:message:
2026-03-26 14:42:57,150:hal4000:INFO:  handled by,64,mpb642,get functionality
2026-03-26 14:42:57,150:hal4000:INFO:message:
2026-03-26 14:42:57,150:hal4000:INFO:  handled by,64,none_irlaser,get functionality
2026-03-26 14:42:57,151:hal4000:INFO:message:
2026-03-26 14:42:57,151:hal4000:INFO:  handled by,64,obis405,get functionality
2026-03-26 14:42:57,152:hal4000:INFO:message:
2026-03-26 14:42:57,152:hal4000:INFO:  handled by,64,pi_controller,get functionality
2026-03-26 14:42:57,152:hal4000:INFO:message:
2026-03-26 14:42:57,152:hal4000:INFO:  handled by,64,progressions,get functionality
2026-03-26 14:42:57,153:hal4000:INFO:message:
2026-03-26 14:42:57,153:hal4000:INFO:  handled by,64,scmos_cal,get functionality
2026-03-26 14:42:57,153:hal4000:INFO:message:
2026-03-26 14:42:57,153:hal4000:INFO:  handled by,64,settings,get functionality
2026-03-26 14:42:57,154:hal4000:INFO:message:
2026-03-26 14:42:57,154:hal4000:INFO:  handled by,64,spotcounter,get functionality
2026-03-26 14:42:57,154:hal4000:INFO:message:
2026-03-26 14:42:57,154:hal4000:INFO:  handled by,64,stage,get functionality
2026-03-26 14:42:57,154:hal4000:INFO:message:
2026-03-26 14:42:57,155:hal4000:INFO:  handled by,64,tcp_control,get functionality
2026-03-26 14:42:57,155:hal4000:INFO:message:
2026-03-26 14:42:57,155:hal4000:INFO:  handled by,64,timing,get functionality
2026-03-26 14:42:57,155:hal4000:INFO:message:
2026-03-26 14:42:57,156:hal4000:INFO:  handled by,64,uc480_camera,get functionality
2026-03-26 14:42:57,156:hal4000:INFO:message:
2026-03-26 14:42:57,156:hal4000:INFO:  handled by,64,z_stage,get functionality
2026-03-26 14:42:57,157:hal4000:INFO:message:
2026-03-26 14:42:57,157:hal4000:INFO:  sent,65,illumination,configuration
2026-03-26 14:42:57,159:hal4000:INFO:message:
2026-03-26 14:42:57,159:hal4000:INFO:  handled by,65,hal,configuration
2026-03-26 14:42:57,159:hal4000:INFO:message:
2026-03-26 14:42:57,159:hal4000:INFO:  handled by,65,aotf,configuration
2026-03-26 14:42:57,160:hal4000:INFO:message:
2026-03-26 14:42:57,160:hal4000:INFO:  handled by,65,clemex_stage,configuration
2026-03-26 14:42:57,160:hal4000:INFO:message:
2026-03-26 14:42:57,160:hal4000:INFO:  handled by,65,coherentGenesis488,configuration
2026-03-26 14:42:57,161:hal4000:INFO:message:
2026-03-26 14:42:57,161:hal4000:INFO:  handled by,65,coherentGenesis560,configuration
2026-03-26 14:42:57,162:hal4000:INFO:message:
2026-03-26 14:42:57,162:hal4000:INFO:  handled by,65,display,configuration
2026-03-26 14:42:57,162:hal4000:INFO:message:
2026-03-26 14:42:57,162:hal4000:INFO:  handled by,65,feeds,configuration
2026-03-26 14:42:57,163:hal4000:INFO:message:
2026-03-26 14:42:57,163:hal4000:INFO:  handled by,65,film,configuration
2026-03-26 14:42:57,163:hal4000:INFO:message:
2026-03-26 14:42:57,163:hal4000:INFO:  handled by,65,focuslock,configuration
2026-03-26 14:42:57,164:hal4000:INFO:message:
2026-03-26 14:42:57,164:hal4000:INFO:  handled by,65,illumination,configuration
2026-03-26 14:42:57,164:hal4000:INFO:message:
2026-03-26 14:42:57,164:hal4000:INFO:  handled by,65,mosaic,configuration
2026-03-26 14:42:57,165:hal4000:INFO:message:
2026-03-26 14:42:57,165:hal4000:INFO:  handled by,65,mpb642,configuration
2026-03-26 14:42:57,165:hal4000:INFO:message:
2026-03-26 14:42:57,165:hal4000:INFO:  handled by,65,none_irlaser,configuration
2026-03-26 14:42:57,166:hal4000:INFO:message:
2026-03-26 14:42:57,166:hal4000:INFO:  handled by,65,obis405,configuration
2026-03-26 14:42:57,166:hal4000:INFO:message:
2026-03-26 14:42:57,166:hal4000:INFO:  handled by,65,pi_controller,configuration
2026-03-26 14:42:57,167:hal4000:INFO:message:
2026-03-26 14:42:57,167:hal4000:INFO:  handled by,65,progressions,configuration
2026-03-26 14:42:57,167:hal4000:INFO:message:
2026-03-26 14:42:57,167:hal4000:INFO:  handled by,65,scmos_cal,configuration
2026-03-26 14:42:57,168:hal4000:INFO:message:
2026-03-26 14:42:57,168:hal4000:INFO:  handled by,65,settings,configuration
2026-03-26 14:42:57,168:hal4000:INFO:message:
2026-03-26 14:42:57,169:hal4000:INFO:  handled by,65,spotcounter,configuration
2026-03-26 14:42:57,169:hal4000:INFO:message:
2026-03-26 14:42:57,169:hal4000:INFO:  handled by,65,stage,configuration
2026-03-26 14:42:57,169:hal4000:INFO:message:
2026-03-26 14:42:57,170:hal4000:INFO:  handled by,65,tcp_control,configuration
2026-03-26 14:42:57,170:hal4000:INFO:message:
2026-03-26 14:42:57,170:hal4000:INFO:  handled by,65,timing,configuration
2026-03-26 14:42:57,170:hal4000:INFO:message:
2026-03-26 14:42:57,171:hal4000:INFO:  handled by,65,uc480_camera,configuration
2026-03-26 14:42:57,171:hal4000:INFO:message:
2026-03-26 14:42:57,171:hal4000:INFO:  handled by,65,z_stage,configuration
2026-03-26 14:42:57,220:hal4000:INFO:message:
2026-03-26 14:42:57,220:hal4000:INFO:  Fitting problem: Number of calls to function has reached maxfev = 500.
2026-03-26 14:42:57,447:hal4000:INFO:message:
2026-03-26 14:42:57,447:hal4000:INFO:  Fitting problem: Number of calls to function has reached maxfev = 500.
2026-03-26 14:42:57,459:hal4000:INFO:message:
2026-03-26 14:42:57,459:hal4000:INFO:  handled by,62,camera1,start camera
2026-03-26 14:42:57,459:hal4000:INFO:message:
2026-03-26 14:42:57,459:hal4000:INFO:  processed,62,film,start camera
2026-03-26 14:42:57,459:hal4000:INFO:message:
2026-03-26 14:42:57,459:hal4000:INFO:  worker done,62,film,start camera
2026-03-26 14:42:57,460:hal4000:INFO:message:
2026-03-26 14:42:57,460:hal4000:INFO:  handled by,63,camera1,new shutters file
2026-03-26 14:42:57,460:hal4000:INFO:message:
2026-03-26 14:42:57,460:hal4000:INFO:  processed,63,illumination,new shutters file
2026-03-26 14:42:57,460:hal4000:INFO:message:
2026-03-26 14:42:57,461:hal4000:INFO:  handled by,64,camera1,get functionality
2026-03-26 14:42:57,461:hal4000:INFO:message:
2026-03-26 14:42:57,461:hal4000:INFO:  processed,64,spotcounter,get functionality
2026-03-26 14:42:57,463:hal4000:INFO:message:
2026-03-26 14:42:57,463:hal4000:INFO:  handled by,65,camera1,configuration
2026-03-26 14:42:57,463:hal4000:INFO:message:
2026-03-26 14:42:57,463:hal4000:INFO:  processed,65,illumination,configuration
2026-03-26 14:42:57,685:hal4000:INFO:message:
2026-03-26 14:42:57,685:hal4000:INFO:  Fitting problem: Number of calls to function has reached maxfev = 500.
2026-03-26 14:42:57,929:hal4000:INFO:message:
2026-03-26 14:42:57,930:hal4000:INFO:  Fitting problem: Number of calls to function has reached maxfev = 500.
2026-03-26 14:42:58,175:hal4000:INFO:message:
2026-03-26 14:42:58,175:hal4000:INFO:  Fitting problem: Number of calls to function has reached maxfev = 500.
2026-03-26 14:42:58,418:hal4000:INFO:message:
2026-03-26 14:42:58,418:hal4000:INFO:  Fitting problem: Number of calls to function has reached maxfev = 500.
2026-03-26 14:42:58,661:hal4000:INFO:message:
2026-03-26 14:42:58,661:hal4000:INFO:  Fitting problem: Number of calls to function has reached maxfev = 500.
2026-03-26 14:42:58,894:hal4000:INFO:message:
2026-03-26 14:42:58,895:hal4000:INFO:  Fitting problem: Number of calls to function has reached maxfev = 500.
2026-03-26 14:42:59,129:hal4000:INFO:message:
2026-03-26 14:42:59,129:hal4000:INFO:  Fitting problem: Number of calls to function has reached maxfev = 500.
2026-03-26 14:42:59,369:hal4000:INFO:message:
2026-03-26 14:42:59,370:hal4000:INFO:  Fitting problem: Number of calls to function has reached maxfev = 500.
2026-03-26 14:42:59,607:hal4000:INFO:message:
2026-03-26 14:42:59,607:hal4000:INFO:  Fitting problem: Number of calls to function has reached maxfev = 500.
2026-03-26 14:42:59,844:hal4000:INFO:message:
2026-03-26 14:42:59,844:hal4000:INFO:  Fitting problem: Number of calls to function has reached maxfev = 500.
2026-03-26 14:43:00,080:hal4000:INFO:message:
2026-03-26 14:43:00,081:hal4000:INFO:  Fitting problem: Number of calls to function has reached maxfev = 500.
2026-03-26 14:43:00,316:hal4000:INFO:message:
2026-03-26 14:43:00,316:hal4000:INFO:  Fitting problem: Number of calls to function has reached maxfev = 500.
2026-03-26 14:43:00,554:hal4000:INFO:message:
2026-03-26 14:43:00,554:hal4000:INFO:  Fitting problem: Number of calls to function has reached maxfev = 500.
2026-03-26 14:43:00,789:hal4000:INFO:message:
2026-03-26 14:43:00,790:hal4000:INFO:  Fitting problem: Number of calls to function has reached maxfev = 500.
2026-03-26 14:43:01,024:hal4000:INFO:message:
2026-03-26 14:43:01,024:hal4000:INFO:  Fitting problem: Number of calls to function has reached maxfev = 500.
2026-03-26 14:43:01,258:hal4000:INFO:message:
2026-03-26 14:43:01,259:hal4000:INFO:  Fitting problem: Number of calls to function has reached maxfev = 500.
2026-03-26 14:43:01,494:hal4000:INFO:message:
2026-03-26 14:43:01,495:hal4000:INFO:  Fitting problem: Number of calls to function has reached maxfev = 500.
2026-03-26 14:43:01,723:hal4000:INFO:message:
2026-03-26 14:43:01,724:hal4000:INFO:  Fitting problem: Number of calls to function has reached maxfev = 500.
2026-03-26 14:43:01,951:hal4000:INFO:message:
2026-03-26 14:43:01,951:hal4000:INFO:  Fitting problem: Number of calls to function has reached maxfev = 500.
2026-03-26 14:43:02,298:hal4000:INFO:message:
2026-03-26 14:43:02,298:hal4000:INFO:  Fitting problem: Number of calls to function has reached maxfev = 500.
2026-03-26 14:43:02,539:hal4000:INFO:message:
2026-03-26 14:43:02,540:hal4000:INFO:  Fitting problem: Number of calls to function has reached maxfev = 500.
2026-03-26 14:43:02,777:hal4000:INFO:message:
2026-03-26 14:43:02,778:hal4000:INFO:  Fitting problem: Number of calls to function has reached maxfev = 500.
2026-03-26 14:43:03,115:hal4000:INFO:message:
2026-03-26 14:43:03,115:hal4000:INFO:  Fitting problem: Number of calls to function has reached maxfev = 500.
2026-03-26 14:43:03,353:hal4000:INFO:message:
2026-03-26 14:43:03,353:hal4000:INFO:  Fitting problem: Number of calls to function has reached maxfev = 500.
2026-03-26 14:43:03,586:hal4000:INFO:message:
2026-03-26 14:43:03,587:hal4000:INFO:  Fitting problem: Number of calls to function has reached maxfev = 500.
2026-03-26 14:43:03,817:hal4000:INFO:message:
2026-03-26 14:43:03,818:hal4000:INFO:  Fitting problem: Number of calls to function has reached maxfev = 500.
2026-03-26 14:43:04,054:hal4000:INFO:message:
2026-03-26 14:43:04,054:hal4000:INFO:  Fitting problem: Number of calls to function has reached maxfev = 500.
2026-03-26 14:43:04,291:hal4000:INFO:message:
2026-03-26 14:43:04,291:hal4000:INFO:  Fitting problem: Number of calls to function has reached maxfev = 500.
2026-03-26 14:43:04,532:hal4000:INFO:message:
2026-03-26 14:43:04,532:hal4000:INFO:  Fitting problem: Number of calls to function has reached maxfev = 500.
2026-03-26 14:43:04,767:hal4000:INFO:message:
2026-03-26 14:43:04,768:hal4000:INFO:  Fitting problem: Number of calls to function has reached maxfev = 500.
2026-03-26 14:43:04,998:hal4000:INFO:message:
2026-03-26 14:43:04,998:hal4000:INFO:  Fitting problem: Number of calls to function has reached maxfev = 500.
2026-03-26 14:43:05,230:hal4000:INFO:message:
2026-03-26 14:43:05,230:hal4000:INFO:  Fitting problem: Number of calls to function has reached maxfev = 500.
2026-03-26 14:43:05,474:hal4000:INFO:message:
2026-03-26 14:43:05,474:hal4000:INFO:  Fitting problem: Number of calls to function has reached maxfev = 500.
2026-03-26 14:43:05,715:hal4000:INFO:message:
2026-03-26 14:43:05,715:hal4000:INFO:  Fitting problem: Number of calls to function has reached maxfev = 500.
2026-03-26 14:43:05,962:hal4000:INFO:message:
2026-03-26 14:43:05,962:hal4000:INFO:  Fitting problem: Number of calls to function has reached maxfev = 500.
2026-03-26 14:43:06,203:hal4000:INFO:message:
2026-03-26 14:43:06,203:hal4000:INFO:  Fitting problem: Number of calls to function has reached maxfev = 500.
2026-03-26 14:43:06,447:hal4000:INFO:message:
2026-03-26 14:43:06,447:hal4000:INFO:  Fitting problem: Number of calls to function has reached maxfev = 500.
2026-03-26 14:43:06,691:hal4000:INFO:message:
2026-03-26 14:43:06,691:hal4000:INFO:  Fitting problem: Number of calls to function has reached maxfev = 500.
2026-03-26 14:43:06,930:hal4000:INFO:message:
2026-03-26 14:43:06,930:hal4000:INFO:  Fitting problem: Number of calls to function has reached maxfev = 500.
2026-03-26 14:43:07,182:hal4000:INFO:message:
2026-03-26 14:43:07,182:hal4000:INFO:  Fitting problem: Number of calls to function has reached maxfev = 500.
2026-03-26 14:43:07,427:hal4000:INFO:message:
2026-03-26 14:43:07,428:hal4000:INFO:  Fitting problem: Number of calls to function has reached maxfev = 500.
2026-03-26 14:43:07,666:hal4000:INFO:message:
2026-03-26 14:43:07,667:hal4000:INFO:  Fitting problem: Number of calls to function has reached maxfev = 500.
2026-03-26 14:43:07,911:hal4000:INFO:message:
2026-03-26 14:43:07,911:hal4000:INFO:  Fitting problem: Number of calls to function has reached maxfev = 500.
2026-03-26 14:43:08,151:hal4000:INFO:message:
2026-03-26 14:43:08,151:hal4000:INFO:  Fitting problem: Number of calls to function has reached maxfev = 500.
2026-03-26 14:43:08,396:hal4000:INFO:message:
2026-03-26 14:43:08,396:hal4000:INFO:  Fitting problem: Number of calls to function has reached maxfev = 500.
2026-03-26 14:43:08,643:hal4000:INFO:message:
2026-03-26 14:43:08,643:hal4000:INFO:  Fitting problem: Number of calls to function has reached maxfev = 500.
2026-03-26 14:43:08,881:hal4000:INFO:message:
2026-03-26 14:43:08,882:hal4000:INFO:  Fitting problem: Number of calls to function has reached maxfev = 500.
2026-03-26 14:43:09,125:hal4000:INFO:message:
2026-03-26 14:43:09,125:hal4000:INFO:  Fitting problem: Number of calls to function has reached maxfev = 500.
2026-03-26 14:43:09,355:hal4000:INFO:message:
2026-03-26 14:43:09,355:hal4000:INFO:  Fitting problem: Number of calls to function has reached maxfev = 500.
2026-03-26 14:43:09,586:hal4000:INFO:message:
2026-03-26 14:43:09,586:hal4000:INFO:  Fitting problem: Number of calls to function has reached maxfev = 500.
2026-03-26 14:43:09,831:hal4000:INFO:message:
2026-03-26 14:43:09,831:hal4000:INFO:  Fitting problem: Number of calls to function has reached maxfev = 500.
2026-03-26 14:43:10,076:hal4000:INFO:message:
2026-03-26 14:43:10,076:hal4000:INFO:  Fitting problem: Number of calls to function has reached maxfev = 500.
2026-03-26 14:43:10,349:hal4000:INFO:message:
2026-03-26 14:43:10,349:hal4000:INFO:  Fitting problem: Number of calls to function has reached maxfev = 500.
2026-03-26 14:43:10,599:hal4000:INFO:message:
2026-03-26 14:43:10,599:hal4000:INFO:  Fitting problem: Number of calls to function has reached maxfev = 500.
2026-03-26 14:43:10,835:hal4000:INFO:message:
2026-03-26 14:43:10,835:hal4000:INFO:  Fitting problem: Number of calls to function has reached maxfev = 500.
2026-03-26 14:43:11,072:hal4000:INFO:message:
2026-03-26 14:43:11,072:hal4000:INFO:  Fitting problem: Number of calls to function has reached maxfev = 500.
2026-03-26 14:43:11,316:hal4000:INFO:message:
2026-03-26 14:43:11,317:hal4000:INFO:  Fitting problem: Number of calls to function has reached maxfev = 500.
2026-03-26 14:43:11,559:hal4000:INFO:message:
2026-03-26 14:43:11,559:hal4000:INFO:  Fitting problem: Number of calls to function has reached maxfev = 500.
2026-03-26 14:43:11,802:hal4000:INFO:message:
2026-03-26 14:43:11,802:hal4000:INFO:  Fitting problem: Number of calls to function has reached maxfev = 500.
2026-03-26 14:43:12,052:hal4000:INFO:message:
2026-03-26 14:43:12,052:hal4000:INFO:  Fitting problem: Number of calls to function has reached maxfev = 500.
2026-03-26 14:43:12,296:hal4000:INFO:message:
2026-03-26 14:43:12,296:hal4000:INFO:  Fitting problem: Number of calls to function has reached maxfev = 500.
2026-03-26 14:43:12,533:hal4000:INFO:message:
2026-03-26 14:43:12,533:hal4000:INFO:  Fitting problem: Number of calls to function has reached maxfev = 500.
2026-03-26 14:43:12,770:hal4000:INFO:message:
2026-03-26 14:43:12,770:hal4000:INFO:  Fitting problem: Number of calls to function has reached maxfev = 500.
2026-03-26 14:43:13,004:hal4000:INFO:message:
2026-03-26 14:43:13,004:hal4000:INFO:  Fitting problem: Number of calls to function has reached maxfev = 500.
2026-03-26 14:43:13,238:hal4000:INFO:message:
2026-03-26 14:43:13,238:hal4000:INFO:  Fitting problem: Number of calls to function has reached maxfev = 500.
2026-03-26 14:43:13,482:hal4000:INFO:message:
2026-03-26 14:43:13,483:hal4000:INFO:  Fitting problem: Number of calls to function has reached maxfev = 500.
2026-03-26 14:43:13,725:hal4000:INFO:message:
2026-03-26 14:43:13,726:hal4000:INFO:  Fitting problem: Number of calls to function has reached maxfev = 500.
2026-03-26 14:43:13,961:hal4000:INFO:message:
2026-03-26 14:43:13,962:hal4000:INFO:  Fitting problem: Number of calls to function has reached maxfev = 500.
2026-03-26 14:43:14,200:hal4000:INFO:message:
2026-03-26 14:43:14,200:hal4000:INFO:  Fitting problem: Number of calls to function has reached maxfev = 500.
2026-03-26 14:43:14,431:hal4000:INFO:message:
2026-03-26 14:43:14,431:hal4000:INFO:  Fitting problem: Number of calls to function has reached maxfev = 500.
2026-03-26 14:43:14,669:hal4000:INFO:message:
2026-03-26 14:43:14,670:hal4000:INFO:  Fitting problem: Number of calls to function has reached maxfev = 500.
2026-03-26 14:43:14,906:hal4000:INFO:message:
2026-03-26 14:43:14,906:hal4000:INFO:  Fitting problem: Number of calls to function has reached maxfev = 500.
2026-03-26 14:43:15,139:hal4000:INFO:message:
2026-03-26 14:43:15,139:hal4000:INFO:  Fitting problem: Number of calls to function has reached maxfev = 500.
2026-03-26 14:43:15,371:hal4000:INFO:message:
2026-03-26 14:43:15,372:hal4000:INFO:  Fitting problem: Number of calls to function has reached maxfev = 500.
2026-03-26 14:43:15,602:hal4000:INFO:message:
2026-03-26 14:43:15,603:hal4000:INFO:  Fitting problem: Number of calls to function has reached maxfev = 500.
2026-03-26 14:43:15,832:hal4000:INFO:message:
2026-03-26 14:43:15,832:hal4000:INFO:  Fitting problem: Number of calls to function has reached maxfev = 500.
2026-03-26 14:43:16,068:hal4000:INFO:message:
2026-03-26 14:43:16,068:hal4000:INFO:  Fitting problem: Number of calls to function has reached maxfev = 500.
2026-03-26 14:43:16,296:hal4000:INFO:message:
2026-03-26 14:43:16,296:hal4000:INFO:  Fitting problem: Number of calls to function has reached maxfev = 500.
2026-03-26 14:43:16,527:hal4000:INFO:message:
2026-03-26 14:43:16,527:hal4000:INFO:  Fitting problem: Number of calls to function has reached maxfev = 500.
2026-03-26 14:43:16,757:hal4000:INFO:message:
2026-03-26 14:43:16,757:hal4000:INFO:  Fitting problem: Number of calls to function has reached maxfev = 500.
2026-03-26 14:43:16,994:hal4000:INFO:message:
2026-03-26 14:43:16,994:hal4000:INFO:  Fitting problem: Number of calls to function has reached maxfev = 500.
2026-03-26 14:43:17,231:hal4000:INFO:message:
2026-03-26 14:43:17,231:hal4000:INFO:  Fitting problem: Number of calls to function has reached maxfev = 500.
2026-03-26 14:43:17,473:hal4000:INFO:message:
2026-03-26 14:43:17,473:hal4000:INFO:  Fitting problem: Number of calls to function has reached maxfev = 500.
2026-03-26 14:43:17,704:hal4000:INFO:message:
2026-03-26 14:43:17,704:hal4000:INFO:  Fitting problem: Number of calls to function has reached maxfev = 500.
2026-03-26 14:43:17,936:hal4000:INFO:message:
2026-03-26 14:43:17,936:hal4000:INFO:  Fitting problem: Number of calls to function has reached maxfev = 500.
2026-03-26 14:43:18,168:hal4000:INFO:message:
2026-03-26 14:43:18,169:hal4000:INFO:  Fitting problem: Number of calls to function has reached maxfev = 500.
2026-03-26 14:43:18,407:hal4000:INFO:message:
2026-03-26 14:43:18,408:hal4000:INFO:  Fitting problem: Number of calls to function has reached maxfev = 500.
2026-03-26 14:43:18,639:hal4000:INFO:message:
2026-03-26 14:43:18,640:hal4000:INFO:  Fitting problem: Number of calls to function has reached maxfev = 500.
2026-03-26 14:43:18,873:hal4000:INFO:message:
2026-03-26 14:43:18,873:hal4000:INFO:  Fitting problem: Number of calls to function has reached maxfev = 500.
2026-03-26 14:43:19,107:hal4000:INFO:message:
2026-03-26 14:43:19,108:hal4000:INFO:  Fitting problem: Number of calls to function has reached maxfev = 500.
2026-03-26 14:43:19,345:hal4000:INFO:message:
2026-03-26 14:43:19,345:hal4000:INFO:  Fitting problem: Number of calls to function has reached maxfev = 500.
2026-03-26 14:43:19,580:hal4000:INFO:message:
2026-03-26 14:43:19,581:hal4000:INFO:  Fitting problem: Number of calls to function has reached maxfev = 500.
2026-03-26 14:43:19,813:hal4000:INFO:message:
2026-03-26 14:43:19,813:hal4000:INFO:  Fitting problem: Number of calls to function has reached maxfev = 500.
2026-03-26 14:43:20,047:hal4000:INFO:message:
2026-03-26 14:43:20,047:hal4000:INFO:  Fitting problem: Number of calls to function has reached maxfev = 500.
2026-03-26 14:43:20,284:hal4000:INFO:message:
2026-03-26 14:43:20,285:hal4000:INFO:  Fitting problem: Number of calls to function has reached maxfev = 500.
2026-03-26 14:43:20,519:hal4000:INFO:message:
2026-03-26 14:43:20,519:hal4000:INFO:  Fitting problem: Number of calls to function has reached maxfev = 500.
2026-03-26 14:43:20,756:hal4000:INFO:message:
2026-03-26 14:43:20,756:hal4000:INFO:  Fitting problem: Number of calls to function has reached maxfev = 500.
2026-03-26 14:43:20,997:hal4000:INFO:message:
2026-03-26 14:43:20,998:hal4000:INFO:  Fitting problem: Number of calls to function has reached maxfev = 500.
2026-03-26 14:43:21,230:hal4000:INFO:message:
2026-03-26 14:43:21,230:hal4000:INFO:  Fitting problem: Number of calls to function has reached maxfev = 500.
2026-03-26 14:43:21,459:hal4000:INFO:message:
2026-03-26 14:43:21,460:hal4000:INFO:  Fitting problem: Number of calls to function has reached maxfev = 500.
2026-03-26 14:43:21,692:hal4000:INFO:message:
2026-03-26 14:43:21,692:hal4000:INFO:  Fitting problem: Number of calls to function has reached maxfev = 500.
2026-03-26 14:43:21,926:hal4000:INFO:message:
2026-03-26 14:43:21,926:hal4000:INFO:  Fitting problem: Number of calls to function has reached maxfev = 500.
2026-03-26 14:43:22,159:hal4000:INFO:message:
2026-03-26 14:43:22,159:hal4000:INFO:  Fitting problem: Number of calls to function has reached maxfev = 500.
2026-03-26 14:43:22,391:hal4000:INFO:message:
2026-03-26 14:43:22,392:hal4000:INFO:  Fitting problem: Number of calls to function has reached maxfev = 500.
2026-03-26 14:43:22,625:hal4000:INFO:message:
2026-03-26 14:43:22,626:hal4000:INFO:  Fitting problem: Number of calls to function has reached maxfev = 500.
2026-03-26 14:43:22,858:hal4000:INFO:message:
2026-03-26 14:43:22,859:hal4000:INFO:  Fitting problem: Number of calls to function has reached maxfev = 500.
2026-03-26 14:43:23,094:hal4000:INFO:message:
2026-03-26 14:43:23,095:hal4000:INFO:  Fitting problem: Number of calls to function has reached maxfev = 500.
2026-03-26 14:43:23,327:hal4000:INFO:message:
2026-03-26 14:43:23,327:hal4000:INFO:  Fitting problem: Number of calls to function has reached maxfev = 500.
2026-03-26 14:43:23,559:hal4000:INFO:message:
2026-03-26 14:43:23,559:hal4000:INFO:  Fitting problem: Number of calls to function has reached maxfev = 500.
2026-03-26 14:43:23,789:hal4000:INFO:message:
2026-03-26 14:43:23,790:hal4000:INFO:  Fitting problem: Number of calls to function has reached maxfev = 500.
2026-03-26 14:43:24,018:hal4000:INFO:message:
2026-03-26 14:43:24,019:hal4000:INFO:  Fitting problem: Number of calls to function has reached maxfev = 500.
2026-03-26 14:43:24,249:hal4000:INFO:message:
2026-03-26 14:43:24,249:hal4000:INFO:  Fitting problem: Number of calls to function has reached maxfev = 500.
2026-03-26 14:43:24,477:hal4000:INFO:message:
2026-03-26 14:43:24,477:hal4000:INFO:  Fitting problem: Number of calls to function has reached maxfev = 500.
2026-03-26 14:43:24,712:hal4000:INFO:message:
2026-03-26 14:43:24,713:hal4000:INFO:  Fitting problem: Number of calls to function has reached maxfev = 500.
2026-03-26 14:43:24,947:hal4000:INFO:message:
2026-03-26 14:43:24,948:hal4000:INFO:  Fitting problem: Number of calls to function has reached maxfev = 500.
2026-03-26 14:43:25,184:hal4000:INFO:message:
2026-03-26 14:43:25,184:hal4000:INFO:  Fitting problem: Number of calls to function has reached maxfev = 500.
2026-03-26 14:43:25,419:hal4000:INFO:message:
2026-03-26 14:43:25,420:hal4000:INFO:  Fitting problem: Number of calls to function has reached maxfev = 500.
2026-03-26 14:43:25,657:hal4000:INFO:message:
2026-03-26 14:43:25,657:hal4000:INFO:  Fitting problem: Number of calls to function has reached maxfev = 500.
2026-03-26 14:43:25,895:hal4000:INFO:message:
2026-03-26 14:43:25,895:hal4000:INFO:  Fitting problem: Number of calls to function has reached maxfev = 500.
2026-03-26 14:43:26,131:hal4000:INFO:message:
2026-03-26 14:43:26,131:hal4000:INFO:  Fitting problem: Number of calls to function has reached maxfev = 500.
2026-03-26 14:43:26,362:hal4000:INFO:message:
2026-03-26 14:43:26,363:hal4000:INFO:  Fitting problem: Number of calls to function has reached maxfev = 500.
2026-03-26 14:43:26,596:hal4000:INFO:message:
2026-03-26 14:43:26,596:hal4000:INFO:  Fitting problem: Number of calls to function has reached maxfev = 500.
2026-03-26 14:43:26,832:hal4000:INFO:message:
2026-03-26 14:43:26,832:hal4000:INFO:  Fitting problem: Number of calls to function has reached maxfev = 500.
2026-03-26 14:43:27,068:hal4000:INFO:message:
2026-03-26 14:43:27,068:hal4000:INFO:  Fitting problem: Number of calls to function has reached maxfev = 500.
2026-03-26 14:43:27,311:hal4000:INFO:message:
2026-03-26 14:43:27,311:hal4000:INFO:  Fitting problem: Number of calls to function has reached maxfev = 500.
2026-03-26 14:43:27,551:hal4000:INFO:message:
2026-03-26 14:43:27,551:hal4000:INFO:  Fitting problem: Number of calls to function has reached maxfev = 500.
2026-03-26 14:43:27,794:hal4000:INFO:message:
2026-03-26 14:43:27,795:hal4000:INFO:  Fitting problem: Number of calls to function has reached maxfev = 500.
2026-03-26 14:43:28,035:hal4000:INFO:message:
2026-03-26 14:43:28,035:hal4000:INFO:  Fitting problem: Number of calls to function has reached maxfev = 500.
2026-03-26 14:43:28,274:hal4000:INFO:message:
2026-03-26 14:43:28,274:hal4000:INFO:  Fitting problem: Number of calls to function has reached maxfev = 500.
2026-03-26 14:43:28,509:hal4000:INFO:message:
2026-03-26 14:43:28,509:hal4000:INFO:  Fitting problem: Number of calls to function has reached maxfev = 500.
2026-03-26 14:43:28,744:hal4000:INFO:message:
2026-03-26 14:43:28,745:hal4000:INFO:  Fitting problem: Number of calls to function has reached maxfev = 500.
2026-03-26 14:43:28,978:hal4000:INFO:message:
2026-03-26 14:43:28,978:hal4000:INFO:  Fitting problem: Number of calls to function has reached maxfev = 500.
2026-03-26 14:43:29,212:hal4000:INFO:message:
2026-03-26 14:43:29,213:hal4000:INFO:  Fitting problem: Number of calls to function has reached maxfev = 500.
2026-03-26 14:43:29,449:hal4000:INFO:message:
2026-03-26 14:43:29,449:hal4000:INFO:  Fitting problem: Number of calls to function has reached maxfev = 500.
2026-03-26 14:43:29,689:hal4000:INFO:message:
2026-03-26 14:43:29,689:hal4000:INFO:  Fitting problem: Number of calls to function has reached maxfev = 500.
2026-03-26 14:43:29,923:hal4000:INFO:message:
2026-03-26 14:43:29,923:hal4000:INFO:  Fitting problem: Number of calls to function has reached maxfev = 500.
2026-03-26 14:43:30,155:hal4000:INFO:message:
2026-03-26 14:43:30,155:hal4000:INFO:  Fitting problem: Number of calls to function has reached maxfev = 500.
2026-03-26 14:43:30,389:hal4000:INFO:message:
2026-03-26 14:43:30,389:hal4000:INFO:  Fitting problem: Number of calls to function has reached maxfev = 500.
2026-03-26 14:43:30,619:hal4000:INFO:message:
2026-03-26 14:43:30,619:hal4000:INFO:  Fitting problem: Number of calls to function has reached maxfev = 500.
2026-03-26 14:43:30,853:hal4000:INFO:message:
2026-03-26 14:43:30,853:hal4000:INFO:  Fitting problem: Number of calls to function has reached maxfev = 500.
2026-03-26 14:43:31,081:hal4000:INFO:message:
2026-03-26 14:43:31,082:hal4000:INFO:  Fitting problem: Number of calls to function has reached maxfev = 500.
2026-03-26 14:43:31,328:hal4000:INFO:message:
2026-03-26 14:43:31,328:hal4000:INFO:  Fitting problem: Number of calls to function has reached maxfev = 500.
2026-03-26 14:43:31,572:hal4000:INFO:message:
2026-03-26 14:43:31,572:hal4000:INFO:  Fitting problem: Number of calls to function has reached maxfev = 500.
2026-03-26 14:43:31,814:hal4000:INFO:message:
2026-03-26 14:43:31,814:hal4000:INFO:  Fitting problem: Number of calls to function has reached maxfev = 500.
2026-03-26 14:43:32,056:hal4000:INFO:message:
2026-03-26 14:43:32,056:hal4000:INFO:  Fitting problem: Number of calls to function has reached maxfev = 500.
2026-03-26 14:43:32,298:hal4000:INFO:message:
2026-03-26 14:43:32,298:hal4000:INFO:  Fitting problem: Number of calls to function has reached maxfev = 500.
2026-03-26 14:43:32,546:hal4000:INFO:message:
2026-03-26 14:43:32,546:hal4000:INFO:  Fitting problem: Number of calls to function has reached maxfev = 500.
2026-03-26 14:43:32,787:hal4000:INFO:message:
2026-03-26 14:43:32,788:hal4000:INFO:  Fitting problem: Number of calls to function has reached maxfev = 500.
2026-03-26 14:43:33,028:hal4000:INFO:message:
2026-03-26 14:43:33,028:hal4000:INFO:  Fitting problem: Number of calls to function has reached maxfev = 500.
2026-03-26 14:43:33,268:hal4000:INFO:message:
2026-03-26 14:43:33,268:hal4000:INFO:  Fitting problem: Number of calls to function has reached maxfev = 500.
2026-03-26 14:43:33,510:hal4000:INFO:message:
2026-03-26 14:43:33,510:hal4000:INFO:  Fitting problem: Number of calls to function has reached maxfev = 500.
2026-03-26 14:43:33,748:hal4000:INFO:message:
2026-03-26 14:43:33,748:hal4000:INFO:  Fitting problem: Number of calls to function has reached maxfev = 500.
2026-03-26 14:43:33,996:hal4000:INFO:message:
2026-03-26 14:43:33,996:hal4000:INFO:  Fitting problem: Number of calls to function has reached maxfev = 500.
2026-03-26 14:43:34,236:hal4000:INFO:message:
2026-03-26 14:43:34,236:hal4000:INFO:  Fitting problem: Number of calls to function has reached maxfev = 500.
2026-03-26 14:43:34,466:hal4000:INFO:message:
2026-03-26 14:43:34,466:hal4000:INFO:  Fitting problem: Number of calls to function has reached maxfev = 500.
2026-03-26 14:43:34,700:hal4000:INFO:message:
2026-03-26 14:43:34,700:hal4000:INFO:  Fitting problem: Number of calls to function has reached maxfev = 500.
2026-03-26 14:43:34,931:hal4000:INFO:message:
2026-03-26 14:43:34,931:hal4000:INFO:  Fitting problem: Number of calls to function has reached maxfev = 500.
2026-03-26 14:43:35,158:hal4000:INFO:message:
2026-03-26 14:43:35,158:hal4000:INFO:  Fitting problem: Number of calls to function has reached maxfev = 500.
2026-03-26 14:43:35,394:hal4000:INFO:message:
2026-03-26 14:43:35,394:hal4000:INFO:  Fitting problem: Number of calls to function has reached maxfev = 500.
2026-03-26 14:43:35,634:hal4000:INFO:message:
2026-03-26 14:43:35,634:hal4000:INFO:  Fitting problem: Number of calls to function has reached maxfev = 500.
2026-03-26 14:43:35,875:hal4000:INFO:message:
2026-03-26 14:43:35,875:hal4000:INFO:  Fitting problem: Number of calls to function has reached maxfev = 500.
2026-03-26 14:43:36,112:hal4000:INFO:message:
2026-03-26 14:43:36,112:hal4000:INFO:  Fitting problem: Number of calls to function has reached maxfev = 500.
2026-03-26 14:43:36,343:hal4000:INFO:message:
2026-03-26 14:43:36,343:hal4000:INFO:  Fitting problem: Number of calls to function has reached maxfev = 500.
2026-03-26 14:43:36,580:hal4000:INFO:message:
2026-03-26 14:43:36,580:hal4000:INFO:  Fitting problem: Number of calls to function has reached maxfev = 500.
2026-03-26 14:43:36,818:hal4000:INFO:message:
2026-03-26 14:43:36,818:hal4000:INFO:  Fitting problem: Number of calls to function has reached maxfev = 500.
2026-03-26 14:43:37,049:hal4000:INFO:message:
2026-03-26 14:43:37,049:hal4000:INFO:  Fitting problem: Number of calls to function has reached maxfev = 500.
2026-03-26 14:43:37,283:hal4000:INFO:message:
2026-03-26 14:43:37,283:hal4000:INFO:  Fitting problem: Number of calls to function has reached maxfev = 500.
2026-03-26 14:43:37,512:hal4000:INFO:message:
2026-03-26 14:43:37,514:hal4000:INFO:  Fitting problem: Number of calls to function has reached maxfev = 500.
2026-03-26 14:43:37,749:hal4000:INFO:message:
2026-03-26 14:43:37,749:hal4000:INFO:  Fitting problem: Number of calls to function has reached maxfev = 500.
2026-03-26 14:43:37,978:hal4000:INFO:message:
2026-03-26 14:43:37,979:hal4000:INFO:  Fitting problem: Number of calls to function has reached maxfev = 500.
2026-03-26 14:43:38,208:hal4000:INFO:message:
2026-03-26 14:43:38,208:hal4000:INFO:  Fitting problem: Number of calls to function has reached maxfev = 500.
2026-03-26 14:43:38,444:hal4000:INFO:message:
2026-03-26 14:43:38,444:hal4000:INFO:  Fitting problem: Number of calls to function has reached maxfev = 500.
2026-03-26 14:43:38,685:hal4000:INFO:message:
2026-03-26 14:43:38,685:hal4000:INFO:  Fitting problem: Number of calls to function has reached maxfev = 500.
2026-03-26 14:43:38,922:hal4000:INFO:message:
2026-03-26 14:43:38,922:hal4000:INFO:  Fitting problem: Number of calls to function has reached maxfev = 500.
2026-03-26 14:43:39,165:hal4000:INFO:message:
2026-03-26 14:43:39,166:hal4000:INFO:  Fitting problem: Number of calls to function has reached maxfev = 500.
2026-03-26 14:43:39,420:hal4000:INFO:message:
2026-03-26 14:43:39,421:hal4000:INFO:  Fitting problem: Number of calls to function has reached maxfev = 500.
2026-03-26 14:43:39,661:hal4000:INFO:message:
2026-03-26 14:43:39,661:hal4000:INFO:  Fitting problem: Number of calls to function has reached maxfev = 500.
2026-03-26 14:43:39,900:hal4000:INFO:message:
2026-03-26 14:43:39,901:hal4000:INFO:  Fitting problem: Number of calls to function has reached maxfev = 500.
2026-03-26 14:43:40,146:hal4000:INFO:message:
2026-03-26 14:43:40,146:hal4000:INFO:  Fitting problem: Number of calls to function has reached maxfev = 500.
2026-03-26 14:43:40,390:hal4000:INFO:message:
2026-03-26 14:43:40,390:hal4000:INFO:  Fitting problem: Number of calls to function has reached maxfev = 500.
2026-03-26 14:43:40,626:hal4000:INFO:message:
2026-03-26 14:43:40,626:hal4000:INFO:  Fitting problem: Number of calls to function has reached maxfev = 500.
2026-03-26 14:43:40,877:hal4000:INFO:message:
2026-03-26 14:43:40,877:hal4000:INFO:  Fitting problem: Number of calls to function has reached maxfev = 500.
2026-03-26 14:43:41,120:hal4000:INFO:message:
2026-03-26 14:43:41,120:hal4000:INFO:  Fitting problem: Number of calls to function has reached maxfev = 500.
2026-03-26 14:43:41,356:hal4000:INFO:message:
2026-03-26 14:43:41,356:hal4000:INFO:  Fitting problem: Number of calls to function has reached maxfev = 500.
2026-03-26 14:43:41,603:hal4000:INFO:message:
2026-03-26 14:43:41,603:hal4000:INFO:  Fitting problem: Number of calls to function has reached maxfev = 500.
2026-03-26 14:43:41,836:hal4000:INFO:message:
2026-03-26 14:43:41,837:hal4000:INFO:  Fitting problem: Number of calls to function has reached maxfev = 500.
2026-03-26 14:43:41,910:hal4000:INFO:message:
2026-03-26 14:43:41,911:hal4000:INFO:  queued,66,hal,close event
2026-03-26 14:43:42,086:hal4000:INFO:message:
2026-03-26 14:43:42,086:hal4000:INFO:  Fitting problem: Number of calls to function has reached maxfev = 500.
2026-03-26 14:43:42,243:hal4000:INFO:message:
2026-03-26 14:43:42,244:hal4000:INFO:  Fitting problem: Number of calls to function has reached maxfev = 500.
2026-03-26 14:43:42,280:hal4000:INFO:message:
2026-03-26 14:43:42,287:hal4000:INFO:  uc480: Call failed with error 1 is_CopyImageMem
