2026-03-26 18:58:03,872:hal4000:INFO:  processed,3,core,start
2026-03-26 18:58:03,954:hal4000:INFO:message:
2026-03-26 18:58:03,954:hal4000:INFO:  sent,58,hal,change directory
2026-03-26 18:58:03,994:hal4000:INFO:message:
2026-03-26 18:58:03,994:hal4000:INFO:  handled by,58,hal,change directory
2026-03-26 18:58:03,995:hal4000:INFO:message:
2026-03-26 18:58:03,995:hal4000:INFO:  handled by,58,aotf,change directory
2026-03-26 18:58:03,995:hal4000:INFO:message:
2026-03-26 18:58:03,995:hal4000:INFO:  handled by,58,camera1,change directory
2026-03-26 18:58:03,996:hal4000:INFO:message:
2026-03-26 18:58:03,996:hal4000:INFO:  handled by,58,clemex_stage,change directory
2026-03-26 18:58:03,997:hal4000:INFO:message:
2026-03-26 18:58:03,997:hal4000:INFO:  handled by,58,coherentGenesis488,change directory
2026-03-26 18:58:03,997:hal4000:INFO:message:
2026-03-26 18:58:03,997:hal4000:INFO:  handled by,58,coherentGenesis560,change directory
2026-03-26 18:58:03,998:hal4000:INFO:message:
2026-03-26 18:58:03,998:hal4000:INFO:  handled by,58,display,change directory
2026-03-26 18:58:03,998:hal4000:INFO:message:
2026-03-26 18:58:03,999:hal4000:INFO:  handled by,58,feeds,change directory
2026-03-26 18:58:03,999:hal4000:INFO:message:
2026-03-26 18:58:04,000:hal4000:INFO:  handled by,58,film,change directory
2026-03-26 18:58:04,000:hal4000:INFO:message:
2026-03-26 18:58:04,000:hal4000:INFO:  handled by,58,focuslock,change directory
2026-03-26 18:58:04,000:hal4000:INFO:message:
2026-03-26 18:58:04,000:hal4000:INFO:  handled by,58,illumination,change directory
2026-03-26 18:58:04,001:hal4000:INFO:message:
2026-03-26 18:58:04,001:hal4000:INFO:  handled by,58,mosaic,change directory
2026-03-26 18:58:04,001:hal4000:INFO:message:
2026-03-26 18:58:04,001:hal4000:INFO:  handled by,58,mpb642,change directory
2026-03-26 18:58:04,001:hal4000:INFO:message:
2026-03-26 18:58:04,001:hal4000:INFO:  handled by,58,none_irlaser,change directory
2026-03-26 18:58:04,002:hal4000:INFO:message:
2026-03-26 18:58:04,002:hal4000:INFO:  handled by,58,obis405,change directory
2026-03-26 18:58:04,002:hal4000:INFO:message:
2026-03-26 18:58:04,002:hal4000:INFO:  handled by,58,pi_controller,change directory
2026-03-26 18:58:04,002:hal4000:INFO:message:
2026-03-26 18:58:04,002:hal4000:INFO:  handled by,58,progressions,change directory
2026-03-26 18:58:04,003:hal4000:INFO:message:
2026-03-26 18:58:04,003:hal4000:INFO:  handled by,58,scmos_cal,change directory
2026-03-26 18:58:04,004:hal4000:INFO:message:
2026-03-26 18:58:04,004:hal4000:INFO:  handled by,58,settings,change directory
2026-03-26 18:58:04,004:hal4000:INFO:message:
2026-03-26 18:58:04,004:hal4000:INFO:  handled by,58,spotcounter,change directory
2026-03-26 18:58:04,004:hal4000:INFO:message:
2026-03-26 18:58:04,005:hal4000:INFO:  handled by,58,stage,change directory
2026-03-26 18:58:04,005:hal4000:INFO:message:
2026-03-26 18:58:04,005:hal4000:INFO:  handled by,58,tcp_control,change directory
2026-03-26 18:58:04,005:hal4000:INFO:message:
2026-03-26 18:58:04,005:hal4000:INFO:  handled by,58,timing,change directory
2026-03-26 18:58:04,005:hal4000:INFO:message:
2026-03-26 18:58:04,006:hal4000:INFO:  handled by,58,uc480_camera,change directory
2026-03-26 18:58:04,006:hal4000:INFO:message:
2026-03-26 18:58:04,006:hal4000:INFO:  handled by,58,z_stage,change directory
2026-03-26 18:58:04,006:hal4000:INFO:message:
2026-03-26 18:58:04,006:hal4000:INFO:  processed,58,hal,change directory
2026-03-26 18:58:04,007:hal4000:INFO:message:
2026-03-26 18:58:04,007:hal4000:INFO:  sent,59,display,get functionality
2026-03-26 18:58:04,016:hal4000:INFO:message:
2026-03-26 18:58:04,017:hal4000:INFO:  handled by,59,hal,get functionality
2026-03-26 18:58:04,017:hal4000:INFO:message:
2026-03-26 18:58:04,017:hal4000:INFO:  handled by,59,aotf,get functionality
2026-03-26 18:58:04,017:hal4000:INFO:message:
2026-03-26 18:58:04,018:hal4000:INFO:  handled by,59,camera1,get functionality
2026-03-26 18:58:04,018:hal4000:INFO:message:
2026-03-26 18:58:04,018:hal4000:INFO:  handled by,59,clemex_stage,get functionality
2026-03-26 18:58:04,018:hal4000:INFO:message:
2026-03-26 18:58:04,019:hal4000:INFO:  handled by,59,coherentGenesis488,get functionality
2026-03-26 18:58:04,019:hal4000:INFO:message:
2026-03-26 18:58:04,019:hal4000:INFO:  handled by,59,coherentGenesis560,get functionality
2026-03-26 18:58:04,020:hal4000:INFO:message:
2026-03-26 18:58:04,020:hal4000:INFO:  handled by,59,display,get functionality
2026-03-26 18:58:04,020:hal4000:INFO:message:
2026-03-26 18:58:04,020:hal4000:INFO:  handled by,59,feeds,get functionality
2026-03-26 18:58:04,021:hal4000:INFO:message:
2026-03-26 18:58:04,021:hal4000:INFO:  handled by,59,film,get functionality
2026-03-26 18:58:04,021:hal4000:INFO:message:
2026-03-26 18:58:04,021:hal4000:INFO:  handled by,59,focuslock,get functionality
2026-03-26 18:58:04,021:hal4000:INFO:message:
2026-03-26 18:58:04,021:hal4000:INFO:  handled by,59,illumination,get functionality
2026-03-26 18:58:04,022:hal4000:INFO:message:
2026-03-26 18:58:04,022:hal4000:INFO:  handled by,59,mosaic,get functionality
2026-03-26 18:58:04,022:hal4000:INFO:message:
2026-03-26 18:58:04,022:hal4000:INFO:  handled by,59,mpb642,get functionality
2026-03-26 18:58:04,023:hal4000:INFO:message:
2026-03-26 18:58:04,023:hal4000:INFO:  handled by,59,none_irlaser,get functionality
2026-03-26 18:58:04,023:hal4000:INFO:message:
2026-03-26 18:58:04,023:hal4000:INFO:  handled by,59,obis405,get functionality
2026-03-26 18:58:04,023:hal4000:INFO:message:
2026-03-26 18:58:04,024:hal4000:INFO:  handled by,59,pi_controller,get functionality
2026-03-26 18:58:04,024:hal4000:INFO:message:
2026-03-26 18:58:04,024:hal4000:INFO:  handled by,59,progressions,get functionality
2026-03-26 18:58:04,024:hal4000:INFO:message:
2026-03-26 18:58:04,024:hal4000:INFO:  handled by,59,scmos_cal,get functionality
2026-03-26 18:58:04,025:hal4000:INFO:message:
2026-03-26 18:58:04,025:hal4000:INFO:  handled by,59,settings,get functionality
2026-03-26 18:58:04,025:hal4000:INFO:message:
2026-03-26 18:58:04,025:hal4000:INFO:  handled by,59,spotcounter,get functionality
2026-03-26 18:58:04,026:hal4000:INFO:message:
2026-03-26 18:58:04,026:hal4000:INFO:  handled by,59,stage,get functionality
2026-03-26 18:58:04,026:hal4000:INFO:message:
2026-03-26 18:58:04,026:hal4000:INFO:  handled by,59,tcp_control,get functionality
2026-03-26 18:58:04,026:hal4000:INFO:message:
2026-03-26 18:58:04,027:hal4000:INFO:  handled by,59,timing,get functionality
2026-03-26 18:58:04,027:hal4000:INFO:message:
2026-03-26 18:58:04,027:hal4000:INFO:  handled by,59,uc480_camera,get functionality
2026-03-26 18:58:04,028:hal4000:INFO:message:
2026-03-26 18:58:04,028:hal4000:INFO:  handled by,59,z_stage,get functionality
2026-03-26 18:58:04,028:hal4000:INFO:message:
2026-03-26 18:58:04,028:hal4000:INFO:  processed,59,display,get functionality
2026-03-26 18:58:04,032:hal4000:INFO:message:
2026-03-26 18:58:04,032:hal4000:INFO:  sent,60,film,start camera
2026-03-26 18:58:04,036:hal4000:INFO:message:
2026-03-26 18:58:04,036:hal4000:INFO:  handled by,60,hal,start camera
2026-03-26 18:58:04,036:hal4000:INFO:message:
2026-03-26 18:58:04,036:hal4000:INFO:  handled by,60,aotf,start camera
2026-03-26 18:58:04,037:hal4000:INFO:message:
2026-03-26 18:58:04,037:hal4000:INFO:  handled by,60,camera1,start camera
2026-03-26 18:58:04,037:hal4000:INFO:message:
2026-03-26 18:58:04,038:hal4000:INFO:  handled by,60,clemex_stage,start camera
2026-03-26 18:58:04,038:hal4000:INFO:message:
2026-03-26 18:58:04,038:hal4000:INFO:  handled by,60,coherentGenesis488,start camera
2026-03-26 18:58:04,038:hal4000:INFO:message:
2026-03-26 18:58:04,038:hal4000:INFO:  handled by,60,coherentGenesis560,start camera
2026-03-26 18:58:04,039:hal4000:INFO:message:
2026-03-26 18:58:04,039:hal4000:INFO:  handled by,60,display,start camera
2026-03-26 18:58:04,039:hal4000:INFO:message:
2026-03-26 18:58:04,039:hal4000:INFO:  handled by,60,feeds,start camera
2026-03-26 18:58:04,040:hal4000:INFO:message:
2026-03-26 18:58:04,040:hal4000:INFO:  handled by,60,film,start camera
2026-03-26 18:58:04,040:hal4000:INFO:message:
2026-03-26 18:58:04,040:hal4000:INFO:  handled by,60,focuslock,start camera
2026-03-26 18:58:04,041:hal4000:INFO:message:
2026-03-26 18:58:04,041:hal4000:INFO:  handled by,60,illumination,start camera
2026-03-26 18:58:04,041:hal4000:INFO:message:
2026-03-26 18:58:04,041:hal4000:INFO:  handled by,60,mosaic,start camera
2026-03-26 18:58:04,042:hal4000:INFO:message:
2026-03-26 18:58:04,042:hal4000:INFO:  handled by,60,mpb642,start camera
2026-03-26 18:58:04,042:hal4000:INFO:message:
2026-03-26 18:58:04,042:hal4000:INFO:  handled by,60,none_irlaser,start camera
2026-03-26 18:58:04,043:hal4000:INFO:message:
2026-03-26 18:58:04,043:hal4000:INFO:  handled by,60,obis405,start camera
2026-03-26 18:58:04,044:hal4000:INFO:message:
2026-03-26 18:58:04,044:hal4000:INFO:  handled by,60,pi_controller,start camera
2026-03-26 18:58:04,044:hal4000:INFO:message:
2026-03-26 18:58:04,044:hal4000:INFO:  handled by,60,progressions,start camera
2026-03-26 18:58:04,045:hal4000:INFO:message:
2026-03-26 18:58:04,045:hal4000:INFO:  handled by,60,scmos_cal,start camera
2026-03-26 18:58:04,046:hal4000:INFO:message:
2026-03-26 18:58:04,046:hal4000:INFO:  handled by,60,settings,start camera
2026-03-26 18:58:04,046:hal4000:INFO:message:
2026-03-26 18:58:04,046:hal4000:INFO:  handled by,60,spotcounter,start camera
2026-03-26 18:58:04,047:hal4000:INFO:message:
2026-03-26 18:58:04,047:hal4000:INFO:  handled by,60,stage,start camera
2026-03-26 18:58:04,047:hal4000:INFO:message:
2026-03-26 18:58:04,047:hal4000:INFO:  handled by,60,tcp_control,start camera
2026-03-26 18:58:04,048:hal4000:INFO:message:
2026-03-26 18:58:04,048:hal4000:INFO:  handled by,60,timing,start camera
2026-03-26 18:58:04,048:hal4000:INFO:message:
2026-03-26 18:58:04,049:hal4000:INFO:  handled by,60,uc480_camera,start camera
2026-03-26 18:58:04,049:hal4000:INFO:message:
2026-03-26 18:58:04,049:hal4000:INFO:  handled by,60,z_stage,start camera
2026-03-26 18:58:04,049:hal4000:INFO:message:
2026-03-26 18:58:04,049:hal4000:INFO:  processed,60,film,start camera
2026-03-26 18:58:04,052:hal4000:INFO:message:
2026-03-26 18:58:04,052:hal4000:INFO:  sent,62,film,start camera
2026-03-26 18:58:04,053:hal4000:INFO:message:
2026-03-26 18:58:04,053:hal4000:INFO:  handled by,62,hal,start camera
2026-03-26 18:58:04,053:hal4000:INFO:message:
2026-03-26 18:58:04,053:hal4000:INFO:  handled by,62,aotf,start camera
2026-03-26 18:58:04,054:hal4000:INFO:message:
2026-03-26 18:58:04,054:hal4000:INFO:  handled by,62,camera1,start camera
2026-03-26 18:58:04,054:hal4000:INFO:message:
2026-03-26 18:58:04,055:hal4000:INFO:  handled by,62,clemex_stage,start camera
2026-03-26 18:58:04,055:hal4000:INFO:message:
2026-03-26 18:58:04,055:hal4000:INFO:  handled by,62,coherentGenesis488,start camera
2026-03-26 18:58:04,055:hal4000:INFO:message:
2026-03-26 18:58:04,055:hal4000:INFO:  handled by,62,coherentGenesis560,start camera
2026-03-26 18:58:04,056:hal4000:INFO:message:
2026-03-26 18:58:04,059:hal4000:INFO:  handled by,62,display,start camera
2026-03-26 18:58:04,060:hal4000:INFO:message:
2026-03-26 18:58:04,060:hal4000:INFO:  handled by,62,feeds,start camera
2026-03-26 18:58:04,061:hal4000:INFO:message:
2026-03-26 18:58:04,061:hal4000:INFO:  handled by,62,film,start camera
2026-03-26 18:58:04,061:hal4000:INFO:message:
2026-03-26 18:58:04,061:hal4000:INFO:  handled by,62,focuslock,start camera
2026-03-26 18:58:04,061:hal4000:INFO:message:
2026-03-26 18:58:04,062:hal4000:INFO:  handled by,62,illumination,start camera
2026-03-26 18:58:04,062:hal4000:INFO:message:
2026-03-26 18:58:04,062:hal4000:INFO:  handled by,62,mosaic,start camera
2026-03-26 18:58:04,062:hal4000:INFO:message:
2026-03-26 18:58:04,062:hal4000:INFO:  handled by,62,mpb642,start camera
2026-03-26 18:58:04,063:hal4000:INFO:message:
2026-03-26 18:58:04,063:hal4000:INFO:  handled by,62,none_irlaser,start camera
2026-03-26 18:58:04,063:hal4000:INFO:message:
2026-03-26 18:58:04,063:hal4000:INFO:  handled by,62,obis405,start camera
2026-03-26 18:58:04,064:hal4000:INFO:message:
2026-03-26 18:58:04,064:hal4000:INFO:  handled by,62,pi_controller,start camera
2026-03-26 18:58:04,064:hal4000:INFO:message:
2026-03-26 18:58:04,064:hal4000:INFO:  handled by,62,progressions,start camera
2026-03-26 18:58:04,064:hal4000:INFO:message:
2026-03-26 18:58:04,065:hal4000:INFO:  handled by,62,scmos_cal,start camera
2026-03-26 18:58:04,065:hal4000:INFO:message:
2026-03-26 18:58:04,065:hal4000:INFO:  handled by,62,settings,start camera
2026-03-26 18:58:04,066:hal4000:INFO:message:
2026-03-26 18:58:04,066:hal4000:INFO:  handled by,62,spotcounter,start camera
2026-03-26 18:58:04,066:hal4000:INFO:message:
2026-03-26 18:58:04,066:hal4000:INFO:  handled by,62,stage,start camera
2026-03-26 18:58:04,066:hal4000:INFO:message:
2026-03-26 18:58:04,067:hal4000:INFO:  handled by,62,tcp_control,start camera
2026-03-26 18:58:04,067:hal4000:INFO:message:
2026-03-26 18:58:04,068:hal4000:INFO:  handled by,62,timing,start camera
2026-03-26 18:58:04,068:hal4000:INFO:message:
2026-03-26 18:58:04,068:hal4000:INFO:  handled by,62,uc480_camera,start camera
2026-03-26 18:58:04,068:hal4000:INFO:message:
2026-03-26 18:58:04,069:hal4000:INFO:  handled by,62,z_stage,start camera
2026-03-26 18:58:04,069:hal4000:INFO:message:
2026-03-26 18:58:04,069:hal4000:INFO:  sent,63,illumination,new shutters file
2026-03-26 18:58:04,070:hal4000:INFO:message:
2026-03-26 18:58:04,070:hal4000:INFO:  worker started 60000,62,film,start camera
2026-03-26 18:58:04,070:hal4000:INFO:message:
2026-03-26 18:58:04,070:hal4000:INFO:  handled by,63,hal,new shutters file
2026-03-26 18:58:04,071:hal4000:INFO:message:
2026-03-26 18:58:04,071:hal4000:INFO:  handled by,63,aotf,new shutters file
2026-03-26 18:58:04,071:hal4000:INFO:message:
2026-03-26 18:58:04,071:hal4000:INFO:  handled by,63,clemex_stage,new shutters file
2026-03-26 18:58:04,072:hal4000:INFO:message:
2026-03-26 18:58:04,072:hal4000:INFO:  handled by,63,coherentGenesis488,new shutters file
2026-03-26 18:58:04,072:hal4000:INFO:message:
2026-03-26 18:58:04,072:hal4000:INFO:  handled by,63,coherentGenesis560,new shutters file
2026-03-26 18:58:04,073:hal4000:INFO:message:
2026-03-26 18:58:04,073:hal4000:INFO:  handled by,63,display,new shutters file
2026-03-26 18:58:04,073:hal4000:INFO:message:
2026-03-26 18:58:04,073:hal4000:INFO:  handled by,63,feeds,new shutters file
2026-03-26 18:58:04,073:hal4000:INFO:message:
2026-03-26 18:58:04,074:hal4000:INFO:  handled by,63,film,new shutters file
2026-03-26 18:58:04,074:hal4000:INFO:message:
2026-03-26 18:58:04,075:hal4000:INFO:  handled by,63,focuslock,new shutters file
2026-03-26 18:58:04,076:hal4000:INFO:message:
2026-03-26 18:58:04,076:hal4000:INFO:  queued,65,illumination,configuration
2026-03-26 18:58:04,076:hal4000:INFO:message:
2026-03-26 18:58:04,076:hal4000:INFO:  handled by,63,illumination,new shutters file
2026-03-26 18:58:04,076:hal4000:INFO:message:
2026-03-26 18:58:04,077:hal4000:INFO:  handled by,63,mosaic,new shutters file
2026-03-26 18:58:04,077:hal4000:INFO:message:
2026-03-26 18:58:04,077:hal4000:INFO:  handled by,63,mpb642,new shutters file
2026-03-26 18:58:04,077:hal4000:INFO:message:
2026-03-26 18:58:04,078:hal4000:INFO:  handled by,63,none_irlaser,new shutters file
2026-03-26 18:58:04,078:hal4000:INFO:message:
2026-03-26 18:58:04,078:hal4000:INFO:  handled by,63,obis405,new shutters file
2026-03-26 18:58:04,078:hal4000:INFO:message:
2026-03-26 18:58:04,079:hal4000:INFO:  handled by,63,pi_controller,new shutters file
2026-03-26 18:58:04,079:hal4000:INFO:message:
2026-03-26 18:58:04,079:hal4000:INFO:  handled by,63,progressions,new shutters file
2026-03-26 18:58:04,079:hal4000:INFO:message:
2026-03-26 18:58:04,079:hal4000:INFO:  handled by,63,scmos_cal,new shutters file
2026-03-26 18:58:04,080:hal4000:INFO:message:
2026-03-26 18:58:04,080:hal4000:INFO:  handled by,63,settings,new shutters file
2026-03-26 18:58:04,080:hal4000:INFO:message:
2026-03-26 18:58:04,080:hal4000:INFO:  handled by,63,spotcounter,new shutters file
2026-03-26 18:58:04,081:hal4000:INFO:message:
2026-03-26 18:58:04,081:hal4000:INFO:  handled by,63,stage,new shutters file
2026-03-26 18:58:04,082:hal4000:INFO:message:
2026-03-26 18:58:04,082:hal4000:INFO:  handled by,63,tcp_control,new shutters file
2026-03-26 18:58:04,082:hal4000:INFO:message:
2026-03-26 18:58:04,082:hal4000:INFO:  handled by,63,timing,new shutters file
2026-03-26 18:58:04,083:hal4000:INFO:message:
2026-03-26 18:58:04,083:hal4000:INFO:  handled by,63,uc480_camera,new shutters file
2026-03-26 18:58:04,083:hal4000:INFO:message:
2026-03-26 18:58:04,083:hal4000:INFO:  handled by,63,z_stage,new shutters file
2026-03-26 18:58:04,084:hal4000:INFO:message:
2026-03-26 18:58:04,084:hal4000:INFO:  sent,64,spotcounter,get functionality
2026-03-26 18:58:04,085:hal4000:INFO:message:
2026-03-26 18:58:04,085:hal4000:INFO:  handled by,64,hal,get functionality
2026-03-26 18:58:04,086:hal4000:INFO:message:
2026-03-26 18:58:04,086:hal4000:INFO:  handled by,64,aotf,get functionality
2026-03-26 18:58:04,086:hal4000:INFO:message:
2026-03-26 18:58:04,086:hal4000:INFO:  handled by,64,clemex_stage,get functionality
2026-03-26 18:58:04,086:hal4000:INFO:message:
2026-03-26 18:58:04,087:hal4000:INFO:  handled by,64,coherentGenesis488,get functionality
2026-03-26 18:58:04,087:hal4000:INFO:message:
2026-03-26 18:58:04,087:hal4000:INFO:  handled by,64,coherentGenesis560,get functionality
2026-03-26 18:58:04,087:hal4000:INFO:message:
2026-03-26 18:58:04,087:hal4000:INFO:  handled by,64,display,get functionality
2026-03-26 18:58:04,088:hal4000:INFO:message:
2026-03-26 18:58:04,088:hal4000:INFO:  handled by,64,feeds,get functionality
2026-03-26 18:58:04,089:hal4000:INFO:message:
2026-03-26 18:58:04,089:hal4000:INFO:  handled by,64,film,get functionality
2026-03-26 18:58:04,089:hal4000:INFO:message:
2026-03-26 18:58:04,089:hal4000:INFO:  handled by,64,focuslock,get functionality
2026-03-26 18:58:04,090:hal4000:INFO:message:
2026-03-26 18:58:04,090:hal4000:INFO:  handled by,64,illumination,get functionality
2026-03-26 18:58:04,090:hal4000:INFO:message:
2026-03-26 18:58:04,090:hal4000:INFO:  handled by,64,mosaic,get functionality
2026-03-26 18:58:04,090:hal4000:INFO:message:
2026-03-26 18:58:04,090:hal4000:INFO:  handled by,64,mpb642,get functionality
2026-03-26 18:58:04,091:hal4000:INFO:message:
2026-03-26 18:58:04,091:hal4000:INFO:  handled by,64,none_irlaser,get functionality
2026-03-26 18:58:04,091:hal4000:INFO:message:
2026-03-26 18:58:04,091:hal4000:INFO:  handled by,64,obis405,get functionality
2026-03-26 18:58:04,091:hal4000:INFO:message:
2026-03-26 18:58:04,091:hal4000:INFO:  handled by,64,pi_controller,get functionality
2026-03-26 18:58:04,092:hal4000:INFO:message:
2026-03-26 18:58:04,092:hal4000:INFO:  handled by,64,progressions,get functionality
2026-03-26 18:58:04,092:hal4000:INFO:message:
2026-03-26 18:58:04,092:hal4000:INFO:  handled by,64,scmos_cal,get functionality
2026-03-26 18:58:04,092:hal4000:INFO:message:
2026-03-26 18:58:04,092:hal4000:INFO:  handled by,64,settings,get functionality
2026-03-26 18:58:04,093:hal4000:INFO:message:
2026-03-26 18:58:04,093:hal4000:INFO:  handled by,64,spotcounter,get functionality
2026-03-26 18:58:04,093:hal4000:INFO:message:
2026-03-26 18:58:04,093:hal4000:INFO:  handled by,64,stage,get functionality
2026-03-26 18:58:04,093:hal4000:INFO:message:
2026-03-26 18:58:04,094:hal4000:INFO:  handled by,64,tcp_control,get functionality
2026-03-26 18:58:04,094:hal4000:INFO:message:
2026-03-26 18:58:04,094:hal4000:INFO:  handled by,64,timing,get functionality
2026-03-26 18:58:04,095:hal4000:INFO:message:
2026-03-26 18:58:04,095:hal4000:INFO:  handled by,64,uc480_camera,get functionality
2026-03-26 18:58:04,095:hal4000:INFO:message:
2026-03-26 18:58:04,095:hal4000:INFO:  handled by,64,z_stage,get functionality
2026-03-26 18:58:04,095:hal4000:INFO:message:
2026-03-26 18:58:04,096:hal4000:INFO:  sent,65,illumination,configuration
2026-03-26 18:58:04,105:hal4000:INFO:message:
2026-03-26 18:58:04,105:hal4000:INFO:  handled by,65,hal,configuration
2026-03-26 18:58:04,106:hal4000:INFO:message:
2026-03-26 18:58:04,106:hal4000:INFO:  handled by,65,aotf,configuration
2026-03-26 18:58:04,106:hal4000:INFO:message:
2026-03-26 18:58:04,106:hal4000:INFO:  handled by,65,clemex_stage,configuration
2026-03-26 18:58:04,107:hal4000:INFO:message:
2026-03-26 18:58:04,107:hal4000:INFO:  handled by,65,coherentGenesis488,configuration
2026-03-26 18:58:04,107:hal4000:INFO:message:
2026-03-26 18:58:04,107:hal4000:INFO:  handled by,65,coherentGenesis560,configuration
2026-03-26 18:58:04,108:hal4000:INFO:message:
2026-03-26 18:58:04,108:hal4000:INFO:  handled by,65,display,configuration
2026-03-26 18:58:04,108:hal4000:INFO:message:
2026-03-26 18:58:04,108:hal4000:INFO:  handled by,65,feeds,configuration
2026-03-26 18:58:04,109:hal4000:INFO:message:
2026-03-26 18:58:04,109:hal4000:INFO:  handled by,65,film,configuration
2026-03-26 18:58:04,109:hal4000:INFO:message:
2026-03-26 18:58:04,109:hal4000:INFO:  handled by,65,focuslock,configuration
2026-03-26 18:58:04,110:hal4000:INFO:message:
2026-03-26 18:58:04,110:hal4000:INFO:  handled by,65,illumination,configuration
2026-03-26 18:58:04,110:hal4000:INFO:message:
2026-03-26 18:58:04,110:hal4000:INFO:  handled by,65,mosaic,configuration
2026-03-26 18:58:04,110:hal4000:INFO:message:
2026-03-26 18:58:04,111:hal4000:INFO:  handled by,65,mpb642,configuration
2026-03-26 18:58:04,111:hal4000:INFO:message:
2026-03-26 18:58:04,111:hal4000:INFO:  handled by,65,none_irlaser,configuration
2026-03-26 18:58:04,112:hal4000:INFO:message:
2026-03-26 18:58:04,112:hal4000:INFO:  handled by,65,obis405,configuration
2026-03-26 18:58:04,112:hal4000:INFO:message:
2026-03-26 18:58:04,112:hal4000:INFO:  handled by,65,pi_controller,configuration
2026-03-26 18:58:04,113:hal4000:INFO:message:
2026-03-26 18:58:04,113:hal4000:INFO:  handled by,65,progressions,configuration
2026-03-26 18:58:04,113:hal4000:INFO:message:
2026-03-26 18:58:04,113:hal4000:INFO:  handled by,65,scmos_cal,configuration
2026-03-26 18:58:04,113:hal4000:INFO:message:
2026-03-26 18:58:04,114:hal4000:INFO:  handled by,65,settings,configuration
2026-03-26 18:58:04,114:hal4000:INFO:message:
2026-03-26 18:58:04,114:hal4000:INFO:  handled by,65,spotcounter,configuration
2026-03-26 18:58:04,114:hal4000:INFO:message:
2026-03-26 18:58:04,115:hal4000:INFO:  handled by,65,stage,configuration
2026-03-26 18:58:04,115:hal4000:INFO:message:
2026-03-26 18:58:04,115:hal4000:INFO:  handled by,65,tcp_control,configuration
2026-03-26 18:58:04,116:hal4000:INFO:message:
2026-03-26 18:58:04,116:hal4000:INFO:  handled by,65,timing,configuration
2026-03-26 18:58:04,116:hal4000:INFO:message:
2026-03-26 18:58:04,116:hal4000:INFO:  handled by,65,uc480_camera,configuration
2026-03-26 18:58:04,117:hal4000:INFO:message:
2026-03-26 18:58:04,117:hal4000:INFO:  handled by,65,z_stage,configuration
2026-03-26 18:58:04,405:hal4000:INFO:message:
2026-03-26 18:58:04,406:hal4000:INFO:  handled by,62,camera1,start camera
2026-03-26 18:58:04,406:hal4000:INFO:message:
2026-03-26 18:58:04,406:hal4000:INFO:  processed,62,film,start camera
2026-03-26 18:58:04,406:hal4000:INFO:message:
2026-03-26 18:58:04,407:hal4000:INFO:  worker done,62,film,start camera
2026-03-26 18:58:04,408:hal4000:INFO:message:
2026-03-26 18:58:04,409:hal4000:INFO:  handled by,63,camera1,new shutters file
2026-03-26 18:58:04,409:hal4000:INFO:message:
2026-03-26 18:58:04,410:hal4000:INFO:  processed,63,illumination,new shutters file
2026-03-26 18:58:04,410:hal4000:INFO:message:
2026-03-26 18:58:04,411:hal4000:INFO:  handled by,64,camera1,get functionality
2026-03-26 18:58:04,411:hal4000:INFO:message:
2026-03-26 18:58:04,411:hal4000:INFO:  processed,64,spotcounter,get functionality
2026-03-26 18:58:04,414:hal4000:INFO:message:
2026-03-26 18:58:04,414:hal4000:INFO:  handled by,65,camera1,configuration
2026-03-26 18:58:04,415:hal4000:INFO:message:
2026-03-26 18:58:04,415:hal4000:INFO:  processed,65,illumination,configuration
2026-03-26 18:58:08,957:hal4000:INFO:message:
2026-03-26 18:58:08,957:hal4000:INFO:  queued,66,hal,new parameters file
2026-03-26 18:58:08,983:hal4000:INFO:message:
2026-03-26 18:58:08,983:hal4000:INFO:  sent,66,hal,new parameters file
2026-03-26 18:58:09,011:hal4000:INFO:message:
2026-03-26 18:58:09,012:hal4000:INFO:  handled by,66,hal,new parameters file
2026-03-26 18:58:09,012:hal4000:INFO:message:
2026-03-26 18:58:09,012:hal4000:INFO:  handled by,66,aotf,new parameters file
2026-03-26 18:58:09,012:hal4000:INFO:message:
2026-03-26 18:58:09,013:hal4000:INFO:  handled by,66,camera1,new parameters file
2026-03-26 18:58:09,013:hal4000:INFO:message:
2026-03-26 18:58:09,013:hal4000:INFO:  handled by,66,clemex_stage,new parameters file
2026-03-26 18:58:09,013:hal4000:INFO:message:
2026-03-26 18:58:09,013:hal4000:INFO:  handled by,66,coherentGenesis488,new parameters file
2026-03-26 18:58:09,014:hal4000:INFO:message:
2026-03-26 18:58:09,014:hal4000:INFO:  handled by,66,coherentGenesis560,new parameters file
2026-03-26 18:58:09,014:hal4000:INFO:message:
2026-03-26 18:58:09,015:hal4000:INFO:  handled by,66,display,new parameters file
2026-03-26 18:58:09,015:hal4000:INFO:message:
2026-03-26 18:58:09,015:hal4000:INFO:  handled by,66,feeds,new parameters file
2026-03-26 18:58:09,015:hal4000:INFO:message:
2026-03-26 18:58:09,015:hal4000:INFO:  handled by,66,film,new parameters file
2026-03-26 18:58:09,016:hal4000:INFO:message:
2026-03-26 18:58:09,016:hal4000:INFO:  handled by,66,focuslock,new parameters file
2026-03-26 18:58:09,016:hal4000:INFO:message:
2026-03-26 18:58:09,016:hal4000:INFO:  handled by,66,illumination,new parameters file
2026-03-26 18:58:09,017:hal4000:INFO:message:
2026-03-26 18:58:09,017:hal4000:INFO:  handled by,66,mosaic,new parameters file
2026-03-26 18:58:09,018:hal4000:INFO:message:
2026-03-26 18:58:09,018:hal4000:INFO:  handled by,66,mpb642,new parameters file
2026-03-26 18:58:09,018:hal4000:INFO:message:
2026-03-26 18:58:09,018:hal4000:INFO:  handled by,66,none_irlaser,new parameters file
2026-03-26 18:58:09,018:hal4000:INFO:message:
2026-03-26 18:58:09,018:hal4000:INFO:  handled by,66,obis405,new parameters file
2026-03-26 18:58:09,019:hal4000:INFO:message:
2026-03-26 18:58:09,019:hal4000:INFO:  handled by,66,pi_controller,new parameters file
2026-03-26 18:58:09,019:hal4000:INFO:message:
2026-03-26 18:58:09,019:hal4000:INFO:  handled by,66,progressions,new parameters file
2026-03-26 18:58:09,020:hal4000:INFO:message:
2026-03-26 18:58:09,020:hal4000:INFO:  handled by,66,scmos_cal,new parameters file
2026-03-26 18:58:09,024:hal4000:INFO:message:
2026-03-26 18:58:09,024:hal4000:INFO:  handled by,66,settings,new parameters file
2026-03-26 18:58:09,025:hal4000:INFO:message:
2026-03-26 18:58:09,025:hal4000:INFO:  handled by,66,spotcounter,new parameters file
2026-03-26 18:58:09,025:hal4000:INFO:message:
2026-03-26 18:58:09,025:hal4000:INFO:  handled by,66,stage,new parameters file
2026-03-26 18:58:09,025:hal4000:INFO:message:
2026-03-26 18:58:09,026:hal4000:INFO:  handled by,66,tcp_control,new parameters file
2026-03-26 18:58:09,026:hal4000:INFO:message:
2026-03-26 18:58:09,027:hal4000:INFO:  handled by,66,timing,new parameters file
2026-03-26 18:58:09,027:hal4000:INFO:message:
2026-03-26 18:58:09,027:hal4000:INFO:  handled by,66,uc480_camera,new parameters file
2026-03-26 18:58:09,027:hal4000:INFO:message:
2026-03-26 18:58:09,027:hal4000:INFO:  handled by,66,z_stage,new parameters file
2026-03-26 18:58:09,028:hal4000:INFO:message:
2026-03-26 18:58:09,028:hal4000:INFO:  processed,66,hal,new parameters file
2026-03-26 18:58:12,140:hal4000:INFO:message:
2026-03-26 18:58:12,140:hal4000:INFO:  queued,67,settings,changing parameters
2026-03-26 18:58:12,143:hal4000:INFO:message:
2026-03-26 18:58:12,143:hal4000:INFO:  queued,68,settings,new parameters
2026-03-26 18:58:12,144:hal4000:INFO:message:
2026-03-26 18:58:12,144:hal4000:INFO:  sent,67,settings,changing parameters
2026-03-26 18:58:12,146:hal4000:INFO:message:
2026-03-26 18:58:12,146:hal4000:INFO:  handled by,67,hal,changing parameters
2026-03-26 18:58:12,146:hal4000:INFO:message:
2026-03-26 18:58:12,146:hal4000:INFO:  handled by,67,aotf,changing parameters
2026-03-26 18:58:12,146:hal4000:INFO:message:
2026-03-26 18:58:12,146:hal4000:INFO:  handled by,67,camera1,changing parameters
2026-03-26 18:58:12,147:hal4000:INFO:message:
2026-03-26 18:58:12,147:hal4000:INFO:  handled by,67,clemex_stage,changing parameters
2026-03-26 18:58:12,147:hal4000:INFO:message:
2026-03-26 18:58:12,147:hal4000:INFO:  handled by,67,coherentGenesis488,changing parameters
2026-03-26 18:58:12,147:hal4000:INFO:message:
2026-03-26 18:58:12,147:hal4000:INFO:  handled by,67,coherentGenesis560,changing parameters
2026-03-26 18:58:12,148:hal4000:INFO:message:
2026-03-26 18:58:12,148:hal4000:INFO:  handled by,67,display,changing parameters
2026-03-26 18:58:12,148:hal4000:INFO:message:
2026-03-26 18:58:12,148:hal4000:INFO:  handled by,67,feeds,changing parameters
2026-03-26 18:58:12,148:hal4000:INFO:message:
2026-03-26 18:58:12,148:hal4000:INFO:  handled by,67,film,changing parameters
2026-03-26 18:58:12,148:hal4000:INFO:message:
2026-03-26 18:58:12,149:hal4000:INFO:  handled by,67,focuslock,changing parameters
2026-03-26 18:58:12,149:hal4000:INFO:message:
2026-03-26 18:58:12,149:hal4000:INFO:  handled by,67,illumination,changing parameters
2026-03-26 18:58:12,149:hal4000:INFO:message:
2026-03-26 18:58:12,149:hal4000:INFO:  handled by,67,mosaic,changing parameters
2026-03-26 18:58:12,150:hal4000:INFO:message:
2026-03-26 18:58:12,150:hal4000:INFO:  handled by,67,mpb642,changing parameters
2026-03-26 18:58:12,150:hal4000:INFO:message:
2026-03-26 18:58:12,150:hal4000:INFO:  handled by,67,none_irlaser,changing parameters
2026-03-26 18:58:12,150:hal4000:INFO:message:
2026-03-26 18:58:12,150:hal4000:INFO:  handled by,67,obis405,changing parameters
2026-03-26 18:58:12,150:hal4000:INFO:message:
2026-03-26 18:58:12,151:hal4000:INFO:  handled by,67,pi_controller,changing parameters
2026-03-26 18:58:12,151:hal4000:INFO:message:
2026-03-26 18:58:12,151:hal4000:INFO:  handled by,67,progressions,changing parameters
2026-03-26 18:58:12,151:hal4000:INFO:message:
2026-03-26 18:58:12,151:hal4000:INFO:  handled by,67,scmos_cal,changing parameters
2026-03-26 18:58:12,151:hal4000:INFO:message:
2026-03-26 18:58:12,152:hal4000:INFO:  handled by,67,settings,changing parameters
2026-03-26 18:58:12,152:hal4000:INFO:message:
2026-03-26 18:58:12,152:hal4000:INFO:  handled by,67,spotcounter,changing parameters
2026-03-26 18:58:12,152:hal4000:INFO:message:
2026-03-26 18:58:12,152:hal4000:INFO:  handled by,67,stage,changing parameters
2026-03-26 18:58:12,152:hal4000:INFO:message:
2026-03-26 18:58:12,153:hal4000:INFO:  handled by,67,tcp_control,changing parameters
2026-03-26 18:58:12,153:hal4000:INFO:message:
2026-03-26 18:58:12,153:hal4000:INFO:  handled by,67,timing,changing parameters
2026-03-26 18:58:12,153:hal4000:INFO:message:
2026-03-26 18:58:12,153:hal4000:INFO:  handled by,67,uc480_camera,changing parameters
2026-03-26 18:58:12,153:hal4000:INFO:message:
2026-03-26 18:58:12,153:hal4000:INFO:  handled by,67,z_stage,changing parameters
2026-03-26 18:58:12,154:hal4000:INFO:message:
2026-03-26 18:58:12,154:hal4000:INFO:  processed,67,settings,changing parameters
2026-03-26 18:58:12,154:hal4000:INFO:message:
2026-03-26 18:58:12,154:hal4000:INFO:  sent,68,settings,new parameters
2026-03-26 18:58:12,180:hal4000:INFO:message:
2026-03-26 18:58:12,180:hal4000:INFO:  handled by,68,hal,new parameters
2026-03-26 18:58:12,181:hal4000:INFO:message:
2026-03-26 18:58:12,181:hal4000:INFO:  handled by,68,aotf,new parameters
2026-03-26 18:58:12,182:hal4000:INFO:message:
2026-03-26 18:58:12,182:hal4000:INFO:  handled by,68,camera1,new parameters
2026-03-26 18:58:12,183:hal4000:INFO:message:
2026-03-26 18:58:12,183:hal4000:INFO:  handled by,68,clemex_stage,new parameters
2026-03-26 18:58:12,183:hal4000:INFO:message:
2026-03-26 18:58:12,184:hal4000:INFO:  handled by,68,coherentGenesis488,new parameters
2026-03-26 18:58:12,184:hal4000:INFO:message:
2026-03-26 18:58:12,184:hal4000:INFO:  handled by,68,coherentGenesis560,new parameters
2026-03-26 18:58:12,185:hal4000:INFO:message:
2026-03-26 18:58:12,185:hal4000:INFO:  handled by,68,display,new parameters
2026-03-26 18:58:12,185:hal4000:INFO:message:
2026-03-26 18:58:12,185:hal4000:INFO:  handled by,68,feeds,new parameters
2026-03-26 18:58:12,186:hal4000:INFO:message:
2026-03-26 18:58:12,187:hal4000:INFO:  handled by,68,film,new parameters
2026-03-26 18:58:12,202:hal4000:INFO:message:
2026-03-26 18:58:12,202:hal4000:INFO:  handled by,68,focuslock,new parameters
2026-03-26 18:58:12,205:hal4000:INFO:message:
2026-03-26 18:58:12,206:hal4000:INFO:  queued,69,illumination,new shutters file
2026-03-26 18:58:12,206:hal4000:INFO:message:
2026-03-26 18:58:12,206:hal4000:INFO:  handled by,68,illumination,new parameters
2026-03-26 18:58:12,207:hal4000:INFO:message:
2026-03-26 18:58:12,207:hal4000:INFO:  handled by,68,mosaic,new parameters
2026-03-26 18:58:12,207:hal4000:INFO:message:
2026-03-26 18:58:12,207:hal4000:INFO:  handled by,68,mpb642,new parameters
2026-03-26 18:58:12,208:hal4000:INFO:message:
2026-03-26 18:58:12,208:hal4000:INFO:  handled by,68,none_irlaser,new parameters
2026-03-26 18:58:12,208:hal4000:INFO:message:
2026-03-26 18:58:12,208:hal4000:INFO:  handled by,68,obis405,new parameters
2026-03-26 18:58:12,208:hal4000:INFO:message:
2026-03-26 18:58:12,209:hal4000:INFO:  handled by,68,pi_controller,new parameters
2026-03-26 18:58:12,209:hal4000:INFO:message:
2026-03-26 18:58:12,209:hal4000:INFO:  handled by,68,progressions,new parameters
2026-03-26 18:58:12,209:hal4000:INFO:message:
2026-03-26 18:58:12,209:hal4000:INFO:  handled by,68,scmos_cal,new parameters
2026-03-26 18:58:12,210:hal4000:INFO:message:
2026-03-26 18:58:12,210:hal4000:INFO:  handled by,68,settings,new parameters
2026-03-26 18:58:12,210:hal4000:INFO:message:
2026-03-26 18:58:12,210:hal4000:INFO:  handled by,68,spotcounter,new parameters
2026-03-26 18:58:12,211:hal4000:INFO:message:
2026-03-26 18:58:12,211:hal4000:INFO:  handled by,68,stage,new parameters
2026-03-26 18:58:12,211:hal4000:INFO:message:
2026-03-26 18:58:12,211:hal4000:INFO:  handled by,68,tcp_control,new parameters
2026-03-26 18:58:12,212:hal4000:INFO:message:
2026-03-26 18:58:12,212:hal4000:INFO:  handled by,68,timing,new parameters
2026-03-26 18:58:12,212:hal4000:INFO:message:
2026-03-26 18:58:12,212:hal4000:INFO:  handled by,68,uc480_camera,new parameters
2026-03-26 18:58:12,213:hal4000:INFO:message:
2026-03-26 18:58:12,213:hal4000:INFO:  handled by,68,z_stage,new parameters
2026-03-26 18:58:12,223:hal4000:INFO:message:
2026-03-26 18:58:12,224:hal4000:INFO:  worker started 60000,68,settings,new parameters
2026-03-26 18:58:12,233:hal4000:INFO:message:
2026-03-26 18:58:12,233:hal4000:INFO:  sent,69,illumination,new shutters file
2026-03-26 18:58:12,239:hal4000:INFO:message:
2026-03-26 18:58:12,239:hal4000:INFO:  handled by,69,hal,new shutters file
2026-03-26 18:58:12,240:hal4000:INFO:message:
2026-03-26 18:58:12,240:hal4000:INFO:  handled by,69,aotf,new shutters file
2026-03-26 18:58:12,240:hal4000:INFO:message:
2026-03-26 18:58:12,240:hal4000:INFO:  handled by,69,clemex_stage,new shutters file
2026-03-26 18:58:12,241:hal4000:INFO:message:
2026-03-26 18:58:12,241:hal4000:INFO:  handled by,69,coherentGenesis488,new shutters file
2026-03-26 18:58:12,241:hal4000:INFO:message:
2026-03-26 18:58:12,241:hal4000:INFO:  handled by,69,coherentGenesis560,new shutters file
2026-03-26 18:58:12,242:hal4000:INFO:message:
2026-03-26 18:58:12,242:hal4000:INFO:  handled by,69,display,new shutters file
2026-03-26 18:58:12,242:hal4000:INFO:message:
2026-03-26 18:58:12,242:hal4000:INFO:  handled by,69,feeds,new shutters file
2026-03-26 18:58:12,243:hal4000:INFO:message:
2026-03-26 18:58:12,243:hal4000:INFO:  handled by,69,film,new shutters file
2026-03-26 18:58:12,244:hal4000:INFO:message:
2026-03-26 18:58:12,244:hal4000:INFO:  handled by,69,focuslock,new shutters file
2026-03-26 18:58:12,245:hal4000:INFO:message:
2026-03-26 18:58:12,245:hal4000:INFO:  queued,70,illumination,configuration
2026-03-26 18:58:12,245:hal4000:INFO:message:
2026-03-26 18:58:12,245:hal4000:INFO:  handled by,69,illumination,new shutters file
2026-03-26 18:58:12,246:hal4000:INFO:message:
2026-03-26 18:58:12,246:hal4000:INFO:  handled by,69,mosaic,new shutters file
2026-03-26 18:58:12,246:hal4000:INFO:message:
2026-03-26 18:58:12,246:hal4000:INFO:  handled by,69,mpb642,new shutters file
2026-03-26 18:58:12,247:hal4000:INFO:message:
2026-03-26 18:58:12,247:hal4000:INFO:  handled by,69,none_irlaser,new shutters file
2026-03-26 18:58:12,247:hal4000:INFO:message:
2026-03-26 18:58:12,247:hal4000:INFO:  handled by,69,obis405,new shutters file
2026-03-26 18:58:12,247:hal4000:INFO:message:
2026-03-26 18:58:12,248:hal4000:INFO:  handled by,69,pi_controller,new shutters file
2026-03-26 18:58:12,248:hal4000:INFO:message:
2026-03-26 18:58:12,249:hal4000:INFO:  handled by,69,progressions,new shutters file
2026-03-26 18:58:12,249:hal4000:INFO:message:
2026-03-26 18:58:12,249:hal4000:INFO:  handled by,69,scmos_cal,new shutters file
2026-03-26 18:58:12,250:hal4000:INFO:message:
2026-03-26 18:58:12,250:hal4000:INFO:  handled by,69,settings,new shutters file
2026-03-26 18:58:12,250:hal4000:INFO:message:
2026-03-26 18:58:12,250:hal4000:INFO:  handled by,69,spotcounter,new shutters file
2026-03-26 18:58:12,251:hal4000:INFO:message:
2026-03-26 18:58:12,251:hal4000:INFO:  handled by,69,stage,new shutters file
2026-03-26 18:58:12,251:hal4000:INFO:message:
2026-03-26 18:58:12,251:hal4000:INFO:  handled by,69,tcp_control,new shutters file
2026-03-26 18:58:12,252:hal4000:INFO:message:
2026-03-26 18:58:12,252:hal4000:INFO:  handled by,69,timing,new shutters file
2026-03-26 18:58:12,252:hal4000:INFO:message:
2026-03-26 18:58:12,252:hal4000:INFO:  handled by,69,uc480_camera,new shutters file
2026-03-26 18:58:12,253:hal4000:INFO:message:
2026-03-26 18:58:12,253:hal4000:INFO:  handled by,69,z_stage,new shutters file
2026-03-26 18:58:12,255:hal4000:INFO:message:
2026-03-26 18:58:12,255:hal4000:INFO:  sent,70,illumination,configuration
2026-03-26 18:58:12,256:hal4000:INFO:message:
2026-03-26 18:58:12,256:hal4000:INFO:  handled by,70,hal,configuration
2026-03-26 18:58:12,256:hal4000:INFO:message:
2026-03-26 18:58:12,256:hal4000:INFO:  handled by,70,aotf,configuration
2026-03-26 18:58:12,257:hal4000:INFO:message:
2026-03-26 18:58:12,257:hal4000:INFO:  handled by,70,clemex_stage,configuration
2026-03-26 18:58:12,257:hal4000:INFO:message:
2026-03-26 18:58:12,257:hal4000:INFO:  handled by,70,coherentGenesis488,configuration
2026-03-26 18:58:12,258:hal4000:INFO:message:
2026-03-26 18:58:12,258:hal4000:INFO:  handled by,70,coherentGenesis560,configuration
2026-03-26 18:58:12,258:hal4000:INFO:message:
2026-03-26 18:58:12,258:hal4000:INFO:  handled by,70,display,configuration
2026-03-26 18:58:12,258:hal4000:INFO:message:
2026-03-26 18:58:12,259:hal4000:INFO:  handled by,70,feeds,configuration
2026-03-26 18:58:12,259:hal4000:INFO:message:
2026-03-26 18:58:12,259:hal4000:INFO:  handled by,70,film,configuration
2026-03-26 18:58:12,259:hal4000:INFO:message:
2026-03-26 18:58:12,259:hal4000:INFO:  handled by,70,focuslock,configuration
2026-03-26 18:58:12,260:hal4000:INFO:message:
2026-03-26 18:58:12,260:hal4000:INFO:  handled by,70,illumination,configuration
2026-03-26 18:58:12,261:hal4000:INFO:message:
2026-03-26 18:58:12,261:hal4000:INFO:  handled by,70,mosaic,configuration
2026-03-26 18:58:12,261:hal4000:INFO:message:
2026-03-26 18:58:12,261:hal4000:INFO:  handled by,70,mpb642,configuration
2026-03-26 18:58:12,261:hal4000:INFO:message:
2026-03-26 18:58:12,262:hal4000:INFO:  handled by,70,none_irlaser,configuration
2026-03-26 18:58:12,262:hal4000:INFO:message:
2026-03-26 18:58:12,262:hal4000:INFO:  handled by,70,obis405,configuration
2026-03-26 18:58:12,262:hal4000:INFO:message:
2026-03-26 18:58:12,262:hal4000:INFO:  handled by,70,pi_controller,configuration
2026-03-26 18:58:12,263:hal4000:INFO:message:
2026-03-26 18:58:12,263:hal4000:INFO:  handled by,70,progressions,configuration
2026-03-26 18:58:12,263:hal4000:INFO:message:
2026-03-26 18:58:12,263:hal4000:INFO:  handled by,70,scmos_cal,configuration
2026-03-26 18:58:12,264:hal4000:INFO:message:
2026-03-26 18:58:12,264:hal4000:INFO:  handled by,70,settings,configuration
2026-03-26 18:58:12,264:hal4000:INFO:message:
2026-03-26 18:58:12,264:hal4000:INFO:  handled by,70,spotcounter,configuration
2026-03-26 18:58:12,265:hal4000:INFO:message:
2026-03-26 18:58:12,265:hal4000:INFO:  handled by,70,stage,configuration
2026-03-26 18:58:12,265:hal4000:INFO:message:
2026-03-26 18:58:12,265:hal4000:INFO:  handled by,70,tcp_control,configuration
2026-03-26 18:58:12,266:hal4000:INFO:message:
2026-03-26 18:58:12,266:hal4000:INFO:  handled by,70,timing,configuration
2026-03-26 18:58:12,266:hal4000:INFO:message:
2026-03-26 18:58:12,266:hal4000:INFO:  handled by,70,uc480_camera,configuration
2026-03-26 18:58:12,267:hal4000:INFO:message:
2026-03-26 18:58:12,267:hal4000:INFO:  handled by,70,z_stage,configuration
2026-03-26 18:58:12,548:hal4000:INFO:message:
2026-03-26 18:58:12,549:hal4000:INFO:  handled by,68,camera1,new parameters
2026-03-26 18:58:12,549:hal4000:INFO:message:
2026-03-26 18:58:12,549:hal4000:INFO:  processed,68,settings,new parameters
2026-03-26 18:58:12,551:hal4000:INFO:message:
2026-03-26 18:58:12,551:hal4000:INFO:  
Got an exception from 'focuslock' of type 'Requested property hardware_z_scan not found'!

Traceback when the exception occurred:
Traceback (most recent call last):
  File "C:\Users\Light-saver\Documents\storm_control\Hal2\storm_control\hal4000\halLib\halModule.py", line 323, in nextMessage
    self.processMessage(message)
  File "C:\Users\Light-saver\Documents\storm_control\Hal2\storm_control\hal4000\focusLock\focusLock.py", line 295, in processMessage
    self.view.newParameters(p.get(self.module_name))
  File "C:\Users\Light-saver\Documents\storm_control\Hal2\storm_control\hal4000\focusLock\focusLock.py", line 166, in newParameters
    self.parameters.setv(attr, parameters.get(attr))
  File "C:\Users\Light-saver\Documents\storm_control\Hal2\storm_control\sc_library\parameters.py", line 848, in setv
    self.getp(pname).setv(value)
  File "C:\Users\Light-saver\Documents\storm_control\Hal2\storm_control\sc_library\parameters.py", line 772, in getp
    raise ParametersExceptionGet("Requested property " + pname + " not found")
storm_control.sc_library.parameters.ParametersExceptionGet: Requested property hardware_z_scan not found


2026-03-26 18:58:12,952:hal4000:INFO:message:
2026-03-26 18:58:12,952:hal4000:INFO:  worker done,68,settings,new parameters
2026-03-26 18:58:12,985:hal4000:INFO:message:
2026-03-26 18:58:12,992:hal4000:INFO:  uc480: Call failed with error 1 is_CopyImageMem
2026-03-26 18:58:13,047:hal4000:INFO:message:
2026-03-26 18:58:13,047:hal4000:INFO:  handled by,69,camera1,new shutters file
2026-03-26 18:58:13,047:hal4000:INFO:message:
2026-03-26 18:58:13,048:hal4000:INFO:  processed,69,illumination,new shutters file
2026-03-26 18:58:13,048:hal4000:INFO:message:
2026-03-26 18:58:13,048:hal4000:INFO:  handled by,70,camera1,configuration
2026-03-26 18:58:13,048:hal4000:INFO:message:
2026-03-26 18:58:13,048:hal4000:INFO:  processed,70,illumination,configuration
