2026-03-26 15:12:37,932:hal4000:INFO:message:
2026-03-26 15:12:37,933:hal4000:INFO:  handled by,57,scmos_cal,get functionality
2026-03-26 15:12:37,933:hal4000:INFO:message:
2026-03-26 15:12:37,933:hal4000:INFO:  handled by,57,settings,get functionality
2026-03-26 15:12:37,934:hal4000:INFO:message:
2026-03-26 15:12:37,934:hal4000:INFO:  handled by,57,spotcounter,get functionality
2026-03-26 15:12:37,934:hal4000:INFO:message:
2026-03-26 15:12:37,934:hal4000:INFO:  handled by,57,stage,get functionality
2026-03-26 15:12:37,934:hal4000:INFO:message:
2026-03-26 15:12:37,934:hal4000:INFO:  handled by,57,tcp_control,get functionality
2026-03-26 15:12:37,935:hal4000:INFO:message:
2026-03-26 15:12:37,935:hal4000:INFO:  handled by,57,timing,get functionality
2026-03-26 15:12:37,935:hal4000:INFO:message:
2026-03-26 15:12:37,935:hal4000:INFO:  handled by,57,uc480_camera,get functionality
2026-03-26 15:12:37,935:hal4000:INFO:message:
2026-03-26 15:12:37,936:hal4000:INFO:  handled by,57,z_stage,get functionality
2026-03-26 15:12:37,936:hal4000:INFO:message:
2026-03-26 15:12:37,936:hal4000:INFO:  processed,57,scmos_cal,get functionality
2026-03-26 15:12:37,938:hal4000:INFO:message:
2026-03-26 15:12:37,938:hal4000:INFO:  sent,3,core,start
2026-03-26 15:12:37,967:hal4000:INFO:message:
2026-03-26 15:12:37,967:hal4000:INFO:  queued,58,hal,change directory
2026-03-26 15:12:37,968:hal4000:INFO:message:
2026-03-26 15:12:37,968:hal4000:INFO:  handled by,3,hal,start
2026-03-26 15:12:37,968:hal4000:INFO:message:
2026-03-26 15:12:37,968:hal4000:INFO:  handled by,3,aotf,start
2026-03-26 15:12:37,969:hal4000:INFO:message:
2026-03-26 15:12:37,969:hal4000:INFO:  handled by,3,camera1,start
2026-03-26 15:12:37,969:hal4000:INFO:message:
2026-03-26 15:12:37,969:hal4000:INFO:  handled by,3,clemex_stage,start
2026-03-26 15:12:37,970:hal4000:INFO:message:
2026-03-26 15:12:37,970:hal4000:INFO:  handled by,3,coherentGenesis488,start
2026-03-26 15:12:37,970:hal4000:INFO:message:
2026-03-26 15:12:37,970:hal4000:INFO:  handled by,3,coherentGenesis560,start
2026-03-26 15:12:37,971:hal4000:INFO:message:
2026-03-26 15:12:37,971:hal4000:INFO:  queued,59,display,get functionality
2026-03-26 15:12:37,971:hal4000:INFO:message:
2026-03-26 15:12:37,971:hal4000:INFO:  handled by,3,display,start
2026-03-26 15:12:37,972:hal4000:INFO:message:
2026-03-26 15:12:37,972:hal4000:INFO:  handled by,3,feeds,start
2026-03-26 15:12:37,972:hal4000:INFO:message:
2026-03-26 15:12:37,973:hal4000:INFO:  queued,60,film,start camera
2026-03-26 15:12:37,973:hal4000:INFO:message:
2026-03-26 15:12:37,973:hal4000:INFO:  queued,61,film,sync
2026-03-26 15:12:37,974:hal4000:INFO:message:
2026-03-26 15:12:37,974:hal4000:INFO:  queued,62,film,start camera
2026-03-26 15:12:37,974:hal4000:INFO:message:
2026-03-26 15:12:37,974:hal4000:INFO:  handled by,3,film,start
2026-03-26 15:12:37,987:hal4000:INFO:message:
2026-03-26 15:12:37,987:hal4000:INFO:  handled by,3,focuslock,start
2026-03-26 15:12:38,021:hal4000:INFO:message:
2026-03-26 15:12:38,021:hal4000:INFO:  queued,63,illumination,new shutters file
2026-03-26 15:12:38,029:hal4000:INFO:message:
2026-03-26 15:12:38,029:hal4000:INFO:  handled by,3,illumination,start
2026-03-26 15:12:38,030:hal4000:INFO:message:
2026-03-26 15:12:38,030:hal4000:INFO:  handled by,3,mosaic,start
2026-03-26 15:12:38,030:hal4000:INFO:message:
2026-03-26 15:12:38,030:hal4000:INFO:  handled by,3,mpb642,start
2026-03-26 15:12:38,030:hal4000:INFO:message:
2026-03-26 15:12:38,030:hal4000:INFO:  handled by,3,none_irlaser,start
2026-03-26 15:12:38,031:hal4000:INFO:message:
2026-03-26 15:12:38,031:hal4000:INFO:  handled by,3,obis405,start
2026-03-26 15:12:38,031:hal4000:INFO:message:
2026-03-26 15:12:38,031:hal4000:INFO:  handled by,3,pi_controller,start
2026-03-26 15:12:38,031:hal4000:INFO:message:
2026-03-26 15:12:38,031:hal4000:INFO:  handled by,3,progressions,start
2026-03-26 15:12:38,032:hal4000:INFO:message:
2026-03-26 15:12:38,032:hal4000:INFO:  handled by,3,scmos_cal,start
2026-03-26 15:12:38,032:hal4000:INFO:message:
2026-03-26 15:12:38,032:hal4000:INFO:  handled by,3,settings,start
2026-03-26 15:12:38,032:hal4000:INFO:message:
2026-03-26 15:12:38,033:hal4000:INFO:  queued,64,spotcounter,get functionality
2026-03-26 15:12:38,033:hal4000:INFO:message:
2026-03-26 15:12:38,033:hal4000:INFO:  handled by,3,spotcounter,start
2026-03-26 15:12:38,042:hal4000:INFO:message:
2026-03-26 15:12:38,042:hal4000:INFO:  handled by,3,stage,start
2026-03-26 15:12:38,042:hal4000:INFO:message:
2026-03-26 15:12:38,042:hal4000:INFO:  handled by,3,tcp_control,start
2026-03-26 15:12:38,043:hal4000:INFO:message:
2026-03-26 15:12:38,043:hal4000:INFO:  handled by,3,timing,start
2026-03-26 15:12:38,043:hal4000:INFO:message:
2026-03-26 15:12:38,043:hal4000:INFO:  handled by,3,uc480_camera,start
2026-03-26 15:12:38,050:hal4000:INFO:message:
2026-03-26 15:12:38,050:hal4000:INFO:  handled by,3,z_stage,start
2026-03-26 15:12:38,051:hal4000:INFO:message:
2026-03-26 15:12:38,051:hal4000:INFO:  processed,3,core,start
2026-03-26 15:12:38,132:hal4000:INFO:message:
2026-03-26 15:12:38,132:hal4000:INFO:  sent,58,hal,change directory
2026-03-26 15:12:38,153:hal4000:INFO:message:
2026-03-26 15:12:38,154:hal4000:INFO:  handled by,58,hal,change directory
2026-03-26 15:12:38,154:hal4000:INFO:message:
2026-03-26 15:12:38,154:hal4000:INFO:  handled by,58,aotf,change directory
2026-03-26 15:12:38,154:hal4000:INFO:message:
2026-03-26 15:12:38,154:hal4000:INFO:  handled by,58,camera1,change directory
2026-03-26 15:12:38,155:hal4000:INFO:message:
2026-03-26 15:12:38,155:hal4000:INFO:  handled by,58,clemex_stage,change directory
2026-03-26 15:12:38,155:hal4000:INFO:message:
2026-03-26 15:12:38,155:hal4000:INFO:  handled by,58,coherentGenesis488,change directory
2026-03-26 15:12:38,156:hal4000:INFO:message:
2026-03-26 15:12:38,156:hal4000:INFO:  handled by,58,coherentGenesis560,change directory
2026-03-26 15:12:38,156:hal4000:INFO:message:
2026-03-26 15:12:38,156:hal4000:INFO:  handled by,58,display,change directory
2026-03-26 15:12:38,157:hal4000:INFO:message:
2026-03-26 15:12:38,157:hal4000:INFO:  handled by,58,feeds,change directory
2026-03-26 15:12:38,157:hal4000:INFO:message:
2026-03-26 15:12:38,158:hal4000:INFO:  handled by,58,film,change directory
2026-03-26 15:12:38,159:hal4000:INFO:message:
2026-03-26 15:12:38,159:hal4000:INFO:  handled by,58,focuslock,change directory
2026-03-26 15:12:38,159:hal4000:INFO:message:
2026-03-26 15:12:38,159:hal4000:INFO:  handled by,58,illumination,change directory
2026-03-26 15:12:38,159:hal4000:INFO:message:
2026-03-26 15:12:38,160:hal4000:INFO:  handled by,58,mosaic,change directory
2026-03-26 15:12:38,160:hal4000:INFO:message:
2026-03-26 15:12:38,160:hal4000:INFO:  handled by,58,mpb642,change directory
2026-03-26 15:12:38,160:hal4000:INFO:message:
2026-03-26 15:12:38,160:hal4000:INFO:  handled by,58,none_irlaser,change directory
2026-03-26 15:12:38,161:hal4000:INFO:message:
2026-03-26 15:12:38,161:hal4000:INFO:  handled by,58,obis405,change directory
2026-03-26 15:12:38,161:hal4000:INFO:message:
2026-03-26 15:12:38,161:hal4000:INFO:  handled by,58,pi_controller,change directory
2026-03-26 15:12:38,162:hal4000:INFO:message:
2026-03-26 15:12:38,162:hal4000:INFO:  handled by,58,progressions,change directory
2026-03-26 15:12:38,162:hal4000:INFO:message:
2026-03-26 15:12:38,163:hal4000:INFO:  handled by,58,scmos_cal,change directory
2026-03-26 15:12:38,163:hal4000:INFO:message:
2026-03-26 15:12:38,163:hal4000:INFO:  handled by,58,settings,change directory
2026-03-26 15:12:38,163:hal4000:INFO:message:
2026-03-26 15:12:38,163:hal4000:INFO:  handled by,58,spotcounter,change directory
2026-03-26 15:12:38,164:hal4000:INFO:message:
2026-03-26 15:12:38,164:hal4000:INFO:  handled by,58,stage,change directory
2026-03-26 15:12:38,164:hal4000:INFO:message:
2026-03-26 15:12:38,164:hal4000:INFO:  handled by,58,tcp_control,change directory
2026-03-26 15:12:38,164:hal4000:INFO:message:
2026-03-26 15:12:38,165:hal4000:INFO:  handled by,58,timing,change directory
2026-03-26 15:12:38,165:hal4000:INFO:message:
2026-03-26 15:12:38,165:hal4000:INFO:  handled by,58,uc480_camera,change directory
2026-03-26 15:12:38,165:hal4000:INFO:message:
2026-03-26 15:12:38,165:hal4000:INFO:  handled by,58,z_stage,change directory
2026-03-26 15:12:38,166:hal4000:INFO:message:
2026-03-26 15:12:38,166:hal4000:INFO:  processed,58,hal,change directory
2026-03-26 15:12:38,167:hal4000:INFO:message:
2026-03-26 15:12:38,167:hal4000:INFO:  sent,59,display,get functionality
2026-03-26 15:12:38,168:hal4000:INFO:message:
2026-03-26 15:12:38,168:hal4000:INFO:  handled by,59,hal,get functionality
2026-03-26 15:12:38,168:hal4000:INFO:message:
2026-03-26 15:12:38,168:hal4000:INFO:  handled by,59,aotf,get functionality
2026-03-26 15:12:38,169:hal4000:INFO:message:
2026-03-26 15:12:38,169:hal4000:INFO:  handled by,59,camera1,get functionality
2026-03-26 15:12:38,169:hal4000:INFO:message:
2026-03-26 15:12:38,169:hal4000:INFO:  handled by,59,clemex_stage,get functionality
2026-03-26 15:12:38,170:hal4000:INFO:message:
2026-03-26 15:12:38,170:hal4000:INFO:  handled by,59,coherentGenesis488,get functionality
2026-03-26 15:12:38,170:hal4000:INFO:message:
2026-03-26 15:12:38,170:hal4000:INFO:  handled by,59,coherentGenesis560,get functionality
2026-03-26 15:12:38,170:hal4000:INFO:message:
2026-03-26 15:12:38,171:hal4000:INFO:  handled by,59,display,get functionality
2026-03-26 15:12:38,171:hal4000:INFO:message:
2026-03-26 15:12:38,171:hal4000:INFO:  handled by,59,feeds,get functionality
2026-03-26 15:12:38,171:hal4000:INFO:message:
2026-03-26 15:12:38,171:hal4000:INFO:  handled by,59,film,get functionality
2026-03-26 15:12:38,172:hal4000:INFO:message:
2026-03-26 15:12:38,172:hal4000:INFO:  handled by,59,focuslock,get functionality
2026-03-26 15:12:38,172:hal4000:INFO:message:
2026-03-26 15:12:38,172:hal4000:INFO:  handled by,59,illumination,get functionality
2026-03-26 15:12:38,173:hal4000:INFO:message:
2026-03-26 15:12:38,173:hal4000:INFO:  handled by,59,mosaic,get functionality
2026-03-26 15:12:38,173:hal4000:INFO:message:
2026-03-26 15:12:38,174:hal4000:INFO:  handled by,59,mpb642,get functionality
2026-03-26 15:12:38,174:hal4000:INFO:message:
2026-03-26 15:12:38,174:hal4000:INFO:  handled by,59,none_irlaser,get functionality
2026-03-26 15:12:38,175:hal4000:INFO:message:
2026-03-26 15:12:38,175:hal4000:INFO:  handled by,59,obis405,get functionality
2026-03-26 15:12:38,175:hal4000:INFO:message:
2026-03-26 15:12:38,175:hal4000:INFO:  handled by,59,pi_controller,get functionality
2026-03-26 15:12:38,175:hal4000:INFO:message:
2026-03-26 15:12:38,176:hal4000:INFO:  handled by,59,progressions,get functionality
2026-03-26 15:12:38,176:hal4000:INFO:message:
2026-03-26 15:12:38,176:hal4000:INFO:  handled by,59,scmos_cal,get functionality
2026-03-26 15:12:38,176:hal4000:INFO:message:
2026-03-26 15:12:38,176:hal4000:INFO:  handled by,59,settings,get functionality
2026-03-26 15:12:38,176:hal4000:INFO:message:
2026-03-26 15:12:38,177:hal4000:INFO:  handled by,59,spotcounter,get functionality
2026-03-26 15:12:38,177:hal4000:INFO:message:
2026-03-26 15:12:38,177:hal4000:INFO:  handled by,59,stage,get functionality
2026-03-26 15:12:38,177:hal4000:INFO:message:
2026-03-26 15:12:38,178:hal4000:INFO:  handled by,59,tcp_control,get functionality
2026-03-26 15:12:38,178:hal4000:INFO:message:
2026-03-26 15:12:38,178:hal4000:INFO:  handled by,59,timing,get functionality
2026-03-26 15:12:38,178:hal4000:INFO:message:
2026-03-26 15:12:38,178:hal4000:INFO:  handled by,59,uc480_camera,get functionality
2026-03-26 15:12:38,179:hal4000:INFO:message:
2026-03-26 15:12:38,179:hal4000:INFO:  handled by,59,z_stage,get functionality
2026-03-26 15:12:38,179:hal4000:INFO:message:
2026-03-26 15:12:38,179:hal4000:INFO:  processed,59,display,get functionality
2026-03-26 15:12:38,182:hal4000:INFO:message:
2026-03-26 15:12:38,182:hal4000:INFO:  sent,60,film,start camera
2026-03-26 15:12:38,185:hal4000:INFO:message:
2026-03-26 15:12:38,185:hal4000:INFO:  handled by,60,hal,start camera
2026-03-26 15:12:38,185:hal4000:INFO:message:
2026-03-26 15:12:38,185:hal4000:INFO:  handled by,60,aotf,start camera
2026-03-26 15:12:38,186:hal4000:INFO:message:
2026-03-26 15:12:38,186:hal4000:INFO:  handled by,60,camera1,start camera
2026-03-26 15:12:38,186:hal4000:INFO:message:
2026-03-26 15:12:38,186:hal4000:INFO:  handled by,60,clemex_stage,start camera
2026-03-26 15:12:38,187:hal4000:INFO:message:
2026-03-26 15:12:38,187:hal4000:INFO:  handled by,60,coherentGenesis488,start camera
2026-03-26 15:12:38,187:hal4000:INFO:message:
2026-03-26 15:12:38,187:hal4000:INFO:  handled by,60,coherentGenesis560,start camera
2026-03-26 15:12:38,187:hal4000:INFO:message:
2026-03-26 15:12:38,188:hal4000:INFO:  handled by,60,display,start camera
2026-03-26 15:12:38,188:hal4000:INFO:message:
2026-03-26 15:12:38,188:hal4000:INFO:  handled by,60,feeds,start camera
2026-03-26 15:12:38,189:hal4000:INFO:message:
2026-03-26 15:12:38,189:hal4000:INFO:  handled by,60,film,start camera
2026-03-26 15:12:38,189:hal4000:INFO:message:
2026-03-26 15:12:38,190:hal4000:INFO:  handled by,60,focuslock,start camera
2026-03-26 15:12:38,190:hal4000:INFO:message:
2026-03-26 15:12:38,190:hal4000:INFO:  handled by,60,illumination,start camera
2026-03-26 15:12:38,190:hal4000:INFO:message:
2026-03-26 15:12:38,191:hal4000:INFO:  handled by,60,mosaic,start camera
2026-03-26 15:12:38,191:hal4000:INFO:message:
2026-03-26 15:12:38,191:hal4000:INFO:  handled by,60,mpb642,start camera
2026-03-26 15:12:38,191:hal4000:INFO:message:
2026-03-26 15:12:38,192:hal4000:INFO:  handled by,60,none_irlaser,start camera
2026-03-26 15:12:38,192:hal4000:INFO:message:
2026-03-26 15:12:38,192:hal4000:INFO:  handled by,60,obis405,start camera
2026-03-26 15:12:38,192:hal4000:INFO:message:
2026-03-26 15:12:38,192:hal4000:INFO:  handled by,60,pi_controller,start camera
2026-03-26 15:12:38,193:hal4000:INFO:message:
2026-03-26 15:12:38,193:hal4000:INFO:  handled by,60,progressions,start camera
2026-03-26 15:12:38,193:hal4000:INFO:message:
2026-03-26 15:12:38,193:hal4000:INFO:  handled by,60,scmos_cal,start camera
2026-03-26 15:12:38,194:hal4000:INFO:message:
2026-03-26 15:12:38,194:hal4000:INFO:  handled by,60,settings,start camera
2026-03-26 15:12:38,194:hal4000:INFO:message:
2026-03-26 15:12:38,194:hal4000:INFO:  handled by,60,spotcounter,start camera
2026-03-26 15:12:38,194:hal4000:INFO:message:
2026-03-26 15:12:38,195:hal4000:INFO:  handled by,60,stage,start camera
2026-03-26 15:12:38,195:hal4000:INFO:message:
2026-03-26 15:12:38,195:hal4000:INFO:  handled by,60,tcp_control,start camera
2026-03-26 15:12:38,196:hal4000:INFO:message:
2026-03-26 15:12:38,196:hal4000:INFO:  handled by,60,timing,start camera
2026-03-26 15:12:38,196:hal4000:INFO:message:
2026-03-26 15:12:38,196:hal4000:INFO:  handled by,60,uc480_camera,start camera
2026-03-26 15:12:38,197:hal4000:INFO:message:
2026-03-26 15:12:38,197:hal4000:INFO:  handled by,60,z_stage,start camera
2026-03-26 15:12:38,197:hal4000:INFO:message:
2026-03-26 15:12:38,197:hal4000:INFO:  processed,60,film,start camera
2026-03-26 15:12:38,198:hal4000:INFO:message:
2026-03-26 15:12:38,199:hal4000:INFO:  sent,62,film,start camera
2026-03-26 15:12:38,200:hal4000:INFO:message:
2026-03-26 15:12:38,200:hal4000:INFO:  handled by,62,hal,start camera
2026-03-26 15:12:38,200:hal4000:INFO:message:
2026-03-26 15:12:38,200:hal4000:INFO:  handled by,62,aotf,start camera
2026-03-26 15:12:38,201:hal4000:INFO:message:
2026-03-26 15:12:38,201:hal4000:INFO:  handled by,62,camera1,start camera
2026-03-26 15:12:38,202:hal4000:INFO:message:
2026-03-26 15:12:38,202:hal4000:INFO:  handled by,62,clemex_stage,start camera
2026-03-26 15:12:38,202:hal4000:INFO:message:
2026-03-26 15:12:38,203:hal4000:INFO:  handled by,62,coherentGenesis488,start camera
2026-03-26 15:12:38,203:hal4000:INFO:message:
2026-03-26 15:12:38,203:hal4000:INFO:  handled by,62,coherentGenesis560,start camera
2026-03-26 15:12:38,207:hal4000:INFO:message:
2026-03-26 15:12:38,207:hal4000:INFO:  handled by,62,display,start camera
2026-03-26 15:12:38,208:hal4000:INFO:message:
2026-03-26 15:12:38,208:hal4000:INFO:  handled by,62,feeds,start camera
2026-03-26 15:12:38,208:hal4000:INFO:message:
2026-03-26 15:12:38,209:hal4000:INFO:  handled by,62,film,start camera
2026-03-26 15:12:38,209:hal4000:INFO:message:
2026-03-26 15:12:38,209:hal4000:INFO:  handled by,62,focuslock,start camera
2026-03-26 15:12:38,209:hal4000:INFO:message:
2026-03-26 15:12:38,210:hal4000:INFO:  handled by,62,illumination,start camera
2026-03-26 15:12:38,210:hal4000:INFO:message:
2026-03-26 15:12:38,210:hal4000:INFO:  handled by,62,mosaic,start camera
2026-03-26 15:12:38,210:hal4000:INFO:message:
2026-03-26 15:12:38,210:hal4000:INFO:  handled by,62,mpb642,start camera
2026-03-26 15:12:38,211:hal4000:INFO:message:
2026-03-26 15:12:38,211:hal4000:INFO:  handled by,62,none_irlaser,start camera
2026-03-26 15:12:38,211:hal4000:INFO:message:
2026-03-26 15:12:38,211:hal4000:INFO:  handled by,62,obis405,start camera
2026-03-26 15:12:38,211:hal4000:INFO:message:
2026-03-26 15:12:38,212:hal4000:INFO:  handled by,62,pi_controller,start camera
2026-03-26 15:12:38,212:hal4000:INFO:message:
2026-03-26 15:12:38,212:hal4000:INFO:  handled by,62,progressions,start camera
2026-03-26 15:12:38,212:hal4000:INFO:message:
2026-03-26 15:12:38,213:hal4000:INFO:  handled by,62,scmos_cal,start camera
2026-03-26 15:12:38,213:hal4000:INFO:message:
2026-03-26 15:12:38,213:hal4000:INFO:  handled by,62,settings,start camera
2026-03-26 15:12:38,214:hal4000:INFO:message:
2026-03-26 15:12:38,214:hal4000:INFO:  handled by,62,spotcounter,start camera
2026-03-26 15:12:38,214:hal4000:INFO:message:
2026-03-26 15:12:38,214:hal4000:INFO:  handled by,62,stage,start camera
2026-03-26 15:12:38,214:hal4000:INFO:message:
2026-03-26 15:12:38,215:hal4000:INFO:  handled by,62,tcp_control,start camera
2026-03-26 15:12:38,215:hal4000:INFO:message:
2026-03-26 15:12:38,215:hal4000:INFO:  handled by,62,timing,start camera
2026-03-26 15:12:38,215:hal4000:INFO:message:
2026-03-26 15:12:38,216:hal4000:INFO:  handled by,62,uc480_camera,start camera
2026-03-26 15:12:38,216:hal4000:INFO:message:
2026-03-26 15:12:38,216:hal4000:INFO:  handled by,62,z_stage,start camera
2026-03-26 15:12:38,216:hal4000:INFO:message:
2026-03-26 15:12:38,217:hal4000:INFO:  sent,63,illumination,new shutters file
2026-03-26 15:12:38,218:hal4000:INFO:message:
2026-03-26 15:12:38,218:hal4000:INFO:  worker started 60000,62,film,start camera
2026-03-26 15:12:38,219:hal4000:INFO:message:
2026-03-26 15:12:38,219:hal4000:INFO:  handled by,63,hal,new shutters file
2026-03-26 15:12:38,219:hal4000:INFO:message:
2026-03-26 15:12:38,219:hal4000:INFO:  handled by,63,aotf,new shutters file
2026-03-26 15:12:38,220:hal4000:INFO:message:
2026-03-26 15:12:38,220:hal4000:INFO:  handled by,63,clemex_stage,new shutters file
2026-03-26 15:12:38,220:hal4000:INFO:message:
2026-03-26 15:12:38,221:hal4000:INFO:  handled by,63,coherentGenesis488,new shutters file
2026-03-26 15:12:38,221:hal4000:INFO:message:
2026-03-26 15:12:38,221:hal4000:INFO:  handled by,63,coherentGenesis560,new shutters file
2026-03-26 15:12:38,222:hal4000:INFO:message:
2026-03-26 15:12:38,222:hal4000:INFO:  handled by,63,display,new shutters file
2026-03-26 15:12:38,222:hal4000:INFO:message:
2026-03-26 15:12:38,223:hal4000:INFO:  handled by,63,feeds,new shutters file
2026-03-26 15:12:38,223:hal4000:INFO:message:
2026-03-26 15:12:38,223:hal4000:INFO:  handled by,63,film,new shutters file
2026-03-26 15:12:38,224:hal4000:INFO:message:
2026-03-26 15:12:38,224:hal4000:INFO:  handled by,63,focuslock,new shutters file
2026-03-26 15:12:38,225:hal4000:INFO:message:
2026-03-26 15:12:38,226:hal4000:INFO:  queued,65,illumination,configuration
2026-03-26 15:12:38,226:hal4000:INFO:message:
2026-03-26 15:12:38,226:hal4000:INFO:  handled by,63,illumination,new shutters file
2026-03-26 15:12:38,226:hal4000:INFO:message:
2026-03-26 15:12:38,227:hal4000:INFO:  handled by,63,mosaic,new shutters file
2026-03-26 15:12:38,227:hal4000:INFO:message:
2026-03-26 15:12:38,227:hal4000:INFO:  handled by,63,mpb642,new shutters file
2026-03-26 15:12:38,227:hal4000:INFO:message:
2026-03-26 15:12:38,227:hal4000:INFO:  handled by,63,none_irlaser,new shutters file
2026-03-26 15:12:38,228:hal4000:INFO:message:
2026-03-26 15:12:38,228:hal4000:INFO:  handled by,63,obis405,new shutters file
2026-03-26 15:12:38,228:hal4000:INFO:message:
2026-03-26 15:12:38,228:hal4000:INFO:  handled by,63,pi_controller,new shutters file
2026-03-26 15:12:38,229:hal4000:INFO:message:
2026-03-26 15:12:38,229:hal4000:INFO:  handled by,63,progressions,new shutters file
2026-03-26 15:12:38,229:hal4000:INFO:message:
2026-03-26 15:12:38,229:hal4000:INFO:  handled by,63,scmos_cal,new shutters file
2026-03-26 15:12:38,229:hal4000:INFO:message:
2026-03-26 15:12:38,229:hal4000:INFO:  handled by,63,settings,new shutters file
2026-03-26 15:12:38,230:hal4000:INFO:message:
2026-03-26 15:12:38,230:hal4000:INFO:  handled by,63,spotcounter,new shutters file
2026-03-26 15:12:38,230:hal4000:INFO:message:
2026-03-26 15:12:38,230:hal4000:INFO:  handled by,63,stage,new shutters file
2026-03-26 15:12:38,230:hal4000:INFO:message:
2026-03-26 15:12:38,231:hal4000:INFO:  handled by,63,tcp_control,new shutters file
2026-03-26 15:12:38,231:hal4000:INFO:message:
2026-03-26 15:12:38,232:hal4000:INFO:  handled by,63,timing,new shutters file
2026-03-26 15:12:38,232:hal4000:INFO:message:
2026-03-26 15:12:38,232:hal4000:INFO:  handled by,63,uc480_camera,new shutters file
2026-03-26 15:12:38,232:hal4000:INFO:message:
2026-03-26 15:12:38,232:hal4000:INFO:  handled by,63,z_stage,new shutters file
2026-03-26 15:12:38,233:hal4000:INFO:message:
2026-03-26 15:12:38,233:hal4000:INFO:  sent,64,spotcounter,get functionality
2026-03-26 15:12:38,234:hal4000:INFO:message:
2026-03-26 15:12:38,235:hal4000:INFO:  handled by,64,hal,get functionality
2026-03-26 15:12:38,235:hal4000:INFO:message:
2026-03-26 15:12:38,235:hal4000:INFO:  handled by,64,aotf,get functionality
2026-03-26 15:12:38,235:hal4000:INFO:message:
2026-03-26 15:12:38,235:hal4000:INFO:  handled by,64,clemex_stage,get functionality
2026-03-26 15:12:38,236:hal4000:INFO:message:
2026-03-26 15:12:38,236:hal4000:INFO:  handled by,64,coherentGenesis488,get functionality
2026-03-26 15:12:38,236:hal4000:INFO:message:
2026-03-26 15:12:38,236:hal4000:INFO:  handled by,64,coherentGenesis560,get functionality
2026-03-26 15:12:38,237:hal4000:INFO:message:
2026-03-26 15:12:38,237:hal4000:INFO:  handled by,64,display,get functionality
2026-03-26 15:12:38,238:hal4000:INFO:message:
2026-03-26 15:12:38,238:hal4000:INFO:  handled by,64,feeds,get functionality
2026-03-26 15:12:38,238:hal4000:INFO:message:
2026-03-26 15:12:38,238:hal4000:INFO:  handled by,64,film,get functionality
2026-03-26 15:12:38,238:hal4000:INFO:message:
2026-03-26 15:12:38,239:hal4000:INFO:  handled by,64,focuslock,get functionality
2026-03-26 15:12:38,239:hal4000:INFO:message:
2026-03-26 15:12:38,239:hal4000:INFO:  handled by,64,illumination,get functionality
2026-03-26 15:12:38,240:hal4000:INFO:message:
2026-03-26 15:12:38,240:hal4000:INFO:  handled by,64,mosaic,get functionality
2026-03-26 15:12:38,240:hal4000:INFO:message:
2026-03-26 15:12:38,240:hal4000:INFO:  handled by,64,mpb642,get functionality
2026-03-26 15:12:38,241:hal4000:INFO:message:
2026-03-26 15:12:38,241:hal4000:INFO:  handled by,64,none_irlaser,get functionality
2026-03-26 15:12:38,241:hal4000:INFO:message:
2026-03-26 15:12:38,241:hal4000:INFO:  handled by,64,obis405,get functionality
2026-03-26 15:12:38,241:hal4000:INFO:message:
2026-03-26 15:12:38,242:hal4000:INFO:  handled by,64,pi_controller,get functionality
2026-03-26 15:12:38,242:hal4000:INFO:message:
2026-03-26 15:12:38,242:hal4000:INFO:  handled by,64,progressions,get functionality
2026-03-26 15:12:38,242:hal4000:INFO:message:
2026-03-26 15:12:38,243:hal4000:INFO:  handled by,64,scmos_cal,get functionality
2026-03-26 15:12:38,243:hal4000:INFO:message:
2026-03-26 15:12:38,244:hal4000:INFO:  handled by,64,settings,get functionality
2026-03-26 15:12:38,244:hal4000:INFO:message:
2026-03-26 15:12:38,244:hal4000:INFO:  handled by,64,spotcounter,get functionality
2026-03-26 15:12:38,244:hal4000:INFO:message:
2026-03-26 15:12:38,245:hal4000:INFO:  handled by,64,stage,get functionality
2026-03-26 15:12:38,245:hal4000:INFO:message:
2026-03-26 15:12:38,245:hal4000:INFO:  handled by,64,tcp_control,get functionality
2026-03-26 15:12:38,245:hal4000:INFO:message:
2026-03-26 15:12:38,246:hal4000:INFO:  handled by,64,timing,get functionality
2026-03-26 15:12:38,246:hal4000:INFO:message:
2026-03-26 15:12:38,246:hal4000:INFO:  handled by,64,uc480_camera,get functionality
2026-03-26 15:12:38,246:hal4000:INFO:message:
2026-03-26 15:12:38,247:hal4000:INFO:  handled by,64,z_stage,get functionality
2026-03-26 15:12:38,247:hal4000:INFO:message:
2026-03-26 15:12:38,247:hal4000:INFO:  sent,65,illumination,configuration
2026-03-26 15:12:38,250:hal4000:INFO:message:
2026-03-26 15:12:38,250:hal4000:INFO:  handled by,65,hal,configuration
2026-03-26 15:12:38,250:hal4000:INFO:message:
2026-03-26 15:12:38,250:hal4000:INFO:  handled by,65,aotf,configuration
2026-03-26 15:12:38,251:hal4000:INFO:message:
2026-03-26 15:12:38,251:hal4000:INFO:  handled by,65,clemex_stage,configuration
2026-03-26 15:12:38,251:hal4000:INFO:message:
2026-03-26 15:12:38,251:hal4000:INFO:  handled by,65,coherentGenesis488,configuration
2026-03-26 15:12:38,252:hal4000:INFO:message:
2026-03-26 15:12:38,252:hal4000:INFO:  handled by,65,coherentGenesis560,configuration
2026-03-26 15:12:38,252:hal4000:INFO:message:
2026-03-26 15:12:38,253:hal4000:INFO:  handled by,65,display,configuration
2026-03-26 15:12:38,253:hal4000:INFO:message:
2026-03-26 15:12:38,253:hal4000:INFO:  handled by,65,feeds,configuration
2026-03-26 15:12:38,253:hal4000:INFO:message:
2026-03-26 15:12:38,254:hal4000:INFO:  handled by,65,film,configuration
2026-03-26 15:12:38,254:hal4000:INFO:message:
2026-03-26 15:12:38,254:hal4000:INFO:  handled by,65,focuslock,configuration
2026-03-26 15:12:38,254:hal4000:INFO:message:
2026-03-26 15:12:38,255:hal4000:INFO:  handled by,65,illumination,configuration
2026-03-26 15:12:38,255:hal4000:INFO:message:
2026-03-26 15:12:38,255:hal4000:INFO:  handled by,65,mosaic,configuration
2026-03-26 15:12:38,256:hal4000:INFO:message:
2026-03-26 15:12:38,256:hal4000:INFO:  handled by,65,mpb642,configuration
2026-03-26 15:12:38,256:hal4000:INFO:message:
2026-03-26 15:12:38,256:hal4000:INFO:  handled by,65,none_irlaser,configuration
2026-03-26 15:12:38,257:hal4000:INFO:message:
2026-03-26 15:12:38,257:hal4000:INFO:  handled by,65,obis405,configuration
2026-03-26 15:12:38,257:hal4000:INFO:message:
2026-03-26 15:12:38,257:hal4000:INFO:  handled by,65,pi_controller,configuration
2026-03-26 15:12:38,257:hal4000:INFO:message:
2026-03-26 15:12:38,257:hal4000:INFO:  handled by,65,progressions,configuration
2026-03-26 15:12:38,258:hal4000:INFO:message:
2026-03-26 15:12:38,258:hal4000:INFO:  handled by,65,scmos_cal,configuration
2026-03-26 15:12:38,258:hal4000:INFO:message:
2026-03-26 15:12:38,258:hal4000:INFO:  handled by,65,settings,configuration
2026-03-26 15:12:38,259:hal4000:INFO:message:
2026-03-26 15:12:38,259:hal4000:INFO:  handled by,65,spotcounter,configuration
2026-03-26 15:12:38,259:hal4000:INFO:message:
2026-03-26 15:12:38,259:hal4000:INFO:  handled by,65,stage,configuration
2026-03-26 15:12:38,260:hal4000:INFO:message:
2026-03-26 15:12:38,260:hal4000:INFO:  handled by,65,tcp_control,configuration
2026-03-26 15:12:38,260:hal4000:INFO:message:
2026-03-26 15:12:38,260:hal4000:INFO:  handled by,65,timing,configuration
2026-03-26 15:12:38,260:hal4000:INFO:message:
2026-03-26 15:12:38,261:hal4000:INFO:  handled by,65,uc480_camera,configuration
2026-03-26 15:12:38,261:hal4000:INFO:message:
2026-03-26 15:12:38,261:hal4000:INFO:  handled by,65,z_stage,configuration
2026-03-26 15:12:38,348:hal4000:INFO:message:
2026-03-26 15:12:38,348:hal4000:INFO:  Fitting problem: Number of calls to function has reached maxfev = 500.
2026-03-26 15:12:38,554:hal4000:INFO:message:
2026-03-26 15:12:38,554:hal4000:INFO:  handled by,62,camera1,start camera
2026-03-26 15:12:38,554:hal4000:INFO:message:
2026-03-26 15:12:38,554:hal4000:INFO:  processed,62,film,start camera
2026-03-26 15:12:38,555:hal4000:INFO:message:
2026-03-26 15:12:38,555:hal4000:INFO:  worker done,62,film,start camera
2026-03-26 15:12:38,555:hal4000:INFO:message:
2026-03-26 15:12:38,555:hal4000:INFO:  handled by,63,camera1,new shutters file
2026-03-26 15:12:38,556:hal4000:INFO:message:
2026-03-26 15:12:38,556:hal4000:INFO:  processed,63,illumination,new shutters file
2026-03-26 15:12:38,556:hal4000:INFO:message:
2026-03-26 15:12:38,556:hal4000:INFO:  handled by,64,camera1,get functionality
2026-03-26 15:12:38,557:hal4000:INFO:message:
2026-03-26 15:12:38,557:hal4000:INFO:  processed,64,spotcounter,get functionality
2026-03-26 15:12:38,559:hal4000:INFO:message:
2026-03-26 15:12:38,559:hal4000:INFO:  handled by,65,camera1,configuration
2026-03-26 15:12:38,560:hal4000:INFO:message:
2026-03-26 15:12:38,560:hal4000:INFO:  processed,65,illumination,configuration
2026-03-26 15:12:38,623:hal4000:INFO:message:
2026-03-26 15:12:38,623:hal4000:INFO:  Fitting problem: Number of calls to function has reached maxfev = 500.
2026-03-26 15:12:38,903:hal4000:INFO:message:
2026-03-26 15:12:38,903:hal4000:INFO:  Fitting problem: Number of calls to function has reached maxfev = 500.
2026-03-26 15:12:39,188:hal4000:INFO:message:
2026-03-26 15:12:39,188:hal4000:INFO:  Fitting problem: Number of calls to function has reached maxfev = 500.
2026-03-26 15:12:39,469:hal4000:INFO:message:
2026-03-26 15:12:39,469:hal4000:INFO:  Fitting problem: Number of calls to function has reached maxfev = 500.
2026-03-26 15:12:39,757:hal4000:INFO:message:
2026-03-26 15:12:39,757:hal4000:INFO:  Fitting problem: Number of calls to function has reached maxfev = 500.
2026-03-26 15:12:40,064:hal4000:INFO:message:
2026-03-26 15:12:40,064:hal4000:INFO:  Fitting problem: Number of calls to function has reached maxfev = 500.
2026-03-26 15:12:40,342:hal4000:INFO:message:
2026-03-26 15:12:40,342:hal4000:INFO:  Fitting problem: Number of calls to function has reached maxfev = 500.
2026-03-26 15:12:40,631:hal4000:INFO:message:
2026-03-26 15:12:40,631:hal4000:INFO:  Fitting problem: Number of calls to function has reached maxfev = 500.
2026-03-26 15:12:40,903:hal4000:INFO:message:
2026-03-26 15:12:40,903:hal4000:INFO:  Fitting problem: Number of calls to function has reached maxfev = 500.
2026-03-26 15:12:41,176:hal4000:INFO:message:
2026-03-26 15:12:41,176:hal4000:INFO:  Fitting problem: Number of calls to function has reached maxfev = 500.
2026-03-26 15:12:41,449:hal4000:INFO:message:
2026-03-26 15:12:41,449:hal4000:INFO:  Fitting problem: Number of calls to function has reached maxfev = 500.
2026-03-26 15:12:41,729:hal4000:INFO:message:
2026-03-26 15:12:41,729:hal4000:INFO:  Fitting problem: Number of calls to function has reached maxfev = 500.
2026-03-26 15:12:42,024:hal4000:INFO:message:
2026-03-26 15:12:42,024:hal4000:INFO:  Fitting problem: Number of calls to function has reached maxfev = 500.
2026-03-26 15:12:42,391:hal4000:INFO:message:
2026-03-26 15:12:42,392:hal4000:INFO:  Fitting problem: Number of calls to function has reached maxfev = 500.
2026-03-26 15:12:42,767:hal4000:INFO:message:
2026-03-26 15:12:42,767:hal4000:INFO:  Fitting problem: Number of calls to function has reached maxfev = 500.
2026-03-26 15:12:43,096:hal4000:INFO:message:
2026-03-26 15:12:43,096:hal4000:INFO:  Fitting problem: Number of calls to function has reached maxfev = 500.
2026-03-26 15:12:43,389:hal4000:INFO:message:
2026-03-26 15:12:43,389:hal4000:INFO:  Fitting problem: Number of calls to function has reached maxfev = 500.
2026-03-26 15:12:43,671:hal4000:INFO:message:
2026-03-26 15:12:43,672:hal4000:INFO:  Fitting problem: Number of calls to function has reached maxfev = 500.
2026-03-26 15:12:43,946:hal4000:INFO:message:
2026-03-26 15:12:43,946:hal4000:INFO:  Fitting problem: Number of calls to function has reached maxfev = 500.
2026-03-26 15:12:44,229:hal4000:INFO:message:
2026-03-26 15:12:44,229:hal4000:INFO:  Fitting problem: Number of calls to function has reached maxfev = 500.
2026-03-26 15:12:44,507:hal4000:INFO:message:
2026-03-26 15:12:44,507:hal4000:INFO:  Fitting problem: Number of calls to function has reached maxfev = 500.
2026-03-26 15:12:44,781:hal4000:INFO:message:
2026-03-26 15:12:44,782:hal4000:INFO:  Fitting problem: Number of calls to function has reached maxfev = 500.
2026-03-26 15:12:45,063:hal4000:INFO:message:
2026-03-26 15:12:45,063:hal4000:INFO:  Fitting problem: Number of calls to function has reached maxfev = 500.
2026-03-26 15:12:45,338:hal4000:INFO:message:
2026-03-26 15:12:45,338:hal4000:INFO:  Fitting problem: Number of calls to function has reached maxfev = 500.
2026-03-26 15:12:45,620:hal4000:INFO:message:
2026-03-26 15:12:45,620:hal4000:INFO:  Fitting problem: Number of calls to function has reached maxfev = 500.
2026-03-26 15:12:45,906:hal4000:INFO:message:
2026-03-26 15:12:45,906:hal4000:INFO:  Fitting problem: Number of calls to function has reached maxfev = 500.
2026-03-26 15:12:46,195:hal4000:INFO:message:
2026-03-26 15:12:46,195:hal4000:INFO:  Fitting problem: Number of calls to function has reached maxfev = 500.
2026-03-26 15:12:46,481:hal4000:INFO:message:
2026-03-26 15:12:46,481:hal4000:INFO:  Fitting problem: Number of calls to function has reached maxfev = 500.
2026-03-26 15:12:46,753:hal4000:INFO:message:
2026-03-26 15:12:46,753:hal4000:INFO:  Fitting problem: Number of calls to function has reached maxfev = 500.
2026-03-26 15:12:47,031:hal4000:INFO:message:
2026-03-26 15:12:47,031:hal4000:INFO:  Fitting problem: Number of calls to function has reached maxfev = 500.
2026-03-26 15:12:47,310:hal4000:INFO:message:
2026-03-26 15:12:47,310:hal4000:INFO:  Fitting problem: Number of calls to function has reached maxfev = 500.
2026-03-26 15:12:47,578:hal4000:INFO:message:
2026-03-26 15:12:47,578:hal4000:INFO:  Fitting problem: Number of calls to function has reached maxfev = 500.
2026-03-26 15:12:47,854:hal4000:INFO:message:
2026-03-26 15:12:47,854:hal4000:INFO:  Fitting problem: Number of calls to function has reached maxfev = 500.
2026-03-26 15:12:48,131:hal4000:INFO:message:
2026-03-26 15:12:48,131:hal4000:INFO:  Fitting problem: Number of calls to function has reached maxfev = 500.
2026-03-26 15:12:48,494:hal4000:INFO:message:
2026-03-26 15:12:48,494:hal4000:INFO:  Fitting problem: Number of calls to function has reached maxfev = 500.
2026-03-26 15:12:48,833:hal4000:INFO:message:
2026-03-26 15:12:48,834:hal4000:INFO:  Fitting problem: Number of calls to function has reached maxfev = 500.
2026-03-26 15:12:49,212:hal4000:INFO:message:
2026-03-26 15:12:49,212:hal4000:INFO:  Fitting problem: Number of calls to function has reached maxfev = 500.
2026-03-26 15:12:49,494:hal4000:INFO:message:
2026-03-26 15:12:49,494:hal4000:INFO:  Fitting problem: Number of calls to function has reached maxfev = 500.
2026-03-26 15:12:49,779:hal4000:INFO:message:
2026-03-26 15:12:49,779:hal4000:INFO:  Fitting problem: Number of calls to function has reached maxfev = 500.
2026-03-26 15:12:50,064:hal4000:INFO:message:
2026-03-26 15:12:50,065:hal4000:INFO:  Fitting problem: Number of calls to function has reached maxfev = 500.
2026-03-26 15:12:50,342:hal4000:INFO:message:
2026-03-26 15:12:50,343:hal4000:INFO:  Fitting problem: Number of calls to function has reached maxfev = 500.
2026-03-26 15:12:50,626:hal4000:INFO:message:
2026-03-26 15:12:50,626:hal4000:INFO:  Fitting problem: Number of calls to function has reached maxfev = 500.
2026-03-26 15:12:50,901:hal4000:INFO:message:
2026-03-26 15:12:50,901:hal4000:INFO:  Fitting problem: Number of calls to function has reached maxfev = 500.
2026-03-26 15:12:51,184:hal4000:INFO:message:
2026-03-26 15:12:51,184:hal4000:INFO:  Fitting problem: Number of calls to function has reached maxfev = 500.
2026-03-26 15:12:51,459:hal4000:INFO:message:
2026-03-26 15:12:51,459:hal4000:INFO:  Fitting problem: Number of calls to function has reached maxfev = 500.
2026-03-26 15:12:51,738:hal4000:INFO:message:
2026-03-26 15:12:51,738:hal4000:INFO:  Fitting problem: Number of calls to function has reached maxfev = 500.
2026-03-26 15:12:52,010:hal4000:INFO:message:
2026-03-26 15:12:52,010:hal4000:INFO:  Fitting problem: Number of calls to function has reached maxfev = 500.
2026-03-26 15:12:52,287:hal4000:INFO:message:
2026-03-26 15:12:52,287:hal4000:INFO:  Fitting problem: Number of calls to function has reached maxfev = 500.
2026-03-26 15:12:52,562:hal4000:INFO:message:
2026-03-26 15:12:52,562:hal4000:INFO:  Fitting problem: Number of calls to function has reached maxfev = 500.
2026-03-26 15:12:52,837:hal4000:INFO:message:
2026-03-26 15:12:52,838:hal4000:INFO:  Fitting problem: Number of calls to function has reached maxfev = 500.
2026-03-26 15:12:53,110:hal4000:INFO:message:
2026-03-26 15:12:53,111:hal4000:INFO:  Fitting problem: Number of calls to function has reached maxfev = 500.
2026-03-26 15:12:53,381:hal4000:INFO:message:
2026-03-26 15:12:53,381:hal4000:INFO:  Fitting problem: Number of calls to function has reached maxfev = 500.
2026-03-26 15:12:53,656:hal4000:INFO:message:
2026-03-26 15:12:53,656:hal4000:INFO:  Fitting problem: Number of calls to function has reached maxfev = 500.
2026-03-26 15:12:53,930:hal4000:INFO:message:
2026-03-26 15:12:53,930:hal4000:INFO:  Fitting problem: Number of calls to function has reached maxfev = 500.
2026-03-26 15:12:54,213:hal4000:INFO:message:
2026-03-26 15:12:54,213:hal4000:INFO:  Fitting problem: Number of calls to function has reached maxfev = 500.
2026-03-26 15:12:54,486:hal4000:INFO:message:
2026-03-26 15:12:54,486:hal4000:INFO:  Fitting problem: Number of calls to function has reached maxfev = 500.
2026-03-26 15:12:54,767:hal4000:INFO:message:
2026-03-26 15:12:54,768:hal4000:INFO:  Fitting problem: Number of calls to function has reached maxfev = 500.
2026-03-26 15:12:55,045:hal4000:INFO:message:
2026-03-26 15:12:55,045:hal4000:INFO:  Fitting problem: Number of calls to function has reached maxfev = 500.
2026-03-26 15:12:55,329:hal4000:INFO:message:
2026-03-26 15:12:55,329:hal4000:INFO:  Fitting problem: Number of calls to function has reached maxfev = 500.
2026-03-26 15:12:55,600:hal4000:INFO:message:
2026-03-26 15:12:55,601:hal4000:INFO:  Fitting problem: Number of calls to function has reached maxfev = 500.
2026-03-26 15:12:55,880:hal4000:INFO:message:
2026-03-26 15:12:55,880:hal4000:INFO:  Fitting problem: Number of calls to function has reached maxfev = 500.
2026-03-26 15:12:56,154:hal4000:INFO:message:
2026-03-26 15:12:56,154:hal4000:INFO:  Fitting problem: Number of calls to function has reached maxfev = 500.
2026-03-26 15:12:56,432:hal4000:INFO:message:
2026-03-26 15:12:56,432:hal4000:INFO:  Fitting problem: Number of calls to function has reached maxfev = 500.
2026-03-26 15:12:56,712:hal4000:INFO:message:
2026-03-26 15:12:56,713:hal4000:INFO:  Fitting problem: Number of calls to function has reached maxfev = 500.
2026-03-26 15:12:56,983:hal4000:INFO:message:
2026-03-26 15:12:56,984:hal4000:INFO:  Fitting problem: Number of calls to function has reached maxfev = 500.
2026-03-26 15:12:57,259:hal4000:INFO:message:
2026-03-26 15:12:57,260:hal4000:INFO:  Fitting problem: Number of calls to function has reached maxfev = 500.
2026-03-26 15:12:57,524:hal4000:INFO:message:
2026-03-26 15:12:57,525:hal4000:INFO:  Fitting problem: Number of calls to function has reached maxfev = 500.
2026-03-26 15:12:57,801:hal4000:INFO:message:
2026-03-26 15:12:57,801:hal4000:INFO:  Fitting problem: Number of calls to function has reached maxfev = 500.
2026-03-26 15:12:58,081:hal4000:INFO:message:
2026-03-26 15:12:58,081:hal4000:INFO:  Fitting problem: Number of calls to function has reached maxfev = 500.
2026-03-26 15:12:58,369:hal4000:INFO:message:
2026-03-26 15:12:58,369:hal4000:INFO:  Fitting problem: Number of calls to function has reached maxfev = 500.
2026-03-26 15:12:58,641:hal4000:INFO:message:
2026-03-26 15:12:58,641:hal4000:INFO:  Fitting problem: Number of calls to function has reached maxfev = 500.
2026-03-26 15:12:58,925:hal4000:INFO:message:
2026-03-26 15:12:58,925:hal4000:INFO:  Fitting problem: Number of calls to function has reached maxfev = 500.
2026-03-26 15:12:59,199:hal4000:INFO:message:
2026-03-26 15:12:59,199:hal4000:INFO:  Fitting problem: Number of calls to function has reached maxfev = 500.
2026-03-26 15:12:59,475:hal4000:INFO:message:
2026-03-26 15:12:59,475:hal4000:INFO:  Fitting problem: Number of calls to function has reached maxfev = 500.
2026-03-26 15:12:59,748:hal4000:INFO:message:
2026-03-26 15:12:59,749:hal4000:INFO:  Fitting problem: Number of calls to function has reached maxfev = 500.
2026-03-26 15:13:00,028:hal4000:INFO:message:
2026-03-26 15:13:00,028:hal4000:INFO:  Fitting problem: Number of calls to function has reached maxfev = 500.
2026-03-26 15:13:00,308:hal4000:INFO:message:
2026-03-26 15:13:00,308:hal4000:INFO:  Fitting problem: Number of calls to function has reached maxfev = 500.
2026-03-26 15:13:00,581:hal4000:INFO:message:
2026-03-26 15:13:00,581:hal4000:INFO:  Fitting problem: Number of calls to function has reached maxfev = 500.
2026-03-26 15:13:00,858:hal4000:INFO:message:
2026-03-26 15:13:00,858:hal4000:INFO:  Fitting problem: Number of calls to function has reached maxfev = 500.
2026-03-26 15:13:01,134:hal4000:INFO:message:
2026-03-26 15:13:01,134:hal4000:INFO:  Fitting problem: Number of calls to function has reached maxfev = 500.
2026-03-26 15:13:01,410:hal4000:INFO:message:
2026-03-26 15:13:01,410:hal4000:INFO:  Fitting problem: Number of calls to function has reached maxfev = 500.
2026-03-26 15:13:01,682:hal4000:INFO:message:
2026-03-26 15:13:01,682:hal4000:INFO:  Fitting problem: Number of calls to function has reached maxfev = 500.
2026-03-26 15:13:01,961:hal4000:INFO:message:
2026-03-26 15:13:01,961:hal4000:INFO:  Fitting problem: Number of calls to function has reached maxfev = 500.
2026-03-26 15:13:02,237:hal4000:INFO:message:
2026-03-26 15:13:02,237:hal4000:INFO:  Fitting problem: Number of calls to function has reached maxfev = 500.
2026-03-26 15:13:02,512:hal4000:INFO:message:
2026-03-26 15:13:02,513:hal4000:INFO:  Fitting problem: Number of calls to function has reached maxfev = 500.
2026-03-26 15:13:02,787:hal4000:INFO:message:
2026-03-26 15:13:02,787:hal4000:INFO:  Fitting problem: Number of calls to function has reached maxfev = 500.
2026-03-26 15:13:03,195:hal4000:INFO:message:
2026-03-26 15:13:03,195:hal4000:INFO:  Fitting problem: Number of calls to function has reached maxfev = 500.
2026-03-26 15:13:03,471:hal4000:INFO:message:
2026-03-26 15:13:03,471:hal4000:INFO:  Fitting problem: Number of calls to function has reached maxfev = 500.
2026-03-26 15:13:03,749:hal4000:INFO:message:
2026-03-26 15:13:03,749:hal4000:INFO:  Fitting problem: Number of calls to function has reached maxfev = 500.
2026-03-26 15:13:04,030:hal4000:INFO:message:
2026-03-26 15:13:04,030:hal4000:INFO:  Fitting problem: Number of calls to function has reached maxfev = 500.
2026-03-26 15:13:04,305:hal4000:INFO:message:
2026-03-26 15:13:04,305:hal4000:INFO:  Fitting problem: Number of calls to function has reached maxfev = 500.
2026-03-26 15:13:04,585:hal4000:INFO:message:
2026-03-26 15:13:04,585:hal4000:INFO:  Fitting problem: Number of calls to function has reached maxfev = 500.
2026-03-26 15:13:04,867:hal4000:INFO:message:
2026-03-26 15:13:04,867:hal4000:INFO:  Fitting problem: Number of calls to function has reached maxfev = 500.
2026-03-26 15:13:05,147:hal4000:INFO:message:
2026-03-26 15:13:05,147:hal4000:INFO:  Fitting problem: Number of calls to function has reached maxfev = 500.
2026-03-26 15:13:05,422:hal4000:INFO:message:
2026-03-26 15:13:05,423:hal4000:INFO:  Fitting problem: Number of calls to function has reached maxfev = 500.
2026-03-26 15:13:05,710:hal4000:INFO:message:
2026-03-26 15:13:05,710:hal4000:INFO:  Fitting problem: Number of calls to function has reached maxfev = 500.
2026-03-26 15:13:05,998:hal4000:INFO:message:
2026-03-26 15:13:05,999:hal4000:INFO:  Fitting problem: Number of calls to function has reached maxfev = 500.
2026-03-26 15:13:06,279:hal4000:INFO:message:
2026-03-26 15:13:06,279:hal4000:INFO:  Fitting problem: Number of calls to function has reached maxfev = 500.
2026-03-26 15:13:06,557:hal4000:INFO:message:
2026-03-26 15:13:06,557:hal4000:INFO:  Fitting problem: Number of calls to function has reached maxfev = 500.
2026-03-26 15:13:06,825:hal4000:INFO:message:
2026-03-26 15:13:06,825:hal4000:INFO:  Fitting problem: Number of calls to function has reached maxfev = 500.
2026-03-26 15:13:07,104:hal4000:INFO:message:
2026-03-26 15:13:07,104:hal4000:INFO:  Fitting problem: Number of calls to function has reached maxfev = 500.
2026-03-26 15:13:07,374:hal4000:INFO:message:
2026-03-26 15:13:07,374:hal4000:INFO:  Fitting problem: Number of calls to function has reached maxfev = 500.
2026-03-26 15:13:07,657:hal4000:INFO:message:
2026-03-26 15:13:07,657:hal4000:INFO:  Fitting problem: Number of calls to function has reached maxfev = 500.
2026-03-26 15:13:07,945:hal4000:INFO:message:
2026-03-26 15:13:07,945:hal4000:INFO:  Fitting problem: Number of calls to function has reached maxfev = 500.
2026-03-26 15:13:08,230:hal4000:INFO:message:
2026-03-26 15:13:08,231:hal4000:INFO:  Fitting problem: Number of calls to function has reached maxfev = 500.
2026-03-26 15:13:08,519:hal4000:INFO:message:
2026-03-26 15:13:08,520:hal4000:INFO:  Fitting problem: Number of calls to function has reached maxfev = 500.
2026-03-26 15:13:08,805:hal4000:INFO:message:
2026-03-26 15:13:08,806:hal4000:INFO:  Fitting problem: Number of calls to function has reached maxfev = 500.
2026-03-26 15:13:09,090:hal4000:INFO:message:
2026-03-26 15:13:09,090:hal4000:INFO:  Fitting problem: Number of calls to function has reached maxfev = 500.
2026-03-26 15:13:09,443:hal4000:INFO:message:
2026-03-26 15:13:09,443:hal4000:INFO:  Fitting problem: Number of calls to function has reached maxfev = 500.
2026-03-26 15:13:09,746:hal4000:INFO:message:
2026-03-26 15:13:09,746:hal4000:INFO:  Fitting problem: Number of calls to function has reached maxfev = 500.
2026-03-26 15:13:10,048:hal4000:INFO:message:
2026-03-26 15:13:10,048:hal4000:INFO:  Fitting problem: Number of calls to function has reached maxfev = 500.
2026-03-26 15:13:10,344:hal4000:INFO:message:
2026-03-26 15:13:10,344:hal4000:INFO:  Fitting problem: Number of calls to function has reached maxfev = 500.
2026-03-26 15:13:10,643:hal4000:INFO:message:
2026-03-26 15:13:10,643:hal4000:INFO:  Fitting problem: Number of calls to function has reached maxfev = 500.
2026-03-26 15:13:10,922:hal4000:INFO:message:
2026-03-26 15:13:10,922:hal4000:INFO:  Fitting problem: Number of calls to function has reached maxfev = 500.
2026-03-26 15:13:11,228:hal4000:INFO:message:
2026-03-26 15:13:11,229:hal4000:INFO:  Fitting problem: Number of calls to function has reached maxfev = 500.
2026-03-26 15:13:11,504:hal4000:INFO:message:
2026-03-26 15:13:11,504:hal4000:INFO:  Fitting problem: Number of calls to function has reached maxfev = 500.
2026-03-26 15:13:11,812:hal4000:INFO:message:
2026-03-26 15:13:11,812:hal4000:INFO:  Fitting problem: Number of calls to function has reached maxfev = 500.
2026-03-26 15:13:12,084:hal4000:INFO:message:
2026-03-26 15:13:12,085:hal4000:INFO:  Fitting problem: Number of calls to function has reached maxfev = 500.
2026-03-26 15:13:12,361:hal4000:INFO:message:
2026-03-26 15:13:12,361:hal4000:INFO:  Fitting problem: Number of calls to function has reached maxfev = 500.
2026-03-26 15:13:12,644:hal4000:INFO:message:
2026-03-26 15:13:12,644:hal4000:INFO:  Fitting problem: Number of calls to function has reached maxfev = 500.
2026-03-26 15:13:12,956:hal4000:INFO:message:
2026-03-26 15:13:12,956:hal4000:INFO:  Fitting problem: Number of calls to function has reached maxfev = 500.
2026-03-26 15:13:13,242:hal4000:INFO:message:
2026-03-26 15:13:13,242:hal4000:INFO:  Fitting problem: Number of calls to function has reached maxfev = 500.
2026-03-26 15:13:13,531:hal4000:INFO:message:
2026-03-26 15:13:13,531:hal4000:INFO:  Fitting problem: Number of calls to function has reached maxfev = 500.
2026-03-26 15:13:13,822:hal4000:INFO:message:
2026-03-26 15:13:13,822:hal4000:INFO:  Fitting problem: Number of calls to function has reached maxfev = 500.
2026-03-26 15:13:14,095:hal4000:INFO:message:
2026-03-26 15:13:14,095:hal4000:INFO:  Fitting problem: Number of calls to function has reached maxfev = 500.
2026-03-26 15:13:14,375:hal4000:INFO:message:
2026-03-26 15:13:14,375:hal4000:INFO:  Fitting problem: Number of calls to function has reached maxfev = 500.
2026-03-26 15:13:14,651:hal4000:INFO:message:
2026-03-26 15:13:14,651:hal4000:INFO:  Fitting problem: Number of calls to function has reached maxfev = 500.
2026-03-26 15:13:14,928:hal4000:INFO:message:
2026-03-26 15:13:14,928:hal4000:INFO:  Fitting problem: Number of calls to function has reached maxfev = 500.
2026-03-26 15:13:15,211:hal4000:INFO:message:
2026-03-26 15:13:15,211:hal4000:INFO:  Fitting problem: Number of calls to function has reached maxfev = 500.
2026-03-26 15:13:15,492:hal4000:INFO:message:
2026-03-26 15:13:15,492:hal4000:INFO:  Fitting problem: Number of calls to function has reached maxfev = 500.
2026-03-26 15:13:15,768:hal4000:INFO:message:
2026-03-26 15:13:15,769:hal4000:INFO:  Fitting problem: Number of calls to function has reached maxfev = 500.
2026-03-26 15:13:16,043:hal4000:INFO:message:
2026-03-26 15:13:16,044:hal4000:INFO:  Fitting problem: Number of calls to function has reached maxfev = 500.
2026-03-26 15:13:16,325:hal4000:INFO:message:
2026-03-26 15:13:16,325:hal4000:INFO:  Fitting problem: Number of calls to function has reached maxfev = 500.
2026-03-26 15:13:16,597:hal4000:INFO:message:
2026-03-26 15:13:16,597:hal4000:INFO:  Fitting problem: Number of calls to function has reached maxfev = 500.
2026-03-26 15:13:16,875:hal4000:INFO:message:
2026-03-26 15:13:16,875:hal4000:INFO:  Fitting problem: Number of calls to function has reached maxfev = 500.
2026-03-26 15:13:17,077:hal4000:INFO:message:
2026-03-26 15:13:17,077:hal4000:INFO:  queued,66,hal,close event
2026-03-26 15:13:17,169:hal4000:INFO:message:
2026-03-26 15:13:17,169:hal4000:INFO:  Fitting problem: Number of calls to function has reached maxfev = 500.
2026-03-26 15:13:17,390:hal4000:INFO:message:
2026-03-26 15:13:17,391:hal4000:INFO:  Fitting problem: Number of calls to function has reached maxfev = 500.
2026-03-26 15:13:17,565:hal4000:INFO:message:
2026-03-26 15:13:17,565:hal4000:INFO:  Fitting problem: Number of calls to function has reached maxfev = 500.
2026-03-26 15:13:17,593:hal4000:INFO:message:
2026-03-26 15:13:17,594:hal4000:INFO:  uc480: Call failed with error 1 is_CopyImageMem
