2026-03-26 18:55:20,325:hal4000:INFO:  processed,3,core,start
2026-03-26 18:55:20,409:hal4000:INFO:message:
2026-03-26 18:55:20,409:hal4000:INFO:  sent,58,hal,change directory
2026-03-26 18:55:20,444:hal4000:INFO:message:
2026-03-26 18:55:20,444:hal4000:INFO:  handled by,58,hal,change directory
2026-03-26 18:55:20,444:hal4000:INFO:message:
2026-03-26 18:55:20,444:hal4000:INFO:  handled by,58,aotf,change directory
2026-03-26 18:55:20,445:hal4000:INFO:message:
2026-03-26 18:55:20,445:hal4000:INFO:  handled by,58,camera1,change directory
2026-03-26 18:55:20,445:hal4000:INFO:message:
2026-03-26 18:55:20,445:hal4000:INFO:  handled by,58,clemex_stage,change directory
2026-03-26 18:55:20,446:hal4000:INFO:message:
2026-03-26 18:55:20,446:hal4000:INFO:  handled by,58,coherentGenesis488,change directory
2026-03-26 18:55:20,446:hal4000:INFO:message:
2026-03-26 18:55:20,447:hal4000:INFO:  handled by,58,coherentGenesis560,change directory
2026-03-26 18:55:20,447:hal4000:INFO:message:
2026-03-26 18:55:20,447:hal4000:INFO:  handled by,58,display,change directory
2026-03-26 18:55:20,447:hal4000:INFO:message:
2026-03-26 18:55:20,447:hal4000:INFO:  handled by,58,feeds,change directory
2026-03-26 18:55:20,448:hal4000:INFO:message:
2026-03-26 18:55:20,448:hal4000:INFO:  handled by,58,film,change directory
2026-03-26 18:55:20,449:hal4000:INFO:message:
2026-03-26 18:55:20,449:hal4000:INFO:  handled by,58,focuslock,change directory
2026-03-26 18:55:20,449:hal4000:INFO:message:
2026-03-26 18:55:20,449:hal4000:INFO:  handled by,58,illumination,change directory
2026-03-26 18:55:20,449:hal4000:INFO:message:
2026-03-26 18:55:20,450:hal4000:INFO:  handled by,58,mosaic,change directory
2026-03-26 18:55:20,450:hal4000:INFO:message:
2026-03-26 18:55:20,450:hal4000:INFO:  handled by,58,mpb642,change directory
2026-03-26 18:55:20,450:hal4000:INFO:message:
2026-03-26 18:55:20,450:hal4000:INFO:  handled by,58,none_irlaser,change directory
2026-03-26 18:55:20,451:hal4000:INFO:message:
2026-03-26 18:55:20,451:hal4000:INFO:  handled by,58,obis405,change directory
2026-03-26 18:55:20,451:hal4000:INFO:message:
2026-03-26 18:55:20,451:hal4000:INFO:  handled by,58,pi_controller,change directory
2026-03-26 18:55:20,452:hal4000:INFO:message:
2026-03-26 18:55:20,452:hal4000:INFO:  handled by,58,progressions,change directory
2026-03-26 18:55:20,453:hal4000:INFO:message:
2026-03-26 18:55:20,453:hal4000:INFO:  handled by,58,scmos_cal,change directory
2026-03-26 18:55:20,453:hal4000:INFO:message:
2026-03-26 18:55:20,453:hal4000:INFO:  handled by,58,settings,change directory
2026-03-26 18:55:20,453:hal4000:INFO:message:
2026-03-26 18:55:20,454:hal4000:INFO:  handled by,58,spotcounter,change directory
2026-03-26 18:55:20,454:hal4000:INFO:message:
2026-03-26 18:55:20,454:hal4000:INFO:  handled by,58,stage,change directory
2026-03-26 18:55:20,454:hal4000:INFO:message:
2026-03-26 18:55:20,454:hal4000:INFO:  handled by,58,tcp_control,change directory
2026-03-26 18:55:20,455:hal4000:INFO:message:
2026-03-26 18:55:20,455:hal4000:INFO:  handled by,58,timing,change directory
2026-03-26 18:55:20,455:hal4000:INFO:message:
2026-03-26 18:55:20,455:hal4000:INFO:  handled by,58,uc480_camera,change directory
2026-03-26 18:55:20,456:hal4000:INFO:message:
2026-03-26 18:55:20,456:hal4000:INFO:  handled by,58,z_stage,change directory
2026-03-26 18:55:20,456:hal4000:INFO:message:
2026-03-26 18:55:20,456:hal4000:INFO:  processed,58,hal,change directory
2026-03-26 18:55:20,456:hal4000:INFO:message:
2026-03-26 18:55:20,457:hal4000:INFO:  sent,59,display,get functionality
2026-03-26 18:55:20,467:hal4000:INFO:message:
2026-03-26 18:55:20,467:hal4000:INFO:  handled by,59,hal,get functionality
2026-03-26 18:55:20,468:hal4000:INFO:message:
2026-03-26 18:55:20,468:hal4000:INFO:  handled by,59,aotf,get functionality
2026-03-26 18:55:20,468:hal4000:INFO:message:
2026-03-26 18:55:20,468:hal4000:INFO:  handled by,59,camera1,get functionality
2026-03-26 18:55:20,469:hal4000:INFO:message:
2026-03-26 18:55:20,469:hal4000:INFO:  handled by,59,clemex_stage,get functionality
2026-03-26 18:55:20,469:hal4000:INFO:message:
2026-03-26 18:55:20,470:hal4000:INFO:  handled by,59,coherentGenesis488,get functionality
2026-03-26 18:55:20,470:hal4000:INFO:message:
2026-03-26 18:55:20,470:hal4000:INFO:  handled by,59,coherentGenesis560,get functionality
2026-03-26 18:55:20,471:hal4000:INFO:message:
2026-03-26 18:55:20,471:hal4000:INFO:  handled by,59,display,get functionality
2026-03-26 18:55:20,471:hal4000:INFO:message:
2026-03-26 18:55:20,471:hal4000:INFO:  handled by,59,feeds,get functionality
2026-03-26 18:55:20,472:hal4000:INFO:message:
2026-03-26 18:55:20,472:hal4000:INFO:  handled by,59,film,get functionality
2026-03-26 18:55:20,473:hal4000:INFO:message:
2026-03-26 18:55:20,473:hal4000:INFO:  handled by,59,focuslock,get functionality
2026-03-26 18:55:20,473:hal4000:INFO:message:
2026-03-26 18:55:20,473:hal4000:INFO:  handled by,59,illumination,get functionality
2026-03-26 18:55:20,474:hal4000:INFO:message:
2026-03-26 18:55:20,474:hal4000:INFO:  handled by,59,mosaic,get functionality
2026-03-26 18:55:20,474:hal4000:INFO:message:
2026-03-26 18:55:20,474:hal4000:INFO:  handled by,59,mpb642,get functionality
2026-03-26 18:55:20,475:hal4000:INFO:message:
2026-03-26 18:55:20,475:hal4000:INFO:  handled by,59,none_irlaser,get functionality
2026-03-26 18:55:20,476:hal4000:INFO:message:
2026-03-26 18:55:20,476:hal4000:INFO:  handled by,59,obis405,get functionality
2026-03-26 18:55:20,476:hal4000:INFO:message:
2026-03-26 18:55:20,477:hal4000:INFO:  handled by,59,pi_controller,get functionality
2026-03-26 18:55:20,477:hal4000:INFO:message:
2026-03-26 18:55:20,477:hal4000:INFO:  handled by,59,progressions,get functionality
2026-03-26 18:55:20,478:hal4000:INFO:message:
2026-03-26 18:55:20,478:hal4000:INFO:  handled by,59,scmos_cal,get functionality
2026-03-26 18:55:20,478:hal4000:INFO:message:
2026-03-26 18:55:20,479:hal4000:INFO:  handled by,59,settings,get functionality
2026-03-26 18:55:20,479:hal4000:INFO:message:
2026-03-26 18:55:20,479:hal4000:INFO:  handled by,59,spotcounter,get functionality
2026-03-26 18:55:20,480:hal4000:INFO:message:
2026-03-26 18:55:20,480:hal4000:INFO:  handled by,59,stage,get functionality
2026-03-26 18:55:20,480:hal4000:INFO:message:
2026-03-26 18:55:20,480:hal4000:INFO:  handled by,59,tcp_control,get functionality
2026-03-26 18:55:20,481:hal4000:INFO:message:
2026-03-26 18:55:20,481:hal4000:INFO:  handled by,59,timing,get functionality
2026-03-26 18:55:20,481:hal4000:INFO:message:
2026-03-26 18:55:20,481:hal4000:INFO:  handled by,59,uc480_camera,get functionality
2026-03-26 18:55:20,482:hal4000:INFO:message:
2026-03-26 18:55:20,482:hal4000:INFO:  handled by,59,z_stage,get functionality
2026-03-26 18:55:20,482:hal4000:INFO:message:
2026-03-26 18:55:20,483:hal4000:INFO:  processed,59,display,get functionality
2026-03-26 18:55:20,487:hal4000:INFO:message:
2026-03-26 18:55:20,487:hal4000:INFO:  sent,60,film,start camera
2026-03-26 18:55:20,491:hal4000:INFO:message:
2026-03-26 18:55:20,491:hal4000:INFO:  handled by,60,hal,start camera
2026-03-26 18:55:20,491:hal4000:INFO:message:
2026-03-26 18:55:20,491:hal4000:INFO:  handled by,60,aotf,start camera
2026-03-26 18:55:20,492:hal4000:INFO:message:
2026-03-26 18:55:20,492:hal4000:INFO:  handled by,60,camera1,start camera
2026-03-26 18:55:20,492:hal4000:INFO:message:
2026-03-26 18:55:20,492:hal4000:INFO:  handled by,60,clemex_stage,start camera
2026-03-26 18:55:20,492:hal4000:INFO:message:
2026-03-26 18:55:20,492:hal4000:INFO:  handled by,60,coherentGenesis488,start camera
2026-03-26 18:55:20,493:hal4000:INFO:message:
2026-03-26 18:55:20,493:hal4000:INFO:  handled by,60,coherentGenesis560,start camera
2026-03-26 18:55:20,493:hal4000:INFO:message:
2026-03-26 18:55:20,493:hal4000:INFO:  handled by,60,display,start camera
2026-03-26 18:55:20,494:hal4000:INFO:message:
2026-03-26 18:55:20,494:hal4000:INFO:  handled by,60,feeds,start camera
2026-03-26 18:55:20,494:hal4000:INFO:message:
2026-03-26 18:55:20,494:hal4000:INFO:  handled by,60,film,start camera
2026-03-26 18:55:20,494:hal4000:INFO:message:
2026-03-26 18:55:20,495:hal4000:INFO:  handled by,60,focuslock,start camera
2026-03-26 18:55:20,495:hal4000:INFO:message:
2026-03-26 18:55:20,495:hal4000:INFO:  handled by,60,illumination,start camera
2026-03-26 18:55:20,495:hal4000:INFO:message:
2026-03-26 18:55:20,495:hal4000:INFO:  handled by,60,mosaic,start camera
2026-03-26 18:55:20,496:hal4000:INFO:message:
2026-03-26 18:55:20,496:hal4000:INFO:  handled by,60,mpb642,start camera
2026-03-26 18:55:20,496:hal4000:INFO:message:
2026-03-26 18:55:20,496:hal4000:INFO:  handled by,60,none_irlaser,start camera
2026-03-26 18:55:20,497:hal4000:INFO:message:
2026-03-26 18:55:20,497:hal4000:INFO:  handled by,60,obis405,start camera
2026-03-26 18:55:20,498:hal4000:INFO:message:
2026-03-26 18:55:20,498:hal4000:INFO:  handled by,60,pi_controller,start camera
2026-03-26 18:55:20,498:hal4000:INFO:message:
2026-03-26 18:55:20,498:hal4000:INFO:  handled by,60,progressions,start camera
2026-03-26 18:55:20,499:hal4000:INFO:message:
2026-03-26 18:55:20,499:hal4000:INFO:  handled by,60,scmos_cal,start camera
2026-03-26 18:55:20,499:hal4000:INFO:message:
2026-03-26 18:55:20,499:hal4000:INFO:  handled by,60,settings,start camera
2026-03-26 18:55:20,500:hal4000:INFO:message:
2026-03-26 18:55:20,500:hal4000:INFO:  handled by,60,spotcounter,start camera
2026-03-26 18:55:20,500:hal4000:INFO:message:
2026-03-26 18:55:20,501:hal4000:INFO:  handled by,60,stage,start camera
2026-03-26 18:55:20,501:hal4000:INFO:message:
2026-03-26 18:55:20,501:hal4000:INFO:  handled by,60,tcp_control,start camera
2026-03-26 18:55:20,501:hal4000:INFO:message:
2026-03-26 18:55:20,502:hal4000:INFO:  handled by,60,timing,start camera
2026-03-26 18:55:20,502:hal4000:INFO:message:
2026-03-26 18:55:20,502:hal4000:INFO:  handled by,60,uc480_camera,start camera
2026-03-26 18:55:20,502:hal4000:INFO:message:
2026-03-26 18:55:20,503:hal4000:INFO:  handled by,60,z_stage,start camera
2026-03-26 18:55:20,503:hal4000:INFO:message:
2026-03-26 18:55:20,503:hal4000:INFO:  processed,60,film,start camera
2026-03-26 18:55:20,504:hal4000:INFO:message:
2026-03-26 18:55:20,504:hal4000:INFO:  sent,62,film,start camera
2026-03-26 18:55:20,506:hal4000:INFO:message:
2026-03-26 18:55:20,506:hal4000:INFO:  handled by,62,hal,start camera
2026-03-26 18:55:20,506:hal4000:INFO:message:
2026-03-26 18:55:20,506:hal4000:INFO:  handled by,62,aotf,start camera
2026-03-26 18:55:20,507:hal4000:INFO:message:
2026-03-26 18:55:20,507:hal4000:INFO:  handled by,62,camera1,start camera
2026-03-26 18:55:20,507:hal4000:INFO:message:
2026-03-26 18:55:20,507:hal4000:INFO:  handled by,62,clemex_stage,start camera
2026-03-26 18:55:20,508:hal4000:INFO:message:
2026-03-26 18:55:20,508:hal4000:INFO:  handled by,62,coherentGenesis488,start camera
2026-03-26 18:55:20,508:hal4000:INFO:message:
2026-03-26 18:55:20,508:hal4000:INFO:  handled by,62,coherentGenesis560,start camera
2026-03-26 18:55:20,508:hal4000:INFO:message:
2026-03-26 18:55:20,512:hal4000:INFO:  handled by,62,display,start camera
2026-03-26 18:55:20,512:hal4000:INFO:message:
2026-03-26 18:55:20,512:hal4000:INFO:  handled by,62,feeds,start camera
2026-03-26 18:55:20,513:hal4000:INFO:message:
2026-03-26 18:55:20,513:hal4000:INFO:  handled by,62,film,start camera
2026-03-26 18:55:20,513:hal4000:INFO:message:
2026-03-26 18:55:20,513:hal4000:INFO:  handled by,62,focuslock,start camera
2026-03-26 18:55:20,513:hal4000:INFO:message:
2026-03-26 18:55:20,514:hal4000:INFO:  handled by,62,illumination,start camera
2026-03-26 18:55:20,514:hal4000:INFO:message:
2026-03-26 18:55:20,514:hal4000:INFO:  handled by,62,mosaic,start camera
2026-03-26 18:55:20,514:hal4000:INFO:message:
2026-03-26 18:55:20,514:hal4000:INFO:  handled by,62,mpb642,start camera
2026-03-26 18:55:20,515:hal4000:INFO:message:
2026-03-26 18:55:20,515:hal4000:INFO:  handled by,62,none_irlaser,start camera
2026-03-26 18:55:20,515:hal4000:INFO:message:
2026-03-26 18:55:20,515:hal4000:INFO:  handled by,62,obis405,start camera
2026-03-26 18:55:20,515:hal4000:INFO:message:
2026-03-26 18:55:20,515:hal4000:INFO:  handled by,62,pi_controller,start camera
2026-03-26 18:55:20,516:hal4000:INFO:message:
2026-03-26 18:55:20,516:hal4000:INFO:  handled by,62,progressions,start camera
2026-03-26 18:55:20,517:hal4000:INFO:message:
2026-03-26 18:55:20,517:hal4000:INFO:  handled by,62,scmos_cal,start camera
2026-03-26 18:55:20,517:hal4000:INFO:message:
2026-03-26 18:55:20,517:hal4000:INFO:  handled by,62,settings,start camera
2026-03-26 18:55:20,518:hal4000:INFO:message:
2026-03-26 18:55:20,518:hal4000:INFO:  handled by,62,spotcounter,start camera
2026-03-26 18:55:20,518:hal4000:INFO:message:
2026-03-26 18:55:20,518:hal4000:INFO:  handled by,62,stage,start camera
2026-03-26 18:55:20,519:hal4000:INFO:message:
2026-03-26 18:55:20,519:hal4000:INFO:  handled by,62,tcp_control,start camera
2026-03-26 18:55:20,519:hal4000:INFO:message:
2026-03-26 18:55:20,519:hal4000:INFO:  handled by,62,timing,start camera
2026-03-26 18:55:20,519:hal4000:INFO:message:
2026-03-26 18:55:20,519:hal4000:INFO:  handled by,62,uc480_camera,start camera
2026-03-26 18:55:20,520:hal4000:INFO:message:
2026-03-26 18:55:20,520:hal4000:INFO:  handled by,62,z_stage,start camera
2026-03-26 18:55:20,520:hal4000:INFO:message:
2026-03-26 18:55:20,520:hal4000:INFO:  sent,63,illumination,new shutters file
2026-03-26 18:55:20,521:hal4000:INFO:message:
2026-03-26 18:55:20,521:hal4000:INFO:  worker started 60000,62,film,start camera
2026-03-26 18:55:20,529:hal4000:INFO:message:
2026-03-26 18:55:20,529:hal4000:INFO:  handled by,63,hal,new shutters file
2026-03-26 18:55:20,529:hal4000:INFO:message:
2026-03-26 18:55:20,529:hal4000:INFO:  handled by,63,aotf,new shutters file
2026-03-26 18:55:20,530:hal4000:INFO:message:
2026-03-26 18:55:20,530:hal4000:INFO:  handled by,63,clemex_stage,new shutters file
2026-03-26 18:55:20,530:hal4000:INFO:message:
2026-03-26 18:55:20,530:hal4000:INFO:  handled by,63,coherentGenesis488,new shutters file
2026-03-26 18:55:20,530:hal4000:INFO:message:
2026-03-26 18:55:20,530:hal4000:INFO:  handled by,63,coherentGenesis560,new shutters file
2026-03-26 18:55:20,531:hal4000:INFO:message:
2026-03-26 18:55:20,531:hal4000:INFO:  handled by,63,display,new shutters file
2026-03-26 18:55:20,531:hal4000:INFO:message:
2026-03-26 18:55:20,531:hal4000:INFO:  handled by,63,feeds,new shutters file
2026-03-26 18:55:20,531:hal4000:INFO:message:
2026-03-26 18:55:20,532:hal4000:INFO:  handled by,63,film,new shutters file
2026-03-26 18:55:20,532:hal4000:INFO:message:
2026-03-26 18:55:20,532:hal4000:INFO:  handled by,63,focuslock,new shutters file
2026-03-26 18:55:20,533:hal4000:INFO:message:
2026-03-26 18:55:20,533:hal4000:INFO:  queued,65,illumination,configuration
2026-03-26 18:55:20,533:hal4000:INFO:message:
2026-03-26 18:55:20,534:hal4000:INFO:  handled by,63,illumination,new shutters file
2026-03-26 18:55:20,534:hal4000:INFO:message:
2026-03-26 18:55:20,534:hal4000:INFO:  handled by,63,mosaic,new shutters file
2026-03-26 18:55:20,534:hal4000:INFO:message:
2026-03-26 18:55:20,534:hal4000:INFO:  handled by,63,mpb642,new shutters file
2026-03-26 18:55:20,535:hal4000:INFO:message:
2026-03-26 18:55:20,535:hal4000:INFO:  handled by,63,none_irlaser,new shutters file
2026-03-26 18:55:20,535:hal4000:INFO:message:
2026-03-26 18:55:20,535:hal4000:INFO:  handled by,63,obis405,new shutters file
2026-03-26 18:55:20,536:hal4000:INFO:message:
2026-03-26 18:55:20,536:hal4000:INFO:  handled by,63,pi_controller,new shutters file
2026-03-26 18:55:20,536:hal4000:INFO:message:
2026-03-26 18:55:20,536:hal4000:INFO:  handled by,63,progressions,new shutters file
2026-03-26 18:55:20,537:hal4000:INFO:message:
2026-03-26 18:55:20,537:hal4000:INFO:  handled by,63,scmos_cal,new shutters file
2026-03-26 18:55:20,537:hal4000:INFO:message:
2026-03-26 18:55:20,537:hal4000:INFO:  handled by,63,settings,new shutters file
2026-03-26 18:55:20,537:hal4000:INFO:message:
2026-03-26 18:55:20,538:hal4000:INFO:  handled by,63,spotcounter,new shutters file
2026-03-26 18:55:20,538:hal4000:INFO:message:
2026-03-26 18:55:20,538:hal4000:INFO:  handled by,63,stage,new shutters file
2026-03-26 18:55:20,538:hal4000:INFO:message:
2026-03-26 18:55:20,539:hal4000:INFO:  handled by,63,tcp_control,new shutters file
2026-03-26 18:55:20,539:hal4000:INFO:message:
2026-03-26 18:55:20,539:hal4000:INFO:  handled by,63,timing,new shutters file
2026-03-26 18:55:20,539:hal4000:INFO:message:
2026-03-26 18:55:20,540:hal4000:INFO:  handled by,63,uc480_camera,new shutters file
2026-03-26 18:55:20,540:hal4000:INFO:message:
2026-03-26 18:55:20,540:hal4000:INFO:  handled by,63,z_stage,new shutters file
2026-03-26 18:55:20,540:hal4000:INFO:message:
2026-03-26 18:55:20,541:hal4000:INFO:  sent,64,spotcounter,get functionality
2026-03-26 18:55:20,542:hal4000:INFO:message:
2026-03-26 18:55:20,542:hal4000:INFO:  handled by,64,hal,get functionality
2026-03-26 18:55:20,542:hal4000:INFO:message:
2026-03-26 18:55:20,543:hal4000:INFO:  handled by,64,aotf,get functionality
2026-03-26 18:55:20,543:hal4000:INFO:message:
2026-03-26 18:55:20,543:hal4000:INFO:  handled by,64,clemex_stage,get functionality
2026-03-26 18:55:20,543:hal4000:INFO:message:
2026-03-26 18:55:20,543:hal4000:INFO:  handled by,64,coherentGenesis488,get functionality
2026-03-26 18:55:20,544:hal4000:INFO:message:
2026-03-26 18:55:20,544:hal4000:INFO:  handled by,64,coherentGenesis560,get functionality
2026-03-26 18:55:20,544:hal4000:INFO:message:
2026-03-26 18:55:20,544:hal4000:INFO:  handled by,64,display,get functionality
2026-03-26 18:55:20,545:hal4000:INFO:message:
2026-03-26 18:55:20,545:hal4000:INFO:  handled by,64,feeds,get functionality
2026-03-26 18:55:20,545:hal4000:INFO:message:
2026-03-26 18:55:20,545:hal4000:INFO:  handled by,64,film,get functionality
2026-03-26 18:55:20,545:hal4000:INFO:message:
2026-03-26 18:55:20,546:hal4000:INFO:  handled by,64,focuslock,get functionality
2026-03-26 18:55:20,546:hal4000:INFO:message:
2026-03-26 18:55:20,546:hal4000:INFO:  handled by,64,illumination,get functionality
2026-03-26 18:55:20,546:hal4000:INFO:message:
2026-03-26 18:55:20,546:hal4000:INFO:  handled by,64,mosaic,get functionality
2026-03-26 18:55:20,547:hal4000:INFO:message:
2026-03-26 18:55:20,547:hal4000:INFO:  handled by,64,mpb642,get functionality
2026-03-26 18:55:20,547:hal4000:INFO:message:
2026-03-26 18:55:20,547:hal4000:INFO:  handled by,64,none_irlaser,get functionality
2026-03-26 18:55:20,547:hal4000:INFO:message:
2026-03-26 18:55:20,548:hal4000:INFO:  handled by,64,obis405,get functionality
2026-03-26 18:55:20,548:hal4000:INFO:message:
2026-03-26 18:55:20,549:hal4000:INFO:  handled by,64,pi_controller,get functionality
2026-03-26 18:55:20,549:hal4000:INFO:message:
2026-03-26 18:55:20,549:hal4000:INFO:  handled by,64,progressions,get functionality
2026-03-26 18:55:20,549:hal4000:INFO:message:
2026-03-26 18:55:20,549:hal4000:INFO:  handled by,64,scmos_cal,get functionality
2026-03-26 18:55:20,550:hal4000:INFO:message:
2026-03-26 18:55:20,550:hal4000:INFO:  handled by,64,settings,get functionality
2026-03-26 18:55:20,550:hal4000:INFO:message:
2026-03-26 18:55:20,550:hal4000:INFO:  handled by,64,spotcounter,get functionality
2026-03-26 18:55:20,551:hal4000:INFO:message:
2026-03-26 18:55:20,551:hal4000:INFO:  handled by,64,stage,get functionality
2026-03-26 18:55:20,551:hal4000:INFO:message:
2026-03-26 18:55:20,551:hal4000:INFO:  handled by,64,tcp_control,get functionality
2026-03-26 18:55:20,552:hal4000:INFO:message:
2026-03-26 18:55:20,552:hal4000:INFO:  handled by,64,timing,get functionality
2026-03-26 18:55:20,552:hal4000:INFO:message:
2026-03-26 18:55:20,552:hal4000:INFO:  handled by,64,uc480_camera,get functionality
2026-03-26 18:55:20,552:hal4000:INFO:message:
2026-03-26 18:55:20,553:hal4000:INFO:  handled by,64,z_stage,get functionality
2026-03-26 18:55:20,553:hal4000:INFO:message:
2026-03-26 18:55:20,553:hal4000:INFO:  sent,65,illumination,configuration
2026-03-26 18:55:20,557:hal4000:INFO:message:
2026-03-26 18:55:20,557:hal4000:INFO:  handled by,65,hal,configuration
2026-03-26 18:55:20,557:hal4000:INFO:message:
2026-03-26 18:55:20,557:hal4000:INFO:  handled by,65,aotf,configuration
2026-03-26 18:55:20,558:hal4000:INFO:message:
2026-03-26 18:55:20,558:hal4000:INFO:  handled by,65,clemex_stage,configuration
2026-03-26 18:55:20,558:hal4000:INFO:message:
2026-03-26 18:55:20,558:hal4000:INFO:  handled by,65,coherentGenesis488,configuration
2026-03-26 18:55:20,559:hal4000:INFO:message:
2026-03-26 18:55:20,559:hal4000:INFO:  handled by,65,coherentGenesis560,configuration
2026-03-26 18:55:20,559:hal4000:INFO:message:
2026-03-26 18:55:20,559:hal4000:INFO:  handled by,65,display,configuration
2026-03-26 18:55:20,560:hal4000:INFO:message:
2026-03-26 18:55:20,560:hal4000:INFO:  handled by,65,feeds,configuration
2026-03-26 18:55:20,560:hal4000:INFO:message:
2026-03-26 18:55:20,560:hal4000:INFO:  handled by,65,film,configuration
2026-03-26 18:55:20,560:hal4000:INFO:message:
2026-03-26 18:55:20,560:hal4000:INFO:  handled by,65,focuslock,configuration
2026-03-26 18:55:20,561:hal4000:INFO:message:
2026-03-26 18:55:20,561:hal4000:INFO:  handled by,65,illumination,configuration
2026-03-26 18:55:20,562:hal4000:INFO:message:
2026-03-26 18:55:20,562:hal4000:INFO:  handled by,65,mosaic,configuration
2026-03-26 18:55:20,562:hal4000:INFO:message:
2026-03-26 18:55:20,562:hal4000:INFO:  handled by,65,mpb642,configuration
2026-03-26 18:55:20,563:hal4000:INFO:message:
2026-03-26 18:55:20,563:hal4000:INFO:  handled by,65,none_irlaser,configuration
2026-03-26 18:55:20,563:hal4000:INFO:message:
2026-03-26 18:55:20,563:hal4000:INFO:  handled by,65,obis405,configuration
2026-03-26 18:55:20,563:hal4000:INFO:message:
2026-03-26 18:55:20,564:hal4000:INFO:  handled by,65,pi_controller,configuration
2026-03-26 18:55:20,564:hal4000:INFO:message:
2026-03-26 18:55:20,564:hal4000:INFO:  handled by,65,progressions,configuration
2026-03-26 18:55:20,564:hal4000:INFO:message:
2026-03-26 18:55:20,564:hal4000:INFO:  handled by,65,scmos_cal,configuration
2026-03-26 18:55:20,565:hal4000:INFO:message:
2026-03-26 18:55:20,565:hal4000:INFO:  handled by,65,settings,configuration
2026-03-26 18:55:20,565:hal4000:INFO:message:
2026-03-26 18:55:20,565:hal4000:INFO:  handled by,65,spotcounter,configuration
2026-03-26 18:55:20,566:hal4000:INFO:message:
2026-03-26 18:55:20,566:hal4000:INFO:  handled by,65,stage,configuration
2026-03-26 18:55:20,566:hal4000:INFO:message:
2026-03-26 18:55:20,566:hal4000:INFO:  handled by,65,tcp_control,configuration
2026-03-26 18:55:20,567:hal4000:INFO:message:
2026-03-26 18:55:20,567:hal4000:INFO:  handled by,65,timing,configuration
2026-03-26 18:55:20,567:hal4000:INFO:message:
2026-03-26 18:55:20,568:hal4000:INFO:  handled by,65,uc480_camera,configuration
2026-03-26 18:55:20,568:hal4000:INFO:message:
2026-03-26 18:55:20,569:hal4000:INFO:  handled by,65,z_stage,configuration
2026-03-26 18:55:20,859:hal4000:INFO:message:
2026-03-26 18:55:20,859:hal4000:INFO:  handled by,62,camera1,start camera
2026-03-26 18:55:20,859:hal4000:INFO:message:
2026-03-26 18:55:20,860:hal4000:INFO:  processed,62,film,start camera
2026-03-26 18:55:20,860:hal4000:INFO:message:
2026-03-26 18:55:20,860:hal4000:INFO:  worker done,62,film,start camera
2026-03-26 18:55:20,861:hal4000:INFO:message:
2026-03-26 18:55:20,861:hal4000:INFO:  handled by,63,camera1,new shutters file
2026-03-26 18:55:20,861:hal4000:INFO:message:
2026-03-26 18:55:20,862:hal4000:INFO:  processed,63,illumination,new shutters file
2026-03-26 18:55:20,862:hal4000:INFO:message:
2026-03-26 18:55:20,863:hal4000:INFO:  handled by,64,camera1,get functionality
2026-03-26 18:55:20,863:hal4000:INFO:message:
2026-03-26 18:55:20,863:hal4000:INFO:  processed,64,spotcounter,get functionality
2026-03-26 18:55:20,865:hal4000:INFO:message:
2026-03-26 18:55:20,865:hal4000:INFO:  handled by,65,camera1,configuration
2026-03-26 18:55:20,866:hal4000:INFO:message:
2026-03-26 18:55:20,866:hal4000:INFO:  processed,65,illumination,configuration
2026-03-26 18:55:48,151:hal4000:INFO:message:
2026-03-26 18:55:48,151:hal4000:INFO:  queued,66,hal,new parameters file
2026-03-26 18:55:48,193:hal4000:INFO:message:
2026-03-26 18:55:48,193:hal4000:INFO:  sent,66,hal,new parameters file
2026-03-26 18:55:48,213:hal4000:INFO:message:
2026-03-26 18:55:48,213:hal4000:INFO:  handled by,66,hal,new parameters file
2026-03-26 18:55:48,213:hal4000:INFO:message:
2026-03-26 18:55:48,213:hal4000:INFO:  handled by,66,aotf,new parameters file
2026-03-26 18:55:48,213:hal4000:INFO:message:
2026-03-26 18:55:48,214:hal4000:INFO:  handled by,66,camera1,new parameters file
2026-03-26 18:55:48,214:hal4000:INFO:message:
2026-03-26 18:55:48,214:hal4000:INFO:  handled by,66,clemex_stage,new parameters file
2026-03-26 18:55:48,214:hal4000:INFO:message:
2026-03-26 18:55:48,214:hal4000:INFO:  handled by,66,coherentGenesis488,new parameters file
2026-03-26 18:55:48,214:hal4000:INFO:message:
2026-03-26 18:55:48,214:hal4000:INFO:  handled by,66,coherentGenesis560,new parameters file
2026-03-26 18:55:48,215:hal4000:INFO:message:
2026-03-26 18:55:48,215:hal4000:INFO:  handled by,66,display,new parameters file
2026-03-26 18:55:48,215:hal4000:INFO:message:
2026-03-26 18:55:48,215:hal4000:INFO:  handled by,66,feeds,new parameters file
2026-03-26 18:55:48,215:hal4000:INFO:message:
2026-03-26 18:55:48,215:hal4000:INFO:  handled by,66,film,new parameters file
2026-03-26 18:55:48,216:hal4000:INFO:message:
2026-03-26 18:55:48,216:hal4000:INFO:  handled by,66,focuslock,new parameters file
2026-03-26 18:55:48,216:hal4000:INFO:message:
2026-03-26 18:55:48,216:hal4000:INFO:  handled by,66,illumination,new parameters file
2026-03-26 18:55:48,216:hal4000:INFO:message:
2026-03-26 18:55:48,216:hal4000:INFO:  handled by,66,mosaic,new parameters file
2026-03-26 18:55:48,217:hal4000:INFO:message:
2026-03-26 18:55:48,217:hal4000:INFO:  handled by,66,mpb642,new parameters file
2026-03-26 18:55:48,217:hal4000:INFO:message:
2026-03-26 18:55:48,217:hal4000:INFO:  handled by,66,none_irlaser,new parameters file
2026-03-26 18:55:48,217:hal4000:INFO:message:
2026-03-26 18:55:48,217:hal4000:INFO:  handled by,66,obis405,new parameters file
2026-03-26 18:55:48,217:hal4000:INFO:message:
2026-03-26 18:55:48,218:hal4000:INFO:  handled by,66,pi_controller,new parameters file
2026-03-26 18:55:48,218:hal4000:INFO:message:
2026-03-26 18:55:48,218:hal4000:INFO:  handled by,66,progressions,new parameters file
2026-03-26 18:55:48,218:hal4000:INFO:message:
2026-03-26 18:55:48,218:hal4000:INFO:  handled by,66,scmos_cal,new parameters file
2026-03-26 18:55:48,224:hal4000:INFO:message:
2026-03-26 18:55:48,224:hal4000:INFO:  handled by,66,settings,new parameters file
2026-03-26 18:55:48,224:hal4000:INFO:message:
2026-03-26 18:55:48,224:hal4000:INFO:  handled by,66,spotcounter,new parameters file
2026-03-26 18:55:48,225:hal4000:INFO:message:
2026-03-26 18:55:48,225:hal4000:INFO:  handled by,66,stage,new parameters file
2026-03-26 18:55:48,225:hal4000:INFO:message:
2026-03-26 18:55:48,225:hal4000:INFO:  handled by,66,tcp_control,new parameters file
2026-03-26 18:55:48,225:hal4000:INFO:message:
2026-03-26 18:55:48,225:hal4000:INFO:  handled by,66,timing,new parameters file
2026-03-26 18:55:48,226:hal4000:INFO:message:
2026-03-26 18:55:48,226:hal4000:INFO:  handled by,66,uc480_camera,new parameters file
2026-03-26 18:55:48,226:hal4000:INFO:message:
2026-03-26 18:55:48,226:hal4000:INFO:  handled by,66,z_stage,new parameters file
2026-03-26 18:55:48,226:hal4000:INFO:message:
2026-03-26 18:55:48,226:hal4000:INFO:  processed,66,hal,new parameters file
2026-03-26 18:55:48,229:hal4000:INFO:message:
2026-03-26 18:55:48,229:hal4000:INFO:  
Got an exception from 'settings' of type 'List is not the right length.'!

Traceback when the exception occurred:
Traceback (most recent call last):
  File "C:\Users\Light-saver\Documents\storm_control\Hal2\storm_control\hal4000\halLib\halModule.py", line 323, in nextMessage
    self.processMessage(message)
  File "C:\Users\Light-saver\Documents\storm_control\Hal2\storm_control\hal4000\settings\settings.py", line 316, in processMessage
    self.view.newParametersFile(data["filename"], is_default)
  File "C:\Users\Light-saver\Documents\storm_control\Hal2\storm_control\hal4000\settings\parametersBox.py", line 147, in newParametersFile
    [p, unrecognized] = params.copyParameters(self.default_parameters, new_p)
  File "C:\Users\Light-saver\Documents\storm_control\Hal2\storm_control\sc_library\parameters.py", line 46, in copyParameters
    copyParametersReplace("", params, new_parameters)
  File "C:\Users\Light-saver\Documents\storm_control\Hal2\storm_control\sc_library\parameters.py", line 121, in copyParametersReplace
    copyParametersReplace(attr, prop, new)
  File "C:\Users\Light-saver\Documents\storm_control\Hal2\storm_control\sc_library\parameters.py", line 129, in copyParametersReplace
    original.set(attr, new.get(attr_fullname))
  File "C:\Users\Light-saver\Documents\storm_control\Hal2\storm_control\sc_library\parameters.py", line 826, in set
    temp.setv(pvalue)
  File "C:\Users\Light-saver\Documents\storm_control\Hal2\storm_control\sc_library\parameters.py", line 281, in setv
    self.value = self.toType(new_value)
  File "C:\Users\Light-saver\Documents\storm_control\Hal2\storm_control\hal4000\illumination\illuminationParameters.py", line 53, in toType
    raise IlluminationParameterException("List is not the right length.")
storm_control.hal4000.illumination.illuminationParameters.IlluminationParameterException: List is not the right length.


2026-03-26 18:55:48,599:hal4000:INFO:message:
2026-03-26 18:55:48,599:hal4000:INFO:  uc480: Call failed with error 1 is_CopyImageMem
