2026-03-26 13:23:27,032:hal4000:INFO:message:
2026-03-26 13:23:27,033:hal4000:INFO:  handled by,57,scmos_cal,get functionality
2026-03-26 13:23:27,033:hal4000:INFO:message:
2026-03-26 13:23:27,034:hal4000:INFO:  handled by,57,settings,get functionality
2026-03-26 13:23:27,034:hal4000:INFO:message:
2026-03-26 13:23:27,034:hal4000:INFO:  handled by,57,spotcounter,get functionality
2026-03-26 13:23:27,034:hal4000:INFO:message:
2026-03-26 13:23:27,034:hal4000:INFO:  handled by,57,stage,get functionality
2026-03-26 13:23:27,034:hal4000:INFO:message:
2026-03-26 13:23:27,034:hal4000:INFO:  handled by,57,tcp_control,get functionality
2026-03-26 13:23:27,035:hal4000:INFO:message:
2026-03-26 13:23:27,035:hal4000:INFO:  handled by,57,timing,get functionality
2026-03-26 13:23:27,035:hal4000:INFO:message:
2026-03-26 13:23:27,035:hal4000:INFO:  handled by,57,uc480_camera,get functionality
2026-03-26 13:23:27,035:hal4000:INFO:message:
2026-03-26 13:23:27,036:hal4000:INFO:  handled by,57,z_stage,get functionality
2026-03-26 13:23:27,036:hal4000:INFO:message:
2026-03-26 13:23:27,036:hal4000:INFO:  processed,57,scmos_cal,get functionality
2026-03-26 13:23:27,038:hal4000:INFO:message:
2026-03-26 13:23:27,038:hal4000:INFO:  sent,3,core,start
2026-03-26 13:23:27,063:hal4000:INFO:message:
2026-03-26 13:23:27,063:hal4000:INFO:  queued,58,hal,change directory
2026-03-26 13:23:27,063:hal4000:INFO:message:
2026-03-26 13:23:27,064:hal4000:INFO:  handled by,3,hal,start
2026-03-26 13:23:27,064:hal4000:INFO:message:
2026-03-26 13:23:27,064:hal4000:INFO:  handled by,3,aotf,start
2026-03-26 13:23:27,064:hal4000:INFO:message:
2026-03-26 13:23:27,064:hal4000:INFO:  handled by,3,camera1,start
2026-03-26 13:23:27,065:hal4000:INFO:message:
2026-03-26 13:23:27,065:hal4000:INFO:  handled by,3,clemex_stage,start
2026-03-26 13:23:27,065:hal4000:INFO:message:
2026-03-26 13:23:27,065:hal4000:INFO:  handled by,3,coherentGenesis488,start
2026-03-26 13:23:27,065:hal4000:INFO:message:
2026-03-26 13:23:27,066:hal4000:INFO:  handled by,3,coherentGenesis560,start
2026-03-26 13:23:27,066:hal4000:INFO:message:
2026-03-26 13:23:27,066:hal4000:INFO:  queued,59,display,get functionality
2026-03-26 13:23:27,066:hal4000:INFO:message:
2026-03-26 13:23:27,066:hal4000:INFO:  handled by,3,display,start
2026-03-26 13:23:27,067:hal4000:INFO:message:
2026-03-26 13:23:27,067:hal4000:INFO:  handled by,3,feeds,start
2026-03-26 13:23:27,067:hal4000:INFO:message:
2026-03-26 13:23:27,067:hal4000:INFO:  queued,60,film,start camera
2026-03-26 13:23:27,067:hal4000:INFO:message:
2026-03-26 13:23:27,067:hal4000:INFO:  queued,61,film,sync
2026-03-26 13:23:27,068:hal4000:INFO:message:
2026-03-26 13:23:27,068:hal4000:INFO:  queued,62,film,start camera
2026-03-26 13:23:27,068:hal4000:INFO:message:
2026-03-26 13:23:27,068:hal4000:INFO:  handled by,3,film,start
2026-03-26 13:23:27,078:hal4000:INFO:message:
2026-03-26 13:23:27,078:hal4000:INFO:  handled by,3,focuslock,start
2026-03-26 13:23:27,091:hal4000:INFO:message:
2026-03-26 13:23:27,091:hal4000:INFO:  queued,63,illumination,new shutters file
2026-03-26 13:23:27,098:hal4000:INFO:message:
2026-03-26 13:23:27,098:hal4000:INFO:  handled by,3,illumination,start
2026-03-26 13:23:27,099:hal4000:INFO:message:
2026-03-26 13:23:27,099:hal4000:INFO:  handled by,3,mosaic,start
2026-03-26 13:23:27,099:hal4000:INFO:message:
2026-03-26 13:23:27,099:hal4000:INFO:  handled by,3,mpb642,start
2026-03-26 13:23:27,099:hal4000:INFO:message:
2026-03-26 13:23:27,099:hal4000:INFO:  handled by,3,none_irlaser,start
2026-03-26 13:23:27,100:hal4000:INFO:message:
2026-03-26 13:23:27,100:hal4000:INFO:  handled by,3,obis405,start
2026-03-26 13:23:27,100:hal4000:INFO:message:
2026-03-26 13:23:27,100:hal4000:INFO:  handled by,3,pi_controller,start
2026-03-26 13:23:27,101:hal4000:INFO:message:
2026-03-26 13:23:27,101:hal4000:INFO:  handled by,3,progressions,start
2026-03-26 13:23:27,101:hal4000:INFO:message:
2026-03-26 13:23:27,103:hal4000:INFO:  handled by,3,scmos_cal,start
2026-03-26 13:23:27,103:hal4000:INFO:message:
2026-03-26 13:23:27,103:hal4000:INFO:  handled by,3,settings,start
2026-03-26 13:23:27,103:hal4000:INFO:message:
2026-03-26 13:23:27,104:hal4000:INFO:  queued,64,spotcounter,get functionality
2026-03-26 13:23:27,104:hal4000:INFO:message:
2026-03-26 13:23:27,104:hal4000:INFO:  handled by,3,spotcounter,start
2026-03-26 13:23:27,111:hal4000:INFO:message:
2026-03-26 13:23:27,112:hal4000:INFO:  handled by,3,stage,start
2026-03-26 13:23:27,112:hal4000:INFO:message:
2026-03-26 13:23:27,112:hal4000:INFO:  handled by,3,tcp_control,start
2026-03-26 13:23:27,112:hal4000:INFO:message:
2026-03-26 13:23:27,113:hal4000:INFO:  handled by,3,timing,start
2026-03-26 13:23:27,113:hal4000:INFO:message:
2026-03-26 13:23:27,113:hal4000:INFO:  handled by,3,uc480_camera,start
2026-03-26 13:23:27,120:hal4000:INFO:message:
2026-03-26 13:23:27,121:hal4000:INFO:  handled by,3,z_stage,start
2026-03-26 13:23:27,121:hal4000:INFO:message:
2026-03-26 13:23:27,121:hal4000:INFO:  processed,3,core,start
2026-03-26 13:23:27,182:hal4000:INFO:message:
2026-03-26 13:23:27,182:hal4000:INFO:  sent,58,hal,change directory
2026-03-26 13:23:27,208:hal4000:INFO:message:
2026-03-26 13:23:27,208:hal4000:INFO:  handled by,58,hal,change directory
2026-03-26 13:23:27,208:hal4000:INFO:message:
2026-03-26 13:23:27,208:hal4000:INFO:  handled by,58,aotf,change directory
2026-03-26 13:23:27,208:hal4000:INFO:message:
2026-03-26 13:23:27,209:hal4000:INFO:  handled by,58,camera1,change directory
2026-03-26 13:23:27,209:hal4000:INFO:message:
2026-03-26 13:23:27,209:hal4000:INFO:  handled by,58,clemex_stage,change directory
2026-03-26 13:23:27,209:hal4000:INFO:message:
2026-03-26 13:23:27,209:hal4000:INFO:  handled by,58,coherentGenesis488,change directory
2026-03-26 13:23:27,209:hal4000:INFO:message:
2026-03-26 13:23:27,209:hal4000:INFO:  handled by,58,coherentGenesis560,change directory
2026-03-26 13:23:27,210:hal4000:INFO:message:
2026-03-26 13:23:27,210:hal4000:INFO:  handled by,58,display,change directory
2026-03-26 13:23:27,210:hal4000:INFO:message:
2026-03-26 13:23:27,210:hal4000:INFO:  handled by,58,feeds,change directory
2026-03-26 13:23:27,211:hal4000:INFO:message:
2026-03-26 13:23:27,211:hal4000:INFO:  handled by,58,film,change directory
2026-03-26 13:23:27,211:hal4000:INFO:message:
2026-03-26 13:23:27,211:hal4000:INFO:  handled by,58,focuslock,change directory
2026-03-26 13:23:27,211:hal4000:INFO:message:
2026-03-26 13:23:27,211:hal4000:INFO:  handled by,58,illumination,change directory
2026-03-26 13:23:27,212:hal4000:INFO:message:
2026-03-26 13:23:27,212:hal4000:INFO:  handled by,58,mosaic,change directory
2026-03-26 13:23:27,212:hal4000:INFO:message:
2026-03-26 13:23:27,212:hal4000:INFO:  handled by,58,mpb642,change directory
2026-03-26 13:23:27,212:hal4000:INFO:message:
2026-03-26 13:23:27,212:hal4000:INFO:  handled by,58,none_irlaser,change directory
2026-03-26 13:23:27,212:hal4000:INFO:message:
2026-03-26 13:23:27,213:hal4000:INFO:  handled by,58,obis405,change directory
2026-03-26 13:23:27,213:hal4000:INFO:message:
2026-03-26 13:23:27,213:hal4000:INFO:  handled by,58,pi_controller,change directory
2026-03-26 13:23:27,213:hal4000:INFO:message:
2026-03-26 13:23:27,213:hal4000:INFO:  handled by,58,progressions,change directory
2026-03-26 13:23:27,214:hal4000:INFO:message:
2026-03-26 13:23:27,214:hal4000:INFO:  handled by,58,scmos_cal,change directory
2026-03-26 13:23:27,214:hal4000:INFO:message:
2026-03-26 13:23:27,214:hal4000:INFO:  handled by,58,settings,change directory
2026-03-26 13:23:27,214:hal4000:INFO:message:
2026-03-26 13:23:27,214:hal4000:INFO:  handled by,58,spotcounter,change directory
2026-03-26 13:23:27,215:hal4000:INFO:message:
2026-03-26 13:23:27,215:hal4000:INFO:  handled by,58,stage,change directory
2026-03-26 13:23:27,215:hal4000:INFO:message:
2026-03-26 13:23:27,215:hal4000:INFO:  handled by,58,tcp_control,change directory
2026-03-26 13:23:27,215:hal4000:INFO:message:
2026-03-26 13:23:27,215:hal4000:INFO:  handled by,58,timing,change directory
2026-03-26 13:23:27,215:hal4000:INFO:message:
2026-03-26 13:23:27,216:hal4000:INFO:  handled by,58,uc480_camera,change directory
2026-03-26 13:23:27,216:hal4000:INFO:message:
2026-03-26 13:23:27,216:hal4000:INFO:  handled by,58,z_stage,change directory
2026-03-26 13:23:27,216:hal4000:INFO:message:
2026-03-26 13:23:27,216:hal4000:INFO:  processed,58,hal,change directory
2026-03-26 13:23:27,217:hal4000:INFO:message:
2026-03-26 13:23:27,217:hal4000:INFO:  sent,59,display,get functionality
2026-03-26 13:23:27,218:hal4000:INFO:message:
2026-03-26 13:23:27,218:hal4000:INFO:  handled by,59,hal,get functionality
2026-03-26 13:23:27,218:hal4000:INFO:message:
2026-03-26 13:23:27,218:hal4000:INFO:  handled by,59,aotf,get functionality
2026-03-26 13:23:27,218:hal4000:INFO:message:
2026-03-26 13:23:27,218:hal4000:INFO:  handled by,59,camera1,get functionality
2026-03-26 13:23:27,219:hal4000:INFO:message:
2026-03-26 13:23:27,219:hal4000:INFO:  handled by,59,clemex_stage,get functionality
2026-03-26 13:23:27,219:hal4000:INFO:message:
2026-03-26 13:23:27,219:hal4000:INFO:  handled by,59,coherentGenesis488,get functionality
2026-03-26 13:23:27,219:hal4000:INFO:message:
2026-03-26 13:23:27,219:hal4000:INFO:  handled by,59,coherentGenesis560,get functionality
2026-03-26 13:23:27,220:hal4000:INFO:message:
2026-03-26 13:23:27,220:hal4000:INFO:  handled by,59,display,get functionality
2026-03-26 13:23:27,220:hal4000:INFO:message:
2026-03-26 13:23:27,220:hal4000:INFO:  handled by,59,feeds,get functionality
2026-03-26 13:23:27,220:hal4000:INFO:message:
2026-03-26 13:23:27,220:hal4000:INFO:  handled by,59,film,get functionality
2026-03-26 13:23:27,221:hal4000:INFO:message:
2026-03-26 13:23:27,221:hal4000:INFO:  handled by,59,focuslock,get functionality
2026-03-26 13:23:27,221:hal4000:INFO:message:
2026-03-26 13:23:27,221:hal4000:INFO:  handled by,59,illumination,get functionality
2026-03-26 13:23:27,221:hal4000:INFO:message:
2026-03-26 13:23:27,221:hal4000:INFO:  handled by,59,mosaic,get functionality
2026-03-26 13:23:27,221:hal4000:INFO:message:
2026-03-26 13:23:27,222:hal4000:INFO:  handled by,59,mpb642,get functionality
2026-03-26 13:23:27,222:hal4000:INFO:message:
2026-03-26 13:23:27,222:hal4000:INFO:  handled by,59,none_irlaser,get functionality
2026-03-26 13:23:27,222:hal4000:INFO:message:
2026-03-26 13:23:27,222:hal4000:INFO:  handled by,59,obis405,get functionality
2026-03-26 13:23:27,222:hal4000:INFO:message:
2026-03-26 13:23:27,223:hal4000:INFO:  handled by,59,pi_controller,get functionality
2026-03-26 13:23:27,223:hal4000:INFO:message:
2026-03-26 13:23:27,223:hal4000:INFO:  handled by,59,progressions,get functionality
2026-03-26 13:23:27,223:hal4000:INFO:message:
2026-03-26 13:23:27,223:hal4000:INFO:  handled by,59,scmos_cal,get functionality
2026-03-26 13:23:27,223:hal4000:INFO:message:
2026-03-26 13:23:27,223:hal4000:INFO:  handled by,59,settings,get functionality
2026-03-26 13:23:27,224:hal4000:INFO:message:
2026-03-26 13:23:27,224:hal4000:INFO:  handled by,59,spotcounter,get functionality
2026-03-26 13:23:27,224:hal4000:INFO:message:
2026-03-26 13:23:27,224:hal4000:INFO:  handled by,59,stage,get functionality
2026-03-26 13:23:27,224:hal4000:INFO:message:
2026-03-26 13:23:27,224:hal4000:INFO:  handled by,59,tcp_control,get functionality
2026-03-26 13:23:27,225:hal4000:INFO:message:
2026-03-26 13:23:27,225:hal4000:INFO:  handled by,59,timing,get functionality
2026-03-26 13:23:27,225:hal4000:INFO:message:
2026-03-26 13:23:27,225:hal4000:INFO:  handled by,59,uc480_camera,get functionality
2026-03-26 13:23:27,225:hal4000:INFO:message:
2026-03-26 13:23:27,225:hal4000:INFO:  handled by,59,z_stage,get functionality
2026-03-26 13:23:27,225:hal4000:INFO:message:
2026-03-26 13:23:27,226:hal4000:INFO:  processed,59,display,get functionality
2026-03-26 13:23:27,227:hal4000:INFO:message:
2026-03-26 13:23:27,228:hal4000:INFO:  sent,60,film,start camera
2026-03-26 13:23:27,229:hal4000:INFO:message:
2026-03-26 13:23:27,229:hal4000:INFO:  handled by,60,hal,start camera
2026-03-26 13:23:27,230:hal4000:INFO:message:
2026-03-26 13:23:27,230:hal4000:INFO:  handled by,60,aotf,start camera
2026-03-26 13:23:27,230:hal4000:INFO:message:
2026-03-26 13:23:27,230:hal4000:INFO:  handled by,60,camera1,start camera
2026-03-26 13:23:27,230:hal4000:INFO:message:
2026-03-26 13:23:27,230:hal4000:INFO:  handled by,60,clemex_stage,start camera
2026-03-26 13:23:27,231:hal4000:INFO:message:
2026-03-26 13:23:27,231:hal4000:INFO:  handled by,60,coherentGenesis488,start camera
2026-03-26 13:23:27,231:hal4000:INFO:message:
2026-03-26 13:23:27,231:hal4000:INFO:  handled by,60,coherentGenesis560,start camera
2026-03-26 13:23:27,231:hal4000:INFO:message:
2026-03-26 13:23:27,231:hal4000:INFO:  handled by,60,display,start camera
2026-03-26 13:23:27,232:hal4000:INFO:message:
2026-03-26 13:23:27,232:hal4000:INFO:  handled by,60,feeds,start camera
2026-03-26 13:23:27,232:hal4000:INFO:message:
2026-03-26 13:23:27,232:hal4000:INFO:  handled by,60,film,start camera
2026-03-26 13:23:27,232:hal4000:INFO:message:
2026-03-26 13:23:27,232:hal4000:INFO:  handled by,60,focuslock,start camera
2026-03-26 13:23:27,232:hal4000:INFO:message:
2026-03-26 13:23:27,233:hal4000:INFO:  handled by,60,illumination,start camera
2026-03-26 13:23:27,233:hal4000:INFO:message:
2026-03-26 13:23:27,233:hal4000:INFO:  handled by,60,mosaic,start camera
2026-03-26 13:23:27,233:hal4000:INFO:message:
2026-03-26 13:23:27,233:hal4000:INFO:  handled by,60,mpb642,start camera
2026-03-26 13:23:27,233:hal4000:INFO:message:
2026-03-26 13:23:27,233:hal4000:INFO:  handled by,60,none_irlaser,start camera
2026-03-26 13:23:27,234:hal4000:INFO:message:
2026-03-26 13:23:27,234:hal4000:INFO:  handled by,60,obis405,start camera
2026-03-26 13:23:27,234:hal4000:INFO:message:
2026-03-26 13:23:27,234:hal4000:INFO:  handled by,60,pi_controller,start camera
2026-03-26 13:23:27,234:hal4000:INFO:message:
2026-03-26 13:23:27,234:hal4000:INFO:  handled by,60,progressions,start camera
2026-03-26 13:23:27,235:hal4000:INFO:message:
2026-03-26 13:23:27,235:hal4000:INFO:  handled by,60,scmos_cal,start camera
2026-03-26 13:23:27,235:hal4000:INFO:message:
2026-03-26 13:23:27,235:hal4000:INFO:  handled by,60,settings,start camera
2026-03-26 13:23:27,235:hal4000:INFO:message:
2026-03-26 13:23:27,235:hal4000:INFO:  handled by,60,spotcounter,start camera
2026-03-26 13:23:27,236:hal4000:INFO:message:
2026-03-26 13:23:27,236:hal4000:INFO:  handled by,60,stage,start camera
2026-03-26 13:23:27,236:hal4000:INFO:message:
2026-03-26 13:23:27,236:hal4000:INFO:  handled by,60,tcp_control,start camera
2026-03-26 13:23:27,236:hal4000:INFO:message:
2026-03-26 13:23:27,236:hal4000:INFO:  handled by,60,timing,start camera
2026-03-26 13:23:27,236:hal4000:INFO:message:
2026-03-26 13:23:27,237:hal4000:INFO:  handled by,60,uc480_camera,start camera
2026-03-26 13:23:27,237:hal4000:INFO:message:
2026-03-26 13:23:27,237:hal4000:INFO:  handled by,60,z_stage,start camera
2026-03-26 13:23:27,237:hal4000:INFO:message:
2026-03-26 13:23:27,237:hal4000:INFO:  processed,60,film,start camera
2026-03-26 13:23:27,238:hal4000:INFO:message:
2026-03-26 13:23:27,238:hal4000:INFO:  sent,62,film,start camera
2026-03-26 13:23:27,238:hal4000:INFO:message:
2026-03-26 13:23:27,239:hal4000:INFO:  handled by,62,hal,start camera
2026-03-26 13:23:27,239:hal4000:INFO:message:
2026-03-26 13:23:27,239:hal4000:INFO:  handled by,62,aotf,start camera
2026-03-26 13:23:27,239:hal4000:INFO:message:
2026-03-26 13:23:27,239:hal4000:INFO:  handled by,62,camera1,start camera
2026-03-26 13:23:27,240:hal4000:INFO:message:
2026-03-26 13:23:27,240:hal4000:INFO:  handled by,62,clemex_stage,start camera
2026-03-26 13:23:27,240:hal4000:INFO:message:
2026-03-26 13:23:27,240:hal4000:INFO:  handled by,62,coherentGenesis488,start camera
2026-03-26 13:23:27,240:hal4000:INFO:message:
2026-03-26 13:23:27,241:hal4000:INFO:  handled by,62,coherentGenesis560,start camera
2026-03-26 13:23:27,241:hal4000:INFO:message:
2026-03-26 13:23:27,244:hal4000:INFO:  handled by,62,display,start camera
2026-03-26 13:23:27,245:hal4000:INFO:message:
2026-03-26 13:23:27,245:hal4000:INFO:  handled by,62,feeds,start camera
2026-03-26 13:23:27,245:hal4000:INFO:message:
2026-03-26 13:23:27,245:hal4000:INFO:  handled by,62,film,start camera
2026-03-26 13:23:27,246:hal4000:INFO:message:
2026-03-26 13:23:27,246:hal4000:INFO:  handled by,62,focuslock,start camera
2026-03-26 13:23:27,246:hal4000:INFO:message:
2026-03-26 13:23:27,246:hal4000:INFO:  handled by,62,illumination,start camera
2026-03-26 13:23:27,246:hal4000:INFO:message:
2026-03-26 13:23:27,246:hal4000:INFO:  handled by,62,mosaic,start camera
2026-03-26 13:23:27,247:hal4000:INFO:message:
2026-03-26 13:23:27,247:hal4000:INFO:  handled by,62,mpb642,start camera
2026-03-26 13:23:27,247:hal4000:INFO:message:
2026-03-26 13:23:27,247:hal4000:INFO:  handled by,62,none_irlaser,start camera
2026-03-26 13:23:27,247:hal4000:INFO:message:
2026-03-26 13:23:27,248:hal4000:INFO:  handled by,62,obis405,start camera
2026-03-26 13:23:27,248:hal4000:INFO:message:
2026-03-26 13:23:27,248:hal4000:INFO:  handled by,62,pi_controller,start camera
2026-03-26 13:23:27,248:hal4000:INFO:message:
2026-03-26 13:23:27,248:hal4000:INFO:  handled by,62,progressions,start camera
2026-03-26 13:23:27,248:hal4000:INFO:message:
2026-03-26 13:23:27,248:hal4000:INFO:  handled by,62,scmos_cal,start camera
2026-03-26 13:23:27,249:hal4000:INFO:message:
2026-03-26 13:23:27,249:hal4000:INFO:  handled by,62,settings,start camera
2026-03-26 13:23:27,249:hal4000:INFO:message:
2026-03-26 13:23:27,249:hal4000:INFO:  handled by,62,spotcounter,start camera
2026-03-26 13:23:27,249:hal4000:INFO:message:
2026-03-26 13:23:27,249:hal4000:INFO:  handled by,62,stage,start camera
2026-03-26 13:23:27,250:hal4000:INFO:message:
2026-03-26 13:23:27,250:hal4000:INFO:  handled by,62,tcp_control,start camera
2026-03-26 13:23:27,250:hal4000:INFO:message:
2026-03-26 13:23:27,250:hal4000:INFO:  handled by,62,timing,start camera
2026-03-26 13:23:27,250:hal4000:INFO:message:
2026-03-26 13:23:27,250:hal4000:INFO:  handled by,62,uc480_camera,start camera
2026-03-26 13:23:27,251:hal4000:INFO:message:
2026-03-26 13:23:27,251:hal4000:INFO:  handled by,62,z_stage,start camera
2026-03-26 13:23:27,251:hal4000:INFO:message:
2026-03-26 13:23:27,251:hal4000:INFO:  sent,63,illumination,new shutters file
2026-03-26 13:23:27,252:hal4000:INFO:message:
2026-03-26 13:23:27,252:hal4000:INFO:  worker started 60000,62,film,start camera
2026-03-26 13:23:27,259:hal4000:INFO:message:
2026-03-26 13:23:27,259:hal4000:INFO:  handled by,63,hal,new shutters file
2026-03-26 13:23:27,259:hal4000:INFO:message:
2026-03-26 13:23:27,259:hal4000:INFO:  handled by,63,aotf,new shutters file
2026-03-26 13:23:27,259:hal4000:INFO:message:
2026-03-26 13:23:27,260:hal4000:INFO:  handled by,63,clemex_stage,new shutters file
2026-03-26 13:23:27,260:hal4000:INFO:message:
2026-03-26 13:23:27,260:hal4000:INFO:  handled by,63,coherentGenesis488,new shutters file
2026-03-26 13:23:27,260:hal4000:INFO:message:
2026-03-26 13:23:27,260:hal4000:INFO:  handled by,63,coherentGenesis560,new shutters file
2026-03-26 13:23:27,261:hal4000:INFO:message:
2026-03-26 13:23:27,261:hal4000:INFO:  handled by,63,display,new shutters file
2026-03-26 13:23:27,261:hal4000:INFO:message:
2026-03-26 13:23:27,261:hal4000:INFO:  handled by,63,feeds,new shutters file
2026-03-26 13:23:27,261:hal4000:INFO:message:
2026-03-26 13:23:27,262:hal4000:INFO:  handled by,63,film,new shutters file
2026-03-26 13:23:27,262:hal4000:INFO:message:
2026-03-26 13:23:27,262:hal4000:INFO:  handled by,63,focuslock,new shutters file
2026-03-26 13:23:27,263:hal4000:INFO:message:
2026-03-26 13:23:27,263:hal4000:INFO:  queued,65,illumination,configuration
2026-03-26 13:23:27,264:hal4000:INFO:message:
2026-03-26 13:23:27,264:hal4000:INFO:  handled by,63,illumination,new shutters file
2026-03-26 13:23:27,264:hal4000:INFO:message:
2026-03-26 13:23:27,264:hal4000:INFO:  handled by,63,mosaic,new shutters file
2026-03-26 13:23:27,264:hal4000:INFO:message:
2026-03-26 13:23:27,264:hal4000:INFO:  handled by,63,mpb642,new shutters file
2026-03-26 13:23:27,264:hal4000:INFO:message:
2026-03-26 13:23:27,265:hal4000:INFO:  handled by,63,none_irlaser,new shutters file
2026-03-26 13:23:27,265:hal4000:INFO:message:
2026-03-26 13:23:27,265:hal4000:INFO:  handled by,63,obis405,new shutters file
2026-03-26 13:23:27,265:hal4000:INFO:message:
2026-03-26 13:23:27,265:hal4000:INFO:  handled by,63,pi_controller,new shutters file
2026-03-26 13:23:27,265:hal4000:INFO:message:
2026-03-26 13:23:27,266:hal4000:INFO:  handled by,63,progressions,new shutters file
2026-03-26 13:23:27,266:hal4000:INFO:message:
2026-03-26 13:23:27,266:hal4000:INFO:  handled by,63,scmos_cal,new shutters file
2026-03-26 13:23:27,266:hal4000:INFO:message:
2026-03-26 13:23:27,266:hal4000:INFO:  handled by,63,settings,new shutters file
2026-03-26 13:23:27,266:hal4000:INFO:message:
2026-03-26 13:23:27,266:hal4000:INFO:  handled by,63,spotcounter,new shutters file
2026-03-26 13:23:27,267:hal4000:INFO:message:
2026-03-26 13:23:27,267:hal4000:INFO:  handled by,63,stage,new shutters file
2026-03-26 13:23:27,267:hal4000:INFO:message:
2026-03-26 13:23:27,267:hal4000:INFO:  handled by,63,tcp_control,new shutters file
2026-03-26 13:23:27,267:hal4000:INFO:message:
2026-03-26 13:23:27,267:hal4000:INFO:  handled by,63,timing,new shutters file
2026-03-26 13:23:27,268:hal4000:INFO:message:
2026-03-26 13:23:27,268:hal4000:INFO:  handled by,63,uc480_camera,new shutters file
2026-03-26 13:23:27,268:hal4000:INFO:message:
2026-03-26 13:23:27,268:hal4000:INFO:  handled by,63,z_stage,new shutters file
2026-03-26 13:23:27,268:hal4000:INFO:message:
2026-03-26 13:23:27,268:hal4000:INFO:  sent,64,spotcounter,get functionality
2026-03-26 13:23:27,269:hal4000:INFO:message:
2026-03-26 13:23:27,269:hal4000:INFO:  handled by,64,hal,get functionality
2026-03-26 13:23:27,269:hal4000:INFO:message:
2026-03-26 13:23:27,270:hal4000:INFO:  handled by,64,aotf,get functionality
2026-03-26 13:23:27,270:hal4000:INFO:message:
2026-03-26 13:23:27,270:hal4000:INFO:  handled by,64,clemex_stage,get functionality
2026-03-26 13:23:27,270:hal4000:INFO:message:
2026-03-26 13:23:27,270:hal4000:INFO:  handled by,64,coherentGenesis488,get functionality
2026-03-26 13:23:27,270:hal4000:INFO:message:
2026-03-26 13:23:27,271:hal4000:INFO:  handled by,64,coherentGenesis560,get functionality
2026-03-26 13:23:27,271:hal4000:INFO:message:
2026-03-26 13:23:27,271:hal4000:INFO:  handled by,64,display,get functionality
2026-03-26 13:23:27,271:hal4000:INFO:message:
2026-03-26 13:23:27,271:hal4000:INFO:  handled by,64,feeds,get functionality
2026-03-26 13:23:27,271:hal4000:INFO:message:
2026-03-26 13:23:27,271:hal4000:INFO:  handled by,64,film,get functionality
2026-03-26 13:23:27,272:hal4000:INFO:message:
2026-03-26 13:23:27,272:hal4000:INFO:  handled by,64,focuslock,get functionality
2026-03-26 13:23:27,272:hal4000:INFO:message:
2026-03-26 13:23:27,272:hal4000:INFO:  handled by,64,illumination,get functionality
2026-03-26 13:23:27,272:hal4000:INFO:message:
2026-03-26 13:23:27,272:hal4000:INFO:  handled by,64,mosaic,get functionality
2026-03-26 13:23:27,273:hal4000:INFO:message:
2026-03-26 13:23:27,273:hal4000:INFO:  handled by,64,mpb642,get functionality
2026-03-26 13:23:27,273:hal4000:INFO:message:
2026-03-26 13:23:27,273:hal4000:INFO:  handled by,64,none_irlaser,get functionality
2026-03-26 13:23:27,273:hal4000:INFO:message:
2026-03-26 13:23:27,273:hal4000:INFO:  handled by,64,obis405,get functionality
2026-03-26 13:23:27,273:hal4000:INFO:message:
2026-03-26 13:23:27,274:hal4000:INFO:  handled by,64,pi_controller,get functionality
2026-03-26 13:23:27,274:hal4000:INFO:message:
2026-03-26 13:23:27,274:hal4000:INFO:  handled by,64,progressions,get functionality
2026-03-26 13:23:27,274:hal4000:INFO:message:
2026-03-26 13:23:27,274:hal4000:INFO:  handled by,64,scmos_cal,get functionality
2026-03-26 13:23:27,274:hal4000:INFO:message:
2026-03-26 13:23:27,275:hal4000:INFO:  handled by,64,settings,get functionality
2026-03-26 13:23:27,275:hal4000:INFO:message:
2026-03-26 13:23:27,275:hal4000:INFO:  handled by,64,spotcounter,get functionality
2026-03-26 13:23:27,275:hal4000:INFO:message:
2026-03-26 13:23:27,275:hal4000:INFO:  handled by,64,stage,get functionality
2026-03-26 13:23:27,275:hal4000:INFO:message:
2026-03-26 13:23:27,275:hal4000:INFO:  handled by,64,tcp_control,get functionality
2026-03-26 13:23:27,276:hal4000:INFO:message:
2026-03-26 13:23:27,276:hal4000:INFO:  handled by,64,timing,get functionality
2026-03-26 13:23:27,276:hal4000:INFO:message:
2026-03-26 13:23:27,276:hal4000:INFO:  handled by,64,uc480_camera,get functionality
2026-03-26 13:23:27,276:hal4000:INFO:message:
2026-03-26 13:23:27,276:hal4000:INFO:  handled by,64,z_stage,get functionality
2026-03-26 13:23:27,277:hal4000:INFO:message:
2026-03-26 13:23:27,277:hal4000:INFO:  sent,65,illumination,configuration
2026-03-26 13:23:27,279:hal4000:INFO:message:
2026-03-26 13:23:27,279:hal4000:INFO:  handled by,65,hal,configuration
2026-03-26 13:23:27,279:hal4000:INFO:message:
2026-03-26 13:23:27,279:hal4000:INFO:  handled by,65,aotf,configuration
2026-03-26 13:23:27,280:hal4000:INFO:message:
2026-03-26 13:23:27,280:hal4000:INFO:  handled by,65,clemex_stage,configuration
2026-03-26 13:23:27,280:hal4000:INFO:message:
2026-03-26 13:23:27,280:hal4000:INFO:  handled by,65,coherentGenesis488,configuration
2026-03-26 13:23:27,280:hal4000:INFO:message:
2026-03-26 13:23:27,280:hal4000:INFO:  handled by,65,coherentGenesis560,configuration
2026-03-26 13:23:27,281:hal4000:INFO:message:
2026-03-26 13:23:27,281:hal4000:INFO:  handled by,65,display,configuration
2026-03-26 13:23:27,281:hal4000:INFO:message:
2026-03-26 13:23:27,281:hal4000:INFO:  handled by,65,feeds,configuration
2026-03-26 13:23:27,281:hal4000:INFO:message:
2026-03-26 13:23:27,281:hal4000:INFO:  handled by,65,film,configuration
2026-03-26 13:23:27,282:hal4000:INFO:message:
2026-03-26 13:23:27,282:hal4000:INFO:  handled by,65,focuslock,configuration
2026-03-26 13:23:27,282:hal4000:INFO:message:
2026-03-26 13:23:27,282:hal4000:INFO:  handled by,65,illumination,configuration
2026-03-26 13:23:27,282:hal4000:INFO:message:
2026-03-26 13:23:27,282:hal4000:INFO:  handled by,65,mosaic,configuration
2026-03-26 13:23:27,283:hal4000:INFO:message:
2026-03-26 13:23:27,283:hal4000:INFO:  handled by,65,mpb642,configuration
2026-03-26 13:23:27,283:hal4000:INFO:message:
2026-03-26 13:23:27,283:hal4000:INFO:  handled by,65,none_irlaser,configuration
2026-03-26 13:23:27,283:hal4000:INFO:message:
2026-03-26 13:23:27,283:hal4000:INFO:  handled by,65,obis405,configuration
2026-03-26 13:23:27,284:hal4000:INFO:message:
2026-03-26 13:23:27,284:hal4000:INFO:  handled by,65,pi_controller,configuration
2026-03-26 13:23:27,284:hal4000:INFO:message:
2026-03-26 13:23:27,284:hal4000:INFO:  handled by,65,progressions,configuration
2026-03-26 13:23:27,284:hal4000:INFO:message:
2026-03-26 13:23:27,284:hal4000:INFO:  handled by,65,scmos_cal,configuration
2026-03-26 13:23:27,285:hal4000:INFO:message:
2026-03-26 13:23:27,285:hal4000:INFO:  handled by,65,settings,configuration
2026-03-26 13:23:27,285:hal4000:INFO:message:
2026-03-26 13:23:27,285:hal4000:INFO:  handled by,65,spotcounter,configuration
2026-03-26 13:23:27,285:hal4000:INFO:message:
2026-03-26 13:23:27,285:hal4000:INFO:  handled by,65,stage,configuration
2026-03-26 13:23:27,285:hal4000:INFO:message:
2026-03-26 13:23:27,286:hal4000:INFO:  handled by,65,tcp_control,configuration
2026-03-26 13:23:27,286:hal4000:INFO:message:
2026-03-26 13:23:27,286:hal4000:INFO:  handled by,65,timing,configuration
2026-03-26 13:23:27,286:hal4000:INFO:message:
2026-03-26 13:23:27,286:hal4000:INFO:  handled by,65,uc480_camera,configuration
2026-03-26 13:23:27,286:hal4000:INFO:message:
2026-03-26 13:23:27,286:hal4000:INFO:  handled by,65,z_stage,configuration
2026-03-26 13:23:27,588:hal4000:INFO:message:
2026-03-26 13:23:27,588:hal4000:INFO:  handled by,62,camera1,start camera
2026-03-26 13:23:27,588:hal4000:INFO:message:
2026-03-26 13:23:27,588:hal4000:INFO:  processed,62,film,start camera
2026-03-26 13:23:27,588:hal4000:INFO:message:
2026-03-26 13:23:27,589:hal4000:INFO:  worker done,62,film,start camera
2026-03-26 13:23:27,589:hal4000:INFO:message:
2026-03-26 13:23:27,589:hal4000:INFO:  handled by,63,camera1,new shutters file
2026-03-26 13:23:27,589:hal4000:INFO:message:
2026-03-26 13:23:27,589:hal4000:INFO:  processed,63,illumination,new shutters file
2026-03-26 13:23:27,590:hal4000:INFO:message:
2026-03-26 13:23:27,590:hal4000:INFO:  handled by,64,camera1,get functionality
2026-03-26 13:23:27,590:hal4000:INFO:message:
2026-03-26 13:23:27,590:hal4000:INFO:  processed,64,spotcounter,get functionality
2026-03-26 13:23:27,591:hal4000:INFO:message:
2026-03-26 13:23:27,591:hal4000:INFO:  handled by,65,camera1,configuration
2026-03-26 13:23:27,591:hal4000:INFO:message:
2026-03-26 13:23:27,592:hal4000:INFO:  processed,65,illumination,configuration
2026-03-26 13:23:36,468:hal4000:INFO:message:
2026-03-26 13:23:36,468:hal4000:INFO:  queued,66,hal,close event
2026-03-26 13:23:36,932:hal4000:INFO:message:
2026-03-26 13:23:36,939:hal4000:INFO:  uc480: Call failed with error 1 is_CopyImageMem
