2026-03-26 14:40:39,054:hal4000:INFO:message:
2026-03-26 14:40:39,055:hal4000:INFO:  handled by,57,scmos_cal,get functionality
2026-03-26 14:40:39,055:hal4000:INFO:message:
2026-03-26 14:40:39,055:hal4000:INFO:  handled by,57,settings,get functionality
2026-03-26 14:40:39,055:hal4000:INFO:message:
2026-03-26 14:40:39,056:hal4000:INFO:  handled by,57,spotcounter,get functionality
2026-03-26 14:40:39,056:hal4000:INFO:message:
2026-03-26 14:40:39,056:hal4000:INFO:  handled by,57,stage,get functionality
2026-03-26 14:40:39,056:hal4000:INFO:message:
2026-03-26 14:40:39,056:hal4000:INFO:  handled by,57,tcp_control,get functionality
2026-03-26 14:40:39,057:hal4000:INFO:message:
2026-03-26 14:40:39,057:hal4000:INFO:  handled by,57,timing,get functionality
2026-03-26 14:40:39,057:hal4000:INFO:message:
2026-03-26 14:40:39,057:hal4000:INFO:  handled by,57,uc480_camera,get functionality
2026-03-26 14:40:39,057:hal4000:INFO:message:
2026-03-26 14:40:39,057:hal4000:INFO:  handled by,57,z_stage,get functionality
2026-03-26 14:40:39,058:hal4000:INFO:message:
2026-03-26 14:40:39,058:hal4000:INFO:  processed,57,scmos_cal,get functionality
2026-03-26 14:40:39,060:hal4000:INFO:message:
2026-03-26 14:40:39,060:hal4000:INFO:  sent,3,core,start
2026-03-26 14:40:39,082:hal4000:INFO:message:
2026-03-26 14:40:39,082:hal4000:INFO:  queued,58,hal,change directory
2026-03-26 14:40:39,083:hal4000:INFO:message:
2026-03-26 14:40:39,083:hal4000:INFO:  handled by,3,hal,start
2026-03-26 14:40:39,083:hal4000:INFO:message:
2026-03-26 14:40:39,083:hal4000:INFO:  handled by,3,aotf,start
2026-03-26 14:40:39,083:hal4000:INFO:message:
2026-03-26 14:40:39,084:hal4000:INFO:  handled by,3,camera1,start
2026-03-26 14:40:39,084:hal4000:INFO:message:
2026-03-26 14:40:39,084:hal4000:INFO:  handled by,3,clemex_stage,start
2026-03-26 14:40:39,084:hal4000:INFO:message:
2026-03-26 14:40:39,084:hal4000:INFO:  handled by,3,coherentGenesis488,start
2026-03-26 14:40:39,084:hal4000:INFO:message:
2026-03-26 14:40:39,084:hal4000:INFO:  handled by,3,coherentGenesis560,start
2026-03-26 14:40:39,085:hal4000:INFO:message:
2026-03-26 14:40:39,085:hal4000:INFO:  queued,59,display,get functionality
2026-03-26 14:40:39,085:hal4000:INFO:message:
2026-03-26 14:40:39,085:hal4000:INFO:  handled by,3,display,start
2026-03-26 14:40:39,085:hal4000:INFO:message:
2026-03-26 14:40:39,086:hal4000:INFO:  handled by,3,feeds,start
2026-03-26 14:40:39,086:hal4000:INFO:message:
2026-03-26 14:40:39,086:hal4000:INFO:  queued,60,film,start camera
2026-03-26 14:40:39,086:hal4000:INFO:message:
2026-03-26 14:40:39,086:hal4000:INFO:  queued,61,film,sync
2026-03-26 14:40:39,086:hal4000:INFO:message:
2026-03-26 14:40:39,086:hal4000:INFO:  queued,62,film,start camera
2026-03-26 14:40:39,087:hal4000:INFO:message:
2026-03-26 14:40:39,087:hal4000:INFO:  handled by,3,film,start
2026-03-26 14:40:39,097:hal4000:INFO:message:
2026-03-26 14:40:39,097:hal4000:INFO:  handled by,3,focuslock,start
2026-03-26 14:40:39,127:hal4000:INFO:message:
2026-03-26 14:40:39,127:hal4000:INFO:  queued,63,illumination,new shutters file
2026-03-26 14:40:39,134:hal4000:INFO:message:
2026-03-26 14:40:39,134:hal4000:INFO:  handled by,3,illumination,start
2026-03-26 14:40:39,134:hal4000:INFO:message:
2026-03-26 14:40:39,135:hal4000:INFO:  handled by,3,mosaic,start
2026-03-26 14:40:39,135:hal4000:INFO:message:
2026-03-26 14:40:39,135:hal4000:INFO:  handled by,3,mpb642,start
2026-03-26 14:40:39,135:hal4000:INFO:message:
2026-03-26 14:40:39,136:hal4000:INFO:  handled by,3,none_irlaser,start
2026-03-26 14:40:39,136:hal4000:INFO:message:
2026-03-26 14:40:39,136:hal4000:INFO:  handled by,3,obis405,start
2026-03-26 14:40:39,136:hal4000:INFO:message:
2026-03-26 14:40:39,137:hal4000:INFO:  handled by,3,pi_controller,start
2026-03-26 14:40:39,137:hal4000:INFO:message:
2026-03-26 14:40:39,137:hal4000:INFO:  handled by,3,progressions,start
2026-03-26 14:40:39,137:hal4000:INFO:message:
2026-03-26 14:40:39,137:hal4000:INFO:  handled by,3,scmos_cal,start
2026-03-26 14:40:39,138:hal4000:INFO:message:
2026-03-26 14:40:39,138:hal4000:INFO:  handled by,3,settings,start
2026-03-26 14:40:39,139:hal4000:INFO:message:
2026-03-26 14:40:39,139:hal4000:INFO:  queued,64,spotcounter,get functionality
2026-03-26 14:40:39,139:hal4000:INFO:message:
2026-03-26 14:40:39,139:hal4000:INFO:  handled by,3,spotcounter,start
2026-03-26 14:40:39,146:hal4000:INFO:message:
2026-03-26 14:40:39,146:hal4000:INFO:  handled by,3,stage,start
2026-03-26 14:40:39,147:hal4000:INFO:message:
2026-03-26 14:40:39,147:hal4000:INFO:  handled by,3,tcp_control,start
2026-03-26 14:40:39,147:hal4000:INFO:message:
2026-03-26 14:40:39,147:hal4000:INFO:  handled by,3,timing,start
2026-03-26 14:40:39,147:hal4000:INFO:message:
2026-03-26 14:40:39,148:hal4000:INFO:  handled by,3,uc480_camera,start
2026-03-26 14:40:39,154:hal4000:INFO:message:
2026-03-26 14:40:39,154:hal4000:INFO:  handled by,3,z_stage,start
2026-03-26 14:40:39,154:hal4000:INFO:message:
2026-03-26 14:40:39,155:hal4000:INFO:  processed,3,core,start
2026-03-26 14:40:39,232:hal4000:INFO:message:
2026-03-26 14:40:39,232:hal4000:INFO:  sent,58,hal,change directory
2026-03-26 14:40:39,253:hal4000:INFO:message:
2026-03-26 14:40:39,254:hal4000:INFO:  handled by,58,hal,change directory
2026-03-26 14:40:39,254:hal4000:INFO:message:
2026-03-26 14:40:39,254:hal4000:INFO:  handled by,58,aotf,change directory
2026-03-26 14:40:39,254:hal4000:INFO:message:
2026-03-26 14:40:39,254:hal4000:INFO:  handled by,58,camera1,change directory
2026-03-26 14:40:39,255:hal4000:INFO:message:
2026-03-26 14:40:39,255:hal4000:INFO:  handled by,58,clemex_stage,change directory
2026-03-26 14:40:39,255:hal4000:INFO:message:
2026-03-26 14:40:39,256:hal4000:INFO:  handled by,58,coherentGenesis488,change directory
2026-03-26 14:40:39,256:hal4000:INFO:message:
2026-03-26 14:40:39,256:hal4000:INFO:  handled by,58,coherentGenesis560,change directory
2026-03-26 14:40:39,256:hal4000:INFO:message:
2026-03-26 14:40:39,256:hal4000:INFO:  handled by,58,display,change directory
2026-03-26 14:40:39,257:hal4000:INFO:message:
2026-03-26 14:40:39,257:hal4000:INFO:  handled by,58,feeds,change directory
2026-03-26 14:40:39,257:hal4000:INFO:message:
2026-03-26 14:40:39,258:hal4000:INFO:  handled by,58,film,change directory
2026-03-26 14:40:39,258:hal4000:INFO:message:
2026-03-26 14:40:39,258:hal4000:INFO:  handled by,58,focuslock,change directory
2026-03-26 14:40:39,259:hal4000:INFO:message:
2026-03-26 14:40:39,259:hal4000:INFO:  handled by,58,illumination,change directory
2026-03-26 14:40:39,259:hal4000:INFO:message:
2026-03-26 14:40:39,259:hal4000:INFO:  handled by,58,mosaic,change directory
2026-03-26 14:40:39,259:hal4000:INFO:message:
2026-03-26 14:40:39,260:hal4000:INFO:  handled by,58,mpb642,change directory
2026-03-26 14:40:39,260:hal4000:INFO:message:
2026-03-26 14:40:39,260:hal4000:INFO:  handled by,58,none_irlaser,change directory
2026-03-26 14:40:39,260:hal4000:INFO:message:
2026-03-26 14:40:39,260:hal4000:INFO:  handled by,58,obis405,change directory
2026-03-26 14:40:39,261:hal4000:INFO:message:
2026-03-26 14:40:39,261:hal4000:INFO:  handled by,58,pi_controller,change directory
2026-03-26 14:40:39,261:hal4000:INFO:message:
2026-03-26 14:40:39,261:hal4000:INFO:  handled by,58,progressions,change directory
2026-03-26 14:40:39,262:hal4000:INFO:message:
2026-03-26 14:40:39,262:hal4000:INFO:  handled by,58,scmos_cal,change directory
2026-03-26 14:40:39,262:hal4000:INFO:message:
2026-03-26 14:40:39,262:hal4000:INFO:  handled by,58,settings,change directory
2026-03-26 14:40:39,263:hal4000:INFO:message:
2026-03-26 14:40:39,263:hal4000:INFO:  handled by,58,spotcounter,change directory
2026-03-26 14:40:39,263:hal4000:INFO:message:
2026-03-26 14:40:39,263:hal4000:INFO:  handled by,58,stage,change directory
2026-03-26 14:40:39,263:hal4000:INFO:message:
2026-03-26 14:40:39,263:hal4000:INFO:  handled by,58,tcp_control,change directory
2026-03-26 14:40:39,264:hal4000:INFO:message:
2026-03-26 14:40:39,264:hal4000:INFO:  handled by,58,timing,change directory
2026-03-26 14:40:39,264:hal4000:INFO:message:
2026-03-26 14:40:39,264:hal4000:INFO:  handled by,58,uc480_camera,change directory
2026-03-26 14:40:39,265:hal4000:INFO:message:
2026-03-26 14:40:39,265:hal4000:INFO:  handled by,58,z_stage,change directory
2026-03-26 14:40:39,265:hal4000:INFO:message:
2026-03-26 14:40:39,265:hal4000:INFO:  processed,58,hal,change directory
2026-03-26 14:40:39,266:hal4000:INFO:message:
2026-03-26 14:40:39,266:hal4000:INFO:  sent,59,display,get functionality
2026-03-26 14:40:39,267:hal4000:INFO:message:
2026-03-26 14:40:39,267:hal4000:INFO:  handled by,59,hal,get functionality
2026-03-26 14:40:39,268:hal4000:INFO:message:
2026-03-26 14:40:39,268:hal4000:INFO:  handled by,59,aotf,get functionality
2026-03-26 14:40:39,268:hal4000:INFO:message:
2026-03-26 14:40:39,268:hal4000:INFO:  handled by,59,camera1,get functionality
2026-03-26 14:40:39,269:hal4000:INFO:message:
2026-03-26 14:40:39,269:hal4000:INFO:  handled by,59,clemex_stage,get functionality
2026-03-26 14:40:39,269:hal4000:INFO:message:
2026-03-26 14:40:39,269:hal4000:INFO:  handled by,59,coherentGenesis488,get functionality
2026-03-26 14:40:39,269:hal4000:INFO:message:
2026-03-26 14:40:39,269:hal4000:INFO:  handled by,59,coherentGenesis560,get functionality
2026-03-26 14:40:39,270:hal4000:INFO:message:
2026-03-26 14:40:39,270:hal4000:INFO:  handled by,59,display,get functionality
2026-03-26 14:40:39,270:hal4000:INFO:message:
2026-03-26 14:40:39,270:hal4000:INFO:  handled by,59,feeds,get functionality
2026-03-26 14:40:39,271:hal4000:INFO:message:
2026-03-26 14:40:39,271:hal4000:INFO:  handled by,59,film,get functionality
2026-03-26 14:40:39,271:hal4000:INFO:message:
2026-03-26 14:40:39,271:hal4000:INFO:  handled by,59,focuslock,get functionality
2026-03-26 14:40:39,271:hal4000:INFO:message:
2026-03-26 14:40:39,271:hal4000:INFO:  handled by,59,illumination,get functionality
2026-03-26 14:40:39,272:hal4000:INFO:message:
2026-03-26 14:40:39,272:hal4000:INFO:  handled by,59,mosaic,get functionality
2026-03-26 14:40:39,272:hal4000:INFO:message:
2026-03-26 14:40:39,272:hal4000:INFO:  handled by,59,mpb642,get functionality
2026-03-26 14:40:39,272:hal4000:INFO:message:
2026-03-26 14:40:39,273:hal4000:INFO:  handled by,59,none_irlaser,get functionality
2026-03-26 14:40:39,273:hal4000:INFO:message:
2026-03-26 14:40:39,273:hal4000:INFO:  handled by,59,obis405,get functionality
2026-03-26 14:40:39,274:hal4000:INFO:message:
2026-03-26 14:40:39,274:hal4000:INFO:  handled by,59,pi_controller,get functionality
2026-03-26 14:40:39,274:hal4000:INFO:message:
2026-03-26 14:40:39,274:hal4000:INFO:  handled by,59,progressions,get functionality
2026-03-26 14:40:39,275:hal4000:INFO:message:
2026-03-26 14:40:39,275:hal4000:INFO:  handled by,59,scmos_cal,get functionality
2026-03-26 14:40:39,275:hal4000:INFO:message:
2026-03-26 14:40:39,275:hal4000:INFO:  handled by,59,settings,get functionality
2026-03-26 14:40:39,275:hal4000:INFO:message:
2026-03-26 14:40:39,276:hal4000:INFO:  handled by,59,spotcounter,get functionality
2026-03-26 14:40:39,276:hal4000:INFO:message:
2026-03-26 14:40:39,276:hal4000:INFO:  handled by,59,stage,get functionality
2026-03-26 14:40:39,276:hal4000:INFO:message:
2026-03-26 14:40:39,276:hal4000:INFO:  handled by,59,tcp_control,get functionality
2026-03-26 14:40:39,277:hal4000:INFO:message:
2026-03-26 14:40:39,277:hal4000:INFO:  handled by,59,timing,get functionality
2026-03-26 14:40:39,277:hal4000:INFO:message:
2026-03-26 14:40:39,277:hal4000:INFO:  handled by,59,uc480_camera,get functionality
2026-03-26 14:40:39,277:hal4000:INFO:message:
2026-03-26 14:40:39,278:hal4000:INFO:  handled by,59,z_stage,get functionality
2026-03-26 14:40:39,278:hal4000:INFO:message:
2026-03-26 14:40:39,278:hal4000:INFO:  processed,59,display,get functionality
2026-03-26 14:40:39,281:hal4000:INFO:message:
2026-03-26 14:40:39,282:hal4000:INFO:  sent,60,film,start camera
2026-03-26 14:40:39,284:hal4000:INFO:message:
2026-03-26 14:40:39,284:hal4000:INFO:  handled by,60,hal,start camera
2026-03-26 14:40:39,285:hal4000:INFO:message:
2026-03-26 14:40:39,285:hal4000:INFO:  handled by,60,aotf,start camera
2026-03-26 14:40:39,285:hal4000:INFO:message:
2026-03-26 14:40:39,285:hal4000:INFO:  handled by,60,camera1,start camera
2026-03-26 14:40:39,285:hal4000:INFO:message:
2026-03-26 14:40:39,286:hal4000:INFO:  handled by,60,clemex_stage,start camera
2026-03-26 14:40:39,286:hal4000:INFO:message:
2026-03-26 14:40:39,287:hal4000:INFO:  handled by,60,coherentGenesis488,start camera
2026-03-26 14:40:39,287:hal4000:INFO:message:
2026-03-26 14:40:39,287:hal4000:INFO:  handled by,60,coherentGenesis560,start camera
2026-03-26 14:40:39,287:hal4000:INFO:message:
2026-03-26 14:40:39,288:hal4000:INFO:  handled by,60,display,start camera
2026-03-26 14:40:39,288:hal4000:INFO:message:
2026-03-26 14:40:39,288:hal4000:INFO:  handled by,60,feeds,start camera
2026-03-26 14:40:39,288:hal4000:INFO:message:
2026-03-26 14:40:39,288:hal4000:INFO:  handled by,60,film,start camera
2026-03-26 14:40:39,289:hal4000:INFO:message:
2026-03-26 14:40:39,289:hal4000:INFO:  handled by,60,focuslock,start camera
2026-03-26 14:40:39,289:hal4000:INFO:message:
2026-03-26 14:40:39,289:hal4000:INFO:  handled by,60,illumination,start camera
2026-03-26 14:40:39,289:hal4000:INFO:message:
2026-03-26 14:40:39,290:hal4000:INFO:  handled by,60,mosaic,start camera
2026-03-26 14:40:39,290:hal4000:INFO:message:
2026-03-26 14:40:39,290:hal4000:INFO:  handled by,60,mpb642,start camera
2026-03-26 14:40:39,290:hal4000:INFO:message:
2026-03-26 14:40:39,290:hal4000:INFO:  handled by,60,none_irlaser,start camera
2026-03-26 14:40:39,291:hal4000:INFO:message:
2026-03-26 14:40:39,291:hal4000:INFO:  handled by,60,obis405,start camera
2026-03-26 14:40:39,291:hal4000:INFO:message:
2026-03-26 14:40:39,291:hal4000:INFO:  handled by,60,pi_controller,start camera
2026-03-26 14:40:39,292:hal4000:INFO:message:
2026-03-26 14:40:39,292:hal4000:INFO:  handled by,60,progressions,start camera
2026-03-26 14:40:39,292:hal4000:INFO:message:
2026-03-26 14:40:39,292:hal4000:INFO:  handled by,60,scmos_cal,start camera
2026-03-26 14:40:39,293:hal4000:INFO:message:
2026-03-26 14:40:39,293:hal4000:INFO:  handled by,60,settings,start camera
2026-03-26 14:40:39,293:hal4000:INFO:message:
2026-03-26 14:40:39,293:hal4000:INFO:  handled by,60,spotcounter,start camera
2026-03-26 14:40:39,294:hal4000:INFO:message:
2026-03-26 14:40:39,294:hal4000:INFO:  handled by,60,stage,start camera
2026-03-26 14:40:39,294:hal4000:INFO:message:
2026-03-26 14:40:39,294:hal4000:INFO:  handled by,60,tcp_control,start camera
2026-03-26 14:40:39,295:hal4000:INFO:message:
2026-03-26 14:40:39,295:hal4000:INFO:  handled by,60,timing,start camera
2026-03-26 14:40:39,295:hal4000:INFO:message:
2026-03-26 14:40:39,295:hal4000:INFO:  handled by,60,uc480_camera,start camera
2026-03-26 14:40:39,295:hal4000:INFO:message:
2026-03-26 14:40:39,295:hal4000:INFO:  handled by,60,z_stage,start camera
2026-03-26 14:40:39,296:hal4000:INFO:message:
2026-03-26 14:40:39,296:hal4000:INFO:  processed,60,film,start camera
2026-03-26 14:40:39,298:hal4000:INFO:message:
2026-03-26 14:40:39,298:hal4000:INFO:  sent,62,film,start camera
2026-03-26 14:40:39,299:hal4000:INFO:message:
2026-03-26 14:40:39,299:hal4000:INFO:  handled by,62,hal,start camera
2026-03-26 14:40:39,300:hal4000:INFO:message:
2026-03-26 14:40:39,300:hal4000:INFO:  handled by,62,aotf,start camera
2026-03-26 14:40:39,300:hal4000:INFO:message:
2026-03-26 14:40:39,301:hal4000:INFO:  handled by,62,camera1,start camera
2026-03-26 14:40:39,301:hal4000:INFO:message:
2026-03-26 14:40:39,301:hal4000:INFO:  handled by,62,clemex_stage,start camera
2026-03-26 14:40:39,301:hal4000:INFO:message:
2026-03-26 14:40:39,301:hal4000:INFO:  handled by,62,coherentGenesis488,start camera
2026-03-26 14:40:39,302:hal4000:INFO:message:
2026-03-26 14:40:39,302:hal4000:INFO:  handled by,62,coherentGenesis560,start camera
2026-03-26 14:40:39,302:hal4000:INFO:message:
2026-03-26 14:40:39,302:hal4000:INFO:  handled by,62,display,start camera
2026-03-26 14:40:39,303:hal4000:INFO:message:
2026-03-26 14:40:39,303:hal4000:INFO:  handled by,62,feeds,start camera
2026-03-26 14:40:39,303:hal4000:INFO:message:
2026-03-26 14:40:39,303:hal4000:INFO:  handled by,62,film,start camera
2026-03-26 14:40:39,306:hal4000:INFO:message:
2026-03-26 14:40:39,307:hal4000:INFO:  handled by,62,focuslock,start camera
2026-03-26 14:40:39,307:hal4000:INFO:message:
2026-03-26 14:40:39,307:hal4000:INFO:  handled by,62,illumination,start camera
2026-03-26 14:40:39,308:hal4000:INFO:message:
2026-03-26 14:40:39,308:hal4000:INFO:  handled by,62,mosaic,start camera
2026-03-26 14:40:39,308:hal4000:INFO:message:
2026-03-26 14:40:39,308:hal4000:INFO:  handled by,62,mpb642,start camera
2026-03-26 14:40:39,309:hal4000:INFO:message:
2026-03-26 14:40:39,309:hal4000:INFO:  handled by,62,none_irlaser,start camera
2026-03-26 14:40:39,309:hal4000:INFO:message:
2026-03-26 14:40:39,309:hal4000:INFO:  handled by,62,obis405,start camera
2026-03-26 14:40:39,310:hal4000:INFO:message:
2026-03-26 14:40:39,310:hal4000:INFO:  handled by,62,pi_controller,start camera
2026-03-26 14:40:39,310:hal4000:INFO:message:
2026-03-26 14:40:39,310:hal4000:INFO:  handled by,62,progressions,start camera
2026-03-26 14:40:39,311:hal4000:INFO:message:
2026-03-26 14:40:39,311:hal4000:INFO:  handled by,62,scmos_cal,start camera
2026-03-26 14:40:39,311:hal4000:INFO:message:
2026-03-26 14:40:39,311:hal4000:INFO:  handled by,62,settings,start camera
2026-03-26 14:40:39,311:hal4000:INFO:message:
2026-03-26 14:40:39,312:hal4000:INFO:  handled by,62,spotcounter,start camera
2026-03-26 14:40:39,312:hal4000:INFO:message:
2026-03-26 14:40:39,313:hal4000:INFO:  handled by,62,stage,start camera
2026-03-26 14:40:39,313:hal4000:INFO:message:
2026-03-26 14:40:39,313:hal4000:INFO:  handled by,62,tcp_control,start camera
2026-03-26 14:40:39,313:hal4000:INFO:message:
2026-03-26 14:40:39,313:hal4000:INFO:  handled by,62,timing,start camera
2026-03-26 14:40:39,314:hal4000:INFO:message:
2026-03-26 14:40:39,314:hal4000:INFO:  handled by,62,uc480_camera,start camera
2026-03-26 14:40:39,314:hal4000:INFO:message:
2026-03-26 14:40:39,314:hal4000:INFO:  handled by,62,z_stage,start camera
2026-03-26 14:40:39,315:hal4000:INFO:message:
2026-03-26 14:40:39,315:hal4000:INFO:  sent,63,illumination,new shutters file
2026-03-26 14:40:39,316:hal4000:INFO:message:
2026-03-26 14:40:39,316:hal4000:INFO:  worker started 60000,62,film,start camera
2026-03-26 14:40:39,316:hal4000:INFO:message:
2026-03-26 14:40:39,316:hal4000:INFO:  handled by,63,hal,new shutters file
2026-03-26 14:40:39,317:hal4000:INFO:message:
2026-03-26 14:40:39,317:hal4000:INFO:  handled by,63,aotf,new shutters file
2026-03-26 14:40:39,318:hal4000:INFO:message:
2026-03-26 14:40:39,318:hal4000:INFO:  handled by,63,clemex_stage,new shutters file
2026-03-26 14:40:39,318:hal4000:INFO:message:
2026-03-26 14:40:39,318:hal4000:INFO:  handled by,63,coherentGenesis488,new shutters file
2026-03-26 14:40:39,318:hal4000:INFO:message:
2026-03-26 14:40:39,318:hal4000:INFO:  handled by,63,coherentGenesis560,new shutters file
2026-03-26 14:40:39,319:hal4000:INFO:message:
2026-03-26 14:40:39,319:hal4000:INFO:  handled by,63,display,new shutters file
2026-03-26 14:40:39,319:hal4000:INFO:message:
2026-03-26 14:40:39,319:hal4000:INFO:  handled by,63,feeds,new shutters file
2026-03-26 14:40:39,320:hal4000:INFO:message:
2026-03-26 14:40:39,320:hal4000:INFO:  handled by,63,film,new shutters file
2026-03-26 14:40:39,320:hal4000:INFO:message:
2026-03-26 14:40:39,320:hal4000:INFO:  handled by,63,focuslock,new shutters file
2026-03-26 14:40:39,321:hal4000:INFO:message:
2026-03-26 14:40:39,321:hal4000:INFO:  queued,65,illumination,configuration
2026-03-26 14:40:39,322:hal4000:INFO:message:
2026-03-26 14:40:39,322:hal4000:INFO:  handled by,63,illumination,new shutters file
2026-03-26 14:40:39,322:hal4000:INFO:message:
2026-03-26 14:40:39,322:hal4000:INFO:  handled by,63,mosaic,new shutters file
2026-03-26 14:40:39,322:hal4000:INFO:message:
2026-03-26 14:40:39,323:hal4000:INFO:  handled by,63,mpb642,new shutters file
2026-03-26 14:40:39,323:hal4000:INFO:message:
2026-03-26 14:40:39,323:hal4000:INFO:  handled by,63,none_irlaser,new shutters file
2026-03-26 14:40:39,324:hal4000:INFO:message:
2026-03-26 14:40:39,324:hal4000:INFO:  handled by,63,obis405,new shutters file
2026-03-26 14:40:39,324:hal4000:INFO:message:
2026-03-26 14:40:39,324:hal4000:INFO:  handled by,63,pi_controller,new shutters file
2026-03-26 14:40:39,325:hal4000:INFO:message:
2026-03-26 14:40:39,325:hal4000:INFO:  handled by,63,progressions,new shutters file
2026-03-26 14:40:39,325:hal4000:INFO:message:
2026-03-26 14:40:39,325:hal4000:INFO:  handled by,63,scmos_cal,new shutters file
2026-03-26 14:40:39,326:hal4000:INFO:message:
2026-03-26 14:40:39,326:hal4000:INFO:  handled by,63,settings,new shutters file
2026-03-26 14:40:39,326:hal4000:INFO:message:
2026-03-26 14:40:39,326:hal4000:INFO:  handled by,63,spotcounter,new shutters file
2026-03-26 14:40:39,326:hal4000:INFO:message:
2026-03-26 14:40:39,327:hal4000:INFO:  handled by,63,stage,new shutters file
2026-03-26 14:40:39,327:hal4000:INFO:message:
2026-03-26 14:40:39,327:hal4000:INFO:  handled by,63,tcp_control,new shutters file
2026-03-26 14:40:39,327:hal4000:INFO:message:
2026-03-26 14:40:39,328:hal4000:INFO:  handled by,63,timing,new shutters file
2026-03-26 14:40:39,328:hal4000:INFO:message:
2026-03-26 14:40:39,328:hal4000:INFO:  handled by,63,uc480_camera,new shutters file
2026-03-26 14:40:39,328:hal4000:INFO:message:
2026-03-26 14:40:39,328:hal4000:INFO:  handled by,63,z_stage,new shutters file
2026-03-26 14:40:39,329:hal4000:INFO:message:
2026-03-26 14:40:39,329:hal4000:INFO:  sent,64,spotcounter,get functionality
2026-03-26 14:40:39,330:hal4000:INFO:message:
2026-03-26 14:40:39,330:hal4000:INFO:  handled by,64,hal,get functionality
2026-03-26 14:40:39,331:hal4000:INFO:message:
2026-03-26 14:40:39,331:hal4000:INFO:  handled by,64,aotf,get functionality
2026-03-26 14:40:39,331:hal4000:INFO:message:
2026-03-26 14:40:39,331:hal4000:INFO:  handled by,64,clemex_stage,get functionality
2026-03-26 14:40:39,332:hal4000:INFO:message:
2026-03-26 14:40:39,332:hal4000:INFO:  handled by,64,coherentGenesis488,get functionality
2026-03-26 14:40:39,332:hal4000:INFO:message:
2026-03-26 14:40:39,332:hal4000:INFO:  handled by,64,coherentGenesis560,get functionality
2026-03-26 14:40:39,333:hal4000:INFO:message:
2026-03-26 14:40:39,333:hal4000:INFO:  handled by,64,display,get functionality
2026-03-26 14:40:39,333:hal4000:INFO:message:
2026-03-26 14:40:39,333:hal4000:INFO:  handled by,64,feeds,get functionality
2026-03-26 14:40:39,334:hal4000:INFO:message:
2026-03-26 14:40:39,334:hal4000:INFO:  handled by,64,film,get functionality
2026-03-26 14:40:39,334:hal4000:INFO:message:
2026-03-26 14:40:39,334:hal4000:INFO:  handled by,64,focuslock,get functionality
2026-03-26 14:40:39,335:hal4000:INFO:message:
2026-03-26 14:40:39,335:hal4000:INFO:  handled by,64,illumination,get functionality
2026-03-26 14:40:39,336:hal4000:INFO:message:
2026-03-26 14:40:39,336:hal4000:INFO:  handled by,64,mosaic,get functionality
2026-03-26 14:40:39,336:hal4000:INFO:message:
2026-03-26 14:40:39,336:hal4000:INFO:  handled by,64,mpb642,get functionality
2026-03-26 14:40:39,336:hal4000:INFO:message:
2026-03-26 14:40:39,337:hal4000:INFO:  handled by,64,none_irlaser,get functionality
2026-03-26 14:40:39,337:hal4000:INFO:message:
2026-03-26 14:40:39,337:hal4000:INFO:  handled by,64,obis405,get functionality
2026-03-26 14:40:39,338:hal4000:INFO:message:
2026-03-26 14:40:39,338:hal4000:INFO:  handled by,64,pi_controller,get functionality
2026-03-26 14:40:39,338:hal4000:INFO:message:
2026-03-26 14:40:39,338:hal4000:INFO:  handled by,64,progressions,get functionality
2026-03-26 14:40:39,338:hal4000:INFO:message:
2026-03-26 14:40:39,339:hal4000:INFO:  handled by,64,scmos_cal,get functionality
2026-03-26 14:40:39,339:hal4000:INFO:message:
2026-03-26 14:40:39,339:hal4000:INFO:  handled by,64,settings,get functionality
2026-03-26 14:40:39,339:hal4000:INFO:message:
2026-03-26 14:40:39,340:hal4000:INFO:  handled by,64,spotcounter,get functionality
2026-03-26 14:40:39,340:hal4000:INFO:message:
2026-03-26 14:40:39,340:hal4000:INFO:  handled by,64,stage,get functionality
2026-03-26 14:40:39,340:hal4000:INFO:message:
2026-03-26 14:40:39,340:hal4000:INFO:  handled by,64,tcp_control,get functionality
2026-03-26 14:40:39,341:hal4000:INFO:message:
2026-03-26 14:40:39,342:hal4000:INFO:  handled by,64,timing,get functionality
2026-03-26 14:40:39,342:hal4000:INFO:message:
2026-03-26 14:40:39,342:hal4000:INFO:  handled by,64,uc480_camera,get functionality
2026-03-26 14:40:39,342:hal4000:INFO:message:
2026-03-26 14:40:39,343:hal4000:INFO:  handled by,64,z_stage,get functionality
2026-03-26 14:40:39,343:hal4000:INFO:message:
2026-03-26 14:40:39,343:hal4000:INFO:  sent,65,illumination,configuration
2026-03-26 14:40:39,345:hal4000:INFO:message:
2026-03-26 14:40:39,346:hal4000:INFO:  handled by,65,hal,configuration
2026-03-26 14:40:39,346:hal4000:INFO:message:
2026-03-26 14:40:39,346:hal4000:INFO:  handled by,65,aotf,configuration
2026-03-26 14:40:39,346:hal4000:INFO:message:
2026-03-26 14:40:39,346:hal4000:INFO:  handled by,65,clemex_stage,configuration
2026-03-26 14:40:39,347:hal4000:INFO:message:
2026-03-26 14:40:39,347:hal4000:INFO:  handled by,65,coherentGenesis488,configuration
2026-03-26 14:40:39,347:hal4000:INFO:message:
2026-03-26 14:40:39,347:hal4000:INFO:  handled by,65,coherentGenesis560,configuration
2026-03-26 14:40:39,348:hal4000:INFO:message:
2026-03-26 14:40:39,348:hal4000:INFO:  handled by,65,display,configuration
2026-03-26 14:40:39,348:hal4000:INFO:message:
2026-03-26 14:40:39,348:hal4000:INFO:  handled by,65,feeds,configuration
2026-03-26 14:40:39,349:hal4000:INFO:message:
2026-03-26 14:40:39,349:hal4000:INFO:  handled by,65,film,configuration
2026-03-26 14:40:39,349:hal4000:INFO:message:
2026-03-26 14:40:39,349:hal4000:INFO:  handled by,65,focuslock,configuration
2026-03-26 14:40:39,349:hal4000:INFO:message:
2026-03-26 14:40:39,350:hal4000:INFO:  handled by,65,illumination,configuration
2026-03-26 14:40:39,350:hal4000:INFO:message:
2026-03-26 14:40:39,350:hal4000:INFO:  handled by,65,mosaic,configuration
2026-03-26 14:40:39,350:hal4000:INFO:message:
2026-03-26 14:40:39,351:hal4000:INFO:  handled by,65,mpb642,configuration
2026-03-26 14:40:39,351:hal4000:INFO:message:
2026-03-26 14:40:39,351:hal4000:INFO:  handled by,65,none_irlaser,configuration
2026-03-26 14:40:39,351:hal4000:INFO:message:
2026-03-26 14:40:39,351:hal4000:INFO:  handled by,65,obis405,configuration
2026-03-26 14:40:39,352:hal4000:INFO:message:
2026-03-26 14:40:39,352:hal4000:INFO:  handled by,65,pi_controller,configuration
2026-03-26 14:40:39,352:hal4000:INFO:message:
2026-03-26 14:40:39,353:hal4000:INFO:  handled by,65,progressions,configuration
2026-03-26 14:40:39,353:hal4000:INFO:message:
2026-03-26 14:40:39,353:hal4000:INFO:  handled by,65,scmos_cal,configuration
2026-03-26 14:40:39,353:hal4000:INFO:message:
2026-03-26 14:40:39,354:hal4000:INFO:  handled by,65,settings,configuration
2026-03-26 14:40:39,354:hal4000:INFO:message:
2026-03-26 14:40:39,354:hal4000:INFO:  handled by,65,spotcounter,configuration
2026-03-26 14:40:39,354:hal4000:INFO:message:
2026-03-26 14:40:39,354:hal4000:INFO:  handled by,65,stage,configuration
2026-03-26 14:40:39,355:hal4000:INFO:message:
2026-03-26 14:40:39,355:hal4000:INFO:  handled by,65,tcp_control,configuration
2026-03-26 14:40:39,355:hal4000:INFO:message:
2026-03-26 14:40:39,355:hal4000:INFO:  handled by,65,timing,configuration
2026-03-26 14:40:39,356:hal4000:INFO:message:
2026-03-26 14:40:39,356:hal4000:INFO:  handled by,65,uc480_camera,configuration
2026-03-26 14:40:39,356:hal4000:INFO:message:
2026-03-26 14:40:39,356:hal4000:INFO:  handled by,65,z_stage,configuration
2026-03-26 14:40:39,408:hal4000:INFO:message:
2026-03-26 14:40:39,408:hal4000:INFO:  Fitting problem: Number of calls to function has reached maxfev = 500.
2026-03-26 14:40:39,635:hal4000:INFO:message:
2026-03-26 14:40:39,635:hal4000:INFO:  Fitting problem: Number of calls to function has reached maxfev = 500.
2026-03-26 14:40:39,646:hal4000:INFO:message:
2026-03-26 14:40:39,646:hal4000:INFO:  handled by,62,camera1,start camera
2026-03-26 14:40:39,647:hal4000:INFO:message:
2026-03-26 14:40:39,647:hal4000:INFO:  processed,62,film,start camera
2026-03-26 14:40:39,647:hal4000:INFO:message:
2026-03-26 14:40:39,647:hal4000:INFO:  worker done,62,film,start camera
2026-03-26 14:40:39,647:hal4000:INFO:message:
2026-03-26 14:40:39,648:hal4000:INFO:  handled by,63,camera1,new shutters file
2026-03-26 14:40:39,648:hal4000:INFO:message:
2026-03-26 14:40:39,648:hal4000:INFO:  processed,63,illumination,new shutters file
2026-03-26 14:40:39,648:hal4000:INFO:message:
2026-03-26 14:40:39,648:hal4000:INFO:  handled by,64,camera1,get functionality
2026-03-26 14:40:39,648:hal4000:INFO:message:
2026-03-26 14:40:39,649:hal4000:INFO:  processed,64,spotcounter,get functionality
2026-03-26 14:40:39,650:hal4000:INFO:message:
2026-03-26 14:40:39,651:hal4000:INFO:  handled by,65,camera1,configuration
2026-03-26 14:40:39,651:hal4000:INFO:message:
2026-03-26 14:40:39,651:hal4000:INFO:  processed,65,illumination,configuration
2026-03-26 14:40:39,860:hal4000:INFO:message:
2026-03-26 14:40:39,860:hal4000:INFO:  Fitting problem: Number of calls to function has reached maxfev = 500.
2026-03-26 14:40:40,094:hal4000:INFO:message:
2026-03-26 14:40:40,094:hal4000:INFO:  Fitting problem: Number of calls to function has reached maxfev = 500.
2026-03-26 14:40:40,331:hal4000:INFO:message:
2026-03-26 14:40:40,331:hal4000:INFO:  Fitting problem: Number of calls to function has reached maxfev = 500.
2026-03-26 14:40:40,568:hal4000:INFO:message:
2026-03-26 14:40:40,568:hal4000:INFO:  Fitting problem: Number of calls to function has reached maxfev = 500.
2026-03-26 14:40:40,813:hal4000:INFO:message:
2026-03-26 14:40:40,813:hal4000:INFO:  Fitting problem: Number of calls to function has reached maxfev = 500.
2026-03-26 14:40:41,052:hal4000:INFO:message:
2026-03-26 14:40:41,052:hal4000:INFO:  Fitting problem: Number of calls to function has reached maxfev = 500.
2026-03-26 14:40:41,306:hal4000:INFO:message:
2026-03-26 14:40:41,308:hal4000:INFO:  Fitting problem: Number of calls to function has reached maxfev = 500.
2026-03-26 14:40:41,543:hal4000:INFO:message:
2026-03-26 14:40:41,543:hal4000:INFO:  Fitting problem: Number of calls to function has reached maxfev = 500.
2026-03-26 14:40:41,783:hal4000:INFO:message:
2026-03-26 14:40:41,783:hal4000:INFO:  Fitting problem: Number of calls to function has reached maxfev = 500.
2026-03-26 14:40:42,024:hal4000:INFO:message:
2026-03-26 14:40:42,024:hal4000:INFO:  Fitting problem: Number of calls to function has reached maxfev = 500.
2026-03-26 14:40:42,266:hal4000:INFO:message:
2026-03-26 14:40:42,266:hal4000:INFO:  Fitting problem: Number of calls to function has reached maxfev = 500.
2026-03-26 14:40:42,507:hal4000:INFO:message:
2026-03-26 14:40:42,507:hal4000:INFO:  Fitting problem: Number of calls to function has reached maxfev = 500.
2026-03-26 14:40:42,758:hal4000:INFO:message:
2026-03-26 14:40:42,758:hal4000:INFO:  Fitting problem: Number of calls to function has reached maxfev = 500.
2026-03-26 14:40:42,993:hal4000:INFO:message:
2026-03-26 14:40:42,993:hal4000:INFO:  Fitting problem: Number of calls to function has reached maxfev = 500.
2026-03-26 14:40:43,231:hal4000:INFO:message:
2026-03-26 14:40:43,231:hal4000:INFO:  Fitting problem: Number of calls to function has reached maxfev = 500.
2026-03-26 14:40:43,476:hal4000:INFO:message:
2026-03-26 14:40:43,476:hal4000:INFO:  Fitting problem: Number of calls to function has reached maxfev = 500.
2026-03-26 14:40:43,710:hal4000:INFO:message:
2026-03-26 14:40:43,710:hal4000:INFO:  Fitting problem: Number of calls to function has reached maxfev = 500.
2026-03-26 14:40:43,943:hal4000:INFO:message:
2026-03-26 14:40:43,943:hal4000:INFO:  Fitting problem: Number of calls to function has reached maxfev = 500.
2026-03-26 14:40:44,203:hal4000:INFO:message:
2026-03-26 14:40:44,203:hal4000:INFO:  Fitting problem: Number of calls to function has reached maxfev = 500.
2026-03-26 14:40:44,455:hal4000:INFO:message:
2026-03-26 14:40:44,455:hal4000:INFO:  Fitting problem: Number of calls to function has reached maxfev = 500.
2026-03-26 14:40:44,707:hal4000:INFO:message:
2026-03-26 14:40:44,707:hal4000:INFO:  Fitting problem: Number of calls to function has reached maxfev = 500.
2026-03-26 14:40:44,948:hal4000:INFO:message:
2026-03-26 14:40:44,948:hal4000:INFO:  Fitting problem: Number of calls to function has reached maxfev = 500.
2026-03-26 14:40:45,216:hal4000:INFO:message:
2026-03-26 14:40:45,217:hal4000:INFO:  Fitting problem: Number of calls to function has reached maxfev = 500.
2026-03-26 14:40:45,457:hal4000:INFO:message:
2026-03-26 14:40:45,457:hal4000:INFO:  Fitting problem: Number of calls to function has reached maxfev = 500.
2026-03-26 14:40:45,696:hal4000:INFO:message:
2026-03-26 14:40:45,696:hal4000:INFO:  Fitting problem: Number of calls to function has reached maxfev = 500.
2026-03-26 14:40:45,945:hal4000:INFO:message:
2026-03-26 14:40:45,946:hal4000:INFO:  Fitting problem: Number of calls to function has reached maxfev = 500.
2026-03-26 14:40:46,197:hal4000:INFO:message:
2026-03-26 14:40:46,197:hal4000:INFO:  Fitting problem: Number of calls to function has reached maxfev = 500.
2026-03-26 14:40:46,448:hal4000:INFO:message:
2026-03-26 14:40:46,449:hal4000:INFO:  Fitting problem: Number of calls to function has reached maxfev = 500.
2026-03-26 14:40:46,699:hal4000:INFO:message:
2026-03-26 14:40:46,699:hal4000:INFO:  Fitting problem: Number of calls to function has reached maxfev = 500.
2026-03-26 14:40:46,948:hal4000:INFO:message:
2026-03-26 14:40:46,949:hal4000:INFO:  Fitting problem: Number of calls to function has reached maxfev = 500.
2026-03-26 14:40:47,196:hal4000:INFO:message:
2026-03-26 14:40:47,197:hal4000:INFO:  Fitting problem: Number of calls to function has reached maxfev = 500.
2026-03-26 14:40:47,429:hal4000:INFO:message:
2026-03-26 14:40:47,429:hal4000:INFO:  Fitting problem: Number of calls to function has reached maxfev = 500.
2026-03-26 14:40:47,660:hal4000:INFO:message:
2026-03-26 14:40:47,660:hal4000:INFO:  Fitting problem: Number of calls to function has reached maxfev = 500.
2026-03-26 14:40:47,901:hal4000:INFO:message:
2026-03-26 14:40:47,902:hal4000:INFO:  Fitting problem: Number of calls to function has reached maxfev = 500.
2026-03-26 14:40:48,138:hal4000:INFO:message:
2026-03-26 14:40:48,138:hal4000:INFO:  Fitting problem: Number of calls to function has reached maxfev = 500.
2026-03-26 14:40:48,375:hal4000:INFO:message:
2026-03-26 14:40:48,375:hal4000:INFO:  Fitting problem: Number of calls to function has reached maxfev = 500.
2026-03-26 14:40:48,608:hal4000:INFO:message:
2026-03-26 14:40:48,608:hal4000:INFO:  Fitting problem: Number of calls to function has reached maxfev = 500.
2026-03-26 14:40:48,844:hal4000:INFO:message:
2026-03-26 14:40:48,844:hal4000:INFO:  Fitting problem: Number of calls to function has reached maxfev = 500.
2026-03-26 14:40:49,076:hal4000:INFO:message:
2026-03-26 14:40:49,077:hal4000:INFO:  Fitting problem: Number of calls to function has reached maxfev = 500.
2026-03-26 14:40:49,311:hal4000:INFO:message:
2026-03-26 14:40:49,311:hal4000:INFO:  Fitting problem: Number of calls to function has reached maxfev = 500.
2026-03-26 14:40:49,544:hal4000:INFO:message:
2026-03-26 14:40:49,544:hal4000:INFO:  Fitting problem: Number of calls to function has reached maxfev = 500.
2026-03-26 14:40:49,774:hal4000:INFO:message:
2026-03-26 14:40:49,775:hal4000:INFO:  Fitting problem: Number of calls to function has reached maxfev = 500.
2026-03-26 14:40:50,006:hal4000:INFO:message:
2026-03-26 14:40:50,006:hal4000:INFO:  Fitting problem: Number of calls to function has reached maxfev = 500.
2026-03-26 14:40:50,241:hal4000:INFO:message:
2026-03-26 14:40:50,241:hal4000:INFO:  Fitting problem: Number of calls to function has reached maxfev = 500.
2026-03-26 14:40:50,483:hal4000:INFO:message:
2026-03-26 14:40:50,483:hal4000:INFO:  Fitting problem: Number of calls to function has reached maxfev = 500.
2026-03-26 14:40:50,717:hal4000:INFO:message:
2026-03-26 14:40:50,717:hal4000:INFO:  Fitting problem: Number of calls to function has reached maxfev = 500.
2026-03-26 14:40:50,954:hal4000:INFO:message:
2026-03-26 14:40:50,954:hal4000:INFO:  Fitting problem: Number of calls to function has reached maxfev = 500.
2026-03-26 14:40:51,191:hal4000:INFO:message:
2026-03-26 14:40:51,191:hal4000:INFO:  Fitting problem: Number of calls to function has reached maxfev = 500.
2026-03-26 14:40:51,428:hal4000:INFO:message:
2026-03-26 14:40:51,429:hal4000:INFO:  Fitting problem: Number of calls to function has reached maxfev = 500.
2026-03-26 14:40:51,853:hal4000:INFO:message:
2026-03-26 14:40:51,853:hal4000:INFO:  Fitting problem: Number of calls to function has reached maxfev = 500.
2026-03-26 14:40:52,086:hal4000:INFO:message:
2026-03-26 14:40:52,086:hal4000:INFO:  Fitting problem: Number of calls to function has reached maxfev = 500.
2026-03-26 14:40:52,323:hal4000:INFO:message:
2026-03-26 14:40:52,323:hal4000:INFO:  Fitting problem: Number of calls to function has reached maxfev = 500.
2026-03-26 14:40:52,565:hal4000:INFO:message:
2026-03-26 14:40:52,565:hal4000:INFO:  Fitting problem: Number of calls to function has reached maxfev = 500.
2026-03-26 14:40:52,802:hal4000:INFO:message:
2026-03-26 14:40:52,802:hal4000:INFO:  Fitting problem: Number of calls to function has reached maxfev = 500.
2026-03-26 14:40:53,038:hal4000:INFO:message:
2026-03-26 14:40:53,038:hal4000:INFO:  Fitting problem: Number of calls to function has reached maxfev = 500.
2026-03-26 14:40:53,273:hal4000:INFO:message:
2026-03-26 14:40:53,274:hal4000:INFO:  Fitting problem: Number of calls to function has reached maxfev = 500.
2026-03-26 14:40:53,511:hal4000:INFO:message:
2026-03-26 14:40:53,511:hal4000:INFO:  Fitting problem: Number of calls to function has reached maxfev = 500.
2026-03-26 14:40:53,748:hal4000:INFO:message:
2026-03-26 14:40:53,748:hal4000:INFO:  Fitting problem: Number of calls to function has reached maxfev = 500.
2026-03-26 14:40:54,185:hal4000:INFO:message:
2026-03-26 14:40:54,185:hal4000:INFO:  Fitting problem: Number of calls to function has reached maxfev = 500.
2026-03-26 14:40:54,426:hal4000:INFO:message:
2026-03-26 14:40:54,426:hal4000:INFO:  Fitting problem: Number of calls to function has reached maxfev = 500.
2026-03-26 14:40:54,661:hal4000:INFO:message:
2026-03-26 14:40:54,661:hal4000:INFO:  Fitting problem: Number of calls to function has reached maxfev = 500.
2026-03-26 14:40:54,893:hal4000:INFO:message:
2026-03-26 14:40:54,893:hal4000:INFO:  Fitting problem: Number of calls to function has reached maxfev = 500.
2026-03-26 14:40:55,127:hal4000:INFO:message:
2026-03-26 14:40:55,128:hal4000:INFO:  Fitting problem: Number of calls to function has reached maxfev = 500.
2026-03-26 14:40:55,361:hal4000:INFO:message:
2026-03-26 14:40:55,361:hal4000:INFO:  Fitting problem: Number of calls to function has reached maxfev = 500.
2026-03-26 14:40:55,594:hal4000:INFO:message:
2026-03-26 14:40:55,595:hal4000:INFO:  Fitting problem: Number of calls to function has reached maxfev = 500.
2026-03-26 14:40:55,826:hal4000:INFO:message:
2026-03-26 14:40:55,826:hal4000:INFO:  Fitting problem: Number of calls to function has reached maxfev = 500.
2026-03-26 14:40:56,065:hal4000:INFO:message:
2026-03-26 14:40:56,065:hal4000:INFO:  Fitting problem: Number of calls to function has reached maxfev = 500.
2026-03-26 14:40:56,301:hal4000:INFO:message:
2026-03-26 14:40:56,301:hal4000:INFO:  Fitting problem: Number of calls to function has reached maxfev = 500.
2026-03-26 14:40:56,537:hal4000:INFO:message:
2026-03-26 14:40:56,537:hal4000:INFO:  Fitting problem: Number of calls to function has reached maxfev = 500.
2026-03-26 14:40:56,773:hal4000:INFO:message:
2026-03-26 14:40:56,773:hal4000:INFO:  Fitting problem: Number of calls to function has reached maxfev = 500.
2026-03-26 14:40:57,008:hal4000:INFO:message:
2026-03-26 14:40:57,008:hal4000:INFO:  Fitting problem: Number of calls to function has reached maxfev = 500.
2026-03-26 14:40:57,247:hal4000:INFO:message:
2026-03-26 14:40:57,247:hal4000:INFO:  Fitting problem: Number of calls to function has reached maxfev = 500.
2026-03-26 14:40:57,483:hal4000:INFO:message:
2026-03-26 14:40:57,483:hal4000:INFO:  Fitting problem: Number of calls to function has reached maxfev = 500.
2026-03-26 14:40:57,723:hal4000:INFO:message:
2026-03-26 14:40:57,723:hal4000:INFO:  Fitting problem: Number of calls to function has reached maxfev = 500.
2026-03-26 14:40:57,958:hal4000:INFO:message:
2026-03-26 14:40:57,958:hal4000:INFO:  Fitting problem: Number of calls to function has reached maxfev = 500.
2026-03-26 14:40:58,195:hal4000:INFO:message:
2026-03-26 14:40:58,195:hal4000:INFO:  Fitting problem: Number of calls to function has reached maxfev = 500.
2026-03-26 14:40:58,431:hal4000:INFO:message:
2026-03-26 14:40:58,431:hal4000:INFO:  Fitting problem: Number of calls to function has reached maxfev = 500.
2026-03-26 14:40:58,659:hal4000:INFO:message:
2026-03-26 14:40:58,660:hal4000:INFO:  Fitting problem: Number of calls to function has reached maxfev = 500.
2026-03-26 14:40:58,885:hal4000:INFO:message:
2026-03-26 14:40:58,885:hal4000:INFO:  Fitting problem: Number of calls to function has reached maxfev = 500.
2026-03-26 14:40:59,111:hal4000:INFO:message:
2026-03-26 14:40:59,112:hal4000:INFO:  Fitting problem: Number of calls to function has reached maxfev = 500.
2026-03-26 14:40:59,338:hal4000:INFO:message:
2026-03-26 14:40:59,338:hal4000:INFO:  Fitting problem: Number of calls to function has reached maxfev = 500.
2026-03-26 14:40:59,564:hal4000:INFO:message:
2026-03-26 14:40:59,564:hal4000:INFO:  Fitting problem: Number of calls to function has reached maxfev = 500.
2026-03-26 14:40:59,796:hal4000:INFO:message:
2026-03-26 14:40:59,796:hal4000:INFO:  Fitting problem: Number of calls to function has reached maxfev = 500.
2026-03-26 14:41:00,028:hal4000:INFO:message:
2026-03-26 14:41:00,029:hal4000:INFO:  Fitting problem: Number of calls to function has reached maxfev = 500.
2026-03-26 14:41:00,257:hal4000:INFO:message:
2026-03-26 14:41:00,257:hal4000:INFO:  Fitting problem: Number of calls to function has reached maxfev = 500.
2026-03-26 14:41:00,481:hal4000:INFO:message:
2026-03-26 14:41:00,482:hal4000:INFO:  Fitting problem: Number of calls to function has reached maxfev = 500.
2026-03-26 14:41:00,709:hal4000:INFO:message:
2026-03-26 14:41:00,711:hal4000:INFO:  Fitting problem: Number of calls to function has reached maxfev = 500.
2026-03-26 14:41:00,940:hal4000:INFO:message:
2026-03-26 14:41:00,940:hal4000:INFO:  Fitting problem: Number of calls to function has reached maxfev = 500.
2026-03-26 14:41:01,176:hal4000:INFO:message:
2026-03-26 14:41:01,177:hal4000:INFO:  Fitting problem: Number of calls to function has reached maxfev = 500.
2026-03-26 14:41:01,410:hal4000:INFO:message:
2026-03-26 14:41:01,410:hal4000:INFO:  Fitting problem: Number of calls to function has reached maxfev = 500.
2026-03-26 14:41:01,642:hal4000:INFO:message:
2026-03-26 14:41:01,642:hal4000:INFO:  Fitting problem: Number of calls to function has reached maxfev = 500.
2026-03-26 14:41:01,875:hal4000:INFO:message:
2026-03-26 14:41:01,875:hal4000:INFO:  Fitting problem: Number of calls to function has reached maxfev = 500.
2026-03-26 14:41:02,111:hal4000:INFO:message:
2026-03-26 14:41:02,111:hal4000:INFO:  Fitting problem: Number of calls to function has reached maxfev = 500.
2026-03-26 14:41:02,344:hal4000:INFO:message:
2026-03-26 14:41:02,345:hal4000:INFO:  Fitting problem: Number of calls to function has reached maxfev = 500.
2026-03-26 14:41:02,576:hal4000:INFO:message:
2026-03-26 14:41:02,576:hal4000:INFO:  Fitting problem: Number of calls to function has reached maxfev = 500.
2026-03-26 14:41:02,802:hal4000:INFO:message:
2026-03-26 14:41:02,802:hal4000:INFO:  Fitting problem: Number of calls to function has reached maxfev = 500.
2026-03-26 14:41:03,030:hal4000:INFO:message:
2026-03-26 14:41:03,030:hal4000:INFO:  Fitting problem: Number of calls to function has reached maxfev = 500.
2026-03-26 14:41:03,258:hal4000:INFO:message:
2026-03-26 14:41:03,258:hal4000:INFO:  Fitting problem: Number of calls to function has reached maxfev = 500.
2026-03-26 14:41:03,484:hal4000:INFO:message:
2026-03-26 14:41:03,484:hal4000:INFO:  Fitting problem: Number of calls to function has reached maxfev = 500.
2026-03-26 14:41:03,707:hal4000:INFO:message:
2026-03-26 14:41:03,707:hal4000:INFO:  Fitting problem: Number of calls to function has reached maxfev = 500.
2026-03-26 14:41:03,933:hal4000:INFO:message:
2026-03-26 14:41:03,933:hal4000:INFO:  Fitting problem: Number of calls to function has reached maxfev = 500.
2026-03-26 14:41:04,163:hal4000:INFO:message:
2026-03-26 14:41:04,163:hal4000:INFO:  Fitting problem: Number of calls to function has reached maxfev = 500.
2026-03-26 14:41:04,398:hal4000:INFO:message:
2026-03-26 14:41:04,398:hal4000:INFO:  Fitting problem: Number of calls to function has reached maxfev = 500.
2026-03-26 14:41:04,631:hal4000:INFO:message:
2026-03-26 14:41:04,632:hal4000:INFO:  Fitting problem: Number of calls to function has reached maxfev = 500.
2026-03-26 14:41:04,866:hal4000:INFO:message:
2026-03-26 14:41:04,867:hal4000:INFO:  Fitting problem: Number of calls to function has reached maxfev = 500.
2026-03-26 14:41:05,100:hal4000:INFO:message:
2026-03-26 14:41:05,100:hal4000:INFO:  Fitting problem: Number of calls to function has reached maxfev = 500.
2026-03-26 14:41:05,328:hal4000:INFO:message:
2026-03-26 14:41:05,328:hal4000:INFO:  Fitting problem: Number of calls to function has reached maxfev = 500.
2026-03-26 14:41:05,556:hal4000:INFO:message:
2026-03-26 14:41:05,556:hal4000:INFO:  Fitting problem: Number of calls to function has reached maxfev = 500.
2026-03-26 14:41:05,784:hal4000:INFO:message:
2026-03-26 14:41:05,784:hal4000:INFO:  Fitting problem: Number of calls to function has reached maxfev = 500.
2026-03-26 14:41:06,016:hal4000:INFO:message:
2026-03-26 14:41:06,017:hal4000:INFO:  Fitting problem: Number of calls to function has reached maxfev = 500.
2026-03-26 14:41:06,244:hal4000:INFO:message:
2026-03-26 14:41:06,244:hal4000:INFO:  Fitting problem: Number of calls to function has reached maxfev = 500.
2026-03-26 14:41:06,784:hal4000:INFO:message:
2026-03-26 14:41:06,784:hal4000:INFO:  Fitting problem: Number of calls to function has reached maxfev = 500.
2026-03-26 14:41:07,012:hal4000:INFO:message:
2026-03-26 14:41:07,012:hal4000:INFO:  Fitting problem: Number of calls to function has reached maxfev = 500.
2026-03-26 14:41:07,241:hal4000:INFO:message:
2026-03-26 14:41:07,241:hal4000:INFO:  Fitting problem: Number of calls to function has reached maxfev = 500.
2026-03-26 14:41:07,467:hal4000:INFO:message:
2026-03-26 14:41:07,467:hal4000:INFO:  Fitting problem: Number of calls to function has reached maxfev = 500.
2026-03-26 14:41:07,952:hal4000:INFO:message:
2026-03-26 14:41:07,952:hal4000:INFO:  Fitting problem: Number of calls to function has reached maxfev = 500.
2026-03-26 14:41:08,179:hal4000:INFO:message:
2026-03-26 14:41:08,179:hal4000:INFO:  Fitting problem: Number of calls to function has reached maxfev = 500.
2026-03-26 14:41:08,408:hal4000:INFO:message:
2026-03-26 14:41:08,408:hal4000:INFO:  Fitting problem: Number of calls to function has reached maxfev = 500.
2026-03-26 14:41:08,634:hal4000:INFO:message:
2026-03-26 14:41:08,634:hal4000:INFO:  Fitting problem: Number of calls to function has reached maxfev = 500.
2026-03-26 14:41:08,863:hal4000:INFO:message:
2026-03-26 14:41:08,863:hal4000:INFO:  Fitting problem: Number of calls to function has reached maxfev = 500.
2026-03-26 14:41:09,095:hal4000:INFO:message:
2026-03-26 14:41:09,095:hal4000:INFO:  Fitting problem: Number of calls to function has reached maxfev = 500.
2026-03-26 14:41:09,319:hal4000:INFO:message:
2026-03-26 14:41:09,319:hal4000:INFO:  Fitting problem: Number of calls to function has reached maxfev = 500.
2026-03-26 14:41:09,548:hal4000:INFO:message:
2026-03-26 14:41:09,548:hal4000:INFO:  Fitting problem: Number of calls to function has reached maxfev = 500.
2026-03-26 14:41:09,775:hal4000:INFO:message:
2026-03-26 14:41:09,776:hal4000:INFO:  Fitting problem: Number of calls to function has reached maxfev = 500.
2026-03-26 14:41:10,003:hal4000:INFO:message:
2026-03-26 14:41:10,004:hal4000:INFO:  Fitting problem: Number of calls to function has reached maxfev = 500.
2026-03-26 14:41:10,232:hal4000:INFO:message:
2026-03-26 14:41:10,233:hal4000:INFO:  Fitting problem: Number of calls to function has reached maxfev = 500.
2026-03-26 14:41:10,460:hal4000:INFO:message:
2026-03-26 14:41:10,461:hal4000:INFO:  Fitting problem: Number of calls to function has reached maxfev = 500.
2026-03-26 14:41:10,772:hal4000:INFO:message:
2026-03-26 14:41:10,772:hal4000:INFO:  Fitting problem: Number of calls to function has reached maxfev = 500.
2026-03-26 14:41:11,008:hal4000:INFO:message:
2026-03-26 14:41:11,008:hal4000:INFO:  Fitting problem: Number of calls to function has reached maxfev = 500.
2026-03-26 14:41:11,240:hal4000:INFO:message:
2026-03-26 14:41:11,240:hal4000:INFO:  Fitting problem: Number of calls to function has reached maxfev = 500.
2026-03-26 14:41:11,474:hal4000:INFO:message:
2026-03-26 14:41:11,474:hal4000:INFO:  Fitting problem: Number of calls to function has reached maxfev = 500.
2026-03-26 14:41:11,711:hal4000:INFO:message:
2026-03-26 14:41:11,711:hal4000:INFO:  Fitting problem: Number of calls to function has reached maxfev = 500.
2026-03-26 14:41:11,948:hal4000:INFO:message:
2026-03-26 14:41:11,949:hal4000:INFO:  Fitting problem: Number of calls to function has reached maxfev = 500.
2026-03-26 14:41:12,182:hal4000:INFO:message:
2026-03-26 14:41:12,182:hal4000:INFO:  Fitting problem: Number of calls to function has reached maxfev = 500.
2026-03-26 14:41:12,418:hal4000:INFO:message:
2026-03-26 14:41:12,418:hal4000:INFO:  Fitting problem: Number of calls to function has reached maxfev = 500.
2026-03-26 14:41:12,651:hal4000:INFO:message:
2026-03-26 14:41:12,651:hal4000:INFO:  Fitting problem: Number of calls to function has reached maxfev = 500.
2026-03-26 14:41:12,886:hal4000:INFO:message:
2026-03-26 14:41:12,886:hal4000:INFO:  Fitting problem: Number of calls to function has reached maxfev = 500.
2026-03-26 14:41:13,117:hal4000:INFO:message:
2026-03-26 14:41:13,117:hal4000:INFO:  Fitting problem: Number of calls to function has reached maxfev = 500.
2026-03-26 14:41:13,348:hal4000:INFO:message:
2026-03-26 14:41:13,348:hal4000:INFO:  Fitting problem: Number of calls to function has reached maxfev = 500.
2026-03-26 14:41:13,581:hal4000:INFO:message:
2026-03-26 14:41:13,581:hal4000:INFO:  Fitting problem: Number of calls to function has reached maxfev = 500.
2026-03-26 14:41:13,818:hal4000:INFO:message:
2026-03-26 14:41:13,818:hal4000:INFO:  Fitting problem: Number of calls to function has reached maxfev = 500.
2026-03-26 14:41:14,056:hal4000:INFO:message:
2026-03-26 14:41:14,056:hal4000:INFO:  Fitting problem: Number of calls to function has reached maxfev = 500.
2026-03-26 14:41:14,288:hal4000:INFO:message:
2026-03-26 14:41:14,288:hal4000:INFO:  Fitting problem: Number of calls to function has reached maxfev = 500.
2026-03-26 14:41:14,514:hal4000:INFO:message:
2026-03-26 14:41:14,514:hal4000:INFO:  Fitting problem: Number of calls to function has reached maxfev = 500.
2026-03-26 14:41:14,951:hal4000:INFO:message:
2026-03-26 14:41:14,951:hal4000:INFO:  Fitting problem: Number of calls to function has reached maxfev = 500.
2026-03-26 14:41:15,285:hal4000:INFO:message:
2026-03-26 14:41:15,285:hal4000:INFO:  Fitting problem: Number of calls to function has reached maxfev = 500.
2026-03-26 14:41:15,726:hal4000:INFO:message:
2026-03-26 14:41:15,726:hal4000:INFO:  Fitting problem: Number of calls to function has reached maxfev = 500.
2026-03-26 14:41:16,060:hal4000:INFO:message:
2026-03-26 14:41:16,060:hal4000:INFO:  Fitting problem: Number of calls to function has reached maxfev = 500.
2026-03-26 14:41:16,392:hal4000:INFO:message:
2026-03-26 14:41:16,392:hal4000:INFO:  Fitting problem: Number of calls to function has reached maxfev = 500.
2026-03-26 14:41:16,619:hal4000:INFO:message:
2026-03-26 14:41:16,619:hal4000:INFO:  Fitting problem: Number of calls to function has reached maxfev = 500.
2026-03-26 14:41:16,849:hal4000:INFO:message:
2026-03-26 14:41:16,849:hal4000:INFO:  Fitting problem: Number of calls to function has reached maxfev = 500.
2026-03-26 14:41:17,077:hal4000:INFO:message:
2026-03-26 14:41:17,077:hal4000:INFO:  Fitting problem: Number of calls to function has reached maxfev = 500.
2026-03-26 14:41:17,305:hal4000:INFO:message:
2026-03-26 14:41:17,306:hal4000:INFO:  Fitting problem: Number of calls to function has reached maxfev = 500.
2026-03-26 14:41:17,539:hal4000:INFO:message:
2026-03-26 14:41:17,539:hal4000:INFO:  Fitting problem: Number of calls to function has reached maxfev = 500.
2026-03-26 14:41:17,774:hal4000:INFO:message:
2026-03-26 14:41:17,774:hal4000:INFO:  Fitting problem: Number of calls to function has reached maxfev = 500.
2026-03-26 14:41:18,012:hal4000:INFO:message:
2026-03-26 14:41:18,012:hal4000:INFO:  Fitting problem: Number of calls to function has reached maxfev = 500.
2026-03-26 14:41:18,245:hal4000:INFO:message:
2026-03-26 14:41:18,246:hal4000:INFO:  Fitting problem: Number of calls to function has reached maxfev = 500.
2026-03-26 14:41:18,578:hal4000:INFO:message:
2026-03-26 14:41:18,578:hal4000:INFO:  Fitting problem: Number of calls to function has reached maxfev = 500.
2026-03-26 14:41:18,984:hal4000:INFO:message:
2026-03-26 14:41:18,985:hal4000:INFO:  Fitting problem: Number of calls to function has reached maxfev = 500.
2026-03-26 14:41:19,211:hal4000:INFO:message:
2026-03-26 14:41:19,211:hal4000:INFO:  Fitting problem: Number of calls to function has reached maxfev = 500.
2026-03-26 14:41:19,663:hal4000:INFO:message:
2026-03-26 14:41:19,663:hal4000:INFO:  Fitting problem: Number of calls to function has reached maxfev = 500.
2026-03-26 14:41:19,889:hal4000:INFO:message:
2026-03-26 14:41:19,889:hal4000:INFO:  Fitting problem: Number of calls to function has reached maxfev = 500.
2026-03-26 14:41:20,118:hal4000:INFO:message:
2026-03-26 14:41:20,118:hal4000:INFO:  Fitting problem: Number of calls to function has reached maxfev = 500.
2026-03-26 14:41:20,341:hal4000:INFO:message:
2026-03-26 14:41:20,341:hal4000:INFO:  Fitting problem: Number of calls to function has reached maxfev = 500.
2026-03-26 14:41:20,565:hal4000:INFO:message:
2026-03-26 14:41:20,565:hal4000:INFO:  Fitting problem: Number of calls to function has reached maxfev = 500.
2026-03-26 14:41:20,790:hal4000:INFO:message:
2026-03-26 14:41:20,790:hal4000:INFO:  Fitting problem: Number of calls to function has reached maxfev = 500.
2026-03-26 14:41:21,137:hal4000:INFO:message:
2026-03-26 14:41:21,137:hal4000:INFO:  Fitting problem: Number of calls to function has reached maxfev = 500.
2026-03-26 14:41:21,366:hal4000:INFO:message:
2026-03-26 14:41:21,366:hal4000:INFO:  Fitting problem: Number of calls to function has reached maxfev = 500.
2026-03-26 14:41:21,803:hal4000:INFO:message:
2026-03-26 14:41:21,803:hal4000:INFO:  Fitting problem: Number of calls to function has reached maxfev = 500.
2026-03-26 14:41:22,145:hal4000:INFO:message:
2026-03-26 14:41:22,145:hal4000:INFO:  Fitting problem: Number of calls to function has reached maxfev = 500.
2026-03-26 14:41:22,370:hal4000:INFO:message:
2026-03-26 14:41:22,370:hal4000:INFO:  Fitting problem: Number of calls to function has reached maxfev = 500.
2026-03-26 14:41:22,598:hal4000:INFO:message:
2026-03-26 14:41:22,598:hal4000:INFO:  Fitting problem: Number of calls to function has reached maxfev = 500.
2026-03-26 14:41:22,825:hal4000:INFO:message:
2026-03-26 14:41:22,825:hal4000:INFO:  Fitting problem: Number of calls to function has reached maxfev = 500.
2026-03-26 14:41:23,167:hal4000:INFO:message:
2026-03-26 14:41:23,167:hal4000:INFO:  Fitting problem: Number of calls to function has reached maxfev = 500.
2026-03-26 14:41:23,393:hal4000:INFO:message:
2026-03-26 14:41:23,394:hal4000:INFO:  Fitting problem: Number of calls to function has reached maxfev = 500.
2026-03-26 14:41:23,624:hal4000:INFO:message:
2026-03-26 14:41:23,624:hal4000:INFO:  Fitting problem: Number of calls to function has reached maxfev = 500.
2026-03-26 14:41:23,984:hal4000:INFO:message:
2026-03-26 14:41:23,984:hal4000:INFO:  Fitting problem: Number of calls to function has reached maxfev = 500.
2026-03-26 14:41:24,218:hal4000:INFO:message:
2026-03-26 14:41:24,218:hal4000:INFO:  Fitting problem: Number of calls to function has reached maxfev = 500.
2026-03-26 14:41:24,455:hal4000:INFO:message:
2026-03-26 14:41:24,455:hal4000:INFO:  Fitting problem: Number of calls to function has reached maxfev = 500.
2026-03-26 14:41:24,690:hal4000:INFO:message:
2026-03-26 14:41:24,690:hal4000:INFO:  Fitting problem: Number of calls to function has reached maxfev = 500.
2026-03-26 14:41:24,924:hal4000:INFO:message:
2026-03-26 14:41:24,924:hal4000:INFO:  Fitting problem: Number of calls to function has reached maxfev = 500.
2026-03-26 14:41:25,157:hal4000:INFO:message:
2026-03-26 14:41:25,157:hal4000:INFO:  Fitting problem: Number of calls to function has reached maxfev = 500.
2026-03-26 14:41:25,391:hal4000:INFO:message:
2026-03-26 14:41:25,391:hal4000:INFO:  Fitting problem: Number of calls to function has reached maxfev = 500.
2026-03-26 14:41:25,628:hal4000:INFO:message:
2026-03-26 14:41:25,628:hal4000:INFO:  Fitting problem: Number of calls to function has reached maxfev = 500.
2026-03-26 14:41:25,859:hal4000:INFO:message:
2026-03-26 14:41:25,859:hal4000:INFO:  Fitting problem: Number of calls to function has reached maxfev = 500.
2026-03-26 14:41:26,092:hal4000:INFO:message:
2026-03-26 14:41:26,092:hal4000:INFO:  Fitting problem: Number of calls to function has reached maxfev = 500.
2026-03-26 14:41:26,325:hal4000:INFO:message:
2026-03-26 14:41:26,326:hal4000:INFO:  Fitting problem: Number of calls to function has reached maxfev = 500.
2026-03-26 14:41:26,566:hal4000:INFO:message:
2026-03-26 14:41:26,566:hal4000:INFO:  Fitting problem: Number of calls to function has reached maxfev = 500.
2026-03-26 14:41:26,796:hal4000:INFO:message:
2026-03-26 14:41:26,796:hal4000:INFO:  Fitting problem: Number of calls to function has reached maxfev = 500.
2026-03-26 14:41:27,028:hal4000:INFO:message:
2026-03-26 14:41:27,028:hal4000:INFO:  Fitting problem: Number of calls to function has reached maxfev = 500.
2026-03-26 14:41:27,261:hal4000:INFO:message:
2026-03-26 14:41:27,262:hal4000:INFO:  Fitting problem: Number of calls to function has reached maxfev = 500.
2026-03-26 14:41:29,412:hal4000:INFO:message:
2026-03-26 14:41:29,412:hal4000:INFO:  Fitting problem: Number of calls to function has reached maxfev = 500.
2026-03-26 14:41:29,653:hal4000:INFO:message:
2026-03-26 14:41:29,653:hal4000:INFO:  Fitting problem: Number of calls to function has reached maxfev = 500.
2026-03-26 14:41:29,894:hal4000:INFO:message:
2026-03-26 14:41:29,894:hal4000:INFO:  Fitting problem: Number of calls to function has reached maxfev = 500.
2026-03-26 14:41:30,141:hal4000:INFO:message:
2026-03-26 14:41:30,141:hal4000:INFO:  Fitting problem: Number of calls to function has reached maxfev = 500.
2026-03-26 14:41:30,375:hal4000:INFO:message:
2026-03-26 14:41:30,375:hal4000:INFO:  Fitting problem: Number of calls to function has reached maxfev = 500.
2026-03-26 14:41:30,612:hal4000:INFO:message:
2026-03-26 14:41:30,612:hal4000:INFO:  Fitting problem: Number of calls to function has reached maxfev = 500.
2026-03-26 14:41:30,848:hal4000:INFO:message:
2026-03-26 14:41:30,848:hal4000:INFO:  Fitting problem: Number of calls to function has reached maxfev = 500.
2026-03-26 14:41:31,094:hal4000:INFO:message:
2026-03-26 14:41:31,094:hal4000:INFO:  Fitting problem: Number of calls to function has reached maxfev = 500.
2026-03-26 14:41:31,335:hal4000:INFO:message:
2026-03-26 14:41:31,335:hal4000:INFO:  Fitting problem: Number of calls to function has reached maxfev = 500.
2026-03-26 14:41:31,567:hal4000:INFO:message:
2026-03-26 14:41:31,567:hal4000:INFO:  Fitting problem: Number of calls to function has reached maxfev = 500.
2026-03-26 14:41:31,814:hal4000:INFO:message:
2026-03-26 14:41:31,814:hal4000:INFO:  Fitting problem: Number of calls to function has reached maxfev = 500.
2026-03-26 14:41:32,041:hal4000:INFO:message:
2026-03-26 14:41:32,041:hal4000:INFO:  Fitting problem: Number of calls to function has reached maxfev = 500.
2026-03-26 14:41:32,277:hal4000:INFO:message:
2026-03-26 14:41:32,277:hal4000:INFO:  Fitting problem: Number of calls to function has reached maxfev = 500.
2026-03-26 14:41:32,512:hal4000:INFO:message:
2026-03-26 14:41:32,512:hal4000:INFO:  Fitting problem: Number of calls to function has reached maxfev = 500.
2026-03-26 14:41:32,749:hal4000:INFO:message:
2026-03-26 14:41:32,749:hal4000:INFO:  Fitting problem: Number of calls to function has reached maxfev = 500.
2026-03-26 14:41:32,984:hal4000:INFO:message:
2026-03-26 14:41:32,985:hal4000:INFO:  Fitting problem: Number of calls to function has reached maxfev = 500.
2026-03-26 14:41:33,219:hal4000:INFO:message:
2026-03-26 14:41:33,219:hal4000:INFO:  Fitting problem: Number of calls to function has reached maxfev = 500.
2026-03-26 14:41:33,455:hal4000:INFO:message:
2026-03-26 14:41:33,456:hal4000:INFO:  Fitting problem: Number of calls to function has reached maxfev = 500.
2026-03-26 14:41:33,690:hal4000:INFO:message:
2026-03-26 14:41:33,690:hal4000:INFO:  Fitting problem: Number of calls to function has reached maxfev = 500.
2026-03-26 14:41:33,919:hal4000:INFO:message:
2026-03-26 14:41:33,920:hal4000:INFO:  Fitting problem: Number of calls to function has reached maxfev = 500.
2026-03-26 14:41:34,151:hal4000:INFO:message:
2026-03-26 14:41:34,151:hal4000:INFO:  Fitting problem: Number of calls to function has reached maxfev = 500.
2026-03-26 14:41:34,385:hal4000:INFO:message:
2026-03-26 14:41:34,385:hal4000:INFO:  Fitting problem: Number of calls to function has reached maxfev = 500.
2026-03-26 14:41:34,616:hal4000:INFO:message:
2026-03-26 14:41:34,616:hal4000:INFO:  Fitting problem: Number of calls to function has reached maxfev = 500.
2026-03-26 14:41:34,846:hal4000:INFO:message:
2026-03-26 14:41:34,847:hal4000:INFO:  Fitting problem: Number of calls to function has reached maxfev = 500.
2026-03-26 14:41:35,076:hal4000:INFO:message:
2026-03-26 14:41:35,077:hal4000:INFO:  Fitting problem: Number of calls to function has reached maxfev = 500.
2026-03-26 14:41:35,311:hal4000:INFO:message:
2026-03-26 14:41:35,311:hal4000:INFO:  Fitting problem: Number of calls to function has reached maxfev = 500.
2026-03-26 14:41:35,550:hal4000:INFO:message:
2026-03-26 14:41:35,550:hal4000:INFO:  Fitting problem: Number of calls to function has reached maxfev = 500.
2026-03-26 14:41:35,787:hal4000:INFO:message:
2026-03-26 14:41:35,787:hal4000:INFO:  Fitting problem: Number of calls to function has reached maxfev = 500.
2026-03-26 14:41:36,026:hal4000:INFO:message:
2026-03-26 14:41:36,026:hal4000:INFO:  Fitting problem: Number of calls to function has reached maxfev = 500.
2026-03-26 14:41:36,257:hal4000:INFO:message:
2026-03-26 14:41:36,257:hal4000:INFO:  Fitting problem: Number of calls to function has reached maxfev = 500.
2026-03-26 14:41:36,494:hal4000:INFO:message:
2026-03-26 14:41:36,494:hal4000:INFO:  Fitting problem: Number of calls to function has reached maxfev = 500.
2026-03-26 14:41:36,727:hal4000:INFO:message:
2026-03-26 14:41:36,727:hal4000:INFO:  Fitting problem: Number of calls to function has reached maxfev = 500.
2026-03-26 14:41:36,963:hal4000:INFO:message:
2026-03-26 14:41:36,963:hal4000:INFO:  Fitting problem: Number of calls to function has reached maxfev = 500.
2026-03-26 14:41:37,197:hal4000:INFO:message:
2026-03-26 14:41:37,197:hal4000:INFO:  Fitting problem: Number of calls to function has reached maxfev = 500.
2026-03-26 14:41:37,431:hal4000:INFO:message:
2026-03-26 14:41:37,431:hal4000:INFO:  Fitting problem: Number of calls to function has reached maxfev = 500.
2026-03-26 14:41:37,664:hal4000:INFO:message:
2026-03-26 14:41:37,665:hal4000:INFO:  Fitting problem: Number of calls to function has reached maxfev = 500.
2026-03-26 14:41:37,898:hal4000:INFO:message:
2026-03-26 14:41:37,898:hal4000:INFO:  Fitting problem: Number of calls to function has reached maxfev = 500.
2026-03-26 14:41:38,131:hal4000:INFO:message:
2026-03-26 14:41:38,131:hal4000:INFO:  Fitting problem: Number of calls to function has reached maxfev = 500.
2026-03-26 14:41:38,363:hal4000:INFO:message:
2026-03-26 14:41:38,363:hal4000:INFO:  Fitting problem: Number of calls to function has reached maxfev = 500.
2026-03-26 14:41:38,597:hal4000:INFO:message:
2026-03-26 14:41:38,597:hal4000:INFO:  Fitting problem: Number of calls to function has reached maxfev = 500.
2026-03-26 14:41:38,831:hal4000:INFO:message:
2026-03-26 14:41:38,831:hal4000:INFO:  Fitting problem: Number of calls to function has reached maxfev = 500.
2026-03-26 14:41:39,067:hal4000:INFO:message:
2026-03-26 14:41:39,067:hal4000:INFO:  Fitting problem: Number of calls to function has reached maxfev = 500.
2026-03-26 14:41:39,303:hal4000:INFO:message:
2026-03-26 14:41:39,303:hal4000:INFO:  Fitting problem: Number of calls to function has reached maxfev = 500.
2026-03-26 14:41:39,529:hal4000:INFO:message:
2026-03-26 14:41:39,529:hal4000:INFO:  Fitting problem: Number of calls to function has reached maxfev = 500.
2026-03-26 14:41:39,756:hal4000:INFO:message:
2026-03-26 14:41:39,756:hal4000:INFO:  Fitting problem: Number of calls to function has reached maxfev = 500.
2026-03-26 14:41:39,987:hal4000:INFO:message:
2026-03-26 14:41:39,987:hal4000:INFO:  Fitting problem: Number of calls to function has reached maxfev = 500.
2026-03-26 14:41:40,219:hal4000:INFO:message:
2026-03-26 14:41:40,220:hal4000:INFO:  Fitting problem: Number of calls to function has reached maxfev = 500.
2026-03-26 14:41:40,451:hal4000:INFO:message:
2026-03-26 14:41:40,452:hal4000:INFO:  Fitting problem: Number of calls to function has reached maxfev = 500.
2026-03-26 14:41:40,678:hal4000:INFO:message:
2026-03-26 14:41:40,678:hal4000:INFO:  Fitting problem: Number of calls to function has reached maxfev = 500.
2026-03-26 14:41:40,906:hal4000:INFO:message:
2026-03-26 14:41:40,906:hal4000:INFO:  Fitting problem: Number of calls to function has reached maxfev = 500.
2026-03-26 14:41:41,138:hal4000:INFO:message:
2026-03-26 14:41:41,139:hal4000:INFO:  Fitting problem: Number of calls to function has reached maxfev = 500.
2026-03-26 14:41:41,373:hal4000:INFO:message:
2026-03-26 14:41:41,373:hal4000:INFO:  Fitting problem: Number of calls to function has reached maxfev = 500.
2026-03-26 14:41:41,767:hal4000:INFO:message:
2026-03-26 14:41:41,767:hal4000:INFO:  Fitting problem: Number of calls to function has reached maxfev = 500.
2026-03-26 14:41:42,005:hal4000:INFO:message:
2026-03-26 14:41:42,005:hal4000:INFO:  Fitting problem: Number of calls to function has reached maxfev = 500.
2026-03-26 14:41:42,239:hal4000:INFO:message:
2026-03-26 14:41:42,239:hal4000:INFO:  Fitting problem: Number of calls to function has reached maxfev = 500.
2026-03-26 14:41:42,475:hal4000:INFO:message:
2026-03-26 14:41:42,475:hal4000:INFO:  Fitting problem: Number of calls to function has reached maxfev = 500.
2026-03-26 14:41:42,709:hal4000:INFO:message:
2026-03-26 14:41:42,710:hal4000:INFO:  Fitting problem: Number of calls to function has reached maxfev = 500.
2026-03-26 14:41:42,942:hal4000:INFO:message:
2026-03-26 14:41:42,943:hal4000:INFO:  Fitting problem: Number of calls to function has reached maxfev = 500.
2026-03-26 14:41:43,178:hal4000:INFO:message:
2026-03-26 14:41:43,178:hal4000:INFO:  Fitting problem: Number of calls to function has reached maxfev = 500.
2026-03-26 14:41:43,416:hal4000:INFO:message:
2026-03-26 14:41:43,416:hal4000:INFO:  Fitting problem: Number of calls to function has reached maxfev = 500.
2026-03-26 14:41:43,646:hal4000:INFO:message:
2026-03-26 14:41:43,646:hal4000:INFO:  Fitting problem: Number of calls to function has reached maxfev = 500.
2026-03-26 14:41:43,872:hal4000:INFO:message:
2026-03-26 14:41:43,872:hal4000:INFO:  Fitting problem: Number of calls to function has reached maxfev = 500.
2026-03-26 14:41:44,103:hal4000:INFO:message:
2026-03-26 14:41:44,103:hal4000:INFO:  Fitting problem: Number of calls to function has reached maxfev = 500.
2026-03-26 14:41:44,332:hal4000:INFO:message:
2026-03-26 14:41:44,332:hal4000:INFO:  Fitting problem: Number of calls to function has reached maxfev = 500.
2026-03-26 14:41:44,562:hal4000:INFO:message:
2026-03-26 14:41:44,563:hal4000:INFO:  Fitting problem: Number of calls to function has reached maxfev = 500.
2026-03-26 14:41:44,792:hal4000:INFO:message:
2026-03-26 14:41:44,792:hal4000:INFO:  Fitting problem: Number of calls to function has reached maxfev = 500.
2026-03-26 14:41:45,026:hal4000:INFO:message:
2026-03-26 14:41:45,026:hal4000:INFO:  Fitting problem: Number of calls to function has reached maxfev = 500.
2026-03-26 14:41:45,258:hal4000:INFO:message:
2026-03-26 14:41:45,258:hal4000:INFO:  Fitting problem: Number of calls to function has reached maxfev = 500.
2026-03-26 14:41:45,490:hal4000:INFO:message:
2026-03-26 14:41:45,490:hal4000:INFO:  Fitting problem: Number of calls to function has reached maxfev = 500.
2026-03-26 14:41:45,722:hal4000:INFO:message:
2026-03-26 14:41:45,722:hal4000:INFO:  Fitting problem: Number of calls to function has reached maxfev = 500.
2026-03-26 14:41:45,957:hal4000:INFO:message:
2026-03-26 14:41:45,957:hal4000:INFO:  Fitting problem: Number of calls to function has reached maxfev = 500.
2026-03-26 14:41:46,193:hal4000:INFO:message:
2026-03-26 14:41:46,193:hal4000:INFO:  Fitting problem: Number of calls to function has reached maxfev = 500.
2026-03-26 14:41:46,427:hal4000:INFO:message:
2026-03-26 14:41:46,428:hal4000:INFO:  Fitting problem: Number of calls to function has reached maxfev = 500.
2026-03-26 14:41:46,661:hal4000:INFO:message:
2026-03-26 14:41:46,661:hal4000:INFO:  Fitting problem: Number of calls to function has reached maxfev = 500.
2026-03-26 14:41:46,893:hal4000:INFO:message:
2026-03-26 14:41:46,894:hal4000:INFO:  Fitting problem: Number of calls to function has reached maxfev = 500.
2026-03-26 14:41:47,128:hal4000:INFO:message:
2026-03-26 14:41:47,129:hal4000:INFO:  Fitting problem: Number of calls to function has reached maxfev = 500.
2026-03-26 14:41:47,362:hal4000:INFO:message:
2026-03-26 14:41:47,362:hal4000:INFO:  Fitting problem: Number of calls to function has reached maxfev = 500.
2026-03-26 14:41:47,598:hal4000:INFO:message:
2026-03-26 14:41:47,598:hal4000:INFO:  Fitting problem: Number of calls to function has reached maxfev = 500.
2026-03-26 14:41:47,832:hal4000:INFO:message:
2026-03-26 14:41:47,832:hal4000:INFO:  Fitting problem: Number of calls to function has reached maxfev = 500.
2026-03-26 14:41:48,064:hal4000:INFO:message:
2026-03-26 14:41:48,065:hal4000:INFO:  Fitting problem: Number of calls to function has reached maxfev = 500.
2026-03-26 14:41:48,303:hal4000:INFO:message:
2026-03-26 14:41:48,303:hal4000:INFO:  Fitting problem: Number of calls to function has reached maxfev = 500.
2026-03-26 14:41:48,536:hal4000:INFO:message:
2026-03-26 14:41:48,537:hal4000:INFO:  Fitting problem: Number of calls to function has reached maxfev = 500.
2026-03-26 14:41:48,771:hal4000:INFO:message:
2026-03-26 14:41:48,771:hal4000:INFO:  Fitting problem: Number of calls to function has reached maxfev = 500.
2026-03-26 14:41:49,002:hal4000:INFO:message:
2026-03-26 14:41:49,002:hal4000:INFO:  Fitting problem: Number of calls to function has reached maxfev = 500.
2026-03-26 14:41:49,232:hal4000:INFO:message:
2026-03-26 14:41:49,232:hal4000:INFO:  Fitting problem: Number of calls to function has reached maxfev = 500.
2026-03-26 14:41:49,466:hal4000:INFO:message:
2026-03-26 14:41:49,466:hal4000:INFO:  Fitting problem: Number of calls to function has reached maxfev = 500.
2026-03-26 14:41:49,703:hal4000:INFO:message:
2026-03-26 14:41:49,704:hal4000:INFO:  Fitting problem: Number of calls to function has reached maxfev = 500.
2026-03-26 14:41:49,939:hal4000:INFO:message:
2026-03-26 14:41:49,940:hal4000:INFO:  Fitting problem: Number of calls to function has reached maxfev = 500.
2026-03-26 14:41:50,178:hal4000:INFO:message:
2026-03-26 14:41:50,178:hal4000:INFO:  Fitting problem: Number of calls to function has reached maxfev = 500.
2026-03-26 14:41:50,406:hal4000:INFO:message:
2026-03-26 14:41:50,406:hal4000:INFO:  Fitting problem: Number of calls to function has reached maxfev = 500.
2026-03-26 14:41:50,637:hal4000:INFO:message:
2026-03-26 14:41:50,637:hal4000:INFO:  Fitting problem: Number of calls to function has reached maxfev = 500.
2026-03-26 14:41:50,873:hal4000:INFO:message:
2026-03-26 14:41:50,873:hal4000:INFO:  Fitting problem: Number of calls to function has reached maxfev = 500.
2026-03-26 14:41:51,107:hal4000:INFO:message:
2026-03-26 14:41:51,107:hal4000:INFO:  Fitting problem: Number of calls to function has reached maxfev = 500.
2026-03-26 14:41:51,339:hal4000:INFO:message:
2026-03-26 14:41:51,339:hal4000:INFO:  Fitting problem: Number of calls to function has reached maxfev = 500.
2026-03-26 14:41:51,570:hal4000:INFO:message:
2026-03-26 14:41:51,571:hal4000:INFO:  Fitting problem: Number of calls to function has reached maxfev = 500.
2026-03-26 14:41:51,811:hal4000:INFO:message:
2026-03-26 14:41:51,811:hal4000:INFO:  Fitting problem: Number of calls to function has reached maxfev = 500.
2026-03-26 14:41:52,046:hal4000:INFO:message:
2026-03-26 14:41:52,047:hal4000:INFO:  Fitting problem: Number of calls to function has reached maxfev = 500.
2026-03-26 14:41:52,281:hal4000:INFO:message:
2026-03-26 14:41:52,281:hal4000:INFO:  Fitting problem: Number of calls to function has reached maxfev = 500.
2026-03-26 14:41:52,516:hal4000:INFO:message:
2026-03-26 14:41:52,516:hal4000:INFO:  Fitting problem: Number of calls to function has reached maxfev = 500.
2026-03-26 14:41:52,746:hal4000:INFO:message:
2026-03-26 14:41:52,746:hal4000:INFO:  Fitting problem: Number of calls to function has reached maxfev = 500.
2026-03-26 14:41:52,971:hal4000:INFO:message:
2026-03-26 14:41:52,971:hal4000:INFO:  Fitting problem: Number of calls to function has reached maxfev = 500.
2026-03-26 14:41:53,204:hal4000:INFO:message:
2026-03-26 14:41:53,204:hal4000:INFO:  Fitting problem: Number of calls to function has reached maxfev = 500.
2026-03-26 14:41:53,435:hal4000:INFO:message:
2026-03-26 14:41:53,435:hal4000:INFO:  Fitting problem: Number of calls to function has reached maxfev = 500.
2026-03-26 14:41:53,673:hal4000:INFO:message:
2026-03-26 14:41:53,673:hal4000:INFO:  Fitting problem: Number of calls to function has reached maxfev = 500.
2026-03-26 14:41:53,906:hal4000:INFO:message:
2026-03-26 14:41:53,906:hal4000:INFO:  Fitting problem: Number of calls to function has reached maxfev = 500.
2026-03-26 14:41:54,140:hal4000:INFO:message:
2026-03-26 14:41:54,140:hal4000:INFO:  Fitting problem: Number of calls to function has reached maxfev = 500.
2026-03-26 14:41:54,372:hal4000:INFO:message:
2026-03-26 14:41:54,372:hal4000:INFO:  Fitting problem: Number of calls to function has reached maxfev = 500.
2026-03-26 14:41:54,603:hal4000:INFO:message:
2026-03-26 14:41:54,603:hal4000:INFO:  Fitting problem: Number of calls to function has reached maxfev = 500.
2026-03-26 14:41:54,837:hal4000:INFO:message:
2026-03-26 14:41:54,837:hal4000:INFO:  Fitting problem: Number of calls to function has reached maxfev = 500.
2026-03-26 14:41:55,073:hal4000:INFO:message:
2026-03-26 14:41:55,073:hal4000:INFO:  Fitting problem: Number of calls to function has reached maxfev = 500.
2026-03-26 14:41:55,306:hal4000:INFO:message:
2026-03-26 14:41:55,306:hal4000:INFO:  Fitting problem: Number of calls to function has reached maxfev = 500.
2026-03-26 14:41:55,652:hal4000:INFO:message:
2026-03-26 14:41:55,653:hal4000:INFO:  Fitting problem: Number of calls to function has reached maxfev = 500.
2026-03-26 14:41:55,888:hal4000:INFO:message:
2026-03-26 14:41:55,888:hal4000:INFO:  Fitting problem: Number of calls to function has reached maxfev = 500.
2026-03-26 14:41:56,121:hal4000:INFO:message:
2026-03-26 14:41:56,121:hal4000:INFO:  Fitting problem: Number of calls to function has reached maxfev = 500.
2026-03-26 14:41:56,350:hal4000:INFO:message:
2026-03-26 14:41:56,350:hal4000:INFO:  Fitting problem: Number of calls to function has reached maxfev = 500.
2026-03-26 14:41:56,658:hal4000:INFO:message:
2026-03-26 14:41:56,658:hal4000:INFO:  Fitting problem: Number of calls to function has reached maxfev = 500.
2026-03-26 14:41:56,897:hal4000:INFO:message:
2026-03-26 14:41:56,897:hal4000:INFO:  Fitting problem: Number of calls to function has reached maxfev = 500.
2026-03-26 14:41:57,130:hal4000:INFO:message:
2026-03-26 14:41:57,131:hal4000:INFO:  Fitting problem: Number of calls to function has reached maxfev = 500.
2026-03-26 14:41:57,490:hal4000:INFO:message:
2026-03-26 14:41:57,491:hal4000:INFO:  Fitting problem: Number of calls to function has reached maxfev = 500.
2026-03-26 14:41:57,717:hal4000:INFO:message:
2026-03-26 14:41:57,717:hal4000:INFO:  Fitting problem: Number of calls to function has reached maxfev = 500.
2026-03-26 14:41:57,946:hal4000:INFO:message:
2026-03-26 14:41:57,946:hal4000:INFO:  Fitting problem: Number of calls to function has reached maxfev = 500.
2026-03-26 14:41:58,180:hal4000:INFO:message:
2026-03-26 14:41:58,180:hal4000:INFO:  Fitting problem: Number of calls to function has reached maxfev = 500.
2026-03-26 14:41:58,410:hal4000:INFO:message:
2026-03-26 14:41:58,410:hal4000:INFO:  Fitting problem: Number of calls to function has reached maxfev = 500.
2026-03-26 14:41:58,640:hal4000:INFO:message:
2026-03-26 14:41:58,640:hal4000:INFO:  Fitting problem: Number of calls to function has reached maxfev = 500.
2026-03-26 14:41:58,874:hal4000:INFO:message:
2026-03-26 14:41:58,874:hal4000:INFO:  Fitting problem: Number of calls to function has reached maxfev = 500.
2026-03-26 14:41:59,108:hal4000:INFO:message:
2026-03-26 14:41:59,108:hal4000:INFO:  Fitting problem: Number of calls to function has reached maxfev = 500.
2026-03-26 14:41:59,341:hal4000:INFO:message:
2026-03-26 14:41:59,341:hal4000:INFO:  Fitting problem: Number of calls to function has reached maxfev = 500.
2026-03-26 14:41:59,573:hal4000:INFO:message:
2026-03-26 14:41:59,574:hal4000:INFO:  Fitting problem: Number of calls to function has reached maxfev = 500.
2026-03-26 14:41:59,804:hal4000:INFO:message:
2026-03-26 14:41:59,804:hal4000:INFO:  Fitting problem: Number of calls to function has reached maxfev = 500.
2026-03-26 14:42:00,035:hal4000:INFO:message:
2026-03-26 14:42:00,035:hal4000:INFO:  Fitting problem: Number of calls to function has reached maxfev = 500.
2026-03-26 14:42:00,278:hal4000:INFO:message:
2026-03-26 14:42:00,278:hal4000:INFO:  Fitting problem: Number of calls to function has reached maxfev = 500.
2026-03-26 14:42:00,518:hal4000:INFO:message:
2026-03-26 14:42:00,518:hal4000:INFO:  Fitting problem: Number of calls to function has reached maxfev = 500.
2026-03-26 14:42:00,767:hal4000:INFO:message:
2026-03-26 14:42:00,767:hal4000:INFO:  Fitting problem: Number of calls to function has reached maxfev = 500.
2026-03-26 14:42:01,017:hal4000:INFO:message:
2026-03-26 14:42:01,017:hal4000:INFO:  Fitting problem: Number of calls to function has reached maxfev = 500.
2026-03-26 14:42:01,261:hal4000:INFO:message:
2026-03-26 14:42:01,261:hal4000:INFO:  Fitting problem: Number of calls to function has reached maxfev = 500.
2026-03-26 14:42:01,502:hal4000:INFO:message:
2026-03-26 14:42:01,503:hal4000:INFO:  Fitting problem: Number of calls to function has reached maxfev = 500.
2026-03-26 14:42:01,746:hal4000:INFO:message:
2026-03-26 14:42:01,746:hal4000:INFO:  Fitting problem: Number of calls to function has reached maxfev = 500.
2026-03-26 14:42:01,991:hal4000:INFO:message:
2026-03-26 14:42:01,991:hal4000:INFO:  Fitting problem: Number of calls to function has reached maxfev = 500.
2026-03-26 14:42:02,234:hal4000:INFO:message:
2026-03-26 14:42:02,234:hal4000:INFO:  Fitting problem: Number of calls to function has reached maxfev = 500.
2026-03-26 14:42:02,476:hal4000:INFO:message:
2026-03-26 14:42:02,476:hal4000:INFO:  Fitting problem: Number of calls to function has reached maxfev = 500.
2026-03-26 14:42:02,711:hal4000:INFO:message:
2026-03-26 14:42:02,711:hal4000:INFO:  Fitting problem: Number of calls to function has reached maxfev = 500.
2026-03-26 14:42:02,957:hal4000:INFO:message:
2026-03-26 14:42:02,957:hal4000:INFO:  Fitting problem: Number of calls to function has reached maxfev = 500.
2026-03-26 14:42:03,193:hal4000:INFO:message:
2026-03-26 14:42:03,193:hal4000:INFO:  Fitting problem: Number of calls to function has reached maxfev = 500.
2026-03-26 14:42:03,427:hal4000:INFO:message:
2026-03-26 14:42:03,427:hal4000:INFO:  Fitting problem: Number of calls to function has reached maxfev = 500.
2026-03-26 14:42:03,657:hal4000:INFO:message:
2026-03-26 14:42:03,657:hal4000:INFO:  Fitting problem: Number of calls to function has reached maxfev = 500.
2026-03-26 14:42:03,891:hal4000:INFO:message:
2026-03-26 14:42:03,891:hal4000:INFO:  Fitting problem: Number of calls to function has reached maxfev = 500.
2026-03-26 14:42:04,272:hal4000:INFO:message:
2026-03-26 14:42:04,272:hal4000:INFO:  Fitting problem: Number of calls to function has reached maxfev = 500.
2026-03-26 14:42:04,621:hal4000:INFO:message:
2026-03-26 14:42:04,621:hal4000:INFO:  Fitting problem: Number of calls to function has reached maxfev = 500.
2026-03-26 14:42:04,857:hal4000:INFO:message:
2026-03-26 14:42:04,857:hal4000:INFO:  Fitting problem: Number of calls to function has reached maxfev = 500.
2026-03-26 14:42:05,096:hal4000:INFO:message:
2026-03-26 14:42:05,097:hal4000:INFO:  Fitting problem: Number of calls to function has reached maxfev = 500.
2026-03-26 14:42:05,328:hal4000:INFO:message:
2026-03-26 14:42:05,329:hal4000:INFO:  Fitting problem: Number of calls to function has reached maxfev = 500.
2026-03-26 14:42:05,565:hal4000:INFO:message:
2026-03-26 14:42:05,565:hal4000:INFO:  Fitting problem: Number of calls to function has reached maxfev = 500.
2026-03-26 14:42:05,798:hal4000:INFO:message:
2026-03-26 14:42:05,799:hal4000:INFO:  Fitting problem: Number of calls to function has reached maxfev = 500.
2026-03-26 14:42:06,033:hal4000:INFO:message:
2026-03-26 14:42:06,033:hal4000:INFO:  Fitting problem: Number of calls to function has reached maxfev = 500.
2026-03-26 14:42:06,379:hal4000:INFO:message:
2026-03-26 14:42:06,379:hal4000:INFO:  Fitting problem: Number of calls to function has reached maxfev = 500.
2026-03-26 14:42:06,612:hal4000:INFO:message:
2026-03-26 14:42:06,612:hal4000:INFO:  Fitting problem: Number of calls to function has reached maxfev = 500.
2026-03-26 14:42:06,848:hal4000:INFO:message:
2026-03-26 14:42:06,848:hal4000:INFO:  Fitting problem: Number of calls to function has reached maxfev = 500.
2026-03-26 14:42:07,091:hal4000:INFO:message:
2026-03-26 14:42:07,091:hal4000:INFO:  Fitting problem: Number of calls to function has reached maxfev = 500.
2026-03-26 14:42:07,504:hal4000:INFO:message:
2026-03-26 14:42:07,504:hal4000:INFO:  Fitting problem: Number of calls to function has reached maxfev = 500.
2026-03-26 14:42:07,734:hal4000:INFO:message:
2026-03-26 14:42:07,735:hal4000:INFO:  Fitting problem: Number of calls to function has reached maxfev = 500.
2026-03-26 14:42:07,968:hal4000:INFO:message:
2026-03-26 14:42:07,968:hal4000:INFO:  Fitting problem: Number of calls to function has reached maxfev = 500.
2026-03-26 14:42:08,196:hal4000:INFO:message:
2026-03-26 14:42:08,196:hal4000:INFO:  Fitting problem: Number of calls to function has reached maxfev = 500.
2026-03-26 14:42:08,520:hal4000:INFO:message:
2026-03-26 14:42:08,521:hal4000:INFO:  Fitting problem: Number of calls to function has reached maxfev = 500.
2026-03-26 14:42:08,749:hal4000:INFO:message:
2026-03-26 14:42:08,749:hal4000:INFO:  Fitting problem: Number of calls to function has reached maxfev = 500.
2026-03-26 14:42:08,978:hal4000:INFO:message:
2026-03-26 14:42:08,978:hal4000:INFO:  Fitting problem: Number of calls to function has reached maxfev = 500.
2026-03-26 14:42:09,203:hal4000:INFO:message:
2026-03-26 14:42:09,204:hal4000:INFO:  Fitting problem: Number of calls to function has reached maxfev = 500.
2026-03-26 14:42:09,432:hal4000:INFO:message:
2026-03-26 14:42:09,432:hal4000:INFO:  Fitting problem: Number of calls to function has reached maxfev = 500.
2026-03-26 14:42:09,664:hal4000:INFO:message:
2026-03-26 14:42:09,664:hal4000:INFO:  Fitting problem: Number of calls to function has reached maxfev = 500.
2026-03-26 14:42:09,892:hal4000:INFO:message:
2026-03-26 14:42:09,892:hal4000:INFO:  Fitting problem: Number of calls to function has reached maxfev = 500.
2026-03-26 14:42:10,124:hal4000:INFO:message:
2026-03-26 14:42:10,124:hal4000:INFO:  Fitting problem: Number of calls to function has reached maxfev = 500.
2026-03-26 14:42:10,357:hal4000:INFO:message:
2026-03-26 14:42:10,358:hal4000:INFO:  Fitting problem: Number of calls to function has reached maxfev = 500.
2026-03-26 14:42:10,587:hal4000:INFO:message:
2026-03-26 14:42:10,588:hal4000:INFO:  Fitting problem: Number of calls to function has reached maxfev = 500.
2026-03-26 14:42:10,816:hal4000:INFO:message:
2026-03-26 14:42:10,817:hal4000:INFO:  Fitting problem: Number of calls to function has reached maxfev = 500.
2026-03-26 14:42:11,046:hal4000:INFO:message:
2026-03-26 14:42:11,047:hal4000:INFO:  Fitting problem: Number of calls to function has reached maxfev = 500.
2026-03-26 14:42:11,370:hal4000:INFO:message:
2026-03-26 14:42:11,370:hal4000:INFO:  Fitting problem: Number of calls to function has reached maxfev = 500.
2026-03-26 14:42:11,608:hal4000:INFO:message:
2026-03-26 14:42:11,608:hal4000:INFO:  Fitting problem: Number of calls to function has reached maxfev = 500.
2026-03-26 14:42:11,841:hal4000:INFO:message:
2026-03-26 14:42:11,841:hal4000:INFO:  Fitting problem: Number of calls to function has reached maxfev = 500.
2026-03-26 14:42:12,071:hal4000:INFO:message:
2026-03-26 14:42:12,071:hal4000:INFO:  Fitting problem: Number of calls to function has reached maxfev = 500.
2026-03-26 14:42:12,305:hal4000:INFO:message:
2026-03-26 14:42:12,305:hal4000:INFO:  Fitting problem: Number of calls to function has reached maxfev = 500.
2026-03-26 14:42:12,537:hal4000:INFO:message:
2026-03-26 14:42:12,538:hal4000:INFO:  Fitting problem: Number of calls to function has reached maxfev = 500.
2026-03-26 14:42:12,770:hal4000:INFO:message:
2026-03-26 14:42:12,770:hal4000:INFO:  Fitting problem: Number of calls to function has reached maxfev = 500.
2026-03-26 14:42:13,114:hal4000:INFO:message:
2026-03-26 14:42:13,114:hal4000:INFO:  Fitting problem: Number of calls to function has reached maxfev = 500.
2026-03-26 14:42:13,226:hal4000:INFO:message:
2026-03-26 14:42:13,226:hal4000:INFO:  queued,66,hal,close event
2026-03-26 14:42:13,359:hal4000:INFO:message:
2026-03-26 14:42:13,359:hal4000:INFO:  Fitting problem: Number of calls to function has reached maxfev = 500.
2026-03-26 14:42:13,518:hal4000:INFO:message:
2026-03-26 14:42:13,518:hal4000:INFO:  Fitting problem: Number of calls to function has reached maxfev = 500.
2026-03-26 14:42:13,665:hal4000:INFO:message:
2026-03-26 14:42:13,665:hal4000:INFO:  Fitting problem: Number of calls to function has reached maxfev = 500.
2026-03-26 14:42:13,708:hal4000:INFO:message:
2026-03-26 14:42:13,715:hal4000:INFO:  uc480: Call failed with error 1 is_CopyImageMem
