2026-03-26 13:25:29,627:hal4000:INFO:message:
2026-03-26 13:25:29,628:hal4000:INFO:  handled by,57,scmos_cal,get functionality
2026-03-26 13:25:29,628:hal4000:INFO:message:
2026-03-26 13:25:29,629:hal4000:INFO:  handled by,57,settings,get functionality
2026-03-26 13:25:29,629:hal4000:INFO:message:
2026-03-26 13:25:29,629:hal4000:INFO:  handled by,57,spotcounter,get functionality
2026-03-26 13:25:29,629:hal4000:INFO:message:
2026-03-26 13:25:29,629:hal4000:INFO:  handled by,57,stage,get functionality
2026-03-26 13:25:29,629:hal4000:INFO:message:
2026-03-26 13:25:29,630:hal4000:INFO:  handled by,57,tcp_control,get functionality
2026-03-26 13:25:29,630:hal4000:INFO:message:
2026-03-26 13:25:29,630:hal4000:INFO:  handled by,57,timing,get functionality
2026-03-26 13:25:29,630:hal4000:INFO:message:
2026-03-26 13:25:29,630:hal4000:INFO:  handled by,57,uc480_camera,get functionality
2026-03-26 13:25:29,630:hal4000:INFO:message:
2026-03-26 13:25:29,631:hal4000:INFO:  handled by,57,z_stage,get functionality
2026-03-26 13:25:29,631:hal4000:INFO:message:
2026-03-26 13:25:29,631:hal4000:INFO:  processed,57,scmos_cal,get functionality
2026-03-26 13:25:29,633:hal4000:INFO:message:
2026-03-26 13:25:29,633:hal4000:INFO:  sent,3,core,start
2026-03-26 13:25:29,659:hal4000:INFO:message:
2026-03-26 13:25:29,659:hal4000:INFO:  queued,58,hal,change directory
2026-03-26 13:25:29,659:hal4000:INFO:message:
2026-03-26 13:25:29,659:hal4000:INFO:  handled by,3,hal,start
2026-03-26 13:25:29,660:hal4000:INFO:message:
2026-03-26 13:25:29,660:hal4000:INFO:  handled by,3,aotf,start
2026-03-26 13:25:29,660:hal4000:INFO:message:
2026-03-26 13:25:29,660:hal4000:INFO:  handled by,3,camera1,start
2026-03-26 13:25:29,660:hal4000:INFO:message:
2026-03-26 13:25:29,661:hal4000:INFO:  handled by,3,clemex_stage,start
2026-03-26 13:25:29,661:hal4000:INFO:message:
2026-03-26 13:25:29,661:hal4000:INFO:  handled by,3,coherentGenesis488,start
2026-03-26 13:25:29,661:hal4000:INFO:message:
2026-03-26 13:25:29,662:hal4000:INFO:  handled by,3,coherentGenesis560,start
2026-03-26 13:25:29,662:hal4000:INFO:message:
2026-03-26 13:25:29,662:hal4000:INFO:  queued,59,display,get functionality
2026-03-26 13:25:29,662:hal4000:INFO:message:
2026-03-26 13:25:29,662:hal4000:INFO:  handled by,3,display,start
2026-03-26 13:25:29,663:hal4000:INFO:message:
2026-03-26 13:25:29,663:hal4000:INFO:  handled by,3,feeds,start
2026-03-26 13:25:29,663:hal4000:INFO:message:
2026-03-26 13:25:29,663:hal4000:INFO:  queued,60,film,start camera
2026-03-26 13:25:29,663:hal4000:INFO:message:
2026-03-26 13:25:29,663:hal4000:INFO:  queued,61,film,sync
2026-03-26 13:25:29,664:hal4000:INFO:message:
2026-03-26 13:25:29,664:hal4000:INFO:  queued,62,film,start camera
2026-03-26 13:25:29,664:hal4000:INFO:message:
2026-03-26 13:25:29,664:hal4000:INFO:  handled by,3,film,start
2026-03-26 13:25:29,674:hal4000:INFO:message:
2026-03-26 13:25:29,674:hal4000:INFO:  handled by,3,focuslock,start
2026-03-26 13:25:29,685:hal4000:INFO:message:
2026-03-26 13:25:29,686:hal4000:INFO:  queued,63,illumination,new shutters file
2026-03-26 13:25:29,693:hal4000:INFO:message:
2026-03-26 13:25:29,693:hal4000:INFO:  handled by,3,illumination,start
2026-03-26 13:25:29,693:hal4000:INFO:message:
2026-03-26 13:25:29,694:hal4000:INFO:  handled by,3,mosaic,start
2026-03-26 13:25:29,694:hal4000:INFO:message:
2026-03-26 13:25:29,695:hal4000:INFO:  handled by,3,mpb642,start
2026-03-26 13:25:29,695:hal4000:INFO:message:
2026-03-26 13:25:29,695:hal4000:INFO:  handled by,3,none_irlaser,start
2026-03-26 13:25:29,695:hal4000:INFO:message:
2026-03-26 13:25:29,696:hal4000:INFO:  handled by,3,obis405,start
2026-03-26 13:25:29,696:hal4000:INFO:message:
2026-03-26 13:25:29,696:hal4000:INFO:  handled by,3,pi_controller,start
2026-03-26 13:25:29,696:hal4000:INFO:message:
2026-03-26 13:25:29,697:hal4000:INFO:  handled by,3,progressions,start
2026-03-26 13:25:29,697:hal4000:INFO:message:
2026-03-26 13:25:29,697:hal4000:INFO:  handled by,3,scmos_cal,start
2026-03-26 13:25:29,697:hal4000:INFO:message:
2026-03-26 13:25:29,697:hal4000:INFO:  handled by,3,settings,start
2026-03-26 13:25:29,699:hal4000:INFO:message:
2026-03-26 13:25:29,699:hal4000:INFO:  queued,64,spotcounter,get functionality
2026-03-26 13:25:29,699:hal4000:INFO:message:
2026-03-26 13:25:29,700:hal4000:INFO:  handled by,3,spotcounter,start
2026-03-26 13:25:29,707:hal4000:INFO:message:
2026-03-26 13:25:29,708:hal4000:INFO:  handled by,3,stage,start
2026-03-26 13:25:29,708:hal4000:INFO:message:
2026-03-26 13:25:29,708:hal4000:INFO:  handled by,3,tcp_control,start
2026-03-26 13:25:29,708:hal4000:INFO:message:
2026-03-26 13:25:29,709:hal4000:INFO:  handled by,3,timing,start
2026-03-26 13:25:29,709:hal4000:INFO:message:
2026-03-26 13:25:29,709:hal4000:INFO:  handled by,3,uc480_camera,start
2026-03-26 13:25:29,716:hal4000:INFO:message:
2026-03-26 13:25:29,716:hal4000:INFO:  handled by,3,z_stage,start
2026-03-26 13:25:29,716:hal4000:INFO:message:
2026-03-26 13:25:29,717:hal4000:INFO:  processed,3,core,start
2026-03-26 13:25:29,783:hal4000:INFO:message:
2026-03-26 13:25:29,783:hal4000:INFO:  sent,58,hal,change directory
2026-03-26 13:25:29,802:hal4000:INFO:message:
2026-03-26 13:25:29,802:hal4000:INFO:  handled by,58,hal,change directory
2026-03-26 13:25:29,802:hal4000:INFO:message:
2026-03-26 13:25:29,803:hal4000:INFO:  handled by,58,aotf,change directory
2026-03-26 13:25:29,803:hal4000:INFO:message:
2026-03-26 13:25:29,803:hal4000:INFO:  handled by,58,camera1,change directory
2026-03-26 13:25:29,803:hal4000:INFO:message:
2026-03-26 13:25:29,803:hal4000:INFO:  handled by,58,clemex_stage,change directory
2026-03-26 13:25:29,803:hal4000:INFO:message:
2026-03-26 13:25:29,803:hal4000:INFO:  handled by,58,coherentGenesis488,change directory
2026-03-26 13:25:29,804:hal4000:INFO:message:
2026-03-26 13:25:29,804:hal4000:INFO:  handled by,58,coherentGenesis560,change directory
2026-03-26 13:25:29,804:hal4000:INFO:message:
2026-03-26 13:25:29,804:hal4000:INFO:  handled by,58,display,change directory
2026-03-26 13:25:29,804:hal4000:INFO:message:
2026-03-26 13:25:29,804:hal4000:INFO:  handled by,58,feeds,change directory
2026-03-26 13:25:29,805:hal4000:INFO:message:
2026-03-26 13:25:29,805:hal4000:INFO:  handled by,58,film,change directory
2026-03-26 13:25:29,805:hal4000:INFO:message:
2026-03-26 13:25:29,805:hal4000:INFO:  handled by,58,focuslock,change directory
2026-03-26 13:25:29,805:hal4000:INFO:message:
2026-03-26 13:25:29,806:hal4000:INFO:  handled by,58,illumination,change directory
2026-03-26 13:25:29,806:hal4000:INFO:message:
2026-03-26 13:25:29,806:hal4000:INFO:  handled by,58,mosaic,change directory
2026-03-26 13:25:29,806:hal4000:INFO:message:
2026-03-26 13:25:29,806:hal4000:INFO:  handled by,58,mpb642,change directory
2026-03-26 13:25:29,806:hal4000:INFO:message:
2026-03-26 13:25:29,807:hal4000:INFO:  handled by,58,none_irlaser,change directory
2026-03-26 13:25:29,807:hal4000:INFO:message:
2026-03-26 13:25:29,807:hal4000:INFO:  handled by,58,obis405,change directory
2026-03-26 13:25:29,807:hal4000:INFO:message:
2026-03-26 13:25:29,807:hal4000:INFO:  handled by,58,pi_controller,change directory
2026-03-26 13:25:29,807:hal4000:INFO:message:
2026-03-26 13:25:29,807:hal4000:INFO:  handled by,58,progressions,change directory
2026-03-26 13:25:29,808:hal4000:INFO:message:
2026-03-26 13:25:29,808:hal4000:INFO:  handled by,58,scmos_cal,change directory
2026-03-26 13:25:29,808:hal4000:INFO:message:
2026-03-26 13:25:29,808:hal4000:INFO:  handled by,58,settings,change directory
2026-03-26 13:25:29,809:hal4000:INFO:message:
2026-03-26 13:25:29,809:hal4000:INFO:  handled by,58,spotcounter,change directory
2026-03-26 13:25:29,809:hal4000:INFO:message:
2026-03-26 13:25:29,809:hal4000:INFO:  handled by,58,stage,change directory
2026-03-26 13:25:29,809:hal4000:INFO:message:
2026-03-26 13:25:29,809:hal4000:INFO:  handled by,58,tcp_control,change directory
2026-03-26 13:25:29,809:hal4000:INFO:message:
2026-03-26 13:25:29,810:hal4000:INFO:  handled by,58,timing,change directory
2026-03-26 13:25:29,810:hal4000:INFO:message:
2026-03-26 13:25:29,810:hal4000:INFO:  handled by,58,uc480_camera,change directory
2026-03-26 13:25:29,810:hal4000:INFO:message:
2026-03-26 13:25:29,810:hal4000:INFO:  handled by,58,z_stage,change directory
2026-03-26 13:25:29,810:hal4000:INFO:message:
2026-03-26 13:25:29,811:hal4000:INFO:  processed,58,hal,change directory
2026-03-26 13:25:29,811:hal4000:INFO:message:
2026-03-26 13:25:29,811:hal4000:INFO:  sent,59,display,get functionality
2026-03-26 13:25:29,812:hal4000:INFO:message:
2026-03-26 13:25:29,812:hal4000:INFO:  handled by,59,hal,get functionality
2026-03-26 13:25:29,813:hal4000:INFO:message:
2026-03-26 13:25:29,813:hal4000:INFO:  handled by,59,aotf,get functionality
2026-03-26 13:25:29,813:hal4000:INFO:message:
2026-03-26 13:25:29,813:hal4000:INFO:  handled by,59,camera1,get functionality
2026-03-26 13:25:29,813:hal4000:INFO:message:
2026-03-26 13:25:29,813:hal4000:INFO:  handled by,59,clemex_stage,get functionality
2026-03-26 13:25:29,813:hal4000:INFO:message:
2026-03-26 13:25:29,814:hal4000:INFO:  handled by,59,coherentGenesis488,get functionality
2026-03-26 13:25:29,814:hal4000:INFO:message:
2026-03-26 13:25:29,814:hal4000:INFO:  handled by,59,coherentGenesis560,get functionality
2026-03-26 13:25:29,814:hal4000:INFO:message:
2026-03-26 13:25:29,814:hal4000:INFO:  handled by,59,display,get functionality
2026-03-26 13:25:29,814:hal4000:INFO:message:
2026-03-26 13:25:29,815:hal4000:INFO:  handled by,59,feeds,get functionality
2026-03-26 13:25:29,815:hal4000:INFO:message:
2026-03-26 13:25:29,815:hal4000:INFO:  handled by,59,film,get functionality
2026-03-26 13:25:29,815:hal4000:INFO:message:
2026-03-26 13:25:29,815:hal4000:INFO:  handled by,59,focuslock,get functionality
2026-03-26 13:25:29,815:hal4000:INFO:message:
2026-03-26 13:25:29,815:hal4000:INFO:  handled by,59,illumination,get functionality
2026-03-26 13:25:29,816:hal4000:INFO:message:
2026-03-26 13:25:29,816:hal4000:INFO:  handled by,59,mosaic,get functionality
2026-03-26 13:25:29,816:hal4000:INFO:message:
2026-03-26 13:25:29,816:hal4000:INFO:  handled by,59,mpb642,get functionality
2026-03-26 13:25:29,816:hal4000:INFO:message:
2026-03-26 13:25:29,816:hal4000:INFO:  handled by,59,none_irlaser,get functionality
2026-03-26 13:25:29,817:hal4000:INFO:message:
2026-03-26 13:25:29,817:hal4000:INFO:  handled by,59,obis405,get functionality
2026-03-26 13:25:29,817:hal4000:INFO:message:
2026-03-26 13:25:29,817:hal4000:INFO:  handled by,59,pi_controller,get functionality
2026-03-26 13:25:29,817:hal4000:INFO:message:
2026-03-26 13:25:29,817:hal4000:INFO:  handled by,59,progressions,get functionality
2026-03-26 13:25:29,817:hal4000:INFO:message:
2026-03-26 13:25:29,818:hal4000:INFO:  handled by,59,scmos_cal,get functionality
2026-03-26 13:25:29,818:hal4000:INFO:message:
2026-03-26 13:25:29,818:hal4000:INFO:  handled by,59,settings,get functionality
2026-03-26 13:25:29,818:hal4000:INFO:message:
2026-03-26 13:25:29,818:hal4000:INFO:  handled by,59,spotcounter,get functionality
2026-03-26 13:25:29,818:hal4000:INFO:message:
2026-03-26 13:25:29,818:hal4000:INFO:  handled by,59,stage,get functionality
2026-03-26 13:25:29,819:hal4000:INFO:message:
2026-03-26 13:25:29,819:hal4000:INFO:  handled by,59,tcp_control,get functionality
2026-03-26 13:25:29,819:hal4000:INFO:message:
2026-03-26 13:25:29,819:hal4000:INFO:  handled by,59,timing,get functionality
2026-03-26 13:25:29,819:hal4000:INFO:message:
2026-03-26 13:25:29,819:hal4000:INFO:  handled by,59,uc480_camera,get functionality
2026-03-26 13:25:29,820:hal4000:INFO:message:
2026-03-26 13:25:29,820:hal4000:INFO:  handled by,59,z_stage,get functionality
2026-03-26 13:25:29,820:hal4000:INFO:message:
2026-03-26 13:25:29,820:hal4000:INFO:  processed,59,display,get functionality
2026-03-26 13:25:29,822:hal4000:INFO:message:
2026-03-26 13:25:29,822:hal4000:INFO:  sent,60,film,start camera
2026-03-26 13:25:29,824:hal4000:INFO:message:
2026-03-26 13:25:29,824:hal4000:INFO:  handled by,60,hal,start camera
2026-03-26 13:25:29,824:hal4000:INFO:message:
2026-03-26 13:25:29,824:hal4000:INFO:  handled by,60,aotf,start camera
2026-03-26 13:25:29,825:hal4000:INFO:message:
2026-03-26 13:25:29,825:hal4000:INFO:  handled by,60,camera1,start camera
2026-03-26 13:25:29,825:hal4000:INFO:message:
2026-03-26 13:25:29,825:hal4000:INFO:  handled by,60,clemex_stage,start camera
2026-03-26 13:25:29,825:hal4000:INFO:message:
2026-03-26 13:25:29,826:hal4000:INFO:  handled by,60,coherentGenesis488,start camera
2026-03-26 13:25:29,826:hal4000:INFO:message:
2026-03-26 13:25:29,826:hal4000:INFO:  handled by,60,coherentGenesis560,start camera
2026-03-26 13:25:29,826:hal4000:INFO:message:
2026-03-26 13:25:29,826:hal4000:INFO:  handled by,60,display,start camera
2026-03-26 13:25:29,826:hal4000:INFO:message:
2026-03-26 13:25:29,827:hal4000:INFO:  handled by,60,feeds,start camera
2026-03-26 13:25:29,827:hal4000:INFO:message:
2026-03-26 13:25:29,827:hal4000:INFO:  handled by,60,film,start camera
2026-03-26 13:25:29,827:hal4000:INFO:message:
2026-03-26 13:25:29,827:hal4000:INFO:  handled by,60,focuslock,start camera
2026-03-26 13:25:29,827:hal4000:INFO:message:
2026-03-26 13:25:29,828:hal4000:INFO:  handled by,60,illumination,start camera
2026-03-26 13:25:29,828:hal4000:INFO:message:
2026-03-26 13:25:29,828:hal4000:INFO:  handled by,60,mosaic,start camera
2026-03-26 13:25:29,828:hal4000:INFO:message:
2026-03-26 13:25:29,828:hal4000:INFO:  handled by,60,mpb642,start camera
2026-03-26 13:25:29,828:hal4000:INFO:message:
2026-03-26 13:25:29,829:hal4000:INFO:  handled by,60,none_irlaser,start camera
2026-03-26 13:25:29,829:hal4000:INFO:message:
2026-03-26 13:25:29,829:hal4000:INFO:  handled by,60,obis405,start camera
2026-03-26 13:25:29,830:hal4000:INFO:message:
2026-03-26 13:25:29,830:hal4000:INFO:  handled by,60,pi_controller,start camera
2026-03-26 13:25:29,830:hal4000:INFO:message:
2026-03-26 13:25:29,830:hal4000:INFO:  handled by,60,progressions,start camera
2026-03-26 13:25:29,830:hal4000:INFO:message:
2026-03-26 13:25:29,830:hal4000:INFO:  handled by,60,scmos_cal,start camera
2026-03-26 13:25:29,831:hal4000:INFO:message:
2026-03-26 13:25:29,831:hal4000:INFO:  handled by,60,settings,start camera
2026-03-26 13:25:29,831:hal4000:INFO:message:
2026-03-26 13:25:29,831:hal4000:INFO:  handled by,60,spotcounter,start camera
2026-03-26 13:25:29,831:hal4000:INFO:message:
2026-03-26 13:25:29,831:hal4000:INFO:  handled by,60,stage,start camera
2026-03-26 13:25:29,832:hal4000:INFO:message:
2026-03-26 13:25:29,832:hal4000:INFO:  handled by,60,tcp_control,start camera
2026-03-26 13:25:29,832:hal4000:INFO:message:
2026-03-26 13:25:29,832:hal4000:INFO:  handled by,60,timing,start camera
2026-03-26 13:25:29,832:hal4000:INFO:message:
2026-03-26 13:25:29,833:hal4000:INFO:  handled by,60,uc480_camera,start camera
2026-03-26 13:25:29,833:hal4000:INFO:message:
2026-03-26 13:25:29,833:hal4000:INFO:  handled by,60,z_stage,start camera
2026-03-26 13:25:29,833:hal4000:INFO:message:
2026-03-26 13:25:29,834:hal4000:INFO:  processed,60,film,start camera
2026-03-26 13:25:29,841:hal4000:INFO:message:
2026-03-26 13:25:29,841:hal4000:INFO:  sent,62,film,start camera
2026-03-26 13:25:29,843:hal4000:INFO:message:
2026-03-26 13:25:29,843:hal4000:INFO:  handled by,62,hal,start camera
2026-03-26 13:25:29,843:hal4000:INFO:message:
2026-03-26 13:25:29,843:hal4000:INFO:  handled by,62,aotf,start camera
2026-03-26 13:25:29,844:hal4000:INFO:message:
2026-03-26 13:25:29,844:hal4000:INFO:  handled by,62,camera1,start camera
2026-03-26 13:25:29,844:hal4000:INFO:message:
2026-03-26 13:25:29,844:hal4000:INFO:  handled by,62,clemex_stage,start camera
2026-03-26 13:25:29,844:hal4000:INFO:message:
2026-03-26 13:25:29,844:hal4000:INFO:  handled by,62,coherentGenesis488,start camera
2026-03-26 13:25:29,845:hal4000:INFO:message:
2026-03-26 13:25:29,845:hal4000:INFO:  handled by,62,coherentGenesis560,start camera
2026-03-26 13:25:29,845:hal4000:INFO:message:
2026-03-26 13:25:29,845:hal4000:INFO:  handled by,62,display,start camera
2026-03-26 13:25:29,849:hal4000:INFO:message:
2026-03-26 13:25:29,849:hal4000:INFO:  handled by,62,feeds,start camera
2026-03-26 13:25:29,849:hal4000:INFO:message:
2026-03-26 13:25:29,849:hal4000:INFO:  handled by,62,film,start camera
2026-03-26 13:25:29,849:hal4000:INFO:message:
2026-03-26 13:25:29,849:hal4000:INFO:  handled by,62,focuslock,start camera
2026-03-26 13:25:29,850:hal4000:INFO:message:
2026-03-26 13:25:29,850:hal4000:INFO:  handled by,62,illumination,start camera
2026-03-26 13:25:29,850:hal4000:INFO:message:
2026-03-26 13:25:29,850:hal4000:INFO:  handled by,62,mosaic,start camera
2026-03-26 13:25:29,850:hal4000:INFO:message:
2026-03-26 13:25:29,850:hal4000:INFO:  handled by,62,mpb642,start camera
2026-03-26 13:25:29,851:hal4000:INFO:message:
2026-03-26 13:25:29,851:hal4000:INFO:  handled by,62,none_irlaser,start camera
2026-03-26 13:25:29,851:hal4000:INFO:message:
2026-03-26 13:25:29,851:hal4000:INFO:  handled by,62,obis405,start camera
2026-03-26 13:25:29,851:hal4000:INFO:message:
2026-03-26 13:25:29,851:hal4000:INFO:  handled by,62,pi_controller,start camera
2026-03-26 13:25:29,851:hal4000:INFO:message:
2026-03-26 13:25:29,852:hal4000:INFO:  handled by,62,progressions,start camera
2026-03-26 13:25:29,852:hal4000:INFO:message:
2026-03-26 13:25:29,852:hal4000:INFO:  handled by,62,scmos_cal,start camera
2026-03-26 13:25:29,852:hal4000:INFO:message:
2026-03-26 13:25:29,852:hal4000:INFO:  handled by,62,settings,start camera
2026-03-26 13:25:29,853:hal4000:INFO:message:
2026-03-26 13:25:29,853:hal4000:INFO:  handled by,62,spotcounter,start camera
2026-03-26 13:25:29,853:hal4000:INFO:message:
2026-03-26 13:25:29,853:hal4000:INFO:  handled by,62,stage,start camera
2026-03-26 13:25:29,853:hal4000:INFO:message:
2026-03-26 13:25:29,853:hal4000:INFO:  handled by,62,tcp_control,start camera
2026-03-26 13:25:29,853:hal4000:INFO:message:
2026-03-26 13:25:29,854:hal4000:INFO:  handled by,62,timing,start camera
2026-03-26 13:25:29,854:hal4000:INFO:message:
2026-03-26 13:25:29,854:hal4000:INFO:  handled by,62,uc480_camera,start camera
2026-03-26 13:25:29,854:hal4000:INFO:message:
2026-03-26 13:25:29,854:hal4000:INFO:  handled by,62,z_stage,start camera
2026-03-26 13:25:29,854:hal4000:INFO:message:
2026-03-26 13:25:29,855:hal4000:INFO:  sent,63,illumination,new shutters file
2026-03-26 13:25:29,856:hal4000:INFO:message:
2026-03-26 13:25:29,856:hal4000:INFO:  worker started 60000,62,film,start camera
2026-03-26 13:25:29,856:hal4000:INFO:message:
2026-03-26 13:25:29,857:hal4000:INFO:  handled by,63,hal,new shutters file
2026-03-26 13:25:29,857:hal4000:INFO:message:
2026-03-26 13:25:29,857:hal4000:INFO:  handled by,63,aotf,new shutters file
2026-03-26 13:25:29,857:hal4000:INFO:message:
2026-03-26 13:25:29,857:hal4000:INFO:  handled by,63,clemex_stage,new shutters file
2026-03-26 13:25:29,857:hal4000:INFO:message:
2026-03-26 13:25:29,858:hal4000:INFO:  handled by,63,coherentGenesis488,new shutters file
2026-03-26 13:25:29,858:hal4000:INFO:message:
2026-03-26 13:25:29,858:hal4000:INFO:  handled by,63,coherentGenesis560,new shutters file
2026-03-26 13:25:29,858:hal4000:INFO:message:
2026-03-26 13:25:29,858:hal4000:INFO:  handled by,63,display,new shutters file
2026-03-26 13:25:29,858:hal4000:INFO:message:
2026-03-26 13:25:29,858:hal4000:INFO:  handled by,63,feeds,new shutters file
2026-03-26 13:25:29,859:hal4000:INFO:message:
2026-03-26 13:25:29,859:hal4000:INFO:  handled by,63,film,new shutters file
2026-03-26 13:25:29,859:hal4000:INFO:message:
2026-03-26 13:25:29,859:hal4000:INFO:  handled by,63,focuslock,new shutters file
2026-03-26 13:25:29,860:hal4000:INFO:message:
2026-03-26 13:25:29,860:hal4000:INFO:  queued,65,illumination,configuration
2026-03-26 13:25:29,860:hal4000:INFO:message:
2026-03-26 13:25:29,860:hal4000:INFO:  handled by,63,illumination,new shutters file
2026-03-26 13:25:29,860:hal4000:INFO:message:
2026-03-26 13:25:29,861:hal4000:INFO:  handled by,63,mosaic,new shutters file
2026-03-26 13:25:29,861:hal4000:INFO:message:
2026-03-26 13:25:29,861:hal4000:INFO:  handled by,63,mpb642,new shutters file
2026-03-26 13:25:29,861:hal4000:INFO:message:
2026-03-26 13:25:29,861:hal4000:INFO:  handled by,63,none_irlaser,new shutters file
2026-03-26 13:25:29,861:hal4000:INFO:message:
2026-03-26 13:25:29,862:hal4000:INFO:  handled by,63,obis405,new shutters file
2026-03-26 13:25:29,862:hal4000:INFO:message:
2026-03-26 13:25:29,862:hal4000:INFO:  handled by,63,pi_controller,new shutters file
2026-03-26 13:25:29,862:hal4000:INFO:message:
2026-03-26 13:25:29,862:hal4000:INFO:  handled by,63,progressions,new shutters file
2026-03-26 13:25:29,862:hal4000:INFO:message:
2026-03-26 13:25:29,862:hal4000:INFO:  handled by,63,scmos_cal,new shutters file
2026-03-26 13:25:29,863:hal4000:INFO:message:
2026-03-26 13:25:29,863:hal4000:INFO:  handled by,63,settings,new shutters file
2026-03-26 13:25:29,863:hal4000:INFO:message:
2026-03-26 13:25:29,863:hal4000:INFO:  handled by,63,spotcounter,new shutters file
2026-03-26 13:25:29,863:hal4000:INFO:message:
2026-03-26 13:25:29,863:hal4000:INFO:  handled by,63,stage,new shutters file
2026-03-26 13:25:29,863:hal4000:INFO:message:
2026-03-26 13:25:29,864:hal4000:INFO:  handled by,63,tcp_control,new shutters file
2026-03-26 13:25:29,864:hal4000:INFO:message:
2026-03-26 13:25:29,864:hal4000:INFO:  handled by,63,timing,new shutters file
2026-03-26 13:25:29,864:hal4000:INFO:message:
2026-03-26 13:25:29,864:hal4000:INFO:  handled by,63,uc480_camera,new shutters file
2026-03-26 13:25:29,864:hal4000:INFO:message:
2026-03-26 13:25:29,865:hal4000:INFO:  handled by,63,z_stage,new shutters file
2026-03-26 13:25:29,865:hal4000:INFO:message:
2026-03-26 13:25:29,865:hal4000:INFO:  sent,64,spotcounter,get functionality
2026-03-26 13:25:29,865:hal4000:INFO:message:
2026-03-26 13:25:29,866:hal4000:INFO:  handled by,64,hal,get functionality
2026-03-26 13:25:29,866:hal4000:INFO:message:
2026-03-26 13:25:29,866:hal4000:INFO:  handled by,64,aotf,get functionality
2026-03-26 13:25:29,866:hal4000:INFO:message:
2026-03-26 13:25:29,866:hal4000:INFO:  handled by,64,clemex_stage,get functionality
2026-03-26 13:25:29,866:hal4000:INFO:message:
2026-03-26 13:25:29,867:hal4000:INFO:  handled by,64,coherentGenesis488,get functionality
2026-03-26 13:25:29,867:hal4000:INFO:message:
2026-03-26 13:25:29,867:hal4000:INFO:  handled by,64,coherentGenesis560,get functionality
2026-03-26 13:25:29,867:hal4000:INFO:message:
2026-03-26 13:25:29,867:hal4000:INFO:  handled by,64,display,get functionality
2026-03-26 13:25:29,867:hal4000:INFO:message:
2026-03-26 13:25:29,867:hal4000:INFO:  handled by,64,feeds,get functionality
2026-03-26 13:25:29,868:hal4000:INFO:message:
2026-03-26 13:25:29,868:hal4000:INFO:  handled by,64,film,get functionality
2026-03-26 13:25:29,868:hal4000:INFO:message:
2026-03-26 13:25:29,868:hal4000:INFO:  handled by,64,focuslock,get functionality
2026-03-26 13:25:29,868:hal4000:INFO:message:
2026-03-26 13:25:29,868:hal4000:INFO:  handled by,64,illumination,get functionality
2026-03-26 13:25:29,869:hal4000:INFO:message:
2026-03-26 13:25:29,869:hal4000:INFO:  handled by,64,mosaic,get functionality
2026-03-26 13:25:29,869:hal4000:INFO:message:
2026-03-26 13:25:29,869:hal4000:INFO:  handled by,64,mpb642,get functionality
2026-03-26 13:25:29,869:hal4000:INFO:message:
2026-03-26 13:25:29,869:hal4000:INFO:  handled by,64,none_irlaser,get functionality
2026-03-26 13:25:29,869:hal4000:INFO:message:
2026-03-26 13:25:29,870:hal4000:INFO:  handled by,64,obis405,get functionality
2026-03-26 13:25:29,870:hal4000:INFO:message:
2026-03-26 13:25:29,870:hal4000:INFO:  handled by,64,pi_controller,get functionality
2026-03-26 13:25:29,870:hal4000:INFO:message:
2026-03-26 13:25:29,870:hal4000:INFO:  handled by,64,progressions,get functionality
2026-03-26 13:25:29,870:hal4000:INFO:message:
2026-03-26 13:25:29,870:hal4000:INFO:  handled by,64,scmos_cal,get functionality
2026-03-26 13:25:29,871:hal4000:INFO:message:
2026-03-26 13:25:29,871:hal4000:INFO:  handled by,64,settings,get functionality
2026-03-26 13:25:29,871:hal4000:INFO:message:
2026-03-26 13:25:29,871:hal4000:INFO:  handled by,64,spotcounter,get functionality
2026-03-26 13:25:29,871:hal4000:INFO:message:
2026-03-26 13:25:29,871:hal4000:INFO:  handled by,64,stage,get functionality
2026-03-26 13:25:29,872:hal4000:INFO:message:
2026-03-26 13:25:29,872:hal4000:INFO:  handled by,64,tcp_control,get functionality
2026-03-26 13:25:29,872:hal4000:INFO:message:
2026-03-26 13:25:29,872:hal4000:INFO:  handled by,64,timing,get functionality
2026-03-26 13:25:29,872:hal4000:INFO:message:
2026-03-26 13:25:29,872:hal4000:INFO:  handled by,64,uc480_camera,get functionality
2026-03-26 13:25:29,872:hal4000:INFO:message:
2026-03-26 13:25:29,873:hal4000:INFO:  handled by,64,z_stage,get functionality
2026-03-26 13:25:29,873:hal4000:INFO:message:
2026-03-26 13:25:29,873:hal4000:INFO:  sent,65,illumination,configuration
2026-03-26 13:25:29,875:hal4000:INFO:message:
2026-03-26 13:25:29,875:hal4000:INFO:  handled by,65,hal,configuration
2026-03-26 13:25:29,875:hal4000:INFO:message:
2026-03-26 13:25:29,875:hal4000:INFO:  handled by,65,aotf,configuration
2026-03-26 13:25:29,876:hal4000:INFO:message:
2026-03-26 13:25:29,876:hal4000:INFO:  handled by,65,clemex_stage,configuration
2026-03-26 13:25:29,876:hal4000:INFO:message:
2026-03-26 13:25:29,876:hal4000:INFO:  handled by,65,coherentGenesis488,configuration
2026-03-26 13:25:29,876:hal4000:INFO:message:
2026-03-26 13:25:29,876:hal4000:INFO:  handled by,65,coherentGenesis560,configuration
2026-03-26 13:25:29,877:hal4000:INFO:message:
2026-03-26 13:25:29,877:hal4000:INFO:  handled by,65,display,configuration
2026-03-26 13:25:29,877:hal4000:INFO:message:
2026-03-26 13:25:29,877:hal4000:INFO:  handled by,65,feeds,configuration
2026-03-26 13:25:29,877:hal4000:INFO:message:
2026-03-26 13:25:29,877:hal4000:INFO:  handled by,65,film,configuration
2026-03-26 13:25:29,878:hal4000:INFO:message:
2026-03-26 13:25:29,878:hal4000:INFO:  handled by,65,focuslock,configuration
2026-03-26 13:25:29,878:hal4000:INFO:message:
2026-03-26 13:25:29,878:hal4000:INFO:  handled by,65,illumination,configuration
2026-03-26 13:25:29,878:hal4000:INFO:message:
2026-03-26 13:25:29,878:hal4000:INFO:  handled by,65,mosaic,configuration
2026-03-26 13:25:29,879:hal4000:INFO:message:
2026-03-26 13:25:29,879:hal4000:INFO:  handled by,65,mpb642,configuration
2026-03-26 13:25:29,879:hal4000:INFO:message:
2026-03-26 13:25:29,879:hal4000:INFO:  handled by,65,none_irlaser,configuration
2026-03-26 13:25:29,879:hal4000:INFO:message:
2026-03-26 13:25:29,879:hal4000:INFO:  handled by,65,obis405,configuration
2026-03-26 13:25:29,879:hal4000:INFO:message:
2026-03-26 13:25:29,880:hal4000:INFO:  handled by,65,pi_controller,configuration
2026-03-26 13:25:29,880:hal4000:INFO:message:
2026-03-26 13:25:29,880:hal4000:INFO:  handled by,65,progressions,configuration
2026-03-26 13:25:29,880:hal4000:INFO:message:
2026-03-26 13:25:29,880:hal4000:INFO:  handled by,65,scmos_cal,configuration
2026-03-26 13:25:29,880:hal4000:INFO:message:
2026-03-26 13:25:29,880:hal4000:INFO:  handled by,65,settings,configuration
2026-03-26 13:25:29,881:hal4000:INFO:message:
2026-03-26 13:25:29,881:hal4000:INFO:  handled by,65,spotcounter,configuration
2026-03-26 13:25:29,881:hal4000:INFO:message:
2026-03-26 13:25:29,881:hal4000:INFO:  handled by,65,stage,configuration
2026-03-26 13:25:29,881:hal4000:INFO:message:
2026-03-26 13:25:29,881:hal4000:INFO:  handled by,65,tcp_control,configuration
2026-03-26 13:25:29,882:hal4000:INFO:message:
2026-03-26 13:25:29,882:hal4000:INFO:  handled by,65,timing,configuration
2026-03-26 13:25:29,882:hal4000:INFO:message:
2026-03-26 13:25:29,882:hal4000:INFO:  handled by,65,uc480_camera,configuration
2026-03-26 13:25:29,882:hal4000:INFO:message:
2026-03-26 13:25:29,882:hal4000:INFO:  handled by,65,z_stage,configuration
2026-03-26 13:25:30,188:hal4000:INFO:message:
2026-03-26 13:25:30,188:hal4000:INFO:  handled by,62,camera1,start camera
2026-03-26 13:25:30,188:hal4000:INFO:message:
2026-03-26 13:25:30,188:hal4000:INFO:  processed,62,film,start camera
2026-03-26 13:25:30,188:hal4000:INFO:message:
2026-03-26 13:25:30,188:hal4000:INFO:  worker done,62,film,start camera
2026-03-26 13:25:30,189:hal4000:INFO:message:
2026-03-26 13:25:30,189:hal4000:INFO:  handled by,63,camera1,new shutters file
2026-03-26 13:25:30,189:hal4000:INFO:message:
2026-03-26 13:25:30,189:hal4000:INFO:  processed,63,illumination,new shutters file
2026-03-26 13:25:30,189:hal4000:INFO:message:
2026-03-26 13:25:30,190:hal4000:INFO:  handled by,64,camera1,get functionality
2026-03-26 13:25:30,190:hal4000:INFO:message:
2026-03-26 13:25:30,190:hal4000:INFO:  processed,64,spotcounter,get functionality
2026-03-26 13:25:30,191:hal4000:INFO:message:
2026-03-26 13:25:30,191:hal4000:INFO:  handled by,65,camera1,configuration
2026-03-26 13:25:30,191:hal4000:INFO:message:
2026-03-26 13:25:30,191:hal4000:INFO:  processed,65,illumination,configuration
2026-03-26 13:26:12,644:hal4000:INFO:message:
2026-03-26 13:26:12,645:hal4000:INFO:  Fitting problem: Number of calls to function has reached maxfev = 500.
2026-03-26 13:27:35,242:hal4000:INFO:message:
2026-03-26 13:27:35,242:hal4000:INFO:  queued,66,hal,close event
2026-03-26 13:27:35,613:hal4000:INFO:message:
2026-03-26 13:27:35,620:hal4000:INFO:  uc480: Call failed with error 1 is_CopyImageMem
