2026-03-26 16:33:19,172:hal4000:INFO:message:
2026-03-26 16:33:19,173:hal4000:INFO:  handled by,57,scmos_cal,get functionality
2026-03-26 16:33:19,173:hal4000:INFO:message:
2026-03-26 16:33:19,173:hal4000:INFO:  handled by,57,settings,get functionality
2026-03-26 16:33:19,174:hal4000:INFO:message:
2026-03-26 16:33:19,174:hal4000:INFO:  handled by,57,spotcounter,get functionality
2026-03-26 16:33:19,174:hal4000:INFO:message:
2026-03-26 16:33:19,174:hal4000:INFO:  handled by,57,stage,get functionality
2026-03-26 16:33:19,174:hal4000:INFO:message:
2026-03-26 16:33:19,174:hal4000:INFO:  handled by,57,tcp_control,get functionality
2026-03-26 16:33:19,175:hal4000:INFO:message:
2026-03-26 16:33:19,175:hal4000:INFO:  handled by,57,timing,get functionality
2026-03-26 16:33:19,175:hal4000:INFO:message:
2026-03-26 16:33:19,175:hal4000:INFO:  handled by,57,uc480_camera,get functionality
2026-03-26 16:33:19,175:hal4000:INFO:message:
2026-03-26 16:33:19,175:hal4000:INFO:  handled by,57,z_stage,get functionality
2026-03-26 16:33:19,176:hal4000:INFO:message:
2026-03-26 16:33:19,176:hal4000:INFO:  processed,57,scmos_cal,get functionality
2026-03-26 16:33:19,178:hal4000:INFO:message:
2026-03-26 16:33:19,178:hal4000:INFO:  sent,3,core,start
2026-03-26 16:33:19,204:hal4000:INFO:message:
2026-03-26 16:33:19,204:hal4000:INFO:  queued,58,hal,change directory
2026-03-26 16:33:19,204:hal4000:INFO:message:
2026-03-26 16:33:19,205:hal4000:INFO:  handled by,3,hal,start
2026-03-26 16:33:19,205:hal4000:INFO:message:
2026-03-26 16:33:19,205:hal4000:INFO:  handled by,3,aotf,start
2026-03-26 16:33:19,205:hal4000:INFO:message:
2026-03-26 16:33:19,205:hal4000:INFO:  handled by,3,camera1,start
2026-03-26 16:33:19,206:hal4000:INFO:message:
2026-03-26 16:33:19,206:hal4000:INFO:  handled by,3,clemex_stage,start
2026-03-26 16:33:19,206:hal4000:INFO:message:
2026-03-26 16:33:19,206:hal4000:INFO:  handled by,3,coherentGenesis488,start
2026-03-26 16:33:19,206:hal4000:INFO:message:
2026-03-26 16:33:19,207:hal4000:INFO:  handled by,3,coherentGenesis560,start
2026-03-26 16:33:19,207:hal4000:INFO:message:
2026-03-26 16:33:19,207:hal4000:INFO:  queued,59,display,get functionality
2026-03-26 16:33:19,207:hal4000:INFO:message:
2026-03-26 16:33:19,207:hal4000:INFO:  handled by,3,display,start
2026-03-26 16:33:19,207:hal4000:INFO:message:
2026-03-26 16:33:19,208:hal4000:INFO:  handled by,3,feeds,start
2026-03-26 16:33:19,208:hal4000:INFO:message:
2026-03-26 16:33:19,208:hal4000:INFO:  queued,60,film,start camera
2026-03-26 16:33:19,208:hal4000:INFO:message:
2026-03-26 16:33:19,208:hal4000:INFO:  queued,61,film,sync
2026-03-26 16:33:19,209:hal4000:INFO:message:
2026-03-26 16:33:19,209:hal4000:INFO:  queued,62,film,start camera
2026-03-26 16:33:19,209:hal4000:INFO:message:
2026-03-26 16:33:19,209:hal4000:INFO:  handled by,3,film,start
2026-03-26 16:33:19,218:hal4000:INFO:message:
2026-03-26 16:33:19,219:hal4000:INFO:  handled by,3,focuslock,start
2026-03-26 16:33:19,229:hal4000:INFO:message:
2026-03-26 16:33:19,229:hal4000:INFO:  queued,63,illumination,new shutters file
2026-03-26 16:33:19,236:hal4000:INFO:message:
2026-03-26 16:33:19,236:hal4000:INFO:  handled by,3,illumination,start
2026-03-26 16:33:19,236:hal4000:INFO:message:
2026-03-26 16:33:19,237:hal4000:INFO:  handled by,3,mosaic,start
2026-03-26 16:33:19,237:hal4000:INFO:message:
2026-03-26 16:33:19,237:hal4000:INFO:  handled by,3,mpb642,start
2026-03-26 16:33:19,237:hal4000:INFO:message:
2026-03-26 16:33:19,238:hal4000:INFO:  handled by,3,none_irlaser,start
2026-03-26 16:33:19,238:hal4000:INFO:message:
2026-03-26 16:33:19,238:hal4000:INFO:  handled by,3,obis405,start
2026-03-26 16:33:19,238:hal4000:INFO:message:
2026-03-26 16:33:19,239:hal4000:INFO:  handled by,3,pi_controller,start
2026-03-26 16:33:19,239:hal4000:INFO:message:
2026-03-26 16:33:19,239:hal4000:INFO:  handled by,3,progressions,start
2026-03-26 16:33:19,239:hal4000:INFO:message:
2026-03-26 16:33:19,239:hal4000:INFO:  handled by,3,scmos_cal,start
2026-03-26 16:33:19,240:hal4000:INFO:message:
2026-03-26 16:33:19,240:hal4000:INFO:  handled by,3,settings,start
2026-03-26 16:33:19,241:hal4000:INFO:message:
2026-03-26 16:33:19,241:hal4000:INFO:  queued,64,spotcounter,get functionality
2026-03-26 16:33:19,241:hal4000:INFO:message:
2026-03-26 16:33:19,241:hal4000:INFO:  handled by,3,spotcounter,start
2026-03-26 16:33:19,249:hal4000:INFO:message:
2026-03-26 16:33:19,249:hal4000:INFO:  handled by,3,stage,start
2026-03-26 16:33:19,250:hal4000:INFO:message:
2026-03-26 16:33:19,250:hal4000:INFO:  handled by,3,tcp_control,start
2026-03-26 16:33:19,250:hal4000:INFO:message:
2026-03-26 16:33:19,250:hal4000:INFO:  handled by,3,timing,start
2026-03-26 16:33:19,251:hal4000:INFO:message:
2026-03-26 16:33:19,251:hal4000:INFO:  handled by,3,uc480_camera,start
2026-03-26 16:33:19,258:hal4000:INFO:message:
2026-03-26 16:33:19,258:hal4000:INFO:  handled by,3,z_stage,start
2026-03-26 16:33:19,258:hal4000:INFO:message:
2026-03-26 16:33:19,259:hal4000:INFO:  processed,3,core,start
2026-03-26 16:33:19,336:hal4000:INFO:message:
2026-03-26 16:33:19,336:hal4000:INFO:  sent,58,hal,change directory
2026-03-26 16:33:19,370:hal4000:INFO:message:
2026-03-26 16:33:19,370:hal4000:INFO:  handled by,58,hal,change directory
2026-03-26 16:33:19,370:hal4000:INFO:message:
2026-03-26 16:33:19,370:hal4000:INFO:  handled by,58,aotf,change directory
2026-03-26 16:33:19,371:hal4000:INFO:message:
2026-03-26 16:33:19,371:hal4000:INFO:  handled by,58,camera1,change directory
2026-03-26 16:33:19,372:hal4000:INFO:message:
2026-03-26 16:33:19,372:hal4000:INFO:  handled by,58,clemex_stage,change directory
2026-03-26 16:33:19,372:hal4000:INFO:message:
2026-03-26 16:33:19,372:hal4000:INFO:  handled by,58,coherentGenesis488,change directory
2026-03-26 16:33:19,372:hal4000:INFO:message:
2026-03-26 16:33:19,373:hal4000:INFO:  handled by,58,coherentGenesis560,change directory
2026-03-26 16:33:19,373:hal4000:INFO:message:
2026-03-26 16:33:19,373:hal4000:INFO:  handled by,58,display,change directory
2026-03-26 16:33:19,373:hal4000:INFO:message:
2026-03-26 16:33:19,373:hal4000:INFO:  handled by,58,feeds,change directory
2026-03-26 16:33:19,374:hal4000:INFO:message:
2026-03-26 16:33:19,374:hal4000:INFO:  handled by,58,film,change directory
2026-03-26 16:33:19,374:hal4000:INFO:message:
2026-03-26 16:33:19,375:hal4000:INFO:  handled by,58,focuslock,change directory
2026-03-26 16:33:19,375:hal4000:INFO:message:
2026-03-26 16:33:19,375:hal4000:INFO:  handled by,58,illumination,change directory
2026-03-26 16:33:19,375:hal4000:INFO:message:
2026-03-26 16:33:19,375:hal4000:INFO:  handled by,58,mosaic,change directory
2026-03-26 16:33:19,376:hal4000:INFO:message:
2026-03-26 16:33:19,376:hal4000:INFO:  handled by,58,mpb642,change directory
2026-03-26 16:33:19,376:hal4000:INFO:message:
2026-03-26 16:33:19,376:hal4000:INFO:  handled by,58,none_irlaser,change directory
2026-03-26 16:33:19,376:hal4000:INFO:message:
2026-03-26 16:33:19,377:hal4000:INFO:  handled by,58,obis405,change directory
2026-03-26 16:33:19,377:hal4000:INFO:message:
2026-03-26 16:33:19,377:hal4000:INFO:  handled by,58,pi_controller,change directory
2026-03-26 16:33:19,377:hal4000:INFO:message:
2026-03-26 16:33:19,377:hal4000:INFO:  handled by,58,progressions,change directory
2026-03-26 16:33:19,378:hal4000:INFO:message:
2026-03-26 16:33:19,378:hal4000:INFO:  handled by,58,scmos_cal,change directory
2026-03-26 16:33:19,378:hal4000:INFO:message:
2026-03-26 16:33:19,378:hal4000:INFO:  handled by,58,settings,change directory
2026-03-26 16:33:19,379:hal4000:INFO:message:
2026-03-26 16:33:19,379:hal4000:INFO:  handled by,58,spotcounter,change directory
2026-03-26 16:33:19,379:hal4000:INFO:message:
2026-03-26 16:33:19,380:hal4000:INFO:  handled by,58,stage,change directory
2026-03-26 16:33:19,380:hal4000:INFO:message:
2026-03-26 16:33:19,380:hal4000:INFO:  handled by,58,tcp_control,change directory
2026-03-26 16:33:19,380:hal4000:INFO:message:
2026-03-26 16:33:19,380:hal4000:INFO:  handled by,58,timing,change directory
2026-03-26 16:33:19,381:hal4000:INFO:message:
2026-03-26 16:33:19,381:hal4000:INFO:  handled by,58,uc480_camera,change directory
2026-03-26 16:33:19,381:hal4000:INFO:message:
2026-03-26 16:33:19,381:hal4000:INFO:  handled by,58,z_stage,change directory
2026-03-26 16:33:19,381:hal4000:INFO:message:
2026-03-26 16:33:19,382:hal4000:INFO:  processed,58,hal,change directory
2026-03-26 16:33:19,382:hal4000:INFO:message:
2026-03-26 16:33:19,382:hal4000:INFO:  sent,59,display,get functionality
2026-03-26 16:33:19,383:hal4000:INFO:message:
2026-03-26 16:33:19,383:hal4000:INFO:  handled by,59,hal,get functionality
2026-03-26 16:33:19,383:hal4000:INFO:message:
2026-03-26 16:33:19,384:hal4000:INFO:  handled by,59,aotf,get functionality
2026-03-26 16:33:19,384:hal4000:INFO:message:
2026-03-26 16:33:19,384:hal4000:INFO:  handled by,59,camera1,get functionality
2026-03-26 16:33:19,384:hal4000:INFO:message:
2026-03-26 16:33:19,384:hal4000:INFO:  handled by,59,clemex_stage,get functionality
2026-03-26 16:33:19,385:hal4000:INFO:message:
2026-03-26 16:33:19,385:hal4000:INFO:  handled by,59,coherentGenesis488,get functionality
2026-03-26 16:33:19,385:hal4000:INFO:message:
2026-03-26 16:33:19,385:hal4000:INFO:  handled by,59,coherentGenesis560,get functionality
2026-03-26 16:33:19,385:hal4000:INFO:message:
2026-03-26 16:33:19,386:hal4000:INFO:  handled by,59,display,get functionality
2026-03-26 16:33:19,386:hal4000:INFO:message:
2026-03-26 16:33:19,386:hal4000:INFO:  handled by,59,feeds,get functionality
2026-03-26 16:33:19,386:hal4000:INFO:message:
2026-03-26 16:33:19,387:hal4000:INFO:  handled by,59,film,get functionality
2026-03-26 16:33:19,387:hal4000:INFO:message:
2026-03-26 16:33:19,387:hal4000:INFO:  handled by,59,focuslock,get functionality
2026-03-26 16:33:19,388:hal4000:INFO:message:
2026-03-26 16:33:19,388:hal4000:INFO:  handled by,59,illumination,get functionality
2026-03-26 16:33:19,388:hal4000:INFO:message:
2026-03-26 16:33:19,388:hal4000:INFO:  handled by,59,mosaic,get functionality
2026-03-26 16:33:19,388:hal4000:INFO:message:
2026-03-26 16:33:19,389:hal4000:INFO:  handled by,59,mpb642,get functionality
2026-03-26 16:33:19,389:hal4000:INFO:message:
2026-03-26 16:33:19,389:hal4000:INFO:  handled by,59,none_irlaser,get functionality
2026-03-26 16:33:19,389:hal4000:INFO:message:
2026-03-26 16:33:19,390:hal4000:INFO:  handled by,59,obis405,get functionality
2026-03-26 16:33:19,390:hal4000:INFO:message:
2026-03-26 16:33:19,390:hal4000:INFO:  handled by,59,pi_controller,get functionality
2026-03-26 16:33:19,390:hal4000:INFO:message:
2026-03-26 16:33:19,390:hal4000:INFO:  handled by,59,progressions,get functionality
2026-03-26 16:33:19,390:hal4000:INFO:message:
2026-03-26 16:33:19,391:hal4000:INFO:  handled by,59,scmos_cal,get functionality
2026-03-26 16:33:19,391:hal4000:INFO:message:
2026-03-26 16:33:19,391:hal4000:INFO:  handled by,59,settings,get functionality
2026-03-26 16:33:19,391:hal4000:INFO:message:
2026-03-26 16:33:19,391:hal4000:INFO:  handled by,59,spotcounter,get functionality
2026-03-26 16:33:19,392:hal4000:INFO:message:
2026-03-26 16:33:19,392:hal4000:INFO:  handled by,59,stage,get functionality
2026-03-26 16:33:19,392:hal4000:INFO:message:
2026-03-26 16:33:19,392:hal4000:INFO:  handled by,59,tcp_control,get functionality
2026-03-26 16:33:19,392:hal4000:INFO:message:
2026-03-26 16:33:19,393:hal4000:INFO:  handled by,59,timing,get functionality
2026-03-26 16:33:19,393:hal4000:INFO:message:
2026-03-26 16:33:19,393:hal4000:INFO:  handled by,59,uc480_camera,get functionality
2026-03-26 16:33:19,393:hal4000:INFO:message:
2026-03-26 16:33:19,393:hal4000:INFO:  handled by,59,z_stage,get functionality
2026-03-26 16:33:19,394:hal4000:INFO:message:
2026-03-26 16:33:19,394:hal4000:INFO:  processed,59,display,get functionality
2026-03-26 16:33:19,397:hal4000:INFO:message:
2026-03-26 16:33:19,397:hal4000:INFO:  sent,60,film,start camera
2026-03-26 16:33:19,399:hal4000:INFO:message:
2026-03-26 16:33:19,399:hal4000:INFO:  handled by,60,hal,start camera
2026-03-26 16:33:19,400:hal4000:INFO:message:
2026-03-26 16:33:19,400:hal4000:INFO:  handled by,60,aotf,start camera
2026-03-26 16:33:19,400:hal4000:INFO:message:
2026-03-26 16:33:19,400:hal4000:INFO:  handled by,60,camera1,start camera
2026-03-26 16:33:19,401:hal4000:INFO:message:
2026-03-26 16:33:19,401:hal4000:INFO:  handled by,60,clemex_stage,start camera
2026-03-26 16:33:19,401:hal4000:INFO:message:
2026-03-26 16:33:19,402:hal4000:INFO:  handled by,60,coherentGenesis488,start camera
2026-03-26 16:33:19,402:hal4000:INFO:message:
2026-03-26 16:33:19,402:hal4000:INFO:  handled by,60,coherentGenesis560,start camera
2026-03-26 16:33:19,402:hal4000:INFO:message:
2026-03-26 16:33:19,403:hal4000:INFO:  handled by,60,display,start camera
2026-03-26 16:33:19,403:hal4000:INFO:message:
2026-03-26 16:33:19,403:hal4000:INFO:  handled by,60,feeds,start camera
2026-03-26 16:33:19,403:hal4000:INFO:message:
2026-03-26 16:33:19,404:hal4000:INFO:  handled by,60,film,start camera
2026-03-26 16:33:19,404:hal4000:INFO:message:
2026-03-26 16:33:19,404:hal4000:INFO:  handled by,60,focuslock,start camera
2026-03-26 16:33:19,404:hal4000:INFO:message:
2026-03-26 16:33:19,404:hal4000:INFO:  handled by,60,illumination,start camera
2026-03-26 16:33:19,404:hal4000:INFO:message:
2026-03-26 16:33:19,405:hal4000:INFO:  handled by,60,mosaic,start camera
2026-03-26 16:33:19,405:hal4000:INFO:message:
2026-03-26 16:33:19,405:hal4000:INFO:  handled by,60,mpb642,start camera
2026-03-26 16:33:19,405:hal4000:INFO:message:
2026-03-26 16:33:19,405:hal4000:INFO:  handled by,60,none_irlaser,start camera
2026-03-26 16:33:19,405:hal4000:INFO:message:
2026-03-26 16:33:19,406:hal4000:INFO:  handled by,60,obis405,start camera
2026-03-26 16:33:19,406:hal4000:INFO:message:
2026-03-26 16:33:19,406:hal4000:INFO:  handled by,60,pi_controller,start camera
2026-03-26 16:33:19,406:hal4000:INFO:message:
2026-03-26 16:33:19,406:hal4000:INFO:  handled by,60,progressions,start camera
2026-03-26 16:33:19,406:hal4000:INFO:message:
2026-03-26 16:33:19,407:hal4000:INFO:  handled by,60,scmos_cal,start camera
2026-03-26 16:33:19,407:hal4000:INFO:message:
2026-03-26 16:33:19,407:hal4000:INFO:  handled by,60,settings,start camera
2026-03-26 16:33:19,407:hal4000:INFO:message:
2026-03-26 16:33:19,408:hal4000:INFO:  handled by,60,spotcounter,start camera
2026-03-26 16:33:19,408:hal4000:INFO:message:
2026-03-26 16:33:19,408:hal4000:INFO:  handled by,60,stage,start camera
2026-03-26 16:33:19,408:hal4000:INFO:message:
2026-03-26 16:33:19,408:hal4000:INFO:  handled by,60,tcp_control,start camera
2026-03-26 16:33:19,408:hal4000:INFO:message:
2026-03-26 16:33:19,409:hal4000:INFO:  handled by,60,timing,start camera
2026-03-26 16:33:19,409:hal4000:INFO:message:
2026-03-26 16:33:19,409:hal4000:INFO:  handled by,60,uc480_camera,start camera
2026-03-26 16:33:19,409:hal4000:INFO:message:
2026-03-26 16:33:19,409:hal4000:INFO:  handled by,60,z_stage,start camera
2026-03-26 16:33:19,409:hal4000:INFO:message:
2026-03-26 16:33:19,410:hal4000:INFO:  processed,60,film,start camera
2026-03-26 16:33:19,418:hal4000:INFO:message:
2026-03-26 16:33:19,418:hal4000:INFO:  sent,62,film,start camera
2026-03-26 16:33:19,419:hal4000:INFO:message:
2026-03-26 16:33:19,420:hal4000:INFO:  handled by,62,hal,start camera
2026-03-26 16:33:19,420:hal4000:INFO:message:
2026-03-26 16:33:19,420:hal4000:INFO:  handled by,62,aotf,start camera
2026-03-26 16:33:19,420:hal4000:INFO:message:
2026-03-26 16:33:19,421:hal4000:INFO:  handled by,62,camera1,start camera
2026-03-26 16:33:19,421:hal4000:INFO:message:
2026-03-26 16:33:19,421:hal4000:INFO:  handled by,62,clemex_stage,start camera
2026-03-26 16:33:19,422:hal4000:INFO:message:
2026-03-26 16:33:19,422:hal4000:INFO:  handled by,62,coherentGenesis488,start camera
2026-03-26 16:33:19,425:hal4000:INFO:message:
2026-03-26 16:33:19,426:hal4000:INFO:  handled by,62,coherentGenesis560,start camera
2026-03-26 16:33:19,426:hal4000:INFO:message:
2026-03-26 16:33:19,426:hal4000:INFO:  handled by,62,display,start camera
2026-03-26 16:33:19,426:hal4000:INFO:message:
2026-03-26 16:33:19,426:hal4000:INFO:  handled by,62,feeds,start camera
2026-03-26 16:33:19,427:hal4000:INFO:message:
2026-03-26 16:33:19,427:hal4000:INFO:  handled by,62,film,start camera
2026-03-26 16:33:19,427:hal4000:INFO:message:
2026-03-26 16:33:19,427:hal4000:INFO:  handled by,62,focuslock,start camera
2026-03-26 16:33:19,428:hal4000:INFO:message:
2026-03-26 16:33:19,428:hal4000:INFO:  handled by,62,illumination,start camera
2026-03-26 16:33:19,428:hal4000:INFO:message:
2026-03-26 16:33:19,428:hal4000:INFO:  handled by,62,mosaic,start camera
2026-03-26 16:33:19,429:hal4000:INFO:message:
2026-03-26 16:33:19,429:hal4000:INFO:  handled by,62,mpb642,start camera
2026-03-26 16:33:19,429:hal4000:INFO:message:
2026-03-26 16:33:19,430:hal4000:INFO:  handled by,62,none_irlaser,start camera
2026-03-26 16:33:19,430:hal4000:INFO:message:
2026-03-26 16:33:19,430:hal4000:INFO:  handled by,62,obis405,start camera
2026-03-26 16:33:19,430:hal4000:INFO:message:
2026-03-26 16:33:19,430:hal4000:INFO:  handled by,62,pi_controller,start camera
2026-03-26 16:33:19,431:hal4000:INFO:message:
2026-03-26 16:33:19,431:hal4000:INFO:  handled by,62,progressions,start camera
2026-03-26 16:33:19,431:hal4000:INFO:message:
2026-03-26 16:33:19,431:hal4000:INFO:  handled by,62,scmos_cal,start camera
2026-03-26 16:33:19,432:hal4000:INFO:message:
2026-03-26 16:33:19,432:hal4000:INFO:  handled by,62,settings,start camera
2026-03-26 16:33:19,432:hal4000:INFO:message:
2026-03-26 16:33:19,432:hal4000:INFO:  handled by,62,spotcounter,start camera
2026-03-26 16:33:19,432:hal4000:INFO:message:
2026-03-26 16:33:19,432:hal4000:INFO:  handled by,62,stage,start camera
2026-03-26 16:33:19,433:hal4000:INFO:message:
2026-03-26 16:33:19,433:hal4000:INFO:  handled by,62,tcp_control,start camera
2026-03-26 16:33:19,433:hal4000:INFO:message:
2026-03-26 16:33:19,433:hal4000:INFO:  handled by,62,timing,start camera
2026-03-26 16:33:19,434:hal4000:INFO:message:
2026-03-26 16:33:19,434:hal4000:INFO:  handled by,62,uc480_camera,start camera
2026-03-26 16:33:19,434:hal4000:INFO:message:
2026-03-26 16:33:19,434:hal4000:INFO:  handled by,62,z_stage,start camera
2026-03-26 16:33:19,435:hal4000:INFO:message:
2026-03-26 16:33:19,435:hal4000:INFO:  sent,63,illumination,new shutters file
2026-03-26 16:33:19,437:hal4000:INFO:message:
2026-03-26 16:33:19,437:hal4000:INFO:  worker started 60000,62,film,start camera
2026-03-26 16:33:19,437:hal4000:INFO:message:
2026-03-26 16:33:19,437:hal4000:INFO:  handled by,63,hal,new shutters file
2026-03-26 16:33:19,437:hal4000:INFO:message:
2026-03-26 16:33:19,438:hal4000:INFO:  handled by,63,aotf,new shutters file
2026-03-26 16:33:19,438:hal4000:INFO:message:
2026-03-26 16:33:19,438:hal4000:INFO:  handled by,63,clemex_stage,new shutters file
2026-03-26 16:33:19,438:hal4000:INFO:message:
2026-03-26 16:33:19,438:hal4000:INFO:  handled by,63,coherentGenesis488,new shutters file
2026-03-26 16:33:19,439:hal4000:INFO:message:
2026-03-26 16:33:19,439:hal4000:INFO:  handled by,63,coherentGenesis560,new shutters file
2026-03-26 16:33:19,439:hal4000:INFO:message:
2026-03-26 16:33:19,439:hal4000:INFO:  handled by,63,display,new shutters file
2026-03-26 16:33:19,440:hal4000:INFO:message:
2026-03-26 16:33:19,440:hal4000:INFO:  handled by,63,feeds,new shutters file
2026-03-26 16:33:19,440:hal4000:INFO:message:
2026-03-26 16:33:19,440:hal4000:INFO:  handled by,63,film,new shutters file
2026-03-26 16:33:19,441:hal4000:INFO:message:
2026-03-26 16:33:19,441:hal4000:INFO:  handled by,63,focuslock,new shutters file
2026-03-26 16:33:19,442:hal4000:INFO:message:
2026-03-26 16:33:19,442:hal4000:INFO:  queued,65,illumination,configuration
2026-03-26 16:33:19,442:hal4000:INFO:message:
2026-03-26 16:33:19,442:hal4000:INFO:  handled by,63,illumination,new shutters file
2026-03-26 16:33:19,443:hal4000:INFO:message:
2026-03-26 16:33:19,443:hal4000:INFO:  handled by,63,mosaic,new shutters file
2026-03-26 16:33:19,444:hal4000:INFO:message:
2026-03-26 16:33:19,444:hal4000:INFO:  handled by,63,mpb642,new shutters file
2026-03-26 16:33:19,444:hal4000:INFO:message:
2026-03-26 16:33:19,444:hal4000:INFO:  handled by,63,none_irlaser,new shutters file
2026-03-26 16:33:19,445:hal4000:INFO:message:
2026-03-26 16:33:19,445:hal4000:INFO:  handled by,63,obis405,new shutters file
2026-03-26 16:33:19,445:hal4000:INFO:message:
2026-03-26 16:33:19,445:hal4000:INFO:  handled by,63,pi_controller,new shutters file
2026-03-26 16:33:19,446:hal4000:INFO:message:
2026-03-26 16:33:19,446:hal4000:INFO:  handled by,63,progressions,new shutters file
2026-03-26 16:33:19,446:hal4000:INFO:message:
2026-03-26 16:33:19,446:hal4000:INFO:  handled by,63,scmos_cal,new shutters file
2026-03-26 16:33:19,446:hal4000:INFO:message:
2026-03-26 16:33:19,446:hal4000:INFO:  handled by,63,settings,new shutters file
2026-03-26 16:33:19,446:hal4000:INFO:message:
2026-03-26 16:33:19,446:hal4000:INFO:  handled by,63,spotcounter,new shutters file
2026-03-26 16:33:19,446:hal4000:INFO:message:
2026-03-26 16:33:19,447:hal4000:INFO:  handled by,63,stage,new shutters file
2026-03-26 16:33:19,447:hal4000:INFO:message:
2026-03-26 16:33:19,447:hal4000:INFO:  handled by,63,tcp_control,new shutters file
2026-03-26 16:33:19,447:hal4000:INFO:message:
2026-03-26 16:33:19,447:hal4000:INFO:  handled by,63,timing,new shutters file
2026-03-26 16:33:19,448:hal4000:INFO:message:
2026-03-26 16:33:19,448:hal4000:INFO:  handled by,63,uc480_camera,new shutters file
2026-03-26 16:33:19,449:hal4000:INFO:message:
2026-03-26 16:33:19,449:hal4000:INFO:  handled by,63,z_stage,new shutters file
2026-03-26 16:33:19,449:hal4000:INFO:message:
2026-03-26 16:33:19,450:hal4000:INFO:  sent,64,spotcounter,get functionality
2026-03-26 16:33:19,451:hal4000:INFO:message:
2026-03-26 16:33:19,451:hal4000:INFO:  handled by,64,hal,get functionality
2026-03-26 16:33:19,451:hal4000:INFO:message:
2026-03-26 16:33:19,451:hal4000:INFO:  handled by,64,aotf,get functionality
2026-03-26 16:33:19,451:hal4000:INFO:message:
2026-03-26 16:33:19,452:hal4000:INFO:  handled by,64,clemex_stage,get functionality
2026-03-26 16:33:19,452:hal4000:INFO:message:
2026-03-26 16:33:19,452:hal4000:INFO:  handled by,64,coherentGenesis488,get functionality
2026-03-26 16:33:19,452:hal4000:INFO:message:
2026-03-26 16:33:19,453:hal4000:INFO:  handled by,64,coherentGenesis560,get functionality
2026-03-26 16:33:19,453:hal4000:INFO:message:
2026-03-26 16:33:19,453:hal4000:INFO:  handled by,64,display,get functionality
2026-03-26 16:33:19,453:hal4000:INFO:message:
2026-03-26 16:33:19,454:hal4000:INFO:  handled by,64,feeds,get functionality
2026-03-26 16:33:19,454:hal4000:INFO:message:
2026-03-26 16:33:19,454:hal4000:INFO:  handled by,64,film,get functionality
2026-03-26 16:33:19,455:hal4000:INFO:message:
2026-03-26 16:33:19,455:hal4000:INFO:  handled by,64,focuslock,get functionality
2026-03-26 16:33:19,455:hal4000:INFO:message:
2026-03-26 16:33:19,455:hal4000:INFO:  handled by,64,illumination,get functionality
2026-03-26 16:33:19,456:hal4000:INFO:message:
2026-03-26 16:33:19,456:hal4000:INFO:  handled by,64,mosaic,get functionality
2026-03-26 16:33:19,456:hal4000:INFO:message:
2026-03-26 16:33:19,456:hal4000:INFO:  handled by,64,mpb642,get functionality
2026-03-26 16:33:19,457:hal4000:INFO:message:
2026-03-26 16:33:19,457:hal4000:INFO:  handled by,64,none_irlaser,get functionality
2026-03-26 16:33:19,457:hal4000:INFO:message:
2026-03-26 16:33:19,457:hal4000:INFO:  handled by,64,obis405,get functionality
2026-03-26 16:33:19,457:hal4000:INFO:message:
2026-03-26 16:33:19,458:hal4000:INFO:  handled by,64,pi_controller,get functionality
2026-03-26 16:33:19,458:hal4000:INFO:message:
2026-03-26 16:33:19,458:hal4000:INFO:  handled by,64,progressions,get functionality
2026-03-26 16:33:19,458:hal4000:INFO:message:
2026-03-26 16:33:19,458:hal4000:INFO:  handled by,64,scmos_cal,get functionality
2026-03-26 16:33:19,459:hal4000:INFO:message:
2026-03-26 16:33:19,459:hal4000:INFO:  handled by,64,settings,get functionality
2026-03-26 16:33:19,459:hal4000:INFO:message:
2026-03-26 16:33:19,459:hal4000:INFO:  handled by,64,spotcounter,get functionality
2026-03-26 16:33:19,459:hal4000:INFO:message:
2026-03-26 16:33:19,460:hal4000:INFO:  handled by,64,stage,get functionality
2026-03-26 16:33:19,460:hal4000:INFO:message:
2026-03-26 16:33:19,460:hal4000:INFO:  handled by,64,tcp_control,get functionality
2026-03-26 16:33:19,460:hal4000:INFO:message:
2026-03-26 16:33:19,461:hal4000:INFO:  handled by,64,timing,get functionality
2026-03-26 16:33:19,461:hal4000:INFO:message:
2026-03-26 16:33:19,461:hal4000:INFO:  handled by,64,uc480_camera,get functionality
2026-03-26 16:33:19,462:hal4000:INFO:message:
2026-03-26 16:33:19,462:hal4000:INFO:  handled by,64,z_stage,get functionality
2026-03-26 16:33:19,462:hal4000:INFO:message:
2026-03-26 16:33:19,463:hal4000:INFO:  sent,65,illumination,configuration
2026-03-26 16:33:19,465:hal4000:INFO:message:
2026-03-26 16:33:19,465:hal4000:INFO:  handled by,65,hal,configuration
2026-03-26 16:33:19,465:hal4000:INFO:message:
2026-03-26 16:33:19,465:hal4000:INFO:  handled by,65,aotf,configuration
2026-03-26 16:33:19,466:hal4000:INFO:message:
2026-03-26 16:33:19,466:hal4000:INFO:  handled by,65,clemex_stage,configuration
2026-03-26 16:33:19,466:hal4000:INFO:message:
2026-03-26 16:33:19,466:hal4000:INFO:  handled by,65,coherentGenesis488,configuration
2026-03-26 16:33:19,466:hal4000:INFO:message:
2026-03-26 16:33:19,467:hal4000:INFO:  handled by,65,coherentGenesis560,configuration
2026-03-26 16:33:19,467:hal4000:INFO:message:
2026-03-26 16:33:19,467:hal4000:INFO:  handled by,65,display,configuration
2026-03-26 16:33:19,468:hal4000:INFO:message:
2026-03-26 16:33:19,468:hal4000:INFO:  handled by,65,feeds,configuration
2026-03-26 16:33:19,469:hal4000:INFO:message:
2026-03-26 16:33:19,469:hal4000:INFO:  handled by,65,film,configuration
2026-03-26 16:33:19,469:hal4000:INFO:message:
2026-03-26 16:33:19,469:hal4000:INFO:  handled by,65,focuslock,configuration
2026-03-26 16:33:19,469:hal4000:INFO:message:
2026-03-26 16:33:19,470:hal4000:INFO:  handled by,65,illumination,configuration
2026-03-26 16:33:19,470:hal4000:INFO:message:
2026-03-26 16:33:19,470:hal4000:INFO:  handled by,65,mosaic,configuration
2026-03-26 16:33:19,470:hal4000:INFO:message:
2026-03-26 16:33:19,471:hal4000:INFO:  handled by,65,mpb642,configuration
2026-03-26 16:33:19,471:hal4000:INFO:message:
2026-03-26 16:33:19,471:hal4000:INFO:  handled by,65,none_irlaser,configuration
2026-03-26 16:33:19,471:hal4000:INFO:message:
2026-03-26 16:33:19,471:hal4000:INFO:  handled by,65,obis405,configuration
2026-03-26 16:33:19,472:hal4000:INFO:message:
2026-03-26 16:33:19,472:hal4000:INFO:  handled by,65,pi_controller,configuration
2026-03-26 16:33:19,472:hal4000:INFO:message:
2026-03-26 16:33:19,472:hal4000:INFO:  handled by,65,progressions,configuration
2026-03-26 16:33:19,473:hal4000:INFO:message:
2026-03-26 16:33:19,473:hal4000:INFO:  handled by,65,scmos_cal,configuration
2026-03-26 16:33:19,473:hal4000:INFO:message:
2026-03-26 16:33:19,473:hal4000:INFO:  handled by,65,settings,configuration
2026-03-26 16:33:19,473:hal4000:INFO:message:
2026-03-26 16:33:19,474:hal4000:INFO:  handled by,65,spotcounter,configuration
2026-03-26 16:33:19,474:hal4000:INFO:message:
2026-03-26 16:33:19,475:hal4000:INFO:  handled by,65,stage,configuration
2026-03-26 16:33:19,475:hal4000:INFO:message:
2026-03-26 16:33:19,475:hal4000:INFO:  handled by,65,tcp_control,configuration
2026-03-26 16:33:19,475:hal4000:INFO:message:
2026-03-26 16:33:19,475:hal4000:INFO:  handled by,65,timing,configuration
2026-03-26 16:33:19,476:hal4000:INFO:message:
2026-03-26 16:33:19,476:hal4000:INFO:  handled by,65,uc480_camera,configuration
2026-03-26 16:33:19,476:hal4000:INFO:message:
2026-03-26 16:33:19,476:hal4000:INFO:  handled by,65,z_stage,configuration
2026-03-26 16:33:19,771:hal4000:INFO:message:
2026-03-26 16:33:19,771:hal4000:INFO:  handled by,62,camera1,start camera
2026-03-26 16:33:19,771:hal4000:INFO:message:
2026-03-26 16:33:19,771:hal4000:INFO:  processed,62,film,start camera
2026-03-26 16:33:19,772:hal4000:INFO:message:
2026-03-26 16:33:19,772:hal4000:INFO:  worker done,62,film,start camera
2026-03-26 16:33:19,773:hal4000:INFO:message:
2026-03-26 16:33:19,773:hal4000:INFO:  handled by,63,camera1,new shutters file
2026-03-26 16:33:19,773:hal4000:INFO:message:
2026-03-26 16:33:19,773:hal4000:INFO:  processed,63,illumination,new shutters file
2026-03-26 16:33:19,774:hal4000:INFO:message:
2026-03-26 16:33:19,774:hal4000:INFO:  handled by,64,camera1,get functionality
2026-03-26 16:33:19,774:hal4000:INFO:message:
2026-03-26 16:33:19,775:hal4000:INFO:  processed,64,spotcounter,get functionality
2026-03-26 16:33:19,776:hal4000:INFO:message:
2026-03-26 16:33:19,776:hal4000:INFO:  handled by,65,camera1,configuration
2026-03-26 16:33:19,777:hal4000:INFO:message:
2026-03-26 16:33:19,777:hal4000:INFO:  processed,65,illumination,configuration
2026-03-26 16:34:06,429:hal4000:INFO:message:
2026-03-26 16:34:06,430:hal4000:INFO:  queued,66,hal,close event
2026-03-26 16:34:06,798:hal4000:INFO:message:
2026-03-26 16:34:06,798:hal4000:INFO:  uc480: Call failed with error 1 is_CopyImageMem
