2026-03-26 15:15:33,322:hal4000:INFO:message:
2026-03-26 15:15:33,324:hal4000:INFO:  handled by,57,scmos_cal,get functionality
2026-03-26 15:15:33,324:hal4000:INFO:message:
2026-03-26 15:15:33,324:hal4000:INFO:  handled by,57,settings,get functionality
2026-03-26 15:15:33,324:hal4000:INFO:message:
2026-03-26 15:15:33,324:hal4000:INFO:  handled by,57,spotcounter,get functionality
2026-03-26 15:15:33,324:hal4000:INFO:message:
2026-03-26 15:15:33,325:hal4000:INFO:  handled by,57,stage,get functionality
2026-03-26 15:15:33,325:hal4000:INFO:message:
2026-03-26 15:15:33,325:hal4000:INFO:  handled by,57,tcp_control,get functionality
2026-03-26 15:15:33,325:hal4000:INFO:message:
2026-03-26 15:15:33,325:hal4000:INFO:  handled by,57,timing,get functionality
2026-03-26 15:15:33,325:hal4000:INFO:message:
2026-03-26 15:15:33,326:hal4000:INFO:  handled by,57,uc480_camera,get functionality
2026-03-26 15:15:33,326:hal4000:INFO:message:
2026-03-26 15:15:33,326:hal4000:INFO:  handled by,57,z_stage,get functionality
2026-03-26 15:15:33,326:hal4000:INFO:message:
2026-03-26 15:15:33,326:hal4000:INFO:  processed,57,scmos_cal,get functionality
2026-03-26 15:15:33,328:hal4000:INFO:message:
2026-03-26 15:15:33,328:hal4000:INFO:  sent,3,core,start
2026-03-26 15:15:33,354:hal4000:INFO:message:
2026-03-26 15:15:33,354:hal4000:INFO:  queued,58,hal,change directory
2026-03-26 15:15:33,354:hal4000:INFO:message:
2026-03-26 15:15:33,355:hal4000:INFO:  handled by,3,hal,start
2026-03-26 15:15:33,355:hal4000:INFO:message:
2026-03-26 15:15:33,355:hal4000:INFO:  handled by,3,aotf,start
2026-03-26 15:15:33,355:hal4000:INFO:message:
2026-03-26 15:15:33,355:hal4000:INFO:  handled by,3,camera1,start
2026-03-26 15:15:33,356:hal4000:INFO:message:
2026-03-26 15:15:33,356:hal4000:INFO:  handled by,3,clemex_stage,start
2026-03-26 15:15:33,356:hal4000:INFO:message:
2026-03-26 15:15:33,356:hal4000:INFO:  handled by,3,coherentGenesis488,start
2026-03-26 15:15:33,356:hal4000:INFO:message:
2026-03-26 15:15:33,357:hal4000:INFO:  handled by,3,coherentGenesis560,start
2026-03-26 15:15:33,357:hal4000:INFO:message:
2026-03-26 15:15:33,357:hal4000:INFO:  queued,59,display,get functionality
2026-03-26 15:15:33,357:hal4000:INFO:message:
2026-03-26 15:15:33,358:hal4000:INFO:  handled by,3,display,start
2026-03-26 15:15:33,358:hal4000:INFO:message:
2026-03-26 15:15:33,358:hal4000:INFO:  handled by,3,feeds,start
2026-03-26 15:15:33,358:hal4000:INFO:message:
2026-03-26 15:15:33,358:hal4000:INFO:  queued,60,film,start camera
2026-03-26 15:15:33,359:hal4000:INFO:message:
2026-03-26 15:15:33,359:hal4000:INFO:  queued,61,film,sync
2026-03-26 15:15:33,359:hal4000:INFO:message:
2026-03-26 15:15:33,359:hal4000:INFO:  queued,62,film,start camera
2026-03-26 15:15:33,359:hal4000:INFO:message:
2026-03-26 15:15:33,359:hal4000:INFO:  handled by,3,film,start
2026-03-26 15:15:33,371:hal4000:INFO:message:
2026-03-26 15:15:33,371:hal4000:INFO:  handled by,3,focuslock,start
2026-03-26 15:15:33,404:hal4000:INFO:message:
2026-03-26 15:15:33,404:hal4000:INFO:  queued,63,illumination,new shutters file
2026-03-26 15:15:33,413:hal4000:INFO:message:
2026-03-26 15:15:33,413:hal4000:INFO:  handled by,3,illumination,start
2026-03-26 15:15:33,413:hal4000:INFO:message:
2026-03-26 15:15:33,413:hal4000:INFO:  handled by,3,mosaic,start
2026-03-26 15:15:33,413:hal4000:INFO:message:
2026-03-26 15:15:33,414:hal4000:INFO:  handled by,3,mpb642,start
2026-03-26 15:15:33,414:hal4000:INFO:message:
2026-03-26 15:15:33,414:hal4000:INFO:  handled by,3,none_irlaser,start
2026-03-26 15:15:33,414:hal4000:INFO:message:
2026-03-26 15:15:33,414:hal4000:INFO:  handled by,3,obis405,start
2026-03-26 15:15:33,414:hal4000:INFO:message:
2026-03-26 15:15:33,415:hal4000:INFO:  handled by,3,pi_controller,start
2026-03-26 15:15:33,415:hal4000:INFO:message:
2026-03-26 15:15:33,415:hal4000:INFO:  handled by,3,progressions,start
2026-03-26 15:15:33,415:hal4000:INFO:message:
2026-03-26 15:15:33,415:hal4000:INFO:  handled by,3,scmos_cal,start
2026-03-26 15:15:33,415:hal4000:INFO:message:
2026-03-26 15:15:33,415:hal4000:INFO:  handled by,3,settings,start
2026-03-26 15:15:33,416:hal4000:INFO:message:
2026-03-26 15:15:33,416:hal4000:INFO:  queued,64,spotcounter,get functionality
2026-03-26 15:15:33,416:hal4000:INFO:message:
2026-03-26 15:15:33,416:hal4000:INFO:  handled by,3,spotcounter,start
2026-03-26 15:15:33,424:hal4000:INFO:message:
2026-03-26 15:15:33,424:hal4000:INFO:  handled by,3,stage,start
2026-03-26 15:15:33,425:hal4000:INFO:message:
2026-03-26 15:15:33,425:hal4000:INFO:  handled by,3,tcp_control,start
2026-03-26 15:15:33,425:hal4000:INFO:message:
2026-03-26 15:15:33,425:hal4000:INFO:  handled by,3,timing,start
2026-03-26 15:15:33,426:hal4000:INFO:message:
2026-03-26 15:15:33,426:hal4000:INFO:  handled by,3,uc480_camera,start
2026-03-26 15:15:33,433:hal4000:INFO:message:
2026-03-26 15:15:33,433:hal4000:INFO:  handled by,3,z_stage,start
2026-03-26 15:15:33,434:hal4000:INFO:message:
2026-03-26 15:15:33,434:hal4000:INFO:  processed,3,core,start
2026-03-26 15:15:33,500:hal4000:INFO:message:
2026-03-26 15:15:33,500:hal4000:INFO:  sent,58,hal,change directory
2026-03-26 15:15:33,526:hal4000:INFO:message:
2026-03-26 15:15:33,526:hal4000:INFO:  handled by,58,hal,change directory
2026-03-26 15:15:33,527:hal4000:INFO:message:
2026-03-26 15:15:33,527:hal4000:INFO:  handled by,58,aotf,change directory
2026-03-26 15:15:33,527:hal4000:INFO:message:
2026-03-26 15:15:33,527:hal4000:INFO:  handled by,58,camera1,change directory
2026-03-26 15:15:33,527:hal4000:INFO:message:
2026-03-26 15:15:33,528:hal4000:INFO:  handled by,58,clemex_stage,change directory
2026-03-26 15:15:33,528:hal4000:INFO:message:
2026-03-26 15:15:33,528:hal4000:INFO:  handled by,58,coherentGenesis488,change directory
2026-03-26 15:15:33,528:hal4000:INFO:message:
2026-03-26 15:15:33,528:hal4000:INFO:  handled by,58,coherentGenesis560,change directory
2026-03-26 15:15:33,529:hal4000:INFO:message:
2026-03-26 15:15:33,529:hal4000:INFO:  handled by,58,display,change directory
2026-03-26 15:15:33,529:hal4000:INFO:message:
2026-03-26 15:15:33,529:hal4000:INFO:  handled by,58,feeds,change directory
2026-03-26 15:15:33,530:hal4000:INFO:message:
2026-03-26 15:15:33,531:hal4000:INFO:  handled by,58,film,change directory
2026-03-26 15:15:33,531:hal4000:INFO:message:
2026-03-26 15:15:33,531:hal4000:INFO:  handled by,58,focuslock,change directory
2026-03-26 15:15:33,531:hal4000:INFO:message:
2026-03-26 15:15:33,531:hal4000:INFO:  handled by,58,illumination,change directory
2026-03-26 15:15:33,532:hal4000:INFO:message:
2026-03-26 15:15:33,532:hal4000:INFO:  handled by,58,mosaic,change directory
2026-03-26 15:15:33,532:hal4000:INFO:message:
2026-03-26 15:15:33,532:hal4000:INFO:  handled by,58,mpb642,change directory
2026-03-26 15:15:33,533:hal4000:INFO:message:
2026-03-26 15:15:33,533:hal4000:INFO:  handled by,58,none_irlaser,change directory
2026-03-26 15:15:33,533:hal4000:INFO:message:
2026-03-26 15:15:33,533:hal4000:INFO:  handled by,58,obis405,change directory
2026-03-26 15:15:33,533:hal4000:INFO:message:
2026-03-26 15:15:33,533:hal4000:INFO:  handled by,58,pi_controller,change directory
2026-03-26 15:15:33,534:hal4000:INFO:message:
2026-03-26 15:15:33,534:hal4000:INFO:  handled by,58,progressions,change directory
2026-03-26 15:15:33,534:hal4000:INFO:message:
2026-03-26 15:15:33,534:hal4000:INFO:  handled by,58,scmos_cal,change directory
2026-03-26 15:15:33,535:hal4000:INFO:message:
2026-03-26 15:15:33,535:hal4000:INFO:  handled by,58,settings,change directory
2026-03-26 15:15:33,535:hal4000:INFO:message:
2026-03-26 15:15:33,535:hal4000:INFO:  handled by,58,spotcounter,change directory
2026-03-26 15:15:33,536:hal4000:INFO:message:
2026-03-26 15:15:33,536:hal4000:INFO:  handled by,58,stage,change directory
2026-03-26 15:15:33,536:hal4000:INFO:message:
2026-03-26 15:15:33,536:hal4000:INFO:  handled by,58,tcp_control,change directory
2026-03-26 15:15:33,536:hal4000:INFO:message:
2026-03-26 15:15:33,536:hal4000:INFO:  handled by,58,timing,change directory
2026-03-26 15:15:33,537:hal4000:INFO:message:
2026-03-26 15:15:33,537:hal4000:INFO:  handled by,58,uc480_camera,change directory
2026-03-26 15:15:33,537:hal4000:INFO:message:
2026-03-26 15:15:33,538:hal4000:INFO:  handled by,58,z_stage,change directory
2026-03-26 15:15:33,538:hal4000:INFO:message:
2026-03-26 15:15:33,538:hal4000:INFO:  processed,58,hal,change directory
2026-03-26 15:15:33,539:hal4000:INFO:message:
2026-03-26 15:15:33,539:hal4000:INFO:  sent,59,display,get functionality
2026-03-26 15:15:33,540:hal4000:INFO:message:
2026-03-26 15:15:33,541:hal4000:INFO:  handled by,59,hal,get functionality
2026-03-26 15:15:33,541:hal4000:INFO:message:
2026-03-26 15:15:33,541:hal4000:INFO:  handled by,59,aotf,get functionality
2026-03-26 15:15:33,541:hal4000:INFO:message:
2026-03-26 15:15:33,541:hal4000:INFO:  handled by,59,camera1,get functionality
2026-03-26 15:15:33,542:hal4000:INFO:message:
2026-03-26 15:15:33,542:hal4000:INFO:  handled by,59,clemex_stage,get functionality
2026-03-26 15:15:33,542:hal4000:INFO:message:
2026-03-26 15:15:33,542:hal4000:INFO:  handled by,59,coherentGenesis488,get functionality
2026-03-26 15:15:33,543:hal4000:INFO:message:
2026-03-26 15:15:33,543:hal4000:INFO:  handled by,59,coherentGenesis560,get functionality
2026-03-26 15:15:33,543:hal4000:INFO:message:
2026-03-26 15:15:33,543:hal4000:INFO:  handled by,59,display,get functionality
2026-03-26 15:15:33,543:hal4000:INFO:message:
2026-03-26 15:15:33,544:hal4000:INFO:  handled by,59,feeds,get functionality
2026-03-26 15:15:33,544:hal4000:INFO:message:
2026-03-26 15:15:33,544:hal4000:INFO:  handled by,59,film,get functionality
2026-03-26 15:15:33,545:hal4000:INFO:message:
2026-03-26 15:15:33,545:hal4000:INFO:  handled by,59,focuslock,get functionality
2026-03-26 15:15:33,545:hal4000:INFO:message:
2026-03-26 15:15:33,545:hal4000:INFO:  handled by,59,illumination,get functionality
2026-03-26 15:15:33,546:hal4000:INFO:message:
2026-03-26 15:15:33,546:hal4000:INFO:  handled by,59,mosaic,get functionality
2026-03-26 15:15:33,546:hal4000:INFO:message:
2026-03-26 15:15:33,546:hal4000:INFO:  handled by,59,mpb642,get functionality
2026-03-26 15:15:33,546:hal4000:INFO:message:
2026-03-26 15:15:33,547:hal4000:INFO:  handled by,59,none_irlaser,get functionality
2026-03-26 15:15:33,547:hal4000:INFO:message:
2026-03-26 15:15:33,547:hal4000:INFO:  handled by,59,obis405,get functionality
2026-03-26 15:15:33,547:hal4000:INFO:message:
2026-03-26 15:15:33,547:hal4000:INFO:  handled by,59,pi_controller,get functionality
2026-03-26 15:15:33,548:hal4000:INFO:message:
2026-03-26 15:15:33,548:hal4000:INFO:  handled by,59,progressions,get functionality
2026-03-26 15:15:33,548:hal4000:INFO:message:
2026-03-26 15:15:33,548:hal4000:INFO:  handled by,59,scmos_cal,get functionality
2026-03-26 15:15:33,549:hal4000:INFO:message:
2026-03-26 15:15:33,549:hal4000:INFO:  handled by,59,settings,get functionality
2026-03-26 15:15:33,549:hal4000:INFO:message:
2026-03-26 15:15:33,549:hal4000:INFO:  handled by,59,spotcounter,get functionality
2026-03-26 15:15:33,549:hal4000:INFO:message:
2026-03-26 15:15:33,550:hal4000:INFO:  handled by,59,stage,get functionality
2026-03-26 15:15:33,550:hal4000:INFO:message:
2026-03-26 15:15:33,550:hal4000:INFO:  handled by,59,tcp_control,get functionality
2026-03-26 15:15:33,550:hal4000:INFO:message:
2026-03-26 15:15:33,550:hal4000:INFO:  handled by,59,timing,get functionality
2026-03-26 15:15:33,551:hal4000:INFO:message:
2026-03-26 15:15:33,551:hal4000:INFO:  handled by,59,uc480_camera,get functionality
2026-03-26 15:15:33,552:hal4000:INFO:message:
2026-03-26 15:15:33,552:hal4000:INFO:  handled by,59,z_stage,get functionality
2026-03-26 15:15:33,552:hal4000:INFO:message:
2026-03-26 15:15:33,552:hal4000:INFO:  processed,59,display,get functionality
2026-03-26 15:15:33,555:hal4000:INFO:message:
2026-03-26 15:15:33,555:hal4000:INFO:  sent,60,film,start camera
2026-03-26 15:15:33,557:hal4000:INFO:message:
2026-03-26 15:15:33,558:hal4000:INFO:  handled by,60,hal,start camera
2026-03-26 15:15:33,558:hal4000:INFO:message:
2026-03-26 15:15:33,558:hal4000:INFO:  handled by,60,aotf,start camera
2026-03-26 15:15:33,559:hal4000:INFO:message:
2026-03-26 15:15:33,559:hal4000:INFO:  handled by,60,camera1,start camera
2026-03-26 15:15:33,559:hal4000:INFO:message:
2026-03-26 15:15:33,559:hal4000:INFO:  handled by,60,clemex_stage,start camera
2026-03-26 15:15:33,560:hal4000:INFO:message:
2026-03-26 15:15:33,560:hal4000:INFO:  handled by,60,coherentGenesis488,start camera
2026-03-26 15:15:33,560:hal4000:INFO:message:
2026-03-26 15:15:33,560:hal4000:INFO:  handled by,60,coherentGenesis560,start camera
2026-03-26 15:15:33,560:hal4000:INFO:message:
2026-03-26 15:15:33,561:hal4000:INFO:  handled by,60,display,start camera
2026-03-26 15:15:33,561:hal4000:INFO:message:
2026-03-26 15:15:33,561:hal4000:INFO:  handled by,60,feeds,start camera
2026-03-26 15:15:33,561:hal4000:INFO:message:
2026-03-26 15:15:33,561:hal4000:INFO:  handled by,60,film,start camera
2026-03-26 15:15:33,562:hal4000:INFO:message:
2026-03-26 15:15:33,562:hal4000:INFO:  handled by,60,focuslock,start camera
2026-03-26 15:15:33,562:hal4000:INFO:message:
2026-03-26 15:15:33,562:hal4000:INFO:  handled by,60,illumination,start camera
2026-03-26 15:15:33,562:hal4000:INFO:message:
2026-03-26 15:15:33,562:hal4000:INFO:  handled by,60,mosaic,start camera
2026-03-26 15:15:33,563:hal4000:INFO:message:
2026-03-26 15:15:33,563:hal4000:INFO:  handled by,60,mpb642,start camera
2026-03-26 15:15:33,563:hal4000:INFO:message:
2026-03-26 15:15:33,563:hal4000:INFO:  handled by,60,none_irlaser,start camera
2026-03-26 15:15:33,563:hal4000:INFO:message:
2026-03-26 15:15:33,563:hal4000:INFO:  handled by,60,obis405,start camera
2026-03-26 15:15:33,564:hal4000:INFO:message:
2026-03-26 15:15:33,564:hal4000:INFO:  handled by,60,pi_controller,start camera
2026-03-26 15:15:33,564:hal4000:INFO:message:
2026-03-26 15:15:33,564:hal4000:INFO:  handled by,60,progressions,start camera
2026-03-26 15:15:33,565:hal4000:INFO:message:
2026-03-26 15:15:33,565:hal4000:INFO:  handled by,60,scmos_cal,start camera
2026-03-26 15:15:33,565:hal4000:INFO:message:
2026-03-26 15:15:33,565:hal4000:INFO:  handled by,60,settings,start camera
2026-03-26 15:15:33,565:hal4000:INFO:message:
2026-03-26 15:15:33,565:hal4000:INFO:  handled by,60,spotcounter,start camera
2026-03-26 15:15:33,566:hal4000:INFO:message:
2026-03-26 15:15:33,566:hal4000:INFO:  handled by,60,stage,start camera
2026-03-26 15:15:33,566:hal4000:INFO:message:
2026-03-26 15:15:33,566:hal4000:INFO:  handled by,60,tcp_control,start camera
2026-03-26 15:15:33,566:hal4000:INFO:message:
2026-03-26 15:15:33,566:hal4000:INFO:  handled by,60,timing,start camera
2026-03-26 15:15:33,567:hal4000:INFO:message:
2026-03-26 15:15:33,567:hal4000:INFO:  handled by,60,uc480_camera,start camera
2026-03-26 15:15:33,567:hal4000:INFO:message:
2026-03-26 15:15:33,567:hal4000:INFO:  handled by,60,z_stage,start camera
2026-03-26 15:15:33,567:hal4000:INFO:message:
2026-03-26 15:15:33,568:hal4000:INFO:  processed,60,film,start camera
2026-03-26 15:15:33,575:hal4000:INFO:message:
2026-03-26 15:15:33,575:hal4000:INFO:  sent,62,film,start camera
2026-03-26 15:15:33,576:hal4000:INFO:message:
2026-03-26 15:15:33,577:hal4000:INFO:  handled by,62,hal,start camera
2026-03-26 15:15:33,577:hal4000:INFO:message:
2026-03-26 15:15:33,577:hal4000:INFO:  handled by,62,aotf,start camera
2026-03-26 15:15:33,577:hal4000:INFO:message:
2026-03-26 15:15:33,577:hal4000:INFO:  handled by,62,camera1,start camera
2026-03-26 15:15:33,578:hal4000:INFO:message:
2026-03-26 15:15:33,578:hal4000:INFO:  handled by,62,clemex_stage,start camera
2026-03-26 15:15:33,578:hal4000:INFO:message:
2026-03-26 15:15:33,578:hal4000:INFO:  handled by,62,coherentGenesis488,start camera
2026-03-26 15:15:33,578:hal4000:INFO:message:
2026-03-26 15:15:33,579:hal4000:INFO:  handled by,62,coherentGenesis560,start camera
2026-03-26 15:15:33,579:hal4000:INFO:message:
2026-03-26 15:15:33,582:hal4000:INFO:  handled by,62,display,start camera
2026-03-26 15:15:33,582:hal4000:INFO:message:
2026-03-26 15:15:33,582:hal4000:INFO:  handled by,62,feeds,start camera
2026-03-26 15:15:33,582:hal4000:INFO:message:
2026-03-26 15:15:33,583:hal4000:INFO:  handled by,62,film,start camera
2026-03-26 15:15:33,583:hal4000:INFO:message:
2026-03-26 15:15:33,583:hal4000:INFO:  handled by,62,focuslock,start camera
2026-03-26 15:15:33,583:hal4000:INFO:message:
2026-03-26 15:15:33,583:hal4000:INFO:  handled by,62,illumination,start camera
2026-03-26 15:15:33,583:hal4000:INFO:message:
2026-03-26 15:15:33,584:hal4000:INFO:  handled by,62,mosaic,start camera
2026-03-26 15:15:33,584:hal4000:INFO:message:
2026-03-26 15:15:33,584:hal4000:INFO:  handled by,62,mpb642,start camera
2026-03-26 15:15:33,584:hal4000:INFO:message:
2026-03-26 15:15:33,584:hal4000:INFO:  handled by,62,none_irlaser,start camera
2026-03-26 15:15:33,584:hal4000:INFO:message:
2026-03-26 15:15:33,584:hal4000:INFO:  handled by,62,obis405,start camera
2026-03-26 15:15:33,585:hal4000:INFO:message:
2026-03-26 15:15:33,585:hal4000:INFO:  handled by,62,pi_controller,start camera
2026-03-26 15:15:33,585:hal4000:INFO:message:
2026-03-26 15:15:33,585:hal4000:INFO:  handled by,62,progressions,start camera
2026-03-26 15:15:33,585:hal4000:INFO:message:
2026-03-26 15:15:33,585:hal4000:INFO:  handled by,62,scmos_cal,start camera
2026-03-26 15:15:33,586:hal4000:INFO:message:
2026-03-26 15:15:33,586:hal4000:INFO:  handled by,62,settings,start camera
2026-03-26 15:15:33,586:hal4000:INFO:message:
2026-03-26 15:15:33,586:hal4000:INFO:  handled by,62,spotcounter,start camera
2026-03-26 15:15:33,586:hal4000:INFO:message:
2026-03-26 15:15:33,586:hal4000:INFO:  handled by,62,stage,start camera
2026-03-26 15:15:33,587:hal4000:INFO:message:
2026-03-26 15:15:33,587:hal4000:INFO:  handled by,62,tcp_control,start camera
2026-03-26 15:15:33,587:hal4000:INFO:message:
2026-03-26 15:15:33,587:hal4000:INFO:  handled by,62,timing,start camera
2026-03-26 15:15:33,587:hal4000:INFO:message:
2026-03-26 15:15:33,587:hal4000:INFO:  handled by,62,uc480_camera,start camera
2026-03-26 15:15:33,587:hal4000:INFO:message:
2026-03-26 15:15:33,588:hal4000:INFO:  handled by,62,z_stage,start camera
2026-03-26 15:15:33,588:hal4000:INFO:message:
2026-03-26 15:15:33,588:hal4000:INFO:  sent,63,illumination,new shutters file
2026-03-26 15:15:33,589:hal4000:INFO:message:
2026-03-26 15:15:33,589:hal4000:INFO:  worker started 60000,62,film,start camera
2026-03-26 15:15:33,590:hal4000:INFO:message:
2026-03-26 15:15:33,590:hal4000:INFO:  handled by,63,hal,new shutters file
2026-03-26 15:15:33,590:hal4000:INFO:message:
2026-03-26 15:15:33,590:hal4000:INFO:  handled by,63,aotf,new shutters file
2026-03-26 15:15:33,590:hal4000:INFO:message:
2026-03-26 15:15:33,590:hal4000:INFO:  handled by,63,clemex_stage,new shutters file
2026-03-26 15:15:33,591:hal4000:INFO:message:
2026-03-26 15:15:33,591:hal4000:INFO:  handled by,63,coherentGenesis488,new shutters file
2026-03-26 15:15:33,591:hal4000:INFO:message:
2026-03-26 15:15:33,591:hal4000:INFO:  handled by,63,coherentGenesis560,new shutters file
2026-03-26 15:15:33,591:hal4000:INFO:message:
2026-03-26 15:15:33,591:hal4000:INFO:  handled by,63,display,new shutters file
2026-03-26 15:15:33,592:hal4000:INFO:message:
2026-03-26 15:15:33,592:hal4000:INFO:  handled by,63,feeds,new shutters file
2026-03-26 15:15:33,592:hal4000:INFO:message:
2026-03-26 15:15:33,592:hal4000:INFO:  handled by,63,film,new shutters file
2026-03-26 15:15:33,592:hal4000:INFO:message:
2026-03-26 15:15:33,592:hal4000:INFO:  handled by,63,focuslock,new shutters file
2026-03-26 15:15:33,593:hal4000:INFO:message:
2026-03-26 15:15:33,593:hal4000:INFO:  queued,65,illumination,configuration
2026-03-26 15:15:33,593:hal4000:INFO:message:
2026-03-26 15:15:33,594:hal4000:INFO:  handled by,63,illumination,new shutters file
2026-03-26 15:15:33,594:hal4000:INFO:message:
2026-03-26 15:15:33,594:hal4000:INFO:  handled by,63,mosaic,new shutters file
2026-03-26 15:15:33,594:hal4000:INFO:message:
2026-03-26 15:15:33,594:hal4000:INFO:  handled by,63,mpb642,new shutters file
2026-03-26 15:15:33,594:hal4000:INFO:message:
2026-03-26 15:15:33,594:hal4000:INFO:  handled by,63,none_irlaser,new shutters file
2026-03-26 15:15:33,595:hal4000:INFO:message:
2026-03-26 15:15:33,595:hal4000:INFO:  handled by,63,obis405,new shutters file
2026-03-26 15:15:33,595:hal4000:INFO:message:
2026-03-26 15:15:33,595:hal4000:INFO:  handled by,63,pi_controller,new shutters file
2026-03-26 15:15:33,595:hal4000:INFO:message:
2026-03-26 15:15:33,595:hal4000:INFO:  handled by,63,progressions,new shutters file
2026-03-26 15:15:33,596:hal4000:INFO:message:
2026-03-26 15:15:33,596:hal4000:INFO:  handled by,63,scmos_cal,new shutters file
2026-03-26 15:15:33,596:hal4000:INFO:message:
2026-03-26 15:15:33,596:hal4000:INFO:  handled by,63,settings,new shutters file
2026-03-26 15:15:33,596:hal4000:INFO:message:
2026-03-26 15:15:33,596:hal4000:INFO:  handled by,63,spotcounter,new shutters file
2026-03-26 15:15:33,596:hal4000:INFO:message:
2026-03-26 15:15:33,597:hal4000:INFO:  handled by,63,stage,new shutters file
2026-03-26 15:15:33,597:hal4000:INFO:message:
2026-03-26 15:15:33,597:hal4000:INFO:  handled by,63,tcp_control,new shutters file
2026-03-26 15:15:33,597:hal4000:INFO:message:
2026-03-26 15:15:33,597:hal4000:INFO:  handled by,63,timing,new shutters file
2026-03-26 15:15:33,597:hal4000:INFO:message:
2026-03-26 15:15:33,598:hal4000:INFO:  handled by,63,uc480_camera,new shutters file
2026-03-26 15:15:33,598:hal4000:INFO:message:
2026-03-26 15:15:33,598:hal4000:INFO:  handled by,63,z_stage,new shutters file
2026-03-26 15:15:33,598:hal4000:INFO:message:
2026-03-26 15:15:33,598:hal4000:INFO:  sent,64,spotcounter,get functionality
2026-03-26 15:15:33,599:hal4000:INFO:message:
2026-03-26 15:15:33,599:hal4000:INFO:  handled by,64,hal,get functionality
2026-03-26 15:15:33,599:hal4000:INFO:message:
2026-03-26 15:15:33,600:hal4000:INFO:  handled by,64,aotf,get functionality
2026-03-26 15:15:33,600:hal4000:INFO:message:
2026-03-26 15:15:33,600:hal4000:INFO:  handled by,64,clemex_stage,get functionality
2026-03-26 15:15:33,600:hal4000:INFO:message:
2026-03-26 15:15:33,600:hal4000:INFO:  handled by,64,coherentGenesis488,get functionality
2026-03-26 15:15:33,600:hal4000:INFO:message:
2026-03-26 15:15:33,601:hal4000:INFO:  handled by,64,coherentGenesis560,get functionality
2026-03-26 15:15:33,601:hal4000:INFO:message:
2026-03-26 15:15:33,601:hal4000:INFO:  handled by,64,display,get functionality
2026-03-26 15:15:33,601:hal4000:INFO:message:
2026-03-26 15:15:33,601:hal4000:INFO:  handled by,64,feeds,get functionality
2026-03-26 15:15:33,601:hal4000:INFO:message:
2026-03-26 15:15:33,602:hal4000:INFO:  handled by,64,film,get functionality
2026-03-26 15:15:33,602:hal4000:INFO:message:
2026-03-26 15:15:33,602:hal4000:INFO:  handled by,64,focuslock,get functionality
2026-03-26 15:15:33,602:hal4000:INFO:message:
2026-03-26 15:15:33,602:hal4000:INFO:  handled by,64,illumination,get functionality
2026-03-26 15:15:33,602:hal4000:INFO:message:
2026-03-26 15:15:33,603:hal4000:INFO:  handled by,64,mosaic,get functionality
2026-03-26 15:15:33,603:hal4000:INFO:message:
2026-03-26 15:15:33,603:hal4000:INFO:  handled by,64,mpb642,get functionality
2026-03-26 15:15:33,603:hal4000:INFO:message:
2026-03-26 15:15:33,603:hal4000:INFO:  handled by,64,none_irlaser,get functionality
2026-03-26 15:15:33,603:hal4000:INFO:message:
2026-03-26 15:15:33,603:hal4000:INFO:  handled by,64,obis405,get functionality
2026-03-26 15:15:33,604:hal4000:INFO:message:
2026-03-26 15:15:33,604:hal4000:INFO:  handled by,64,pi_controller,get functionality
2026-03-26 15:15:33,604:hal4000:INFO:message:
2026-03-26 15:15:33,604:hal4000:INFO:  handled by,64,progressions,get functionality
2026-03-26 15:15:33,604:hal4000:INFO:message:
2026-03-26 15:15:33,604:hal4000:INFO:  handled by,64,scmos_cal,get functionality
2026-03-26 15:15:33,605:hal4000:INFO:message:
2026-03-26 15:15:33,605:hal4000:INFO:  handled by,64,settings,get functionality
2026-03-26 15:15:33,605:hal4000:INFO:message:
2026-03-26 15:15:33,605:hal4000:INFO:  handled by,64,spotcounter,get functionality
2026-03-26 15:15:33,606:hal4000:INFO:message:
2026-03-26 15:15:33,606:hal4000:INFO:  handled by,64,stage,get functionality
2026-03-26 15:15:33,606:hal4000:INFO:message:
2026-03-26 15:15:33,606:hal4000:INFO:  handled by,64,tcp_control,get functionality
2026-03-26 15:15:33,607:hal4000:INFO:message:
2026-03-26 15:15:33,607:hal4000:INFO:  handled by,64,timing,get functionality
2026-03-26 15:15:33,607:hal4000:INFO:message:
2026-03-26 15:15:33,607:hal4000:INFO:  handled by,64,uc480_camera,get functionality
2026-03-26 15:15:33,608:hal4000:INFO:message:
2026-03-26 15:15:33,608:hal4000:INFO:  handled by,64,z_stage,get functionality
2026-03-26 15:15:33,608:hal4000:INFO:message:
2026-03-26 15:15:33,608:hal4000:INFO:  sent,65,illumination,configuration
2026-03-26 15:15:33,610:hal4000:INFO:message:
2026-03-26 15:15:33,610:hal4000:INFO:  handled by,65,hal,configuration
2026-03-26 15:15:33,610:hal4000:INFO:message:
2026-03-26 15:15:33,611:hal4000:INFO:  handled by,65,aotf,configuration
2026-03-26 15:15:33,611:hal4000:INFO:message:
2026-03-26 15:15:33,611:hal4000:INFO:  handled by,65,clemex_stage,configuration
2026-03-26 15:15:33,611:hal4000:INFO:message:
2026-03-26 15:15:33,611:hal4000:INFO:  handled by,65,coherentGenesis488,configuration
2026-03-26 15:15:33,612:hal4000:INFO:message:
2026-03-26 15:15:33,612:hal4000:INFO:  handled by,65,coherentGenesis560,configuration
2026-03-26 15:15:33,612:hal4000:INFO:message:
2026-03-26 15:15:33,612:hal4000:INFO:  handled by,65,display,configuration
2026-03-26 15:15:33,613:hal4000:INFO:message:
2026-03-26 15:15:33,613:hal4000:INFO:  handled by,65,feeds,configuration
2026-03-26 15:15:33,613:hal4000:INFO:message:
2026-03-26 15:15:33,613:hal4000:INFO:  handled by,65,film,configuration
2026-03-26 15:15:33,613:hal4000:INFO:message:
2026-03-26 15:15:33,614:hal4000:INFO:  handled by,65,focuslock,configuration
2026-03-26 15:15:33,614:hal4000:INFO:message:
2026-03-26 15:15:33,614:hal4000:INFO:  handled by,65,illumination,configuration
2026-03-26 15:15:33,614:hal4000:INFO:message:
2026-03-26 15:15:33,614:hal4000:INFO:  handled by,65,mosaic,configuration
2026-03-26 15:15:33,615:hal4000:INFO:message:
2026-03-26 15:15:33,615:hal4000:INFO:  handled by,65,mpb642,configuration
2026-03-26 15:15:33,616:hal4000:INFO:message:
2026-03-26 15:15:33,616:hal4000:INFO:  handled by,65,none_irlaser,configuration
2026-03-26 15:15:33,616:hal4000:INFO:message:
2026-03-26 15:15:33,616:hal4000:INFO:  handled by,65,obis405,configuration
2026-03-26 15:15:33,617:hal4000:INFO:message:
2026-03-26 15:15:33,617:hal4000:INFO:  handled by,65,pi_controller,configuration
2026-03-26 15:15:33,617:hal4000:INFO:message:
2026-03-26 15:15:33,617:hal4000:INFO:  handled by,65,progressions,configuration
2026-03-26 15:15:33,618:hal4000:INFO:message:
2026-03-26 15:15:33,618:hal4000:INFO:  handled by,65,scmos_cal,configuration
2026-03-26 15:15:33,618:hal4000:INFO:message:
2026-03-26 15:15:33,618:hal4000:INFO:  handled by,65,settings,configuration
2026-03-26 15:15:33,618:hal4000:INFO:message:
2026-03-26 15:15:33,619:hal4000:INFO:  handled by,65,spotcounter,configuration
2026-03-26 15:15:33,619:hal4000:INFO:message:
2026-03-26 15:15:33,619:hal4000:INFO:  handled by,65,stage,configuration
2026-03-26 15:15:33,619:hal4000:INFO:message:
2026-03-26 15:15:33,620:hal4000:INFO:  handled by,65,tcp_control,configuration
2026-03-26 15:15:33,620:hal4000:INFO:message:
2026-03-26 15:15:33,620:hal4000:INFO:  handled by,65,timing,configuration
2026-03-26 15:15:33,620:hal4000:INFO:message:
2026-03-26 15:15:33,621:hal4000:INFO:  handled by,65,uc480_camera,configuration
2026-03-26 15:15:33,621:hal4000:INFO:message:
2026-03-26 15:15:33,621:hal4000:INFO:  handled by,65,z_stage,configuration
2026-03-26 15:15:33,916:hal4000:INFO:message:
2026-03-26 15:15:33,916:hal4000:INFO:  handled by,62,camera1,start camera
2026-03-26 15:15:33,916:hal4000:INFO:message:
2026-03-26 15:15:33,916:hal4000:INFO:  processed,62,film,start camera
2026-03-26 15:15:33,916:hal4000:INFO:message:
2026-03-26 15:15:33,917:hal4000:INFO:  worker done,62,film,start camera
2026-03-26 15:15:33,917:hal4000:INFO:message:
2026-03-26 15:15:33,917:hal4000:INFO:  handled by,63,camera1,new shutters file
2026-03-26 15:15:33,917:hal4000:INFO:message:
2026-03-26 15:15:33,917:hal4000:INFO:  processed,63,illumination,new shutters file
2026-03-26 15:15:33,918:hal4000:INFO:message:
2026-03-26 15:15:33,918:hal4000:INFO:  handled by,64,camera1,get functionality
2026-03-26 15:15:33,918:hal4000:INFO:message:
2026-03-26 15:15:33,918:hal4000:INFO:  processed,64,spotcounter,get functionality
2026-03-26 15:15:33,919:hal4000:INFO:message:
2026-03-26 15:15:33,919:hal4000:INFO:  handled by,65,camera1,configuration
2026-03-26 15:15:33,920:hal4000:INFO:message:
2026-03-26 15:15:33,920:hal4000:INFO:  processed,65,illumination,configuration
2026-03-26 15:17:02,853:hal4000:INFO:message:
2026-03-26 15:17:02,853:hal4000:INFO:  queued,66,hal,close event
2026-03-26 15:17:03,284:hal4000:INFO:message:
2026-03-26 15:17:03,292:hal4000:INFO:  uc480: Call failed with error 1 is_CopyImageMem
